  01/04/1946	   22 54 N	  110 15 W	      NA	      NA	      NA
  02/04/1946	   25 21 N	  113 15 W	      NA	      NA	      NA
  03/04/1946	   28 40 N	  117 07 W	      NA	      NA	      NA
  04/04/1946	   32 33 N	  119 52 W	      NA	      NA	      NA
  05/04/1946	   35 12 N	  121 25 W	      NA	      NA	      NA
  06/04/1946	        NA	        NA	      37.8	    -122.4	            san francisco	            san francisco	
  07/04/1946	        NA	        NA	      37.8	    -122.4	point bonita lt abeam to port  distance one 1 mile	        san francisco bay	
  07/04/1946	        NA	        NA	      37.8	    -122.4	            san francisco	            san francisco	
  08/04/1946	        NA	        NA	      37.8	    -122.4	            san francisco	            san francisco	
  09/04/1946	        NA	        NA	      37.8	    -122.4	            san francisco	            san francisco	
  10/04/1946	        NA	        NA	      37.8	    -122.4	            san francisco	            san francisco	
  11/04/1946	        NA	        NA	      37.8	    -122.4	            san francisco	            san francisco	
  12/04/1946	        NA	        NA	      37.8	    -122.4	           coit tower 234	        san francisco bay	
  12/04/1946	        NA	        NA	      37.8	    -122.4	anchorage 7 san francisco	            san francisco	
  13/04/1946	        NA	        NA	      37.8	    -122.4	           coit tower 234	        san francisco bay	
  13/04/1946	        NA	        NA	      37.8	    -122.4	        san francisco bay	            san francisco	
  14/04/1946	        NA	        NA	      37.8	    -122.4	san francisco bay california	        san francisco bay	
  15/04/1946	        NA	        NA	      37.8	    -122.4	           coit tower 234	        san francisco bay	
  15/04/1946	        NA	        NA	      37.8	    -122.4	  san francisco bay calif	        san francisco bay	
  16/04/1946	   38 27 N	  123 29 W	      NA	      NA	      NA
  17/04/1946	   41 27 N	  124 43 W	      NA	      NA	      NA
  18/04/1946	   46 10 N	  124 48 W	      NA	      NA	      NA
  19/04/1946	   47 54 N	  122 30 W	      NA	      NA	      NA
  20/04/1946	        NA	        NA	      47.6	    -122.3	     pier 90 seattle wash	                  seattle	
  21/04/1946	        NA	        NA	      47.6	    -122.3	moored starboard side to pier 90 berth 3 at naval supply depot seattle washington	                  seattle	
  21/04/1946	        NA	        NA	      47.6	    -122.3	pier 90 seattle washington	                  seattle	
  22/04/1946	        NA	        NA	      47.6	    -122.3	moored starboard side to pier 90 berth 3 naval supply depot seattle washington	                  seattle	
  22/04/1946	        NA	        NA	      47.6	    -122.3	pier 90 seattle washington	                  seattle	
  23/04/1946	        NA	        NA	      47.6	    -122.3	moored starboard side to pier 90 berth 3 us naval station seattle wash	                  seattle	
  23/04/1946	        NA	        NA	      47.6	    -122.3	pier 90 seattle washington	                  seattle	
  24/04/1946	        NA	        NA	      47.6	    -122.3	moored as before starboard side to pier 90 berth 3 us naval station seattle wash	                  seattle	
  24/04/1946	        NA	        NA	      47.6	    -122.3	pier 90 berth 3 seattle wash	                  seattle	
  25/04/1946	        NA	        NA	      47.6	    -122.3	moored starboard side to pier 90 berth 3 naval station seattle washington	                  seattle	
  25/04/1946	        NA	        NA	      47.6	    -122.3	pier 90 berth 3 seattle wash	                  seattle	
  26/04/1946	   48 01 N	  122 37 W	      NA	      NA	      NA
  30/04/1946	        NA	        NA	        NA	        NA	                       NA	                       NA	
   31/4/1946	        NA	        NA	        NA	        NA	                       NA	                       NA	
   31/4/1946	        NA	        NA	        NA	        NA	                       NA	                       NA	
    1/5/1946	        NA	        NA	        NA	        NA	                       NA	                       NA	
  01/05/1946	   48 23 N	  123 10 W	      NA	      NA	      NA
  02/05/1946	   50 39 N	  126 13 W	      NA	      NA	      NA
  03/05/1946	   53 13 N	  128 40 W	      NA	      NA	      NA
  04/05/1946	        NA	        NA	      52.1	    -128.1	standing up fitzhugh sound	          fitz hugh sound	
  04/05/1946	        NA	        NA	        NA	        NA	                       NA	                       NA	
  04/05/1946	        NA	        NA	    54.1  	    -130.3	            sawyer island	            lawyer island	
  04/05/1946	        NA	        NA	      55.1	    -131.1	underway revillagigedo channel southern alaska	    revillagagedo channel	
  05/05/1946	     55 35	    131 66	      NA	      NA	      NA
  06/05/1946	        NA	        NA	        NA	        NA	moored port side to coast guard operating base pier at ketchikan alaska	                       NA	
  06/05/1946	        NA	        NA	        NA	        NA	                       NA	                       NA	
  07/05/1946	        NA	        NA	        NA	        NA	moored port side to coast guard operating base pier ketchikan alaska	                       NA	
  07/05/1946	        NA	        NA	      55.4	    -131.7	         ketchikan alaska	                ketchikan	
  08/05/1946	        NA	        NA	        NA	        NA	moored port side to coast guard operating base ketchikan alaska	                       NA	
  08/05/1946	        NA	        NA	      55.4	    -131.7	operating base ketchikan alaska	                ketchikan	
  09/05/1946	        NA	        NA	        NA	        NA	moored port side to coast guard operating base ketchikan alaska	                       NA	
  09/05/1946	        NA	        NA	      55.4	    -131.7	cg operating base ketchikan alaska	                ketchikan	
  10/05/1946	        NA	        NA	      55.4	    -131.7	cg operating base ketchikan alaska	                ketchikan	
  11/05/1946	        NA	        NA	        NA	        NA	moored port side to coast guard operating base dock ketchikan alaska	                       NA	
  11/05/1946	        NA	        NA	      55.4	    -131.7	         ketchikan alaska	                ketchikan	
  12/05/1946	   54 24 N	  131 04 W	      NA	      NA	      NA
  13/05/1946	   50 16 N	  128 20 W	      NA	      NA	      NA
  14/05/1946	        NA	        NA	    50.9  	    -129.1	solander island light cape cook abeam to port distance 60	          triangle island	
  14/05/1946	        NA	        NA	      47.6	    -122.3	     pier 90 seattle wash	                  seattle	
  15/05/1946	        NA	        NA	      47.6	    -122.3	     pier 90 seattle wash	                  seattle	
  16/05/1946	        NA	        NA	      47.6	    -122.3	moored port side to pier 91 berth e naval station seattle washington	                  seattle	
  16/05/1946	        NA	        NA	      47.6	    -122.3	naval station seattle washington	                  seattle	
  17/05/1946	        NA	        NA	      47.6	    -122.3	moored starboard side to berth 3 pier 90 naval station seattle washington	                  seattle	
  17/05/1946	        NA	        NA	      47.6	    -122.3	us naval sta pier 90 seattle wash	                  seattle	
  18/05/1946	        NA	        NA	      47.6	    -122.3	moored starboard side to pier 90 in berth 3 us naval station seattle washington	                  seattle	
  18/05/1946	        NA	        NA	      47.6	    -122.3	naval station seattle wash	                  seattle	
  19/05/1946	        NA	        NA	      47.6	    -122.3	moored starboard side to pier 90 berth 3 us naval station seattle wash	                  seattle	
  19/05/1946	        NA	        NA	      47.6	    -122.3	naval station seattle wash	                  seattle	
  20/05/1946	        NA	        NA	      47.6	    -122.3	moored starboard side to pier 90 berth 3 naval station seattle wash	                  seattle	
  20/05/1946	        NA	        NA	      47.6	    -122.3	naval station seattle wash	                  seattle	
  21/05/1946	        NA	        NA	      47.6	    -122.3	moored starboard to berth 3 pier 90 naval station seattle washington	                  seattle	
  21/05/1946	        NA	        NA	      47.6	    -122.3	us naval station seattle washington	                  seattle	
  22/05/1946	        NA	        NA	      47.6	    -122.3	proceeding to anchorage r elliot bay seattle washington	                  seattle	
  22/05/1946	        NA	        NA	      47.6	    -122.3	elliot bay seattle washington	                  seattle	
  23/05/1946	        NA	        NA	      47.6	    -122.3	anchored in 38 fathoms of water to 60 fathoms of chain on starboard anchor in anchorage r elliot bay seattle washington	                  seattle	
  23/05/1946	        NA	        NA	      47.6	    -122.3	elliot bay seattle washington	                  seattle	
  24/05/1946	        NA	        NA	      47.6	    -122.3	elliot bay seattle washington	                  seattle	
  25/05/1946	        NA	        NA	      47.6	    -122.3	elliot bay seattle washington	                  seattle	
  26/05/1946	        NA	        NA	      47.6	    -122.3	elliot bay seattle washington	                  seattle	
  27/05/1946	        NA	        NA	      47.6	    -122.3	        radio tower 183 t	                  seattle	
  27/05/1946	        NA	        NA	      47.6	    -122.3	naval station seattle washington	                  seattle	
  28/05/1946	        NA	        NA	      47.6	    -122.3	moored starboard side to west side pier 91 in berth 4 us naval station seattle washington	                  seattle	
  28/05/1946	        NA	        NA	      47.6	    -122.3	naval station seattle washington	                  seattle	
  29/05/1946	        NA	        NA	      47.6	    -122.3	moored starboard side to west side of pier 91 berth no 4 naval station seattle wash	                  seattle	
  29/05/1946	        NA	        NA	      47.6	    -122.3	naval station seattle washington	                  seattle	
  30/05/1946	        NA	        NA	      47.6	    -122.3	moored starboard side to west side pier 91 berth 4 us naval station seattle washington	                  seattle	
  30/05/1946	        NA	        NA	      47.6	    -122.3	pier 91 berth 6 us naval station seattle washington	                  seattle	
  31/05/1946	        NA	        NA	      47.6	    -122.3	moored starboard side to pier 91 in berth 4 us naval sta seattle wash	                  seattle	
  01/06/1946	        NA	        NA	      47.6	    -122.3	 smith building tower 065	                  seattle	
  01/06/1946	        NA	        NA	      47.6	    -122.3	       seattle washington	                  seattle	
  02/06/1946	   48 11 N	  122 50 W	      NA	      NA	      NA
  03/06/1946	   49 26 N	  126 58 W	      NA	      NA	      NA
  04/06/1946	   53 06 N	  130 36 W	      NA	      NA	      NA
  05/06/1946	        NA	        NA	    54.2  	    -130.8	butterworth rocks abeam to starboard distance 26 miles	           triple islands	
  05/06/1946	        NA	        NA	      55.4	    -131.7	         ketchikan alaska	                ketchikan	
  06/06/1946	        NA	        NA	      55.4	    -131.8	underway in the revillagigedo channel	          tongass narrows	
  06/06/1946	        NA	        NA	      55.4	    -131.7	         ketchikan alaska	                ketchikan	
  07/06/1946	        NA	        NA	        NA	        NA	moored port side to coast guard operating base dock ketchikan alaska	                       NA	
  07/06/1946	        NA	        NA	      55.4	    -131.7	         ketchikan alaska	                ketchikan	
  08/06/1946	        NA	        NA	        NA	        NA	moored port side to coast guard operating base pier ketchikan alaska	                       NA	
  08/06/1946	        NA	        NA	      55.4	    -131.7	         ketchikan alaska	                ketchikan	
  09/06/1946	        NA	        NA	        NA	        NA	moored port side to coast guard operating base dock ketchikan alaska	                       NA	
  09/06/1946	        NA	        NA	      55.4	    -131.7	         ketchikan alaska	                ketchikan	
  10/06/1946	   55 25 N	  131 48 W	      NA	      NA	      NA
  11/06/1946	   56 36 N	  134 52 W	      NA	      NA	      NA
  12/06/1946	   58 57 N	  140 45 W	      NA	      NA	      NA
  13/06/1946	   59 48 N	  144 39 W	      NA	      NA	      NA
  14/06/1946	   60 15 N	  146 41 W	      NA	      NA	      NA
  15/06/1946	        NA	        NA	      60.2	    -146.6	     nuchek tangent 243 t	        cape hinchinbrook	
  16/06/1946	   60 21 N	  146 34 W	      NA	      NA	      NA
  17/06/1946	   60 30 N	  146 39 W	      NA	      NA	      NA
  18/06/1946	        NA	        NA	      60.5	    -145.8	           cordova alaska	                  cordova	
  18/06/1946	        NA	        NA	      60.5	    -146.2	gravina point light abeam to starboard distance 27 miles	      middle ground shoal	
  19/06/1946	   60 21 N	  146 33 W	      NA	      NA	      NA
  20/06/1946	   60 14 N	  146 41 W	      NA	      NA	      NA
  21/06/1946	   60 14 N	  146 41 W	      NA	      NA	      NA
  21/06/1946	   60 14 N	  146 41 W	      NA	      NA	      NA
  22/06/1946	        NA	        NA	      60.2	    -146.6	left tangent of hinchinbrook island 341 t	        cape hinchinbrook	
  23/06/1946	   59 27 N	  146 24 W	      NA	      NA	      NA
  24/06/1946	   59 37 N	  147 20 W	      NA	      NA	      NA
  25/06/1946	        NA	        NA	      60.1	    -149.4	            seward alaska	                   seward	
  25/06/1946	        NA	        NA	      59.9	    -149.4	caines head light abeam to starboard distance 08 miles	                   kodiak	
  26/06/1946	   57 59 N	  152 09 W	      NA	      NA	      NA
  28/06/1946	   57 44 N	  152 14 W	      NA	      NA	      NA
  29/06/1946	   56 36 N	  155 54 W	      NA	      NA	      NA
  30/06/1946	   54 47 N	  162 49 W	      NA	      NA	      NA
  00/07/1946	        NA	        NA	        NA	        NA	                       NA	                       NA	
  00/07/1946	        NA	        NA	        NA	        NA	                       NA	                       NA	
  00/07/1946	        NA	        NA	        NA	        NA	                       NA	                       NA	
  00/07/1946	        NA	        NA	        NA	        NA	                       NA	                       NA	
  00/07/1946	        NA	        NA	        NA	        NA	                       NA	                       NA	
  01/07/1946	   56 08 N	  169 05 W	      NA	      NA	      NA
  01/07/1946	   57 08 N	  170 18 W	      NA	      NA	      NA
  02/07/1946	   57 08 N	  170 18 W	      NA	      NA	      NA
  03/07/1946	   57 08 N	  170 18 W	      NA	      NA	      NA
  04/07/1946	   57 08 N	  170 18 W	      NA	      NA	      NA
  05/07/1946	   57 08 N	  170 18 W	      NA	      NA	      NA
  06/07/1946	   57 08 N	  170 18 W	      NA	      NA	      NA
  07/07/1946	        NA	        NA	      57.2	    -170.4	anchored in village cove st paul island alaska	             otter island	
  08/07/1946	   59 14 N	  172 10 W	      NA	      NA	      NA
  08/07/1946	        NA	        NA	      60.4	    -172.8	left tangent pinnacle island 184	        st matthew island	
  09/07/1946	   60 10 N	  173 01 W	      NA	      NA	      NA
  10/07/1946	   60 21 N	  172 43 W	      NA	      NA	      NA
  11/07/1946	   60 21 N	  172 43 W	      NA	      NA	      NA
  12/07/1946	   60 18 N	  172 41 W	      NA	      NA	      NA
  13/07/1946	   60 20 N	  172 44 W	      NA	      NA	      NA
  14/07/1946	   60 20 N	  172 43 W	      NA	      NA	      NA
  15/07/1946	   60 20 N	  172 43 W	      NA	      NA	      NA
  16/07/1946	   60 20 N	  172 43 W	      NA	      NA	      NA
  16/07/1946	   56 51 N	  170 30 W	      NA	      NA	      NA
  17/07/1946	   53 55 N	  166 29 W	      NA	      NA	      NA
  18/07/1946	        NA	        NA	      53.9	    -166.5	rounding cape cheerful distance 3 miles	             dutch harbor	
  19/07/1946	        NA	        NA	      53.9	    -166.5	      dutch harbor alaska	             dutch harbor	
  20/07/1946	   53 55 N	  167 24 W	      NA	      NA	      NA
  21/07/1946	   52 57 N	  168 53 W	      NA	      NA	      NA
  22/07/1946	   52 57 N	  168 53 W	      NA	      NA	      NA
  23/07/1946	   52 57 N	  168 53 W	      NA	      NA	      NA
  23/07/1946	   56 28 N	  169 08 W	      NA	      NA	      NA
  24/07/1946	   56 37 N	  169 33 W	      NA	      NA	      NA
  25/07/1946	        NA	        NA	        NA	        NA	anchored in north anchorage st george island alaska	                       NA	
  26/07/1946	   56 37 N	  169 33 W	      NA	      NA	      NA
  27/07/1946	   56 37 N	  169 33 W	      NA	      NA	      NA
  28/07/1946	   56 37 N	  169 33 W	      NA	      NA	      NA
  29/07/1946	   56 38 N	  169 28 W	      NA	      NA	      NA
  30/07/1946	   56 37 N	  169 33 W	      NA	      NA	      NA
  31/07/1946	   56 39 N	  169 45 W	      NA	      NA	      NA
  01/08/1946	   56 42 N	  169 37 W	      NA	      NA	      NA
  02/08/1946	   56 33 N	  169 30 W	      NA	      NA	      NA
  03/08/1946	   56 36 N	  169 25 W	      NA	      NA	      NA
  04/08/1946	   56 37 N	  169 33 W	      NA	      NA	      NA
  05/08/1946	   56 37 N	  169 33 W	      NA	      NA	      NA
  06/08/1946	   56 18 N	  169 33 W	      NA	      NA	      NA
  06/08/1946	   53 54 N	  166 31 W	      NA	      NA	      NA
  07/08/1946	        NA	        NA	      56.6	    -166.5	enroute from st george island alaska to dutch harbor alaska	             dutch harbor	
  08/08/1946	   54 36 N	  165 56 W	      NA	      NA	      NA
  09/08/1946	   54 36 N	  164 56 W	      NA	      NA	      NA
  10/08/1946	   54 23 N	  164 46 W	      NA	      NA	      NA
  11/08/1946	        NA	        NA	      54.4	    -164.8	       scotch cap  alaska	               scotch cap	
  11/08/1946	        NA	        NA	      54.4	    -164.7	      pinnacle rock 319 t	                seal cape	
  11/08/1946	        NA	        NA	      54.4	    -164.8	       scotch cap  alaska	               scotch cap	
  11/08/1946	        NA	        NA	      54.4	    -164.7	      pinnacle rock 319 t	                seal cape	
  12/08/1946	        NA	        NA	      54.4	    -164.8	scotch cap  unimak isl  alaska	               scotch cap	
  12/08/1946	        NA	        NA	      54.4	    -172.8	             light  045 t	                seal cape	
  13/08/1946	   54 15 N	  166 04 W	      NA	      NA	      NA
  14/08/1946	   53 53 N	  167 39 W	      NA	      NA	      NA
  15/08/1946	   52 58 N	  172 39 W	      NA	      NA	      NA
  16/08/1946	        NA	        NA	      51.9	    -176.5	approaching kuluk bay on various courses and speeds	      great sitkin island	
  17/08/1946	   52 22 N	  175 52 W	      NA	      NA	      NA
  18/08/1946	   52 22 N	  175 52 W	      NA	      NA	      NA
  18/08/1946	   53 13 N	  170 07 W	      NA	      NA	      NA
  19/08/1946	   52 36 N	  174 44 W	      NA	      NA	      NA
  20/08/1946	        NA	        NA	        NA	        NA	          nob adak alaska	                       NA	
  20/08/1946	        NA	        NA	      51.9	    -176.6	            head rock 018	              kuluk shoal	
  21/08/1946	   52 04 N	  177 01 W	      NA	      NA	      NA
  22/08/1946	   51 36 N	  179 23 E	      NA	      NA	      NA
  23/08/1946	   52 01 N	  178 44 E	      NA	      NA	      NA
  24/08/1946	   52 50 N	  173 49 E	      NA	      NA	      NA
  27/08/1946	   52 46 N	  172 52 E	      NA	      NA	      NA
  28/08/1946	   52 46 N	  172 52 E	      NA	      NA	      NA
  29/08/1946	   52 46 N	  172 52 E	      NA	      NA	      NA
  30/08/1946	   52 46 N	  172 52 E	      NA	      NA	      NA
  31/08/1946	   52 46 N	  172 52 E	      NA	      NA	      NA
  01/09/1946	   52 46 N	  172 52 E	      NA	      NA	      NA
  02/09/1946	   52 46 N	  172 52 E	      NA	      NA	      NA
  03/09/1946	   52 46 N	  172 52 E	      NA	      NA	      NA
  04/09/1946	   52 46 N	  172 52 E	      NA	      NA	      NA
  05/09/1946	   52 50 N	  173 12 E	      NA	      NA	      NA
  06/09/1946	   54 03 N	  178 06 E	      NA	      NA	      NA
  07/09/1946	   55 58 N	  174 35 W	      NA	      NA	      NA
  08/09/1946	   57 07 N	  170 17 W	      NA	      NA	      NA
  09/09/1946	   57 07 N	    170 21	      NA	      NA	      NA
  10/09/1946	   57 07 N	  170 21 W	      NA	      NA	      NA
  11/09/1946	   57 07 N	  170 21 W	      NA	      NA	      NA
  12/09/1946	   59 24 N	  172 02 W	      NA	      NA	      NA
  13/09/1946	   60 23 N	  172 42 W	      NA	      NA	      NA
  14/09/1946	   60 23 N	  172 42 W	      NA	      NA	      NA
  15/09/1946	   57 88 N	  170 17 W	      NA	      NA	      NA
  16/09/1946	   53 23 N	  169 05 W	      NA	      NA	      NA
  17/09/1946	   52 59 N	  168 54 W	      NA	      NA	      NA
  18/09/1946	   53 21 N	  168 57 W	      NA	      NA	      NA
  19/09/1946	   52 59 N	  168 56 W	      NA	      NA	      NA
  19/09/1946	   53 18 N	  168 41 W	      NA	      NA	      NA
  20/09/1946	        NA	        NA	      53.0	    -168.9	rt ananiuliak island 000 t	             nikolski bay	
  21/09/1946	   54 24 N	  164 46 W	      NA	      NA	      NA
  22/09/1946	   55 09 N	  159 39 W	      NA	      NA	      NA
  23/09/1946	   56 30 N	  156 10 W	      NA	      NA	      NA
  24/09/1946	        NA	        NA	      57.8	    -152.4	en route scotch cap to kodiak alaska	                   kodiak	
  24/09/1946	        NA	        NA	      57.6	    -152.5	moored port side to temporary dock kodiak alaska	             cape chiniak	
  25/09/1946	        NA	        NA	      57.7	    -152.5	moored temporary dock womans bay kodiak alaska	               womens bay	
  25/09/1946	        NA	        NA	        NA	        NA	moored port side to temporary dock womans bay kodiak alaska	                       NA	
  26/09/1946	   57 41 N	     151 W	      NA	      NA	      NA
  27/09/1946	   56 58 N	  144 26 W	      NA	      NA	      NA
  28/09/1946	   56 44 N	  138 16 W	      NA	      NA	      NA
  29/09/1946	   56 16 N	  134 56 W	      NA	      NA	      NA
  30/09/1946	   55 36 N	  132 14 W	      NA	      NA	      NA
  01/10/1946	        NA	        NA	      55.4	    -131.7	cg operating base ketchikan alaska	                ketchikan	
  01/10/1946	        NA	        NA	        NA	        NA	moored port side to coast guard operating base in ketchikan alaska	                       NA	
  02/10/1946	        NA	        NA	      55.4	    -131.7	cg operating base ketchikan ala	                ketchikan	
  03/10/1946	        NA	        NA	      55.4	    -131.7	cg operating base ketchikan alaska	                ketchikan	
  03/10/1946	        NA	        NA	      55.4	    -131.7	moored portside to cg operating base dock ketchikan alaska	                ketchikan	
  04/10/1946	        NA	        NA	      55.4	    -131.7	         ketchikan alaska	                ketchikan	
  05/10/1946	        NA	        NA	      55.4	    -131.7	cg operating base ketchikan alaska	                ketchikan	
  05/10/1946	        NA	        NA	      55.4	    -131.7	moored portside to cg operating base dock ketchikan alaska	                ketchikan	
  06/10/1946	        NA	        NA	      55.4	    -131.7	cg operating base ketchikan alaska	                ketchikan	
  06/10/1946	        NA	        NA	      55.4	    -131.7	standing out of tongass narrows	                ketchikan	
  07/10/1946	   53 26 N	  129 27 W	      NA	      NA	      NA
  08/10/1946	   50 30 N	  126 20 W	      NA	      NA	      NA
  09/10/1946	   48 08 N	  122 42 W	      NA	      NA	      NA
  10/10/1946	        NA	        NA	      47.6	    -122.3	pier 91 naval station seattle washington	                  seattle	
  10/10/1946	        NA	        NA	      47.6	    -122.3	moored portside to east side pier 91 berth fox seattle wash	                  seattle	
  11/10/1946	        NA	        NA	      47.6	    -122.3	naval station seattle wash	                  seattle	
  12/10/1946	        NA	        NA	      47.6	    -122.3	naval station seattle wash	                  seattle	
  13/10/1946	        NA	        NA	      47.6	    -122.3	pier 91 naval station seattle wash	                  seattle	
  14/10/1946	        NA	        NA	      47.6	    -122.3	pier 91 naval station seattle wash	                  seattle	
  15/10/1946	        NA	        NA	      47.6	    -122.3	pier 91 naval station seattle wash	                  seattle	
  16/10/1946	        NA	        NA	      47.6	    -122.3	us naval station seattle wn	                  seattle	
  17/10/1946	        NA	        NA	      47.6	    -122.3	pier 91 us naval station seattle wash	                  seattle	
  18/10/1946	        NA	        NA	      47.6	    -122.3	pier 91 us naval station seattle wash	                  seattle	
  19/10/1946	        NA	        NA	      47.6	    -122.3	moored portside to pier 91 us naval station seattle washington	                  seattle	
  20/10/1946	        NA	        NA	      47.6	    -122.3	pier 91 nob  seattle wash	                  seattle	
  20/10/1946	        NA	        NA	      47.6	    -122.3	moored portside to pier 91 nob seattle wash berth fox	                  seattle	
  21/10/1946	        NA	        NA	      47.6	    -122.3	pier 91 naval station seattle wash	                  seattle	
  22/10/1946	        NA	        NA	      47.6	    -122.3	pier 91 naval station seattle wash	                  seattle	
  22/10/1946	        NA	        NA	      47.6	    -122.3	moored portside to pier 91 berth e naval station seattle wash	                  seattle	
  23/10/1946	        NA	        NA	      47.6	    -122.3	pier 91 naval station seattle wash	                  seattle	
  24/10/1946	        NA	        NA	      47.6	    -122.3	pier 91 naval station seattle wash	                  seattle	
  25/10/1946	        NA	        NA	      47.6	    -122.3	pier 91 naval station seattle wash	                  seattle	
  25/10/1946	        NA	        NA	      47.6	    -122.3	maneuvering away from pier 91 nob seattle wash standing down elliot bay proceeding to pier 48 seattle wash	                  seattle	
  26/10/1946	        NA	        NA	      47.6	    -122.3	moored pier 48 seattle wash	                  seattle	
  27/10/1946	        NA	        NA	      47.6	    -122.3	moored pier 48 seattle wash	                  seattle	
  28/10/1946	        NA	        NA	      47.6	    -122.3	moored pier 48 seattle wash	                  seattle	
  28/10/1946	        NA	        NA	      47.6	    -122.3	moored portside to pier 48 seattle wash	                  seattle	
  29/10/1946	        NA	        NA	      47.6	    -122.3	moored pier 48 seattle wash	                  seattle	
  30/10/1946	        NA	        NA	      47.6	    -122.3	     pier 48 seattle wash	                  seattle	
  30/10/1946	        NA	        NA	      47.6	    -122.3	moored portside to pier 48 seattle wash	                  seattle	
  31/10/1946	        NA	        NA	      47.6	    -122.3	     pier 48 seattle wash	                  seattle	
  31/10/1946	        NA	        NA	      47.6	    -122.3	moored portside to pier 48 seattle washington	                  seattle	
  31/10/1946	        NA	        NA	        NA	        NA	                       NA	                       NA	
  31/10/1946	        NA	        NA	        NA	        NA	                       NA	                       NA	
  31/10/1946	        NA	        NA	        NA	        NA	                       NA	                       NA	
  31/10/1946	        NA	        NA	        NA	        NA	                       NA	                       NA	
  31/10/1946	        NA	        NA	        NA	        NA	                       NA	                       NA	
  31/10/1946	        NA	        NA	        NA	        NA	                       NA	                       NA	
  31/10/1946	        NA	        NA	        NA	        NA	                       NA	                       NA	
  31/10/1946	        NA	        NA	        NA	        NA	                       NA	                       NA	
  01/11/1946	        NA	        NA	      47.6	    -122.3	     pier 48 seattle wash	                  seattle	
  02/11/1946	        NA	        NA	      47.6	    -122.3	     pier 48 seattle wash	                  seattle	
  03/11/1946	        NA	        NA	      47.6	    -122.3	     pier 48 seattle wash	                  seattle	
  03/11/1946	        NA	        NA	      47.6	    -122.3	moored portside to pier 48 seattle washington	                  seattle	
  04/11/1946	   48 11 N	  122 45 W	      NA	      NA	      NA
  05/11/1946	   49 57 N	  125 07 W	      NA	      NA	      NA
  06/11/1946	   52 42 N	  128 33 W	      NA	      NA	      NA
  07/11/1946	   55 74 N	  131 25 W	      NA	      NA	      NA
  08/11/1946	        NA	        NA	      55.4	    -131.7	moored cg oper base dock ketchikan ala	                ketchikan	
  09/11/1946	        NA	        NA	      55.4	    -131.7	coast guard base ketchikan ala	                ketchikan	
  09/11/1946	        NA	        NA	      55.4	    -131.7	moored portside to dock coast guard operating base ketchikan alaska	                ketchikan	
  10/11/1946	        NA	        NA	      55.4	    -131.7	coast guard berry shed  ketchikan alaska	                ketchikan	
  10/11/1946	        NA	        NA	        NA	        NA	moored port side to coast guard buoy dock ketchikan alaska	                       NA	
  11/11/1946	        NA	        NA	      55.4	    -131.7	                ketchikan	                ketchikan	
  12/11/1946	        NA	        NA	      55.4	    -131.7	coast guard operating base ketchikan alaska	                ketchikan	
  12/11/1946	        NA	        NA	      55.4	    -131.7	moored portside to dock coast guard operating base ketchikan alaska	                ketchikan	
  13/11/1946	        NA	        NA	      55.4	    -131.7	         ketchikan alaska	                ketchikan	
  13/11/1946	        NA	        NA	        NA	        NA	moored port side to coast guard base at ketchikan alaska	                       NA	
  14/11/1946	        NA	        NA	      55.4	    -131.7	coast guard operating base ketchikan alaska	                ketchikan	
  15/11/1946	        NA	        NA	      55.4	    -131.7	coast guard operating base ketchikan alaska	                ketchikan	
  15/11/1946	        NA	        NA	      55.4	    -131.7	moored portside to dock coast guard operating base ketchikan alaska	                ketchikan	
  16/11/1946	        NA	        NA	      55.4	    -131.7	                ketchikan	                ketchikan	
  16/11/1946	        NA	        NA	      55.4	    -131.7	moored port side to south end of cg buoy dock cg operating base ketchikan alaska	                ketchikan	
  17/11/1946	        NA	        NA	      55.4	    -131.7	         ketchikan alaska	                ketchikan	
  17/11/1946	        NA	        NA	        NA	        NA	moored port side to coast guard buoy dock at ketchikan alaska	                       NA	
  18/11/1946	        NA	        NA	      55.4	    -131.7	coast guard operating base ketchikan alaska	                ketchikan	
  19/11/1946	        NA	        NA	      55.4	    -131.7	coast guard base ketchikan alaska	                ketchikan	
  19/11/1946	        NA	        NA	      55.4	    -131.7	moored portside to dock coast guard operating base ketchikan alaska	                ketchikan	
  20/11/1946	   54 37 N	  132 26 W	      NA	      NA	      NA
  21/11/1946	   55 21 N	  137 14 W	      NA	      NA	      NA
  22/11/1946	   56 28 N	  144 31 W	      NA	      NA	      NA
  23/11/1946	   57 37 N	  151 00 W	      NA	      NA	      NA
  24/11/1946	   58 00 N	  151 47 W	      NA	      NA	      NA
  25/11/1946	        NA	        NA	      57.7	    -152.5	sealion rock  to port distance 4 12 miles	            humpback rock	
  26/11/1946	   56 36 N	  156 34 W	      NA	      NA	      NA
  27/11/1946	   55 14 N	  160 33 W	      NA	      NA	      NA
  28/11/1946	   55 03 N	  162 19 W	      NA	      NA	      NA
  29/11/1946	   54 17 N	  165 58 W	      NA	      NA	      NA
  30/11/1946	        NA	        NA	      53.9	    -166.5	      dutch harbor alaska	             dutch harbor	
  30/11/1946	        NA	        NA	      53.9	    -166.5	moored portside to ballyhoo dock dutch harbor alaska	             dutch harbor	
  30/11/1946	        NA	        NA	        NA	        NA	                       NA	                       NA	
  30/11/1946	        NA	        NA	        NA	        NA	                       NA	                       NA	
  30/11/1946	        NA	        NA	        NA	        NA	                       NA	                       NA	
  30/11/1946	        NA	        NA	        NA	        NA	                       NA	                       NA	
  30/11/1946	        NA	        NA	        NA	        NA	                       NA	                       NA	
  30/11/1946	        NA	        NA	        NA	        NA	                       NA	                       NA	
  30/11/1946	        NA	        NA	        NA	        NA	                       NA	                       NA	
  30/11/1946	        NA	        NA	        NA	        NA	                       NA	                       NA	
  01/12/1946	   53 49 N	  167 43 W	      NA	      NA	      NA
  02/12/1946	   53 07 N	  168 54 W	      NA	      NA	      NA
  03/12/1946	   52 36 N	  174 18 W	      NA	      NA	      NA
  04/12/1946	   51 52 N	  176 35 W	      NA	      NA	      NA
  05/12/1946	        NA	        NA	        NA	        NA	   pier  9 adak is alaska	                       NA	
  10/12/1946	   51 54 N	  176 31 W	      NA	      NA	      NA
  11/12/1946	   53 10 N	  169 50 W	      NA	      NA	      NA
  12/12/1946	   52 57 N	  168 54 W	      NA	      NA	      NA
  13/12/1946	   52 58 N	  168 55 W	      NA	      NA	      NA
  14/12/1946	   52 51 N	  163 48 W	      NA	      NA	      NA
  15/12/1946	   53 25 N	  156 16 W	      NA	      NA	      NA
  16/12/1946	   53 40 N	  148 39 W	      NA	      NA	      NA
  17/12/1946	   54 12 N	  141 41 W	      NA	      NA	      NA
  18/12/1946	   54 29 N	  134 38 W	      NA	      NA	      NA
  19/12/1946	        NA	        NA	      55.4	    -132.6	   calrence strait alaska	          clarence strait	
  19/12/1946	        NA	        NA	      55.4	    -131.9	en route from umnak alaska to ketchikan alaska standing into clarence strait	            guard islands	
  20/12/1946	        NA	        NA	      55.4	    -131.7	berth 3 and 4 cgob ketchikan alaska	                ketchikan	
  20/12/1946	        NA	        NA	        NA	        NA	moored port side to coast guard operating base dock ketchikan alaska	                       NA	
  21/12/1946	   52 41 N	  130 30 W	      NA	      NA	      NA
  20/12/1946	        NA	        NA	        NA	        NA	                       NA	                       NA	
  22/12/1946	   48 09 N	  126 16 W	      NA	      NA	      NA
  23/12/1946	   47 51 N	  122 38 W	      NA	      NA	      NA
  24/12/1946	   47 51 N	  122 38 W	      NA	      NA	      NA
  25/12/1946	        NA	        NA	      47.6	    -122.3	           nsd seattle wn	                  seattle	
  26/12/1946	        NA	        NA	      47.6	    -122.3	           nsd seattle wn	                  seattle	
  27/12/1946	        NA	        NA	      47.6	    -122.3	           nsd seattle wn	                  seattle	
  27/12/1946	        NA	        NA	      47.6	    -122.3	moored portside to dock at berth easy pier 91 nsd seattle wn	                  seattle	
  28/12/1946	        NA	        NA	      47.6	    -122.3	pier 91  nsd seattle wash	                  seattle	
  29/12/1946	        NA	        NA	      47.6	    -122.3	berth easy pier 91 nsd seattle wn	                  seattle	
  30/12/1946	        NA	        NA	      47.6	    -122.3	   pier 91 nsd seattle wn	                  seattle	
  31/12/1946	        NA	        NA	      47.6	    -122.3	   pier 91 nsd seattle wn	                  seattle	
