  17/03/1884	        NA	        NA	        NA	        NA	                       NA	                       NA	
  22/09/1884	        NA	        NA	        NA	        NA	                       NA	                       NA	
  22/09/1884	        NA	        NA	        NA	        NA	                       NA	                       NA	
  17/03/1884	        NA	        NA	      40.7	     -74.0	        new york new york	                 new york	
  17/03/1884	        NA	        NA	        NA	        NA	                       NA	                       NA	
  17/03/1884	        NA	        NA	      40.7	     -74.0	        new york new york	                 new york	
  17/03/1884	        NA	        NA	        NA	        NA	             navy yard ny	                       NA	
  17/03/1884	        NA	        NA	        NA	        NA	                       NA	                       NA	
  17/03/1884	        NA	        NA	        NA	        NA	                       NA	                       NA	
  17/03/1884	        NA	        NA	        NA	        NA	                       NA	                       NA	
  17/03/1884	        NA	        NA	      40.6	     -74.0	    navy yard brooklyn ny	                 brooklyn	
  18/03/1884	        NA	        NA	      40.7	     -74.0	        brooklyn new york	                 new york	
  19/03/1884	        NA	        NA	      40.6	     -74.0	laying at navy yard brooklyn ny	                 brooklyn	
  19/03/1884	        NA	        NA	      40.7	     -74.0	        brooklyn new york	                 new york	
  20/03/1884	        NA	        NA	      40.6	     -74.0	laying at navy yard brooklyn ny	                 brooklyn	
  20/03/1884	        NA	        NA	      40.7	     -74.0	        brooklyn new york	                 new york	
  21/03/1884	        NA	        NA	      40.6	     -74.0	    brooklyn ny navy yard	                 brooklyn	
  21/03/1884	        NA	        NA	      40.7	     -74.0	        brooklyn new york	                 new york	
  22/03/1884	        NA	        NA	      40.6	     -74.0	lying at navy yard brooklyn ny	                 brooklyn	
  22/03/1884	        NA	        NA	      40.7	     -74.0	        brooklyn new york	                 new york	
  23/03/1884	        NA	        NA	      40.6	     -74.0	lying at navy yard brooklyn ny	                 brooklyn	
  28/03/1884	        NA	        NA	      40.7	     -74.0	        brooklyn new york	                 new york	
  25/03/1884	        NA	        NA	      40.6	     -74.0	    navy yard brooklyn ny	                 brooklyn	
  24/03/1884	        NA	        NA	      40.7	     -74.0	        brooklyn new york	                 new york	
  25/03/1884	        NA	        NA	      40.7	     -74.0	lying at navy yard brooklyn ny	     us navy yard brookly	
  25/03/1884	        NA	        NA	      40.7	     -74.0	        brooklyn new york	                 new york	
  26/03/1884	        NA	        NA	      40.6	     -74.0	lying at navy yard brooklyn ny	                 brooklyn	
  26/03/1884	        NA	        NA	      40.7	     -74.0	        brooklyn new york	                 new york	
  27/03/1884	        NA	        NA	      40.6	     -74.0	lying at navy yard brooklyn ny	                 brooklyn	
  27/03/1884	        NA	        NA	      40.7	     -74.0	        brooklyn new york	                 new york	
  28/03/1884	        NA	        NA	      40.6	     -74.0	lying at navy yard brooklyn ny	                 brooklyn	
  28/03/1884	        NA	        NA	      40.7	     -74.0	        brooklyn new york	                 new york	
  29/03/1884	        NA	        NA	      40.6	     -74.0	lying at navy yard brooklyn ny	                 brooklyn	
  29/03/1884	        NA	        NA	      40.7	     -74.0	        brooklyn new york	                 new york	
  29/03/1884	        NA	        NA	      40.6	     -74.0	    brooklyn ny navy yard	                 brooklyn	
  30/03/1884	        NA	        NA	      40.7	     -74.0	        brooklyn new york	                 new york	
  31/03/1884	        NA	        NA	      40.6	     -74.0	              brooklyn ny	                 brooklyn	
  31/03/1884	        NA	        NA	      40.7	     -74.0	        brooklyn new york	                 new york	
  01/04/1884	        NA	        NA	      40.6	     -74.0	lying at navy yard brooklyn ny	                 brooklyn	
  01/04/1884	        NA	        NA	      40.7	     -74.0	        brooklyn new york	                 new york	
  02/04/1884	        NA	        NA	      40.6	     -74.0	    navy yard brooklyn ny	                 brooklyn	
  02/04/1884	        NA	        NA	      40.7	     -74.0	        brooklyn new york	                 new york	
  03/04/1884	        NA	        NA	      40.6	     -74.0	    navy yard brooklyn ny	                 brooklyn	
  03/04/1884	        NA	        NA	      40.7	     -74.0	        brooklyn new york	                 new york	
  04/04/1884	        NA	        NA	      40.6	     -74.0	    navy yard brooklyn ny	                 brooklyn	
  04/04/1884	        NA	        NA	      40.7	     -74.0	        brooklyn new york	                 new york	
  05/04/1884	        NA	        NA	      40.6	     -74.0	    navy yard brooklyn ny	                 brooklyn	
  05/04/1884	        NA	        NA	      40.7	     -74.0	        brooklyn new york	                 new york	
  06/04/1884	        NA	        NA	      40.6	     -74.0	    navy yard brooklyn ny	                 brooklyn	
  06/04/1884	        NA	        NA	      40.7	     -74.0	        brooklyn new york	                 new york	
  07/04/1884	        NA	        NA	      40.6	     -74.0	    navy yard brooklyn ny	                 brooklyn	
  07/04/1884	        NA	        NA	      40.7	     -74.0	        brooklyn new york	                 new york	
  08/04/1884	        NA	        NA	      40.6	     -74.0	    navy yard brooklyn ny	                 brooklyn	
  08/04/1884	        NA	        NA	      40.7	     -74.0	        brooklyn new york	                 new york	
  09/04/1884	        NA	        NA	      40.6	     -74.0	    navy yard brooklyn ny	                 brooklyn	
  09/04/1884	        NA	        NA	      40.7	     -74.0	        brooklyn new york	                 new york	
  10/04/1884	        NA	        NA	      40.6	     -74.0	    navy yard brooklyn ny	                 brooklyn	
  10/04/1884	        NA	        NA	      40.7	     -74.0	        brooklyn new york	                 new york	
  11/04/1884	        NA	        NA	      40.6	     -74.0	    navy yard brooklyn ny	                 brooklyn	
  11/04/1884	        NA	        NA	      40.7	     -74.0	        brooklyn new york	                 new york	
  12/04/1884	        NA	        NA	      40.6	     -74.0	    navy yard brooklyn ny	                 brooklyn	
  12/04/1884	        NA	        NA	      40.7	     -74.0	        brooklyn new york	                 new york	
  13/04/1884	        NA	        NA	      40.6	     -74.0	    navy yard brooklyn ny	                 brooklyn	
  13/04/1884	        NA	        NA	      40.7	     -74.0	        brooklyn new york	                 new york	
  14/04/1884	        NA	        NA	      40.6	     -74.0	    navy yard brooklyn ny	                 brooklyn	
  14/04/1884	        NA	        NA	      40.7	     -74.0	        brooklyn new york	                 new york	
  15/04/1884	        NA	        NA	      40.6	     -74.0	    navy yard brooklyn ny	                 brooklyn	
  15/04/1884	        NA	        NA	      40.7	     -74.0	        brooklyn new york	                 new york	
  16/04/1884	        NA	        NA	      40.6	     -74.0	    navy yard brooklyn ny	                 brooklyn	
  16/04/1884	        NA	        NA	      40.7	     -74.0	        brooklyn new york	                 new york	
  17/04/1884	        NA	        NA	      40.6	     -74.0	    navy yard brooklyn ny	                 brooklyn	
  17/04/1884	        NA	        NA	      40.7	     -74.0	        brooklyn new york	                 new york	
  18/04/1884	        NA	        NA	      40.6	     -74.0	    navy yard brooklyn ny	                 brooklyn	
  18/04/1884	        NA	        NA	      40.6	     -74.0	   navy yard brooklyn nyc	                 brooklyn	
  19/04/1884	        NA	        NA	      40.6	     -74.0	    navy yard brooklyn ny	                 brooklyn	
  19/04/1884	        NA	        NA	      40.6	     -74.0	   navy yard brooklyn nyc	                 brooklyn	
  20/04/1884	        NA	        NA	      40.6	     -74.0	    navy yard brooklyn ny	                 brooklyn	
  20/04/1884	        NA	        NA	        NA	        NA	                       NA	                       NA	
  21/04/1884	        NA	        NA	      40.6	     -74.0	    navy yard brooklyn ny	                 brooklyn	
  21/04/1884	        NA	        NA	      40.6	     -74.0	   navy yard brooklyn nyc	                 brooklyn	
  22/04/1884	        NA	        NA	      40.6	     -74.0	    navy yard brooklyn ny	                 brooklyn	
  22/04/1884	        NA	        NA	      40.6	     -74.0	   navy yard brooklyn nyc	                 brooklyn	
  22/04/1884	        NA	        NA	      40.6	     -74.0	    navy yard brooklyn ny	                 brooklyn	
  23/04/1884	        NA	        NA	      40.6	     -74.0	   navy yard brooklyn nyc	                 brooklyn	
  25/04/1884	   39 57 N	   71 33 W	      NA	      NA	      NA
  26/04/1884	   41 06 N	   67 54 W	      NA	      NA	      NA
  27/04/1884	   41 50 N	   65 14 W	      NA	      NA	      NA
  28/04/1884	   42 31 N	   63 33 W	      NA	      NA	      NA
  29/04/1884	   43 18 N	   60 12 W	      NA	      NA	      NA
  30/04/1884	   44 18 N	   56 31 W	      NA	      NA	      NA
  01/05/1884	   46 26 N	   53 09 W	      NA	      NA	      NA
  02/05/1884	        NA	        NA	      47.5	     -52.7	    st johns newfoundland	                st john`s	
  02/05/1884	        NA	        NA	        NA	        NA	                       NA	                       NA	
  02/05/1884	        NA	        NA	      47.5	     -52.7	    st johns newfoundland	                st john`s	
  03/05/1884	        NA	        NA	        NA	        NA	                       NA	                       NA	
  05/05/1884	   49 22 N	   51 01 W	      NA	      NA	      NA
  06/05/1884	   52 00 N	   50 13 W	      NA	      NA	      NA
  07/05/1884	   52 58 N	   50 37 W	      NA	      NA	      NA
  08/05/1884	   54 49 N	   50 15 W	      NA	      NA	      NA
  09/05/1884	   57 09 N	   50 31 W	      NA	      NA	      NA
  10/05/1884	   59 48 N	   50 58 W	      NA	      NA	      NA
  11/05/1884	   62 37 N	   53 46 W	      NA	      NA	      NA
  12/05/1884	   64 54 N	   53 56 W	      NA	      NA	      NA
  13/05/1884	   65 33 N	   54 17 W	      NA	      NA	      NA
  14/05/1884	   67 38 N	   54 18 W	      NA	      NA	      NA
  15/05/1884	        NA	        NA	      69.8	     -53.5	at sea on passage to godhaven disko island	             disko island	
  15/05/1884	        NA	        NA	        NA	        NA	                       NA	                       NA	
  16/05/1884	        NA	        NA	      69.8	     -53.5	    godhaven disko island	             disko island	
  16/05/1884	        NA	        NA	        NA	        NA	                       NA	                       NA	
  18/05/1884	   69 40 N	   55 15 W	      NA	      NA	      NA
  19/05/1884	        NA	        NA	      69.8	     -53.5	     godhavn disko island	             disko island	
  19/05/1884	        NA	        NA	        NA	        NA	                       NA	                       NA	
  20/05/1884	        NA	        NA	      69.8	     -53.5	     godhavn disko island	             disko island	
  20/05/1884	        NA	        NA	        NA	        NA	                       NA	                       NA	
  21/05/1884	   70 34 N	      55 W	      NA	      NA	      NA
  23/05/1884	   70 34 N	      55 W	      NA	      NA	      NA
  24/05/1884	   70 42 N	   55 03 W	      NA	      NA	      NA
  25/05/1884	   71 17 N	   55 40 W	      NA	      NA	      NA
  26/05/1884	   71 19 N	   55 45 W	      NA	      NA	      NA
  27/05/1884	   71 46 N	   56 11 W	      NA	      NA	      NA
  28/05/1884	   73 02 N	   56 56 W	      NA	      NA	      NA
  29/05/1884	        NA	        NA	      71.3	     -52.8	      upernavik greenland	                upernivik	
  29/05/1884	        NA	        NA	        NA	        NA	                       NA	                       NA	
  30/05/1884	        NA	        NA	        NA	        NA	                       NA	                       NA	
  01/06/1884	      73 N	   56 12 W	      NA	      NA	      NA
  03/06/1884	   73 26 N	   56 12 W	      NA	      NA	      NA
  04/06/1884	   73 27 N	   56 40 W	      NA	      NA	      NA
  05/06/1884	   73 24 N	   56 14 W	      NA	      NA	      NA
  05/06/1884	   73 58 N	   57 51 W	      NA	      NA	      NA
  07/06/1884	   74 00 N	   57 47 W	      NA	      NA	      NA
  08/06/1884	   74 00 N	   57 46 W	      NA	      NA	      NA
  12/06/1884	   74 02 N	   58 18 W	      NA	      NA	      NA
  13/06/1884	   74 11 N	   58 30 W	      NA	      NA	      NA
  14/06/1884	   74 14 N	   58 38 W	      NA	      NA	      NA
  15/06/1884	   75 01 N	   59 55 W	      NA	      NA	      NA
  16/06/1884	   75 18 N	   63 24 W	      NA	      NA	      NA
  18/06/1884	   75 43 N	   66 40 W	      NA	      NA	      NA
  19/06/1884	   75 45 N	   66 26 W	      NA	      NA	      NA
  20/06/1884	   76 02 N	   68 49 W	      NA	      NA	      NA
  21/06/1884	   76 41 N	   71 50 W	      NA	      NA	      NA
  22/06/1884	   78 24 N	      73 W	      NA	      NA	      NA
  23/06/1884	   78 46 N	   74 25 W	      NA	      NA	      NA
  24/06/1884	   78 19 N	   72 55 W	      NA	      NA	      NA
  25/06/1884	   77 16 N	   72 27 W	      NA	      NA	      NA
  26/06/1884	   76 29 N	   69 42 W	      NA	      NA	      NA
  27/06/1884	   75 58 N	   69 00 W	      NA	      NA	      NA
  28/06/1884	   75 29 N	   64 55 W	      NA	      NA	      NA
  29/06/1884	   75 22 N	   63 49 W	      NA	      NA	      NA
  30/06/1884	   74 51 N	   59 14 W	      NA	      NA	      NA
  01/07/1884	   74 14 N	      57 W	      NA	      NA	      NA
  02/07/1884	        NA	        NA	      71.3	     -52.8	arrived at upernavik greenland	                upernivik	
  02/07/1884	        NA	        NA	        NA	        NA	                       NA	                       NA	
  04/07/1884	   70 49 N	   55 54 W	      NA	      NA	      NA
  05/07/1884	        NA	        NA	      69.2	     -53.5	       godhaven greenland	                  godhavn	
  05/07/1884	        NA	        NA	        NA	        NA	                       NA	                       NA	
  07/07/1884	   69 14 N	   53 30 W	      NA	      NA	      NA
  09/07/1884	   68 41 N	   53 47 W	      NA	      NA	      NA
  10/07/1884	   65 30 N	   55 13 W	      NA	      NA	      NA
  11/07/1884	   62 16 N	   55 22 W	      NA	      NA	      NA
  12/07/1884	   59 19 N	   54 48 W	      NA	      NA	      NA
  13/07/1884	   56 34 N	   54 22 W	      NA	      NA	      NA
  14/07/1884	   54 04 N	   53 49 W	      NA	      NA	      NA
  15/07/1884	   51 02 N	   53 20 W	      NA	      NA	      NA
  16/07/1884	   49 19 N	   52 19 W	      NA	      NA	      NA
  17/07/1884	        NA	        NA	      47.5	     -52.7	at sea making passage to st johns nf	                st john`s	
  17/07/1884	        NA	        NA	        NA	        NA	                       NA	                       NA	
  18/07/1884	        NA	        NA	      47.5	     -52.7	              st johns nf	                st john`s	
  18/07/1884	        NA	        NA	        NA	        NA	                       NA	                       NA	
  19/07/1884	        NA	        NA	      47.5	     -52.7	              st johns nf	                st john`s	
  19/07/1884	        NA	        NA	        NA	        NA	                       NA	                       NA	
  20/07/1884	        NA	        NA	      47.5	     -52.7	              st johns nf	                st john`s	
  20/07/1884	        NA	        NA	        NA	        NA	                       NA	                       NA	
  21/07/1884	        NA	        NA	      47.5	     -52.7	              st johns nf	                st john`s	
  21/07/1884	        NA	        NA	        NA	        NA	                       NA	                       NA	
  24/07/1884	        NA	        NA	      47.5	     -52.7	              st johns nf	                st john`s	
  24/07/1884	        NA	        NA	        NA	        NA	                       NA	                       NA	
  25/07/1884	        NA	        NA	      47.5	     -52.7	              st johns nf	                st john`s	
  25/07/1884	        NA	        NA	        NA	        NA	                       NA	                       NA	
  27/07/1884	   45 55 N	   54 47 W	      NA	      NA	      NA
  28/07/1884	   45 09 N	   58 04 W	      NA	      NA	      NA
  29/07/1884	   43 58 N	   62 11 W	      NA	      NA	      NA
  30/07/1884	   42 51 N	   65 20 W	      NA	      NA	      NA
  31/07/1884	   42 43 N	   68 28 W	      NA	      NA	      NA
  01/08/1884	        NA	        NA	        NA	        NA	                       NA	                       NA	
  05/08/1884	   42 48 N	   70 36 W	      NA	      NA	      NA
  06/08/1884	   41 34 N	   69 53 W	      NA	      NA	      NA
  07/08/1884	   40 51 N	   72 12 W	      NA	      NA	      NA
  08/08/1884	        NA	        NA	      40.7	     -74.0	          new york harbor	                 new york	
  08/08/1884	        NA	        NA	      40.7	     -74.0	at anchor in lower bay new york harbor	                 new york	
  09/08/1884	        NA	        NA	      40.7	     -74.0	          new york harbor	                 new york	
  09/08/1884	        NA	        NA	        NA	        NA	                       NA	                       NA	
  10/08/1884	        NA	        NA	      40.7	     -74.0	          new york harbor	                 new york	
  10/08/1884	        NA	        NA	        NA	        NA	                       NA	                       NA	
  12/08/1884	        NA	        NA	      40.7	     -74.0	          new york harbor	                 new york	
  11/08/1884	        NA	        NA	        NA	        NA	                       NA	                       NA	
  12/08/1884	        NA	        NA	      40.6	     -74.0	    navy yard brooklyn ny	                 brooklyn	
  12/08/1884	        NA	        NA	        NA	        NA	                       NA	                       NA	
  13/08/1884	        NA	        NA	      40.6	     -74.0	    navy yard brooklyn ny	                 brooklyn	
  13/08/1884	        NA	        NA	        NA	        NA	                       NA	                       NA	
  14/08/1884	        NA	        NA	      40.6	     -74.0	    navy yard brooklyn ny	                 brooklyn	
  14/08/1884	        NA	        NA	        NA	        NA	                       NA	                       NA	
  15/08/1884	        NA	        NA	      40.6	     -74.0	    navy yard brooklyn ny	                 brooklyn	
  15/08/1884	        NA	        NA	        NA	        NA	                       NA	                       NA	
  16/08/1884	        NA	        NA	      40.6	     -74.0	    navy yard brooklyn ny	                 brooklyn	
  16/08/1884	        NA	        NA	        NA	        NA	                       NA	                       NA	
  18/08/1884	        NA	        NA	      40.6	     -74.0	    navy yard brooklyn ny	                 brooklyn	
  18/08/1884	        NA	        NA	        NA	        NA	                       NA	                       NA	
  19/08/1884	        NA	        NA	      40.7	     -73.9	in dry dock navy yard brooklyn ny	     us navy yard brookly	
  19/08/1884	        NA	        NA	        NA	        NA	                       NA	                       NA	
  20/08/1884	        NA	        NA	      40.7	     -73.9	in dry dock navy yard brooklyn ny	     us navy yard brookly	
  20/08/1884	        NA	        NA	        NA	        NA	                       NA	                       NA	
  21/08/1884	        NA	        NA	      40.7	     -73.9	in dry dock navy yard brooklyn ny	     us navy yard brookly	
  21/08/1884	        NA	        NA	        NA	        NA	                       NA	                       NA	
  22/08/1884	        NA	        NA	      40.7	     -73.9	in dry dock navy yard brooklyn ny	     us navy yard brookly	
  22/08/1884	        NA	        NA	        NA	        NA	                       NA	                       NA	
  23/08/1884	        NA	        NA	      40.7	     -73.9	in dry dock navy yard brooklyn ny	     us navy yard brookly	
  23/08/1884	        NA	        NA	        NA	        NA	                       NA	                       NA	
  24/08/1884	        NA	        NA	      40.7	     -73.9	in dry dock navy yard brooklyn ny	     us navy yard brookly	
  24/08/1884	        NA	        NA	        NA	        NA	                       NA	                       NA	
  25/08/1884	        NA	        NA	      40.7	     -73.9	in dry dock navy yard brooklyn ny	     us navy yard brookly	
  25/08/1884	        NA	        NA	        NA	        NA	                       NA	                       NA	
  26/08/1884	        NA	        NA	      40.7	     -73.9	in dry dock navy yard brooklyn ny	     us navy yard brookly	
  26/08/1884	        NA	        NA	        NA	        NA	                       NA	                       NA	
  27/08/1884	        NA	        NA	      40.7	     -73.9	in dry dock navy yard brooklyn ny	     us navy yard brookly	
  27/08/1884	        NA	        NA	        NA	        NA	                       NA	                       NA	
  28/08/1884	        NA	        NA	      40.7	     -73.9	in dry dock navy yard brooklyn ny	     us navy yard brookly	
  28/08/1884	        NA	        NA	        NA	        NA	                       NA	                       NA	
  29/08/1884	        NA	        NA	      40.7	     -73.9	in dry dock navy yard brooklyn ny	     us navy yard brookly	
  29/08/1884	        NA	        NA	        NA	        NA	                       NA	                       NA	
  30/08/1884	        NA	        NA	      40.6	     -74.0	    navy yard brooklyn ny	                 brooklyn	
  30/08/1884	        NA	        NA	        NA	        NA	                       NA	                       NA	
  31/08/1884	        NA	        NA	      40.7	     -73.9	    dry dock navy yard ny	     us navy yard brookly	
  31/08/1884	        NA	        NA	        NA	        NA	                       NA	                       NA	
  01/09/1884	        NA	        NA	      40.7	     -73.9	 in dry dock navy yard ny	     us navy yard brookly	
  01/09/1884	        NA	        NA	        NA	        NA	                       NA	                       NA	
  02/09/1884	        NA	        NA	      40.7	     -73.9	    dry dock navy yard ny	     us navy yard brookly	
  02/09/1884	        NA	        NA	        NA	        NA	                       NA	                       NA	
  03/09/1884	        NA	        NA	      40.7	     -73.9	in dry dock navy yard brooklyn ny	     us navy yard brookly	
  03/09/1884	        NA	        NA	        NA	        NA	                       NA	                       NA	
  04/09/1884	        NA	        NA	      40.7	     -73.9	in dry dock navy yard brooklyn ny	     us navy yard brookly	
  04/09/1884	        NA	        NA	        NA	        NA	                       NA	                       NA	
  05/09/1884	        NA	        NA	      40.7	     -73.9	    dry dock navy yard ny	     us navy yard brookly	
  05/09/1884	        NA	        NA	        NA	        NA	                       NA	                       NA	
  06/09/1884	        NA	        NA	      40.7	     -73.9	    dry dock navy yard ny	     us navy yard brookly	
  06/09/1884	        NA	        NA	        NA	        NA	                       NA	                       NA	
  07/09/1884	        NA	        NA	      40.7	     -73.9	    dry dock navy yard ny	     us navy yard brookly	
  07/09/1884	        NA	        NA	        NA	        NA	                       NA	                       NA	
  08/09/1884	        NA	        NA	      40.7	     -73.9	    dry dock navy yard ny	     us navy yard brookly	
  08/09/1884	        NA	        NA	        NA	        NA	                       NA	                       NA	
  09/09/1884	        NA	        NA	      40.7	     -73.9	    dry dock navy yard ny	     us navy yard brookly	
  09/09/1884	        NA	        NA	        NA	        NA	                       NA	                       NA	
  10/09/1884	        NA	        NA	      40.7	     -73.9	    dry dock navy yard ny	     us navy yard brookly	
  10/09/1884	        NA	        NA	        NA	        NA	                       NA	                       NA	
  11/09/1884	        NA	        NA	      40.7	     -73.9	in dry dock navy yard brooklyn ny	     us navy yard brookly	
  11/09/1884	        NA	        NA	        NA	        NA	                       NA	                       NA	
  12/09/1884	        NA	        NA	      40.6	     -74.0	    navy yard brooklyn ny	                 brooklyn	
  12/09/1884	        NA	        NA	        NA	        NA	                       NA	                       NA	
  13/09/1884	        NA	        NA	      40.6	     -74.0	    navy yard brooklyn ny	                 brooklyn	
  13/09/1884	        NA	        NA	        NA	        NA	                       NA	                       NA	
  14/09/1884	        NA	        NA	      40.7	     -74.0	navy yard brooklyn new york	                 new york	
  14/09/1884	        NA	        NA	        NA	        NA	                       NA	                       NA	
  15/09/1884	        NA	        NA	      40.7	     -74.0	navy yard brooklyn new york	                 new york	
  15/09/1884	        NA	        NA	        NA	        NA	                       NA	                       NA	
  16/09/1884	        NA	        NA	      40.7	     -74.0	navy yard brooklyn new york	                 new york	
  16/09/1884	        NA	        NA	        NA	        NA	                       NA	                       NA	
  17/09/1884	        NA	        NA	      40.7	     -74.0	navy yard brooklyn new york	                 new york	
  17/09/1884	        NA	        NA	        NA	        NA	                       NA	                       NA	
  18/09/1884	        NA	        NA	      40.7	     -74.0	navy yard brooklyn new york	                 new york	
  18/09/1884	        NA	        NA	        NA	        NA	                       NA	                       NA	
  19/09/1884	        NA	        NA	      40.7	     -74.0	navy yard brooklyn new york	                 new york	
  19/09/1884	        NA	        NA	        NA	        NA	                       NA	                       NA	
  20/09/1884	        NA	        NA	      40.7	     -74.0	navy yard brooklyn new york	                 new york	
  20/09/1884	        NA	        NA	        NA	        NA	                       NA	                       NA	
  21/09/1884	        NA	        NA	      40.6	     -74.0	    navy yard brooklyn ny	                 brooklyn	
  21/09/1884	        NA	        NA	        NA	        NA	                       NA	                       NA	
  22/09/1884	        NA	        NA	      40.6	     -74.0	    navy yard brooklyn ny	                 brooklyn	
  22/09/1884	        NA	        NA	        NA	        NA	                       NA	                       NA	
  22/09/1884	        NA	        NA	        NA	        NA	                       NA	                       NA	
  22/09/1884	        NA	        NA	        NA	        NA	                       NA	                       NA	
  22/09/1884	        NA	        NA	        NA	        NA	                       NA	                       NA	
  23/09/1884	        NA	        NA	      40.6	     -74.0	       navy yard brooklyn	                 brooklyn	
  23/09/1884	        NA	        NA	        NA	        NA	                       NA	                       NA	
  23/09/1884	        NA	        NA	      40.7	     -74.0	navy yard brooklyn new york	                 new york	
  23/09/1884	        NA	        NA	      40.6	     -74.0	    navy yard brooklyn ny	                 brooklyn	
  23/09/1884	        NA	        NA	        NA	        NA	                       NA	                       NA	
  24/09/1884	        NA	        NA	      40.6	     -74.0	    navy yard brooklyn ny	                 brooklyn	
  24/09/1884	        NA	        NA	        NA	        NA	                       NA	                       NA	
  25/09/1884	        NA	        NA	      40.6	     -74.0	    navy yard brooklyn ny	                 brooklyn	
  25/09/1884	        NA	        NA	        NA	        NA	                       NA	                       NA	
  26/09/1884	        NA	        NA	      40.6	     -74.0	             navy yard ny	                 brooklyn	
  26/09/1884	        NA	        NA	        NA	        NA	                       NA	                       NA	
  27/09/1884	        NA	        NA	      40.7	     -74.0	             navy yard ny	                 new york	
  27/09/1884	        NA	        NA	        NA	        NA	                       NA	                       NA	
  28/09/1884	        NA	        NA	      40.7	     -74.0	             navy yard ny	                 new york	
  28/09/1884	        NA	        NA	        NA	        NA	                       NA	                       NA	
  29/09/1884	        NA	        NA	        NA	        NA	             navy yard ny	                       NA	
  29/09/1884	        NA	        NA	        NA	        NA	                       NA	                       NA	
  30/09/1884	        NA	        NA	      40.6	     -74.0	    navy yard brooklyn ny	                 brooklyn	
  30/09/1884	        NA	        NA	        NA	        NA	                       NA	                       NA	
  30/09/1884	        NA	        NA	      40.6	     -74.0	    navy yard brooklyn ny	                 brooklyn	
  01/10/1884	        NA	        NA	        NA	        NA	                       NA	                       NA	
  01/10/1884	        NA	        NA	      40.7	     -74.0	moored to cab dock navy yard new york	                 new york	
  02/10/1884	        NA	        NA	        NA	        NA	                       NA	                       NA	
  02/10/1884	        NA	        NA	      40.7	     -74.0	moored to cab dock navy yard new york	                 new york	
  03/10/1884	        NA	        NA	        NA	        NA	                       NA	                       NA	
  03/10/1884	        NA	        NA	      40.7	     -74.0	moored to cab dock navy yard new york	                 new york	
  04/10/1884	        NA	        NA	        NA	        NA	                       NA	                       NA	
  04/10/1884	        NA	        NA	      40.7	     -74.0	moored to cab dock navy yard new york new york	                 new york	
  05/10/1884	        NA	        NA	        NA	        NA	                       NA	                       NA	
  05/10/1884	        NA	        NA	      40.7	     -74.0	moored to cab dock navy yard new york ny	                 new york	
  06/10/1884	        NA	        NA	        NA	        NA	                       NA	                       NA	
  06/10/1884	        NA	        NA	      40.7	     -74.0	moored to cab dock navy yard new york new york	                 new york	
  07/10/1884	        NA	        NA	        NA	        NA	                       NA	                       NA	
  07/10/1884	        NA	        NA	      40.7	     -74.0	moored to cab dock navy yard new york new york	                 new york	
  08/10/1884	        NA	        NA	        NA	        NA	                       NA	                       NA	
  08/10/1884	        NA	        NA	      40.7	     -74.0	moored to cab dock navy yard new york new york	                 new york	
  09/10/1884	        NA	        NA	        NA	        NA	                       NA	                       NA	
  09/10/1884	        NA	        NA	      40.7	     -74.0	moored to cab dock navy yard new york new york	                 new york	
  10/10/1884	        NA	        NA	        NA	        NA	                       NA	                       NA	
  10/10/1884	        NA	        NA	      40.7	     -74.0	moored to cab dock navy yard new york new york	                 new york	
  11/10/1884	        NA	        NA	        NA	        NA	                       NA	                       NA	
  11/10/1884	        NA	        NA	     -17.5	    -149.8	moored to cob dock navy yard new york	                 new york	
  12/10/1884	        NA	        NA	        NA	        NA	                       NA	                       NA	
  12/10/1884	        NA	        NA	      40.7	     -74.0	moored to cab dock navy yard new york new york	                 new york	
  13/10/1884	        NA	        NA	        NA	        NA	                       NA	                       NA	
  13/10/1884	        NA	        NA	     -17.5	    -149.8	moored to cob dock navy yard new york	                 new york	
  14/10/1884	        NA	        NA	        NA	        NA	                       NA	                       NA	
  14/10/1884	        NA	        NA	     -17.5	    -149.8	moored to cob dock navy yard new york	                 new york	
  15/10/1884	        NA	        NA	        NA	        NA	                       NA	                       NA	
  15/10/1884	        NA	        NA	     -17.5	    -149.8	    cob dock navy yard ny	                 new york	
  16/10/1884	        NA	        NA	        NA	        NA	                       NA	                       NA	
  16/10/1884	        NA	        NA	     -17.5	    -149.8	moored to cob dock navy yard new york	                 new york	
  17/10/1884	        NA	        NA	        NA	        NA	                       NA	                       NA	
  17/10/1884	        NA	        NA	     -17.5	    -149.8	moored to cob dock navy yard new york	                 new york	
  18/10/1884	        NA	        NA	        NA	        NA	                       NA	                       NA	
  18/10/1884	        NA	        NA	     -17.5	    -149.8	    cob dock navy yard ny	                 new york	
  19/10/1884	        NA	        NA	        NA	        NA	                       NA	                       NA	
  19/10/1884	        NA	        NA	        NA	        NA	                       NA	                       NA	
  19/10/1884	        NA	        NA	        NA	        NA	                       NA	                       NA	
  19/10/1884	        NA	        NA	        NA	        NA	                       NA	                       NA	
  19/10/1884	        NA	        NA	        NA	        NA	                       NA	                       NA	
  19/10/1884	        NA	        NA	        NA	        NA	                       NA	                       NA	
  19/10/1884	        NA	        NA	        NA	        NA	                       NA	                       NA	
  17/03/1884	        NA	        NA	        NA	        NA	                       NA	                       NA	
  17/03/1884	        NA	        NA	      40.6	     -74.0	    navy yard brooklyn ny	                 brooklyn	
  18/03/1884	        NA	        NA	      40.6	     -74.0	     brooklynn naval yard	                 brooklyn	
  18/03/1884	        NA	        NA	      40.6	     -74.0	    navy yard brooklyn ny	                 brooklyn	
  19/03/1884	        NA	        NA	        NA	        NA	                       NA	                       NA	
  19/03/1884	        NA	        NA	      40.6	     -74.0	    navy yard brooklyn ny	                 brooklyn	
  20/03/1884	        NA	        NA	        NA	        NA	                       NA	                       NA	
  20/03/1884	        NA	        NA	      40.6	     -74.0	lying at navy yard brooklyn ny	     us navy yard brookly	
  21/03/1884	        NA	        NA	        NA	        NA	                       NA	                       NA	
  21/03/1884	        NA	        NA	      40.6	     -74.0	    navy yard brooklyn ny	                 brooklyn	
  22/03/1884	        NA	        NA	        NA	        NA	                       NA	                       NA	
  22/03/1884	        NA	        NA	      40.6	     -74.0	    navy yard brooklyn ny	                 brooklyn	
  23/03/1884	        NA	        NA	        NA	        NA	                       NA	                       NA	
  23/03/1884	        NA	        NA	      40.6	     -74.0	    navy yard brooklyn ny	                 brooklyn	
  24/03/1884	        NA	        NA	        NA	        NA	                       NA	                       NA	
  24/03/1884	        NA	        NA	      40.6	     -74.0	    navy yard brooklyn ny	                 brooklyn	
  25/03/1884	        NA	        NA	        NA	        NA	                       NA	                       NA	
  25/03/1884	        NA	        NA	      40.6	     -74.0	    navy yard brooklyn ny	                 brooklyn	
  26/03/1884	        NA	        NA	        NA	        NA	                       NA	                       NA	
  26/03/1884	        NA	        NA	      40.6	     -74.0	    navy yard brooklyn ny	                 brooklyn	
  27/03/1884	        NA	        NA	        NA	        NA	                       NA	                       NA	
  27/03/1884	        NA	        NA	      40.6	     -74.0	    navy yard brooklyn ny	                 brooklyn	
  28/03/1884	        NA	        NA	        NA	        NA	                       NA	                       NA	
  28/03/1884	        NA	        NA	      40.6	     -74.0	    navy yard brooklyn ny	                 brooklyn	
  29/03/1884	        NA	        NA	        NA	        NA	                       NA	                       NA	
  29/03/1884	        NA	        NA	      40.6	     -74.0	    navy yard brooklyn ny	                 brooklyn	
  30/03/1884	        NA	        NA	        NA	        NA	                       NA	                       NA	
  30/03/1884	        NA	        NA	      40.6	     -74.0	    navy yard brooklyn ny	                 brooklyn	
  31/03/1884	        NA	        NA	        NA	        NA	                       NA	                       NA	
  31/03/1884	        NA	        NA	      40.6	     -74.0	    navy yard brooklyn ny	                 brooklyn	
  01/04/1884	        NA	        NA	        NA	        NA	                       NA	                       NA	
  01/04/1884	        NA	        NA	      40.6	     -74.0	    navy yard brooklyn ny	                 brooklyn	
  02/04/1884	        NA	        NA	        NA	        NA	                       NA	                       NA	
  02/04/1884	        NA	        NA	      40.6	     -74.0	    navy yard brooklyn ny	                 brooklyn	
  03/04/1884	        NA	        NA	        NA	        NA	                       NA	                       NA	
  03/04/1884	        NA	        NA	      40.6	     -74.0	    navy yard brooklyn ny	                 brooklyn	
  04/04/1884	        NA	        NA	        NA	        NA	                       NA	                       NA	
  04/04/1884	        NA	        NA	      40.6	     -74.0	    navy yard brooklyn ny	                 brooklyn	
  05/04/1884	        NA	        NA	        NA	        NA	                       NA	                       NA	
  05/04/1884	        NA	        NA	      40.6	     -74.0	    navy yard brooklyn ny	                 brooklyn	
  06/04/1884	        NA	        NA	        NA	        NA	                       NA	                       NA	
  06/04/1884	        NA	        NA	      40.6	     -74.0	    navy yard brooklyn ny	                 brooklyn	
  07/04/1884	        NA	        NA	        NA	        NA	                       NA	                       NA	
  07/04/1884	        NA	        NA	      40.6	     -74.0	    navy yard brooklyn ny	                 brooklyn	
  08/04/1884	        NA	        NA	        NA	        NA	                       NA	                       NA	
  08/04/1884	        NA	        NA	      40.6	     -74.0	    navy yard brooklyn ny	                 brooklyn	
  09/04/1884	        NA	        NA	        NA	        NA	                       NA	                       NA	
  09/04/1884	        NA	        NA	      40.6	     -74.0	    navy yard brooklyn ny	                 brooklyn	
  10/04/1884	        NA	        NA	        NA	        NA	                       NA	                       NA	
  10/04/1884	        NA	        NA	      40.6	     -73.9	lying at navy yard brooklyn ny	     us navy yard brookly	
  11/04/1884	        NA	        NA	        NA	        NA	                       NA	                       NA	
  11/04/1884	        NA	        NA	      40.6	     -74.0	    navy yard brooklyn ny	                 brooklyn	
  12/04/1884	        NA	        NA	        NA	        NA	                       NA	                       NA	
  12/04/1884	        NA	        NA	      40.6	     -74.0	    navy yard brooklyn ny	                 brooklyn	
  13/04/1884	        NA	        NA	        NA	        NA	                       NA	                       NA	
  13/04/1884	        NA	        NA	      40.6	     -74.0	    navy yard brooklyn ny	                 brooklyn	
  14/04/1884	        NA	        NA	        NA	        NA	                       NA	                       NA	
  14/04/1884	        NA	        NA	      40.6	     -74.0	    navy yard brooklyn ny	                 brooklyn	
  15/04/1884	        NA	        NA	        NA	        NA	                       NA	                       NA	
  15/04/1884	        NA	        NA	      40.6	     -74.0	    navy yard brooklyn ny	                 brooklyn	
  16/04/1884	        NA	        NA	        NA	        NA	                       NA	                       NA	
  16/04/1884	        NA	        NA	      40.6	     -74.0	    navy yard brooklyn ny	                 brooklyn	
  17/04/1884	        NA	        NA	        NA	        NA	                       NA	                       NA	
  17/04/1884	        NA	        NA	      40.6	     -74.0	    navy yard brooklyn ny	                 brooklyn	
  18/04/1884	        NA	        NA	        NA	        NA	                       NA	                       NA	
  18/04/1884	        NA	        NA	      40.6	     -74.0	    navy yard brooklyn ny	                 brooklyn	
  19/04/1884	        NA	        NA	        NA	        NA	                       NA	                       NA	
  19/04/1884	        NA	        NA	      40.6	     -74.0	    navy yard brooklyn ny	                 brooklyn	
  20/04/1884	        NA	        NA	        NA	        NA	                       NA	                       NA	
  20/04/1884	        NA	        NA	      40.6	     -74.0	    navy yard brooklyn ny	                 brooklyn	
  21/04/1884	        NA	        NA	        NA	        NA	                       NA	                       NA	
  21/04/1884	        NA	        NA	      40.6	     -73.9	lying at navy yard brooklyn ny	     us navy yard brookly	
  22/04/1884	        NA	        NA	        NA	        NA	                       NA	                       NA	
  22/04/1884	        NA	        NA	      40.6	     -73.9	lying at navy yard brooklyn ny	     us navy yard brookly	
  23/04/1884	        NA	        NA	        NA	        NA	                       NA	                       NA	
  23/04/1884	        NA	        NA	      40.6	     -74.0	    navy yard brooklyn ny	                 brooklyn	
  24/04/1884	   39 57 N	   71 33 W	      NA	      NA	      NA
  25/04/1884	   41 05 N	   68 13 W	      NA	      NA	      NA
  26/04/1884	   41 50 N	   65 14 W	      NA	      NA	      NA
  27/04/1884	   42 31 N	   63 33 W	      NA	      NA	      NA
  28/04/1884	   43 18 N	   60 12 W	      NA	      NA	      NA
  29/04/1884	   44 12 N	   56 40 W	      NA	      NA	      NA
  30/04/1884	   46 21 N	   53 06 W	      NA	      NA	      NA
  02/05/1884	        NA	        NA	        NA	        NA	                       NA	                       NA	
  02/05/1884	        NA	        NA	      47.5	     -52.7	    st johns newfoundland	                st john`s	
  03/05/1884	        NA	        NA	        NA	        NA	                       NA	                       NA	
  03/05/1884	        NA	        NA	      47.5	     -52.7	    st johns newfoundland	                st john`s	
  04/05/1884	   49 25 N	   51 31 W	      NA	      NA	      NA
  05/05/1884	   52 02 N	   50 49 W	      NA	      NA	      NA
  06/05/1884	   53 09 N	   50 23 W	      NA	      NA	      NA
  07/05/1884	   54 41 N	   50 22 W	      NA	      NA	      NA
  08/05/1884	   57 09 N	   50 31 W	      NA	      NA	      NA
  09/05/1884	   59 48 N	   51 07 W	      NA	      NA	      NA
  10/05/1884	   62 37 N	   54 20 W	      NA	      NA	      NA
  11/05/1884	   64 53 N	   54 27 W	      NA	      NA	      NA
  12/05/1884	   65 33 N	   54 17 W	      NA	      NA	      NA
  13/05/1884	   67 38 N	   54 18 W	      NA	      NA	      NA
  15/05/1884	        NA	        NA	        NA	        NA	                       NA	                       NA	
  15/05/1884	        NA	        NA	      69.8	     -53.5	    godhaven disko island	             disko island	
  16/05/1884	        NA	        NA	        NA	        NA	                       NA	                       NA	
  17/05/1884	   69 40 N	   55 15 W	      NA	      NA	      NA
  19/05/1884	        NA	        NA	        NA	        NA	                       NA	                       NA	
  19/05/1884	        NA	        NA	      69.8	     -53.5	     godhavn disko island	             disko island	
  20/05/1884	        NA	        NA	        NA	        NA	                       NA	                       NA	
  20/05/1884	        NA	        NA	      69.8	     -53.5	 godhaven island of disko	             disko island	
  21/05/1884	   70 34 N	      55 W	      NA	      NA	      NA
  22/05/1884	   70 34 N	   55 00 W	      NA	      NA	      NA
  23/05/1884	   70 42 N	   55 03 W	      NA	      NA	      NA
  24/05/1884	   71 17 N	   55 40 W	      NA	      NA	      NA
  25/05/1884	   71 19 N	   55 45 W	      NA	      NA	      NA
  26/05/1884	   71 46 N	   56 11 W	      NA	      NA	      NA
  27/05/1884	   73 02 N	   56 56 W	      NA	      NA	      NA
  29/05/1884	        NA	        NA	        NA	        NA	                       NA	                       NA	
  31/05/1884	   73 00 N	   56 12 W	      NA	      NA	      NA
  02/06/1884	   73 26 N	   56 12 W	      NA	      NA	      NA
  03/06/1884	   73 27 N	   56 40 W	      NA	      NA	      NA
  05/06/1884	   73 24 N	   56 14 W	      NA	      NA	      NA
  04/06/1884	   73 58 N	   57 51 W	      NA	      NA	      NA
  06/06/1884	   74 00 N	   57 47 W	      NA	      NA	      NA
  07/06/1884	   74 00 N	   57 46 W	      NA	      NA	      NA
  09/06/1884	        NA	        NA	        NA	        NA	                       NA	                       NA	
  11/06/1884	   74 02 N	   58 18 W	      NA	      NA	      NA
  12/06/1884	   74 11 N	   58 30 W	      NA	      NA	      NA
  13/06/1884	   74 14 N	   58 38 W	      NA	      NA	      NA
  14/06/1884	   75 01 N	   59 55 W	      NA	      NA	      NA
  15/06/1884	   75 18 N	   63 24 W	      NA	      NA	      NA
  17/06/1884	   75 43 N	   66 40 W	      NA	      NA	      NA
  18/06/1884	   75 45 N	   66 26 W	      NA	      NA	      NA
  19/06/1884	   76 02 N	   68 49 W	      NA	      NA	      NA
  20/06/1884	   76 41 N	   71 50 W	      NA	      NA	      NA
  21/06/1884	   78 24 N	      73 W	      NA	      NA	      NA
  22/06/1884	   78 46 N	   74 25 W	      NA	      NA	      NA
  23/06/1884	   78 19 N	   72 55 W	      NA	      NA	      NA
  24/06/1884	   77 16 N	   72 27 W	      NA	      NA	      NA
   25/6/1884	   76 29 N	   69 42 W	      NA	      NA	      NA
  26/06/1884	   75 58 N	      69 W	      NA	      NA	      NA
  27/06/1884	   75 29 N	   64 55 W	      NA	      NA	      NA
  28/06/1884	   75 22 N	   63 49 W	      NA	      NA	      NA
  29/06/1884	   74 51 N	   59 14 W	      NA	      NA	      NA
  30/06/1884	   74 14 N	      57 W	      NA	      NA	      NA
  02/07/1884	        NA	        NA	        NA	        NA	                       NA	                       NA	
  02/07/1884	        NA	        NA	      71.3	     -52.8	upernavik greenland and at sea	                upernivik	
  03/07/1884	   70 49 N	   55 54 W	      NA	      NA	      NA
  05/07/1884	        NA	        NA	        NA	        NA	                       NA	                       NA	
  05/07/1884	        NA	        NA	      69.2	     -53.5	    at godhaven greenland	                  godhavn	
  06/07/1884	   69 14 N	   53 30 W	      NA	      NA	      NA
  08/07/1884	   68 41 N	   53 47 W	      NA	      NA	      NA
  09/07/1884	   65 30 N	   55 13 W	      NA	      NA	      NA
  10/07/1884	   62 37 N	   55 42 W	      NA	      NA	      NA
  11/07/1884	   59 39 N	   54 50 W	      NA	      NA	      NA
  12/07/1884	   56 34 N	   54 22 W	      NA	      NA	      NA
  13/07/1884	   54 04 N	   53 49 W	      NA	      NA	      NA
  14/07/1884	   51 02 N	   53 20 W	      NA	      NA	      NA
  15/07/1884	   49 19 N	   52 19 W	      NA	      NA	      NA
  17/07/1884	        NA	        NA	        NA	        NA	                       NA	                       NA	
  17/07/1884	        NA	        NA	      47.5	     -52.7	              st johns nf	                st john`s	
  18/07/1884	        NA	        NA	        NA	        NA	                       NA	                       NA	
  18/07/1884	        NA	        NA	      47.5	     -52.7	           at st johns nf	                st john`s	
  19/07/1884	        NA	        NA	        NA	        NA	                       NA	                       NA	
  19/07/1884	        NA	        NA	      47.5	     -52.7	              st johns nf	                st john`s	
  20/07/1884	        NA	        NA	        NA	        NA	                       NA	                       NA	
  20/07/1884	        NA	        NA	      47.5	     -52.7	              st johns nf	                st john`s	
  21/07/1884	        NA	        NA	        NA	        NA	                       NA	                       NA	
  21/07/1884	        NA	        NA	      47.5	     -52.7	              st johns nf	                st john`s	
  24/07/1884	        NA	        NA	        NA	        NA	                       NA	                       NA	
  24/07/1884	        NA	        NA	      47.5	     -52.7	              st johns nf	                st john`s	
  25/07/1884	        NA	        NA	        NA	        NA	                       NA	                       NA	
  26/07/1884	     46 00	   54 47 W	      NA	      NA	      NA
  27/07/1884	   45 09 N	   58 04 W	      NA	      NA	      NA
  28/07/1884	   43 58 N	   62 11 W	      NA	      NA	      NA
  29/07/1884	   42 51 N	   65 20 W	      NA	      NA	      NA
  30/07/1884	   42 43 N	   68 28 W	      NA	      NA	      NA
  01/08/1884	        NA	        NA	        NA	        NA	                       NA	                       NA	
 04/08/1884	   42 48 N	   70 36 W	      NA	      NA	      NA
  05/08/1884	   41 34 N	   69 53 W	      NA	      NA	      NA
  06/08/1884	   40 51 N	   72 12 W	      NA	      NA	      NA
  08/08/1884	        NA	        NA	        NA	        NA	                       NA	                       NA	
  08/08/1884	        NA	        NA	      40.7	     -74.0	          new york harbor	                 new york	
  09/08/1884	        NA	        NA	        NA	        NA	                       NA	                       NA	
  09/08/1884	        NA	        NA	      40.7	     -74.0	          new york harbor	                 new york	
  10/08/1884	        NA	        NA	        NA	        NA	                       NA	                       NA	
  10/08/1884	        NA	        NA	      40.7	     -74.0	          new york harbor	                 new york	
  11/08/1884	        NA	        NA	        NA	        NA	                       NA	                       NA	
  11/08/1884	        NA	        NA	      40.6	     -74.0	    navy yard brooklyn ny	                 brooklyn	
  12/08/1884	        NA	        NA	        NA	        NA	                       NA	                       NA	
  12/08/1884	        NA	        NA	      40.6	     -74.0	    navy yard brooklyn ny	                 brooklyn	
  13/08/1884	        NA	        NA	        NA	        NA	                       NA	                       NA	
  13/08/1884	        NA	        NA	      40.6	     -74.0	    navy yard brooklyn ny	                 brooklyn	
  14/08/1884	        NA	        NA	        NA	        NA	                       NA	                       NA	
  14/08/1884	        NA	        NA	      40.6	     -74.0	    navy yard brooklyn ny	                 brooklyn	
  15/08/1884	        NA	        NA	        NA	        NA	                       NA	                       NA	
  15/08/1884	        NA	        NA	      40.6	     -74.0	    navy yard brooklyn ny	                 brooklyn	
  16/08/1884	        NA	        NA	        NA	        NA	                       NA	                       NA	
  16/08/1884	        NA	        NA	      40.6	     -74.0	    navy yard brooklyn ny	                 brooklyn	
  17/08/1884	   40 39 N	   73 57 W	      NA	      NA	      NA
  18/08/1884	        NA	        NA	        NA	        NA	                       NA	                       NA	
  18/08/1884	        NA	        NA	      40.7	     -73.9	in dry dock navy yard brooklyn ny	     us navy yard brookly	
  19/08/1884	        NA	        NA	        NA	        NA	                       NA	                       NA	
  19/08/1884	        NA	        NA	      40.7	     -73.9	in dry dock navy yard brooklyn ny	     us navy yard brookly	
  20/08/1884	        NA	        NA	        NA	        NA	                       NA	                       NA	
  20/08/1884	        NA	        NA	      40.7	     -73.9	in dry dock navy yard brooklyn ny	     us navy yard brookly	
  21/08/1884	        NA	        NA	        NA	        NA	                       NA	                       NA	
  21/08/1884	        NA	        NA	      40.7	     -73.9	in dry dock navy yard brooklyn ny	     us navy yard brookly	
  22/08/1884	        NA	        NA	        NA	        NA	                       NA	                       NA	
  22/08/1884	        NA	        NA	      40.7	     -73.9	in dry dock navy yard brooklyn ny	     us navy yard brookly	
  23/08/1884	        NA	        NA	        NA	        NA	                       NA	                       NA	
  23/08/1884	        NA	        NA	      40.7	     -73.9	 in dry dock navy yard ny	     us navy yard brookly	
  24/08/1884	        NA	        NA	        NA	        NA	                       NA	                       NA	
  24/08/1884	        NA	        NA	      40.6	     -74.0	 in dry dock navy yard ny	                 brooklyn	
  25/08/1884	        NA	        NA	        NA	        NA	                       NA	                       NA	
  25/08/1884	        NA	        NA	      40.7	     -73.9	 in dry dock navy yard ny	     us navy yard brookly	
  26/08/1884	        NA	        NA	        NA	        NA	                       NA	                       NA	
  26/08/1884	        NA	        NA	      40.7	     -73.9	 in dry dock navy yard ny	     us navy yard brookly	
  27/08/1884	        NA	        NA	        NA	        NA	                       NA	                       NA	
  27/08/1884	        NA	        NA	      40.7	     -73.9	    dry dock navy yard ny	     us navy yard brookly	
  28/08/1884	        NA	        NA	        NA	        NA	                       NA	                       NA	
  28/08/1884	        NA	        NA	      40.7	     -73.9	dry dock navy yard brooklyn ny	     us navy yard brookly	
  29/08/1884	        NA	        NA	        NA	        NA	                       NA	                       NA	
  29/08/1884	        NA	        NA	      40.6	     -74.0	    navy yard brooklyn ny	                 brooklyn	
  30/08/1884	        NA	        NA	        NA	        NA	                       NA	                       NA	
  30/08/1884	        NA	        NA	      40.7	     -73.9	    dry dock navy yard ny	     us navy yard brookly	
  31/08/1884	        NA	        NA	        NA	        NA	                       NA	                       NA	
  31/08/1884	        NA	        NA	        NA	        NA	 in dry dock navy yard ny	                       NA	
  01/09/1884	        NA	        NA	        NA	        NA	                       NA	                       NA	
  01/09/1884	        NA	        NA	        NA	        NA	    dry dock navy yard ny	                       NA	
  02/09/1884	        NA	        NA	        NA	        NA	                       NA	                       NA	
  02/09/1884	        NA	        NA	      40.7	     -73.9	dry dock navy yard brooklyn ny	     us navy yard brookly	
  03/09/1884	        NA	        NA	        NA	        NA	                       NA	                       NA	
  03/09/1884	        NA	        NA	        NA	        NA	    dry dock navy yard ny	                       NA	
  04/09/1884	        NA	        NA	        NA	        NA	                       NA	                       NA	
  04/09/1884	        NA	        NA	        NA	        NA	    dry dock navy yard ny	                       NA	
  05/09/1884	        NA	        NA	        NA	        NA	                       NA	                       NA	
  05/09/1884	        NA	        NA	        NA	        NA	    dry dock navy yard ny	                       NA	
  06/09/1884	        NA	        NA	        NA	        NA	                       NA	                       NA	
  06/09/1884	        NA	        NA	        NA	        NA	    dry dock navy yard ny	                       NA	
  07/09/1884	        NA	        NA	        NA	        NA	                       NA	                       NA	
  07/09/1884	        NA	        NA	        NA	        NA	    dry dock navy yard ny	                       NA	
  08/09/1884	        NA	        NA	        NA	        NA	                       NA	                       NA	
  08/09/1884	        NA	        NA	        NA	        NA	    dry dock navy yard ny	                       NA	
  09/09/1884	        NA	        NA	        NA	        NA	                       NA	                       NA	
  09/09/1884	        NA	        NA	        NA	        NA	    dry dock navy yard ny	                       NA	
  10/09/1884	        NA	        NA	        NA	        NA	                       NA	                       NA	
  10/09/1884	        NA	        NA	      40.7	     -74.0	in dry dock navy yard new york	                 new york	
  11/09/1884	        NA	        NA	        NA	        NA	                       NA	                       NA	
  11/09/1884	        NA	        NA	      40.6	     -74.0	    navy yard brooklyn ny	                 brooklyn	
  12/09/1884	        NA	        NA	        NA	        NA	                       NA	                       NA	
  12/09/1884	        NA	        NA	      40.6	     -74.0	    navy yard brooklyn ny	                 brooklyn	
  13/09/1884	        NA	        NA	        NA	        NA	                       NA	                       NA	
  13/09/1884	        NA	        NA	      40.6	     -74.0	navy yard brooklyn new york	                 new york	
  14/09/1884	        NA	        NA	        NA	        NA	                       NA	                       NA	
  14/09/1884	        NA	        NA	      40.6	     -74.0	navy yard brooklyn new york	                 new york	
  15/09/1884	        NA	        NA	        NA	        NA	                       NA	                       NA	
  15/09/1884	        NA	        NA	      40.6	     -74.0	navy yard brooklyn new york	                 new york	
  16/09/1884	        NA	        NA	        NA	        NA	                       NA	                       NA	
  16/09/1884	        NA	        NA	      40.6	     -74.0	navy yard brooklyn new york	                 new york	
  17/09/1884	        NA	        NA	        NA	        NA	                       NA	                       NA	
  17/09/1884	        NA	        NA	      40.7	     -74.0	navy yard brooklyn new york	                 new york	
  18/09/1884	        NA	        NA	        NA	        NA	                       NA	                       NA	
  18/09/1884	        NA	        NA	      40.7	     -74.0	navy yard brooklyn new york	                 new york	
  19/09/1884	        NA	        NA	        NA	        NA	                       NA	                       NA	
  19/09/1884	        NA	        NA	      40.7	     -74.0	navy yard brooklyn new york	                 new york	
  20/09/1884	        NA	        NA	        NA	        NA	                       NA	                       NA	
  20/09/1884	        NA	        NA	      40.6	     -74.0	    navy yard brooklyn ny	                 brooklyn	
  21/09/1884	        NA	        NA	        NA	        NA	                       NA	                       NA	
  21/09/1884	        NA	        NA	      40.6	     -74.0	    navy yard brooklyn ny	                 brooklyn	
  22/09/1884	        NA	        NA	        NA	        NA	                       NA	                       NA	
  22/09/1884	        NA	        NA	        NA	        NA	                       NA	                       NA	
  22/09/1884	        NA	        NA	        NA	        NA	                       NA	                       NA	
  22/09/1884	        NA	        NA	        NA	        NA	                       NA	                       NA	
  22/09/1884	        NA	        NA	        NA	        NA	                       NA	                       NA	
  22/09/1884	        NA	        NA	        NA	        NA	                       NA	                       NA	
  22/09/1884	        NA	        NA	        NA	        NA	                       NA	                       NA	
  23/09/1884	        NA	        NA	        NA	        NA	                       NA	                       NA	
  23/09/1884	        NA	        NA	      40.6	     -74.0	    navy yard brooklyn ny	                 brooklyn	
  24/09/1884	        NA	        NA	        NA	        NA	                       NA	                       NA	
  24/09/1884	        NA	        NA	      40.6	     -74.0	    navy yard brooklyn ny	                 brooklyn	
  25/09/1884	        NA	        NA	        NA	        NA	                       NA	                       NA	
  25/09/1884	        NA	        NA	        NA	        NA	             navy yard ny	                       NA	
  26/09/1884	        NA	        NA	        NA	        NA	                       NA	                       NA	
  26/09/1884	        NA	        NA	        NA	        NA	             navy yard ny	                       NA	
  27/09/1884	        NA	        NA	        NA	        NA	                       NA	                       NA	
  27/09/1884	        NA	        NA	        NA	        NA	             navy yard ny	                       NA	
  28/09/1884	        NA	        NA	        NA	        NA	                       NA	                       NA	
  28/09/1884	        NA	        NA	        NA	        NA	             navy yard ny	                       NA	
  29/09/1884	        NA	        NA	        NA	        NA	                       NA	                       NA	
  29/09/1884	        NA	        NA	      40.6	     -73.9	moored to cob dock navy yard brooklyn ny	     us navy yard brookly	
  30/09/1884	        NA	        NA	        NA	        NA	                       NA	                       NA	
  30/09/1884	        NA	        NA	      40.6	     -73.9	moored to cob dock navy yard brooklyn ny	     us navy yard brookly	
  01/10/1884	        NA	        NA	        NA	        NA	                       NA	                       NA	
  01/10/1884	        NA	        NA	      40.7	     -74.0	moored to cob dock navy yard new york	                 new york	
  02/10/1884	        NA	        NA	        NA	        NA	                       NA	                       NA	
  02/10/1884	        NA	        NA	      40.7	     -74.0	moored to cab dock navy yard new york	                 new york	
  03/10/1884	        NA	        NA	        NA	        NA	                       NA	                       NA	
  03/10/1884	        NA	        NA	      40.7	     -74.0	moored to cob dock navy yard new york	                 new york	
  04/10/1884	        NA	        NA	        NA	        NA	                       NA	                       NA	
  04/10/1884	        NA	        NA	      40.7	     -74.0	moored to cob dock navy yard new york	                 new york	
  05/10/1884	        NA	        NA	        NA	        NA	                       NA	                       NA	
  05/10/1884	        NA	        NA	      40.7	     -74.0	moored to cab dock navy yard new york ny	                 new york	
  06/10/1884	        NA	        NA	        NA	        NA	                       NA	                       NA	
  06/10/1884	        NA	        NA	      40.7	     -74.0	moored to cob dock navy yard new york	                 new york	
  07/10/1884	        NA	        NA	        NA	        NA	                       NA	                       NA	
  07/10/1884	        NA	        NA	      40.7	     -74.0	moored to cob dock navy yard new york	                 new york	
  08/10/1884	        NA	        NA	        NA	        NA	                       NA	                       NA	
  08/10/1884	        NA	        NA	      40.7	     -74.0	moored to cob dock navy yard new york	                 new york	
  09/10/1884	        NA	        NA	        NA	        NA	                       NA	                       NA	
  09/10/1884	        NA	        NA	      40.7	     -74.0	moored to cob dock navy yard new york	                 new york	
  10/10/1884	        NA	        NA	        NA	        NA	                       NA	                       NA	
  10/10/1884	        NA	        NA	      40.7	     -74.0	moored to cob dock navy yard new york	                 new york	
  11/10/1884	        NA	        NA	        NA	        NA	                       NA	                       NA	
  11/10/1884	        NA	        NA	      40.7	     -74.0	moored to cob dock navy yard new york	                 new york	
  12/10/1884	        NA	        NA	        NA	        NA	                       NA	                       NA	
  12/10/1884	        NA	        NA	      40.7	     -74.0	moored to cob dock navy yard new york	                 new york	
  13/10/1884	        NA	        NA	        NA	        NA	                       NA	                       NA	
  13/10/1884	        NA	        NA	      40.7	     -74.0	moored to cob dock navy yard new york	                 new york	
  14/10/1884	        NA	        NA	        NA	        NA	                       NA	                       NA	
  14/10/1884	        NA	        NA	      40.7	     -74.0	moored to cob dock navy yard new york	                 new york	
  15/10/1884	        NA	        NA	        NA	        NA	                       NA	                       NA	
 19/10/1884	        NA	        NA	        NA	        NA	                       NA	                       NA	
  19/10/1884	        NA	        NA	        NA	        NA	                       NA	                       NA	
  19/10/1884	        NA	        NA	        NA	        NA	                       NA	                       NA	
  19/10/1884	        NA	        NA	        NA	        NA	                       NA	                       NA	
  19/10/1884	        NA	        NA	        NA	        NA	                       NA	                       NA	
  19/10/1884	        NA	        NA	        NA	        NA	                       NA	                       NA	
  19/10/1884	        NA	        NA	        NA	        NA	                       NA	                       NA	
  19/10/1884	        NA	        NA	        NA	        NA	                       NA	                       NA	
  19/10/1884	        NA	        NA	        NA	        NA	                       NA	                       NA	
  19/10/1884	        NA	        NA	        NA	        NA	                       NA	                       NA	
  19/10/1884	        NA	        NA	        NA	        NA	                       NA	                       NA	
  19/10/1884	        NA	        NA	        NA	        NA	                       NA	                       NA	
  19/10/1884	        NA	        NA	        NA	        NA	                       NA	                       NA	
