  01/05/1886	        NA	        NA	        NA	        NA	                       NA	                       NA	
  01/05/1886	        NA	        NA	        NA	        NA	                       NA	                       NA	
  01/05/1886	        NA	        NA	        NA	        NA	                       NA	                       NA	
  01/05/1886	        NA	        NA	        NA	        NA	                       NA	                       NA	
  01/05/1886	        NA	        NA	        NA	        NA	                       NA	                       NA	
  01/05/1886	        NA	        NA	        NA	        NA	                       NA	                       NA	
  01/05/1886	        NA	        NA	        NA	        NA	                       NA	                       NA	
  01/05/1886	        NA	        NA	        NA	        NA	                       NA	                       NA	
  05/05/1886	        NA	  122 56 W	      NA	      NA	      NA
  06/05/1886	   39 04 N	  125 46 W	      NA	      NA	      NA
  07/05/1886	   40 33 N	  129 50 W	      NA	      NA	      NA
  07/05/1886	   42 20 N	  131 49 W	      NA	      NA	      NA
  08/05/1886	        NA	        NA	        NA	        NA	                       NA	                       NA	
  09/05/1886	   43 48 N	  134 16 W	      NA	      NA	      NA
  10/05/1886	   45 03 N	  138 01 W	      NA	      NA	      NA
  11/05/1886	   46 18 N	  141 45 W	      NA	      NA	      NA
  12/05/1886	        NA	  145 08 W	      NA	      NA	      NA
  13/05/1886	   49 53 N	  148 44 W	      NA	      NA	      NA
  14/05/1886	   50 57 N	  151 04 W	      NA	      NA	      NA
  15/05/1886	   51 57 N	  157 12 W	      NA	      NA	      NA
  16/05/1886	   52 44 N	  161 16 W	      NA	      NA	      NA
  17/05/1886	   53 51 N	  165 45 W	      NA	      NA	      NA
  18/05/1886	        NA	        NA	        NA	        NA	                       NA	                       NA	
  18/05/1886	        NA	        NA	        NA	        NA	                ounalaska	                       NA	
  19/05/1886	        NA	        NA	        NA	        NA	                       NA	                       NA	
  19/05/1886	        NA	        NA	        NA	        NA	                ounalaska	                       NA	
  20/05/1886	        NA	        NA	      53.9	    -166.5	          unalaska alaska	             unalaska bay	
  20/05/1886	        NA	        NA	        NA	        NA	                ounalaska	                       NA	
  21/05/1886	        NA	        NA	      53.9	    -166.5	          unalaska alaska	             unalaska bay	
  21/05/1886	        NA	        NA	        NA	        NA	                ounalaska	                       NA	
  22/05/1886	        NA	        NA	      53.9	    -166.5	          unalaska alaska	             unalaska bay	
  22/05/1886	        NA	        NA	        NA	        NA	                       NA	                       NA	
  23/05/1886	        NA	        NA	      53.9	    -166.5	          unalaska alaska	             unalaska bay	
  23/05/1886	        NA	        NA	      53.9	    -166.5	         ounalaska alaska	             unalaska bay	
  24/05/1886	        NA	        NA	      53.9	    -166.5	          unalaska alaska	             unalaska bay	
  24/05/1886	        NA	        NA	      53.9	    -166.5	         ounalaska alaska	             unalaska bay	
  25/05/1886	   54 01 N	  167 13 W	      NA	      NA	      NA
  26/05/1886	   56 48 N	  169 50 W	      NA	      NA	      NA
  27/05/1886	        NA	        NA	        NA	        NA	                       NA	                       NA	
  27/05/1886	        NA	        NA	        NA	        NA	                       NA	                       NA	
  28/05/1886	        NA	        NA	        NA	        NA	                       NA	                       NA	
  28/05/1886	        NA	        NA	      57.1	    -170.3	            st pauls isld	                  st paul	
  29/05/1886	        NA	        NA	        NA	        NA	                       NA	                       NA	
  29/05/1886	        NA	        NA	      57.1	    -170.3	            st pauls isld	                  st paul	
  30/05/1886	        NA	        NA	        NA	        NA	                       NA	                       NA	
  30/05/1886	        NA	        NA	      57.1	    -170.3	           st paul island	           st paul island	
  31/05/1886	   57 36 N	  170 35 W	      NA	      NA	      NA
  01/06/1886	   59 46 N	  171 55 W	      NA	      NA	      NA
  02/06/1886	   60 27 N	  174 00 W	      NA	      NA	      NA
  03/06/1886	   61 58 N	  174 53 W	      NA	      NA	      NA
  04/06/1886	   61 29 N	  176 08 W	      NA	      NA	      NA
  05/06/1886	   62 22 N	  177 19 W	      NA	      NA	      NA
  06/06/1886	   63 06 N	  178 18 W	      NA	      NA	      NA
  07/06/1886	   63 47 N	  178 20 W	      NA	      NA	      NA
  08/06/1886	   64 24 N	  177 27 W	      NA	      NA	      NA
  09/06/1886	   64 15 N	  175 58 W	      NA	      NA	      NA
  10/06/1886	   64 01 N	  175 49 W	      NA	      NA	      NA
  11/06/1886	   64 01 N	  175 49 W	      NA	      NA	      NA
  12/06/1886	   64 00 N	  174 42 W	      NA	      NA	      NA
  13/06/1886	   63 53 N	  174 36 W	      NA	      NA	      NA
  14/06/1886	        NA	  172 18 W	      NA	      NA	      NA
  15/06/1886	        NA	        NA	        NA	        NA	                       NA	                       NA	
  15/06/1886	        NA	        NA	      64.4	    -172.2	          at cape chaplin	             cape chaplin	
  16/06/1886	   64 36 N	  171 47 W	      NA	      NA	      NA
  17/06/1886	        NA	        NA	        NA	        NA	                       NA	                       NA	
  18/06/1886	   66 03 N	  169 44 W	      NA	      NA	      NA
  19/06/1886	   64 50 N	  167 14 W	      NA	      NA	      NA
  20/06/1886	        NA	        NA	      63.5	    -162.0	 st michael bearing south	               st michael	
  21/06/1886	   64 04 N	  164 52 W	      NA	      NA	      NA
  22/06/1886	   63 03 N	  168 53 W	      NA	      NA	      NA
  23/06/1886	   61 27 N	  168 34 W	      NA	      NA	      NA
  24/06/1886	   59 57 N	  166 42 W	      NA	      NA	      NA
  25/06/1886	   59 56 N	  165 47 W	      NA	      NA	      NA
  26/06/1886	   60 04 N	  168 39 W	      NA	      NA	      NA
  27/06/1886	   60 10 N	  173 11 W	      NA	      NA	      NA
  28/06/1886	   60 27 N	  173 42 W	      NA	      NA	      NA
  29/06/1886	        NA	        NA	        NA	        NA	                       NA	                       NA	
  30/06/1886	        NA	        NA	        NA	        NA	                       NA	                       NA	
  30/06/1886	        NA	        NA	        NA	        NA	               halls isld	                       NA	
  01/07/1886	   61 00 N	  172 24 W	      NA	      NA	      NA
  02/07/1886	   63 47 N	  171 36 W	      NA	      NA	      NA
  03/07/1886	   63 36 N	  168 23 W	      NA	      NA	      NA
  04/07/1886	   63 52 N	  162 40 W	      NA	      NA	      NA
  05/07/1886	        NA	        NA	        NA	        NA	             norton sound	                       NA	
  05/07/1886	        NA	        NA	      63.5	    -162.0	       st michaels alaska	               st michael	
  06/07/1886	        NA	        NA	        NA	        NA	                       NA	                       NA	
  06/07/1886	        NA	        NA	      63.5	    -162.0	              st michaels	               st michael	
  07/07/1886	     64 00	        NA	      NA	      NA	      NA
  08/07/1886	   64 19 N	  163 25 W	      NA	      NA	      NA
  09/07/1886	   64 11 N	  164 42 W	      NA	      NA	      NA
  10/07/1886	   64 57 N	  167 05 W	      NA	      NA	      NA
  11/07/1886	        NA	        NA	      65.2	    -166.7	     port clarence alaska	           port clearance	
  11/07/1886	        NA	        NA	      65.2	    -166.7	            port clarence	           port clearance	
  12/07/1886	        NA	        NA	      65.2	    -166.7	     port clarence alaska	           port clearance	
  12/07/1886	        NA	        NA	      65.2	    -166.7	            port clarence	           port clearance	
  13/07/1886	        NA	        NA	      65.2	    -166.7	     port clarence alaska	           port clearance	
  13/07/1886	        NA	        NA	      65.2	    -166.7	            port clarence	           port clearance	
  14/07/1886	        NA	        NA	      65.2	    -166.7	     port clarence alaska	           port clearance	
  14/07/1886	        NA	        NA	      65.2	    -166.7	            port clarence	           port clearance	
  15/07/1886	        NA	        NA	      65.2	    -166.7	     port clarence alaska	           port clearance	
  15/07/1886	        NA	        NA	      65.2	    -166.7	            port clarence	           port clearance	
  16/07/1886	        NA	        NA	      65.2	    -166.7	     port clarence alaska	           port clearance	
  16/07/1886	        NA	        NA	      65.2	    -166.7	            port clarence	           port clearance	
  17/07/1886	        NA	        NA	      65.2	    -166.7	     port clarence alaska	           port clearance	
  17/07/1886	        NA	        NA	      65.2	    -166.7	            port clarence	           port clearance	
  18/07/1886	   66 46 N	  166 02 W	      NA	      NA	      NA
  19/07/1886	   66 56 N	  162 55 W	      NA	      NA	      NA
  20/07/1886	        NA	        NA	        NA	        NA	                       NA	                       NA	
  21/07/1886	        NA	  162 38 W	      NA	      NA	      NA
  22/07/1886	        NA	        NA	      66.5	    -162.8	           kotzebue sound	           kotzebue sound	
  22/07/1886	        NA	        NA	      66.5	    -162.8	           kotzebue sound	           kotzebue sound	
  23/07/1886	        NA	        NA	      66.5	    -162.8	           kotzebue sound	           kotzebue sound	
  23/07/1886	        NA	        NA	      66.5	    -162.8	           kotzebue sound	           kotzebue sound	
  24/07/1886	   67 22 N	  163 35 W	      NA	      NA	      NA
  25/07/1886	   65 06 N	  164 38 W	      NA	      NA	      NA
  26/07/1886	        NA	        NA	      68.3	    -166.8	               point hope	               point hope	
  26/07/1886	        NA	        NA	        NA	        NA	            cape thompson	                       NA	
  27/07/1886	   68 53 N	  165 44 W	      NA	      NA	      NA
  28/07/1886	        NA	        NA	      68.3	    -166.8	               point hope	               point hope	
  28/07/1886	        NA	        NA	      68.9	    -165.1	        off the coal vein	                coal vein	
  29/07/1886	        NA	        NA	      68.9	    -165.1	        off the coal vein	                coal vein	
  30/07/1886	   68 22 N	  163 24 W	      NA	      NA	      NA
  31/07/1886	   70 05 N	  162 18 W	      NA	      NA	      NA
  01/08/1886	   70 03 N	        NA	      NA	      NA	      NA
  02/08/1886	        NA	        NA	        NA	        NA	                       NA	                       NA	
  02/08/1886	        NA	        NA	      70.3	    -161.9	   at anchor ice cape n22	                 icy cape	
  03/08/1886	        NA	        NA	        NA	        NA	                       NA	                       NA	
  03/08/1886	        NA	        NA	      70.3	    -161.9	   at anchor icy cape n22	                 icy cape	
  04/08/1886	        NA	        NA	        NA	        NA	                       NA	                       NA	
  04/08/1886	        NA	        NA	      70.3	    -161.9	   at anchor icy cape n22	                 icy cape	
  05/08/1886	   70 04 N	        NA	      NA	      NA	      NA
  06/08/1886	        NA	        NA	        NA	        NA	                       NA	                       NA	
  06/08/1886	        NA	        NA	      70.3	    -161.9	   at anchor icy cape n22	                 icy cape	
  07/08/1886	        NA	        NA	        NA	        NA	                       NA	                       NA	
  07/08/1886	        NA	        NA	      70.3	    -161.9	   at anchor icy cape n22	                 icy cape	
  08/08/1886	        NA	        NA	        NA	        NA	                       NA	                       NA	
  08/08/1886	        NA	        NA	      70.3	    -161.9	   at anchor icy cape n22	                 icy cape	
  09/08/1886	        NA	        NA	        NA	        NA	                       NA	                       NA	
  09/08/1886	        NA	        NA	      70.3	    -161.9	   at anchor icy cape n22	                 icy cape	
  10/08/1886	   70 17 N	  162 28 W	      NA	      NA	      NA
  11/08/1886	   70 52 N	  160 56 W	      NA	      NA	      NA
  12/08/1886	   70 44 N	  160 11 W	      NA	      NA	      NA
  13/08/1886	   71 03 N	  158 40 W	      NA	      NA	      NA
  14/08/1886	        NA	        NA	      71.4	    -156.5	             point barrow	             point barrow	
  14/08/1886	        NA	        NA	      71.4	    -156.5	      point barrow alaska	             point barrow	
  15/08/1886	        NA	        NA	      71.4	    -156.5	      point barrow alaska	             point barrow	
  15/08/1886	        NA	        NA	      71.4	    -156.5	      point barrow alaska	             point barrow	
  16/08/1886	   70 56 N	  160 06 W	      NA	      NA	      NA
  17/08/1886	   70 56 N	  160 45 W	      NA	      NA	      NA
  18/08/1886	   69 52 N	  162 51 W	      NA	      NA	      NA
  19/08/1886	   68 51 N	  165 13 W	      NA	      NA	      NA
  20/08/1886	        NA	        NA	        NA	        NA	                       NA	                       NA	
  20/08/1886	        NA	        NA	      68.9	    -166.2	cape lisburne station arctic ocean	            cape lisburne	
  21/08/1886	        NA	        NA	        NA	        NA	                       NA	                       NA	
  23/08/1886	        NA	        NA	        NA	        NA	                       NA	                       NA	
  24/08/1886	   66 41 N	  162 36 W	      NA	      NA	      NA
  25/08/1886	        NA	        NA	        NA	        NA	                       NA	                       NA	
  26/08/1886	   66 40 N	  163 58 W	      NA	      NA	      NA
  27/08/1886	        NA	        NA	        NA	        NA	                       NA	                       NA	
  28/08/1886	   63 57 N	  163 25 W	      NA	      NA	      NA
  29/08/1886	   63 28 N	  162 50 W	      NA	      NA	      NA
  30/08/1886	        NA	        NA	        NA	        NA	             norton sound	                       NA	
  30/08/1886	        NA	        NA	      63.5	    -162.0	              st michaels	               st michael	
  31/08/1886	        NA	        NA	      63.5	    -162.0	               st michael	               st michael	
  31/08/1886	        NA	        NA	      63.5	    -162.0	              st michaels	               st michael	
  01/09/1886	        NA	        NA	      63.5	    -162.0	               st michael	               st michael	
  01/09/1886	        NA	        NA	      63.5	    -162.0	              st michaels	               st michael	
  02/09/1886	        NA	        NA	      63.5	    -162.0	               st michael	               st michael	
  02/09/1886	        NA	        NA	      63.5	    -162.0	              st michaels	               st michael	
  03/09/1886	        NA	        NA	      63.5	    -162.0	               st michael	               st michael	
  03/09/1886	        NA	        NA	      63.5	    -162.0	              st michaels	               st michael	
  04/09/1886	   63 56 N	  162 50 W	      NA	      NA	      NA
  05/09/1886	   64 07 N	  169 25 W	      NA	      NA	      NA
  06/09/1886	        NA	   173 17 W	      NA	      NA	      NA
  06/08/1886	        NA	        NA	        NA	        NA	                       NA	                       NA	
  07/09/1886	        NA	        NA	      64.4	    -173.3	               plover bay	               plover bay	
  08/09/1886	   61 07 N	  171 35 W	      NA	      NA	      NA
  09/09/1886	   58 38 N	  170 35 W	      NA	      NA	      NA
  10/09/1886	        NA	        NA	      57.1	    -170.3	          st pauls island	           st paul island	
  10/09/1886	        NA	        NA	        NA	        NA	                       NA	                       NA	
  11/09/1886	        NA	        NA	      56.6	    -169.6	        st georges island	         st george island	
  11/09/1886	        NA	        NA	      57.1	    -170.3	          st pauls island	           st paul island	
  12/09/1886	   55 55 N	  168 35 W	      NA	      NA	      NA
  13/09/1886	   55 15 N	  167 54 W	      NA	      NA	      NA
  14/09/1886	        NA	        NA	      53.9	    -166.5	         ounalaska harbor	             unalaska bay	
  15/09/1886	        NA	        NA	        NA	        NA	                 unalaska	                       NA	
  15/09/1886	        NA	        NA	        NA	        NA	                ounalaska	                       NA	
  16/09/1886	        NA	        NA	        NA	        NA	                 unalaska	                       NA	
  16/09/1886	        NA	        NA	        NA	        NA	                ounalaska	                       NA	
  17/09/1886	        NA	        NA	        NA	        NA	                 unalaska	                       NA	
  17/09/1886	        NA	        NA	        NA	        NA	                ounalaska	                       NA	
  18/09/1886	        NA	        NA	        NA	        NA	                 unalaska	                       NA	
  18/09/1886	        NA	        NA	        NA	        NA	                ounalaska	                       NA	
  19/09/1886	   54 31 N	  166 20 W	      NA	      NA	      NA
  20/09/1886	   55 44 N	  166 54 W	      NA	      NA	      NA
  21/09/1886	   56 19 N	  167 39 W	      NA	      NA	      NA
  22/09/1886	        NA	        NA	      57.1	    -170.3	   st pauls island w12s30	           st paul island	
  23/09/1886	        NA	        NA	      57.1	    -170.3	st pauls island east landing	           st paul island	
  24/09/1886	        NA	        NA	      56.6	    -169.6	st georges island village se 2	         st george island	
  24/09/1886	        NA	        NA	      57.1	    -170.3	          st pauls island	           st paul island	
  25/09/1886	        NA	        NA	      57.1	    -170.3	ne pt st pauls island ne 3	           st paul island	
  26/09/1886	        NA	        NA	        NA	        NA	                       NA	                       NA	
  26/09/1886	        NA	        NA	      57.1	    -170.3	      ne pt st pauls isld	                  st paul	
  27/09/1886	        NA	        NA	      56.6	    -169.6	    st georges isld se12e	                st george	
  27/09/1886	        NA	        NA	      57.1	    -170.3	      st pauls isld ne pt	                  st paul	
  28/09/1886	      56 N	  168 50 W	      NA	      NA	      NA
  29/09/1886	   55 07 N	  167 36 W	      NA	      NA	      NA
  30/09/1886	        NA	        NA	      53.9	    -166.5	         ounalaska harbor	             unalaska bay	
  01/10/1886	        NA	        NA	      53.9	    -166.5	          unalaska alaska	             unalaska bay	
  01/10/1886	        NA	        NA	        NA	        NA	                ounalaska	                       NA	
  02/10/1886	        NA	        NA	        NA	        NA	                 unalaska	                       NA	
  02/10/1886	        NA	        NA	        NA	        NA	                ounalaska	                       NA	
  03/10/1886	        NA	        NA	        NA	        NA	                 unalaska	                       NA	
  03/10/1886	        NA	        NA	        NA	        NA	                ounalaska	                       NA	
  04/10/1886	        NA	        NA	        NA	        NA	                 unalaska	                       NA	
  04/10/1886	        NA	        NA	        NA	        NA	                ounalaska	                       NA	
  05/10/1886	        NA	        NA	        NA	        NA	                 unalaska	                       NA	
  05/10/1886	        NA	        NA	        NA	        NA	                ounalaska	                       NA	
  06/10/1886	        NA	        NA	        NA	        NA	                 unalaska	                       NA	
  06/10/1886	        NA	        NA	        NA	        NA	                ounalaska	                       NA	
  07/10/1886	        NA	        NA	        NA	        NA	                 unalaska	                       NA	
  07/10/1886	        NA	        NA	        NA	        NA	                ounalaska	                       NA	
  08/10/1886	        NA	        NA	        NA	        NA	                 unalaska	                       NA	
  08/10/1886	        NA	        NA	        NA	        NA	                ounalaska	                       NA	
  09/10/1886	        NA	        NA	        NA	        NA	                 unalaska	                       NA	
  09/10/1886	        NA	        NA	        NA	        NA	                ounalaska	                       NA	
  10/10/1886	        NA	        NA	        NA	        NA	                 unalaska	                       NA	
  10/10/1886	        NA	        NA	        NA	        NA	                ounalaska	                       NA	
  11/10/1886	   52 40 N	  162 50 W	      NA	      NA	      NA
  12/10/1886	   51 22 N	  157 47 W	      NA	      NA	      NA
  13/10/1886	   49 58 N	  154 29 W	      NA	      NA	      NA
  14/10/1886	   48 36 N	  150 03 W	      NA	      NA	      NA
  15/10/1886	   47 30 N	  146 39 W	      NA	      NA	      NA
  16/10/1886	   46 13 N	  142 53 W	      NA	      NA	      NA
  17/10/1886	   44 38 N	  139 13 W	      NA	      NA	      NA
  18/10/1886	   43 18 N	  135 50 W	      NA	      NA	      NA
  19/10/1886	   41 36 N	  131 09 W	      NA	      NA	      NA
  20/10/1886	   39 48 N	  127 28 W	      NA	      NA	      NA
  21/10/1886	   38 10 N	  123 49 W	      NA	      NA	      NA
  22/10/1886	        NA	        NA	        NA	        NA	                       NA	                       NA	
  23/10/1886	        NA	        NA	      37.8	    -122.4	        san francisco cal	        san francisco bay	
  23/10/1886	        NA	        NA	      37.8	    -122.4	        san francisco cal	        san francisco bay	
  24/10/1886	        NA	        NA	      37.8	    -122.4	        san francisco cal	        san francisco bay	
  24/10/1886	        NA	        NA	      37.8	    -122.4	        san francisco cal	        san francisco bay	
  25/10/1886	        NA	        NA	      37.8	    -122.4	        san francisco cal	        san francisco bay	
  25/10/1886	        NA	        NA	      37.8	    -122.4	        san francisco cal	        san francisco bay	
  26/10/1886	        NA	        NA	        NA	        NA	                       NA	                       NA	
  26/10/1886	        NA	        NA	      38.1	    -122.3	                mare isld	              mare island	
  27/10/1886	        NA	        NA	      38.1	    -122.3	              mare island	              mare island	
  27/10/1886	        NA	        NA	      38.1	    -122.3	                mare isld	              mare island	
  28/10/1886	        NA	        NA	      38.1	    -122.3	              mare island	              mare island	
  28/10/1886	        NA	        NA	      38.1	    -122.3	                mare isld	              mare island	
  29/10/1886	        NA	        NA	      38.1	    -122.3	              mare island	              mare island	
  29/10/1886	        NA	        NA	      38.1	    -122.3	      navy yard mare isld	              mare island	
  30/10/1886	        NA	        NA	      38.1	    -122.3	    navy yard mare island	              mare island	
  30/10/1886	        NA	        NA	      37.8	    -122.4	        san francisco cal	        san francisco bay	
  31/10/1886	        NA	        NA	      37.8	    -122.4	            san francisco	            san francisco	
  31/10/1886	        NA	        NA	      37.8	    -122.4	        san francisco cal	        san francisco bay	
  31/10/1886	        NA	        NA	        NA	        NA	                       NA	                       NA	
  31/10/1886	        NA	        NA	        NA	        NA	                       NA	                       NA	
  31/10/1886	        NA	        NA	        NA	        NA	                       NA	                       NA	
  31/10/1886	        NA	        NA	        NA	        NA	                       NA	                       NA	
  31/10/1886	        NA	        NA	        NA	        NA	                       NA	                       NA	
