  19/05/1887	        NA	        NA	        NA	        NA	                       NA	                       NA	
  19/05/1887	        NA	        NA	        NA	        NA	                       NA	                       NA	
  19/05/1887	        NA	        NA	        NA	        NA	                       NA	                       NA	
  19/05/1887	        NA	        NA	        NA	        NA	                       NA	                       NA	
  19/05/1887	        NA	        NA	        NA	        NA	                       NA	                       NA	
  19/05/1887	        NA	        NA	        NA	        NA	                       NA	                       NA	
  19/05/1887	        NA	        NA	        NA	        NA	                       NA	                       NA	
  19/05/1887	        NA	        NA	      37.8	    -122.4	        san francisco cal	        san francisco bay	
  19/05/1887	        NA	        NA	        NA	        NA	                       NA	                       NA	
  20/05/1887	   38 49 N	  125 11 W	      NA	      NA	      NA
  21/05/1887	   40 12 N	  128 41 W	      NA	      NA	      NA
  22/05/1887	   41 31 N	  132 31 W	      NA	      NA	      NA
  23/05/1887	   42 58 N	  136 11 W	      NA	      NA	      NA
  24/05/1887	   44 06 N	  140 14 W	      NA	      NA	      NA
  25/05/1887	   45 58 N	  144 13 W	      NA	      NA	      NA
  26/05/1887	   47 52 N	  147 44 W	      NA	      NA	      NA
  27/05/1887	   49 23 N	  150 43 W	      NA	      NA	      NA
  28/05/1887	   50 59 N	  153 50 W	      NA	      NA	      NA
  29/05/1887	   52 10 N	  158 06 W	      NA	      NA	      NA
  30/05/1887	   53 37 N	  163 16 W	      NA	      NA	      NA
  31/05/1887	   55 55 N	  168 11 W	      NA	      NA	      NA
  01/06/1887	        NA	        NA	      57.1	    -170.3	   sw harbor st paul isld	           st paul island	
  02/06/1887	        NA	        NA	      56.6	    -169.6	at anchor off village st george isld	                st george	
  03/06/1887	        NA	        NA	      56.6	    -169.6	at anchor in sw harbor st george isld	         st george island	
  04/06/1887	        NA	        NA	      56.6	    -169.6	at anchor off village st george island	         st george island	
  05/06/1887	   56 17 N	  169 29 W	      NA	      NA	      NA
  06/06/1887	   54 14 N	  167 36 W	      NA	      NA	      NA
  07/06/1887	   54 40 N	  165 10 W	      NA	      NA	      NA
  08/06/1887	   54 55 N	  162 25 W	      NA	      NA	      NA
  09/06/1887	   55 12 N	  160 42 W	      NA	      NA	      NA
  09/06/1887	   55 12 N	  160 42 W	      NA	      NA	      NA
  10/06/1887	   55 67 N	  160 30 W	      NA	      NA	      NA
  11/06/1887	   54 36 N	  166 12 W	      NA	      NA	      NA
  12/06/1887	   54 37 N	  165 29 W	      NA	      NA	      NA
  13/06/1887	   56 26 N	  169 11 W	      NA	      NA	      NA
  14/06/1887	   57 07 N	  170 17 W	      NA	      NA	      NA
  15/06/1887	   56 69 N	  168 56 W	      NA	      NA	      NA
  16/06/1887	   54 07 N	  166 53 W	      NA	      NA	      NA
  17/06/1887	        NA	        NA	      53.9	    -166.5	          unalaska harbor	             unalaska bay	
  17/06/1887	        NA	        NA	      53.9	    -166.5	         ounalaska harbor	             unalaska bay	
  18/06/1887	        NA	        NA	      53.9	    -166.5	          unalaska harbor	             unalaska bay	
  18/06/1887	        NA	        NA	      53.9	    -166.5	         ounalaska harbor	             unalaska bay	
  19/06/1887	        NA	        NA	      53.9	    -166.5	          unalaska harbor	             unalaska bay	
  19/06/1887	        NA	        NA	      53.9	    -166.5	         ounalaska harbor	             unalaska bay	
  20/06/1887	        NA	        NA	      53.9	    -166.5	          unalaska harbor	             unalaska bay	
  21/06/1887	        NA	        NA	      53.9	    -166.5	          unalaska harbor	             unalaska bay	
  21/06/1887	        NA	        NA	      53.9	    -166.5	          unalaska harbor	             unalaska bay	
  22/06/1887	        NA	        NA	      53.9	    -166.5	          unalaska harbor	             unalaska bay	
  22/06/1887	        NA	        NA	      53.9	    -166.5	         ounalaska harbor	             unalaska bay	
  23/06/1887	        NA	        NA	      53.9	    -166.5	          unalaska harbor	             unalaska bay	
  23/06/1887	        NA	        NA	      53.9	    -166.5	          unalaska harbor	             unalaska bay	
  24/06/1887	        NA	        NA	      53.9	    -166.5	          unalaska harbor	             unalaska bay	
  24/06/1887	        NA	        NA	      53.9	    -166.5	          unalaska harbor	             unalaska bay	
  25/06/1887	        NA	        NA	      53.9	    -166.5	          unalaska harbor	             unalaska bay	
  25/06/1887	        NA	        NA	      53.9	    -166.5	         ounalaska harbor	             unalaska bay	
  26/06/1887	        NA	        NA	      53.9	    -166.5	          unalaska harbor	             unalaska bay	
  26/06/1887	        NA	        NA	      53.9	    -166.5	         ounalaska harbor	             unalaska bay	
  27/06/1887	        NA	        NA	      53.9	    -166.5	          unalaska harbor	             unalaska bay	
  27/06/1887	        NA	        NA	      53.9	    -166.5	         ounalaska harbor	             unalaska bay	
  28/06/1887	        NA	        NA	      53.9	    -166.5	          unalaska harbor	             unalaska bay	
  28/06/1887	        NA	        NA	      53.9	    -166.5	          unalaska harbor	             unalaska bay	
  29/06/1887	        NA	        NA	      53.9	    -166.5	          unalaska harbor	             unalaska bay	
  29/06/1887	        NA	        NA	      53.9	    -166.5	          unalaska harbor	             unalaska bay	
  30/06/1887	        NA	        NA	      53.9	    -166.5	          unalaska harbor	             unalaska bay	
  30/06/1887	        NA	        NA	      53.9	    -166.5	          unalaska harbor	             unalaska bay	
  01/07/1887	   54 43 N	  167 07 W	      NA	      NA	      NA
  02/07/1887	        NA	        NA	      56.6	    -169.6	 bearing st george island	         st george island	
  03/07/1887	   57 39 N	  169 51 W	      NA	      NA	      NA
  04/07/1887	   60 30 N	  170 21 W	      NA	      NA	      NA
  05/07/1887	   62 34 N	  167 31 W	      NA	      NA	      NA
  06/07/1887	   63 47 N	  162 45 W	      NA	      NA	      NA
  07/07/1887	        NA	        NA	      63.5	    -162.0	 at anchor off st michael	               st michael	
  07/07/1887	        NA	        NA	      63.5	    -162.0	st michaels and behring sea	               st michael	
  08/07/1887	   64 26 N	  165 47 W	      NA	      NA	      NA
  09/07/1887	        NA	        NA	      65.2	    -166.7	at anchor in port clarence	           port clearance	
  09/07/1887	        NA	        NA	      65.2	    -166.7	behring sea and port clarence	           port clearance	
  10/07/1887	   66 14 N	  166 55 W	      NA	      NA	      NA
  11/07/1887	   63 54 N	  172 18 W	      NA	      NA	      NA
  12/07/1887	   62 50 N	  176 25 W	      NA	      NA	      NA
  13/07/1887	   62 29 N	  179 50 W	      NA	      NA	      NA
  14/07/1887	   62 12 N	  179 15 E	      NA	      NA	      NA
  15/07/1887	        NA	        NA	        NA	        NA	                       NA	                       NA	
  16/07/1887	   62 42 N	  179 48 E	      NA	      NA	      NA
  17/07/1887	   62 27 N	  177 50 E	      NA	      NA	      NA
  18/07/1887	   62 26 N	  179 30 E	      NA	      NA	      NA
  19/07/1887	   63 21 N	  176 52 W	      NA	      NA	      NA
  20/07/1887	   64 00 N	  173 50 W	      NA	      NA	      NA
  21/07/1887	   63 50 N	  171 35 W	      NA	      NA	      NA
  22/07/1887	   65 29 N	  170 32 W	      NA	      NA	      NA
  23/07/1887	   66 34 N	  167 46 W	      NA	      NA	      NA
  24/07/1887	   66 36 N	  163 25 W	      NA	      NA	      NA
  25/07/1887	   66 45 N	  162 38 W	      NA	      NA	      NA
  26/07/1887	   67 01 N	  163 20 W	      NA	      NA	      NA
  27/07/1887	   68 10 N	  166 12 W	      NA	      NA	      NA
  28/07/1887	   68 37 N	  166 10 W	      NA	      NA	      NA
  29/07/1887	   68 39 N	  166 00 W	      NA	      NA	      NA
  30/07/1887	   69 00 N	  164 45 W	      NA	      NA	      NA
  31/07/1887	   69 19 N	  163 09 W	      NA	      NA	      NA
  01/08/1887	   70 08 N	  163 57 W	      NA	      NA	      NA
  02/08/1887	   70 15 N	  161 46 W	      NA	      NA	      NA
  03/08/1887	   70 39 N	  159 55 W	      NA	      NA	      NA
  04/08/1887	   70 48 N	  159 25 W	      NA	      NA	      NA
  05/08/1887	   70 48 N	  159 25 W	      NA	      NA	      NA
  06/08/1887	   69 31 N	  163 00 W	      NA	      NA	      NA
  07/08/1887	   68 56 N	  166 08 W	      NA	      NA	      NA
  08/08/1887	   67 05 N	  163 35 W	      NA	      NA	      NA
  09/08/1887	   66 45 N	  162 25 W	      NA	      NA	      NA
  10/08/1887	   66 41 N	  165 18 W	      NA	      NA	      NA
  11/08/1887	   66 23 N	  167 12 W	      NA	      NA	      NA
  12/08/1887	   66 20 N	  168 10 W	      NA	      NA	      NA
  13/08/1887	   65 33 N	  167 59 W	      NA	      NA	      NA
  14/08/1887	   65 16 N	  166 47 W	      NA	      NA	      NA
  15/08/1887	   65 16 N	  166 47 W	      NA	      NA	      NA
  16/08/1887	   65 16 N	  166 47 W	      NA	      NA	      NA
  17/08/1887	   64 33 N	  166 10 W	      NA	      NA	      NA
  18/08/1887	   63 37 N	  161 47 W	      NA	      NA	      NA
  19/08/1887	   63 37 N	  161 47 W	      NA	      NA	      NA
  20/08/1887	   63 54 N	  164 06 W	      NA	      NA	      NA
  21/08/1887	   62 23 N	  169 56 W	      NA	      NA	      NA
  22/08/1887	   59 29 N	  170 42 W	      NA	      NA	      NA
  23/08/1887	   57 06 N	  169 47 W	      NA	      NA	      NA
  24/08/1887	   56 34 N	  169 16 W	      NA	      NA	      NA
  23/08/1887	   54 05 N	  166 20 W	      NA	      NA	      NA
  25/08/1887	        NA	        NA	      53.9	    -166.5	behring sea and ounalaska harbor	             unalaska bay	
  26/08/1887	        NA	        NA	        NA	        NA	                 unalaska	                       NA	
  26/08/1887	        NA	        NA	      53.9	    -166.5	            ounalaska a i	             unalaska bay	
  27/08/1887	        NA	        NA	        NA	        NA	                 unalaska	                       NA	
  27/08/1887	        NA	        NA	      53.9	    -166.5	            ounalaska a i	             unalaska bay	
  28/08/1887	        NA	        NA	      53.9	    -166.5	            ounalaska a i	             unalaska bay	
  29/08/1887	        NA	        NA	        NA	        NA	                 unalaska	                       NA	
  29/08/1887	        NA	        NA	      53.9	    -166.5	            ounalaska a i	             unalaska bay	
  30/08/1887	        NA	        NA	        NA	        NA	                       NA	                       NA	
  30/08/1887	        NA	        NA	      53.9	    -166.5	            ounalaska a i	             unalaska bay	
  31/08/1887	        NA	        NA	        NA	        NA	                       NA	                       NA	
  31/08/1887	        NA	        NA	      53.9	    -166.5	            ounalaska a i	             unalaska bay	
  01/09/1887	        NA	        NA	        NA	        NA	                       NA	                       NA	
  01/09/1887	        NA	        NA	      53.9	    -166.5	            ounalaska a i	             unalaska bay	
  02/09/1887	        NA	        NA	        NA	        NA	                 unalaska	                       NA	
  02/09/1887	        NA	        NA	      53.9	    -166.5	            ounalaska a i	             unalaska bay	
  03/09/1887	        NA	        NA	        NA	        NA	                       NA	                       NA	
  03/09/1887	        NA	        NA	      53.9	    -166.5	            ounalaska a i	             unalaska bay	
  04/09/1887	        NA	        NA	        NA	        NA	                 unalaska	                       NA	
  04/09/1887	        NA	        NA	      53.9	    -166.5	            ounalaska a i	             unalaska bay	
  05/09/1887	   54 00 N	  167 08 W	      NA	      NA	      NA
  06/09/1887	   56 35 N	  169 40 W	      NA	      NA	      NA
  07/09/1887	   56 21 N	  169 55 W	      NA	      NA	      NA
  08/09/1887	   56 27 N	  169 42 W	      NA	      NA	      NA
  09/09/1887	   55 46 N	  168 33 W	      NA	      NA	      NA
  10/09/1887	   54 13 N	  166 47 W	      NA	      NA	      NA
  11/09/1887	        NA	        NA	        NA	        NA	                       NA	                       NA	
  11/09/1887	        NA	        NA	      53.9	     -166.3	         ounalaska harbor	             unalaska bay	
  12/09/1887	        NA	        NA	        NA	        NA	                       NA	                       NA	
  12/09/1887	        NA	        NA	        NA	        NA	                ounalaska	                       NA	
  13/09/1887	        NA	        NA	        NA	        NA	                 unalaska	                       NA	
  13/09/1887	        NA	        NA	        NA	        NA	                ounalaska	                       NA	
  14/09/1887	        NA	        NA	        NA	        NA	                 unalaska	                       NA	
  14/09/1887	        NA	        NA	        NA	        NA	                ounalaska	                       NA	
  15/09/1887	        NA	        NA	        NA	        NA	                 unalaska	                       NA	
  15/09/1887	        NA	        NA	        NA	        NA	                ounalaska	                       NA	
  16/09/1887	        NA	        NA	        NA	        NA	                 unalaska	                       NA	
  16/09/1887	        NA	        NA	        NA	        NA	                ounalaska	                       NA	
  17/09/1887	        NA	        NA	        NA	        NA	                 unalaska	                       NA	
  17/09/1887	        NA	        NA	        NA	        NA	                ounalaska	                       NA	
  18/09/1887	        NA	        NA	        NA	        NA	                 unalaska	                       NA	
  18/09/1887	        NA	        NA	        NA	        NA	                ounalaska	                       NA	
  19/09/1887	   53 46 N	  165 16 W	      NA	      NA	      NA
  20/09/1887	   52 25 N	  160 26 W	      NA	      NA	      NA
  21/09/1887	   51 39 N	  155 39 W	      NA	      NA	      NA
  22/09/1887	   50 32 N	  151 48 W	      NA	      NA	      NA
  23/09/1887	   49 37 N	  149 12 W	      NA	      NA	      NA
  24/09/1887	   48 32 N	  145 21 W	      NA	      NA	      NA
  25/09/1887	   47 44 N	  142 58 W	      NA	      NA	      NA
  26/09/1887	   46 30 N	  138 49 W	      NA	      NA	      NA
  27/09/1887	   45 35 N	  135 08 W	      NA	      NA	      NA
  28/09/1887	   44 01 N	  131 49 W	      NA	      NA	      NA
  29/09/1887	   42 32 N	  129 24 W	      NA	      NA	      NA
  30/09/1887	   40 20 N	  125 49 W	      NA	      NA	      NA
  01/10/1887	        NA	        NA	      37.8	    -122.4	        san francisco cal	        san francisco bay	
  01/10/1887	        NA	        NA	        NA	        NA	                   at sea	                       NA	
  01/10/1887	        NA	        NA	        NA	        NA	                       NA	                       NA	
  01/10/1887	        NA	        NA	        NA	        NA	                       NA	                       NA	
  01/10/1887	        NA	        NA	        NA	        NA	                       NA	                       NA	
  01/10/1887	        NA	        NA	        NA	        NA	                       NA	                       NA	
  01/10/1887	        NA	        NA	        NA	        NA	                       NA	                       NA	
  01/10/1887	        NA	        NA	        NA	        NA	                       NA	                       NA	
  01/10/1887	        NA	        NA	        NA	        NA	                       NA	                       NA	
  01/10/1887	        NA	        NA	        NA	        NA	                       NA	                       NA	
