  09/06/1889	        NA	        NA	      37.8	    -122.4	        san francisco cal	        san francisco bay	
  09/06/1889	        NA	        NA	      37.8	    -122.4	        san francisco cal	        san francisco bay	
  10/06/1889	   37 51 N	  122 48 W	      NA	      NA	      NA
  11/06/1889	   38 55 N	  125 51 W	      NA	      NA	      NA
  12/06/1889	   40 19 N	  129 53 W	      NA	      NA	      NA
  13/06/1889	   41 39 N	  134 03 W	      NA	      NA	      NA
  14/06/1889	   43 22 N	  137 22 W	      NA	      NA	      NA
  15/06/1889	   45 37 N	  141 10 W	      NA	      NA	      NA
  16/06/1889	   46 21 N	  144 28 W	      NA	      NA	      NA
  17/06/1889	   47 47 N	  147 48 W	      NA	      NA	      NA
  18/06/1889	   49 25 N	  152 20 W	      NA	      NA	      NA
  19/06/1889	   50 44 N	  156 00 W	      NA	      NA	      NA
  20/06/1889	   51 54 N	  157 11 W	      NA	      NA	      NA
  21/06/1889	   52 32 N	  160 26 W	      NA	      NA	      NA
  22/06/1889	   53 46 N	  165 38 W	      NA	      NA	      NA
  23/06/1889	        NA	        NA	        NA	        NA	                       NA	                       NA	
  23/06/1889	        NA	        NA	        NA	        NA	                ounalaska	                       NA	
  24/06/1889	        NA	        NA	        NA	        NA	        ounalashka alaska	                       NA	
  24/06/1889	        NA	        NA	        NA	        NA	                ounalaska	                       NA	
  25/06/1889	        NA	        NA	        NA	        NA	               ounalashka	                       NA	
  25/06/1889	        NA	        NA	        NA	        NA	                ounalaska	                       NA	
  26/06/1889	        NA	        NA	        NA	        NA	               ounalashka	                       NA	
  26/06/1889	        NA	        NA	      53.9	    -166.5	         ounalaska harbor	             unalaska bay	
  27/06/1889	        NA	        NA	        NA	        NA	               ounalashka	                       NA	
  27/06/1889	        NA	        NA	      53.9	    -166.5	         ounalaska harbor	             unalaska bay	
  28/06/1889	        NA	        NA	        NA	        NA	               ounalashka	                       NA	
  28/06/1889	        NA	        NA	      53.9	    -166.5	         ounalaska harbor	             unalaska bay	
  29/06/1889	        NA	        NA	        NA	        NA	                 unalaska	                       NA	
  29/06/1889	        NA	        NA	      53.9	    -166.5	         ounalaska harbor	             unalaska bay	
  30/06/1889	        NA	        NA	        NA	        NA	               ounalashka	                       NA	
  30/06/1889	        NA	        NA	      53.9	    -166.5	         ounalaska harbor	             unalaska bay	
  01/07/1889	        NA	        NA	        NA	        NA	ounalashka alaska unalaska	                       NA	
  01/07/1889	        NA	        NA	      53.9	    -166.5	         ounalaska harbor	             unalaska bay	
  02/07/1889	   55 53 N	  169 03 W	      NA	      NA	      NA
  03/07/1889	   59 13 N	  170 40 W	      NA	      NA	      NA
  04/07/1889	   62 10 N	  168 57 W	      NA	      NA	      NA
  05/07/1889	   64 38 N	  168 30 W	      NA	      NA	      NA
  06/07/1889	        NA	        NA	        NA	        NA	                       NA	                       NA	
  07/07/1889	        NA	        NA	      65.2	    -166.7	            port clarence	           port clearance	
  07/07/1889	        NA	        NA	      65.2	    -166.7	            port clarence	           port clearance	
  08/07/1889	        NA	        NA	      65.2	    -166.7	     port clarence alaska	           port clearance	
  08/07/1889	        NA	        NA	      65.2	    -166.7	            port clarence	           port clearance	
  09/07/1889	        NA	        NA	      65.2	    -166.7	     port clarence alaska	           port clearance	
  10/07/1889	        NA	        NA	        NA	        NA	                       NA	                       NA	
  11/07/1889	   68 05 N	        NA	      NA	      NA	      NA
  12/07/1889	        NA	        NA	      68.3	    -166.8	    point hope arctic sea	               point hope	
  12/07/1889	        NA	        NA	      68.3	    -166.8	           off point hope	               point hope	
  13/07/1889	        NA	        NA	        NA	        NA	                       NA	                       NA	
  13/07/1889	        NA	        NA	      68.3	    -166.8	           off point hope	               point hope	
  14/07/1889	        NA	        NA	      68.3	    -166.8	           off point hope	               point hope	
  15/07/1889	        NA	        NA	      68.3	    -166.8	           off point hope	               point hope	
  16/07/1889	        NA	        NA	      68.3	    -166.8	           off point hope	               point hope	
  16/07/1889	        NA	        NA	      68.3	    -166.8	           off point hope	               point hope	
  17/07/1889	        NA	        NA	      68.3	    -166.8	           off point hope	               point hope	
  17/07/1889	        NA	        NA	      68.3	    -166.8	           off point hope	               point hope	
  18/07/1889	        NA	        NA	      68.3	    -166.8	           off point hope	               point hope	
  18/07/1889	        NA	        NA	      68.3	    -166.8	           off point hope	               point hope	
  19/07/1889	        NA	        NA	      68.3	    -166.8	           off point hope	               point hope	
  20/07/1889	        NA	        NA	        NA	        NA	                       NA	                       NA	
  20/07/1889	        NA	        NA	      68.9	    -166.2	             arctic ocean	            cape lisburne	
  21/07/1889	        NA	        NA	        NA	        NA	                       NA	                       NA	
 24/07/1889	   70 10 N	  162 27 W	      NA	      NA	      NA
  25/07/1889	   70 13 N	  162 15 W	      NA	      NA	      NA
  26/07/1889	        NA	        NA	      70.6	    -160.0	wainwright inlet exe 4 miles	         wainwright inlet	
  26/07/1889	        NA	        NA	      70.8	    -160.0	             arctic ocean	            point belcher	
  27/07/1889	        NA	        NA	      71.3	    -156.8	           off cape smyth	              cape smythe	
  27/07/1889	        NA	        NA	        NA	        NA	                       NA	                       NA	
  28/07/1889	        NA	        NA	      71.3	    -156.8	               cape smyth	              cape smythe	
  28/07/1889	        NA	        NA	      71.3	    -156.8	           off cape smyth	              cape smythe	
  29/07/1889	        NA	        NA	        NA	        NA	                       NA	                       NA	
  29/07/1889	        NA	        NA	      71.3	    -156.8	           off cape smyth	              cape smythe	
  30/07/1889	        NA	        NA	      71.3	    -156.8	           off cape smyth	              cape smythe	
  30/07/1889	        NA	        NA	      71.3	    -156.8	           off cape smyth	              cape smythe	
  31/07/1889	        NA	        NA	      71.3	    -156.8	           off cape smyth	              cape smythe	
  31/07/1889	        NA	        NA	      71.3	    -156.8	           off cape smyth	              cape smythe	
  01/08/1889	        NA	        NA	      71.3	    -156.8	               cape smyth	              cape smythe	
  01/08/1889	        NA	        NA	      71.3	    -156.8	           off cape smyth	              cape smythe	
  02/08/1889	        NA	        NA	      71.3	    -156.8	               cape smyth	              cape smythe	
  02/08/1889	        NA	        NA	      71.3	    -156.8	           off cape smyth	              cape smythe	
  03/08/1889	        NA	        NA	      71.3	    -156.8	               cape smyth	              cape smythe	
  03/08/1889	        NA	        NA	      71.3	    -156.8	           off cape smyth	              cape smythe	
  04/08/1889	        NA	        NA	      71.3	    -156.8	               cape smyth	              cape smythe	
  04/08/1889	        NA	        NA	      71.3	    -156.8	           off cape smyth	              cape smythe	
  05/08/1889	        NA	        NA	      71.3	    -156.8	               cape smyth	              cape smythe	
  05/08/1889	        NA	        NA	      71.3	    -156.8	           off cape smyth	              cape smythe	
  06/08/1889	        NA	        NA	      71.3	    -156.8	               cape smyth	              cape smythe	
  06/08/1889	        NA	        NA	      71.3	    -156.8	           off cape smyth	              cape smythe	
  07/08/1889	        NA	        NA	      71.3	    -156.8	               cape smyth	              cape smythe	
  07/08/1889	        NA	        NA	      71.3	    -156.8	           off cape smyth	              cape smythe	
  08/08/1889	        NA	        NA	      71.3	    -156.8	               cape smyth	              cape smythe	
  08/08/1889	        NA	        NA	      71.3	    -156.8	           off cape smyth	              cape smythe	
  09/08/1889	        NA	        NA	      71.3	    -156.8	               cape smyth	              cape smythe	
  09/08/1889	        NA	        NA	      71.3	    -156.8	           off cape smyth	              cape smythe	
  10/08/1889	        NA	        NA	      71.3	    -156.8	               cape smyth	              cape smythe	
  10/08/1889	        NA	        NA	      71.3	    -156.8	           off cape smyth	              cape smythe	
  11/08/1889	        NA	        NA	      71.4	    -156.5	             point barrow	             point barrow	
  11/08/1889	        NA	        NA	      71.4	    -156.5	             point barrow	             point barrow	
  12/08/1889	        NA	        NA	      71.4	    -156.5	         off point barrow	             point barrow	
  12/08/1889	        NA	        NA	      71.4	    -156.5	             point barrow	             point barrow	
  13/08/1889	        NA	        NA	        NA	        NA	                       NA	                       NA	
  13/08/1889	        NA	        NA	      71.4	    -156.5	             point barrow	             point barrow	
  14/08/1889	        NA	        NA	      71.4	    -156.5	             point barrow	             point barrow	
  14/08/1889	        NA	        NA	      71.4	    -156.5	             point barrow	             point barrow	
  15/08/1889	        NA	        NA	      71.4	    -156.5	             point barrow	             point barrow	
  15/08/1889	        NA	        NA	      71.4	    -156.5	             point barrow	             point barrow	
  16/08/1889	        NA	        NA	      71.4	    -156.5	             point barrow	             point barrow	
  16/08/1889	        NA	        NA	      71.4	    -156.5	             point barrow	             point barrow	
  16/08/1889	        NA	        NA	        NA	        NA	                       NA	                       NA	
  16/08/1889	        NA	        NA	      71.4	    -156.5	             point barrow	             point barrow	
  17/08/1889	   70 47 N	  159 53 W	      NA	      NA	      NA
  18/08/1889	        NA	        NA	      68.9	    -166.2	cape lisburne sexe 12 milese	            cape lisburne	
  18/08/1889	        NA	        NA	        NA	        NA	             arctic ocean	                       NA	
  19/08/1889	        NA	        NA	        NA	        NA	            cape thompson	                       NA	
  19/08/1889	        NA	        NA	      68.3	    -166.8	           off point hope	               point hope	
  20/08/1889	        NA	        NA	        NA	        NA	            cape thompson	                       NA	
  21/08/1889	   66 34 N	  163 10 W	      NA	      NA	      NA
  22/08/1889	        NA	        NA	        NA	        NA	                   at sea	                       NA	
  23/08/1889	   66 42 N	  164 17 W	      NA	      NA	      NA
  24/08/1889	        NA	        NA	        NA	        NA	   the ears sexs 30 miles	                       NA	
  24/08/1889	        NA	        NA	        NA	        NA	             arctic ocean	                       NA	
  25/08/1889	        NA	        NA	      65.0	    -168.1	kings island sexs 19 miles	            king's island	
  25/08/1889	        NA	        NA	      65.0	    -168.1	             arctic ocean	            king's island	
  26/08/1889	        NA	        NA	        NA	        NA	cape darby n 14 w 25 miles	                       NA	
  26/08/1889	        NA	        NA	      63.5	    -162.0	             norton sound	               st michael	
  27/08/1889	        NA	        NA	      63.5	    -162.0	              st michaels	               st michael	
  28/08/1889	   64 03 N	        NA	      NA	      NA	      NA
  29/08/1889	   62 34 N	  168 20 W	      NA	      NA	      NA
  30/08/1889	   59 39 N	  169 33 W	      NA	      NA	      NA
  31/08/1889	   57 46 N	  169 35 W	      NA	      NA	      NA
  01/09/1889	   55 20 N	  167 40 W	      NA	      NA	      NA
  02/09/1889	        NA	        NA	        NA	        NA	                       NA	                       NA	
  03/09/1889	        NA	        NA	        NA	        NA	               ounalashka	                       NA	
  03/09/1889	        NA	        NA	      53.9	    -166.5	         ounalaska alaska	             unalaska bay	
  04/09/1889	        NA	        NA	        NA	        NA	               ounalashka	                       NA	
  04/09/1889	        NA	        NA	      53.9	    -166.5	         ounalaska harbor	             unalaska bay	
  05/09/1889	        NA	        NA	        NA	        NA	               ounalashka	                       NA	
  05/09/1889	        NA	        NA	      53.9	    -166.5	             ounalaska at	             unalaska bay	
  06/09/1889	        NA	        NA	        NA	        NA	        ounalashka alaska	                       NA	
  06/09/1889	        NA	        NA	        NA	        NA	                ounalaska	                       NA	
  07/09/1889	        NA	        NA	        NA	        NA	               ounalashka	                       NA	
  07/09/1889	        NA	        NA	      53.9	    -166.5	            ounalaska a i	             unalaska bay	
  08/09/1889	        NA	        NA	        NA	        NA	ounalashka alaska unalaska	                       NA	
  08/09/1889	        NA	        NA	      53.9	    -166.5	            ounalaska a i	             unalaska bay	
  09/09/1889	        NA	        NA	        NA	        NA	               ounalashka	                       NA	
  09/09/1889	        NA	        NA	      53.9	    -166.5	            ounalaska a i	             unalaska bay	
  10/09/1889	        NA	        NA	        NA	        NA	               ounalashka	                       NA	
  10/09/1889	        NA	        NA	      53.9	    -166.5	            ounalaska a i	             unalaska bay	
  11/09/1889	        NA	        NA	        NA	        NA	               ounalashka	                       NA	
  11/09/1889	        NA	        NA	      53.9	    -166.5	            ounalaska a t	             unalaska bay	
  12/09/1889	        NA	        NA	        NA	        NA	               ounalashka	                       NA	
  12/09/1889	        NA	        NA	      53.9	    -166.5	            ounalaska a t	             unalaska bay	
  13/09/1889	        NA	        NA	        NA	        NA	               ounalashka	                       NA	
  13/09/1889	        NA	        NA	      53.9	    -166.5	            ounalaska a t	             unalaska bay	
  14/09/1889	        NA	        NA	        NA	        NA	               ounalashka	                       NA	
  14/09/1889	        NA	        NA	      53.9	    -166.5	            ounalaska a t	             unalaska bay	
  15/09/1889	        NA	        NA	        NA	        NA	               ounalashka	                       NA	
  15/09/1889	        NA	        NA	      53.9	    -166.5	            ounalaska a t	             unalaska bay	
  16/09/1889	        NA	        NA	        NA	        NA	        ounalashka alaska	                       NA	
  16/09/1889	        NA	        NA	      53.9	    -166.5	            ounalaska a t	             unalaska bay	
  17/09/1889	        NA	        NA	      54.0	    -166.7	            cape cheerful	            cape cheerful	
  18/09/1889	   55 17 N	  166 47 W	      NA	      NA	      NA
  19/09/1889	   56 22 N	  168 50 W	      NA	      NA	      NA
  20/09/1889	        NA	        NA	      56.6	    -169.6	         st george island	         st george island	
  20/09/1889	        NA	        NA	      56.6	    -169.6	  sw bay st george island	         st george island	
  21/09/1889	        NA	        NA	      56.6	    -169.6	         st george island	             dalnoi point	
  21/09/1889	        NA	        NA	      56.6	    -169.6	  sw bay st george island	         st george island	
  22/09/1889	        NA	        NA	        NA	        NA	                       NA	                       NA	
  22/09/1889	        NA	        NA	      57.1	    -170.3	           st paul island	           st paul island	
  23/09/1889	        NA	        NA	      56.6	    -169.6	         st george island	         st george island	
  23/09/1889	        NA	        NA	      57.1	    -170.3	st paul island behring sea	           st paul island	
  24/09/1889	   56 17 N	  169 57 W	      NA	      NA	      NA
  25/09/1889	   55 08 N	  169 35 W	      NA	      NA	      NA
  26/09/1889	   56 11 N	  169 04 W	      NA	      NA	      NA
  27/09/1889	   55 56 N	  168 05 W	      NA	      NA	      NA
  28/09/1889	   54 34 N	  167 07 W	      NA	      NA	      NA
  29/09/1889	        NA	        NA	        NA	        NA	               ounalashka	                       NA	
  29/09/1889	        NA	        NA	      53.9	    -166.5	            ounalaska a t	             unalaska bay	
  30/09/1889	        NA	        NA	        NA	        NA	               ounalashka	                       NA	
  30/09/1889	        NA	        NA	      53.9	    -166.5	            ounalaska a t	             unalaska bay	
  01/10/1889	        NA	        NA	        NA	        NA	               ounalashka	                       NA	
  01/10/1889	        NA	        NA	      53.9	    -166.5	            ounalaska a t	             unalaska bay	
  02/10/1889	        NA	        NA	        NA	        NA	               ounalashka	                       NA	
  02/10/1889	        NA	        NA	      53.9	    -166.5	            ounalaska a t	             unalaska bay	
  03/10/1889	        NA	        NA	        NA	        NA	               ounalashka	                       NA	
  03/10/1889	        NA	        NA	      53.9	    -166.5	            ounalaska a t	             unalaska bay	
  04/10/1889	   54 01 N	  167 11 W	      NA	      NA	      NA
  06/10/1889	        NA	        NA	      56.6	    -169.6	off dalnoi point st george island	         st george island	
  07/10/1889	        NA	        NA	        NA	        NA	                       NA	                       NA	
  08/10/1889	        NA	        NA	      57.1	    -170.3	off sea lion point st paul island	           st paul island	
  08/10/1889	        NA	        NA	      56.6	    -169.6	  sw bay st george island	         st george island	
  09/10/1889	        NA	        NA	      57.1	    -170.3	           st paul island	           st paul island	
  09/10/1889	        NA	        NA	      57.1	    -170.3	    sw bay st paul island	           st paul island	
  10/10/1889	        NA	        NA	      57.1	    -170.3	           st paul island	           st paul island	
  10/10/1889	        NA	        NA	      57.1	    -170.3	    sw bay st paul island	           st paul island	
  11/10/1889	        NA	        NA	      57.1	    -170.3	           st paul island	           st paul island	
  11/10/1889	        NA	        NA	      57.1	    -170.3	  ne point st paul island	           st paul island	
  12/10/1889	   56 44 N	  169 50 W	      NA	      NA	      NA
  13/10/1889	        NA	        NA	      56.6	    -169.8	             dalnoi point	             dalnoi point	
  14/10/1889	        NA	        NA	      56.6	    -169.5	dalnoi point nw 12 w tolstoi point nnw	             dalnoi point	
  15/10/1889	   55 17 N	  168 05 W	      NA	      NA	      NA
  16/10/1889	        NA	        NA	        NA	        NA	                   at sea	                       NA	
  17/10/1889	        NA	        NA	        NA	        NA	                       NA	                       NA	
  17/10/1889	        NA	        NA	        NA	        NA	                ounalaska	                       NA	
  18/10/1889	        NA	        NA	        NA	        NA	               ounalashka	                       NA	
  18/10/1889	        NA	        NA	        NA	        NA	                ounalaska	                       NA	
  19/10/1889	        NA	        NA	        NA	        NA	               ounalashka	                       NA	
  19/10/1889	        NA	        NA	        NA	        NA	                ounalaska	                       NA	
  20/10/1889	   53 23 N	  164 12 W	      NA	      NA	      NA
  21/10/1889	   52 42 N	  161 57 W	      NA	      NA	      NA
  22/10/1889	   51 29 N	  158 06 W	      NA	      NA	      NA
  23/10/1889	   49 45 N	  153 58 W	      NA	      NA	      NA
  24/10/1889	   48 06 N	  148 42 W	      NA	      NA	      NA
  25/10/1889	   47 18 N	  143 58 W	      NA	      NA	      NA
  26/10/1889	   45 56 N	  138 43 W	      NA	      NA	      NA
  27/10/1889	   43 55 N	  134 58 W	      NA	      NA	      NA
  28/10/1889	   42 05 N	  131 20 W	      NA	      NA	      NA
  29/10/1889	   40 37 N	  127 35 W	      NA	      NA	      NA
  30/10/1889	   38 36 N	  123 40 W	      NA	      NA	      NA
  31/10/1889	        NA	        NA	        NA	        NA	                       NA	                       NA	
  31/10/1889	        NA	        NA	      37.8	    -122.4	        san francisco cal	        san francisco bay	
  01/11/1889	        NA	        NA	        NA	        NA	                       NA	                       NA	
  01/11/1889	        NA	        NA	      37.8	    -122.4	        san francisco cal	        san francisco bay	
  02/11/1889	   37 48 N	  122 37 W	      NA	      NA	      NA
