  01/01/1893	        NA	        NA	      37.8	    -122.4	        san francisco cal	        san francisco bay	
  02/01/1893	        NA	        NA	      37.8	    -122.4	        san francisco cal	        san francisco bay	
  04/01/1893	        NA	        NA	      37.8	    -122.4	        san francisco cal	        san francisco bay	
  04/01/1893	        NA	        NA	        NA	        NA	                       NA	                       NA	
  05/01/1893	        NA	        NA	      37.8	    -122.4	        san francisco cal	        san francisco bay	
  07/01/1893	        NA	        NA	      37.8	    -122.4	        san francisco cal	        san francisco bay	
  08/01/1893	        NA	        NA	      37.8	    -122.4	        san francisco cal	        san francisco bay	
  09/01/1893	        NA	        NA	      37.8	    -122.4	        san francisco cal	        san francisco bay	
  10/01/1893	        NA	        NA	      37.8	    -122.4	        san francisco cal	        san francisco bay	
  11/01/1893	        NA	        NA	      37.8	    -122.4	        san francisco cal	        san francisco bay	
  12/01/1893	        NA	        NA	      37.8	    -122.3	            sausalito cal	                sausalito	
  13/01/1893	        NA	        NA	      37.8	    -122.3	            sausalito cal	                sausalito	
  14/01/1893	        NA	        NA	      37.8	    -122.3	            sausalito cal	                sausalito	
  15/01/1893	        NA	        NA	      37.8	    -122.3	            sausalito cal	                sausalito	
  16/01/1893	        NA	        NA	      37.8	    -122.3	            sausalito cal	                sausalito	
  17/01/1893	        NA	        NA	      37.8	    -122.3	            sausalito cal	                sausalito	
  18/01/1893	        NA	        NA	      37.8	    -122.3	            sausalito cal	                sausalito	
  19/01/1893	        NA	        NA	      37.8	    -122.3	             sauslito cal	                sausalito	
  20/01/1893	        NA	        NA	      37.8	    -122.3	            sausalito cal	                sausalito	
  21/01/1893	        NA	        NA	      37.8	    -122.3	            sausalito cal	                sausalito	
  22/01/1893	        NA	        NA	      37.8	    -122.3	            sausalito cal	                sausalito	
  23/01/1893	        NA	        NA	      37.8	    -122.3	            sausalito cal	                sausalito	
  24/01/1893	        NA	        NA	      37.8	    -122.3	            sausalito cal	                sausalito	
  25/01/1893	        NA	        NA	      37.8	    -122.3	            sausalito cal	                sausalito	
  26/01/1893	        NA	        NA	      37.8	    -122.3	            sausalito cal	                sausalito	
  27/01/1893	        NA	        NA	      37.8	    -122.3	            sausalito cal	                sausalito	
  28/01/1893	        NA	        NA	      37.8	    -122.3	            sausalito cal	                sausalito	
  29/01/1893	        NA	        NA	      37.8	    -122.3	            sausalito cal	                sausalito	
  30/01/1893	        NA	        NA	      37.8	    -122.3	            sausalito cal	                sausalito	
  31/01/1893	        NA	        NA	      37.8	    -122.3	            sausalito cal	                sausalito	
  01/02/1893	        NA	        NA	      37.8	    -122.3	            sausalito cal	                sausalito	
  02/02/1893	        NA	        NA	      37.8	    -122.3	            sausalito cal	                sausalito	
  03/02/1893	        NA	        NA	      37.8	    -122.3	            sausalito cal	                sausalito	
  04/02/1893	        NA	        NA	      37.8	    -122.3	            sausalito cal	                sausalito	
  05/02/1893	        NA	        NA	      37.8	    -122.3	            sausalito cal	                sausalito	
  06/02/1893	        NA	        NA	      37.8	    -122.3	            sausalito cal	                sausalito	
  07/02/1893	        NA	        NA	      37.8	    -122.3	            sausalito cal	                sausalito	
  10/02/1893	        NA	        NA	      37.8	    -122.3	            sausalito cal	                sausalito	
  11/02/1893	        NA	        NA	      37.8	    -122.3	            sausalito cal	                sausalito	
  14/02/1893	        NA	        NA	      37.8	    -122.4	        san francisco cal	        san francisco bay	
  15/02/1893	        NA	        NA	      37.8	    -122.4	        san francisco cal	        san francisco bay	
  16/02/1893	        NA	        NA	      37.8	    -122.4	        san francisco cal	        san francisco bay	
  17/02/1893	        NA	        NA	      37.8	    -122.4	        san francisco cal	        san francisco bay	
  18/02/1893	        NA	        NA	      37.8	    -122.4	        san francisco cal	        san francisco bay	
  19/02/1893	        NA	        NA	      37.8	    -122.4	        san francisco cal	        san francisco bay	
  20/02/1893	        NA	        NA	      37.8	    -122.4	        san francisco cal	        san francisco bay	
  21/02/1893	        NA	        NA	      37.8	    -122.4	        san francisco cal	        san francisco bay	
  22/02/1893	        NA	        NA	      37.8	    -122.4	        san francisco cal	        san francisco bay	
  23/02/1893	        NA	        NA	      37.8	    -122.4	        san francisco cal	        san francisco bay	
  24/02/1893	        NA	        NA	      37.8	    -122.4	        san francisco cal	        san francisco bay	
  25/02/1893	        NA	        NA	      37.8	    -122.4	        san francisco cal	        san francisco bay	
  26/02/1893	        NA	        NA	      37.8	    -122.4	        san francisco cal	        san francisco bay	
  27/02/1893	        NA	        NA	      37.8	    -122.4	        san francisco cal	        san francisco bay	
  28/02/1893	        NA	        NA	      37.8	    -122.4	        san francisco cal	        san francisco bay	
  01/03/1893	        NA	        NA	      37.8	    -122.4	        san francisco cal	        san francisco bay	
  02/03/1893	        NA	        NA	      37.8	    -122.4	        san francisco cal	        san francisco bay	
  03/03/1893	        NA	        NA	      37.8	    -122.4	        san francisco cal	        san francisco bay	
  04/03/1893	        NA	        NA	      37.8	    -122.4	        san francisco cal	        san francisco bay	
  05/03/1893	        NA	        NA	      37.8	    -122.4	        san francisco cal	        san francisco bay	
  06/03/1893	        NA	        NA	      37.8	    -122.4	        san francisco cal	        san francisco bay	
  07/03/1893	        NA	        NA	      37.8	    -122.4	        san francisco cal	        san francisco bay	
  08/03/1893	        NA	        NA	      37.8	    -122.4	        san francisco cal	        san francisco bay	
  09/03/1893	        NA	        NA	      37.8	    -122.4	        san francisco cal	        san francisco bay	
  10/03/1893	        NA	        NA	      37.8	    -122.4	        san francisco cal	        san francisco bay	
  11/03/1893	        NA	        NA	      37.8	    -122.4	        san francisco cal	        san francisco bay	
  12/03/1893	        NA	        NA	      37.8	    -122.4	        san francisco cal	        san francisco bay	
  14/03/1893	        NA	        NA	      37.8	    -122.4	        san francisco cal	        san francisco bay	
  14/03/1893	        NA	        NA	      37.8	    -122.4	        san francisco cal	        san francisco bay	
  15/03/1893	        NA	        NA	      37.8	    -122.4	hunters point dry dock san francisco cal	        san francisco bay	
  16/03/1893	        NA	        NA	      37.8	    -122.4	hunters point dry dock san francisco cal	        san francisco bay	
  17/03/1893	        NA	        NA	      37.8	    -122.4	hunters point dry dock san francisco cal	        san francisco bay	
  18/03/1893	        NA	        NA	      37.8	    -122.4	hunters point dry dock san francisco cal	        san francisco bay	
  19/03/1893	        NA	        NA	      37.8	    -122.4	hunters point dry dock san francisco cal	        san francisco bay	
  20/03/1893	        NA	        NA	      37.8	    -122.4	hunters point dry dock san francisco cal	        san francisco bay	
  21/03/1893	        NA	        NA	      37.8	    -122.4	hunters point dry dock san francisco cal	        san francisco bay	
  22/03/1893	        NA	        NA	      37.8	    -122.4	humbers point dry dock san francisco cal	        san francisco bay	
  23/03/1893	        NA	        NA	      37.8	    -122.4	hunters point dry dock san francisco cal	        san francisco bay	
  24/03/1893	        NA	        NA	      37.8	    -122.4	hunters point dry dock san francisco cal	        san francisco bay	
  25/03/1893	        NA	        NA	      37.8	    -122.3	            sausalito cal	                sausalito	
  26/03/1893	        NA	        NA	      37.8	    -122.3	            sausalito cal	                sausalito	
  27/03/1893	        NA	        NA	      37.8	    -122.3	            sausalito cal	                sausalito	
  28/03/1893	        NA	        NA	      37.8	    -122.3	            sausalito cal	                sausalito	
  29/03/1893	        NA	        NA	      37.8	    -122.3	            sausalito cal	                sausalito	
  30/03/1893	        NA	        NA	      37.8	    -122.3	            sausalito cal	                sausalito	
  31/03/1893	        NA	        NA	      37.8	    -122.3	            sausalito cal	                sausalito	
  01/04/1893	        NA	        NA	      37.8	    -122.3	            sausalito cal	                sausalito	
  02/04/1893	        NA	        NA	      37.8	    -122.3	            sausalito cal	                sausalito	
  03/04/1893	        NA	        NA	      37.8	    -122.3	            sausalito cal	                sausalito	
  04/04/1893	        NA	        NA	      37.8	    -122.4	        san francisco cal	        san francisco bay	
  05/04/1893	        NA	        NA	      37.8	    -122.4	        san francisco cal	        san francisco bay	
  06/04/1893	        NA	        NA	      37.8	    -122.4	        san francisco cal	        san francisco bay	
  07/04/1893	        NA	        NA	      37.8	    -122.4	        san francisco cal	        san francisco bay	
  08/04/1893	        NA	        NA	      37.8	    -122.4	        san francisco cal	        san francisco bay	
  09/04/1893	        NA	        NA	      37.8	    -122.4	        san francisco cal	        san francisco bay	
  10/04/1893	        NA	        NA	      37.8	    -122.4	        san francisco cal	        san francisco bay	
  11/04/1893	        NA	        NA	      37.8	    -122.4	        san francisco cal	        san francisco bay	
  12/04/1893	        NA	        NA	      37.8	    -122.4	        san francisco cal	        san francisco bay	
  13/04/1893	        NA	        NA	      37.8	    -122.4	        san francisco cal	        san francisco bay	
  14/04/1893	        NA	        NA	      37.8	    -122.4	        san francisco cal	        san francisco bay	
  15/04/1893	        NA	        NA	      37.8	    -122.4	        san francisco cal	        san francisco bay	
  16/04/1893	        NA	        NA	      37.8	    -122.4	        san francisco cal	        san francisco bay	
  17/04/1893	        NA	        NA	      37.8	    -122.4	        san francisco cal	        san francisco bay	
  18/04/1893	        NA	        NA	      37.8	    -122.4	        san francisco cal	        san francisco bay	
  19/04/1893	        NA	        NA	      37.8	    -122.4	        san francisco cal	        san francisco bay	
  20/04/1893	        NA	        NA	      37.8	    -122.4	        san francisco cal	        san francisco bay	
  21/04/1893	        NA	        NA	      37.8	    -122.4	        san francisco cal	        san francisco bay	
  22/04/1893	        NA	        NA	      37.8	    -122.4	        san francisco cal	        san francisco bay	
  23/04/1893	        NA	        NA	      37.8	    -122.4	        san francisco cal	        san francisco bay	
  24/04/1893	        NA	        NA	      37.8	    -122.4	        san francisco cal	        san francisco bay	
  25/04/1893	        NA	        NA	      37.8	    -122.4	        san francisco cal	        san francisco bay	
  26/04/1893	        NA	        NA	      37.8	    -122.4	        san francisco cal	        san francisco bay	
  27/04/1893	        NA	        NA	      37.8	    -122.4	        san francisco cal	        san francisco bay	
  28/04/1893	        NA	        NA	      37.8	    -122.3	            sausalito cal	                sausalito	
  29/04/1893	        NA	        NA	      37.8	    -122.3	            sausalito cal	                sausalito	
  30/04/1893	        NA	        NA	      37.8	    -122.3	            sausalito cal	                sausalito	
  01/05/1893	        NA	        NA	      37.8	    -122.3	            sausalito cal	                sausalito	
  01/05/1893	        NA	        NA	        NA	        NA	                       NA	                       NA	
  13/11/1893	        NA	        NA	      37.8	    -122.4	        san francisco cal	        san francisco bay	
  14/11/1893	        NA	        NA	      37.8	    -122.4	        san francisco cal	        san francisco bay	
  15/11/1893	        NA	        NA	      37.8	    -122.4	        san francisco cal	        san francisco bay	
  16/11/1893	        NA	        NA	      37.8	    -122.4	        san francisco cal	        san francisco bay	
  17/11/1893	        NA	        NA	      37.8	    -122.4	        san francisco cal	        san francisco bay	
  18/11/1893	        NA	        NA	      37.8	    -122.4	        san francisco cal	        san francisco bay	
  19/11/1893	        NA	        NA	      37.8	    -122.4	        san francisco cal	        san francisco bay	
  20/11/1893	        NA	        NA	      37.8	    -122.4	        san francisco cal	        san francisco bay	
  21/11/1893	        NA	        NA	      37.8	    -122.4	        san francisco cal	        san francisco bay	
  22/11/1893	        NA	        NA	      37.8	    -122.4	        san francisco cal	        san francisco bay	
  23/11/1893	        NA	        NA	      37.8	    -122.4	        san francisco cal	        san francisco bay	
  24/11/1893	        NA	        NA	      37.8	    -122.4	        san francisco cal	        san francisco bay	
  25/11/1893	        NA	        NA	      37.8	    -122.4	        san francisco cal	        san francisco bay	
  26/11/1893	        NA	        NA	      37.8	    -122.4	        san francisco cal	        san francisco bay	
  27/11/1893	        NA	        NA	      37.8	    -122.4	        san francisco cal	        san francisco bay	
  28/11/1893	        NA	        NA	      37.8	    -122.4	        san francisco cal	        san francisco bay	
  29/11/1893	        NA	        NA	      37.8	    -122.4	        san francisco cal	        san francisco bay	
  30/11/1893	        NA	        NA	      37.8	    -122.4	        san francisco cal	        san francisco bay	
  01/12/1893	        NA	        NA	      37.8	    -122.4	        san francisco cal	        san francisco bay	
  02/12/1893	        NA	        NA	      37.8	    -122.4	        san francisco cal	        san francisco bay	
  03/12/1893	        NA	        NA	      37.8	    -122.4	        san francisco cal	        san francisco bay	
  04/12/1893	        NA	        NA	      37.8	    -122.4	        san francisco cal	        san francisco bay	
  05/12/1893	        NA	        NA	      37.8	    -122.4	        san francisco cal	        san francisco bay	
  06/12/1893	        NA	        NA	      37.8	    -122.4	        san francisco cal	        san francisco bay	
  07/12/1893	        NA	        NA	      37.8	    -122.4	        san francisco cal	        san francisco bay	
  08/12/1893	        NA	        NA	      37.8	    -122.4	        san francisco cal	        san francisco bay	
  09/12/1893	        NA	        NA	      37.8	    -122.4	        san francisco cal	        san francisco bay	
  10/12/1893	        NA	        NA	      37.8	    -122.4	        san francisco cal	        san francisco bay	
  11/12/1893	        NA	        NA	      37.8	    -122.4	        san francisco cal	        san francisco bay	
  12/12/1893	        NA	        NA	      37.8	    -122.4	        san francisco cal	        san francisco bay	
  13/12/1893	        NA	        NA	      37.8	    -122.4	        san francisco cal	        san francisco bay	
  14/12/1893	        NA	        NA	      37.8	    -122.4	        san francisco cal	        san francisco bay	
  15/12/1893	        NA	        NA	      37.8	    -122.4	        san francisco cal	        san francisco bay	
  16/12/1893	        NA	        NA	      37.8	    -122.4	        san francisco cal	        san francisco bay	
  17/12/1893	        NA	        NA	      37.8	    -122.4	        san francisco cal	        san francisco bay	
  18/12/1893	        NA	        NA	      37.8	    -122.4	        san francisco cal	        san francisco bay	
  19/12/1893	        NA	        NA	      37.8	    -122.4	        san francisco cal	        san francisco bay	
  20/12/1893	        NA	        NA	      37.8	    -122.4	        san francisco cal	        san francisco bay	
  21/12/1893	        NA	        NA	      37.8	    -122.4	        san francisco cal	        san francisco bay	
  22/12/1893	        NA	        NA	      37.8	    -122.4	        san francisco cal	        san francisco bay	
  23/12/1893	        NA	        NA	      37.8	    -122.4	        san francisco cal	        san francisco bay	
  24/12/1893	        NA	        NA	      37.8	    -122.4	        san francisco cal	        san francisco bay	
  25/12/1893	        NA	        NA	      37.8	    -122.4	        san francisco cal	        san francisco bay	
  26/12/1893	        NA	        NA	      37.8	    -122.4	        san francisco cal	        san francisco bay	
  27/12/1893	        NA	        NA	      37.8	    -122.4	        san francisco cal	        san francisco bay	
  28/12/1893	        NA	        NA	      37.8	    -122.4	        san francisco cal	        san francisco bay	
  29/12/1893	        NA	        NA	      37.8	    -122.4	        san francisco cal	        san francisco bay	
  30/12/1893	        NA	        NA	      37.8	    -122.4	        san francisco cal	        san francisco bay	
  31/12/1893	        NA	        NA	      37.8	    -122.4	        san francisco cal	        san francisco bay	
  02/05/1893	   38 15 N	  123 36 W	      NA	      NA	      NA
  03/05/1893	   38 51 N	  124 55 W	      NA	      NA	      NA
  04/05/1893	   40 04 N	  125 38 W	      NA	      NA	      NA
  05/05/1893	   41 05 N	  125 45 W	      NA	      NA	      NA
  06/05/1893	   42 43 N	  125 49 W	      NA	      NA	      NA
  07/05/1893	   44 48 N	  125 51 W	      NA	      NA	      NA
  08/05/1893	   47 00 N	  125 33 W	      NA	      NA	      NA
  09/05/1893	   48 24 N	  124 26 W	      NA	      NA	      NA
  10/05/1893	        NA	        NA	      48.1	    -122.8	       port townsend wash	            port townsend	
  10/05/1893	        NA	        NA	      48.1	    -122.8	at sea on passage from san francisco cal to port townsend wash	            port townsend	
  11/05/1893	        NA	        NA	        NA	        NA	                       NA	                       NA	
  11/05/1893	        NA	        NA	      48.1	    -122.8	at sea on passage from san francisco cal to port townsend wash	            port townsend	
  12/05/1893	        NA	        NA	        NA	        NA	                       NA	                       NA	
  12/05/1893	        NA	        NA	      48.1	    -122.8	       port townsend wash	            port townsend	
  13/05/1893	        NA	        NA	        NA	        NA	                       NA	                       NA	
  13/05/1893	        NA	        NA	      48.1	    -122.8	from port townsend wash to seattle wash	            port townsend	
  14/05/1893	        NA	        NA	      47.6	    -122.3	       seattle washington	                  seattle	
  15/05/1893	        NA	        NA	        NA	        NA	                       NA	                       NA	
  15/05/1893	        NA	        NA	      48.1	    -122.8	from seattle wash to port townsend wash	            port townsend	
  16/05/1893	        NA	        NA	      48.1	    -122.8	            port townsend	            port townsend	
  16/05/1893	        NA	        NA	      48.1	    -122.8	       port townsend wash	            port townsend	
  17/05/1893	        NA	        NA	        NA	        NA	                       NA	                       NA	
  17/05/1893	        NA	        NA	      48.1	    -122.8	       port townsend wash	            port townsend	
  18/05/1893	        NA	        NA	        NA	        NA	                       NA	                       NA	
  18/05/1893	        NA	        NA	      48.1	    -122.8	       port townsend wash	            port townsend	
  19/05/1893	        NA	        NA	        NA	        NA	                       NA	                       NA	
  19/05/1893	        NA	        NA	      48.1	    -122.8	       port townsend wash	            port townsend	
  20/05/1893	        NA	        NA	        NA	        NA	                       NA	                       NA	
  20/05/1893	        NA	        NA	      48.1	    -122.8	       port townsend wash	            port townsend	
  21/05/1893	        NA	        NA	        NA	        NA	                       NA	                       NA	
  21/05/1893	        NA	        NA	      48.1	    -122.8	       port townsend wash	            port townsend	
  22/05/1893	        NA	        NA	        NA	        NA	                       NA	                       NA	
  22/05/1893	        NA	        NA	      48.1	    -122.8	       port townsend wash	            port townsend	
  23/05/1893	        NA	        NA	        NA	        NA	                       NA	                       NA	
  23/05/1893	        NA	        NA	      48.1	    -122.8	       port townsend wash	            port townsend	
  24/05/1893	        NA	        NA	        NA	        NA	                       NA	                       NA	
  24/05/1893	        NA	        NA	      48.1	    -122.8	       port townsend wash	            port townsend	
  25/05/1893	        NA	        NA	        NA	        NA	                       NA	                       NA	
  25/05/1893	        NA	        NA	      48.1	    -122.8	port townsend wash unalaska alaska	            port townsend	
  26/05/1893	   48 49 N	  127 00 W	      NA	      NA	      NA
  27/05/1893	   49 23 N	  131 17 W	      NA	      NA	      NA
  28/05/1893	   49 52 N	  135 05 W	      NA	      NA	      NA
  29/05/1893	   50 31 N	  137 43 W	      NA	      NA	      NA
  30/05/1893	   51 06 N	  142 28 W	      NA	      NA	      NA
  31/05/1893	   51 54 N	  142 44 W	      NA	      NA	      NA
  01/06/1893	   52 14 N	  146 16 W	      NA	      NA	      NA
  02/06/1893	   53 02 N	  152 21 W	      NA	      NA	      NA
  03/06/1893	   53 40 N	  155 21 W	      NA	      NA	      NA
  04/06/1893	   53 41 N	  161 01 W	      NA	      NA	      NA
  05/06/1893	        NA	        NA	        NA	        NA	                       NA	                       NA	
  05/06/1893	        NA	        NA	      53.9	    -166.5	      dutch harbor alaska	             dutch harbor	
  06/06/1893	        NA	        NA	        NA	        NA	                       NA	                       NA	
  06/06/1893	        NA	        NA	      53.9	    -166.5	      dutch harbor alaska	             dutch harbor	
  07/06/1893	        NA	        NA	        NA	        NA	                       NA	                       NA	
  07/06/1893	        NA	        NA	      53.9	    -166.5	      dutch harbor alaska	             dutch harbor	
  08/06/1893	        NA	        NA	        NA	        NA	                       NA	                       NA	
  08/06/1893	        NA	        NA	      53.9	    -166.5	      dutch harbor alaska	             dutch harbor	
  09/06/1893	        NA	        NA	        NA	        NA	                       NA	                       NA	
  09/06/1893	        NA	        NA	      53.9	    -166.5	      dutch harbor alaska	             dutch harbor	
  10/06/1893	        NA	        NA	        NA	        NA	                       NA	                       NA	
  10/06/1893	        NA	        NA	      53.9	    -166.5	      dutch harbor alaska	             dutch harbor	
  11/06/1893	   54 25 N	  167 08 W	      NA	      NA	      NA
  12/06/1893	   56 14 N	  169 52 W	      NA	      NA	      NA
  13/06/1893	   58 47 N	  172 53 W	      NA	      NA	      NA
  14/06/1893	   61 25 N	  174 30 W	      NA	      NA	      NA
  15/06/1893	   64 10 N	  173 35 W	      NA	      NA	      NA
  16/06/1893	   64 13 N	  173 19 W	      NA	      NA	      NA
  17/06/1893	   64 17 N	  172 56 W	      NA	      NA	      NA
  18/06/1893	   64 33 N	  174 42 W	      NA	      NA	      NA
  19/06/1893	   64 49 N	  171 42 W	      NA	      NA	      NA
  20/06/1893	        NA	        NA	      65.7	    -171.1	south head st lawrence bay	          st lawrence bay	
  20/06/1893	        NA	        NA	      65.7	    -171.1	at anchor south side of south head st lawrence bay siberia	          st lawrence bay	
  21/06/1893	        NA	        NA	        NA	        NA	                       NA	                       NA	
  21/06/1893	        NA	        NA	      65.0	    -168.1	             kings island	            king's island	
  22/06/1893	        NA	        NA	        NA	        NA	                       NA	                       NA	
  22/06/1893	        NA	        NA	      65.0	    -168.1	             kings island	            king's island	
  22/06/1893	        NA	        NA	        NA	        NA	                       NA	                       NA	
  22/06/1893	        NA	        NA	      65.0	    -168.1	             kings island	            king's island	
  22/06/1893	        NA	        NA	        NA	        NA	                       NA	                       NA	
  22/06/1893	        NA	        NA	      65.2	    -166.7	at anchor outside port clarence alaska	           port clearance	
  23/06/1893	        NA	        NA	        NA	        NA	port clarence reindeer station	                       NA	
  23/06/1893	        NA	        NA	        NA	        NA	at anchor port clarence raindeer station alaska	                       NA	
  24/06/1893	        NA	        NA	        NA	        NA	                       NA	                       NA	
  24/06/1893	        NA	        NA	      65.2	    -166.7	     port clarence alaska	           port clearance	
  25/06/1893	        NA	        NA	        NA	        NA	                       NA	                       NA	
  25/06/1893	        NA	        NA	        NA	        NA	point spencer port clarence alaska	                       NA	
  26/06/1893	        NA	        NA	        NA	        NA	                       NA	                       NA	
  26/06/1893	        NA	        NA	        NA	        NA	point spencer port clarence alaska	                       NA	
  27/06/1893	   65 42 N	  169 37 W	      NA	      NA	      NA
  28/06/1893	   65 18 N	  169 45 W	      NA	      NA	      NA
  29/06/1893	        NA	        NA	        NA	        NA	                       NA	                       NA	
  29/06/1893	        NA	        NA	      65.2	    -166.7	pt spencer port clarence alaska	           port clearance	
  30/06/1893	        NA	        NA	        NA	        NA	                       NA	                       NA	
  30/06/1893	        NA	        NA	        NA	        NA	point spencer port clarence alaska	                       NA	
  30/06/1893	        NA	        NA	        NA	        NA	                       NA	                       NA	
  30/06/1893	        NA	        NA	      65.2	    -166.7	alongside coaling bk jd peters pt spencer port clarence alaska	           port clearance	
  01/07/1893	        NA	        NA	        NA	        NA	                       NA	                       NA	
  01/07/1893	        NA	        NA	      65.2	    -166.7	point spencer port clarence alaska	           port clearance	
  02/07/1893	        NA	        NA	        NA	        NA	                       NA	                       NA	
  02/07/1893	        NA	        NA	      65.2	    -166.7	point spencer port clarence alaska	           port clearance	
  03/07/1893	        NA	        NA	        NA	        NA	                       NA	                       NA	
  03/07/1893	        NA	        NA	      65.2	    -166.7	point spencer port clarence alaska	           port clearance	
  04/07/1893	        NA	        NA	        NA	        NA	                       NA	                       NA	
  04/07/1893	        NA	        NA	      65.2	    -166.7	point spencer port clarence alaska	           port clearance	
  05/07/1893	        NA	        NA	        NA	        NA	                       NA	                       NA	
  05/07/1893	        NA	        NA	        NA	        NA	at anchor point spencer port clarence alaska	                       NA	
  06/07/1893	        NA	        NA	        NA	        NA	                       NA	                       NA	
  06/07/1893	        NA	        NA	        NA	        NA	point spencer port clarence alaska	                       NA	
  07/07/1893	   65 24 N	  169 39 W	      NA	      NA	      NA
  08/07/1893	        NA	        NA	        NA	        NA	                       NA	                       NA	
  08/07/1893	        NA	        NA	      65.7	    -171.1	at anchor south side of south head st lawrence bay siberia	          st lawrence bay	
  09/07/1893	        NA	        NA	        NA	        NA	                       NA	                       NA	
  10/07/1893	        NA	        NA	        NA	        NA	                       NA	                       NA	
  10/07/1893	        NA	        NA	        NA	        NA	at anchor port clarence reindeer station alaska	                       NA	
  11/07/1893	        NA	        NA	        NA	        NA	                       NA	                       NA	
  11/07/1893	        NA	        NA	        NA	        NA	at anchor port clarence reindeer station alaska	                       NA	
  12/07/1893	        NA	        NA	        NA	        NA	                       NA	                       NA	
  12/07/1893	        NA	        NA	      65.2	    -166.7	port clarence reindeer station alaska	           port clearance	
  13/07/1893	        NA	        NA	        NA	        NA	                       NA	                       NA	
  13/07/1893	        NA	        NA	      65.8	    -169.1	       nw pt ratmanoff id	                 ratmanof	
  14/07/1893	        NA	        NA	      65.8	    -169.1	             ratmanoff id	                 ratmanof	
  14/07/1893	        NA	        NA	      63.1	    -168.9	at anchor south side of east cape siberia	                east cape	
  15/07/1893	        NA	        NA	        NA	        NA	                       NA	                       NA	
  15/07/1893	        NA	        NA	      63.1	    -168.9	at anchor south side of east cape siberia	                east cape	
  16/07/1893	        NA	        NA	        NA	        NA	                       NA	                       NA	
  17/07/1893	        NA	        NA	        NA	        NA	                       NA	                       NA	
  18/07/1893	        NA	        NA	        NA	        NA	                       NA	                       NA	
  19/07/1893	   66 16 N	  169 52 W	      NA	      NA	      NA
  20/07/1893	   66 42 N	  164 28 W	      NA	      NA	      NA
  21/07/1893	        NA	        NA	        NA	        NA	                       NA	                       NA	
  22/07/1893	   67 36 N	  164 43 W	      NA	      NA	      NA
  23/07/1893	   68 35 N	  166 27 W	      NA	      NA	      NA
  24/07/1893	   69 13 N	  164 36 W	      NA	      NA	      NA
  25/07/1893	   69 52 N	  162 54 W	      NA	      NA	      NA
  26/07/1893	   70 26 N	  160 32 W	      NA	      NA	      NA
  27/07/1893	   70 57 N	  158 52 W	      NA	      NA	      NA
  28/07/1893	        NA	        NA	        NA	        NA	                       NA	                       NA	
  29/07/1893	        NA	        NA	        NA	        NA	                       NA	                       NA	
  29/07/1893	        NA	        NA	        NA	        NA	at anchor off us refuge station point barrow alaska	                       NA	
  30/07/1893	        NA	        NA	        NA	        NA	                       NA	                       NA	
  30/07/1893	        NA	        NA	        NA	        NA	at anchor off us refuge station point barrow alaska	                       NA	
  31/07/1893	        NA	        NA	        NA	        NA	                       NA	                       NA	
  31/07/1893	        NA	        NA	        NA	        NA	at anchor off refuge station point barrow alaska	                       NA	
  31/07/1893	        NA	        NA	        NA	        NA	                       NA	                       NA	
  31/07/1893	        NA	        NA	      71.3	    -156.8	at anchor off us refuge station point barrow alaska	           refuge station	
  01/08/1893	        NA	        NA	        NA	        NA	                       NA	                       NA	
  01/08/1893	        NA	        NA	      71.3	    -156.8	at anchor off us refuge station cape smyth alaska	           refuge station	
  02/08/1893	   70 59 N	  159 30 W	      NA	      NA	      NA
  03/08/1893	        NA	        NA	        NA	        NA	                       NA	                       NA	
  04/08/1893	        NA	        NA	        NA	        NA	                       NA	                       NA	
  04/08/1893	        NA	        NA	      71.4	    -156.5	at anchor off point barrow alaska	             point barrow	
  05/08/1893	        NA	        NA	        NA	        NA	                       NA	                       NA	
  05/08/1893	        NA	        NA	      71.4	    -156.5	at anchor off port barrow alaska	             point barrow	
  06/08/1893	        NA	        NA	        NA	        NA	                       NA	                       NA	
  06/08/1893	        NA	        NA	      71.4	    -156.5	at anchor off port barrow alaska	             point barrow	
  07/08/1893	        NA	        NA	        NA	        NA	                       NA	                       NA	
  07/08/1893	        NA	        NA	      71.4	    -156.5	at anchor off point barrow alaska	             point barrow	
  08/08/1893	   71 14 N	  157 17 W	      NA	      NA	      NA
  09/08/1893	   69 56 N	  163 21 W	      NA	      NA	      NA
  10/08/1893	        NA	        NA	        NA	        NA	                       NA	                       NA	
  10/08/1893	        NA	        NA	      68.9	    -166.2	bearings cape lisbourne nne x point hope swxs 12 s	            cape lisburne	
  11/08/1893	        NA	        NA	        NA	        NA	                       NA	                       NA	
  11/08/1893	        NA	        NA	      68.3	    -166.8	at anchor north side of point hope alaska	               point hope	
  12/08/1893	   67 03 N	  170 35 W	      NA	      NA	      NA
  13/08/1893	        NA	        NA	        NA	        NA	                       NA	                       NA	
  13/08/1893	        NA	        NA	      66.9	    -171.6	at anchor west of cape serdzekamen siberia	         cape serdzekamen	
  14/08/1893	        NA	        NA	        NA	        NA	                       NA	                       NA	
  14/08/1893	        NA	        NA	      66.9	    -171.6	at anchor west side of cape serdzekamen siberia	         cape serdzekamen	
  15/08/1893	   66 37 N	  172 10 W	      NA	      NA	      NA
  16/08/1893	        NA	        NA	        NA	        NA	                       NA	                       NA	
  16/08/1893	        NA	        NA	      66.9	    -171.6	at anchor west of cape serdzekamen siberia	         cape serdzekamen	
  17/08/1893	        NA	        NA	        NA	        NA	                       NA	                       NA	
  18/08/1893	   66 54 N	  171 35 W	      NA	      NA	      NA
  19/08/1893	   66 27 N	  170 27 W	      NA	      NA	      NA
  20/08/1893	        NA	        NA	        NA	        NA	                       NA	                       NA	
  22/08/1893	   65 20 N	  167 18 W	      NA	      NA	      NA
  23/08/1893	   65 27 N	  171 10 W	      NA	      NA	      NA
  24/08/1893	   65 27 N	  171 12 W	      NA	      NA	      NA
  25/08/1893	        NA	        NA	        NA	        NA	                       NA	                       NA	
  25/08/1893	        NA	        NA	      65.7	    -171.1	at anchor south side of south head st lawrence bay siberia	          st lawrence bay	
  26/08/1893	        NA	        NA	        NA	        NA	                       NA	                       NA	
  27/08/1893	   65 34 N	  168 00 W	      NA	      NA	      NA
  28/08/1893	   65 34 N	  168 00 W	      NA	      NA	      NA
  29/08/1893	        NA	        NA	        NA	        NA	                       NA	                       NA	
  30/08/1893	        NA	        NA	        NA	        NA	                       NA	                       NA	
  31/08/1893	        NA	        NA	        NA	        NA	                       NA	                       NA	
  31/08/1893	        NA	        NA	        NA	        NA	                       NA	                       NA	
  01/09/1893	        NA	        NA	        NA	        NA	                       NA	                       NA	
  01/09/1893	        NA	        NA	        NA	        NA	at anchor off reindeer station port clarence alaska	                       NA	
  01/09/1893	        NA	        NA	        NA	        NA	                       NA	                       NA	
  01/09/1893	        NA	        NA	        NA	        NA	at anchor off reindeer station port clarence alaska	                       NA	
  02/09/1893	        NA	        NA	        NA	        NA	                       NA	                       NA	
  02/09/1893	        NA	        NA	        NA	        NA	at anchor off port clarence reindeer station alaska	                       NA	
  03/09/1893	   64 39 N	  166 21 W	      NA	      NA	      NA
  04/09/1893	   63 33 N	  161 37 W	      NA	      NA	      NA
  05/09/1893	        NA	        NA	        NA	        NA	                       NA	                       NA	
  05/09/1893	        NA	        NA	      63.5	    -162.0	at anchor off st michaels alaska	               st michael	
  06/09/1893	   63 53 N	  162 00 W	      NA	      NA	      NA
  07/09/1893	   64 04 N	  165 15 W	      NA	      NA	      NA
  08/09/1893	   63 49 N	  171 27 W	      NA	      NA	      NA
  09/09/1893	   62 17 N	  172 46 W	      NA	      NA	      NA
  10/09/1893	   60 29 N	  171 31 W	      NA	      NA	      NA
  11/09/1893	   59 31 N	  170 45 W	      NA	      NA	      NA
  12/09/1893	   57 05 N	  170 08 W	      NA	      NA	      NA
  13/09/1893	   56 46 N	  168 54 W	      NA	      NA	      NA
  14/09/1893	        NA	        NA	        NA	        NA	                       NA	                       NA	
  14/09/1893	        NA	        NA	      56.6	    -169.6	at anchor off village st george island alaska	         st george island	
  15/09/1893	        NA	        NA	        NA	        NA	                       NA	                       NA	
  15/09/1893	        NA	        NA	      56.6	    -169.6	at anchor off village st george island alaska	         st george island	
  16/09/1893	   56 58 N	  170 04 W	      NA	      NA	      NA
  17/09/1893	   55 34 N	  169 05 W	      NA	      NA	      NA
  18/09/1893	   54 11 N	  166 50 W	      NA	      NA	      NA
  19/09/1893	        NA	        NA	      53.9	    -166.5	          unalaska harbor	             unalaska bay	
  19/09/1893	        NA	        NA	      53.9	    -166.5	    unalaska dutch harbor	             dutch harbor	
  20/09/1893	        NA	        NA	        NA	        NA	                       NA	                       NA	
 24/09/1893	        NA	        NA	        NA	        NA	                       NA	                       NA	
  24/09/1893	        NA	        NA	      53.9	    -166.5	at nac cos wharf dutch harbor alaska	             dutch harbor	
  25/09/1893	        NA	        NA	        NA	        NA	                       NA	                       NA	
  25/09/1893	        NA	        NA	      53.9	    -166.5	at nac cos wharf dutch harbor alaska	             dutch harbor	
  26/09/1893	        NA	        NA	        NA	        NA	                       NA	                       NA	
  26/09/1893	        NA	        NA	      53.9	    -166.5	at nac cos wharf dutch harbor alaska	             dutch harbor	
  27/09/1893	        NA	        NA	        NA	        NA	                       NA	                       NA	
  27/09/1893	        NA	        NA	      53.9	    -166.5	at nac cos wharf dutch harbor alaska	             dutch harbor	
  28/09/1893	        NA	        NA	        NA	        NA	                       NA	                       NA	
  28/09/1893	        NA	        NA	      53.9	    -166.5	at nac cos wharf dutch harbor alaska	             dutch harbor	
  29/09/1893	        NA	        NA	        NA	        NA	                       NA	                       NA	
  29/09/1893	        NA	        NA	      53.9	    -166.5	at nac cos wharf dutch harbor alaska	             dutch harbor	
  30/09/1893	        NA	        NA	        NA	        NA	                       NA	                       NA	
  30/09/1893	        NA	        NA	        NA	        NA	                       NA	                       NA	
  01/10/1893	        NA	        NA	        NA	        NA	                       NA	                       NA	
  01/10/1893	        NA	        NA	      53.9	    -166.5	at nac cos wharf dutch harbor alaska	             dutch harbor	
  01/10/1893	        NA	        NA	        NA	        NA	                       NA	                       NA	
  01/10/1893	        NA	        NA	      53.9	    -166.5	at nac cos wharf dutch harbor alaska	             dutch harbor	
  02/10/1893	        NA	        NA	        NA	        NA	                       NA	                       NA	
  02/10/1893	        NA	        NA	      53.9	    -166.5	at nac cos wharf dutch harbor alaska	             dutch harbor	
  03/10/1893	        NA	        NA	        NA	        NA	                       NA	                       NA	
  03/10/1893	        NA	        NA	      53.9	    -166.5	at nac cos wharf dutch harbor alaska	             dutch harbor	
  04/10/1893	        NA	        NA	        NA	        NA	                       NA	                       NA	
  04/10/1893	        NA	        NA	      53.9	    -166.5	at nac cos wharf dutch harbor alaska	             dutch harbor	
  05/10/1893	        NA	        NA	        NA	        NA	                       NA	                       NA	
  05/10/1893	        NA	        NA	      53.9	    -166.5	at nac cos wharf dutch harbor alaska	             dutch harbor	
  06/10/1893	        NA	        NA	        NA	        NA	                       NA	                       NA	
  06/10/1893	        NA	        NA	      53.9	    -166.5	at nac cos wharf dutch harbor alaska	             dutch harbor	
  07/10/1893	        NA	        NA	        NA	        NA	                       NA	                       NA	
  07/10/1893	        NA	        NA	      53.9	    -166.5	at nac cos wharf dutch harbor alaska	             dutch harbor	
  08/10/1893	        NA	        NA	        NA	        NA	                       NA	                       NA	
  08/10/1893	        NA	        NA	      53.9	    -166.5	at nac cos wharf dutch harbor alaska	             dutch harbor	
  09/10/1893	        NA	        NA	        NA	        NA	                       NA	                       NA	
  09/10/1893	        NA	        NA	      53.9	    -166.5	at nac cos wharf dutch harbor alaska	             dutch harbor	
  10/10/1893	        NA	        NA	        NA	        NA	                       NA	                       NA	
  10/10/1893	        NA	        NA	      53.9	    -166.5	nac cos wharf dutch harbor alaska	             dutch harbor	
  11/10/1893	        NA	        NA	        NA	        NA	                       NA	                       NA	
  11/10/1893	        NA	        NA	      53.9	    -166.5	nac cos wharf dutch harbor alaska	             dutch harbor	
  12/10/1893	        NA	        NA	        NA	        NA	                       NA	                       NA	
  12/10/1893	        NA	        NA	      53.9	    -166.5	nac cos wharf dutch harbor alaska	             dutch harbor	
  13/10/1893	        NA	        NA	        NA	        NA	                       NA	                       NA	
  13/10/1893	        NA	        NA	      53.9	    -166.5	nac cos wharf dutch harbor alaska	             dutch harbor	
  14/10/1893	        NA	        NA	        NA	        NA	                       NA	                       NA	
  14/10/1893	        NA	        NA	      53.9	    -166.5	nac cos wharf dutch harbor alaska	             dutch harbor	
  15/10/1893	        NA	        NA	        NA	        NA	                       NA	                       NA	
  15/10/1893	        NA	        NA	      53.9	    -166.5	nac cos wharf dutch harbor alaska	             dutch harbor	
  16/10/1893	        NA	        NA	        NA	        NA	                       NA	                       NA	
  16/10/1893	        NA	        NA	      53.9	    -166.5	nac cos wharf dutch harbor alaska	             dutch harbor	
  17/10/1893	        NA	        NA	        NA	        NA	                       NA	                       NA	
  17/10/1893	        NA	        NA	      53.9	    -166.5	nac cos wharf dutch harbor alaska	             dutch harbor	
  18/10/1893	        NA	        NA	        NA	        NA	                       NA	                       NA	
  18/10/1893	        NA	        NA	      53.9	    -166.5	at nac cos wharf dutch harbor alaska	             dutch harbor	
  19/10/1893	        NA	        NA	        NA	        NA	                       NA	                       NA	
  19/10/1893	        NA	        NA	      53.9	    -166.5	at nac cos wharf dutch harbor alaska	             dutch harbor	
  20/10/1893	        NA	        NA	        NA	        NA	                       NA	                       NA	
  20/10/1893	        NA	        NA	      53.9	    -166.5	at nac cos wharf dutch harbor alaska	             dutch harbor	
  21/10/1893	        NA	        NA	        NA	        NA	                       NA	                       NA	
  21/10/1893	        NA	        NA	      53.9	    -166.5	at nac cos wharf dutch harbor alaska	             dutch harbor	
  22/10/1893	        NA	        NA	        NA	        NA	                       NA	                       NA	
  22/10/1893	        NA	        NA	      53.9	    -166.5	at nac cos wharf dutch harbor alaska	             dutch harbor	
  23/10/1893	        NA	        NA	        NA	        NA	                       NA	                       NA	
  23/10/1893	        NA	        NA	      53.9	    -166.5	at nac cos wharf dutch harbor alaska	             dutch harbor	
  24/10/1893	   54 12 N	  166 54 W	      NA	      NA	      NA
  25/10/1893	   56 16 N	  169 04 W	      NA	      NA	      NA
  26/10/1893	        NA	        NA	        NA	        NA	                       NA	                       NA	
  26/10/1893	        NA	        NA	      57.1	    -170.3	at anchor off village st paul island bering sea	           st paul island	
  27/10/1893	        NA	        NA	        NA	        NA	                       NA	                       NA	
  27/10/1893	        NA	        NA	      57.1	    -170.3	at anchor off village st paul island bering sea	           st paul island	
  28/10/1893	        NA	        NA	        NA	        NA	                       NA	                       NA	
  29/10/1893	        NA	        NA	      57.1	    -170.3	   off village st paul id	                  st paul	
  29/10/1893	        NA	        NA	      56.6	    -169.6	at anchor off village st george island alaska	         st george island	
  30/10/1893	        NA	        NA	        NA	        NA	                       NA	                       NA	
  30/10/1893	        NA	        NA	      56.6	    -169.6	at anchor off village st george island alaska	         st george island	
  31/10/1893	   56 04 N	  169 14 W	      NA	      NA	      NA
  01/11/1893	   53 52 N	  164 41 W	      NA	      NA	      NA
  02/11/1893	   52 34 N	  161 32 W	      NA	      NA	      NA
  03/11/1893	   50 48 N	  156 19 W	      NA	      NA	      NA
  04/11/1893	   49 10 N	  151 33 W	      NA	      NA	      NA
  05/11/1893	   47 12 N	  146 53 W	      NA	      NA	      NA
  06/11/1893	   46 07 N	  141 58 W	      NA	      NA	      NA
  07/11/1893	   43 59 N	  136 33 W	      NA	      NA	      NA
  08/11/1893	   42 18 N	  132 49 W	      NA	      NA	      NA
  09/11/1893	   41 02 N	  128 50 W	      NA	      NA	      NA
  10/11/1893	   39 03 N	  125 28 W	      NA	      NA	      NA
  11/11/1893	        NA	        NA	        NA	        NA	                       NA	                       NA	
  11/11/1893	        NA	        NA	      37.8	    -122.4	at anchor off falsow st san francisco cal	        san francisco bay	
  12/11/1893	        NA	        NA	        NA	        NA	                       NA	                       NA	
  12/11/1893	        NA	        NA	        NA	        NA	                       NA	                       NA	
  12/11/1893	        NA	        NA	        NA	        NA	                       NA	                       NA	
  12/11/1893	        NA	        NA	        NA	        NA	                       NA	                       NA	
  12/11/1893	        NA	        NA	        NA	        NA	                       NA	                       NA	
  12/11/1893	        NA	        NA	        NA	        NA	                       NA	                       NA	
  12/11/1893	        NA	        NA	        NA	        NA	                       NA	                       NA	
  12/11/1893	        NA	        NA	        NA	        NA	                       NA	                       NA	
  12/11/1893	        NA	        NA	        NA	        NA	                       NA	                       NA	
  12/11/1893	        NA	        NA	        NA	        NA	                       NA	                       NA	
  12/11/1893	        NA	        NA	        NA	        NA	                       NA	                       NA	
  12/11/1893	        NA	        NA	        NA	        NA	                       NA	                       NA	
  12/11/1893	        NA	        NA	        NA	        NA	                       NA	                       NA	
  12/11/1893	        NA	        NA	        NA	        NA	                       NA	                       NA	
  12/11/1893	        NA	        NA	        NA	        NA	                       NA	                       NA	
