  01/01/1895	        NA	        NA	      37.8	    -122.3	            sausalito cal	                sausalito	
  02/01/1895	        NA	        NA	      37.8	    -122.3	            sausalito cal	                sausalito	
  03/01/1895	        NA	        NA	      37.8	    -122.3	            sausalito cal	                sausalito	
  04/01/1895	        NA	        NA	      37.8	    -122.3	            sausalito cal	                sausalito	
  05/01/1895	        NA	        NA	      37.8	    -122.3	            sausalito cal	                sausalito	
  06/01/1895	        NA	        NA	      37.8	    -122.3	            sausalito cal	                sausalito	
  07/01/1895	        NA	        NA	      37.8	    -122.3	            sausalito cal	                sausalito	
  08/01/1895	        NA	        NA	      37.8	    -122.3	            sausalito cal	                sausalito	
  09/01/1895	        NA	        NA	      37.8	    -122.3	            sausalito cal	                sausalito	
  10/01/1895	        NA	        NA	      37.8	    -122.3	            sausalito cal	                sausalito	
  11/01/1895	        NA	        NA	      37.8	    -122.3	            sausalito cal	                sausalito	
  12/01/1895	        NA	        NA	      37.8	    -122.3	            sausalito cal	                sausalito	
  13/01/1895	        NA	        NA	      37.8	    -122.3	            sausalito cal	                sausalito	
  14/01/1895	        NA	        NA	      37.8	    -122.3	            sausalito cal	                sausalito	
  15/01/1895	        NA	        NA	      37.8	    -122.4	        san francisco cal	        san francisco bay	
  16/01/1895	        NA	        NA	      37.8	    -122.4	        san francisco cal	        san francisco bay	
  17/01/1895	        NA	        NA	      37.8	    -122.4	        san francisco cal	        san francisco bay	
  18/01/1895	        NA	        NA	      37.8	    -122.4	        san francisco cal	        san francisco bay	
  19/01/1895	        NA	        NA	      37.8	    -122.4	        san francisco cal	        san francisco bay	
  20/01/1895	        NA	        NA	      37.8	    -122.4	        san francisco cal	        san francisco bay	
  21/01/1895	        NA	        NA	      37.8	    -122.4	        san francisco cal	        san francisco bay	
  22/01/1895	        NA	        NA	      37.8	    -122.4	        san francisco cal	        san francisco bay	
  23/01/1895	        NA	        NA	      37.8	    -122.4	        san francisco cal	        san francisco bay	
  24/01/1895	        NA	        NA	      37.8	    -122.4	        san francisco cal	        san francisco bay	
  25/01/1895	        NA	        NA	      37.8	    -122.4	        san francisco cal	        san francisco bay	
  26/01/1895	        NA	        NA	      37.8	    -122.4	        san francisco cal	        san francisco bay	
  27/01/1895	        NA	        NA	      37.8	    -122.4	        san francisco cal	        san francisco bay	
  28/01/1895	        NA	        NA	      37.8	    -122.4	        san francisco cal	        san francisco bay	
  29/01/1895	        NA	        NA	      37.8	    -122.4	        san francisco cal	        san francisco bay	
  30/01/1895	        NA	        NA	      37.8	    -122.4	        san francisco cal	        san francisco bay	
  31/01/1895	        NA	        NA	      37.8	    -122.4	        san francisco cal	        san francisco bay	
  01/02/1895	        NA	        NA	      37.8	    -122.4	        san francisco cal	        san francisco bay	
  02/02/1895	        NA	        NA	      37.8	    -122.4	        san francisco cal	        san francisco bay	
  03/02/1895	        NA	        NA	      37.8	    -122.4	        san francisco cal	        san francisco bay	
  04/02/1895	        NA	        NA	      37.8	    -122.4	        san francisco cal	        san francisco bay	
  05/02/1895	        NA	        NA	      37.8	    -122.4	        san francisco cal	        san francisco bay	
  06/02/1895	        NA	        NA	      37.8	    -122.4	        san francisco cal	        san francisco bay	
  07/02/1895	        NA	        NA	      37.8	    -122.4	        san francisco cal	        san francisco bay	
  08/02/1895	        NA	        NA	      37.8	    -122.4	        san francisco cal	        san francisco bay	
  09/02/1895	        NA	        NA	      37.8	    -122.4	        san francisco cal	        san francisco bay	
  10/02/1895	        NA	        NA	      37.8	    -122.4	        san francisco cal	        san francisco bay	
  11/02/1895	        NA	        NA	      37.8	    -122.4	        san francisco cal	        san francisco bay	
  12/02/1895	        NA	        NA	      37.8	    -122.4	        san francisco cal	        san francisco bay	
  13/02/1895	        NA	        NA	      37.8	    -122.4	        san francisco cal	        san francisco bay	
  14/02/1895	        NA	        NA	      37.8	    -122.4	        san francisco cal	        san francisco bay	
  15/02/1895	        NA	        NA	      37.8	    -122.4	        san francisco cal	        san francisco bay	
  16/02/1895	        NA	        NA	      37.8	    -122.4	        san francisco cal	        san francisco bay	
  17/02/1895	        NA	        NA	      37.8	    -122.4	        san francisco cal	        san francisco bay	
  16/02/1895	        NA	        NA	        NA	        NA	                       NA	                       NA	
  16/02/1895	        NA	        NA	        NA	        NA	                       NA	                       NA	
  16/02/1895	        NA	        NA	        NA	        NA	                       NA	                       NA	
  16/02/1895	        NA	        NA	        NA	        NA	                       NA	                       NA	
  16/02/1895	        NA	        NA	        NA	        NA	                       NA	                       NA	
  17/02/1895	        NA	        NA	      37.8	    -122.4	        san francisco cal	        san francisco bay	
  16/02/1895	        NA	        NA	      37.8	    -122.4	        san francisco cal	        san francisco bay	
  17/02/1895	        NA	        NA	      37.8	    -122.4	        san francisco cal	        san francisco bay	
  18/02/1895	        NA	        NA	      37.8	    -122.4	        san francisco cal	        san francisco bay	
  19/02/1895	        NA	        NA	      37.8	    -122.4	        san francisco cal	        san francisco bay	
  20/02/1895	        NA	        NA	      37.8	    -122.4	        san francisco cal	        san francisco bay	
  21/02/1895	        NA	        NA	      37.8	    -122.4	        san francisco cal	        san francisco bay	
  22/02/1895	        NA	        NA	      37.8	    -122.4	        san francisco cal	        san francisco bay	
  23/02/1895	        NA	        NA	      37.8	    -122.4	        san francisco cal	        san francisco bay	
  24/02/1895	        NA	        NA	      37.8	    -122.4	        san francisco cal	        san francisco bay	
  25/02/1895	        NA	        NA	      37.8	    -122.4	        san francisco cal	        san francisco bay	
  26/02/1895	        NA	        NA	      37.8	    -122.4	        san francisco cal	        san francisco bay	
  27/02/1895	        NA	        NA	      37.8	    -122.4	        san francisco cal	        san francisco bay	
  28/02/1895	        NA	        NA	      37.8	    -122.4	        san francisco cal	        san francisco bay	
  01/03/1895	        NA	        NA	      37.8	    -122.4	        san francisco cal	        san francisco bay	
  02/03/1895	        NA	        NA	      37.8	    -122.4	        san francisco cal	        san francisco bay	
  03/03/1895	        NA	        NA	      37.8	    -122.4	        san francisco cal	        san francisco bay	
  04/03/1895	        NA	        NA	      37.8	    -122.4	        san francisco cal	        san francisco bay	
  05/03/1895	        NA	        NA	      37.8	    -122.4	        san francisco cal	        san francisco bay	
  06/03/1895	        NA	        NA	      37.8	    -122.4	        san francisco cal	        san francisco bay	
  07/03/1895	        NA	        NA	      37.8	    -122.4	        san francisco cal	        san francisco bay	
  08/03/1895	        NA	        NA	      37.8	    -122.4	        san francisco cal	        san francisco bay	
  09/03/1895	        NA	        NA	      37.8	    -122.4	        san francisco cal	        san francisco bay	
  10/03/1895	        NA	        NA	      37.8	    -122.4	        san francisco cal	        san francisco bay	
  11/03/1895	        NA	        NA	      37.8	    -122.4	        san francisco cal	        san francisco bay	
  12/03/1895	        NA	        NA	      37.8	    -122.4	        san francisco cal	        san francisco bay	
  13/03/1895	        NA	        NA	      37.8	    -122.4	        san francisco cal	        san francisco bay	
  14/03/1895	        NA	        NA	      37.8	    -122.3	            sausalito cal	                sausalito	
  15/03/1895	        NA	        NA	      37.8	    -122.3	            sausalito cal	                sausalito	
  16/03/1895	        NA	        NA	      37.8	    -122.3	            sausalito cal	                sausalito	
  17/03/1895	        NA	        NA	      37.8	    -122.3	            sausalito cal	                sausalito	
  18/03/1895	        NA	        NA	      37.8	    -122.3	            sausalito cal	                sausalito	
  19/03/1895	        NA	        NA	      37.8	    -122.3	            sausalito cal	                sausalito	
  20/03/1895	        NA	        NA	      37.8	    -122.3	            sausalito cal	                sausalito	
  21/03/1895	        NA	        NA	      37.8	    -122.3	            sausalito cal	                sausalito	
  22/03/1895	        NA	        NA	      37.8	    -122.3	            sausalito cal	                sausalito	
  23/03/1895	        NA	        NA	      37.8	    -122.3	            sausalito cal	                sausalito	
  24/03/1895	        NA	        NA	      37.8	    -122.3	            sausalito cal	                sausalito	
  25/03/1895	        NA	        NA	      37.8	    -122.3	            sausalito cal	                sausalito	
  26/03/1895	        NA	        NA	      37.8	    -122.3	            sausalito cal	                sausalito	
  27/03/1895	        NA	        NA	      37.8	    -122.3	            sausalito cal	                sausalito	
  28/03/1895	        NA	        NA	      37.8	    -122.3	            sausalito cal	                sausalito	
  29/03/1895	        NA	        NA	      37.8	    -122.3	            sausalito cal	                sausalito	
  30/03/1895	        NA	        NA	      37.8	    -122.3	            sausalito cal	                sausalito	
  31/03/1895	        NA	        NA	      37.8	    -122.3	            sausalito cal	                sausalito	
  01/04/1895	        NA	        NA	      37.8	    -122.3	            sausalito cal	                sausalito	
  02/04/1895	        NA	        NA	      37.8	    -122.3	            sausalito cal	                sausalito	
  03/04/1895	        NA	        NA	      37.8	    -122.3	            sausalito cal	                sausalito	
  04/04/1895	        NA	        NA	      37.8	    -122.4	        san francisco cal	        san francisco bay	
  05/04/1895	        NA	        NA	      37.8	    -122.4	        san francisco cal	        san francisco bay	
  06/04/1895	        NA	        NA	      37.8	    -122.4	        san francisco cal	        san francisco bay	
  07/04/1895	        NA	        NA	      37.8	    -122.4	        san francisco cal	        san francisco bay	
  08/04/1895	        NA	        NA	      37.8	    -122.4	        san francisco cal	        san francisco bay	
  09/04/1895	        NA	        NA	      37.8	    -122.4	        san francisco cal	        san francisco bay	
  10/04/1895	        NA	        NA	      37.8	    -122.4	        san francisco cal	        san francisco bay	
  11/04/1895	        NA	        NA	      37.8	    -122.4	        san francisco cal	        san francisco bay	
  12/04/1895	        NA	        NA	      37.8	    -122.4	        san francisco cal	        san francisco bay	
  13/04/1895	        NA	        NA	      37.8	    -122.4	        san francisco cal	        san francisco bay	
  14/04/1895	        NA	        NA	      37.8	    -122.4	        san francisco cal	        san francisco bay	
  15/04/1895	        NA	        NA	      37.8	    -122.4	        san francisco cal	        san francisco bay	
  16/04/1895	        NA	        NA	      37.8	    -122.4	        san francisco cal	        san francisco bay	
  17/04/1895	        NA	        NA	      37.8	    -122.4	        san francisco cal	        san francisco bay	
  18/04/1895	        NA	        NA	      37.8	    -122.4	        san francisco cal	        san francisco bay	
  19/04/1895	        NA	        NA	      37.8	    -122.4	        san francisco cal	        san francisco bay	
  20/04/1895	        NA	        NA	      37.8	    -122.4	        san francisco cal	        san francisco bay	
  21/04/1895	        NA	        NA	      37.8	    -122.4	        san francisco cal	        san francisco bay	
  22/04/1895	        NA	        NA	      37.8	    -122.4	        san francisco cal	        san francisco bay	
  23/04/1895	        NA	        NA	      37.8	    -122.4	        san francisco cal	        san francisco bay	
  24/04/1895	        NA	        NA	      37.8	    -122.4	        san francisco cal	        san francisco bay	
  25/04/1895	        NA	        NA	      37.8	    -122.4	        san francisco cal	        san francisco bay	
  27/04/1895	   39 21 N	  124 15 W	      NA	      NA	      NA
  28/04/1895	   41 01 N	  124 36 W	      NA	      NA	      NA
  29/04/1895	   43 39 N	  124 41 W	      NA	      NA	      NA
  30/04/1895	   46 54 N	  124 30 W	      NA	      NA	      NA
  03/05/1895	        NA	        NA	      48.1	    -122.8	 port townsend washington	            port townsend	
  04/05/1895	        NA	        NA	        NA	        NA	                       NA	                       NA	
  09/05/1895	   48 45 N	  125 47 W	      NA	      NA	      NA
  10/05/1895	   49 20 N	  129 25 W	      NA	      NA	      NA
  11/05/1895	   51 02 N	  133 29 W	      NA	      NA	      NA
  12/05/1895	   52 51 N	  135 20 W	      NA	      NA	      NA
  13/05/1895	   55 53 N	  136 07 W	      NA	      NA	      NA
  14/05/1895	        NA	        NA	        NA	        NA	                       NA	                       NA	
  14/05/1895	        NA	        NA	      57.0	    -135.4	             sitka alaska	                    sitka	
   15/5/1895	   56 36 N	  135 46 W	      NA	      NA	      NA
  16/05/1895	   56 36 N	  138 38 W	      NA	      NA	      NA
  17/05/1895	   57 14 N	  138 27 W	      NA	      NA	      NA
  18/05/1895	   58 24 N	  140 47 W	      NA	      NA	      NA
  19/05/1895	   58 34 N	  145 24 W	      NA	      NA	      NA
  20/05/1895	   57 38 N	  149 03 W	      NA	      NA	      NA
  21/05/1895	   55 44 N	  152 01 W	      NA	      NA	      NA
  22/05/1895	   55 39 N	  152 09 W	      NA	      NA	      NA
  23/05/1895	   56 11 N	  150 22 W	      NA	      NA	      NA
  24/05/1895	   56 20 N	  150 00 W	      NA	      NA	      NA
  25/05/1895	   57 24 N	  148 50 W	      NA	      NA	      NA
  26/05/1895	   59 00 N	  146 33 W	      NA	      NA	      NA
  27/05/1895	   58 09 N	  142 54 W	      NA	      NA	      NA
  28/05/1895	   58 50 N	  140 09 W	      NA	      NA	      NA
  29/05/1895	   57 05 N	  138 47 W	      NA	      NA	      NA
  30/05/1895	        NA	        NA	        NA	        NA	                       NA	                       NA	
  31/05/1895	        NA	        NA	        NA	        NA	                       NA	                       NA	
  31/05/1895	        NA	        NA	      57.0	    -135.4	             sitka alaska	                    sitka	
  01/06/1895	   57 01 N	  137 10 W	      NA	      NA	      NA
  02/06/1895	   56 44 N	  143 03 W	      NA	      NA	      NA
  03/06/1895	   56 18 N	  148 04 W	      NA	      NA	      NA
  04/06/1895	   55 49 N	  153 48 W	      NA	      NA	      NA
  05/06/1895	   55 17 N	  158 51 W	      NA	      NA	      NA
  06/06/1895	        NA	        NA	        NA	        NA	                       NA	                       NA	
  08/06/1895	   54 30 N	  161 28 W	      NA	      NA	      NA
  09/06/1895	   53 42 N	  165 22 W	      NA	      NA	      NA
  10/06/1895	        NA	        NA	        NA	        NA	                       NA	                       NA	
  10/06/1895	        NA	        NA	      53.9	    -166.5	      dutch harbor alaska	             dutch harbor	
  11/06/1895	        NA	        NA	        NA	        NA	                       NA	                       NA	
  11/06/1895	        NA	        NA	      53.9	    -166.5	      dutch harbor alaska	             dutch harbor	
  12/06/1895	        NA	        NA	        NA	        NA	                       NA	                       NA	
  12/06/1895	        NA	        NA	      53.9	    -166.5	      dutch harbor alaska	             dutch harbor	
  13/06/1895	        NA	        NA	        NA	        NA	                       NA	                       NA	
  13/06/1895	        NA	        NA	      53.9	    -166.5	      dutch harbor alaska	             dutch harbor	
  14/06/1895	        NA	        NA	        NA	        NA	                       NA	                       NA	
  14/06/1895	        NA	        NA	      53.9	    -166.5	      dutch harbor alaska	             dutch harbor	
  15/06/1895	        NA	        NA	        NA	        NA	                       NA	                       NA	
  15/06/1895	        NA	        NA	      53.9	    -166.5	      dutch harbor alaska	             dutch harbor	
  16/06/1895	        NA	        NA	        NA	        NA	                       NA	                       NA	
  16/06/1895	        NA	        NA	      53.9	    -166.5	      dutch harbor alaska	             dutch harbor	
  17/06/1895	        NA	        NA	        NA	        NA	                       NA	                       NA	
  17/06/1895	        NA	        NA	      53.9	    -166.5	      dutch harbor alaska	             dutch harbor	
  18/06/1895	        NA	        NA	        NA	        NA	                       NA	                       NA	
  18/06/1895	        NA	        NA	      53.9	    -166.5	      dutch harbor alaska	             dutch harbor	
  19/06/1895	        NA	        NA	        NA	        NA	                       NA	                       NA	
  19/06/1895	        NA	        NA	      53.9	    -166.5	      dutch harbor alaska	             dutch harbor	
  20/06/1895	        NA	        NA	        NA	        NA	                       NA	                       NA	
  20/06/1895	        NA	        NA	      53.9	    -166.5	      dutch harbor alaska	             dutch harbor	
  21/06/1895	        NA	        NA	        NA	        NA	                       NA	                       NA	
  21/06/1895	        NA	        NA	      53.9	    -166.5	      dutch harbor alaska	             dutch harbor	
  22/06/1895	        NA	        NA	        NA	        NA	                       NA	                       NA	
  22/06/1895	        NA	        NA	      53.9	    -166.5	      dutch harbor alaska	             dutch harbor	
  23/06/1895	   54 35 N	  167 10 W	      NA	      NA	      NA
  24/06/1895	   56 39 N	  169 46 W	      NA	      NA	      NA
  25/06/1895	   58 23 N	  172 05 W	      NA	      NA	      NA
  26/06/1895	   61 30 N	  172 10 W	      NA	      NA	      NA
  27/06/1895	        NA	        NA	        NA	        NA	                       NA	                       NA	
  28/06/1895	        NA	        NA	        NA	        NA	                       NA	                       NA	
  29/06/1895	     64 10	  172 02 W	      NA	      NA	      NA
  30/06/1895	   65 08 N	  168 55 W	      NA	      NA	      NA
  01/07/1895	        NA	        NA	        NA	        NA	                       NA	                       NA	
  02/07/1895	        NA	        NA	        NA	        NA	                       NA	                       NA	
  02/07/1895	        NA	        NA	      65.2	    -166.7	     port clarence alaska	           port clearance	
  03/07/1895	        NA	        NA	        NA	        NA	                       NA	                       NA	
  03/07/1895	        NA	        NA	      65.2	    -166.7	     port clarence alaska	           port clearance	
  04/07/1895	     65 05	  167 35 W	      NA	      NA	      NA
  05/07/1895	        NA	        NA	        NA	        NA	                       NA	                       NA	
  05/07/1895	        NA	        NA	      63.5	    -162.0	st michaels id bearing ssw egg id exn 12 n	               st michael	
  06/07/1895	   63 52 N	  162 04 W	      NA	      NA	      NA
  07/07/1895	   64 28 N	  165 47 W	      NA	      NA	      NA
  08/07/1895	   65 20 N	  169 46 W	      NA	      NA	      NA
  09/07/1895	   66 15 N	  170 02 W	      NA	      NA	      NA
  10/07/1895	   67 07 N	  170 59 W	      NA	      NA	      NA
  11/07/1895	        NA	        NA	        NA	        NA	                       NA	                       NA	
  14/07/1895	        NA	        NA	        NA	        NA	                       NA	                       NA	
  15/07/1895	   66 13 N	  169 50 W	      NA	      NA	      NA
  16/07/1895	        NA	        NA	        NA	        NA	                       NA	                       NA	
  16/07/1895	        NA	        NA	      65.2	    -166.7	     port clarence alaska	           port clearance	
  17/07/1895	        NA	        NA	        NA	        NA	                       NA	                       NA	
  17/07/1895	        NA	        NA	      65.2	    -166.7	     port clarence alaska	           port clearance	
  18/07/1895	        NA	        NA	        NA	        NA	                       NA	                       NA	
  19/07/1895	        NA	        NA	        NA	        NA	                       NA	                       NA	
  19/07/1895	        NA	        NA	      65.2	    -166.7	teller reindeer station port clarence	           port clearance	
  20/07/1895	        NA	        NA	        NA	        NA	                       NA	                       NA	
  20/07/1895	        NA	        NA	      65.2	    -166.7	     port clarence alaska	           port clearance	
  21/07/1895	   65 20 N	  168 08 W	      NA	      NA	      NA
  22/07/1895	        NA	        NA	        NA	        NA	                       NA	                       NA	
  22/07/1895	        NA	        NA	      65.7	    -171.1	        at sea bering sea	          st lawrence bay	
  23/07/1895	        NA	        NA	        NA	        NA	                       NA	                       NA	
  23/07/1895	        NA	        NA	      65.7	    -171.1	  st lawrence bay siberia	          st lawrence bay	
  24/07/1895	        NA	        NA	        NA	        NA	                       NA	                       NA	
  24/07/1895	        NA	        NA	      65.7	    -171.1	  st lawrence bay siberia	          st lawrence bay	
  25/07/1895	        NA	        NA	        NA	        NA	                       NA	                       NA	
  26/07/1895	        NA	        NA	        NA	        NA	                       NA	                       NA	
  26/07/1895	        NA	        NA	      65.2	    -166.7	     port clarence alaska	           port clearance	
  27/07/1895	   65 29 N	  167 26 W	      NA	      NA	      NA
  28/07/1895	   66 23 N	  160 48 W	      NA	      NA	      NA
  29/07/1895	   66 21 N	  162 10 W	      NA	      NA	      NA
  30/07/1895	        NA	        NA	        NA	        NA	                       NA	                       NA	
  03/08/1895	   66 40 N	  162 23 W	      NA	      NA	      NA
  04/08/1895	        NA	        NA	        NA	        NA	                       NA	                       NA	
  05/08/1895	     67 25	  164 04 W	      NA	      NA	      NA
  06/08/1895	   68 18 N	  166 58 W	      NA	      NA	      NA
  07/08/1895	   69 09 N	  165 33 W	      NA	      NA	      NA
  08/08/1895	   70 17 N	  161 59 W	      NA	      NA	      NA
  09/08/1895	        NA	        NA	      70.3	    -161.9	at anchor off icy cape alaska	                 icy cape	
  09/08/1895	        NA	        NA	        NA	        NA	                       NA	                       NA	
  10/08/1895	        NA	        NA	      70.3	    -161.9	at anchor off icy cape alaska	                 icy cape	
  10/08/1895	        NA	        NA	        NA	        NA	                       NA	                       NA	
  11/08/1895	        NA	        NA	      70.3	    -161.9	at anchor off icy cape alaska	                 icy cape	
  11/08/1895	        NA	        NA	        NA	        NA	                       NA	                       NA	
  12/08/1895	        NA	        NA	      70.3	    -161.9	at anchor near icy cape alaska	                 icy cape	
  12/08/1895	        NA	        NA	        NA	        NA	                       NA	                       NA	
  13/08/1895	        NA	        NA	      70.3	    -161.9	at anchor near icy cape alaska	                 icy cape	
  13/08/1895	        NA	        NA	        NA	        NA	                       NA	                       NA	
  14/08/1895	        NA	        NA	      70.3	    -161.9	          jay cape alaska	                 icy cape	
  14/08/1895	        NA	        NA	        NA	        NA	                       NA	                       NA	
  15/08/1895	        NA	        NA	      70.3	    -161.9	at anchor off icy cape alaska	                 icy cape	
  15/08/1895	        NA	        NA	        NA	        NA	                       NA	                       NA	
  16/08/1895	        NA	        NA	      70.3	    -161.9	at anchor off icy cape alaska	                 icy cape	
  16/08/1895	        NA	        NA	        NA	        NA	                       NA	                       NA	
  17/08/1895	        NA	        NA	      70.3	    -161.9	at anchor off icy cape alaska	                 icy cape	
  17/08/1895	        NA	        NA	        NA	        NA	                       NA	                       NA	
  18/08/1895	   70 24 N	  161 52 W	      NA	      NA	      NA
  19/08/1895	        NA	        NA	        NA	        NA	                       NA	                       NA	
  19/08/1895	        NA	        NA	      70.3	    -161.9	at anchor southward of icy cape alaska	                 icy cape	
  20/08/1895	   70 30 N	  161 50 W	      NA	      NA	      NA
  21/08/1895	   70 28 N	  162 13 W	      NA	      NA	      NA
  22/08/1895	   70 39 N	  164 04 W	      NA	      NA	      NA
  23/08/1895	   68 54 N	  166 20 W	      NA	      NA	      NA
  24/08/1895	   67 55 N	  165 22 W	      NA	      NA	      NA
  25/08/1895	   66 29 N	  166 31 W	      NA	      NA	      NA
  26/08/1895	        NA	        NA	        NA	        NA	                       NA	                       NA	
  27/08/1895	        NA	        NA	        NA	        NA	                       NA	                       NA	
  27/08/1895	        NA	        NA	        NA	        NA	anchored off teller reindeer station port clarence alaska at noon	                       NA	
  28/08/1895	        NA	        NA	        NA	        NA	                       NA	                       NA	
  28/08/1895	        NA	        NA	        NA	        NA	anchored off reindeer station port clarence alaska at noon	                       NA	
  29/08/1895	   64 59 N	  168 00 W	      NA	      NA	      NA
  30/08/1895	        NA	        NA	        NA	        NA	                       NA	                       NA	
  31/08/1895	        NA	        NA	        NA	        NA	                       NA	                       NA	
  31/08/1895	        NA	        NA	        NA	        NA	                       NA	                       NA	
  31/08/1895	        NA	        NA	        NA	        NA	      at sea norton sound	                       NA	
  01/09/1895	        NA	        NA	        NA	        NA	                       NA	                       NA	
  01/09/1895	        NA	        NA	      63.5	    -162.0	       st michaels alaska	               st michael	
  02/09/1895	   64 00 N	  162 51 W	      NA	      NA	      NA
  03/09/1895	   63 54 N	  169 30 W	      NA	      NA	      NA
  04/09/1895	   63 03 N	  172 12 W	      NA	      NA	      NA
  05/09/1895	   60 45 N	  172 35 W	      NA	      NA	      NA
  06/09/1895	   57 27 N	  170 10 W	      NA	      NA	      NA
  07/09/1895	        NA	        NA	        NA	        NA	                       NA	                       NA	
  07/09/1895	        NA	        NA	      57.1	    -170.3	off st paul island alaska	           st paul island	
  08/09/1895	        NA	        NA	        NA	        NA	                       NA	                       NA	
  09/09/1895	   55 27 N	  168 05 W	      NA	      NA	      NA
  10/09/1895	   54 17 N	  166 45 W	      NA	      NA	      NA
  11/09/1895	        NA	        NA	        NA	        NA	                       NA	                       NA	
  11/09/1895	        NA	        NA	      53.9	    -166.5	at anchor dutch harbor alaska	             dutch harbor	
  12/09/1895	        NA	        NA	        NA	        NA	                       NA	                       NA	
  12/09/1895	        NA	        NA	      53.9	    -166.5	at anchor dutch harbor alaska at noon	             dutch harbor	
  13/09/1895	        NA	        NA	        NA	        NA	                       NA	                       NA	
  13/09/1895	        NA	        NA	      53.9	    -166.5	at anchor dutch harbor alaska at noon	             dutch harbor	
  14/09/1895	        NA	        NA	        NA	        NA	                       NA	                       NA	
  14/09/1895	        NA	        NA	      53.9	    -166.5	at anchor dutch harbor alaska at noon	             dutch harbor	
  15/09/1895	        NA	        NA	        NA	        NA	                       NA	                       NA	
  15/09/1895	        NA	        NA	      53.9	    -166.5	at anchor dutch harbor alaska at noon	             dutch harbor	
  16/09/1895	        NA	        NA	        NA	        NA	                       NA	                       NA	
  16/09/1895	        NA	        NA	      53.9	    -166.5	at anchor dutch harbor alaska at noon	             dutch harbor	
  17/09/1895	        NA	        NA	        NA	        NA	                       NA	                       NA	
  17/09/1895	        NA	        NA	      53.9	    -166.5	          unalaska alaska	             unalaska bay	
  18/09/1895	        NA	        NA	        NA	        NA	                       NA	                       NA	
  18/09/1895	        NA	        NA	      53.9	    -166.5	      dutch harbor alaska	             dutch harbor	
  19/09/1895	        NA	        NA	        NA	        NA	                       NA	                       NA	
  19/09/1895	        NA	        NA	      53.9	    -166.5	      dutch harbor alaska	             dutch harbor	
  20/09/1895	        NA	        NA	        NA	        NA	                       NA	                       NA	
  20/09/1895	        NA	        NA	      53.9	    -166.5	      dutch harbor alaska	             dutch harbor	
  21/09/1895	        NA	        NA	        NA	        NA	                       NA	                       NA	
  21/09/1895	        NA	        NA	      53.9	    -166.5	      dutch harbor alaska	             dutch harbor	
  22/09/1895	   54 26 N	  167 03 W	      NA	      NA	      NA
  23/09/1895	   55 46 N	  168 24 W	      NA	      NA	      NA
  24/09/1895	   56 37 N	  169 24 W	      NA	      NA	      NA
  25/09/1895	        NA	        NA	        NA	        NA	                       NA	                       NA	
  25/09/1895	        NA	        NA	      56.6	    -169.6	garden cove st george island	         st george island	
  26/09/1895	        NA	        NA	        NA	        NA	                       NA	                       NA	
  26/09/1895	        NA	        NA	      57.1	    -170.3	at anchor st paul island alaska	           st paul island	
  27/09/1895	   55 16 N	  168 12 W	      NA	      NA	      NA
  28/09/1895	        NA	        NA	        NA	        NA	                       NA	                       NA	
  28/09/1895	        NA	        NA	      55.0	    -166.5	        at sea bering sea	             dutch harbor	
  29/09/1895	        NA	        NA	        NA	        NA	                       NA	                       NA	
  29/09/1895	        NA	        NA	      53.9	    -166.5	      dutch harbor alaska	             dutch harbor	
  30/09/1895	        NA	        NA	        NA	        NA	                       NA	                       NA	
  30/09/1895	        NA	        NA	      53.9	    -166.5	      dutch harbor alaska	             dutch harbor	
  30/09/1895	        NA	        NA	        NA	        NA	                       NA	                       NA	
  30/09/1895	        NA	        NA	      53.9	    -166.5	      dutch harbor alaska	             dutch harbor	
  01/10/1895	        NA	        NA	        NA	        NA	                       NA	                       NA	
  01/10/1895	        NA	        NA	      53.9	    -166.5	      dutch harbor alaska	             dutch harbor	
  02/10/1895	        NA	        NA	        NA	        NA	                       NA	                       NA	
  02/10/1895	        NA	        NA	      53.9	    -166.5	      dutch harbor alaska	             dutch harbor	
  03/10/1895	        NA	        NA	        NA	        NA	                       NA	                       NA	
  03/10/1895	        NA	        NA	      53.9	    -166.5	      dutch harbor alaska	             dutch harbor	
  04/10/1895	        NA	        NA	        NA	        NA	                       NA	                       NA	
  04/10/1895	        NA	        NA	      53.9	    -166.5	      dutch harbor alaska	             dutch harbor	
  05/10/1895	        NA	        NA	        NA	        NA	                       NA	                       NA	
  05/10/1895	        NA	        NA	      53.9	    -166.5	      dutch harbor alaska	             dutch harbor	
  06/10/1895	        NA	        NA	        NA	        NA	                       NA	                       NA	
  06/10/1895	        NA	        NA	      53.9	    -166.5	      dutch harbor alaska	             dutch harbor	
  07/10/1895	        NA	        NA	        NA	        NA	                       NA	                       NA	
  07/10/1895	        NA	        NA	      53.9	    -166.5	      dutch harbor alaska	             dutch harbor	
  08/10/1895	        NA	        NA	        NA	        NA	                       NA	                       NA	
  08/10/1895	        NA	        NA	      53.9	    -166.5	      dutch harbor alaska	             dutch harbor	
  09/10/1895	        NA	        NA	        NA	        NA	                       NA	                       NA	
  09/10/1895	        NA	        NA	      53.9	    -166.5	      dutch harbor alaska	             dutch harbor	
  10/10/1895	        NA	        NA	        NA	        NA	                       NA	                       NA	
  10/10/1895	        NA	        NA	      53.9	    -166.5	      dutch harbor alaska	             dutch harbor	
  11/10/1895	        NA	        NA	        NA	        NA	                       NA	                       NA	
  11/10/1895	        NA	        NA	      53.9	    -166.5	      dutch harbor alaska	             dutch harbor	
  12/10/1895	        NA	        NA	        NA	        NA	                       NA	                       NA	
  12/10/1895	        NA	        NA	      53.9	    -166.5	      dutch harbor alaska	             dutch harbor	
  13/10/1895	        NA	        NA	        NA	        NA	                       NA	                       NA	
  13/10/1895	        NA	        NA	      53.9	    -166.5	      dutch harbor alaska	             dutch harbor	
  14/10/1895	        NA	        NA	        NA	        NA	                       NA	                       NA	
  14/10/1895	        NA	        NA	      53.9	    -166.5	      dutch harbor alaska	             dutch harbor	
  15/10/1895	        NA	        NA	        NA	        NA	                       NA	                       NA	
  15/10/1895	        NA	        NA	      53.9	    -166.5	      dutch harbor alaska	             dutch harbor	
  16/10/1895	        NA	        NA	        NA	        NA	                       NA	                       NA	
  16/10/1895	        NA	        NA	      53.9	    -166.5	      dutch harbor alaska	             dutch harbor	
  17/10/1895	        NA	        NA	        NA	        NA	                       NA	                       NA	
  17/10/1895	        NA	        NA	      53.9	    -166.5	      dutch harbor alaska	             dutch harbor	
  18/10/1895	        NA	        NA	        NA	        NA	                       NA	                       NA	
  18/10/1895	        NA	        NA	      53.9	    -166.5	      dutch harbor alaska	             dutch harbor	
  19/10/1895	        NA	        NA	        NA	        NA	                       NA	                       NA	
  19/10/1895	        NA	        NA	      53.9	    -166.5	      dutch harbor alaska	             dutch harbor	
  20/10/1895	        NA	        NA	        NA	        NA	                       NA	                       NA	
  20/10/1895	        NA	        NA	      53.9	    -166.5	      dutch harbor alaska	             dutch harbor	
  21/10/1895	        NA	        NA	        NA	        NA	                       NA	                       NA	
  21/10/1895	        NA	        NA	      53.9	    -166.5	      dutch harbor alaska	             dutch harbor	
  22/10/1895	        NA	        NA	        NA	        NA	                       NA	                       NA	
  22/10/1895	        NA	        NA	      53.9	    -166.5	      dutch harbor alaska	             dutch harbor	
  23/10/1895	        NA	        NA	        NA	        NA	                       NA	                       NA	
  23/10/1895	        NA	        NA	      53.9	    -166.5	      dutch harbor alaska	             dutch harbor	
  24/10/1895	        NA	        NA	        NA	        NA	                       NA	                       NA	
  24/10/1895	        NA	        NA	      53.9	    -166.5	      dutch harbor alaska	             dutch harbor	
  25/10/1895	   54 19 N	  166 55 W	      NA	      NA	      NA
  26/10/1895	        NA	        NA	        NA	        NA	                       NA	                       NA	
  26/10/1895	        NA	        NA	      56.6	    -169.6	dalnoi point st george island sse  12 miles at noon	         st george island	
  27/10/1895	   55 23 N	  168 09 W	      NA	      NA	      NA
  28/10/1895	        NA	        NA	        NA	        NA	                       NA	                       NA	
  28/10/1895	        NA	        NA	      53.9	    -166.5	        at sea bering sea	             unalaska bay	
  29/10/1895	        NA	        NA	        NA	        NA	                       NA	                       NA	
  29/10/1895	        NA	        NA	      53.9	    -166.5	          unalaska alaska	             unalaska bay	
  30/10/1895	        NA	        NA	        NA	        NA	                       NA	                       NA	
  30/10/1895	        NA	        NA	      53.9	    -166.5	          unalaska alaska	             unalaska bay	
  31/10/1895	        NA	        NA	        NA	        NA	                       NA	                       NA	
  31/10/1895	        NA	        NA	      53.9	    -166.5	          unalaska alaska	             unalaska bay	
  01/11/1895	   53 07 N	  162 54 W	      NA	      NA	      NA
  02/11/1895	   52 37 N	  160 47 W	      NA	      NA	      NA
  03/11/1895	   51 03 N	  156 20 W	      NA	      NA	      NA
  04/11/1895	   49 50 N	  152 26 W	      NA	      NA	      NA
  05/11/1895	   49 27 N	  150 21 W	      NA	      NA	      NA
  06/11/1895	   48 29 N	  147 29 W	      NA	      NA	      NA
  07/11/1895	   47 35 N	  144 29 W	      NA	      NA	      NA
  08/11/1895	   45 56 N	  140 00 W	      NA	      NA	      NA
  09/11/1895	   44 05 N	  136 01 W	      NA	      NA	      NA
  10/11/1895	   42 23 N	  131 27 W	      NA	      NA	      NA
  11/11/1895	   40 50 N	  127 20 W	      NA	      NA	      NA
  12/11/1895	   39 04 N	  124 52 W	      NA	      NA	      NA
  13/11/1895	        NA	        NA	        NA	        NA	                       NA	                       NA	
  14/11/1895	        NA	        NA	        NA	        NA	                       NA	                       NA	
  14/11/1895	        NA	        NA	        NA	        NA	                       NA	                       NA	
  14/11/1895	        NA	        NA	        NA	        NA	                       NA	                       NA	
  14/11/1895	        NA	        NA	        NA	        NA	                       NA	                       NA	
  14/11/1895	        NA	        NA	        NA	        NA	                       NA	                       NA	
  14/11/1895	        NA	        NA	        NA	        NA	                       NA	                       NA	
  14/11/1895	        NA	        NA	        NA	        NA	                       NA	                       NA	
  14/11/1895	        NA	        NA	        NA	        NA	                       NA	                       NA	
  14/11/1895	        NA	        NA	        NA	        NA	                       NA	                       NA	
  14/11/1895	        NA	        NA	        NA	        NA	                       NA	                       NA	
  14/11/1895	        NA	        NA	        NA	        NA	                       NA	                       NA	
  14/11/1895	        NA	        NA	      37.8	    -122.4	        san francisco cal	        san francisco bay	
