  01/04/1896	        NA	        NA	        NA	        NA	                       NA	                       NA	
  01/04/1896	        NA	        NA	      37.8	    -122.4	 san francisco california	        san francisco bay	
  02/04/1896	        NA	        NA	        NA	        NA	                       NA	                       NA	
  02/04/1896	        NA	        NA	      37.8	    -122.4	 san francisco california	        san francisco bay	
  03/04/1896	        NA	        NA	        NA	        NA	                       NA	                       NA	
  03/04/1896	        NA	        NA	      37.8	    -122.4	 san francisco california	        san francisco bay	
  04/04/1896	        NA	        NA	        NA	        NA	                       NA	                       NA	
  04/04/1896	        NA	        NA	      37.8	    -122.4	 san francisco california	        san francisco bay	
  05/04/1896	        NA	        NA	        NA	        NA	                       NA	                       NA	
  05/04/1896	        NA	        NA	      37.8	    -122.4	 san francisco california	        san francisco bay	
  06/04/1896	        NA	        NA	        NA	        NA	                       NA	                       NA	
  06/04/1896	        NA	        NA	      37.8	    -122.4	 san francisco california	        san francisco bay	
  07/04/1896	        NA	        NA	        NA	        NA	                       NA	                       NA	
  07/04/1896	        NA	        NA	      37.8	    -122.4	 san francisco california	        san francisco bay	
  08/04/1896	        NA	        NA	        NA	        NA	                       NA	                       NA	
  08/04/1896	        NA	        NA	      37.8	    -122.4	 san francisco california	        san francisco bay	
  09/04/1896	        NA	        NA	        NA	        NA	                       NA	                       NA	
  09/04/1896	        NA	        NA	      37.8	    -122.4	 san francisco california	        san francisco bay	
  10/04/1896	        NA	        NA	        NA	        NA	                       NA	                       NA	
  10/04/1896	        NA	        NA	      37.8	    -122.4	 san francisco california	        san francisco bay	
  11/04/1896	        NA	        NA	        NA	        NA	                       NA	                       NA	
  11/04/1896	        NA	        NA	      37.8	    -122.4	 san francisco california	        san francisco bay	
  12/04/1896	        NA	        NA	        NA	        NA	                       NA	                       NA	
  12/04/1896	        NA	        NA	      37.8	    -122.4	 san francisco california	        san francisco bay	
  13/04/1896	        NA	        NA	        NA	        NA	                       NA	                       NA	
  13/04/1896	        NA	        NA	      37.8	    -122.4	 san francisco california	        san francisco bay	
  14/04/1896	        NA	        NA	        NA	        NA	                       NA	                       NA	
  14/04/1896	        NA	        NA	      37.8	    -122.4	 san francisco california	        san francisco bay	
  15/04/1896	     38 22	  123 25 W	      NA	      NA	      NA
  16/04/1896	     39 40	  124 12 W	      NA	      NA	      NA
  17/04/1896	     41 23	  124 44 W	      NA	      NA	      NA
  18/04/1896	     42 49	  124 50 W	      NA	      NA	      NA
  19/04/1896	     45 05	  124 55 W	      NA	      NA	      NA
  20/04/1896	     47 55	  125 05 W	      NA	      NA	      NA
  21/04/1896	        NA	        NA	        NA	        NA	                       NA	                       NA	
  22/04/1896	        NA	        NA	        NA	        NA	                       NA	                       NA	
  22/04/1896	        NA	        NA	      48.1	    -122.8	       port townsend wash	            port townsend	
  23/04/1896	        NA	        NA	        NA	        NA	                       NA	                       NA	
  24/04/1896	        NA	        NA	        NA	        NA	                       NA	                       NA	
  25/04/1896	        NA	        NA	        NA	        NA	                       NA	                       NA	
  25/04/1896	        NA	        NA	      48.1	    -122.8	       port townsend wash	            port townsend	
  26/04/1896	        NA	        NA	        NA	        NA	                       NA	                       NA	
  26/04/1896	        NA	        NA	      48.1	    -122.8	       port townsend wash	            port townsend	
  27/04/1896	        NA	        NA	        NA	        NA	                       NA	                       NA	
  27/04/1896	        NA	        NA	      48.1	    -122.8	       port townsend wash	            port townsend	
  28/04/1896	     48 33	  125 38 W	      NA	      NA	      NA
  29/04/1896	   48 46 N	  127 44 W	      NA	      NA	      NA
  30/04/1896	     49 29	  130 39 W	      NA	      NA	      NA
  01/05/1896	     50 57	  132 36 W	      NA	      NA	      NA
  02/05/1896	   52 34 N	  134 49 W	      NA	      NA	      NA
  03/05/1896	   54 38 N	  136 53 W	      NA	      NA	      NA
  04/05/1896	   56 13 N	  137 15 W	      NA	      NA	      NA
  05/05/1896	     56 56	  136 36 W	      NA	      NA	      NA
  06/05/1896	        NA	        NA	        NA	        NA	                       NA	                       NA	
  06/05/1896	        NA	        NA	      57.0	    -135.4	             sitka alaska	                    sitka	
  07/05/1896	        NA	        NA	        NA	        NA	                       NA	                       NA	
  07/05/1896	        NA	        NA	      57.0	    -135.4	             sitka alaska	                    sitka	
  08/05/1896	        NA	        NA	        NA	        NA	                       NA	                       NA	
  08/05/1896	        NA	        NA	      57.0	    -135.4	             sitka alaska	                    sitka	
  09/05/1896	     56 28	  136 43 W	      NA	      NA	      NA
  10/05/1896	     56 54	  138 59 W	      NA	      NA	      NA
  11/05/1896	     57 38	  138 45 W	      NA	      NA	      NA
  12/05/1896	     56 20	  138 16 W	      NA	      NA	      NA
  13/05/1896	     54 30	  135 28 W	      NA	      NA	      NA
  14/05/1896	     52 07	  134 36 W	      NA	      NA	      NA
  15/05/1896	     52 57	  133 24 W	      NA	      NA	      NA
  16/05/1896	     54 03	  133 59 W	      NA	      NA	      NA
  17/05/1896	     55 01	  136 18 W	      NA	      NA	      NA
  18/05/1896	     56 52	  135 53 W	      NA	      NA	      NA
  19/05/1896	        NA	        NA	      57.0	    -135.4	             sitka harbor	                    sitka	
  19/05/1896	        NA	        NA	      57.0	    -135.4	             sitka alaska	                    sitka	
  20/05/1896	        NA	        NA	        NA	        NA	                       NA	                       NA	
  20/05/1896	        NA	        NA	      57.0	    -135.4	             sitka alaska	                    sitka	
  21/05/1896	        NA	        NA	        NA	        NA	                       NA	                       NA	
  21/05/1896	        NA	        NA	      57.0	    -135.4	             sitka alaska	                    sitka	
  22/05/1896	        NA	        NA	        NA	        NA	                       NA	                       NA	
  22/05/1896	        NA	        NA	      57.0	    -135.4	             sitka alaska	                    sitka	
  23/05/1896	        NA	        NA	        NA	        NA	                       NA	                       NA	
  23/05/1896	        NA	        NA	      57.0	    -135.4	             sitka alaska	                    sitka	
  24/05/1896	        NA	        NA	        NA	        NA	                       NA	                       NA	
  24/05/1896	        NA	        NA	      57.0	    -135.4	             sitka alaska	                    sitka	
  25/05/1896	        NA	        NA	        NA	        NA	                       NA	                       NA	
  25/05/1896	        NA	        NA	      57.0	    -135.4	             sitka alaska	                    sitka	
  26/05/1896	     58 16	  138 35 W	      NA	      NA	      NA
  27/05/1896	     59 17	  143 03 W	      NA	      NA	      NA
  28/05/1896	     59 11	  148 21 W	      NA	      NA	      NA
  29/05/1896	        NA	        NA	        NA	        NA	                       NA	                       NA	
  30/05/1896	     56 19	  151 59 W	      NA	      NA	      NA
  31/05/1896	     55 00	  156 45 W	      NA	      NA	      NA
  01/06/1896	     54 37	  158 53 W	      NA	      NA	      NA
  02/06/1896	        NA	        NA	        NA	        NA	                       NA	                       NA	
  03/06/1896	   55 22 N	  160 08 W	      NA	      NA	      NA
  04/06/1896	   55 44 N	  156 34 W	      NA	      NA	      NA
  05/06/1896	     56 09	  155 21 W	      NA	      NA	      NA
  06/06/1896	     56 21	  152 36 W	      NA	      NA	      NA
  07/06/1896	     57 22	  149 10 W	      NA	      NA	      NA
  08/06/1896	     58 18	  145 49 W	      NA	      NA	      NA
  09/06/1896	     58 12	  142 35 W	      NA	      NA	      NA
  10/06/1896	     57 32	  138 58 W	      NA	      NA	      NA
  11/06/1896	        NA	        NA	        NA	        NA	                       NA	                       NA	
  12/06/1896	     56 55	  137 16 W	      NA	      NA	      NA
  13/06/1896	     57 04	  141 15 W	      NA	      NA	      NA
  14/06/1896	     56 59	  146 46 W	      NA	      NA	      NA
  15/06/1896	     56 24	  151 53 W	      NA	      NA	      NA
  16/06/1896	     55 36	  156 16 W	      NA	      NA	      NA
  17/06/1896	        NA	        NA	        NA	        NA	                       NA	                       NA	
  18/06/1896	     54 21	  164 28 W	      NA	      NA	      NA
  19/06/1896	        NA	        NA	        NA	        NA	                       NA	                       NA	
  19/06/1896	        NA	        NA	      53.9	    -166.5	      dutch harbor alaska	             dutch harbor	
  20/06/1896	        NA	        NA	        NA	        NA	                       NA	                       NA	
  20/06/1896	        NA	        NA	      53.9	    -166.5	      dutch harbor alaska	             dutch harbor	
  21/06/1896	        NA	        NA	        NA	        NA	                       NA	                       NA	
  21/06/1896	        NA	        NA	      53.9	    -166.5	      dutch harbor alaska	             dutch harbor	
  22/06/1896	        NA	        NA	        NA	        NA	                       NA	                       NA	
  22/06/1896	        NA	        NA	      53.9	    -166.5	      dutch harbor alaska	             dutch harbor	
  23/06/1896	        NA	        NA	        NA	        NA	                       NA	                       NA	
  23/06/1896	        NA	        NA	      53.9	    -166.5	      dutch harbor alaska	             dutch harbor	
  24/06/1896	        NA	        NA	        NA	        NA	                       NA	                       NA	
  24/06/1896	        NA	        NA	      53.9	    -166.5	      dutch harbor alaska	             dutch harbor	
  25/06/1896	        NA	        NA	        NA	        NA	                       NA	                       NA	
  25/06/1896	        NA	        NA	      53.9	    -166.5	      dutch harbor alaska	             dutch harbor	
  26/06/1896	        NA	        NA	        NA	        NA	                       NA	                       NA	
  26/06/1896	        NA	        NA	      53.9	    -166.5	      dutch harbor alaska	             dutch harbor	
  27/06/1896	        NA	        NA	        NA	        NA	                       NA	                       NA	
  27/06/1896	        NA	        NA	      53.9	    -166.5	      dutch harbor alaska	             dutch harbor	
  28/06/1896	        NA	        NA	        NA	        NA	                       NA	                       NA	
  28/06/1896	        NA	        NA	      53.9	    -166.5	      dutch harbor alaska	             dutch harbor	
  29/06/1896	        NA	        NA	        NA	        NA	                       NA	                       NA	
  29/06/1896	        NA	        NA	      53.9	    -166.5	          iliuliuk alaska	             iliuliuk bay	
  30/06/1896	     55 22	  167 15 W	      NA	      NA	      NA
  01/07/1896	     57 41	  168 36 W	      NA	      NA	      NA
  02/07/1896	     59 51	  170 09 W	      NA	      NA	      NA
  03/07/1896	     62 15	  171 28 W	      NA	      NA	      NA
  04/07/1896	        NA	        NA	        NA	        NA	                       NA	                       NA	
  05/07/1896	        NA	        NA	        NA	        NA	                       NA	                       NA	
  05/07/1896	        NA	        NA	      64.4	    -172.2	at anchor off indian point siberia	             indian point	
  06/07/1896	     65 23	  169 05 W	      NA	      NA	      NA
  07/07/1896	     65 17	  167 20 W	      NA	      NA	      NA
  08/07/1896	        NA	        NA	        NA	        NA	                       NA	                       NA	
  08/07/1896	        NA	        NA	      65.0	    -168.1	  kings island bering sea	            king's island	
  09/07/1896	        NA	        NA	        NA	        NA	                       NA	                       NA	
  09/07/1896	        NA	        NA	      65.0	    -168.1	   of kings id bering sea	            king's island	
  10/07/1896	     64 30	  167 24 W	      NA	      NA	      NA
  11/07/1896	     63 41	  163 31 W	      NA	      NA	      NA
  12/07/1896	        NA	        NA	        NA	        NA	                       NA	                       NA	
  12/07/1896	        NA	        NA	      63.5	    -162.0	        st michael alaska	               st michael	
  13/07/1896	        NA	        NA	        NA	        NA	                       NA	                       NA	
  13/07/1896	        NA	        NA	      63.5	    -162.0	        st michael alaska	               st michael	
  14/07/1896	        NA	        NA	        NA	        NA	                       NA	                       NA	
  14/07/1896	        NA	        NA	      63.5	    -162.0	        st michael alaska	               st michael	
  15/07/1896	        NA	        NA	        NA	        NA	                       NA	                       NA	
  15/07/1896	        NA	        NA	        NA	        NA	      at sea norton sound	                       NA	
  16/07/1896	        NA	        NA	      63.5	    -162.0	          st michaels bay	               st michael	
  16/07/1896	        NA	        NA	      63.5	    -162.0	       st michaels alaska	               st michael	
  17/07/1896	        NA	        NA	        NA	        NA	                       NA	                       NA	
  17/07/1896	        NA	        NA	      63.5	    -162.0	        st michael alaska	               st michael	
  18/07/1896	        NA	        NA	        NA	        NA	                       NA	                       NA	
  18/07/1896	        NA	        NA	        NA	        NA	                       NA	                       NA	
  19/07/1896	        NA	        NA	        NA	        NA	                       NA	                       NA	
  19/07/1896	        NA	        NA	      63.5	    -162.0	        st michael alaska	               st michael	
  20/07/1896	        NA	        NA	        NA	        NA	                       NA	                       NA	
  20/07/1896	        NA	        NA	      63.5	    -162.0	       st michaels alaska	               st michael	
  21/07/1896	        NA	        NA	        NA	        NA	                       NA	                       NA	
  21/07/1896	        NA	        NA	      63.5	    -162.0	        st michael alaska	               st michael	
  22/07/1896	        NA	        NA	        NA	        NA	                       NA	                       NA	
  22/07/1896	        NA	        NA	      63.5	    -162.0	       st michaels alaska	               st michael	
  23/07/1896	   64 16 N	  162 55 W	      NA	      NA	      NA
  24/07/1896	        NA	        NA	        NA	        NA	                       NA	                       NA	
  24/07/1896	        NA	        NA	        NA	        NA	      at sea norton sound	                       NA	
  25/07/1896	   64 25 N	  166 08 W	      NA	      NA	      NA
  26/07/1896	        NA	        NA	      65.2	    -166.7	            port clarence	           port clearance	
  26/07/1896	        NA	        NA	      65.2	    -166.7	     port clarence alaska	           port clearance	
  27/07/1896	        NA	        NA	        NA	        NA	                       NA	                       NA	
  27/07/1896	        NA	        NA	      65.2	    -166.7	     port clarence alaska	           port clearance	
  27/07/1896	        NA	        NA	        NA	        NA	                       NA	                       NA	
  27/07/1896	        NA	        NA	      65.2	    -166.7	     port clarence alaska	           port clearance	
  28/07/1896	        NA	        NA	        NA	        NA	                       NA	                       NA	
  28/07/1896	        NA	        NA	      65.2	    -166.7	     port clarence alaska	           port clearance	
  29/07/1896	     65 23	  167 20 W	      NA	      NA	      NA
  30/07/1896	        NA	        NA	        NA	        NA	                       NA	                       NA	
  31/07/1896	        NA	        NA	        NA	        NA	                       NA	                       NA	
  31/07/1896	        NA	        NA	      66.5	    -162.8	 at anchor kotzebue sound	           kotzebue sound	
  01/08/1896	     66 46	  163 01 W	      NA	      NA	      NA
  02/08/1896	     68 10	  166 12 W	      NA	      NA	      NA
  03/08/1896	     69 03	  165 07 W	      NA	      NA	      NA
  04/08/1896	        NA	        NA	        NA	        NA	                       NA	                       NA	
  05/08/1896	        NA	        NA	        NA	        NA	                       NA	                       NA	
  06/08/1896	     70 30	  162 00 W	      NA	      NA	      NA
  07/08/1896	     71 25	  157 05 W	      NA	      NA	      NA
  08/08/1896	     71 18	  156 40 W	      NA	      NA	      NA
  09/08/1896	     71 14	  157 20 W	      NA	      NA	      NA
  10/08/1896	     70 57	  158 15 W	      NA	      NA	      NA
  11/08/1896	     71 08	  157 10 W	      NA	      NA	      NA
  12/08/1896	        NA	        NA	        NA	        NA	                       NA	                       NA	
  12/08/1896	        NA	        NA	        NA	        NA	   off skull cliff alaska	                       NA	
  13/08/1896	        NA	        NA	        NA	        NA	                       NA	                       NA	
  13/08/1896	        NA	        NA	      71.3	    -156.8	at anchor cape smyth alska	              cape smythe	
  14/08/1896	     71 10	  157 25 W	      NA	      NA	      NA
  15/08/1896	     70 50	  159 50 W	      NA	      NA	      NA
  16/08/1896	     69 40	  163 22 W	      NA	      NA	      NA
  17/08/1896	   69 06 N	  166 20 W	      NA	      NA	      NA
  18/08/1896	        NA	        NA	        NA	        NA	                       NA	                       NA	
  19/08/1896	   67 35 N	  164 50 W	      NA	      NA	      NA
  20/08/1896	     66 31	  162 22 W	      NA	      NA	      NA
  21/08/1896	   66 20 N	  162 05 W	      NA	      NA	      NA
  22/08/1896	     66 50	  165 45 W	      NA	      NA	      NA
  23/08/1896	     66 32	  169 55 W	      NA	      NA	      NA
  24/08/1896	        NA	        NA	        NA	        NA	                       NA	                       NA	
  26/08/1896	        NA	        NA	      65.2	    -166.7	            port clarence	           port clearance	
  27/08/1896	        NA	        NA	        NA	        NA	                       NA	                       NA	
  27/08/1896	        NA	        NA	      65.2	    -166.7	at anchor bering sea off port clarence alaska	            port clarence	
  28/08/1896	        NA	        NA	        NA	        NA	                       NA	                       NA	
  29/08/1896	        NA	        NA	        NA	        NA	                       NA	                       NA	
  29/08/1896	        NA	        NA	      65.2	    -166.7	at anchor port clarence alaska	           port clearance	
  30/08/1896	   65 00 N	  167 37 W	      NA	      NA	      NA
  31/08/1896	     64 01	  164 28 W	      NA	      NA	      NA
  01/09/1896	        NA	        NA	      63.5	    -162.0	        st michael harbor	               st michael	
  01/09/1896	        NA	        NA	      63.5	    -162.0	        st michael alaska	               st michael	
  02/09/1896	        NA	        NA	        NA	        NA	                       NA	                       NA	
  02/09/1896	        NA	        NA	      63.5	    -162.0	at anchor st michael alaska	               st michael	
  03/09/1896	     64 16	  165 15 W	      NA	      NA	      NA
  04/09/1896	     64 50	  168 15 W	      NA	      NA	      NA
  05/09/1896	        NA	        NA	        NA	        NA	                       NA	                       NA	
  06/09/1896	     64 55	  169 25 W	      NA	      NA	      NA
  07/09/1896	        NA	        NA	        NA	        NA	                       NA	                       NA	
  08/09/1896	     63 08	  171 52 W	      NA	      NA	      NA
  09/09/1896	     61 14	  171 25 W	      NA	      NA	      NA
  10/09/1896	     60 15	  169 33 W	      NA	      NA	      NA
  11/09/1896	     59 06	  169 31 W	      NA	      NA	      NA
  12/09/1896	     57 56	  170 04 W	      NA	      NA	      NA
  13/09/1896	     57 50	  170 23 W	      NA	      NA	      NA
  14/09/1896	     56 04	  168 08 W	      NA	      NA	      NA
  15/09/1896	     54 04	  166 31 W	      NA	      NA	      NA
  16/09/1896	        NA	        NA	      53.9	    -166.5	             dutch harbor	             dutch harbor	
  16/09/1896	        NA	        NA	      53.9	    -166.5	          iliuliuk alaska	             iliuliuk bay	
  17/09/1896	        NA	        NA	        NA	        NA	                       NA	                       NA	
  17/09/1896	        NA	        NA	      53.9	    -166.5	          iliuliuk alaska	             iliuliuk bay	
  18/09/1896	        NA	        NA	        NA	        NA	                       NA	                       NA	
  18/09/1896	        NA	        NA	      53.9	    -166.5	          iliuliuk alaska	             iliuliuk bay	
  19/09/1896	        NA	        NA	        NA	        NA	                       NA	                       NA	
  19/09/1896	        NA	        NA	      53.9	    -166.5	          unalaska alaska	             unalaska bay	
  20/09/1896	        NA	        NA	        NA	        NA	                       NA	                       NA	
  20/09/1896	        NA	        NA	      53.9	    -166.5	          unalaska alaska	             unalaska bay	
  21/09/1896	        NA	        NA	        NA	        NA	                       NA	                       NA	
  21/09/1896	        NA	        NA	      53.9	    -166.5	          unalaska alaska	             unalaska bay	
  22/09/1896	        NA	        NA	        NA	        NA	                       NA	                       NA	
  22/09/1896	        NA	        NA	      53.9	    -166.5	      dutch harbor alaska	             dutch harbor	
  23/09/1896	        NA	        NA	        NA	        NA	                       NA	                       NA	
  23/09/1896	        NA	        NA	      53.9	    -166.5	      dutch harbor alaska	             dutch harbor	
  24/09/1896	        NA	        NA	        NA	        NA	                       NA	                       NA	
  24/09/1896	        NA	        NA	      53.9	    -166.5	      dutch harbor alaska	             dutch harbor	
  25/09/1896	        NA	        NA	        NA	        NA	                       NA	                       NA	
  25/09/1896	        NA	        NA	      53.9	    -166.5	      dutch harbor alaska	             dutch harbor	
  26/09/1896	        NA	        NA	        NA	        NA	                       NA	                       NA	
  26/09/1896	        NA	        NA	      53.9	    -166.5	      dutch harbor alaska	             dutch harbor	
  27/09/1896	     54 42	  167 17 W	      NA	      NA	      NA
  27/09/1896	     55 44	  168 43 W	      NA	      NA	      NA
  29/09/1896	     56 42	  169 31 W	      NA	      NA	      NA
  30/09/1896	        NA	        NA	        NA	        NA	                       NA	                       NA	
  30/09/1896	        NA	        NA	      57.1	    -170.3	 at anchor st paul island	           st paul island	
  01/10/1896	        NA	        NA	        NA	        NA	                       NA	                       NA	
  01/10/1896	        NA	        NA	      57.1	    -170.3	 at anchor st paul island	           st paul island	
  02/10/1896	        NA	        NA	        NA	        NA	                       NA	                       NA	
  02/10/1896	        NA	        NA	      57.1	    -170.3	 at anchor st paul island	           st paul island	
  03/10/1896	     56 59	  170 25 W	      NA	      NA	      NA
  04/10/1896	        NA	        NA	        NA	        NA	                       NA	                       NA	
  04/10/1896	        NA	        NA	      56.6	    -169.6	at anchor st george island	         st george island	
  05/10/1896	     56 38	  170 02 W	      NA	      NA	      NA
  06/10/1896	     55 18	  168 17 W	      NA	      NA	      NA
  07/10/1896	     54 03	  166 36 W	      NA	      NA	      NA
  08/10/1896	        NA	        NA	      53.9	    -166.5	             dutch harbor	             dutch harbor	
  08/10/1896	        NA	        NA	      53.9	    -166.5	      dutch harbor alaska	             dutch harbor	
  09/10/1896	        NA	        NA	        NA	        NA	                       NA	                       NA	
  09/10/1896	        NA	        NA	      53.9	    -166.5	          unalaska alaska	             unalaska bay	
  10/10/1896	        NA	        NA	        NA	        NA	                       NA	                       NA	
  10/10/1896	        NA	        NA	      53.9	    -166.5	          unalaska alaska	             unalaska bay	
  11/10/1896	        NA	        NA	        NA	        NA	                       NA	                       NA	
  11/10/1896	        NA	        NA	      53.9	    -166.5	          unalaska alaska	             unalaska bay	
  12/10/1896	        NA	        NA	        NA	        NA	                       NA	                       NA	
  12/10/1896	        NA	        NA	      53.9	    -166.5	          unalaska alaska	             unalaska bay	
  13/10/1896	        NA	        NA	        NA	        NA	                       NA	                       NA	
  13/10/1896	        NA	        NA	      53.9	    -166.5	          unalaska alaska	             unalaska bay	
  14/10/1896	        NA	        NA	        NA	        NA	                       NA	                       NA	
  14/10/1896	        NA	        NA	      53.9	    -166.5	          unalaska alaska	             unalaska bay	
  15/10/1896	        NA	        NA	        NA	        NA	                       NA	                       NA	
  15/10/1896	        NA	        NA	      53.9	    -166.5	          unalaska alaska	             unalaska bay	
  16/10/1896	        NA	        NA	        NA	        NA	                       NA	                       NA	
  16/10/1896	        NA	        NA	      53.9	    -166.5	          unalaska alaska	             unalaska bay	
  17/10/1896	        NA	        NA	        NA	        NA	                       NA	                       NA	
  17/10/1896	        NA	        NA	      53.9	    -166.5	          unalaska alaska	             unalaska bay	
  18/10/1896	   54 11 N	  166 33 W	      NA	      NA	      NA
  19/10/1896	     55 27	  165 59 W	      NA	      NA	      NA
  20/10/1896	     56 18	  168 06 W	      NA	      NA	      NA
  21/10/1896	     56 57	  170 04 W	      NA	      NA	      NA
  22/10/1896	     55 50	  168 08 W	      NA	      NA	      NA
  23/10/1896	        NA	        NA	        NA	        NA	                       NA	                       NA	
  24/10/1896	     53 50	  165 05 W	      NA	      NA	      NA
  25/10/1896	     53 06	  161 31 W	      NA	      NA	      NA
  26/10/1896	     52 34	  156 00 W	      NA	      NA	      NA
  27/10/1896	     52 10	  150 11 W	      NA	      NA	      NA
  28/10/1896	     51 23	  144 45 W	      NA	      NA	      NA
  29/10/1896	     50 59	  139 36 W	      NA	      NA	      NA
  30/10/1896	     50 13	  134 32 W	      NA	      NA	      NA
  31/10/1896	     49 42	  130 06 W	      NA	      NA	      NA
  01/11/1896	     48 28	  124 56 W	      NA	      NA	      NA
  02/11/1896	        NA	        NA	        NA	        NA	                       NA	                       NA	
  03/11/1896	        NA	        NA	        NA	        NA	                       NA	                       NA	
  03/11/1896	        NA	        NA	        NA	        NA	                       NA	                       NA	
  03/11/1896	        NA	        NA	        NA	        NA	                       NA	                       NA	
  03/11/1896	        NA	        NA	        NA	        NA	                       NA	                       NA	
  03/11/1896	        NA	        NA	        NA	        NA	                       NA	                       NA	
  03/11/1896	        NA	        NA	        NA	        NA	                       NA	                       NA	
  03/11/1896	        NA	        NA	        NA	        NA	                       NA	                       NA	
  03/11/1896	        NA	        NA	        NA	        NA	                       NA	                       NA	
  03/11/1896	        NA	        NA	        NA	        NA	                       NA	                       NA	
  03/11/1896	        NA	        NA	        NA	        NA	                       NA	                       NA	
  03/11/1896	        NA	        NA	        NA	        NA	                       NA	                       NA	
  03/11/1896	        NA	        NA	        NA	        NA	                       NA	                       NA	
  03/11/1896	        NA	        NA	        NA	        NA	                       NA	                       NA	
  03/11/1896	        NA	        NA	      47.6	    -122.3	       seattle washington	                  seattle	
