  01/05/1897	        NA	        NA	        NA	        NA	                       NA	                       NA	
  01/05/1897	        NA	        NA	      47.6	    -122.3	       seattle washington	                  seattle	
  02/05/1897	        NA	        NA	        NA	        NA	                       NA	                       NA	
  02/05/1897	        NA	        NA	      47.6	    -122.3	       seattle washington	                  seattle	
  03/05/1897	        NA	        NA	        NA	        NA	                       NA	                       NA	
  03/05/1897	        NA	        NA	      47.6	    -122.3	       seattle washington	                  seattle	
  04/05/1897	        NA	        NA	        NA	        NA	                       NA	                       NA	
  04/05/1897	        NA	        NA	      47.6	    -122.3	       seattle washington	                  seattle	
  05/05/1897	        NA	        NA	        NA	        NA	                       NA	                       NA	
  05/05/1897	        NA	        NA	      48.1	    -122.8	 port townsend washington	            port townsend	
  06/05/1897	        NA	        NA	        NA	        NA	                       NA	                       NA	
  09/05/1897	        NA	        NA	        NA	        NA	                       NA	                       NA	
  10/05/1897	     48 42	  126 12 W	      NA	      NA	      NA
  11/05/1897	     49 25	  130 28 W	      NA	      NA	      NA
  12/05/1897	     50 29	  135 22 W	      NA	      NA	      NA
  13/05/1897	     51 37	  138 47 W	      NA	      NA	      NA
  14/05/1897	     52 26	  142 27 W	      NA	      NA	      NA
  15/05/1897	     53 06	  148 12 W	      NA	      NA	      NA
  16/05/1897	     54 16	  154 28 W	      NA	      NA	      NA
  17/05/1897	        NA	        NA	        NA	        NA	                       NA	                       NA	
  18/05/1897	        NA	        NA	        NA	        NA	                       NA	                       NA	
  20/05/1897	        NA	        NA	      53.9	    -166.5	             dutch harbor	             dutch harbor	
  20/05/1897	        NA	        NA	      53.9	    -166.5	          unalaska alaska	             unalaska bay	
  21/05/1897	     54 34	  167 09 W	      NA	      NA	      NA
  22/05/1897	   56 26 N	  169 20 W	      NA	      NA	      NA
  23/05/1897	        NA	        NA	        NA	        NA	                       NA	                       NA	
  23/05/1897	        NA	        NA	      57.1	    -170.3	off village cove st paul island	           st paul island	
  24/05/1897	        NA	        NA	        NA	        NA	                       NA	                       NA	
  24/05/1897	        NA	        NA	      57.1	    -170.3	off village cove st paul island	           st paul island	
  25/05/1897	     55 41	  168 49 W	      NA	      NA	      NA
  26/05/1897	        NA	        NA	        NA	        NA	                       NA	                       NA	
  27/05/1897	        NA	        NA	        NA	        NA	                       NA	                       NA	
  27/05/1897	        NA	        NA	      53.9	    -166.5	      dutch harbor alaska	             dutch harbor	
  28/05/1897	        NA	        NA	        NA	        NA	                       NA	                       NA	
  28/05/1897	        NA	        NA	      53.9	    -166.5	      dutch harbor alaska	             dutch harbor	
  29/05/1897	        NA	        NA	        NA	        NA	                       NA	                       NA	
  29/05/1897	        NA	        NA	      53.9	    -166.5	      dutch harbor alaska	             dutch harbor	
  30/05/1897	        NA	        NA	        NA	        NA	                       NA	                       NA	
  30/05/1897	        NA	        NA	      53.9	    -166.5	      dutch harbor alaska	             dutch harbor	
  31/05/1897	        NA	        NA	        NA	        NA	                       NA	                       NA	
  31/05/1897	        NA	        NA	      53.9	    -166.5	      dutch harbor alaska	             dutch harbor	
  01/06/1897	        NA	        NA	        NA	        NA	                       NA	                       NA	
  01/06/1897	        NA	        NA	      53.9	    -166.5	      dutch harbor alaska	             dutch harbor	
  02/06/1897	        NA	        NA	        NA	        NA	                       NA	                       NA	
  02/06/1897	        NA	        NA	      53.9	    -166.5	      dutch harbor alaska	             dutch harbor	
  03/06/1897	        NA	        NA	        NA	        NA	                       NA	                       NA	
  03/06/1897	        NA	        NA	      53.9	    -166.5	      dutch harbor alaska	             dutch harbor	
  04/06/1897	     54 52	  166 32 W	      NA	      NA	      NA
  05/06/1897	     56 12	  166 34 W	      NA	      NA	      NA
  06/06/1897	     58 41	  166 43 W	      NA	      NA	      NA
  07/06/1897	     59 55	  169 00 W	      NA	      NA	      NA
  08/06/1897	   60 12 N	  172 00 W	      NA	      NA	      NA
  09/06/1897	        NA	        NA	        NA	        NA	                       NA	                       NA	
  09/06/1897	        NA	        NA	      60.4	    -172.7	off st matthews island bering sea	        st matthew island	
  10/06/1897	     61 12	  172 57 W	      NA	      NA	      NA
  11/06/1897	        NA	        NA	        NA	        NA	                       NA	                       NA	
  12/06/1897	        NA	        NA	        NA	        NA	                       NA	                       NA	
  13/06/1897	        NA	        NA	        NA	        NA	                       NA	                       NA	
  14/06/1897	        NA	        NA	        NA	        NA	                       NA	                       NA	
  15/06/1897	        NA	        NA	        NA	        NA	                       NA	                       NA	
  16/06/1897	        NA	        NA	        NA	        NA	                       NA	                       NA	
  17/06/1897	        NA	        NA	        NA	        NA	                       NA	                       NA	
  18/06/1897	        NA	        NA	        NA	        NA	                       NA	                       NA	
  19/06/1897	        NA	        NA	        NA	        NA	                       NA	                       NA	
  20/06/1897	     64 42	  171 45 W	      NA	      NA	      NA
  21/06/1897	     65 26	  170 55 W	      NA	      NA	      NA
  22/06/1897	     65 12	  169 12 W	      NA	      NA	      NA
  23/06/1897	   65 15 N	  167 09 W	      NA	      NA	      NA
  24/06/1897	        NA	        NA	        NA	        NA	                       NA	                       NA	
  25/06/1897	        NA	        NA	        NA	        NA	                       NA	                       NA	
  25/06/1897	        NA	        NA	      65.2	    -166.7	 off port clarence alaska	           port clearance	
  26/06/1897	        NA	        NA	        NA	        NA	                       NA	                       NA	
  27/06/1897	        NA	        NA	      63.5	    -162.0	       st michaels alaska	               st michael	
  28/06/1897	        NA	        NA	        NA	        NA	                       NA	                       NA	
  28/06/1897	        NA	        NA	      63.5	    -162.0	       st michaels alaska	               st michael	
  29/06/1897	        NA	        NA	        NA	        NA	                       NA	                       NA	
  29/06/1897	        NA	        NA	      63.5	    -162.0	       st michaels alaska	               st michael	
  30/06/1897	        NA	        NA	        NA	        NA	                       NA	                       NA	
  30/06/1897	        NA	        NA	      63.5	    -162.0	       st michaels alaska	               st michael	
  01/07/1897	        NA	        NA	        NA	        NA	                       NA	                       NA	
  01/07/1897	        NA	        NA	      63.5	    -162.0	       st michaels alaska	               st michael	
  02/07/1897	        NA	        NA	        NA	        NA	                       NA	                       NA	
  02/07/1897	        NA	        NA	      63.5	    -162.0	       st michaels alaska	               st michael	
  03/07/1897	        NA	        NA	        NA	        NA	                       NA	                       NA	
  04/07/1897	     64 16	  164 06 W	      NA	      NA	      NA
  05/07/1897	        NA	        NA	        NA	        NA	                       NA	                       NA	
  05/07/1897	        NA	        NA	      65.2	    -166.7	     port clarence alaska	           port clearance	
  06/07/1897	        NA	        NA	        NA	        NA	                       NA	                       NA	
  07/07/1897	        NA	        NA	        NA	        NA	                       NA	                       NA	
  08/07/1897	     65 19	  167 47 W	      NA	      NA	      NA
  09/07/1897	     65 21	  169 45 W	      NA	      NA	      NA
  10/07/1897	        NA	        NA	        NA	        NA	                       NA	                       NA	
  11/07/1897	     65 24	  172 05 W	      NA	      NA	      NA
  12/07/1897	     64 00	  171 39 W	      NA	      NA	      NA
  13/07/1897	     64 40	  167 40 W	      NA	      NA	      NA
  14/07/1897	     65 04	  167 45 W	      NA	      NA	      NA
  15/07/1897	        NA	        NA	        NA	        NA	                       NA	                       NA	
  16/07/1897	        NA	        NA	        NA	        NA	                       NA	                       NA	
  17/07/1897	        NA	        NA	        NA	        NA	                       NA	                       NA	
  18/07/1897	        NA	        NA	        NA	        NA	                       NA	                       NA	
  19/07/1897	        NA	        NA	        NA	        NA	                       NA	                       NA	
  20/07/1897	        NA	        NA	        NA	        NA	                       NA	                       NA	
  20/07/1897	        NA	        NA	        NA	        NA	reindeer station port clarence	                       NA	
  21/07/1897	        NA	        NA	        NA	        NA	                       NA	                       NA	
  22/07/1897	        NA	        NA	        NA	        NA	                       NA	                       NA	
  23/07/1897	        NA	        NA	        NA	        NA	                       NA	                       NA	
  24/07/1897	        NA	        NA	        NA	        NA	                       NA	                       NA	
  25/07/1897	        NA	        NA	      65.7	    -171.1	          st lawrence bay	          st lawrence bay	
  25/07/1897	        NA	        NA	      65.7	    -171.1	  st lawrence bay siberia	          st lawrence bay	
  26/07/1897	        NA	        NA	        NA	        NA	                       NA	                       NA	
  26/07/1897	        NA	        NA	      65.7	    -171.1	  st lawrence bay siberia	          st lawrence bay	
  26/07/1897	        NA	        NA	        NA	        NA	                       NA	                       NA	
  26/07/1897	        NA	        NA	      63.1	    -168.9	        east cape siberia	                east cape	
  27/07/1897	     66 15	  168 12 W	      NA	      NA	      NA
  28/07/1897	     66 33	  162 37 W	      NA	      NA	      NA
  29/07/1897	        NA	        NA	        NA	        NA	                       NA	                       NA	
  29/07/1897	        NA	        NA	      66.5	    -162.8	chamissa island kotzebue sound	           kotzebue sound	
  30/07/1897	     66 52	  163 00 W	      NA	      NA	      NA
  31/07/1897	   66 52 N	  163 00 W	      NA	      NA	      NA
  01/08/1897	        NA	        NA	      68.9	    -166.2	            cape lisburne	            cape lisburne	
  02/08/1897	        NA	        NA	      70.6	    -160.0	         wainwright inlet	         wainwright inlet	
  03/08/1897	        NA	        NA	      70.6	    -160.0	         wainwright inlet	         wainwright inlet	
  03/08/1897	        NA	        NA	      70.6	    -160.0	               pt belcher	               pt belcher	
  04/08/1897	        NA	        NA	        NA	        NA	                       NA	                       NA	
  05/08/1897	        NA	        NA	        NA	        NA	                       NA	                       NA	
  05/08/1897	        NA	        NA	      71.3	    -156.8	        pt shedden alaska	              cape smythe	
  06/08/1897	        NA	        NA	        NA	        NA	                       NA	                       NA	
  08/08/1897	        NA	        NA	        NA	        NA	                       NA	                       NA	
  09/08/1897	     71 17	  157 48 W	      NA	      NA	      NA
  10/08/1897	        NA	        NA	      71.3	    -156.8	               cape smyth	              cape smythe	
  10/08/1897	        NA	        NA	      71.3	    -156.8	       cape smythe alaska	              cape smythe	
  11/08/1897	   71 22 N	  156 32 W	      NA	      NA	      NA
  12/08/1897	        NA	        NA	        NA	        NA	                       NA	                       NA	
  12/08/1897	        NA	        NA	      71.3	    -156.8	       cape smythe alaska	              cape smythe	
  13/08/1897	        NA	        NA	        NA	        NA	                       NA	                       NA	
  13/08/1897	        NA	        NA	      71.4	    -156.5	      point barrow alaska	             point barrow	
  14/08/1897	        NA	        NA	        NA	        NA	                       NA	                       NA	
  14/08/1897	        NA	        NA	      71.4	    -156.5	      point barrow alaska	             point barrow	
  15/08/1897	        NA	        NA	        NA	        NA	                       NA	                       NA	
  16/08/1897	   71 20 N	  155 40 W	      NA	      NA	      NA
  17/08/1897	        NA	        NA	        NA	        NA	                       NA	                       NA	
  18/08/1897	     71 30	  155 40 W	      NA	      NA	      NA
  19/08/1897	     71 05	  158 53 W	      NA	      NA	      NA
  20/08/1897	     69 21	  164 42 W	      NA	      NA	      NA
  21/08/1897	   68 34 N	  166 38 W	      NA	      NA	      NA
  22/08/1897	     68 05	  166 00 W	      NA	      NA	      NA
  23/08/1897	     66 42	  162 50 W	      NA	      NA	      NA
  24/08/1897	     66 16	  168 11 W	      NA	      NA	      NA
  25/08/1897	        NA	        NA	        NA	        NA	                       NA	                       NA	
  25/08/1897	        NA	        NA	      66.2	    -169.8	at anchor off whalen siberia	                   whalen	
  26/08/1897	     64 50	  167 35 W	      NA	      NA	      NA
  27/08/1897	     64 25	  162 55 W	      NA	      NA	      NA
  28/08/1897	        NA	        NA	        NA	        NA	                       NA	                       NA	
  28/08/1897	        NA	        NA	      63.5	    -162.0	       st michaels alaska	               st michael	
  29/08/1897	        NA	        NA	        NA	        NA	                       NA	                       NA	
  29/08/1897	        NA	        NA	      63.5	    -162.0	       st michaels alaska	               st michael	
  30/08/1897	        NA	        NA	        NA	        NA	                       NA	                       NA	
  30/08/1897	        NA	        NA	      63.5	    -162.0	       st michaels alaska	               st michael	
  31/08/1897	        NA	        NA	        NA	        NA	                       NA	                       NA	
  31/08/1897	        NA	        NA	      63.5	    -162.0	       st michaels alaska	               st michael	
  01/09/1897	        NA	        NA	        NA	        NA	                       NA	                       NA	
  01/09/1897	        NA	        NA	      63.5	    -162.0	       st michaels alaska	               st michael	
  02/09/1897	        NA	        NA	        NA	        NA	                       NA	                       NA	
  02/09/1897	        NA	        NA	      63.5	    -162.0	       st michaels alaska	               st michael	
  03/09/1897	        NA	        NA	        NA	        NA	                       NA	                       NA	
  03/09/1897	        NA	        NA	      63.5	    -162.0	       st michaels alaska	               st michael	
  04/09/1897	        NA	        NA	        NA	        NA	                       NA	                       NA	
  04/09/1897	        NA	        NA	      63.5	    -162.0	       st michaels alaska	               st michael	
  05/09/1897	        NA	        NA	        NA	        NA	                       NA	                       NA	
  05/09/1897	        NA	        NA	      63.5	    -162.0	       st michaels alaska	               st michael	
  06/09/1897	        NA	        NA	        NA	        NA	                       NA	                       NA	
  06/09/1897	        NA	        NA	      63.5	    -162.0	       st michaels alaska	               st michael	
  07/09/1897	        NA	        NA	        NA	        NA	                       NA	                       NA	
  07/09/1897	        NA	        NA	      63.5	    -162.0	       st michaels alaska	               st michael	
  08/09/1897	        NA	        NA	        NA	        NA	                       NA	                       NA	
  08/09/1897	        NA	        NA	      63.5	    -162.0	       st michaels alaska	               st michael	
  09/09/1897	        NA	        NA	        NA	        NA	                       NA	                       NA	
  09/09/1897	        NA	        NA	      63.5	    -162.0	       st michaels alaska	               st michael	
  10/09/1897	        NA	        NA	        NA	        NA	                       NA	                       NA	
  11/09/1897	        NA	        NA	        NA	        NA	                       NA	                       NA	
  11/09/1897	        NA	        NA	      63.5	    -162.0	       st michaels alaska	               st michael	
  12/09/1897	        NA	        NA	        NA	        NA	                       NA	                       NA	
  12/09/1897	        NA	        NA	      63.5	    -162.0	       st michaels alaska	               st michael	
  13/09/1897	        NA	        NA	        NA	        NA	                       NA	                       NA	
  13/09/1897	        NA	        NA	      63.5	    -162.0	       st michaels alaska	               st michael	
  14/09/1897	        NA	        NA	        NA	        NA	                       NA	                       NA	
  14/09/1897	        NA	        NA	      63.5	    -162.0	       st michaels alaska	               st michael	
  15/09/1897	        NA	        NA	        NA	        NA	                       NA	                       NA	
  15/09/1897	        NA	        NA	      63.5	    -162.0	       st michaels alaska	               st michael	
  16/09/1897	   64 33 N	  165 45 W	      NA	      NA	      NA
  17/09/1897	        NA	        NA	        NA	        NA	                       NA	                       NA	
  18/09/1897	        NA	        NA	        NA	        NA	teller reindeer station port clarence	                       NA	
  18/09/1897	        NA	        NA	        NA	        NA	off reindeer station port clarence	                       NA	
  19/09/1897	        NA	        NA	        NA	        NA	                       NA	                       NA	
  19/09/1897	        NA	        NA	      65.2	    -166.7	reindeer station port clarence alaska	           port clearance	
  20/09/1897	        NA	        NA	        NA	        NA	                       NA	                       NA	
  20/09/1897	        NA	        NA	      65.7	    -171.1	  st lawrence bay siberia	          st lawrence bay	
  21/09/1897	     64 46	  167 15 W	      NA	      NA	      NA
  22/09/1897	   63 37 N	  162 06 W	      NA	      NA	      NA
  23/09/1897	        NA	        NA	        NA	        NA	                       NA	                       NA	
  23/09/1897	        NA	        NA	      63.5	    -162.0	       st michaels alaska	               st michael	
  24/09/1897	        NA	        NA	        NA	        NA	                       NA	                       NA	
  24/09/1897	        NA	        NA	      63.5	    -162.0	       st michaels alaska	               st michael	
  25/09/1897	        NA	        NA	        NA	        NA	                       NA	                       NA	
  25/09/1897	        NA	        NA	      63.5	    -162.0	       st michaels alaska	               st michael	
  26/09/1897	        NA	        NA	        NA	        NA	                       NA	                       NA	
  26/09/1897	        NA	        NA	      63.5	    -162.0	       st michaels alaska	               st michael	
  27/09/1897	        NA	        NA	        NA	        NA	                       NA	                       NA	
  27/09/1897	        NA	        NA	      63.5	    -162.0	       st michaels alaska	               st michael	
  28/09/1897	        NA	        NA	        NA	        NA	                       NA	                       NA	
  28/09/1897	        NA	        NA	      63.5	    -162.0	       st michaels alaska	               st michael	
  29/09/1897	        NA	        NA	        NA	        NA	                       NA	                       NA	
  29/09/1897	        NA	        NA	        NA	        NA	                       NA	                       NA	
  30/09/1897	        NA	        NA	        NA	        NA	                       NA	                       NA	
  30/09/1897	        NA	        NA	      63.5	    -162.0	       st michaels alaska	               st michael	
  01/10/1897	        NA	        NA	        NA	        NA	                       NA	                       NA	
  01/10/1897	        NA	        NA	      63.5	    -162.0	       st michaels alaska	               st michael	
  02/10/1897	        NA	        NA	        NA	        NA	                       NA	                       NA	
  03/10/1897	        NA	        NA	        NA	        NA	                       NA	                       NA	
  03/10/1897	        NA	        NA	        NA	        NA	                       NA	                       NA	
  04/10/1897	        NA	        NA	        NA	        NA	                       NA	                       NA	
  04/10/1897	        NA	        NA	      63.5	    -162.0	       st michaels alaska	               st michael	
  05/10/1897	        NA	        NA	        NA	        NA	                       NA	                       NA	
  05/10/1897	        NA	        NA	      63.5	    -162.0	       st michaels alaska	               st michael	
  06/10/1897	        NA	        NA	        NA	        NA	                       NA	                       NA	
  06/10/1897	        NA	        NA	      63.5	    -162.0	       st michaels alaska	               st michael	
  07/10/1897	        NA	        NA	        NA	        NA	                       NA	                       NA	
  08/10/1897	        NA	        NA	        NA	        NA	                       NA	                       NA	
  08/10/1897	        NA	        NA	      63.5	    -162.0	       st michaels alaska	               st michael	
  09/10/1897	     63 14	  166 39 W	      NA	      NA	      NA
  10/10/1897	     60 24	  169 22 W	      NA	      NA	      NA
  11/10/1897	     58 35	  169 35 W	      NA	      NA	      NA
  12/10/1897	     57 35	  169 38 W	      NA	      NA	      NA
  13/10/1897	     56 43	  169 39 W	      NA	      NA	      NA
  14/10/1897	   55 12 N	  166 56 W	      NA	      NA	      NA
  15/10/1897	        NA	        NA	        NA	        NA	                       NA	                       NA	
  15/10/1897	        NA	        NA	      53.9	    -166.5	      dutch harbor alaska	             dutch harbor	
  16/10/1897	        NA	        NA	        NA	        NA	                       NA	                       NA	
  16/10/1897	        NA	        NA	      53.9	    -166.5	      dutch harbor alaska	             dutch harbor	
  17/10/1897	        NA	        NA	        NA	        NA	                       NA	                       NA	
  17/10/1897	        NA	        NA	      53.9	    -166.5	      dutch harbor alaska	             dutch harbor	
  18/10/1897	        NA	        NA	        NA	        NA	                       NA	                       NA	
  18/10/1897	        NA	        NA	      53.9	    -166.5	      dutch harbor alaska	             dutch harbor	
  19/10/1897	        NA	        NA	        NA	        NA	                       NA	                       NA	
  19/10/1897	        NA	        NA	      53.9	    -166.5	      dutch harbor alaska	             dutch harbor	
  20/10/1897	   55 26 N	  168 03 W	      NA	      NA	      NA
  21/10/1897	     56 23	  169 04 W	      NA	      NA	      NA
  22/10/1897	        NA	        NA	        NA	        NA	                       NA	                       NA	
  22/10/1897	        NA	        NA	      57.1	    -170.3	      off st pauls island	           st paul island	
  23/10/1897	     56 47	  170 45 W	      NA	      NA	      NA
  24/10/1897	     56 26	  169 14 W	      NA	      NA	      NA
  25/10/1897	     54 17	  167 01 W	      NA	      NA	      NA
  26/10/1897	        NA	        NA	        NA	        NA	                       NA	                       NA	
  27/10/1897	        NA	        NA	        NA	        NA	                       NA	                       NA	
  27/10/1897	        NA	        NA	      53.9	    -166.5	      dutch harbor alaska	             dutch harbor	
  28/10/1897	     53 44	  164 51 W	      NA	      NA	      NA
  29/10/1897	     53 02	  160 59 W	      NA	      NA	      NA
  30/10/1897	     52 29	  154 56 W	      NA	      NA	      NA
  31/10/1897	     51 45	  149 18 W	      NA	      NA	      NA
  01/11/1897	     51 22	  144 25 W	      NA	      NA	      NA
  02/11/1897	     50 56	  138 29 W	      NA	      NA	      NA
  03/11/1897	     50 05	  132 36 W	      NA	      NA	      NA
  04/11/1897	     49 01	  127 20 W	      NA	      NA	      NA
  05/11/1897	        NA	        NA	        NA	        NA	                       NA	                       NA	
  06/11/1897	        NA	        NA	        NA	        NA	                       NA	                       NA	
  06/11/1897	        NA	        NA	        NA	        NA	                       NA	                       NA	
  06/11/1897	        NA	        NA	        NA	        NA	                       NA	                       NA	
  06/11/1897	        NA	        NA	        NA	        NA	                       NA	                       NA	
  06/11/1897	        NA	        NA	        NA	        NA	                       NA	                       NA	
  06/11/1897	        NA	        NA	        NA	        NA	                       NA	                       NA	
  06/11/1897	        NA	        NA	        NA	        NA	                       NA	                       NA	
  06/11/1897	        NA	        NA	        NA	        NA	                       NA	                       NA	
  06/11/1897	        NA	        NA	        NA	        NA	                       NA	                       NA	
  06/11/1897	        NA	        NA	        NA	        NA	                       NA	                       NA	
  06/11/1897	        NA	        NA	      47.6	    -122.3	       seattle washington	                  seattle	
  21/11/1897	        NA	        NA	        NA	        NA	                       NA	                       NA	
  21/11/1897	        NA	        NA	      47.6	    -122.3	       seattle washington	                  seattle	
  22/11/1897	        NA	        NA	        NA	        NA	                       NA	                       NA	
  22/11/1897	        NA	        NA	      47.6	    -122.3	       seattle washington	                  seattle	
  23/11/1897	        NA	        NA	        NA	        NA	                       NA	                       NA	
  23/11/1897	        NA	        NA	      47.6	    -122.3	       seattle washington	                  seattle	
  24/11/1897	        NA	        NA	        NA	        NA	                       NA	                       NA	
  24/11/1897	        NA	        NA	      47.6	    -122.3	       seattle washington	                  seattle	
  25/11/1897	        NA	        NA	        NA	        NA	                       NA	                       NA	
  25/11/1897	        NA	        NA	      47.6	    -122.3	       seattle washington	                  seattle	
  26/11/1897	        NA	        NA	        NA	        NA	                       NA	                       NA	
  26/11/1897	        NA	        NA	      47.6	    -122.3	       seattle washington	                  seattle	
  27/11/1897	        NA	        NA	        NA	        NA	                       NA	                       NA	
  27/11/1897	        NA	        NA	      47.6	    -122.8	making passage from seattle wash to port townsend wash	            port townsend	
  28/11/1897	        NA	        NA	        NA	        NA	                       NA	                       NA	
  28/11/1897	        NA	        NA	      48.1	    -122.8	 port townsend washington	            port townsend	
  29/11/1897	     48 39	  126 45 W	      NA	      NA	      NA
  30/11/1897	   49 16 N	  131 03 W	      NA	      NA	      NA
  01/12/1897	   49 46 N	  135 09 W	      NA	      NA	      NA
  02/12/1897	     50 36	  136 54 W	      NA	      NA	      NA
  03/12/1897	   51 55 N	  142 23 W	      NA	      NA	      NA
  04/12/1897	     53 02	  147 07 W	      NA	      NA	      NA
  05/12/1897	     53 35	  152 04 W	      NA	      NA	      NA
  06/12/1897	     53 47	  156 24 W	      NA	      NA	      NA
  07/12/1897	     53 45	  160 30 W	      NA	      NA	      NA
  08/12/1897	        NA	        NA	        NA	        NA	                       NA	                       NA	
  08/12/1897	        NA	        NA	      53.8	    -167.0	 priest rock nexn 3 miles	              priest rock	
  09/12/1897	        NA	        NA	      53.9	    -166.5	             dutch harbor	             dutch harbor	
  09/12/1897	        NA	        NA	      53.9	    -166.5	      dutch harbor alaska	             dutch harbor	
  10/12/1897	     55 25	  166 35 W	      NA	      NA	      NA
  11/12/1897	     59 29	  167 52 W	      NA	      NA	      NA
  12/12/1897	     63 09	  168 14 W	      NA	      NA	      NA
  13/12/1897	     62 33	  168 32 W	      NA	      NA	      NA
  14/12/1897	     60 34	  168 50 W	      NA	      NA	      NA
  16/12/1897	   60 31 N	  165 54 W	      NA	      NA	      NA
  17/12/1897	     60 45	  168 41 W	      NA	      NA	      NA
  18/12/1897	     59 39	  169 27 W	      NA	      NA	      NA
  19/12/1897	   57 23 N	  170 02 W	      NA	      NA	      NA
  20/12/1897	        NA	        NA	        NA	        NA	                       NA	                       NA	
  20/12/1897	        NA	        NA	      57.1	    -170.3	     at anchor st paul id	                st george	
  21/12/1897	     54 19	  167 04 W	      NA	      NA	      NA
  22/12/1897	        NA	        NA	        NA	        NA	                       NA	                       NA	
  22/12/1897	        NA	        NA	      53.9	    -166.5	      dutch harbor alaska	             dutch harbor	
  23/12/1897	        NA	        NA	        NA	        NA	                       NA	                       NA	
  23/12/1897	        NA	        NA	      53.9	    -166.5	      dutch harbor alaska	             dutch harbor	
  24/12/1897	        NA	        NA	        NA	        NA	                       NA	                       NA	
  24/12/1897	        NA	        NA	      53.9	    -166.5	      dutch harbor alaska	             dutch harbor	
  25/12/1897	        NA	        NA	        NA	        NA	                       NA	                       NA	
  25/12/1897	        NA	        NA	      53.9	    -166.5	      dutch harbor alaska	             dutch harbor	
  26/12/1897	        NA	        NA	        NA	        NA	                       NA	                       NA	
  26/12/1897	        NA	        NA	      53.9	    -166.5	      dutch harbor alaska	             dutch harbor	
  27/12/1897	        NA	        NA	        NA	        NA	                       NA	                       NA	
  27/12/1897	        NA	        NA	      53.9	    -166.5	      dutch harbor alaska	             dutch harbor	
  28/12/1897	        NA	        NA	        NA	        NA	                       NA	                       NA	
  28/12/1897	        NA	        NA	      53.9	    -166.5	      dutch harbor alaska	             dutch harbor	
  29/12/1897	        NA	        NA	        NA	        NA	                       NA	                       NA	
  29/12/1897	        NA	        NA	      53.9	    -166.5	      dutch harbor alaska	             dutch harbor	
  30/12/1897	        NA	        NA	        NA	        NA	                       NA	                       NA	
  30/12/1897	        NA	        NA	      53.9	    -166.5	      dutch harbor alaska	             dutch harbor	
  31/12/1897	        NA	        NA	        NA	        NA	                       NA	                       NA	
  31/12/1897	        NA	        NA	      53.9	    -166.5	      dutch harbor alaska	             dutch harbor	
