  01/01/1904	        NA	        NA	        NA	        NA	                       NA	                       NA	
  01/01/1904	        NA	        NA	      32.7	    -117.2	            san diego cal	            san diego usa	
  02/01/1904	        NA	        NA	        NA	        NA	                       NA	                       NA	
  02/01/1904	        NA	        NA	      32.7	    -117.2	            san diego cal	            san diego usa	
  03/01/1904	        NA	        NA	        NA	        NA	                       NA	                       NA	
  03/01/1904	        NA	        NA	      32.7	    -117.2	            san diego cal	            san diego usa	
  04/01/1904	        NA	        NA	        NA	        NA	                       NA	                       NA	
  04/01/1904	        NA	        NA	      32.7	    -117.2	            san diego cal	            san diego usa	
  04/01/1904	        NA	        NA	        NA	        NA	                       NA	                       NA	
  04/01/1904	        NA	        NA	      32.7	    -117.2	            san diego cal	            san diego usa	
  05/01/1904	        NA	        NA	        NA	        NA	                       NA	                       NA	
  05/01/1904	        NA	        NA	      32.7	    -117.2	            san diego cal	            san diego usa	
  06/01/1904	        NA	        NA	        NA	        NA	                       NA	                       NA	
  06/01/1904	        NA	        NA	      32.7	    -117.2	            san diego cal	            san diego usa	
  07/01/1904	        NA	        NA	        NA	        NA	                       NA	                       NA	
  07/01/1904	        NA	        NA	      32.7	    -117.2	            san diego cal	            san diego usa	
  08/01/1904	        NA	        NA	        NA	        NA	                       NA	                       NA	
  08/01/1904	        NA	        NA	      32.7	    -117.2	            san diego cal	            san diego usa	
  09/01/1904	        NA	        NA	        NA	        NA	                       NA	                       NA	
  09/01/1904	        NA	        NA	      32.7	    -117.2	            san diego cal	            san diego usa	
  10/01/1904	        NA	        NA	        NA	        NA	                       NA	                       NA	
  10/01/1904	        NA	        NA	      32.7	    -117.2	            san diego cal	            san diego usa	
  11/01/1904	        NA	        NA	        NA	        NA	                       NA	                       NA	
  11/01/1904	        NA	        NA	      32.7	    -117.2	            san diego cal	            san diego usa	
  12/01/1904	        NA	        NA	        NA	        NA	                       NA	                       NA	
  12/01/1904	        NA	        NA	      32.7	    -117.2	            san diego cal	            san diego usa	
  13/01/1904	        NA	        NA	        NA	        NA	                       NA	                       NA	
  13/01/1904	        NA	        NA	      32.7	    -117.2	            san diego cal	            san diego usa	
  14/01/1904	        NA	        NA	        NA	        NA	                       NA	                       NA	
  14/01/1904	        NA	        NA	      32.7	    -117.2	            san diego cal	            san diego usa	
  15/01/1904	        NA	        NA	        NA	        NA	                       NA	                       NA	
  15/01/1904	        NA	        NA	      32.7	    -117.2	            san diego cal	            san diego usa	
  16/01/1904	        NA	        NA	        NA	        NA	                       NA	                       NA	
  16/01/1904	        NA	        NA	      32.7	    -117.2	            san diego cal	            san diego usa	
  17/01/1904	        NA	        NA	        NA	        NA	                       NA	                       NA	
  17/01/1904	        NA	        NA	      32.7	    -117.2	            san diego cal	            san diego usa	
  18/01/1904	        NA	        NA	        NA	        NA	                       NA	                       NA	
  18/01/1904	        NA	        NA	      32.7	    -117.2	            san diego cal	            san diego usa	
  19/01/1904	        NA	        NA	        NA	        NA	                       NA	                       NA	
  19/01/1904	        NA	        NA	      32.7	    -117.2	            san diego cal	            san diego usa	
  20/01/1904	        NA	        NA	        NA	        NA	                       NA	                       NA	
  20/01/1904	        NA	        NA	      32.7	    -117.2	            san diego cal	            san diego usa	
  21/01/1904	        NA	        NA	        NA	        NA	                       NA	                       NA	
  21/01/1904	        NA	        NA	      32.7	    -117.2	            san diego cal	            san diego usa	
  22/01/1904	        NA	        NA	        NA	        NA	                       NA	                       NA	
  22/01/1904	        NA	        NA	      32.7	    -117.2	            san diego cal	            san diego usa	
  23/01/1904	        NA	        NA	        NA	        NA	                       NA	                       NA	
  23/01/1904	        NA	        NA	      32.7	    -117.2	            san diego cal	            san diego usa	
  24/01/1904	        NA	        NA	        NA	        NA	                       NA	                       NA	
  24/01/1904	        NA	        NA	      32.7	    -117.2	            san diego cal	            san diego usa	
  25/01/1904	        NA	        NA	        NA	        NA	                       NA	                       NA	
  25/01/1904	        NA	        NA	      32.7	    -117.2	            san diego cal	            san diego usa	
  26/01/1904	        NA	        NA	        NA	        NA	                       NA	                       NA	
  26/01/1904	        NA	        NA	      32.7	    -117.2	            san diego cal	            san diego usa	
  27/01/1904	        NA	        NA	        NA	        NA	                       NA	                       NA	
  27/01/1904	        NA	        NA	      32.7	    -117.2	            san diego cal	            san diego usa	
  28/01/1904	        NA	        NA	        NA	        NA	                       NA	                       NA	
  28/01/1904	        NA	        NA	      32.7	    -117.2	            san diego cal	            san diego usa	
  29/01/1904	        NA	        NA	        NA	        NA	                       NA	                       NA	
  29/01/1904	        NA	        NA	      32.7	    -117.2	            san diego cal	            san diego usa	
  30/01/1904	        NA	        NA	        NA	        NA	                       NA	                       NA	
  30/01/1904	        NA	        NA	      32.7	    -117.2	            san diego cal	            san diego usa	
  31/01/1904	        NA	        NA	        NA	        NA	                       NA	                       NA	
  31/01/1904	        NA	        NA	        NA	        NA	                       NA	                       NA	
  31/01/1904	        NA	        NA	        NA	        NA	                       NA	                       NA	
  31/01/1904	        NA	        NA	        NA	        NA	                       NA	                       NA	
  31/01/1904	        NA	        NA	        NA	        NA	                       NA	                       NA	
  31/01/1904	        NA	        NA	        NA	        NA	                       NA	                       NA	
  31/01/1904	        NA	        NA	        NA	        NA	                       NA	                       NA	
  31/01/1904	        NA	        NA	        NA	        NA	                       NA	                       NA	
  31/01/1904	        NA	        NA	        NA	        NA	                       NA	                       NA	
  31/01/1904	        NA	        NA	        NA	        NA	                       NA	                       NA	
  31/01/1904	        NA	        NA	        NA	        NA	                       NA	                       NA	
  31/01/1904	        NA	        NA	        NA	        NA	                       NA	                       NA	
  31/01/1904	        NA	        NA	        NA	        NA	                       NA	                       NA	
  31/01/1904	        NA	        NA	        NA	        NA	                       NA	                       NA	
  31/01/1904	        NA	        NA	        NA	        NA	                       NA	                       NA	
  31/01/1904	        NA	        NA	        NA	        NA	                       NA	                       NA	
  31/01/1904	        NA	        NA	        NA	        NA	                       NA	                       NA	
  31/01/1904	        NA	        NA	        NA	        NA	                       NA	                       NA	
  31/01/1904	        NA	        NA	        NA	        NA	                       NA	                       NA	
  31/01/1904	        NA	        NA	        NA	        NA	                       NA	                       NA	
  31/01/1904	        NA	        NA	        NA	        NA	                       NA	                       NA	
  31/01/1904	        NA	        NA	        NA	        NA	                       NA	                       NA	
  31/01/1904	        NA	        NA	        NA	        NA	                       NA	                       NA	
  31/01/1904	        NA	        NA	        NA	        NA	                       NA	                       NA	
  31/01/1904	        NA	        NA	        NA	        NA	                       NA	                       NA	
  31/01/1904	        NA	        NA	      37.8	    -122.3	            sausalito cal	                sausalito	
  01/07/1904	        NA	        NA	        NA	        NA	                       NA	                       NA	
  01/07/1904	        NA	        NA	      37.8	    -122.3	            sausalito cal	                sausalito	
  02/07/1904	        NA	        NA	        NA	        NA	                       NA	                       NA	
  02/07/1904	        NA	        NA	      37.8	    -122.3	            sausalito cal	                sausalito	
  03/07/1904	        NA	        NA	        NA	        NA	                       NA	                       NA	
  03/07/1904	        NA	        NA	      37.8	    -122.3	            sausalito cal	                sausalito	
  04/07/1904	        NA	        NA	        NA	        NA	                       NA	                       NA	
  04/07/1904	        NA	        NA	      37.8	    -122.3	            sausalito cal	                sausalito	
  05/07/1904	        NA	        NA	        NA	        NA	                       NA	                       NA	
  05/07/1904	        NA	        NA	      37.8	    -122.3	            sausalito cal	                sausalito	
  06/07/1904	        NA	        NA	        NA	        NA	                       NA	                       NA	
  06/07/1904	        NA	        NA	      37.8	    -122.3	            sausalito cal	                sausalito	
  07/07/1904	        NA	        NA	        NA	        NA	                       NA	                       NA	
  07/07/1904	        NA	        NA	      37.8	    -122.3	            sausalito cal	                sausalito	
  08/07/1904	        NA	        NA	        NA	        NA	                       NA	                       NA	
  08/07/1904	        NA	        NA	      37.8	    -122.3	            sausalito cal	                sausalito	
  09/07/1904	        NA	        NA	        NA	        NA	                       NA	                       NA	
  09/07/1904	        NA	        NA	      37.8	    -122.3	            sausalito cal	                sausalito	
  10/07/1904	        NA	        NA	        NA	        NA	                       NA	                       NA	
  10/07/1904	        NA	        NA	      37.8	    -122.3	            sausalito cal	                sausalito	
  11/07/1904	        NA	        NA	        NA	        NA	                       NA	                       NA	
  11/07/1904	        NA	        NA	      37.8	    -122.3	            sausalito cal	                sausalito	
  12/07/1904	        NA	        NA	        NA	        NA	                       NA	                       NA	
  12/07/1904	        NA	        NA	      37.8	    -122.3	            sausalito cal	                sausalito	
  13/07/1904	        NA	        NA	        NA	        NA	                       NA	                       NA	
  13/07/1904	        NA	        NA	      37.8	    -122.3	            sausalito cal	                sausalito	
  14/07/1904	        NA	        NA	        NA	        NA	                 14071904	                       NA	
  14/07/1904	        NA	        NA	      37.8	    -122.3	            sausalito cal	                sausalito	
  15/07/1904	        NA	        NA	        NA	        NA	                       NA	                       NA	
  15/07/1904	        NA	        NA	      37.8	    -122.3	            sausalito cal	                sausalito	
  16/07/1904	        NA	        NA	        NA	        NA	                       NA	                       NA	
  16/07/1904	        NA	        NA	      37.8	    -122.3	            sausalito cal	                sausalito	
  17/07/1904	        NA	        NA	        NA	        NA	                       NA	                       NA	
  17/07/1904	        NA	        NA	      37.8	    -122.3	            sausalito cal	                sausalito	
  18/07/1904	        NA	        NA	        NA	        NA	                       NA	                       NA	
  18/07/1904	        NA	        NA	      37.8	    -122.3	            sausalito cal	                sausalito	
  19/07/1904	        NA	        NA	        NA	        NA	                       NA	                       NA	
  19/07/1904	        NA	        NA	      37.8	    -122.3	            sausalito cal	                sausalito	
  21/07/1904	        NA	        NA	        NA	        NA	                       NA	                       NA	
  21/07/1904	        NA	        NA	      37.8	    -122.3	            sausalito cal	                sausalito	
  22/07/1904	        NA	        NA	        NA	        NA	                       NA	                       NA	
  22/07/1904	        NA	        NA	      37.8	    -122.3	            sausalito cal	                sausalito	
  23/07/1904	        NA	        NA	        NA	        NA	                       NA	                       NA	
  23/07/1904	        NA	        NA	      37.8	    -122.3	            sausalito cal	                sausalito	
  24/07/1904	        NA	        NA	        NA	        NA	                       NA	                       NA	
  24/07/1904	        NA	        NA	      37.8	    -122.3	            sausalito cal	                sausalito	
  25/07/1904	        NA	        NA	        NA	        NA	                       NA	                       NA	
  25/07/1904	        NA	        NA	      37.8	    -122.3	            sausalito cal	                sausalito	
  26/07/1904	        NA	        NA	        NA	        NA	                       NA	                       NA	
  26/07/1904	        NA	        NA	      37.8	    -122.3	            sausalito cal	                sausalito	
  27/07/1904	        NA	        NA	        NA	        NA	                       NA	                       NA	
  27/07/1904	        NA	        NA	      37.8	    -122.3	            sausalito cal	                sausalito	
  28/07/1904	        NA	        NA	        NA	        NA	                       NA	                       NA	
  28/07/1904	        NA	        NA	      37.8	    -122.3	            sausalito cal	                sausalito	
  29/07/1904	        NA	        NA	        NA	        NA	                       NA	                       NA	
  29/07/1904	        NA	        NA	      37.8	    -122.3	              oakland cal	                  oakland	
  30/07/1904	        NA	        NA	        NA	        NA	                       NA	                       NA	
  30/07/1904	        NA	        NA	      37.8	    -122.3	              oakland cal	                  oakland	
  31/07/1904	        NA	        NA	        NA	        NA	                       NA	                       NA	
  31/07/1904	        NA	        NA	      37.8	    -122.3	              oakland cal	                  oakland	
  01/08/1904	        NA	        NA	        NA	        NA	                       NA	                       NA	
  01/08/1904	        NA	        NA	      37.8	    -122.3	              oakland cal	                  oakland	
  02/08/1904	        NA	        NA	        NA	        NA	                       NA	                       NA	
  02/08/1904	        NA	        NA	      37.8	    -122.3	              oakland cal	                  oakland	
  03/08/1904	        NA	        NA	        NA	        NA	                       NA	                       NA	
  03/08/1904	        NA	        NA	      37.8	    -122.3	              oakland cal	                  oakland	
  04/08/1904	        NA	        NA	        NA	        NA	                       NA	                       NA	
  04/08/1904	        NA	        NA	      37.8	    -122.3	              oakland cal	                  oakland	
  05/08/1904	        NA	        NA	        NA	        NA	                       NA	                       NA	
  05/08/1904	        NA	        NA	      37.8	    -122.3	              oakland cal	                  oakland	
  06/08/1904	        NA	        NA	        NA	        NA	                       NA	                       NA	
  06/08/1904	        NA	        NA	      37.8	    -122.3	              oakland cal	                  oakland	
  07/08/1904	        NA	        NA	        NA	        NA	                       NA	                       NA	
  07/08/1904	        NA	        NA	      37.8	    -122.3	              oakland cal	                  oakland	
  08/08/1904	        NA	        NA	        NA	        NA	                       NA	                       NA	
  08/08/1904	        NA	        NA	      37.8	    -122.3	              oakland cal	                  oakland	
  09/08/1904	        NA	        NA	        NA	        NA	                       NA	                       NA	
  09/08/1904	        NA	        NA	      37.8	    -122.3	              oakland cal	                  oakland	
  10/08/1904	        NA	        NA	        NA	        NA	                       NA	                       NA	
  10/08/1904	        NA	        NA	      37.8	    -122.3	              oakland cal	                  oakland	
  11/08/1904	        NA	        NA	        NA	        NA	                       NA	                       NA	
  11/08/1904	        NA	        NA	      37.8	    -122.3	              oakland cal	                  oakland	
  12/08/1904	        NA	        NA	        NA	        NA	                       NA	                       NA	
  12/08/1904	        NA	        NA	      37.8	    -122.3	              oakland cal	                  oakland	
  13/08/1904	        NA	        NA	        NA	        NA	                       NA	                       NA	
  13/08/1904	        NA	        NA	      37.8	    -122.3	              oakland cal	                  oakland	
  14/08/1904	        NA	        NA	        NA	        NA	                       NA	                       NA	
  14/08/1904	        NA	        NA	      37.8	    -122.3	              oakland cal	                  oakland	
  15/08/1904	        NA	        NA	        NA	        NA	                       NA	                       NA	
  15/08/1904	        NA	        NA	      37.8	    -122.3	              oakland cal	                  oakland	
  16/08/1904	        NA	        NA	        NA	        NA	                       NA	                       NA	
  16/08/1904	        NA	        NA	      37.8	    -122.3	              oakland cal	                  oakland	
  17/08/1904	        NA	        NA	        NA	        NA	                       NA	                       NA	
  17/08/1904	        NA	        NA	      37.8	    -122.3	              oakland cal	                  oakland	
  18/08/1904	        NA	        NA	        NA	        NA	                       NA	                       NA	
  18/08/1904	        NA	        NA	      37.8	    -122.3	              oakland cal	                  oakland	
  19/08/1904	        NA	        NA	        NA	        NA	                       NA	                       NA	
  19/08/1904	        NA	        NA	      37.8	    -122.3	              oakland cal	                  oakland	
  20/08/1904	        NA	        NA	        NA	        NA	                       NA	                       NA	
  20/08/1904	        NA	        NA	      37.8	    -122.3	              oakland cal	                  oakland	
  21/08/1904	        NA	        NA	        NA	        NA	                       NA	                       NA	
  21/08/1904	        NA	        NA	      37.8	    -122.3	              oakland cal	                  oakland	
  22/08/1904	        NA	        NA	        NA	        NA	                       NA	                       NA	
  22/08/1904	        NA	        NA	      37.8	    -122.3	              oakland cal	                  oakland	
  23/08/1904	        NA	        NA	        NA	        NA	                       NA	                       NA	
  23/08/1904	        NA	        NA	      37.8	    -122.3	              oakland cal	                  oakland	
  24/08/1904	        NA	        NA	        NA	        NA	                       NA	                       NA	
  24/08/1904	        NA	        NA	      37.8	    -122.3	              oakland cal	                  oakland	
  25/08/1904	        NA	        NA	        NA	        NA	                       NA	                       NA	
  25/08/1904	        NA	        NA	      37.8	    -122.3	              oakland cal	                  oakland	
  26/08/1904	        NA	        NA	        NA	        NA	                       NA	                       NA	
  26/08/1904	        NA	        NA	      37.8	    -122.3	              oakland cal	                  oakland	
  27/08/1904	        NA	        NA	        NA	        NA	                       NA	                       NA	
  27/08/1904	        NA	        NA	      37.8	    -122.3	              oakland cal	                  oakland	
  28/08/1904	        NA	        NA	        NA	        NA	                       NA	                       NA	
  28/08/1904	        NA	        NA	      37.8	    -122.3	              oakland cal	                  oakland	
  29/08/1904	        NA	        NA	        NA	        NA	                       NA	                       NA	
  29/08/1904	        NA	        NA	      37.8	    -122.3	              oakland cal	                  oakland	
  30/08/1904	        NA	        NA	        NA	        NA	                       NA	                       NA	
  30/08/1904	        NA	        NA	      37.8	    -122.3	              oakland cal	                  oakland	
  31/08/1904	        NA	        NA	        NA	        NA	                       NA	                       NA	
  31/08/1904	        NA	        NA	      37.8	    -122.3	              oakland cal	                  oakland	
  01/09/1904	        NA	        NA	        NA	        NA	                       NA	                       NA	
  01/09/1904	        NA	        NA	      37.8	    -122.3	              oakland cal	                  oakland	
  02/09/1904	        NA	        NA	        NA	        NA	                       NA	                       NA	
  02/09/1904	        NA	        NA	      37.8	    -122.3	              oakland cal	                  oakland	
  03/09/1904	        NA	        NA	        NA	        NA	                       NA	                       NA	
  03/09/1904	        NA	        NA	      37.8	    -122.3	              oakland cal	                  oakland	
  04/09/1904	        NA	        NA	        NA	        NA	                       NA	                       NA	
  04/09/1904	        NA	        NA	      37.8	    -122.3	              oakland cal	                  oakland	
  05/09/1904	        NA	        NA	        NA	        NA	                       NA	                       NA	
  05/09/1904	        NA	        NA	      37.8	    -122.3	              oakland cal	                  oakland	
  06/09/1904	        NA	        NA	        NA	        NA	                       NA	                       NA	
  06/09/1904	        NA	        NA	      37.8	    -122.3	              oakland cal	                  oakland	
  07/09/1904	        NA	        NA	        NA	        NA	                       NA	                       NA	
  07/09/1904	        NA	        NA	      37.8	    -122.3	              oakland cal	                  oakland	
  08/09/1904	        NA	        NA	        NA	        NA	                       NA	                       NA	
  08/09/1904	        NA	        NA	      37.8	    -122.3	              oakland cal	                  oakland	
  09/09/1904	        NA	        NA	        NA	        NA	                       NA	                       NA	
  09/09/1904	        NA	        NA	      37.8	    -122.3	              oakland cal	                  oakland	
  10/09/1904	        NA	        NA	        NA	        NA	                       NA	                       NA	
  10/09/1904	        NA	        NA	      37.8	    -122.3	              oakland cal	                  oakland	
  11/09/1904	        NA	        NA	        NA	        NA	                       NA	                       NA	
  11/09/1904	        NA	        NA	      37.8	    -122.3	              oakland cal	                  oakland	
  12/09/1904	        NA	        NA	        NA	        NA	                       NA	                       NA	
  12/09/1904	        NA	        NA	      37.8	    -122.3	              oakland cal	                  oakland	
  13/09/1904	        NA	        NA	        NA	        NA	                       NA	                       NA	
  13/09/1904	        NA	        NA	      37.8	    -122.3	              oakland cal	                  oakland	
  14/09/1904	        NA	        NA	        NA	        NA	                       NA	                       NA	
  14/09/1904	        NA	        NA	      37.8	    -122.3	              oakland cal	                  oakland	
  15/09/1904	        NA	        NA	        NA	        NA	                       NA	                       NA	
  15/09/1904	        NA	        NA	      37.8	    -122.3	              oakland cal	                  oakland	
  16/09/1904	        NA	        NA	        NA	        NA	                       NA	                       NA	
  16/09/1904	        NA	        NA	      37.8	    -122.3	              oakland cal	                  oakland	
  17/09/1904	        NA	        NA	        NA	        NA	                       NA	                       NA	
  17/09/1904	        NA	        NA	      37.8	    -122.3	              oakland cal	                  oakland	
  18/09/1904	        NA	        NA	        NA	        NA	                       NA	                       NA	
  18/09/1904	        NA	        NA	      37.8	    -122.3	              oakland cal	                  oakland	
  19/09/1904	        NA	        NA	        NA	        NA	                       NA	                       NA	
  19/09/1904	        NA	        NA	      37.8	    -122.3	              oakland cal	                  oakland	
  20/09/1904	        NA	        NA	        NA	        NA	                       NA	                       NA	
  20/09/1904	        NA	        NA	      37.8	    -122.3	              oakland cal	                  oakland	
  21/09/1904	        NA	        NA	        NA	        NA	                       NA	                       NA	
  21/09/1904	        NA	        NA	      37.8	    -122.3	              oakland cal	                  oakland	
  22/09/1904	        NA	        NA	        NA	        NA	                       NA	                       NA	
  22/09/1904	        NA	        NA	      37.8	    -122.3	              oakland cal	                  oakland	
  23/09/1904	        NA	        NA	        NA	        NA	                       NA	                       NA	
  23/09/1904	        NA	        NA	      37.8	    -122.3	              oakland cal	                  oakland	
  24/09/1904	        NA	        NA	        NA	        NA	                       NA	                       NA	
  24/09/1904	        NA	        NA	      37.8	    -122.3	              oakland cal	                  oakland	
  25/09/1904	        NA	        NA	        NA	        NA	                       NA	                       NA	
  25/09/1904	        NA	        NA	      37.8	    -122.3	              oakland cal	                  oakland	
  26/09/1904	        NA	        NA	        NA	        NA	                       NA	                       NA	
  26/09/1904	        NA	        NA	      37.8	    -122.3	              oakland cal	                  oakland	
  27/09/1904	        NA	        NA	        NA	        NA	                       NA	                       NA	
  27/09/1904	        NA	        NA	      37.8	    -122.3	     sansalito california	                sausalito	
  28/09/1904	        NA	        NA	        NA	        NA	                       NA	                       NA	
  28/09/1904	        NA	        NA	      37.8	    -122.3	            sausalito cal	                sausalito	
  29/09/1904	        NA	        NA	        NA	        NA	                       NA	                       NA	
  29/09/1904	        NA	        NA	      37.8	    -122.3	            sausalito cal	                sausalito	
  30/09/1904	        NA	        NA	        NA	        NA	                       NA	                       NA	
  30/09/1904	        NA	        NA	      37.8	    -122.3	            sausalito cal	                sausalito	
  01/10/1904	        NA	        NA	        NA	        NA	                       NA	                       NA	
  01/10/1904	        NA	        NA	      37.8	    -122.3	            sausalito cal	                sausalito	
  02/10/1904	        NA	        NA	        NA	        NA	                       NA	                       NA	
  02/10/1904	        NA	        NA	      37.8	    -122.3	            sausalito cal	                sausalito	
  03/10/1904	        NA	        NA	        NA	        NA	                       NA	                       NA	
  03/10/1904	        NA	        NA	      37.8	    -122.3	            sausalito cal	                sausalito	
  04/10/1904	        NA	        NA	        NA	        NA	                       NA	                       NA	
  04/10/1904	        NA	        NA	      37.8	    -122.3	            sausalito cal	                sausalito	
  05/10/1904	        NA	        NA	        NA	        NA	                       NA	                       NA	
  05/10/1904	        NA	        NA	      37.8	    -122.3	            sausalito cal	                sausalito	
  06/10/1904	        NA	        NA	        NA	        NA	                       NA	                       NA	
  06/10/1904	        NA	        NA	      37.8	    -122.3	            sausalito cal	                sausalito	
  07/10/1904	        NA	        NA	        NA	        NA	                       NA	                       NA	
  07/10/1904	        NA	        NA	      37.8	    -122.3	            sausalito cal	                sausalito	
  08/10/1904	        NA	        NA	        NA	        NA	                       NA	                       NA	
  08/10/1904	        NA	        NA	      37.8	    -122.3	            sausalito cal	                sausalito	
  09/10/1904	        NA	        NA	        NA	        NA	                       NA	                       NA	
  09/10/1904	        NA	        NA	      37.8	    -122.3	            sausalito cal	                sausalito	
  10/10/1904	        NA	        NA	        NA	        NA	                       NA	                       NA	
  10/10/1904	        NA	        NA	      37.8	    -122.3	            sausalito cal	                sausalito	
  11/10/1904	        NA	        NA	        NA	        NA	                       NA	                       NA	
  11/10/1904	        NA	        NA	      37.8	    -122.3	            sausalito cal	                sausalito	
  12/10/1904	        NA	        NA	        NA	        NA	                       NA	                       NA	
  12/10/1904	        NA	        NA	      37.8	    -122.3	            sausalito cal	                sausalito	
  13/10/1904	        NA	        NA	        NA	        NA	                       NA	                       NA	
  13/10/1904	        NA	        NA	      37.8	    -122.3	            sausalito cal	                sausalito	
  14/10/1904	        NA	        NA	        NA	        NA	                       NA	                       NA	
  14/10/1904	        NA	        NA	      37.8	    -122.3	            sausalito cal	                sausalito	
  15/10/1904	        NA	        NA	        NA	        NA	                       NA	                       NA	
  15/10/1904	        NA	        NA	      37.8	    -122.3	            sausalito cal	                sausalito	
  16/10/1904	        NA	        NA	        NA	        NA	                       NA	                       NA	
  16/10/1904	        NA	        NA	      37.8	    -122.3	            sausalito cal	                sausalito	
  17/10/1904	        NA	        NA	        NA	        NA	                       NA	                       NA	
  17/10/1904	        NA	        NA	      37.8	    -122.3	            sausalito cal	                sausalito	
  18/10/1904	        NA	        NA	        NA	        NA	                       NA	                       NA	
  18/10/1904	        NA	        NA	      37.8	    -122.3	            sausalito cal	                sausalito	
  19/10/1904	        NA	        NA	        NA	        NA	                       NA	                       NA	
  19/10/1904	        NA	        NA	      37.8	    -122.3	            sausalito cal	                sausalito	
  20/10/1904	        NA	        NA	        NA	        NA	                       NA	                       NA	
  20/10/1904	        NA	        NA	      37.8	    -122.3	            sausalito cal	                sausalito	
  21/10/1904	        NA	        NA	        NA	        NA	                       NA	                       NA	
  21/10/1904	        NA	        NA	      37.8	    -122.3	            sausalito cal	                sausalito	
  22/10/1904	        NA	        NA	        NA	        NA	                       NA	                       NA	
  22/10/1904	        NA	        NA	      37.8	    -122.3	            sausalito cal	                sausalito	
  23/10/1904	        NA	        NA	        NA	        NA	                       NA	                       NA	
  23/10/1904	        NA	        NA	      37.8	    -122.3	            sausalito cal	                sausalito	
  24/10/1904	        NA	        NA	        NA	        NA	                       NA	                       NA	
  24/10/1904	        NA	        NA	      37.8	    -122.3	            sausalito cal	                sausalito	
  25/10/1904	        NA	        NA	        NA	        NA	                       NA	                       NA	
  25/10/1904	        NA	        NA	      37.8	    -122.3	            sausalito cal	                sausalito	
  26/10/1904	        NA	        NA	        NA	        NA	                       NA	                       NA	
  26/10/1904	        NA	        NA	      37.8	    -122.3	            sausalito cal	                sausalito	
  27/10/1904	        NA	        NA	        NA	        NA	                       NA	                       NA	
  27/10/1904	        NA	        NA	      37.8	    -122.3	            sausalito cal	                sausalito	
  28/10/1904	        NA	        NA	        NA	        NA	                       NA	                       NA	
  28/10/1904	        NA	        NA	      37.8	    -122.3	            sausalito cal	                sausalito	
  29/10/1904	        NA	        NA	        NA	        NA	                       NA	                       NA	
  29/10/1904	        NA	        NA	      37.8	    -122.3	            sausalito cal	                sausalito	
  30/10/1904	        NA	        NA	        NA	        NA	                       NA	                       NA	
  30/10/1904	        NA	        NA	      37.8	    -122.3	            sausalito cal	                sausalito	
  31/10/1904	        NA	        NA	        NA	        NA	                       NA	                       NA	
  31/10/1904	        NA	        NA	      37.8	    -122.3	            sausalito cal	                sausalito	
  01/11/1904	        NA	        NA	        NA	        NA	                       NA	                       NA	
  01/11/1904	        NA	        NA	      37.8	    -122.3	            sausalito cal	                sausalito	
  02/11/1904	        NA	        NA	        NA	        NA	                       NA	                       NA	
  02/11/1904	        NA	        NA	      37.8	    -122.3	            sausalito cal	                sausalito	
  03/11/1904	        NA	        NA	        NA	        NA	                       NA	                       NA	
  03/11/1904	        NA	        NA	      37.8	    -122.3	            sausalito cal	                sausalito	
  04/11/1904	        NA	        NA	        NA	        NA	                       NA	                       NA	
  04/11/1904	        NA	        NA	      37.8	    -122.3	            sausalito cal	                sausalito	
  05/11/1904	        NA	        NA	        NA	        NA	                       NA	                       NA	
  05/11/1904	        NA	        NA	      37.8	    -122.3	            sausalito cal	                sausalito	
  06/11/1904	        NA	        NA	        NA	        NA	                       NA	                       NA	
  06/11/1904	        NA	        NA	      37.8	    -122.3	            sausalito cal	                sausalito	
  07/11/1904	        NA	        NA	        NA	        NA	                       NA	                       NA	
  07/11/1904	        NA	        NA	      37.8	    -122.3	            sausalito cal	                sausalito	
  08/11/1904	        NA	        NA	        NA	        NA	                       NA	                       NA	
  08/11/1904	        NA	        NA	      37.8	    -122.3	            sausalito cal	                sausalito	
  09/11/1904	        NA	        NA	        NA	        NA	                       NA	                       NA	
  09/11/1904	        NA	        NA	      37.8	    -122.3	     sansalito california	                sausalito	
  10/11/1904	        NA	        NA	        NA	        NA	                       NA	                       NA	
  10/11/1904	        NA	        NA	      37.8	    -122.3	            sausalito cal	                sausalito	
  11/11/1904	        NA	        NA	        NA	        NA	                       NA	                       NA	
  11/11/1904	        NA	        NA	      37.8	    -122.3	            sausalito cal	                sausalito	
  12/11/1904	        NA	        NA	        NA	        NA	                       NA	                       NA	
  12/11/1904	        NA	        NA	      37.8	    -122.3	            sausalito cal	                sausalito	
  13/11/1904	        NA	        NA	        NA	        NA	                       NA	                       NA	
  13/11/1904	        NA	        NA	      37.8	    -122.3	            sausalito cal	                sausalito	
  14/11/1904	        NA	        NA	        NA	        NA	                       NA	                       NA	
  14/11/1904	        NA	        NA	      37.8	    -122.3	            sausalito cal	                sausalito	
  15/11/1904	        NA	        NA	        NA	        NA	                       NA	                       NA	
  15/11/1904	        NA	        NA	      37.8	    -122.3	            sausalito cal	                sausalito	
  16/11/1904	        NA	        NA	        NA	        NA	                       NA	                       NA	
  16/11/1904	        NA	        NA	      37.8	    -122.3	            sausalito cal	                sausalito	
  17/11/1904	        NA	        NA	        NA	        NA	                       NA	                       NA	
  17/11/1904	        NA	        NA	      37.8	    -122.3	            sausalito cal	                sausalito	
  18/11/1904	        NA	        NA	        NA	        NA	                       NA	                       NA	
  18/11/1904	        NA	        NA	      37.8	    -122.3	            sausalito cal	                sausalito	
  19/11/1904	        NA	        NA	        NA	        NA	                       NA	                       NA	
  19/11/1904	        NA	        NA	      37.8	    -122.3	            sausalito cal	                sausalito	
  20/11/1904	        NA	        NA	        NA	        NA	                       NA	                       NA	
  20/11/1904	        NA	        NA	      37.8	    -122.3	            sausalito cal	                sausalito	
  21/11/1904	        NA	        NA	        NA	        NA	                       NA	                       NA	
  21/11/1904	        NA	        NA	      37.8	    -122.3	            sausalito cal	                sausalito	
  22/11/1904	        NA	        NA	        NA	        NA	                       NA	                       NA	
  22/11/1904	        NA	        NA	      37.8	    -122.3	            sausalito cal	                sausalito	
  23/11/1904	        NA	        NA	        NA	        NA	                       NA	                       NA	
  23/11/1904	        NA	        NA	      37.8	    -122.3	            sausalito cal	                sausalito	
  24/11/1904	        NA	        NA	        NA	        NA	                       NA	                       NA	
  24/11/1904	        NA	        NA	      37.8	    -122.3	            sausalito cal	                sausalito	
  25/11/1904	        NA	        NA	        NA	        NA	                       NA	                       NA	
  25/11/1904	        NA	        NA	      37.8	    -122.3	            sausalito cal	                sausalito	
  26/11/1904	        NA	        NA	        NA	        NA	                       NA	                       NA	
  26/11/1904	        NA	        NA	      37.8	    -122.3	            sausalito cal	                sausalito	
  27/11/1904	        NA	        NA	        NA	        NA	                       NA	                       NA	
  27/11/1904	        NA	        NA	      37.8	    -122.3	            sausalito cal	                sausalito	
  28/11/1904	        NA	        NA	        NA	        NA	                       NA	                       NA	
  28/11/1904	        NA	        NA	      37.8	    -122.3	            sausalito cal	                sausalito	
  29/11/1904	        NA	        NA	        NA	        NA	                       NA	                       NA	
  29/11/1904	        NA	        NA	      37.8	    -122.3	            sausalito cal	                sausalito	
  30/11/1904	        NA	        NA	        NA	        NA	                       NA	                       NA	
  30/11/1904	        NA	        NA	      37.8	    -122.3	            sausalito cal	                sausalito	
  01/12/1904	        NA	        NA	        NA	        NA	                       NA	                       NA	
  01/12/1904	        NA	        NA	      37.8	    -122.3	            sausalito cal	                sausalito	
  02/12/1904	        NA	        NA	        NA	        NA	                       NA	                       NA	
  02/12/1904	        NA	        NA	      37.8	    -122.3	            sausalito cal	                sausalito	
  03/12/1904	        NA	        NA	        NA	        NA	                       NA	                       NA	
  03/12/1904	        NA	        NA	      37.8	    -122.3	            sausalito cal	                sausalito	
  04/12/1904	        NA	        NA	        NA	        NA	                       NA	                       NA	
  04/12/1904	        NA	        NA	      37.8	    -122.3	            sausalito cal	                sausalito	
  05/12/1904	        NA	        NA	        NA	        NA	                       NA	                       NA	
  05/12/1904	        NA	        NA	      37.8	    -122.3	            sausalito cal	                sausalito	
  06/12/1904	        NA	        NA	        NA	        NA	                       NA	                       NA	
  06/12/1904	        NA	        NA	      37.8	    -122.3	            sausalito cal	                sausalito	
  07/12/1904	        NA	        NA	        NA	        NA	                       NA	                       NA	
  07/12/1904	        NA	        NA	      37.8	    -122.3	            sausalito cal	                sausalito	
  08/12/1904	        NA	        NA	        NA	        NA	                       NA	                       NA	
  08/12/1904	        NA	        NA	      37.8	    -122.3	            sausalito cal	                sausalito	
  09/12/1904	        NA	        NA	        NA	        NA	                       NA	                       NA	
  09/12/1904	        NA	        NA	      37.8	    -122.3	            sausalito cal	                sausalito	
  10/12/1904	        NA	        NA	        NA	        NA	                       NA	                       NA	
  10/12/1904	        NA	        NA	      37.8	    -122.3	            sausalito cal	                sausalito	
  11/12/1904	        NA	        NA	        NA	        NA	                       NA	                       NA	
  11/12/1904	        NA	        NA	      37.8	    -122.3	            sausalito cal	                sausalito	
  12/12/1904	        NA	        NA	        NA	        NA	                       NA	                       NA	
  12/12/1904	        NA	        NA	      37.8	    -122.3	            sausalito cal	                sausalito	
  13/12/1904	        NA	        NA	        NA	        NA	                       NA	                       NA	
  13/12/1904	        NA	        NA	      37.8	    -122.3	            sausalito cal	                sausalito	
  14/12/1904	        NA	        NA	        NA	        NA	                       NA	                       NA	
  14/12/1904	        NA	        NA	      37.8	    -122.3	            sausalito cal	                sausalito	
  15/12/1904	        NA	        NA	        NA	        NA	                       NA	                       NA	
  15/12/1904	        NA	        NA	      37.8	    -122.3	            sausalito cal	                sausalito	
  16/12/1904	        NA	        NA	        NA	        NA	                       NA	                       NA	
  16/12/1904	        NA	        NA	      37.8	    -122.3	            sausalito cal	                sausalito	
  17/12/1904	   34 49 N	  124 33 W	      NA	      NA	      NA
  18/12/1904	   32 39 N	  127 38 W	      NA	      NA	      NA
  19/12/1904	   30 43 N	  130 34 W	      NA	      NA	      NA
  20/12/1904	   28 38 N	  133 24 W	      NA	      NA	      NA
  21/12/1904	   26 54 N	  136 50 W	      NA	      NA	      NA
  22/12/1904	   25 52 N	  140 26 W	      NA	      NA	      NA
  23/12/1904	   24 43 N	  144 14 W	      NA	      NA	      NA
  24/12/1904	   23 45 N	  147 27 W	      NA	      NA	      NA
  25/12/1904	   22 38 N	  150 02 W	      NA	      NA	      NA
  26/12/1904	   22 01 N	  153 02 W	      NA	      NA	      NA
  27/12/1904	   21 21 N	  156 09 W	      NA	      NA	      NA
  28/12/1904	        NA	        NA	        NA	        NA	                       NA	                       NA	
  28/12/1904	        NA	        NA	      21.3	    -157.9	              honolulu th	                 honolulu	
  29/12/1904	        NA	        NA	        NA	        NA	                       NA	                       NA	
  29/12/1904	        NA	        NA	      21.3	    -157.9	              honolulu th	                 honolulu	
  30/12/1904	        NA	        NA	        NA	        NA	                       NA	                       NA	
  30/12/1904	        NA	        NA	      21.3	    -157.9	              honolulu th	                 honolulu	
  31/12/1904	        NA	        NA	        NA	        NA	                       NA	                       NA	
  31/12/1904	        NA	        NA	      21.3	    -157.9	              honolulu th	                 honolulu	
  31/12/1904	        NA	        NA	        NA	        NA	                       NA	                       NA	
  31/12/1904	        NA	        NA	        NA	        NA	                       NA	                       NA	
  31/12/1904	        NA	        NA	        NA	        NA	                       NA	                       NA	
  31/12/1904	        NA	        NA	        NA	        NA	                       NA	                       NA	
  31/12/1904	        NA	        NA	        NA	        NA	                       NA	                       NA	
  31/12/1904	        NA	        NA	        NA	        NA	                       NA	                       NA	
  31/12/1904	        NA	        NA	        NA	        NA	                       NA	                       NA	
  31/12/1904	        NA	        NA	        NA	        NA	                       NA	                       NA	
  31/12/1904	        NA	        NA	        NA	        NA	                       NA	                       NA	
  31/12/1904	        NA	        NA	      21.3	    -157.9	              honolulu th	                 honolulu	
