  01/01/1905	        NA	        NA	        NA	        NA	                       NA	                       NA	
  01/01/1905	        NA	        NA	      21.3	    -157.9	              honolulu th	                 honolulu	
  02/01/1905	        NA	        NA	        NA	        NA	                       NA	                       NA	
  02/01/1905	        NA	        NA	      21.3	    -157.9	              honolulu th	                 honolulu	
  03/01/1905	        NA	        NA	        NA	        NA	                       NA	                       NA	
  03/01/1905	        NA	        NA	      21.3	    -157.9	              honolulu th	                 honolulu	
  04/01/1905	        NA	        NA	        NA	        NA	                       NA	                       NA	
  04/01/1905	        NA	        NA	      21.3	    -157.9	              honolulu th	                 honolulu	
  05/01/1905	        NA	        NA	        NA	        NA	                       NA	                       NA	
  05/01/1905	        NA	        NA	      21.3	    -157.9	              honolulu th	                 honolulu	
  06/01/1905	        NA	        NA	        NA	        NA	                       NA	                       NA	
  06/01/1905	        NA	        NA	      21.3	    -157.9	              honolulu th	                 honolulu	
  07/01/1905	        NA	        NA	        NA	        NA	                       NA	                       NA	
  07/01/1905	        NA	        NA	      21.3	    -157.9	              honolulu th	                 honolulu	
  08/01/1905	        NA	        NA	        NA	        NA	                       NA	                       NA	
  08/01/1905	        NA	        NA	      21.3	    -157.9	              honolulu th	                 honolulu	
  09/01/1905	        NA	        NA	        NA	        NA	                       NA	                       NA	
  09/01/1905	        NA	        NA	      21.3	    -157.9	              honolulu th	                 honolulu	
  10/01/1905	        NA	        NA	        NA	        NA	                       NA	                       NA	
  10/01/1905	        NA	        NA	      21.3	    -157.9	              honolulu th	                 honolulu	
  11/01/1905	        NA	        NA	        NA	        NA	                       NA	                       NA	
  11/01/1905	        NA	        NA	      21.3	    -157.9	              honolulu th	                 honolulu	
  12/01/1905	        NA	        NA	        NA	        NA	                       NA	                       NA	
  12/01/1905	        NA	        NA	      21.3	    -157.9	              honolulu th	                 honolulu	
  13/01/1905	        NA	        NA	        NA	        NA	                       NA	                       NA	
  13/01/1905	        NA	        NA	      21.3	    -157.9	              honolulu th	                 honolulu	
  14/01/1905	        NA	        NA	        NA	        NA	                       NA	                       NA	
  14/01/1905	        NA	        NA	      21.3	    -157.9	              honolulu th	                 honolulu	
  15/01/1905	        NA	        NA	        NA	        NA	                       NA	                       NA	
  15/01/1905	        NA	        NA	      21.3	    -157.9	              honolulu th	                 honolulu	
  16/01/1905	        NA	        NA	        NA	        NA	                       NA	                       NA	
  16/01/1905	        NA	        NA	      21.3	    -157.9	              honolulu th	                 honolulu	
  17/01/1905	        NA	        NA	        NA	        NA	                       NA	                       NA	
  17/01/1905	        NA	        NA	      21.3	    -157.9	              honolulu th	                 honolulu	
  18/01/1905	        NA	        NA	        NA	        NA	                       NA	                       NA	
  18/01/1905	        NA	        NA	      21.3	    -157.9	              honolulu th	                 honolulu	
  19/01/1905	        NA	        NA	        NA	        NA	                       NA	                       NA	
  19/01/1905	        NA	        NA	      21.3	    -157.9	              honolulu th	                 honolulu	
  20/01/1905	        NA	        NA	        NA	        NA	                       NA	                       NA	
  20/01/1905	        NA	        NA	      21.3	    -157.9	              honolulu th	                 honolulu	
  21/01/1905	        NA	        NA	        NA	        NA	                       NA	                       NA	
  21/01/1905	        NA	        NA	      21.3	    -157.9	              honolulu th	                 honolulu	
  22/01/1905	        NA	        NA	        NA	        NA	                       NA	                       NA	
  22/01/1905	        NA	        NA	      21.3	    -157.9	              honolulu th	                 honolulu	
  23/01/1905	        NA	        NA	        NA	        NA	                       NA	                       NA	
  23/01/1905	        NA	        NA	      21.3	    -157.9	              honolulu th	                 honolulu	
  24/01/1905	        NA	        NA	        NA	        NA	                       NA	                       NA	
  24/01/1905	        NA	        NA	      21.3	    -157.9	              honolulu th	                 honolulu	
  25/01/1905	        NA	        NA	        NA	        NA	                       NA	                       NA	
  25/01/1905	        NA	        NA	      21.3	    -157.9	              honolulu th	                 honolulu	
  26/01/1905	        NA	        NA	        NA	        NA	                       NA	                       NA	
  26/01/1905	        NA	        NA	      21.3	    -157.9	              honolulu th	                 honolulu	
  27/01/1905	        NA	        NA	        NA	        NA	                       NA	                       NA	
  27/01/1905	        NA	        NA	      21.3	    -157.9	              honolulu th	                 honolulu	
  27/01/1905	        NA	        NA	        NA	        NA	                       NA	                       NA	
  27/01/1905	        NA	        NA	      21.3	    -157.9	              honolulu th	                 honolulu	
  29/01/1905	        NA	        NA	        NA	        NA	                       NA	                       NA	
  29/01/1905	        NA	        NA	      21.3	    -157.9	              honolulu th	                 honolulu	
  30/01/1905	        NA	        NA	        NA	        NA	                       NA	                       NA	
  30/01/1905	        NA	        NA	      21.3	    -157.9	              honolulu th	                 honolulu	
  31/01/1905	        NA	        NA	        NA	        NA	                       NA	                       NA	
  31/01/1905	        NA	        NA	      21.3	    -157.9	              honolulu th	                 honolulu	
  01/02/1905	        NA	        NA	        NA	        NA	                       NA	                       NA	
  01/02/1905	        NA	        NA	      21.3	    -157.9	              honolulu th	                 honolulu	
  02/02/1905	        NA	        NA	        NA	        NA	                       NA	                       NA	
  02/02/1905	        NA	        NA	      21.3	    -157.9	              honolulu th	                 honolulu	
  03/02/1905	        NA	        NA	        NA	        NA	                       NA	                       NA	
  03/02/1905	        NA	        NA	      21.3	    -157.9	              honolulu th	                 honolulu	
  04/02/1905	        NA	        NA	        NA	        NA	                       NA	                       NA	
  04/02/1905	        NA	        NA	      21.3	    -157.9	              honolulu th	                 honolulu	
  05/02/1905	        NA	        NA	        NA	        NA	                       NA	                       NA	
  05/02/1905	        NA	        NA	      21.3	    -157.9	              honolulu th	                 honolulu	
  06/02/1905	        NA	        NA	        NA	        NA	                       NA	                       NA	
  06/02/1905	        NA	        NA	      21.3	    -157.9	              honolulu th	                 honolulu	
  07/02/1905	        NA	        NA	        NA	        NA	                       NA	                       NA	
  07/02/1905	        NA	        NA	      21.3	    -157.9	              honolulu th	                 honolulu	
  08/02/1905	        NA	        NA	        NA	        NA	                       NA	                       NA	
  08/02/1905	        NA	        NA	      21.3	    -157.9	              honolulu th	                 honolulu	
  09/02/1905	        NA	        NA	        NA	        NA	                       NA	                       NA	
  09/02/1905	        NA	        NA	      21.3	    -157.9	              honolulu th	                 honolulu	
  10/02/1905	        NA	        NA	        NA	        NA	                       NA	                       NA	
  10/02/1905	        NA	        NA	      21.3	    -157.9	              honolulu th	                 honolulu	
  11/02/1905	        NA	        NA	        NA	        NA	                       NA	                       NA	
  11/02/1905	        NA	        NA	      21.3	    -157.9	              honolulu th	                 honolulu	
  12/02/1905	        NA	        NA	        NA	        NA	                       NA	                       NA	
  12/02/1905	        NA	        NA	      21.3	    -157.9	              honolulu th	                 honolulu	
  13/02/1905	        NA	        NA	        NA	        NA	                       NA	                       NA	
  13/02/1905	        NA	        NA	      21.3	    -157.9	              honolulu th	                 honolulu	
  14/02/1905	        NA	        NA	        NA	        NA	                       NA	                       NA	
  14/02/1905	        NA	        NA	      21.3	    -157.9	              honolulu th	                 honolulu	
  15/02/1905	        NA	        NA	        NA	        NA	                       NA	                       NA	
  15/02/1905	        NA	        NA	      21.3	    -157.9	              honolulu th	                 honolulu	
  16/02/1905	        NA	        NA	        NA	        NA	                       NA	                       NA	
  16/02/1905	        NA	        NA	      21.3	    -157.9	              honolulu th	                 honolulu	
  17/02/1905	        NA	        NA	        NA	        NA	                       NA	                       NA	
  17/02/1905	        NA	        NA	      21.3	    -157.9	              honolulu th	                 honolulu	
  18/02/1905	        NA	        NA	        NA	        NA	                       NA	                       NA	
  18/02/1905	        NA	        NA	      21.3	    -157.9	              honolulu th	                 honolulu	
  19/02/1905	        NA	        NA	        NA	        NA	                       NA	                       NA	
  19/02/1905	        NA	        NA	      21.3	    -157.9	              honolulu th	                 honolulu	
  20/02/1905	        NA	        NA	        NA	        NA	                       NA	                       NA	
  20/02/1905	        NA	        NA	      21.3	    -157.9	              honolulu th	                 honolulu	
  21/02/1905	        NA	        NA	        NA	        NA	                       NA	                       NA	
  21/02/1905	        NA	        NA	      21.3	    -157.9	              honolulu th	                 honolulu	
  22/02/1905	        NA	        NA	        NA	        NA	                       NA	                       NA	
  22/02/1905	        NA	        NA	      21.3	    -157.9	              honolulu th	                 honolulu	
  23/02/1905	        NA	        NA	        NA	        NA	                       NA	                       NA	
  23/02/1905	        NA	        NA	      21.3	    -157.9	              honolulu th	                 honolulu	
  24/02/1905	   20 46 N	  157 11 W	      NA	      NA	      NA
  25/02/1905	   19 48 N	  156 05 W	      NA	      NA	      NA
  26/02/1905	        NA	        NA	        NA	        NA	                       NA	                       NA	
  27/02/1905	   19 51 N	  156 24 W	      NA	      NA	      NA
  28/02/1905	        NA	        NA	        NA	        NA	                       NA	                       NA	
  28/02/1905	        NA	        NA	      21.3	    -157.9	              honolulu th	                 honolulu	
  01/03/1905	        NA	        NA	        NA	        NA	                       NA	                       NA	
  02/03/1905	   20 26 N	  156 11 W	      NA	      NA	      NA
  03/03/1905	        NA	        NA	        NA	        NA	                       NA	                       NA	
  04/03/1905	   20 10 N	  156 21 W	      NA	      NA	      NA
  05/03/1905	   20 58 N	  157 47 W	      NA	      NA	      NA
  06/03/1905	        NA	        NA	        NA	        NA	                       NA	                       NA	
  06/03/1905	        NA	        NA	      21.3	    -157.9	              honolulu th	                 honolulu	
  07/03/1905	        NA	        NA	        NA	        NA	                       NA	                       NA	
  07/03/1905	        NA	        NA	      21.3	    -157.9	              honolulu th	                 honolulu	
  08/03/1905	        NA	        NA	        NA	        NA	                       NA	                       NA	
  08/03/1905	        NA	        NA	      21.3	    -157.9	              honolulu th	                 honolulu	
  09/03/1905	        NA	        NA	        NA	        NA	                       NA	                       NA	
  09/03/1905	        NA	        NA	      21.3	    -157.9	              honolulu th	                 honolulu	
  10/03/1905	        NA	        NA	        NA	        NA	                       NA	                       NA	
  10/03/1905	        NA	        NA	      21.3	    -157.9	              honolulu th	                 honolulu	
  11/03/1905	        NA	        NA	        NA	        NA	                       NA	                       NA	
  11/03/1905	        NA	        NA	      21.3	    -157.9	              honolulu th	                 honolulu	
  12/03/1905	        NA	        NA	        NA	        NA	                       NA	                       NA	
  12/03/1905	        NA	        NA	      21.3	    -157.9	              honolulu th	                 honolulu	
  13/03/1905	        NA	        NA	        NA	        NA	                       NA	                       NA	
  13/03/1905	        NA	        NA	      21.3	    -157.9	              honolulu th	                 honolulu	
  14/03/1905	        NA	        NA	        NA	        NA	                       NA	                       NA	
  14/03/1905	        NA	        NA	      21.3	    -157.9	              honolulu th	                 honolulu	
  15/03/1905	        NA	        NA	        NA	        NA	                       NA	                       NA	
  15/03/1905	        NA	        NA	      21.3	    -157.9	              honolulu th	                 honolulu	
  16/03/1905	        NA	        NA	        NA	        NA	                       NA	                       NA	
  16/03/1905	        NA	        NA	      21.3	    -157.9	              honolulu th	                 honolulu	
  17/03/1905	        NA	        NA	        NA	        NA	                       NA	                       NA	
  17/03/1905	        NA	        NA	      21.3	    -157.9	              honolulu th	                 honolulu	
  18/03/1905	        NA	        NA	        NA	        NA	                       NA	                       NA	
  18/03/1905	        NA	        NA	      21.3	    -157.9	              honolulu th	                 honolulu	
  19/03/1905	        NA	        NA	        NA	        NA	                       NA	                       NA	
  19/03/1905	        NA	        NA	      21.3	    -157.9	              honolulu th	                 honolulu	
  20/03/1905	        NA	        NA	        NA	        NA	                       NA	                       NA	
  20/03/1905	        NA	        NA	      21.3	    -157.9	              honolulu th	                 honolulu	
  21/03/1905	        NA	        NA	        NA	        NA	                       NA	                       NA	
  22/03/1905	        NA	        NA	      21.3	    -157.9	              honolulu th	                 honolulu	
  22/03/1905	        NA	        NA	        NA	        NA	                       NA	                       NA	
  22/03/1905	        NA	        NA	      21.3	    -157.9	              honolulu th	                 honolulu	
  23/03/1905	   21 50 N	  159 35 W	      NA	      NA	      NA
  24/03/1905	        NA	        NA	        NA	        NA	                       NA	                       NA	
  26/03/1905	   22 21 N	  160 05 W	      NA	      NA	      NA
  27/03/1905	   21 49 N	  159 43 W	      NA	      NA	      NA
  28/03/1905	   21 30 N	  158 45 W	      NA	      NA	      NA
  29/03/1905	        NA	        NA	        NA	        NA	                       NA	                       NA	
  29/03/1905	        NA	        NA	      21.3	    -157.9	              honolulu th	                 honolulu	
  30/03/1905	        NA	        NA	        NA	        NA	                       NA	                       NA	
  30/03/1905	        NA	        NA	      21.3	    -157.9	              honolulu th	                 honolulu	
  31/03/1905	        NA	        NA	        NA	        NA	                       NA	                       NA	
  31/03/1905	        NA	        NA	      21.3	    -157.9	              honolulu th	                 honolulu	
  01/04/1905	        NA	        NA	        NA	        NA	                       NA	                       NA	
  01/04/1905	        NA	        NA	      21.3	    -157.9	              honolulu th	                 honolulu	
  02/04/1905	        NA	        NA	        NA	        NA	                       NA	                       NA	
  02/04/1905	        NA	        NA	      21.3	    -157.9	              honolulu th	                 honolulu	
  03/04/1905	        NA	        NA	        NA	        NA	                       NA	                       NA	
  03/04/1905	        NA	        NA	      21.3	    -157.9	              honolulu th	                 honolulu	
  04/04/1905	        NA	        NA	        NA	        NA	                       NA	                       NA	
  04/04/1905	        NA	        NA	      21.3	    -157.9	              honolulu th	                 honolulu	
  05/04/1905	        NA	        NA	        NA	        NA	                       NA	                       NA	
  05/04/1905	        NA	        NA	      21.3	    -157.9	              honolulu th	                 honolulu	
  06/04/1905	        NA	        NA	        NA	        NA	                       NA	                       NA	
  06/04/1905	        NA	        NA	      21.3	    -157.9	              honolulu th	                 honolulu	
  07/04/1905	        NA	        NA	        NA	        NA	                       NA	                       NA	
  07/04/1905	        NA	        NA	      21.3	    -157.9	              honolulu th	                 honolulu	
  08/04/1905	        NA	        NA	        NA	        NA	                       NA	                       NA	
  08/04/1905	        NA	        NA	      21.3	    -157.9	              honolulu th	                 honolulu	
  09/04/1905	        NA	        NA	        NA	        NA	                       NA	                       NA	
  09/04/1905	        NA	        NA	      21.3	    -157.9	              honolulu th	                 honolulu	
  10/04/1905	        NA	        NA	        NA	        NA	                       NA	                       NA	
  10/04/1905	        NA	        NA	      21.3	    -157.9	              honolulu th	                 honolulu	
  11/04/1905	        NA	        NA	        NA	        NA	                       NA	                       NA	
  11/04/1905	        NA	        NA	      21.3	    -157.9	              honolulu th	                 honolulu	
  12/04/1905	        NA	        NA	        NA	        NA	                       NA	                       NA	
  12/04/1905	        NA	        NA	      21.3	    -157.9	              honolulu th	                 honolulu	
  13/04/1905	        NA	        NA	        NA	        NA	                       NA	                       NA	
  13/04/1905	        NA	        NA	      21.3	    -157.9	              honolulu th	                 honolulu	
  14/04/1905	        NA	        NA	        NA	        NA	                       NA	                       NA	
  14/04/1905	        NA	        NA	      21.3	    -157.9	              honolulu th	                 honolulu	
  15/04/1905	        NA	        NA	        NA	        NA	                       NA	                       NA	
  15/04/1905	        NA	        NA	      21.3	    -157.9	              honolulu th	                 honolulu	
  16/04/1905	        NA	        NA	        NA	        NA	                       NA	                       NA	
  16/04/1905	        NA	        NA	      21.3	    -157.9	              honolulu th	                 honolulu	
  17/04/1905	        NA	        NA	        NA	        NA	                       NA	                       NA	
  17/04/1905	        NA	        NA	      21.3	    -157.9	              honolulu th	                 honolulu	
  18/04/1905	        NA	        NA	        NA	        NA	                       NA	                       NA	
  18/04/1905	        NA	        NA	      21.3	    -157.9	              honolulu th	                 honolulu	
  19/04/1905	        NA	        NA	        NA	        NA	                       NA	                       NA	
  19/04/1905	        NA	        NA	      21.3	    -157.9	              honolulu th	                 honolulu	
  20/04/1905	        NA	        NA	        NA	        NA	                       NA	                       NA	
  20/04/1905	        NA	        NA	      21.3	    -157.9	              honolulu th	                 honolulu	
  21/04/1905	        NA	        NA	        NA	        NA	                       NA	                       NA	
  21/04/1905	        NA	        NA	      21.3	    -157.9	              honolulu th	                 honolulu	
  22/04/1905	        NA	        NA	        NA	        NA	                       NA	                       NA	
  22/04/1905	        NA	        NA	      21.3	    -157.9	              honolulu th	                 honolulu	
  23/04/1905	        NA	        NA	        NA	        NA	                       NA	                       NA	
  23/04/1905	        NA	        NA	      21.3	    -157.9	              honolulu th	                 honolulu	
  24/04/1905	        NA	        NA	        NA	        NA	                       NA	                       NA	
  24/04/1905	        NA	        NA	      21.3	    -157.9	              honolulu th	                 honolulu	
  25/04/1905	        NA	        NA	        NA	        NA	                       NA	                       NA	
  25/04/1905	        NA	        NA	      21.3	    -157.9	              honolulu th	                 honolulu	
  26/04/1905	        NA	        NA	        NA	        NA	                       NA	                       NA	
  26/04/1905	        NA	        NA	      21.3	    -157.9	              honolulu th	                 honolulu	
  27/04/1905	        NA	        NA	        NA	        NA	                       NA	                       NA	
  27/04/1905	        NA	        NA	      21.3	    -157.9	              honolulu th	                 honolulu	
  28/04/1905	        NA	        NA	        NA	        NA	                       NA	                       NA	
  28/04/1905	        NA	        NA	      21.3	    -157.9	              honolulu th	                 honolulu	
  29/04/1905	        NA	        NA	        NA	        NA	                       NA	                       NA	
  29/04/1905	        NA	        NA	      21.3	    -157.9	              honolulu th	                 honolulu	
  30/04/1905	        NA	        NA	        NA	        NA	                       NA	                       NA	
  30/04/1905	        NA	        NA	      21.3	    -157.9	              honolulu th	                 honolulu	
  01/05/1905	        NA	        NA	        NA	        NA	                       NA	                       NA	
  01/05/1905	        NA	        NA	      21.3	    -157.9	              honolulu th	                 honolulu	
  02/05/1905	        NA	        NA	        NA	        NA	                       NA	                       NA	
  02/05/1905	        NA	        NA	      21.3	    -157.9	              honolulu th	                 honolulu	
  03/05/1905	        NA	        NA	        NA	        NA	                       NA	                       NA	
  03/05/1905	        NA	        NA	      21.3	    -157.9	              honolulu th	                 honolulu	
  04/05/1905	        NA	        NA	        NA	        NA	                       NA	                       NA	
  04/05/1905	        NA	        NA	      21.3	    -157.9	              honolulu th	                 honolulu	
  05/05/1905	        NA	        NA	        NA	        NA	                       NA	                       NA	
  05/05/1905	        NA	        NA	      21.3	    -157.9	              honolulu th	                 honolulu	
  06/05/1905	        NA	        NA	        NA	        NA	                       NA	                       NA	
  06/05/1905	        NA	        NA	      21.3	    -157.9	              honolulu th	                 honolulu	
  07/05/1905	        NA	        NA	        NA	        NA	                       NA	                       NA	
  07/05/1905	        NA	        NA	      21.3	    -157.9	              honolulu th	                 honolulu	
  08/05/1905	        NA	        NA	        NA	        NA	                       NA	                       NA	
  08/05/1905	        NA	        NA	      21.3	    -157.9	              honolulu th	                 honolulu	
  09/05/1905	        NA	        NA	        NA	        NA	                       NA	                       NA	
  09/05/1905	        NA	        NA	      21.3	    -157.9	              honolulu th	                 honolulu	
  10/05/1905	        NA	        NA	        NA	        NA	                       NA	                       NA	
  10/05/1905	        NA	        NA	      21.3	    -157.9	              honolulu th	                 honolulu	
  11/05/1905	        NA	        NA	        NA	        NA	                       NA	                       NA	
  11/05/1905	        NA	        NA	      21.3	    -157.9	              honolulu th	                 honolulu	
  12/05/1905	        NA	        NA	        NA	        NA	                       NA	                       NA	
  12/05/1905	        NA	        NA	      21.3	    -157.9	              honolulu th	                 honolulu	
  13/05/1905	        NA	        NA	        NA	        NA	                       NA	                       NA	
  13/05/1905	        NA	        NA	      21.3	    -157.9	              honolulu th	                 honolulu	
  14/05/1905	        NA	        NA	        NA	        NA	                       NA	                       NA	
  14/05/1905	        NA	        NA	      21.3	    -157.9	              honolulu th	                 honolulu	
  15/05/1905	        NA	        NA	        NA	        NA	                       NA	                       NA	
  15/05/1905	        NA	        NA	      21.3	    -157.9	              honolulu th	                 honolulu	
  16/05/1905	        NA	        NA	        NA	        NA	                       NA	                       NA	
  16/05/1905	        NA	        NA	      21.3	    -157.9	              honolulu th	                 honolulu	
  17/05/1905	        NA	        NA	        NA	        NA	                       NA	                       NA	
  17/05/1905	        NA	        NA	      21.3	    -157.9	              honolulu th	                 honolulu	
  18/05/1905	        NA	        NA	        NA	        NA	                       NA	                       NA	
  18/05/1905	        NA	        NA	      21.3	    -157.9	              honolulu th	                 honolulu	
  19/05/1905	        NA	        NA	        NA	        NA	                       NA	                       NA	
  19/05/1905	        NA	        NA	      21.3	    -157.9	              honolulu th	                 honolulu	
  20/05/1905	        NA	        NA	        NA	        NA	                       NA	                       NA	
  20/05/1905	        NA	        NA	      21.3	    -157.9	              honolulu th	                 honolulu	
  21/05/1905	        NA	        NA	        NA	        NA	                       NA	                       NA	
  21/05/1905	        NA	        NA	      21.3	    -157.9	              honolulu th	                 honolulu	
  22/05/1905	        NA	        NA	        NA	        NA	                       NA	                       NA	
  22/05/1905	        NA	        NA	      21.3	    -157.9	              honolulu th	                 honolulu	
  23/05/1905	        NA	        NA	        NA	        NA	                       NA	                       NA	
  23/05/1905	        NA	        NA	      21.3	    -157.9	              honolulu th	                 honolulu	
  24/05/1905	        NA	        NA	        NA	        NA	                       NA	                       NA	
  24/05/1905	        NA	        NA	      21.3	    -157.9	              honolulu th	                 honolulu	
  25/05/1905	        NA	        NA	        NA	        NA	                       NA	                       NA	
  25/05/1905	        NA	        NA	      21.3	    -157.9	              honolulu th	                 honolulu	
  26/05/1905	        NA	        NA	        NA	        NA	                       NA	                       NA	
  26/05/1905	        NA	        NA	      21.3	    -157.9	              honolulu th	                 honolulu	
  27/05/1905	        NA	        NA	        NA	        NA	                       NA	                       NA	
  27/05/1905	        NA	        NA	      21.3	    -157.9	              honolulu th	                 honolulu	
  28/05/1905	        NA	        NA	        NA	        NA	                       NA	                       NA	
  28/05/1905	        NA	        NA	      21.3	    -157.9	              honolulu th	                 honolulu	
  29/05/1905	        NA	        NA	        NA	        NA	                       NA	                       NA	
  29/05/1905	        NA	        NA	      21.3	    -157.9	              honolulu th	                 honolulu	
  30/05/1905	        NA	        NA	        NA	        NA	                       NA	                       NA	
  30/05/1905	        NA	        NA	      21.3	    -157.9	              honolulu th	                 honolulu	
  31/05/1905	        NA	        NA	        NA	        NA	                       NA	                       NA	
  31/05/1905	        NA	        NA	      21.3	    -157.9	              honolulu th	                 honolulu	
  01/06/1905	        NA	        NA	        NA	        NA	                       NA	                       NA	
  01/06/1905	        NA	        NA	      21.3	    -157.9	              honolulu th	                 honolulu	
  02/06/1905	        NA	        NA	        NA	        NA	                       NA	                       NA	
  02/06/1905	        NA	        NA	      21.3	    -157.9	              honolulu th	                 honolulu	
  03/06/1905	        NA	        NA	        NA	        NA	                       NA	                       NA	
  03/06/1905	        NA	        NA	      21.3	    -157.9	              honolulu th	                 honolulu	
  04/06/1905	        NA	        NA	        NA	        NA	                       NA	                       NA	
  04/06/1905	        NA	        NA	      21.3	    -157.9	              honolulu th	                 honolulu	
  05/06/1905	   22 10 N	  158 27 W	      NA	      NA	      NA
  06/06/1905	   24 31 N	  158 49 W	      NA	      NA	      NA
  07/06/1905	   28 05 N	  159 20 W	      NA	      NA	      NA
  08/06/1905	   31 22 N	  160 02 W	      NA	      NA	      NA
  09/06/1905	   34 27 N	  160 41 W	      NA	      NA	      NA
  10/06/1905	   37 52 N	  161 47 W	      NA	      NA	      NA
  11/06/1905	   41 22 N	  162 36 W	      NA	      NA	      NA
  12/06/1905	   44 57 N	  163 07 W	      NA	      NA	      NA
  13/06/1905	   48 10 N	  164 13 W	      NA	      NA	      NA
  14/06/1905	   51 26 N	  165 22 W	      NA	      NA	      NA
  15/06/1905	   53 46 N	  165 49 W	      NA	      NA	      NA
  16/06/1905	        NA	        NA	        NA	        NA	                       NA	                       NA	
  16/06/1905	        NA	        NA	      53.9	    -166.5	      dutch harbor alaska	             dutch harbor	
  17/06/1905	        NA	        NA	        NA	        NA	                       NA	                       NA	
  17/06/1905	        NA	        NA	      53.9	    -166.5	      dutch harbor alaska	             dutch harbor	
  18/06/1905	        NA	        NA	        NA	        NA	                       NA	                       NA	
  18/06/1905	        NA	        NA	      53.9	    -166.5	      dutch harbor alaska	             dutch harbor	
  19/06/1905	        NA	        NA	        NA	        NA	                       NA	                       NA	
  19/06/1905	        NA	        NA	      53.9	    -166.5	      dutch harbor alaska	             dutch harbor	
  20/06/1905	        NA	        NA	        NA	        NA	                       NA	                       NA	
  20/06/1905	        NA	        NA	      53.9	    -166.5	      dutch harbor alaska	             dutch harbor	
  21/06/1905	        NA	        NA	        NA	        NA	                       NA	                       NA	
  21/06/1905	        NA	        NA	      53.9	    -166.5	      dutch harbor alaska	             dutch harbor	
  22/06/1905	        NA	        NA	        NA	        NA	                       NA	                       NA	
  22/06/1905	        NA	        NA	      53.9	    -166.5	      dutch harbor alaska	             dutch harbor	
  23/06/1905	        NA	        NA	        NA	        NA	                       NA	                       NA	
  23/06/1905	        NA	        NA	      53.9	    -166.5	      dutch harbor alaska	             dutch harbor	
  24/06/1905	        NA	        NA	        NA	        NA	                       NA	                       NA	
  24/06/1905	        NA	        NA	      53.9	    -166.5	      dutch harbor alaska	             dutch harbor	
  25/06/1905	        NA	        NA	        NA	        NA	                       NA	                       NA	
  25/06/1905	        NA	        NA	      53.9	    -166.5	      dutch harbor alaska	             dutch harbor	
  26/06/1905	        NA	        NA	        NA	        NA	                       NA	                       NA	
  26/06/1905	        NA	        NA	      53.9	    -166.5	      dutch harbor alaska	             dutch harbor	
  27/06/1905	   53 58 N	  166 59 W	      NA	      NA	      NA
  28/06/1905	   56 20 N	  167 10 W	      NA	      NA	      NA
  29/06/1905	   58 52 N	  168 23 W	      NA	      NA	      NA
  30/06/1905	   61 40 N	  168 46 W	      NA	      NA	      NA
  01/07/1905	   64 11 N	  165 07 W	      NA	      NA	      NA
  02/07/1905	        NA	        NA	        NA	        NA	                       NA	                       NA	
  02/07/1905	        NA	        NA	        NA	        NA	              nome alaska	                       NA	
  03/07/1905	        NA	        NA	        NA	        NA	                       NA	                       NA	
  03/07/1905	        NA	        NA	      63.5	    -162.0	        st michael alaska	               st michael	
  04/07/1905	        NA	        NA	        NA	        NA	                       NA	                       NA	
  04/07/1905	        NA	        NA	      63.5	    -162.0	       st michaels alaska	               st michael	
  05/07/1905	   64 14 N	  164 02 W	      NA	      NA	      NA
  06/07/1905	   64 21 N	  166 35 W	      NA	      NA	      NA
  07/07/1905	   63 56 N	  170 11 W	      NA	      NA	      NA
  08/07/1905	        NA	        NA	        NA	        NA	                       NA	                       NA	
  10/07/1905	   65 13 N	  166 55 W	      NA	      NA	      NA
  11/07/1905	        NA	        NA	        NA	        NA	                       NA	                       NA	
  11/07/1905	        NA	        NA	      65.7	    -171.1	  st lawrence bay siberia	          st lawrence bay	
  12/07/1905	        NA	        NA	        NA	        NA	                       NA	                       NA	
  12/07/1905	        NA	        NA	      65.7	    -171.1	  st lawrence bay siberia	          st lawrence bay	
  13/07/1905	        NA	        NA	        NA	        NA	                       NA	                       NA	
  13/07/1905	        NA	        NA	      65.7	    -171.1	  st lawrence bay siberia	          st lawrence bay	
  14/07/1905	        NA	        NA	        NA	        NA	                       NA	                       NA	
  14/07/1905	        NA	        NA	      65.7	    -171.1	  st lawrence bay siberia	          st lawrence bay	
  15/07/1905	   65 48 N	  170 05 W	      NA	      NA	      NA
  16/07/1905	        NA	        NA	        NA	        NA	                       NA	                       NA	
  16/07/1905	        NA	        NA	      63.1	    -168.9	        east cape siberia	                east cape	
  17/07/1905	        NA	        NA	        NA	        NA	                       NA	                       NA	
  17/07/1905	        NA	        NA	      65.2	    -166.7	 cape riley port clarence	           port clearance	
  18/07/1905	        NA	        NA	        NA	        NA	                       NA	                       NA	
  18/07/1905	        NA	        NA	      65.2	    -166.7	            teller alaska	           port clearance	
  19/07/1905	        NA	        NA	        NA	        NA	                       NA	                       NA	
  19/07/1905	        NA	        NA	        NA	        NA	            teller alaska	                       NA	
  20/07/1905	        NA	        NA	        NA	        NA	                       NA	                       NA	
  21/07/1905	   66 22 N	  166 35 W	      NA	      NA	      NA
  22/07/1905	   66 19 N	  162 45 W	      NA	      NA	      NA
  23/07/1905	        NA	        NA	        NA	        NA	                       NA	                       NA	
  23/07/1905	        NA	        NA	      66.5	    -162.8	cape blossom kotzebue sound	           kotzebue sound	
  24/07/1905	        NA	        NA	        NA	        NA	                       NA	                       NA	
  24/07/1905	        NA	        NA	      66.5	    -162.8	cape blossom kotzebue sound	           kotzebue sound	
  25/07/1905	        NA	        NA	        NA	        NA	                       NA	                       NA	
  26/07/1905	        NA	        NA	        NA	        NA	                       NA	                       NA	
  26/07/1905	        NA	        NA	      68.3	    -166.8	        point hope alaska	               point hope	
  27/07/1905	   68 55 N	  165 30 W	      NA	      NA	      NA
  28/07/1905	        NA	        NA	      68.9	    -166.2	            cape lisburne	            cape lisburne	
  28/07/1905	        NA	        NA	      68.9	    -165.1	off corwin coal mine alaska	         corwin coal mine	
  29/07/1905	   70 47 N	  162 02 W	      NA	      NA	      NA
  30/07/1905	        NA	        NA	        NA	        NA	                       NA	                       NA	
  30/07/1905	        NA	        NA	      71.3	    -156.8	    off cape smyth alaska	              cape smythe	
  31/07/1905	        NA	        NA	        NA	        NA	                       NA	                       NA	
  31/07/1905	        NA	        NA	      70.8	    -159.7	 pt belcher south 4 miles	               pt belcher	
  01/08/1905	   70 36 N	  160 26 W	      NA	      NA	      NA
  02/08/1905	   69 09 N	  165 04 W	      NA	      NA	      NA
  03/08/1905	        NA	        NA	        NA	        NA	                       NA	                       NA	
  03/08/1905	        NA	        NA	      68.9	    -166.2	cape lisburne arctic ocean	            cape lisburne	
  04/08/1905	        NA	        NA	        NA	        NA	                       NA	                       NA	
  04/08/1905	        NA	        NA	      68.3	    -166.8	        point hope alaska	               point hope	
  05/08/1905	   67 34 N	  164 35 W	      NA	      NA	      NA
  06/08/1905	        NA	        NA	      66.5	    -162.8	cape blossom kotzebue sound	           kotzebue sound	
  07/08/1905	        NA	        NA	        NA	        NA	              cape deceit	                       NA	
  07/08/1905	        NA	        NA	      66.5	    -162.8	    kotzebue sound alaska	             cape spencer	
  08/08/1905	        NA	        NA	        NA	        NA	                       NA	                       NA	
  11/08/1905	        NA	        NA	        NA	        NA	                       NA	                       NA	
  11/08/1905	        NA	        NA	        NA	        NA	         nome city alaska	                       NA	
  12/08/1905	        NA	        NA	        NA	        NA	                       NA	                       NA	
  12/08/1905	        NA	        NA	        NA	        NA	         nome city alaska	                       NA	
  13/08/1905	        NA	        NA	        NA	        NA	                       NA	                       NA	
  13/08/1905	        NA	        NA	        NA	        NA	         nome city alaska	                       NA	
  14/08/1905	        NA	        NA	        NA	        NA	                       NA	                       NA	
  14/08/1905	        NA	        NA	        NA	        NA	         nome city alaska	                       NA	
  15/08/1905	        NA	        NA	        NA	        NA	                       NA	                       NA	
  15/08/1905	        NA	        NA	        NA	        NA	         nome city alaska	                       NA	
  16/08/1905	        NA	        NA	        NA	        NA	                       NA	                       NA	
  16/08/1905	        NA	        NA	        NA	        NA	         nome city alaska	                       NA	
  17/08/1905	        NA	        NA	        NA	        NA	                       NA	                       NA	
  17/08/1905	        NA	        NA	        NA	        NA	         nome city alaska	                       NA	
  18/08/1905	        NA	        NA	        NA	        NA	                       NA	                       NA	
  22/08/1905	        NA	        NA	        NA	        NA	                       NA	                       NA	
  22/08/1905	        NA	        NA	        NA	        NA	              nome alaska	                       NA	
  23/08/1905	   63 52 N	  170 22 W	      NA	      NA	      NA
  24/08/1905	        NA	        NA	        NA	        NA	                       NA	                       NA	
  25/08/1905	   62 35 N	  171 52 W	      NA	      NA	      NA
  26/08/1905	   60 00 N	  170 54 W	      NA	      NA	      NA
  27/08/1905	   57 22 N	  169 40 W	      NA	      NA	      NA
  28/08/1905	   56 25 N	  169 11 W	      NA	      NA	      NA
  29/08/1905	        NA	        NA	        NA	        NA	                       NA	                       NA	
  29/08/1905	        NA	        NA	      53.9	    -166.5	      dutch harbor alaska	             dutch harbor	
  30/08/1905	        NA	        NA	        NA	        NA	                       NA	                       NA	
  30/08/1905	        NA	        NA	      53.9	    -166.5	      dutch harbor alaska	             dutch harbor	
  31/08/1905	        NA	        NA	        NA	        NA	                       NA	                       NA	
  31/08/1905	        NA	        NA	      53.9	    -166.5	          unalaska alaska	             unalaska bay	
  01/09/1905	        NA	        NA	        NA	        NA	                       NA	                       NA	
  01/09/1905	        NA	        NA	      53.9	    -166.5	          unalaska alaska	             unalaska bay	
  02/09/1905	        NA	        NA	        NA	        NA	                       NA	                       NA	
  02/09/1905	        NA	        NA	      53.9	    -166.5	          unalaska alaska	             unalaska bay	
  03/09/1905	        NA	        NA	        NA	        NA	                       NA	                       NA	
  03/09/1905	        NA	        NA	      53.9	    -166.5	          unalaska alaska	             unalaska bay	
  04/09/1905	        NA	        NA	        NA	        NA	                       NA	                       NA	
  04/09/1905	        NA	        NA	      53.9	    -166.5	          unalaska alaska	             unalaska bay	
  05/09/1905	        NA	        NA	        NA	        NA	                       NA	                       NA	
  05/09/1905	        NA	        NA	      53.9	    -166.5	          unalaska alaska	             unalaska bay	
  06/09/1905	        NA	        NA	        NA	        NA	                       NA	                       NA	
  06/09/1905	        NA	        NA	      53.9	    -166.5	          unalaska alaska	             unalaska bay	
  07/09/1905	        NA	        NA	        NA	        NA	                       NA	                       NA	
  07/09/1905	        NA	        NA	      53.9	    -166.5	          unalaska alaska	             unalaska bay	
  08/09/1905	        NA	        NA	        NA	        NA	                       NA	                       NA	
  08/09/1905	        NA	        NA	      53.9	    -166.5	          unalaska alaska	             unalaska bay	
  09/09/1905	        NA	        NA	        NA	        NA	                       NA	                       NA	
  09/09/1905	        NA	        NA	      53.9	    -166.5	          unalaska alaska	             unalaska bay	
  10/09/1905	        NA	        NA	        NA	        NA	                       NA	                       NA	
  10/09/1905	        NA	        NA	      53.9	    -166.5	          unalaska alaska	             unalaska bay	
  11/09/1905	        NA	        NA	        NA	        NA	                       NA	                       NA	
  11/09/1905	        NA	        NA	      53.9	    -166.5	          unalaska alaska	             unalaska bay	
  12/09/1905	        NA	        NA	        NA	        NA	                       NA	                       NA	
  12/09/1905	        NA	        NA	      53.9	    -166.5	          unalaska alaska	             unalaska bay	
  13/09/1905	        NA	        NA	        NA	        NA	                       NA	                       NA	
  13/09/1905	        NA	        NA	      53.9	    -166.5	          unalaska alaska	             unalaska bay	
  14/09/1905	        NA	        NA	        NA	        NA	                       NA	                       NA	
  14/09/1905	        NA	        NA	      53.9	    -166.5	          unalaska alaska	             unalaska bay	
  15/09/1905	        NA	        NA	        NA	        NA	                       NA	                       NA	
  15/09/1905	        NA	        NA	      53.9	    -166.5	          unalaska alaska	             unalaska bay	
  16/09/1905	        NA	        NA	        NA	        NA	                       NA	                       NA	
  16/09/1905	        NA	        NA	      53.9	    -166.5	          unalaska alaska	             unalaska bay	
  17/09/1905	        NA	        NA	        NA	        NA	                       NA	                       NA	
  17/09/1905	        NA	        NA	      53.9	    -166.5	          unalaska alaska	             unalaska bay	
  18/09/1905	        NA	        NA	        NA	        NA	                       NA	                       NA	
  18/09/1905	        NA	        NA	      53.9	    -166.5	          unalaska alaska	             unalaska bay	
  19/09/1905	        NA	        NA	        NA	        NA	                       NA	                       NA	
  19/09/1905	        NA	        NA	      53.9	    -166.5	          unalaska alaska	             unalaska bay	
  20/09/1905	        NA	        NA	        NA	        NA	                       NA	                       NA	
  20/09/1905	        NA	        NA	      53.9	    -166.5	          unalaska alaska	             unalaska bay	
  21/09/1905	        NA	        NA	        NA	        NA	                       NA	                       NA	
  21/09/1905	        NA	        NA	      53.9	    -166.5	          unalaska alaska	             unalaska bay	
  22/09/1905	        NA	        NA	        NA	        NA	                       NA	                       NA	
  22/09/1905	        NA	        NA	      53.9	    -166.5	          unalaska alaska	             unalaska bay	
  23/09/1905	        NA	        NA	        NA	        NA	                       NA	                       NA	
  23/09/1905	        NA	        NA	      53.9	    -166.5	          unalaska alaska	             unalaska bay	
  24/09/1905	        NA	        NA	        NA	        NA	                       NA	                       NA	
  24/09/1905	        NA	        NA	      53.9	    -166.5	          unalaska alaska	             unalaska bay	
  25/09/1905	        NA	        NA	        NA	        NA	                       NA	                       NA	
  25/09/1905	        NA	        NA	      53.9	    -166.5	          unalaska alaska	             unalaska bay	
  26/09/1905	        NA	        NA	        NA	        NA	                       NA	                       NA	
  26/09/1905	        NA	        NA	      53.9	    -166.5	          unalaska alaska	             unalaska bay	
  27/09/1905	        NA	        NA	        NA	        NA	                       NA	                       NA	
  27/09/1905	        NA	        NA	      53.9	    -166.5	          unalaska alaska	             unalaska bay	
  28/09/1905	        NA	        NA	        NA	        NA	                       NA	                       NA	
  28/09/1905	        NA	        NA	      53.9	    -166.5	          unalaska alaska	             unalaska bay	
  29/09/1905	        NA	        NA	        NA	        NA	                       NA	                       NA	
  29/09/1905	        NA	        NA	      53.9	    -166.5	          unalaska alaska	             unalaska bay	
  30/09/1905	        NA	        NA	        NA	        NA	                       NA	                       NA	
  30/09/1905	        NA	        NA	      53.9	    -166.5	          unalaska alaska	             unalaska bay	
  01/10/1905	        NA	        NA	        NA	        NA	                       NA	                       NA	
  01/10/1905	        NA	        NA	        NA	        NA	                       NA	                       NA	
  01/10/1905	        NA	        NA	        NA	        NA	                       NA	                       NA	
  01/10/1905	        NA	        NA	        NA	        NA	                       NA	                       NA	
  05/01/1905	        NA	        NA	        NA	        NA	                       NA	                       NA	
