  08/02/1907	        NA	        NA	        NA	        NA	                       NA	                       NA	
  14/02/1907	        NA	        NA	        NA	        NA	                       NA	                       NA	
  18/02/1907	        NA	        NA	        NA	        NA	                       NA	                       NA	
  18/02/1907	        NA	        NA	        NA	        NA	                       NA	                       NA	
  18/02/1907	        NA	        NA	        NA	        NA	                       NA	                       NA	
  18/02/1907	        NA	        NA	        NA	        NA	                       NA	                       NA	
  18/02/1907	        NA	        NA	        NA	        NA	                       NA	                       NA	
  18/02/1907	        NA	        NA	        NA	        NA	                       NA	                       NA	
  18/02/1907	        NA	        NA	        NA	        NA	                       NA	                       NA	
  18/02/1907	        NA	        NA	        NA	        NA	                       NA	                       NA	
  18/02/1907	        NA	        NA	        NA	        NA	                       NA	                       NA	
  18/02/1907	        NA	        NA	        NA	        NA	                       NA	                       NA	
  18/02/1907	        NA	        NA	        NA	        NA	                       NA	                       NA	
  18/02/1907	        NA	        NA	        NA	        NA	                       NA	                       NA	
  18/02/1907	        NA	        NA	        NA	        NA	                       NA	                       NA	
  18/02/1907	        NA	        NA	        NA	        NA	                       NA	                       NA	
  18/02/1907	        NA	        NA	        NA	        NA	                       NA	                       NA	
  18/02/1907	        NA	        NA	      37.8	    -122.3	              oakland cal	                  oakland	
  19/12/1907	        NA	        NA	        NA	        NA	                       NA	                       NA	
  19/12/1907	        NA	        NA	      37.8	    -122.3	              oakland cal	                  oakland	
  20/12/1907	        NA	        NA	        NA	        NA	                       NA	                       NA	
  20/12/1907	        NA	        NA	      37.8	    -122.3	              oakland cal	                  oakland	
  21/12/1907	        NA	        NA	        NA	        NA	                       NA	                       NA	
  21/12/1907	        NA	        NA	      37.8	    -122.3	              oakland cal	                  oakland	
  22/12/1907	        NA	        NA	        NA	        NA	                       NA	                       NA	
  22/12/1907	        NA	        NA	      37.8	    -122.3	              oakland cal	                  oakland	
  23/12/1907	        NA	        NA	        NA	        NA	                       NA	                       NA	
  23/12/1907	        NA	        NA	      37.8	    -122.3	              oakland cal	                  oakland	
  24/12/1907	        NA	        NA	        NA	        NA	                       NA	                       NA	
  24/12/1907	        NA	        NA	      37.8	    -122.3	            sausalito cal	                sausalito	
  25/12/1907	        NA	        NA	        NA	        NA	                       NA	                       NA	
  25/12/1907	        NA	        NA	      37.8	    -122.3	            sausalito cal	                sausalito	
  26/12/1907	        NA	        NA	        NA	        NA	                       NA	                       NA	
  26/12/1907	        NA	        NA	      37.8	    -122.3	            sausalito cal	                sausalito	
  27/12/1907	        NA	        NA	        NA	        NA	                       NA	                       NA	
  27/12/1907	        NA	        NA	      37.8	    -122.3	            sausalito cal	                sausalito	
  28/12/1907	        NA	        NA	        NA	        NA	                       NA	                       NA	
  28/12/1907	        NA	        NA	      37.8	    -122.3	            sausalito cal	                sausalito	
  29/12/1907	        NA	        NA	        NA	        NA	                       NA	                       NA	
  29/12/1907	        NA	        NA	      37.8	    -122.3	            sausalito cal	                sausalito	
  30/12/1907	        NA	        NA	        NA	        NA	                       NA	                       NA	
  30/12/1907	        NA	        NA	      37.8	    -122.3	            sausalito cal	                sausalito	
  31/12/1907	        NA	        NA	        NA	        NA	                       NA	                       NA	
  31/12/1907	        NA	        NA	      37.8	    -122.3	            sausalito cal	                sausalito	
  04/02/1907	        NA	        NA	        NA	        NA	                       NA	                       NA	
  04/02/1907	        NA	        NA	      37.8	    -122.3	            sausalito cal	                sausalito	
