0019-04-21	 1	NA	NA	NA	NA	
0019-04-21	 2	NA	NA	NA	NA	
0019-04-21	 3	NA	NA	NA	NA	
0019-04-21	 4	NA	NA	NA	NA	
0019-04-21	 5	NA	NA	NA	NA	
0019-04-21	 6	NA	NA	NA	NA	
0019-04-21	 7	NA	NA	NA	NA	
0019-04-21	 8	NA	NA	NA	NA	
0019-04-21	 9	NA	NA	NA	NA	
0019-04-21	10	NA	NA	NA	NA	
0019-04-21	11	NA	NA	NA	NA	
0019-04-21	12	NA	NA	NA	NA	
0019-04-21	13	NA	NA	NA	NA	
0019-04-21	14	NA	NA	NA	NA	
0019-04-21	15	NA	NA	NA	NA	
0019-04-21	16	NA	NA	NA	NA	
0019-04-21	17	NA	NA	NA	NA	
0019-04-21	18	NA	NA	NA	NA	
0019-04-21	19	NA	NA	NA	NA	
0019-04-21	20	NA	NA	NA	NA	
0019-04-21	21	NA	NA	NA	NA	
0019-04-21	22	NA	NA	NA	NA	
0019-04-21	23	NA	NA	NA	NA	
0019-04-21	24	NA	NA	NA	NA	
0019-04-21	 1	NA	NA	NA	NA	
0019-04-21	 2	NA	NA	NA	NA	
0019-04-21	 3	NA	NA	NA	NA	
0019-04-21	 4	NA	NA	NA	NA	
0019-04-21	 5	NA	NA	NA	NA	
0019-04-21	 6	NA	NA	NA	NA	
0019-04-21	 7	NA	NA	NA	NA	
0019-04-21	 8	NA	NA	NA	NA	
0019-04-21	 9	NA	NA	NA	NA	
0019-04-21	10	NA	NA	NA	NA	
0019-04-21	11	NA	NA	NA	NA	
0019-04-21	12	NA	NA	NA	NA	
0019-04-21	13	NA	NA	NA	NA	
0019-04-21	14	NA	NA	NA	NA	
0019-04-21	15	NA	NA	NA	NA	
0019-04-21	16	NA	NA	NA	NA	
0019-04-21	17	NA	NA	NA	NA	
0019-04-21	18	NA	NA	NA	NA	
0019-04-21	19	NA	NA	NA	NA	
0019-04-21	20	NA	NA	NA	NA	
0019-04-21	21	NA	NA	NA	NA	
0019-04-21	22	NA	NA	NA	NA	
0019-04-21	23	NA	NA	NA	NA	
0019-04-21	24	NA	NA	NA	NA	
0019-07-01	 1	76	NA	NA	30.23	
0019-07-01	 2	76	NA	NA	30.21	
0019-07-01	 3	76	NA	NA	30.21	
0019-07-01	 4	76	NA	NA	30.22	
0019-07-01	 5	76	NA	NA	30.22	
0019-07-01	 6	76	NA	NA	30.22	
0019-07-01	 7	75	NA	NA	30.22	
0019-07-01	 8	76	NA	NA	30.24	
0019-07-01	 9	76	NA	NA	30.24	
0019-07-01	10	77	NA	NA	30.25	
0019-07-01	11	78	NA	NA	30.24	
0019-07-01	12	77	NA	NA	30.24	
0019-07-01	13	76	NA	NA	30.23	
0019-07-01	14	77	NA	NA	30.22	
0019-07-01	15	77	NA	NA	30.21	
0019-07-01	16	77	NA	NA	30.20	
0019-07-01	17	77	NA	NA	30.18	
0019-07-01	18	76	NA	NA	30.18	
0019-07-01	19	76	NA	NA	30.18	
0019-07-01	20	76	NA	NA	30.20	
0019-07-01	21	76	NA	NA	30.20	
0019-07-01	22	76	NA	NA	30.20	
0019-07-01	23	76	NA	NA	30.21	
0019-07-01	24	76	NA	NA	30.20	
0019-07-01	 1	NA	NA	NA	NA	
0019-07-01	 2	NA	NA	NA	NA	
0019-07-01	 3	NA	NA	NA	NA	
0019-07-01	 4	NA	NA	NA	NA	
0019-07-01	 5	NA	NA	NA	NA	
0019-07-01	 6	NA	NA	NA	NA	
0019-07-01	 7	NA	NA	NA	NA	
0019-07-01	 8	NA	NA	NA	NA	
0019-07-01	 9	NA	NA	NA	NA	
0019-07-01	10	NA	NA	NA	NA	
0019-07-01	11	NA	NA	NA	NA	
0019-07-01	12	NA	NA	NA	NA	
0019-07-01	13	NA	NA	NA	NA	
0019-07-01	14	NA	NA	NA	NA	
0019-07-01	15	NA	NA	NA	NA	
0019-07-01	16	NA	NA	NA	NA	
0019-07-01	17	NA	NA	NA	NA	
0019-07-01	18	NA	NA	NA	NA	
0019-07-01	19	NA	NA	NA	NA	
0019-07-01	20	NA	NA	NA	NA	
0019-07-01	21	NA	NA	NA	NA	
0019-07-01	22	NA	NA	NA	NA	
0019-07-01	23	NA	NA	NA	NA	
0019-07-01	24	NA	NA	NA	NA	
0019-07-07	 1	76	NA	NA	30.15	
0019-07-07	 2	76	NA	NA	30.14	
0019-07-07	 3	75	NA	NA	30.11	
0019-07-07	 4	74	NA	NA	30.12	
0019-07-07	 5	74	NA	NA	30.12	
0019-07-07	 6	74	NA	NA	30.12	
0019-07-07	 7	75	NA	NA	30.12	
0019-07-07	 8	77	NA	NA	30.12	
0019-07-07	 9	76	NA	NA	30.14	
0019-07-07	10	77	NA	NA	30.14	
0019-07-07	11	78	NA	NA	30.15	
0019-07-07	12	77	NA	NA	30.14	
0019-07-07	13	77	NA	NA	30.14	
0019-07-07	14	77	NA	NA	30.11	
0019-07-07	15	77	NA	NA	30.10	
0019-07-07	16	78	NA	NA	30.10	
0019-07-07	17	78	NA	NA	30.08	
0019-07-07	18	77	NA	NA	30.08	
0019-07-07	19	76	NA	NA	30.09	
0019-07-07	20	76	NA	NA	30.09	
0019-07-07	21	76	NA	NA	30.09	
0019-07-07	22	76	NA	NA	30.11	
0019-07-07	23	76	NA	NA	30.12	
0019-07-07	24	76	NA	NA	30.10	
0019-07-07	 1	NA	NA	NA	NA	
0019-07-07	 2	NA	NA	NA	NA	
0019-07-07	 3	NA	NA	NA	NA	
0019-07-07	 4	NA	NA	NA	NA	
0019-07-07	 5	NA	NA	NA	NA	
0019-07-07	 6	NA	NA	NA	NA	
0019-07-07	 7	NA	NA	NA	NA	
0019-07-07	 8	NA	NA	NA	NA	
0019-07-07	 9	NA	NA	NA	NA	
0019-07-07	10	NA	NA	NA	NA	
0019-07-07	11	NA	NA	NA	NA	
0019-07-07	12	NA	NA	NA	NA	
0019-07-07	13	NA	NA	NA	NA	
0019-07-07	14	NA	NA	NA	NA	
0019-07-07	15	NA	NA	NA	NA	
0019-07-07	16	NA	NA	NA	NA	
0019-07-07	17	NA	NA	NA	NA	
0019-07-07	18	NA	NA	NA	NA	
0019-07-07	19	NA	NA	NA	NA	
0019-07-07	20	NA	NA	NA	NA	
0019-07-07	21	NA	NA	NA	NA	
0019-07-07	22	NA	NA	NA	NA	
0019-07-07	23	NA	NA	NA	NA	
0019-07-07	24	NA	NA	NA	NA	
0019-07-09	 1	77	NA	NA	30.12	
0019-07-09	 2	77	NA	NA	30.11	
0019-07-09	 3	77	NA	NA	30.10	
0019-07-09	 4	76	NA	NA	30.10	
0019-07-09	 5	73	NA	NA	30.04	
0019-07-09	 6	76	NA	NA	30.06	
0019-07-09	 7	76	NA	NA	30.10	
0019-07-09	 8	77	NA	NA	30.10	
0019-07-09	 9	77	NA	NA	30.13	
0019-07-09	10	76	NA	NA	30.11	
0019-07-09	11	76	NA	NA	30.13	
0019-07-09	12	74	NA	NA	30.13	
0019-07-09	13	75	NA	NA	30.14	
0019-07-09	14	76	NA	NA	30.10	
0019-07-09	15	75	NA	NA	30.10	
0019-07-09	16	77	NA	NA	30.11	
0019-07-09	17	78	NA	NA	30.11	
0019-07-09	18	77	NA	NA	30.11	
0019-07-09	19	77	NA	NA	30.12	
0019-07-09	20	75	NA	NA	30.14	
0019-07-09	21	72	NA	NA	30.16	
0019-07-09	22	72	NA	NA	30.16	
0019-07-09	23	73	NA	NA	30.16	
0019-07-09	24	74	NA	NA	30.16	
0019-07-09	 1	NA	NA	NA	NA	
0019-07-09	 2	NA	NA	NA	NA	
0019-07-09	 3	NA	NA	NA	NA	
0019-07-09	 4	NA	NA	NA	NA	
0019-07-09	 5	NA	NA	NA	NA	
0019-07-09	 6	NA	NA	NA	NA	
0019-07-09	 7	NA	NA	NA	NA	
0019-07-09	 8	NA	NA	NA	NA	
0019-07-09	 9	NA	NA	NA	NA	
0019-07-09	10	NA	NA	NA	NA	
0019-07-09	11	NA	NA	NA	NA	
0019-07-09	12	NA	NA	NA	NA	
0019-07-09	13	NA	NA	NA	NA	
0019-07-09	14	NA	NA	NA	NA	
0019-07-09	15	NA	NA	NA	NA	
0019-07-09	16	NA	NA	NA	NA	
0019-07-09	17	NA	NA	NA	NA	
0019-07-09	18	NA	NA	NA	NA	
0019-07-09	19	NA	NA	NA	NA	
0019-07-09	20	NA	NA	NA	NA	
0019-07-09	21	NA	NA	NA	NA	
0019-07-09	22	NA	NA	NA	NA	
0019-07-09	23	NA	NA	NA	NA	
0019-07-09	24	NA	NA	NA	NA	
0019-01-02	 1	72	NA	NA	30.25	
0019-01-02	 2	72	NA	NA	30.24	
0019-01-02	 3	72	NA	NA	30.24	
0019-01-02	 4	72	NA	NA	30.23	
0019-01-02	 5	72	NA	NA	30.22	
0019-01-02	 6	71	NA	NA	30.23	
0019-01-02	 7	74	NA	NA	30.24	
0019-01-02	 8	76	NA	NA	30.25	
0019-01-02	 9	77	NA	NA	30.26	
0019-01-02	10	77	NA	NA	30.27	
0019-01-02	11	80	NA	NA	30.22	
0019-01-02	12	81	NA	NA	30.20	
0019-01-02	13	78	NA	NA	30.18	
0019-01-02	14	77	NA	NA	30.18	
0019-01-02	15	77	NA	NA	30.18	
0019-01-02	16	76	NA	NA	30.20	
0019-01-02	17	74	NA	NA	30.22	
0019-01-02	18	73	NA	NA	30.24	
0019-01-02	19	73	NA	NA	30.24	
0019-01-02	20	73	NA	NA	30.24	
0019-01-02	21	72	NA	NA	30.24	
0019-01-02	22	72	NA	NA	30.24	
0019-01-02	23	71	NA	NA	30.24	
0019-01-02	24	70	NA	NA	30.24	
0019-01-02	 1	NA	NA	NA	NA	
0019-01-02	 2	NA	NA	NA	NA	
0019-01-02	 3	NA	NA	NA	NA	
0019-01-02	 4	NA	NA	NA	NA	
0019-01-02	 5	NA	NA	NA	NA	
0019-01-02	 6	NA	NA	NA	NA	
0019-01-02	 7	NA	NA	NA	NA	
0019-01-02	 8	NA	NA	NA	NA	
0019-01-02	 9	NA	NA	NA	NA	
0019-01-02	10	NA	NA	NA	NA	
0019-01-02	11	NA	NA	NA	NA	
0019-01-02	12	NA	NA	NA	NA	
0019-01-02	13	NA	NA	NA	NA	
0019-01-02	14	NA	NA	NA	NA	
0019-01-02	15	NA	NA	NA	NA	
0019-01-02	16	NA	NA	NA	NA	
0019-01-02	17	NA	NA	NA	NA	
0019-01-02	18	NA	NA	NA	NA	
0019-01-02	19	NA	NA	NA	NA	
0019-01-02	20	NA	NA	NA	NA	
0019-01-02	21	NA	NA	NA	NA	
0019-01-02	22	NA	NA	NA	NA	
0019-01-02	23	NA	NA	NA	NA	
0019-01-02	24	NA	NA	NA	NA	
0019-05-02	 1	72	NA	NA	30.14	
0019-05-02	 2	NA	NA	NA	NA	
0019-05-02	 3	NA	NA	NA	NA	
0019-05-02	 4	71	NA	NA	30.14	
0019-05-02	 5	NA	NA	NA	NA	
0019-05-02	 6	NA	NA	NA	NA	
0019-05-02	 7	NA	NA	NA	NA	
0019-05-02	 8	75	NA	NA	30.18	
0019-05-02	 9	NA	NA	NA	NA	
0019-05-02	10	NA	NA	NA	NA	
0019-05-02	11	86	NA	NA	30.19	
0019-05-02	12	NA	NA	NA	NA	
0019-05-02	13	NA	NA	NA	NA	
0019-05-02	14	NA	NA	NA	NA	
0019-05-02	15	NA	NA	NA	NA	
0019-05-02	16	85	NA	NA	30.13	
0019-05-02	17	NA	NA	NA	NA	
0019-05-02	18	NA	NA	NA	NA	
0019-05-02	19	NA	NA	NA	NA	
0019-05-02	20	76	NA	NA	30.16	
0019-05-02	21	NA	NA	NA	NA	
0019-05-02	22	NA	NA	NA	NA	
0019-05-02	23	NA	NA	NA	NA	
0019-05-02	24	73	NA	NA	30.18	
0019-05-02	 1	NA	NA	NA	NA	
0019-05-02	 2	NA	NA	NA	NA	
0019-05-02	 3	NA	NA	NA	NA	
0019-05-02	 4	NA	NA	NA	NA	
0019-05-02	 5	NA	NA	NA	NA	
0019-05-02	 6	NA	NA	NA	NA	
0019-05-02	 7	NA	NA	NA	NA	
0019-05-02	 8	NA	NA	NA	NA	
0019-05-02	 9	NA	NA	NA	NA	
0019-05-02	10	NA	NA	NA	NA	
0019-05-02	11	NA	NA	NA	NA	
0019-05-02	12	NA	NA	NA	NA	
0019-05-02	13	NA	NA	NA	NA	
0019-05-02	14	NA	NA	NA	NA	
0019-05-02	15	NA	NA	NA	NA	
0019-05-02	16	NA	NA	NA	NA	
0019-05-02	17	NA	NA	NA	NA	
0019-05-02	18	NA	NA	NA	NA	
0019-05-02	19	NA	NA	NA	NA	
0019-05-02	20	NA	NA	NA	NA	
0019-05-02	21	NA	NA	NA	NA	
0019-05-02	22	NA	NA	NA	NA	
0019-05-02	23	NA	NA	NA	NA	
0019-05-02	24	NA	NA	NA	NA	
0019-07-26	 1	76	NA	NA	30.20	
0019-07-26	 2	76	NA	NA	30.20	
0019-07-26	 3	76	NA	NA	30.19	
0019-07-26	 4	76	NA	NA	30.19	
0019-07-26	 5	76	NA	NA	30.18	
0019-07-26	 6	76	NA	NA	30.18	
0019-07-26	 7	76	NA	NA	30.20	
0019-07-26	 8	77	NA	NA	30.21	
0019-07-26	 9	77	NA	NA	30.21	
0019-07-26	10	78	NA	NA	30.21	
0019-07-26	11	77	NA	NA	30.21	
0019-07-26	12	77	NA	NA	30.21	
0019-07-26	13	77	NA	NA	30.21	
0019-07-26	14	77	NA	NA	30.19	
0019-07-26	15	77	NA	NA	30.17	
0019-07-26	16	80	NA	NA	30.17	
0019-07-26	17	78	NA	NA	30.16	
0019-07-26	18	77	NA	NA	30.16	
0019-07-26	19	77	NA	NA	30.16	
0019-07-26	20	77	NA	NA	30.16	
0019-07-26	21	77	NA	NA	30.16	
0019-07-26	22	77	NA	NA	30.17	
0019-07-26	23	77	NA	NA	30.18	
0019-07-26	24	76	NA	NA	30.18	
0019-07-26	 1	NA	NA	NA	NA	
0019-07-26	 2	NA	NA	NA	NA	
0019-07-26	 3	NA	NA	NA	NA	
0019-07-26	 4	NA	NA	NA	NA	
0019-07-26	 5	NA	NA	NA	NA	
0019-07-26	 6	NA	NA	NA	NA	
0019-07-26	 7	NA	NA	NA	NA	
0019-07-26	 8	NA	NA	NA	NA	
0019-07-26	 9	NA	NA	NA	NA	
0019-07-26	10	NA	NA	NA	NA	
0019-07-26	11	NA	NA	NA	NA	
0019-07-26	12	NA	NA	NA	NA	
0019-07-26	13	NA	NA	NA	NA	
0019-07-26	14	NA	NA	NA	NA	
0019-07-26	15	NA	NA	NA	NA	
0019-07-26	16	NA	NA	NA	NA	
0019-07-26	17	NA	NA	NA	NA	
0019-07-26	18	NA	NA	NA	NA	
0019-07-26	19	NA	NA	NA	NA	
0019-07-26	20	NA	NA	NA	NA	
0019-07-26	21	NA	NA	NA	NA	
0019-07-26	22	NA	NA	NA	NA	
0019-07-26	23	NA	NA	NA	NA	
0019-07-26	24	NA	NA	NA	NA	
0019-08-28	 1	61	NA	NA	NA	
0019-08-28	 2	NA	NA	NA	NA	
0019-08-28	 3	NA	NA	NA	NA	
0019-08-28	 4	60	NA	NA	NA	
0019-08-28	 5	NA	NA	NA	NA	
0019-08-28	 6	NA	NA	NA	NA	
0019-08-28	 7	NA	NA	NA	NA	
0019-08-28	 8	63	NA	NA	NA	
0019-08-28	 9	NA	NA	NA	NA	
0019-08-28	10	NA	NA	NA	NA	
0019-08-28	11	NA	NA	NA	NA	
0019-08-28	12	68	NA	NA	NA	
0019-08-28	13	NA	NA	NA	NA	
0019-08-28	14	NA	NA	NA	NA	
0019-08-28	15	NA	NA	NA	NA	
0019-08-28	16	65	NA	NA	NA	
0019-08-28	17	NA	NA	NA	NA	
0019-08-28	18	NA	NA	NA	NA	
0019-08-28	19	NA	NA	NA	NA	
0019-08-28	20	61	NA	NA	NA	
0019-08-28	21	NA	NA	NA	NA	
0019-08-28	22	NA	NA	NA	NA	
0019-08-28	23	NA	NA	NA	NA	
0019-08-28	24	59	NA	NA	NA	
0019-08-28	 1	NA	NA	NA	NA	
0019-08-28	 2	NA	NA	NA	NA	
0019-08-28	 3	NA	NA	NA	NA	
0019-08-28	 4	NA	NA	NA	NA	
0019-08-28	 5	NA	NA	NA	NA	
0019-08-28	 6	NA	NA	NA	NA	
0019-08-28	 7	NA	NA	NA	NA	
0019-08-28	 8	NA	NA	NA	NA	
0019-08-28	 9	NA	NA	NA	NA	
0019-08-28	10	NA	NA	NA	NA	
0019-08-28	11	NA	NA	NA	NA	
0019-08-28	12	NA	NA	NA	NA	
0019-08-28	13	NA	NA	NA	NA	
0019-08-28	14	NA	NA	NA	NA	
0019-08-28	15	NA	NA	NA	NA	
0019-08-28	16	NA	NA	NA	NA	
0019-08-28	17	NA	NA	NA	NA	
0019-08-28	18	NA	NA	NA	NA	
0019-08-28	19	NA	NA	NA	NA	
0019-08-28	20	NA	NA	NA	NA	
0019-08-28	21	NA	NA	NA	NA	
0019-08-28	22	NA	NA	NA	NA	
0019-08-28	23	NA	NA	NA	NA	
0019-08-28	24	NA	NA	NA	NA	
0019-09-05	 1	57	NA	NA	29.81	
0019-09-05	 2	NA	NA	NA	NA	
0019-09-05	 3	NA	NA	NA	NA	
0019-09-05	 4	55	NA	NA	29.80	
0019-09-05	 5	NA	NA	NA	NA	
0019-09-05	 6	NA	NA	NA	NA	
0019-09-05	 7	NA	NA	NA	NA	
0019-09-05	 8	55	NA	NA	29.82	
0019-09-05	 9	NA	NA	NA	NA	
0019-09-05	10	NA	NA	NA	NA	
0019-09-05	11	NA	NA	NA	NA	
0019-09-05	12	66	NA	NA	29.82	
0019-09-05	13	NA	NA	NA	NA	
0019-09-05	14	NA	NA	NA	NA	
0019-09-05	15	NA	NA	NA	NA	
0019-09-05	16	67	NA	NA	29.81	
0019-09-05	17	NA	NA	NA	NA	
0019-09-05	18	NA	NA	NA	NA	
0019-09-05	19	NA	NA	NA	NA	
0019-09-05	20	61	NA	NA	29.80	
0019-09-05	21	NA	NA	NA	NA	
0019-09-05	22	NA	NA	NA	NA	
0019-09-05	23	NA	NA	NA	NA	
0019-09-05	24	60	NA	NA	29.83	
0019-09-05	 1	NA	NA	NA	NA	
0019-09-05	 2	NA	NA	NA	NA	
0019-09-05	 3	NA	NA	NA	NA	
0019-09-05	 4	NA	NA	NA	NA	
0019-09-05	 5	NA	NA	NA	NA	
0019-09-05	 6	NA	NA	NA	NA	
0019-09-05	 7	NA	NA	NA	NA	
0019-09-05	 8	NA	NA	NA	NA	
0019-09-05	 9	NA	NA	NA	NA	
0019-09-05	10	NA	NA	NA	NA	
0019-09-05	11	NA	NA	NA	NA	
0019-09-05	12	NA	NA	NA	NA	
0019-09-05	13	NA	NA	NA	NA	
0019-09-05	14	NA	NA	NA	NA	
0019-09-05	15	NA	NA	NA	NA	
0019-09-05	16	NA	NA	NA	NA	
0019-09-05	17	NA	NA	NA	NA	
0019-09-05	18	NA	NA	NA	NA	
0019-09-05	19	NA	NA	NA	NA	
0019-09-05	20	NA	NA	NA	NA	
0019-09-05	21	NA	NA	NA	NA	
0019-09-05	22	NA	NA	NA	NA	
0019-09-05	23	NA	NA	NA	NA	
0019-09-05	24	NA	NA	NA	NA	
0019-09-17	 1	62	NA	NA	29.96	
0019-09-17	 2	NA	NA	NA	NA	
0019-09-17	 3	NA	NA	NA	NA	
0019-09-17	 4	62	NA	NA	29.97	
0019-09-17	 5	NA	NA	NA	NA	
0019-09-17	 6	NA	NA	NA	NA	
0019-09-17	 7	NA	NA	NA	NA	
0019-09-17	 8	62	NA	NA	30.00	
0019-09-17	 9	NA	NA	NA	NA	
0019-09-17	10	NA	NA	NA	NA	
0019-09-17	11	NA	NA	NA	NA	
0019-09-17	12	65	NA	NA	29.98	
0019-09-17	13	NA	NA	NA	NA	
0019-09-17	14	NA	NA	NA	NA	
0019-09-17	15	NA	NA	NA	NA	
0019-09-17	16	65	NA	NA	29.86	
0019-09-17	17	NA	NA	NA	NA	
0019-09-17	18	NA	NA	NA	NA	
0019-09-17	19	NA	NA	NA	NA	
0019-09-17	20	62	NA	NA	29.84	
0019-09-17	21	NA	NA	NA	NA	
0019-09-17	22	NA	NA	NA	NA	
0019-09-17	23	NA	NA	NA	NA	
0019-09-17	24	60	NA	NA	29.84	
0019-09-17	 1	NA	NA	NA	NA	
0019-09-17	 2	NA	NA	NA	NA	
0019-09-17	 3	NA	NA	NA	NA	
0019-09-17	 4	NA	NA	NA	NA	
0019-09-17	 5	NA	NA	NA	NA	
0019-09-17	 6	NA	NA	NA	NA	
0019-09-17	 7	NA	NA	NA	NA	
0019-09-17	 8	NA	NA	NA	NA	
0019-09-17	 9	NA	NA	NA	NA	
0019-09-17	10	NA	NA	NA	NA	
0019-09-17	11	NA	NA	NA	NA	
0019-09-17	12	NA	NA	NA	NA	
0019-09-17	13	NA	NA	NA	NA	
0019-09-17	14	NA	NA	NA	NA	
0019-09-17	15	NA	NA	NA	NA	
0019-09-17	16	NA	NA	NA	NA	
0019-09-17	17	NA	NA	NA	NA	
0019-09-17	18	NA	NA	NA	NA	
0019-09-17	19	NA	NA	NA	NA	
0019-09-17	20	NA	NA	NA	NA	
0019-09-17	21	NA	NA	NA	NA	
0019-09-17	22	NA	NA	NA	NA	
0019-09-17	23	NA	NA	NA	NA	
0019-09-17	24	NA	NA	NA	NA	
0019-11-17	 1	NA	NA	NA	NA	
0019-11-17	 2	NA	NA	NA	NA	
0019-11-17	 3	NA	NA	NA	NA	
0019-11-17	 4	68	NA	NA	30.00	
0019-11-17	 5	NA	NA	NA	NA	
0019-11-17	 6	NA	NA	NA	NA	
0019-11-17	 7	NA	NA	NA	NA	
0019-11-17	 8	67	NA	NA	30.00	
0019-11-17	 9	NA	NA	NA	NA	
0019-11-17	10	NA	NA	NA	NA	
0019-11-17	11	NA	NA	NA	NA	
0019-11-17	12	67	NA	NA	30.01	
0019-11-17	13	NA	NA	NA	NA	
0019-11-17	14	NA	NA	NA	NA	
0019-11-17	15	NA	NA	NA	NA	
0019-11-17	16	73	NA	NA	29.93	
0019-11-17	17	NA	NA	NA	NA	
0019-11-17	18	NA	NA	NA	NA	
0019-11-17	19	NA	NA	NA	NA	
0019-11-17	20	64	NA	NA	29.95	
0019-11-17	21	NA	NA	NA	NA	
0019-11-17	22	NA	NA	NA	NA	
0019-11-17	23	NA	NA	NA	NA	
0019-11-17	24	59	NA	NA	29.99	
0019-11-17	 1	NA	NA	NA	NA	
0019-11-17	 2	NA	NA	NA	NA	
0019-11-17	 3	NA	NA	NA	NA	
0019-11-17	 4	NA	NA	NA	NA	
0019-11-17	 5	NA	NA	NA	NA	
0019-11-17	 6	NA	NA	NA	NA	
0019-11-17	 7	NA	NA	NA	NA	
0019-11-17	 8	NA	NA	NA	NA	
0019-11-17	 9	NA	NA	NA	NA	
0019-11-17	10	NA	NA	NA	NA	
0019-11-17	11	NA	NA	NA	NA	
0019-11-17	12	NA	NA	NA	NA	
0019-11-17	13	NA	NA	NA	NA	
0019-11-17	14	NA	NA	NA	NA	
0019-11-17	15	NA	NA	NA	NA	
0019-11-17	16	NA	NA	NA	NA	
0019-11-17	17	NA	NA	NA	NA	
0019-11-17	18	NA	NA	NA	NA	
0019-11-17	19	NA	NA	NA	NA	
0019-11-17	20	NA	NA	NA	NA	
0019-11-17	21	NA	NA	NA	NA	
0019-11-17	22	NA	NA	NA	NA	
0019-11-17	23	NA	NA	NA	NA	
0019-11-17	24	NA	NA	NA	NA	
0019-02-28	 1	51	NA	NA	29.92	
0019-02-28	 2	NA	NA	NA	NA	
0019-02-28	 3	NA	NA	NA	NA	
0019-02-28	 4	51	NA	NA	29.88	
0019-02-28	 5	NA	NA	NA	NA	
0019-02-28	 6	NA	NA	NA	NA	
0019-02-28	 7	NA	NA	NA	NA	
0019-02-28	 8	50	NA	NA	29.91	
0019-02-28	 9	NA	NA	NA	NA	
0019-02-28	10	NA	NA	NA	NA	
0019-02-28	11	NA	NA	NA	NA	
0019-02-28	12	51	NA	NA	29.90	
0019-02-28	13	NA	NA	NA	NA	
0019-02-28	14	NA	NA	NA	NA	
0019-02-28	15	NA	NA	NA	NA	
0019-02-28	16	51	NA	NA	29.88	
0019-02-28	17	NA	NA	NA	NA	
0019-02-28	18	NA	NA	NA	NA	
0019-02-28	19	NA	NA	NA	NA	
0019-02-28	20	50	NA	NA	29.90	
0019-02-28	21	NA	NA	NA	NA	
0019-02-28	22	NA	NA	NA	NA	
0019-02-28	23	NA	NA	NA	NA	
0019-02-28	24	51	NA	NA	29.91	
0019-02-28	 1	NA	NA	NA	NA	
0019-02-28	 2	NA	NA	NA	NA	
0019-02-28	 3	NA	NA	NA	NA	
0019-02-28	 4	NA	NA	NA	NA	
0019-02-28	 5	NA	NA	NA	NA	
0019-02-28	 6	NA	NA	NA	NA	
0019-02-28	 7	NA	NA	NA	NA	
0019-02-28	 8	NA	NA	NA	NA	
0019-02-28	 9	NA	NA	NA	NA	
0019-02-28	10	NA	NA	NA	NA	
0019-02-28	11	NA	NA	NA	NA	
0019-02-28	12	NA	NA	NA	NA	
0019-02-28	13	NA	NA	NA	NA	
0019-02-28	14	NA	NA	NA	NA	
0019-02-28	15	NA	NA	NA	NA	
0019-02-28	16	NA	NA	NA	NA	
0019-02-28	17	NA	NA	NA	NA	
0019-02-28	18	NA	NA	NA	NA	
0019-02-28	19	NA	NA	NA	NA	
0019-02-28	20	NA	NA	NA	NA	
0019-02-28	21	NA	NA	NA	NA	
0019-02-28	22	NA	NA	NA	NA	
0019-02-28	23	NA	NA	NA	NA	
0019-02-28	24	NA	NA	NA	NA	
0019-08-17	 1	60	NA	NA	29.85	
0019-08-17	 2	60	NA	NA	29.83	
0019-08-17	 3	60	NA	NA	29.83	
0019-08-17	 4	60	NA	NA	29.83	
0019-08-17	 5	60	NA	NA	29.84	
0019-08-17	 6	58	NA	NA	29.84	
0019-08-17	 7	58	NA	NA	29.86	
0019-08-17	 8	59	NA	NA	29.87	
0019-08-17	 9	58	NA	NA	29.86	
0019-08-17	10	58	NA	NA	29.85	
0019-08-17	11	59	NA	NA	.85	
0019-08-17	12	59	NA	NA	29.85	
0019-08-17	13	60	NA	NA	29.86	
0019-08-17	14	62	NA	NA	29.85	
0019-08-17	15	63	NA	NA	29.84	
0019-08-17	16	63	NA	NA	29.82	
0019-08-17	17	62	NA	NA	29.80	
0019-08-17	18	60	NA	NA	29.79	
0019-08-17	19	59	NA	NA	29.78	
0019-08-17	20	60	NA	NA	29.78	
0019-08-17	21	60	NA	NA	29.76	
0019-08-17	22	60	NA	NA	29.76	
0019-08-17	23	60	NA	NA	29.76	
0019-08-17	24	60	NA	NA	29.78	
0019-08-17	 1	NA	NA	NA	NA	
0019-08-17	 2	NA	NA	NA	NA	
0019-08-17	 3	NA	NA	NA	NA	
0019-08-17	 4	NA	NA	NA	NA	
0019-08-17	 5	NA	NA	NA	NA	
0019-08-17	 6	NA	NA	NA	NA	
0019-08-17	 7	NA	NA	NA	NA	
0019-08-17	 8	NA	NA	NA	NA	
0019-08-17	 9	NA	NA	NA	NA	
0019-08-17	10	NA	NA	NA	NA	
0019-08-17	11	NA	NA	NA	NA	
0019-08-17	12	NA	NA	NA	NA	
0019-08-17	13	NA	NA	NA	NA	
0019-08-17	14	NA	NA	NA	NA	
0019-08-17	15	NA	NA	NA	NA	
0019-08-17	16	NA	NA	NA	NA	
0019-08-17	17	NA	NA	NA	NA	
0019-08-17	18	NA	NA	NA	NA	
0019-08-17	19	NA	NA	NA	NA	
0019-08-17	20	NA	NA	NA	NA	
0019-08-17	21	NA	NA	NA	NA	
0019-08-17	22	NA	NA	NA	NA	
0019-08-17	23	NA	NA	NA	NA	
0019-08-17	24	NA	NA	NA	NA	
