0192-09-05	 1	NA	NA	NA	NA	
0192-09-05	 2	NA	NA	NA	NA	
0192-09-05	 3	NA	NA	NA	NA	
0192-09-05	 4	50	50	NA	30.11	
0192-09-05	 5	NA	NA	NA	NA	
0192-09-05	 6	NA	NA	NA	NA	
0192-09-05	 7	NA	NA	NA	NA	
0192-09-05	 8	50	50	NA	30.14	
0192-09-05	 9	NA	NA	NA	NA	
0192-09-05	10	NA	NA	NA	NA	
0192-09-05	11	NA	NA	NA	NA	
0192-09-05	12	54	54	NA	30.15	
0192-09-05	13	NA	NA	NA	NA	
0192-09-05	14	NA	NA	NA	NA	
0192-09-05	15	NA	NA	NA	NA	
0192-09-05	16	54	54	NA	30.15	
0192-09-05	17	NA	NA	NA	NA	
0192-09-05	18	NA	NA	NA	NA	
0192-09-05	19	NA	NA	NA	NA	
0192-09-05	20	54	54	NA	30.18	
0192-09-05	21	NA	NA	NA	NA	
0192-09-05	22	NA	NA	NA	NA	
0192-09-05	23	NA	NA	NA	NA	
0192-09-05	24	51	50	NA	30.13	
0192-09-05	 1	NA	NA	NA	NA	
0192-09-05	 2	NA	NA	NA	NA	
0192-09-05	 3	NA	NA	NA	NA	
0192-09-05	 4	NA	NA	NA	NA	
0192-09-05	 5	NA	NA	NA	NA	
0192-09-05	 6	NA	NA	NA	NA	
0192-09-05	 7	NA	NA	NA	NA	
0192-09-05	 8	NA	NA	NA	NA	
0192-09-05	 9	NA	NA	NA	NA	
0192-09-05	10	NA	NA	NA	NA	
0192-09-05	11	NA	NA	NA	NA	
0192-09-05	12	NA	NA	NA	NA	
0192-09-05	13	NA	NA	NA	NA	
0192-09-05	14	NA	NA	NA	NA	
0192-09-05	15	NA	NA	NA	NA	
0192-09-05	16	NA	NA	NA	NA	
0192-09-05	17	NA	NA	NA	NA	
0192-09-05	18	NA	NA	NA	NA	
0192-09-05	19	NA	NA	NA	NA	
0192-09-05	20	NA	NA	NA	NA	
0192-09-05	21	NA	NA	NA	NA	
0192-09-05	22	NA	NA	NA	NA	
0192-09-05	23	NA	NA	NA	NA	
0192-09-05	24	NA	NA	NA	NA	
