2923-24-06	 1	NA	NA	NA	NA	
2923-24-06	 2	NA	NA	NA	NA	
2923-24-06	 3	NA	NA	NA	NA	
2923-24-06	 4	NA	NA	NA	NA	
2923-24-06	 5	NA	NA	NA	NA	
2923-24-06	 6	NA	NA	NA	NA	
2923-24-06	 7	NA	NA	NA	NA	
2923-24-06	 8	NA	NA	NA	NA	
2923-24-06	 9	NA	NA	NA	NA	
2923-24-06	10	NA	NA	NA	NA	
2923-24-06	11	NA	NA	NA	NA	
2923-24-06	12	NA	NA	NA	NA	
2923-24-06	13	NA	NA	NA	NA	
2923-24-06	14	NA	NA	NA	NA	
2923-24-06	15	NA	NA	NA	NA	
2923-24-06	16	NA	NA	NA	NA	
2923-24-06	17	NA	NA	NA	NA	
2923-24-06	18	NA	NA	NA	NA	
2923-24-06	19	NA	NA	NA	NA	
2923-24-06	20	NA	NA	NA	NA	
2923-24-06	21	NA	NA	NA	NA	
2923-24-06	22	NA	NA	NA	NA	
2923-24-06	23	NA	NA	NA	NA	
2923-24-06	24	NA	NA	NA	NA	
