  26/05/1888	   38 02 N	  123 11 W	      NA	      NA	      NA
  27/05/1888	   38 40 N	  124 44 W	      NA	      NA	      NA
  28/05/1888	   39 47 N	  127 45 W	      NA	      NA	      NA
  29/05/1888	   41 20 N	  131 35 W	      NA	      NA	      NA
  30/05/1888	   42 58 N	  135 15 W	      NA	      NA	      NA
  31/05/1888	   45 20 N	  139 01 W	      NA	      NA	      NA
  01/06/1888	   47 06 N	  143 15 W	      NA	      NA	      NA
  02/06/1888	   48 36 N	  147 04 W	      NA	      NA	      NA
  03/06/1888	   49 47 N	  151 31 W	      NA	      NA	      NA
  04/06/1888	   51 27 N	  155 58 W	      NA	      NA	      NA
  05/06/1888	   52 55 N	  161 39 W	      NA	      NA	      NA
  06/06/1888	        NA	        NA	      53.9	    -166.5	         ounalaska harbor	             unalaska bay	
  06/06/1888	        NA	        NA	        NA	        NA	                   at sea	                       NA	
  07/06/1888	        NA	        NA	        NA	        NA	               ounalashka	                       NA	
  07/06/1888	        NA	        NA	      53.9	    -166.5	            ounalaska a i	             unalaska bay	
  08/06/1888	        NA	        NA	        NA	        NA	               ounalashka	                       NA	
  08/06/1888	        NA	        NA	      53.9	    -166.5	            ounalaska a i	             unalaska bay	
  09/06/1888	        NA	        NA	        NA	        NA	               ounalashka	                       NA	
  09/06/1888	        NA	        NA	      53.9	    -166.5	             ounalaska at	             unalaska bay	
  10/06/1888	        NA	        NA	        NA	        NA	               ounalashka	                       NA	
  10/06/1888	        NA	        NA	      53.9	    -166.5	            ounalaska a i	             unalaska bay	
  11/06/1888	        NA	        NA	        NA	        NA	               ounalashka	                       NA	
  11/06/1888	        NA	        NA	      53.9	    -166.5	             ounalaska at	             unalaska bay	
  12/06/1888	        NA	        NA	      53.9	    -166.5	unalaska alaska ounalashka	             unalaska bay	
  12/06/1888	        NA	        NA	      53.9	    -166.5	         ounalaska alaska	             unalaska bay	
  12/06/1888	        NA	        NA	        NA	        NA	                       NA	                       NA	
  12/06/1888	        NA	        NA	        NA	        NA	                       NA	                       NA	
  12/06/1888	        NA	        NA	      53.9	    -166.5	            ounalaska a i	             unalaska bay	
  13/06/1888	   55 41 N	  168 31 W	      NA	      NA	      NA
  14/06/1888	        NA	        NA	      56.6	    -169.6	     off st george island	         st george island	
  15/06/1888	        NA	        NA	      56.6	    -169.6	         st george island	         st george island	
  16/06/1888	        NA	        NA	      56.6	    -169.8	             delnor point	             dalnoi point	
  16/06/1888	        NA	        NA	      57.1	    -170.3	           st paul island	           st paul island	
  17/06/1888	        NA	        NA	      57.1	    -170.3	           st paul island	           st paul island	
  17/06/1888	        NA	        NA	      57.1	    -170.3	          st pauls island	           st paul island	
  18/06/1888	        NA	        NA	      57.1	    -170.3	           st paul island	           st paul island	
  18/06/1888	        NA	        NA	      57.1	    -170.3	          st pauls island	           st paul island	
  19/06/1888	        NA	        NA	      57.1	    -170.3	           st paul island	           st paul island	
  19/06/1888	        NA	        NA	      57.1	    -170.3	          st pauls island	           st paul island	
  20/06/1888	   55 32 N	  168 31 W	      NA	      NA	      NA
  21/06/1888	   54 05 N	  166 15 W	      NA	      NA	      NA
  22/06/1888	        NA	        NA	      53.9	     -166.5	ounalashka alaska unalaska	                       NA	
  22/06/1888	        NA	        NA	        NA	        NA	                ounalaska	                       NA	
  23/06/1888	        NA	        NA	        NA	        NA	ounalashka alaska unalaska	                       NA	
  23/06/1888	        NA	        NA	        NA	        NA	                ounalaska	                       NA	
  24/06/1888	        NA	        NA	        NA	        NA	ounalashka alaska unalaska	                       NA	
  24/06/1888	        NA	        NA	        NA	        NA	                ounalaska	                       NA	
  25/06/1888	        NA	        NA	        NA	        NA	ounalashka alaska unalaska	                       NA	
  25/06/1888	        NA	        NA	        NA	        NA	                ounalaska	                       NA	
  26/06/1888	        NA	        NA	        NA	        NA	               ounalashka	                       NA	
  26/06/1888	        NA	        NA	        NA	        NA	                ounalaska	                       NA	
  27/06/1888	        NA	        NA	        NA	        NA	               ounalashka	                       NA	
  27/06/1888	        NA	        NA	        NA	        NA	                ounalaska	                       NA	
  28/06/1888	        NA	        NA	        NA	        NA	                 unalaska	                       NA	
  28/06/1888	        NA	        NA	        NA	        NA	                ounalaska	                       NA	
  29/06/1888	        NA	        NA	        NA	        NA	                       NA	                       NA	
  29/06/1888	        NA	        NA	        NA	        NA	                   at sea	                       NA	
  30/06/1888	        NA	        NA	        NA	        NA	               ounalashka	                       NA	
  30/06/1888	        NA	        NA	        NA	        NA	                ounalaska	                       NA	
  01/07/1888	        NA	        NA	        NA	        NA	                 unalaska	                       NA	
  01/07/1888	        NA	        NA	        NA	        NA	                ounalaska	                       NA	
  02/07/1888	        NA	        NA	        NA	        NA	        ounalashka alaska	                       NA	
  02/07/1888	        NA	        NA	        NA	        NA	                ounalaska	                       NA	
  03/07/1888	        NA	        NA	        NA	        NA	               ounalashka	                       NA	
  03/07/1888	        NA	        NA	        NA	        NA	                ounalaska	                       NA	
  04/07/1888	        NA	        NA	        NA	        NA	               ounalashka	                       NA	
  04/07/1888	        NA	        NA	      53.9	      -166.5	                ounalaska	                       NA	
  05/07/1888	   54 41 N	  167 14 W	      NA	      NA	      NA
  06/07/1888	        NA	        NA	      56.6	    -169.6	off village st george island	         st george island	
  06/07/1888	        NA	        NA	      56.6	    -169.6	                   at sea	         st george island	
  07/07/1888	        NA	        NA	      57.1	    -170.3	           st paul island	           st paul island	
  07/07/1888	        NA	        NA	      56.6	    -169.6	         st george island	         st george island	
  08/07/1888	        NA	        NA	        NA	        NA	                       NA	                       NA	
  08/07/1888	        NA	        NA	      57.1	    -170.3	           st paul island	           st paul island	
  09/07/1888	        NA	        NA	      56.6	    -169.6	         st george island	         st george island	
  10/07/1888	   55 06 N	  167 45 W	      NA	      NA	      NA
  11/07/1888	        NA	        NA	       53.9	       -166.5	                ounalaska	                       NA	
  12/07/1888	        NA	        NA	        NA	        NA	                       NA	                       NA	
  12/07/1888	        NA	        NA	        NA	        NA	                ounalaska	                       NA	
  13/07/1888	        NA	        NA	        NA	        NA	                       NA	                       NA	
  13/07/1888	        NA	        NA	        NA	        NA	                ounalaska	                       NA	
  14/07/1888	        NA	        NA	        NA	        NA	               ounalashka	                       NA	
  14/07/1888	        NA	        NA	        NA	        NA	                ounalaska	                       NA	
  15/07/1888	        NA	        NA	        NA	        NA	               ounalashka	                       NA	
  15/07/1888	        NA	        NA	        NA	        NA	                ounalaska	                       NA	
  16/07/1888	        NA	        NA	        NA	        NA	               ounalashka	                       NA	
  16/07/1888	        NA	        NA	        NA	        NA	                ounalaska	                       NA	
  17/07/1888	        NA	        NA	        NA	        NA	               ounalashka	                       NA	
  17/07/1888	        NA	        NA	       53.9	    -166.5	                ounalaska	                       NA	
  18/07/1888	   55 55 N	  168 38 W	      NA	      NA	      NA
  19/07/1888	        NA	        NA	      56.6	    -169.6	  at anchor off st george	                st george	
  20/07/1888	        NA	        NA	      57.1	    -170.3	at anchor off st pauls island	           st paul island	
  21/07/1888	   57 38 N	  170 40 W	      NA	      NA	      NA
  22/07/1888	   58 47 N	  171 17 W	      NA	      NA	      NA
  23/07/1888	   60 37 N	  171 18 W	      NA	      NA	      NA
  24/07/1888	   62 58 N	  171 49 W	      NA	      NA	      NA
  25/07/1888	   64 02 N	  171 30 W	      NA	      NA	      NA
  26/07/1888	        NA	        NA	      65.7	    -171.1	south head st lawrence bay ene 4	          st lawrence bay	
  27/07/1888	   66 20 N	  167 55 W	      NA	      NA	      NA
  28/07/1888	        NA	        NA	        NA	        NA	                       NA	                       NA	
  28/07/1888	        NA	        NA	      66.5	    -162.8	           kotzebue sound	           kotzebue sound	
  29/07/1888	   66 58 N	  163 17 W	      NA	      NA	      NA
  30/07/1888	   67 49 N	  165 46 W	      NA	      NA	      NA
  31/07/1888	   68 38 N	  166 12 W	      NA	      NA	      NA
  01/08/1888	   69 21 N	  165 27 W	      NA	      NA	      NA
  02/08/1888	   70 55 N	  162 24 W	      NA	      NA	      NA
  03/08/1888	        NA	        NA	      70.8	    -159.7	            point belcher	            point belcher	
  03/08/1888	        NA	        NA	        NA	        NA	             arctic ocean	                       NA	
  04/08/1888	        NA	        NA	      70.9	    -158.7	         sea horse island	         seahorse islands	
  04/08/1888	        NA	        NA	      70.9	    -158.7	     off sea horse island	         seahorse islands	
  05/08/1888	        NA	        NA	      71.4	    -156.5	             point barrow	             point barrow	
  05/08/1888	        NA	        NA	        NA	        NA	             arctic ocean	                       NA	
  06/08/1888	        NA	        NA	        NA	        NA	                       NA	                       NA	
  06/08/1888	        NA	        NA	      71.4	    -156.5	             point barrow	             point barrow	
  07/08/1888	        NA	        NA	        NA	        NA	                       NA	                       NA	
  07/08/1888	        NA	        NA	      71.4	    -156.5	             point barrow	             point barrow	
  08/08/1888	        NA	        NA	      71.4	    -156.5	             point barrow	             point barrow	
  08/08/1888	        NA	        NA	        NA	        NA	             arctic ocean	                       NA	
  09/08/1888	   70 54 N	  158 55 W	      NA	      NA	      NA
  10/08/1888	        NA	        NA	      71.3	    -156.5	 point barrow  cape smyth	             point barrow	
  10/08/1888	        NA	        NA	      70.8	    -159.7	            point belcher	            point belcher	
  11/08/1888	   71 07 N	  158 06 W	      NA	      NA	      NA
  12/08/1888	   70 22 N	  163 29 W	      NA	      NA	      NA
  13/08/1888	   69 09 N	  165 50 W	      NA	      NA	      NA
  14/08/1888	   67 01 N	  168 20 W	      NA	      NA	      NA
  15/08/1888	   65 21 N	  169 56 W	      NA	      NA	      NA
  16/08/1888	        NA	        NA	        NA	        NA	                       NA	                       NA	
  17/08/1888	   62 26 N	  172 54 W	      NA	      NA	      NA
  18/08/1888	   59 51 N	  171 41 W	      NA	      NA	      NA
  19/08/1888	   57 01 N	  169 19 W	      NA	      NA	      NA
  20/08/1888	   54 32 N	  167 08 W	      NA	      NA	      NA
  21/08/1888	        NA	        NA	        NA	        NA	               ounalashka	                       NA	
  21/08/1888	        NA	        NA	        NA	        NA	                ounalaska	                       NA	
  22/08/1888	        NA	        NA	        NA	        NA	        ounalashka alaska	                       NA	
  22/08/1888	        NA	        NA	        NA	        NA	                ounalaska	                       NA	
  23/08/1888	        NA	        NA	        NA	        NA	        ounalashka alaska	                       NA	
  23/08/1888	        NA	        NA	        NA	        NA	                ounalaska	                       NA	
  24/08/1888	        NA	        NA	        NA	        NA	        ounalashka alaska	                       NA	
  24/08/1888	        NA	        NA	        NA	        NA	                ounalaska	                       NA	
  25/08/1888	   53 58 N	  165 52 W	      NA	      NA	      NA
  26/08/1888	   52 50 N	  162 03 W	      NA	      NA	      NA
  27/08/1888	   51 29 N	  157 30 W	      NA	      NA	      NA
  28/08/1888	   49 58 N	  152 44 W	      NA	      NA	      NA
  29/08/1888	   48 36 N	  148 12 W	      NA	      NA	      NA
  30/08/1888	   46 58 N	  144 33 W	      NA	      NA	      NA
  31/08/1888	   45 43 N	  141 41 W	      NA	      NA	      NA
  01/09/1888	   44 21 N	  138 18 W	      NA	      NA	      NA
  02/09/1888	   43 09 N	  134 39 W	      NA	      NA	      NA
  03/09/1888	   41 34 N	  131 10 W	      NA	      NA	      NA
  04/09/1888	   39 57 N	  127 28 W	      NA	      NA	      NA
  05/09/1888	   38 13 N	  123 30 W	      NA	      NA	      NA
  06/09/1888	        NA	        NA	        NA	        NA	                       NA	                       NA	
  06/09/1888	        NA	        NA	        NA	        NA	                   at sea	                       NA	
  06/09/1888	        NA	        NA	        NA	        NA	                       NA	                       NA	
  06/09/1888	        NA	        NA	        NA	        NA	                       NA	                       NA	
  06/09/1888	        NA	        NA	        NA	        NA	                       NA	                       NA	
  06/09/1888	        NA	        NA	        NA	        NA	                       NA	                       NA	
  06/09/1888	        NA	        NA	        NA	        NA	                       NA	                       NA	
  06/09/1888	        NA	        NA	        NA	        NA	                       NA	                       NA	
  06/09/1888	        NA	        NA	        NA	        NA	                       NA	                       NA	
  06/09/1888	        NA	        NA	        NA	        NA	                       NA	                       NA	
  06/09/1888	        NA	        NA	        NA	        NA	                       NA	                       NA	
  06/09/1888	        NA	        NA	        NA	        NA	                       NA	                       NA	
  06/09/1888	        NA	        NA	        NA	        NA	                       NA	                       NA	
  06/09/1888	        NA	        NA	        NA	        NA	                       NA	                       NA	
