  03/05/1890	        NA	        NA	      37.8	    -122.4	        san francisco cal	        san francisco bay	
  04/05/1890	   40 20 N	  124 20 W	      NA	      NA	      NA
  05/05/1890	   43 21 N	  124 49 W	      NA	      NA	      NA
  06/05/1890	   46 12 N	  124 26 W	      NA	      NA	      NA
  07/05/1890	   48 36 N	  124 50 W	      NA	      NA	      NA
  08/05/1890	        NA	        NA	      47.6	    -122.3	       seattle washington	                  seattle	
  08/05/1890	        NA	        NA	        NA	        NA	                   at sea	                       NA	
  09/05/1890	        NA	        NA	      47.6	    -122.3	       seattle washington	                  seattle	
  09/05/1890	        NA	        NA	      47.6	    -122.3	       seattle washington	                  seattle	
  10/05/1890	        NA	        NA	      47.6	    -122.3	       seattle washington	                  seattle	
  10/05/1890	        NA	        NA	      47.6	    -122.3	       seattle washington	                  seattle	
  11/05/1890	        NA	        NA	      47.6	    -122.3	       seattle washington	                  seattle	
  11/05/1890	        NA	        NA	      47.6	    -122.3	       seattle washington	                  seattle	
  12/05/1890	        NA	        NA	      47.6	    -122.3	       seattle washington	                  seattle	
  12/05/1890	        NA	        NA	      47.6	    -122.3	       seattle washington	                  seattle	
  13/05/1890	        NA	        NA	      47.6	    -122.3	       seattle washington	                  seattle	
  13/05/1890	        NA	        NA	      47.6	    -122.3	       seattle washington	                  seattle	
  14/05/1890	        NA	        NA	      47.6	    -122.3	       seattle washington	                  seattle	
  14/05/1890	        NA	        NA	      47.6	    -122.3	       seattle washington	                  seattle	
  15/05/1890	        NA	        NA	      47.6	    -122.3	       seattle washington	                  seattle	
  15/05/1890	        NA	        NA	      47.6	    -122.3	       seattle washington	                  seattle	
  16/05/1890	        NA	        NA	      47.6	    -122.3	       seattle washington	                  seattle	
  16/05/1890	        NA	        NA	      47.6	    -122.3	       seattle washington	                  seattle	
  17/05/1890	        NA	        NA	      47.6	    -122.3	       seattle washington	                  seattle	
  17/05/1890	        NA	        NA	      47.6	    -122.3	       seattle washington	                  seattle	
  17/05/1890	        NA	        NA	      47.6	    -122.3	       seattle washington	                  seattle	
  17/05/1890	        NA	        NA	      47.6	    -122.3	       seattle washington	                  seattle	
  18/05/1890	        NA	        NA	      47.6	    -122.3	       seattle washington	                  seattle	
  18/05/1890	        NA	        NA	      47.6	    -122.3	       seattle washington	                  seattle	
  19/05/1890	        NA	        NA	      47.6	    -122.3	       seattle washington	                  seattle	
  19/05/1890	        NA	        NA	      47.6	    -122.3	       seattle washington	                  seattle	
  20/05/1890	        NA	        NA	      47.6	    -122.3	       seattle washington	                  seattle	
  20/05/1890	        NA	        NA	      47.6	    -122.3	       seattle washington	                  seattle	
  21/05/1890	        NA	        NA	      47.6	    -122.3	       seattle washington	                  seattle	
  21/05/1890	        NA	        NA	      47.6	    -122.3	       seattle washington	                  seattle	
  23/05/1890	        NA	        NA	      47.6	    -122.3	       seattle washington	                  seattle	
  22/05/1890	        NA	        NA	      47.6	    -122.3	       seattle washington	                  seattle	
  23/05/1890	        NA	        NA	      47.6	    -122.3	       seattle washington	                  seattle	
  23/05/1890	        NA	        NA	      47.6	    -122.3	       seattle washington	                  seattle	
  24/05/1890	        NA	        NA	      47.6	    -122.3	       seattle washington	                  seattle	
  24/05/1890	        NA	        NA	      47.6	    -122.3	       seattle washington	                  seattle	
  25/05/1890	        NA	        NA	      47.6	    -122.3	       seattle washington	                  seattle	
  25/05/1890	        NA	        NA	      47.6	    -122.3	       seattle washington	                  seattle	
  26/05/1890	        NA	        NA	      47.6	    -122.3	       seattle washington	                  seattle	
  26/05/1890	        NA	        NA	      47.6	    -122.3	       seattle washington	                  seattle	
  27/05/1890	        NA	        NA	      47.6	    -122.3	       seattle washington	                  seattle	
  27/05/1890	        NA	        NA	      47.6	    -122.3	       seattle washington	                  seattle	
  28/05/1890	        NA	        NA	      47.6	    -122.3	       seattle washington	                  seattle	
  28/05/1890	        NA	        NA	      47.6	    -122.3	       seattle washington	                  seattle	
  29/05/1890	        NA	        NA	      47.6	    -122.3	       seattle washington	                  seattle	
  29/05/1890	        NA	        NA	      47.6	    -122.3	       seattle washington	                  seattle	
  30/05/1890	        NA	        NA	      47.6	    -122.3	       seattle washington	                  seattle	
  30/05/1890	        NA	        NA	      47.6	    -122.3	       seattle washington	                  seattle	
  31/05/1890	        NA	        NA	      47.6	    -122.3	       seattle washington	                  seattle	
  31/05/1890	        NA	        NA	      47.6	    -122.3	       seattle washington	                  seattle	
  01/06/1890	        NA	        NA	      47.6	    -122.3	       seattle washington	                  seattle	
  01/06/1890	        NA	        NA	      47.6	    -122.3	       seattle washington	                  seattle	
  02/06/1890	        NA	        NA	      47.6	    -122.3	       seattle washington	                  seattle	
  02/06/1890	        NA	        NA	      47.6	    -122.3	       seattle washington	                  seattle	
  03/06/1890	   48 16 N	  123 28 W	      NA	      NA	      NA
  04/06/1890	   49 09 N	  127 41 W	      NA	      NA	      NA
  05/06/1890	   49 50 N	  131 45 W	      NA	      NA	      NA
  06/06/1890	   50 26 N	  135 48 W	      NA	      NA	      NA
  07/06/1890	   51 58 N	  140 07 W	      NA	      NA	      NA
  08/06/1890	   52 22 N	  145 01 W	      NA	      NA	      NA
  09/06/1890	   52 37 N	  149 03 W	      NA	      NA	      NA
  10/06/1890	   52 58 N	  153 43 W	      NA	      NA	      NA
  11/06/1890	   53 26 N	  156 39 W	      NA	      NA	      NA
  12/06/1890	   53 40 N	  160 05 W	      NA	      NA	      NA
  13/06/1890	   53 41 N	  162 49 W	      NA	      NA	      NA
  14/06/1890	   53 52 N	  166 31 W	      NA	      NA	      NA
  15/06/1890	        NA	        NA	        NA	        NA	                ounalaska	                       NA	
  15/06/1890	        NA	        NA	        NA	        NA	                ounalaska	                       NA	
  16/06/1890	        NA	        NA	        NA	        NA	                ounalaska	                       NA	
  16/06/1890	        NA	        NA	        NA	        NA	                ounalaska	                       NA	
  17/06/1890	   54 02 N	  167 15 W	      NA	      NA	      NA
  18/06/1890	   56 06 N	  169 31 W	      NA	      NA	      NA
  19/06/1890	        NA	        NA	      56.6	    -169.6	         st george island	         st george island	
  19/06/1890	        NA	        NA	      56.6	    -169.6	behring sea sw bay st george island	         st george island	
  20/06/1890	   57 07 N	  170 17 W	      NA	      NA	      NA
  21/06/1890	   58 24 N	  173 22 W	      NA	      NA	      NA
  22/06/1890	   60 20 N	  178 12 W	      NA	      NA	      NA
  23/06/1890	   62 29 N	  177 52 E	      NA	      NA	      NA
  25/06/1890	   62 30 N	  177 59 E	      NA	      NA	      NA
  26/06/1890	   62 20 N	  178 25 E	      NA	      NA	      NA
  27/06/1890	   62 59 N	  176 15 W	      NA	      NA	      NA
  28/06/1890	   63 14 N	  172 35 W	      NA	      NA	      NA
  29/06/1890	   64 24 N	  172 20 W	      NA	      NA	      NA
  30/06/1890	   63 49 N	  171 35 W	      NA	      NA	      NA
  01/07/1890	   64 41 N	  169 44 W	      NA	      NA	      NA
  02/07/1890	   65 16 N	  166 47 W	      NA	      NA	      NA
  03/07/1890	   65 05 N	  167 35 W	      NA	      NA	      NA
  04/07/1890	   65 30 N	  167 45 W	      NA	      NA	      NA
 08/07/1890	   65 46 N	  168 55 W	      NA	      NA	      NA
  09/07/1890	        NA	        NA	      63.1	    -168.9	        east cape siberia	                east cape	
  09/07/1890	        NA	        NA	      63.1	    -168.9	        east cape siberia	                east cape	
  10/07/1890	   65 46 N	  169 02 W	      NA	      NA	      NA
  13/07/1890	   66 18 N	  165 50 W	      NA	      NA	      NA
  14/07/1890	   66 45 N	  162 32 W	      NA	      NA	      NA
  15/07/1890	        NA	        NA	      66.5	    -162.8	           kotzebne sound	           kotzebue sound	
  15/07/1890	        NA	        NA	      66.5	    -162.8	           kotzebue sound	           kotzebue sound	
  16/07/1890	   66 54 N	  163 18 W	      NA	      NA	      NA
  17/07/1890	   67 55 N	  166 12 W	      NA	      NA	      NA
  18/07/1890	   68 25 N	  166 44 W	      NA	      NA	      NA
  19/07/1890	        NA	        NA	      68.3	    -166.8	               point hope	               point hope	
  19/07/1890	        NA	        NA	      68.3	    -166.8	               point hope	               point hope	
  20/07/1890	        NA	        NA	      68.3	    -166.8	               point hope	               point hope	
  20/07/1890	        NA	        NA	      68.3	    -166.8	               point hope	               point hope	
  21/07/1890	        NA	        NA	      68.3	    -166.8	               point hope	               point hope	
  21/07/1890	        NA	        NA	      68.3	    -166.8	               point hope	               point hope	
  22/07/1890	   68 47 N	  166 25 W	      NA	      NA	      NA
  23/07/1890	   70 02 N	  163 56 W	      NA	      NA	      NA
  24/07/1890	   70 39 N	  159 55 W	      NA	      NA	      NA
  25/07/1890	   70 34 N	  160 32 W	      NA	      NA	      NA
  26/07/1890	   70 48 N	  159 34 W	      NA	      NA	      NA
  27/07/1890	   70 50 N	  159 19 W	      NA	      NA	      NA
  28/07/1890	   70 52 N	  158 45 W	      NA	      NA	      NA
  29/07/1890	   70 52 N	  158 44 W	      NA	      NA	      NA
  30/07/1890	   70 52 N	  158 44 W	      NA	      NA	      NA
  30/07/1890	        NA	        NA	      70.9	    -158.7	at anchor off sea horse island	         seahorse islands	
  31/07/1890	   71 21 N	  156 37 W	      NA	      NA	      NA
  01/08/1890	   71 23 N	  156 00 W	      NA	      NA	      NA
  02/08/1890	   71 23 N	  156 10 W	      NA	      NA	      NA
  03/08/1890	        NA	        NA	      71.3	    -156.8	        cape smyth alaska	              cape smythe	
  03/08/1890	        NA	        NA	        NA	        NA	                   at sea	                       NA	
  04/08/1890	        NA	        NA	      71.3	    -156.8	        cape smyth alaska	              cape smythe	
  04/08/1890	        NA	        NA	      71.3	    -156.8	               cape smyth	              cape smythe	
  05/08/1890	        NA	        NA	      71.3	    -156.8	        cape smyth alaska	              cape smythe	
  05/08/1890	        NA	        NA	      71.3	    -156.8	               cape smyth	              cape smythe	
  06/08/1890	        NA	        NA	      71.3	    -156.8	        cape smyth alaska	              cape smythe	
  06/08/1890	        NA	        NA	      71.3	    -156.8	               cape smyth	              cape smythe	
  07/08/1890	        NA	        NA	      71.3	    -156.8	               cape smyth	              cape smythe	
  07/08/1890	        NA	        NA	      71.3	    -156.8	        cape smyth alaska	              cape smythe	
  08/08/1890	        NA	        NA	      71.3	    -156.8	        cape smyth alaska	              cape smythe	
  08/08/1890	        NA	        NA	      71.3	    -156.8	        cape smyth alaska	              cape smythe	
  09/08/1890	        NA	        NA	      71.3	    -156.8	        cape smyth alaska	              cape smythe	
  09/08/1890	        NA	        NA	      71.3	    -156.8	        cape smyth alaska	              cape smythe	
  10/08/1890	   70 29 N	  160 30 W	      NA	      NA	      NA
  11/08/1890	   68 52 N	  164 52 W	      NA	      NA	      NA
  12/08/1890	        NA	        NA	      68.9	    -166.2	cape lisburne s 12 e distant 2 miles	            cape lisburne	
  13/08/1890	        NA	        NA	      68.9	    -166.2	     cape lisburne alaska	            cape lisburne	
  13/08/1890	        NA	        NA	      68.9	    -166.2	  at anchor cape lisburne	            cape lisburne	
  14/08/1890	        NA	        NA	      68.9	    -166.2	cape lisburne se12s distant 2 miles	            cape lisburne	
  14/08/1890	        NA	        NA	      68.9	    -166.2	  at anchor cape lisburne	            cape lisburne	
  15/08/1890	   67 18 N	  164 35 W	      NA	      NA	      NA
  16/08/1890	        NA	        NA	      66.5	    -162.8	cape blossom kotzibue sound bore e12n distant 3 miles	           kotzebue sound	
  16/08/1890	        NA	        NA	        NA	        NA	                   at sea	                       NA	
  17/08/1890	        NA	        NA	      66.5	    -162.8	cape blossom kotzibue sound bore e12n distant 3 miles	           kotzebue sound	
  17/08/1890	        NA	        NA	      66.5	    -162.8	off cape blossom kotzebne sound	           kotzebue sound	
  18/08/1890	   65 52 N	  167 51 W	      NA	      NA	      NA
  19/08/1890	   66 12 N	  168 12 W	      NA	      NA	      NA
  20/08/1890	   64 34 N	  166 40 W	      NA	      NA	      NA
  21/08/1890	        NA	        NA	      63.5	    -162.0	              st michaels	               st michael	
  21/08/1890	        NA	        NA	        NA	        NA	                   at sea	                       NA	
  22/08/1890	        NA	        NA	      63.5	    -162.0	       st michaels alaska	               st michael	
  22/08/1890	        NA	        NA	      63.5	    -162.0	       st michaels alaska	               st michael	
  23/08/1890	   63 49 N	  165 02 W	      NA	      NA	      NA
  24/08/1890	   61 10 N	  168 00 W	      NA	      NA	      NA
  25/08/1890	   60 01 N	  165 37 W	      NA	      NA	      NA
  26/08/1890	   58 39 N	  167 00 W	      NA	      NA	      NA
  27/08/1890	        NA	        NA	      56.6	    -169.6	         st george island	         st george island	
  27/08/1890	        NA	        NA	        NA	        NA	                   at sea	                       NA	
  28/08/1890	   56 29 N	  169 15 W	      NA	      NA	      NA
  29/08/1890	   54 31 N	  166 52 W	      NA	      NA	      NA
  30/08/1890	        NA	        NA	        NA	        NA	                ounalaska	                       NA	
  30/08/1890	        NA	        NA	        NA	        NA	                ounalaska	                       NA	
  31/08/1890	        NA	        NA	      53.9	    -166.5	         ounalaska alaska	             unalaska bay	
  31/08/1890	        NA	        NA	        NA	        NA	                ounalaska	                       NA	
  01/09/1890	        NA	        NA	      53.9	    -166.5	         ounalaska alaska	             unalaska bay	
  01/09/1890	        NA	        NA	        NA	        NA	                ounalaska	                       NA	
  02/09/1890	        NA	        NA	      53.9	    -166.5	         ounalaska alaska	             unalaska bay	
  02/09/1890	        NA	        NA	        NA	        NA	                ounalaska	                       NA	
  03/09/1890	        NA	        NA	        NA	        NA	                ounalaska	                       NA	
  03/09/1890	        NA	        NA	        NA	        NA	                ounalaska	                       NA	
  04/09/1890	        NA	        NA	      53.9	    -166.5	         ounalaska alaska	             unalaska bay	
  04/09/1890	        NA	        NA	      53.9	    -166.5	         ounalaska alaska	             unalaska bay	
  05/09/1890	        NA	        NA	      53.9	    -166.5	         ounalaska alaska	             unalaska bay	
  05/09/1890	        NA	        NA	      53.9	    -166.5	         ounalaska alaska	             unalaska bay	
  06/09/1890	        NA	        NA	      53.9	    -166.5	         ounalaska alaska	             unalaska bay	
  06/09/1890	        NA	        NA	      53.9	    -166.5	         ounalaska alaska	             unalaska bay	
  07/09/1890	   55 28 N	  168 10 W	      NA	      NA	      NA
  08/09/1890	   56 40 N	  169 33 W	      NA	      NA	      NA
  09/09/1890	   56 33 N	  170 35 W	      NA	      NA	      NA
  10/09/1890	        NA	        NA	      57.1	    -170.3	           st paul island	           st paul island	
  11/09/1890	        NA	        NA	      57.1	    -170.3	st paul island sw anchorage	           st paul island	
  11/09/1890	        NA	        NA	      57.1	    -170.3	at anchor southwest ancorage stpaul island	           st paul island	
  12/09/1890	        NA	        NA	      57.1	    -170.3	  st paul island ne point	           st paul island	
  12/09/1890	        NA	        NA	      57.1	    -170.3	at anchor north east point st paul island	           st paul island	
  13/09/1890	        NA	        NA	      57.1	    -170.3	st paul island se anchorage	           st paul island	
  13/09/1890	        NA	        NA	      57.1	    -170.3	at anchor north east point st paul island	           st paul island	
  14/09/1890	        NA	        NA	      57.1	    -170.3	south east anchorage st paul island	           st paul island	
  14/09/1890	        NA	        NA	      57.1	    -170.3	south east anchorage st paul island	           st paul island	
  15/09/1890	   56 57 N	  170 06 W	      NA	      NA	      NA
  16/09/1890	        NA	        NA	      56.6	    -169.6	dalnoi point st george island bore swxs12s distnat 5 12 miles	         st george island	
  16/09/1890	        NA	        NA	      56.6	    -169.6	soth west bay st george island	         st george island	
  17/09/1890	   57 15 N	  169 57 W	      NA	      NA	      NA
  18/09/1890	   56 21 N	  168 41 W	      NA	      NA	      NA
  19/09/1890	   55 22 N	  167 10 W	      NA	      NA	      NA
  20/09/1890	        NA	        NA	      53.9	    -166.5	         ounalaska alaska	             unalaska bay	
  21/09/1890	        NA	        NA	      53.9	    -166.5	                ounalaska	             unalaska bay	
  21/09/1890	        NA	        NA	      53.9	    -166.5	         ounalaska alaska	             unalaska bay	
  22/09/1890	        NA	        NA	      53.9	    -166.5	         ounalaska alaska	             unalaska bay	
  22/09/1890	        NA	        NA	      53.9	    -166.5	         ounalaska alaska	             unalaska bay	
  23/09/1890	        NA	        NA	      53.9	    -166.5	         ounalaska alaska	             unalaska bay	
  24/09/1890	        NA	        NA	      53.9	    -166.5	         ounalaska alaska	             unalaska bay	
  24/09/1890	        NA	        NA	      53.9	    -166.5	         ounalaska alaska	             unalaska bay	
  25/09/1890	        NA	        NA	      53.9	    -166.5	         ounalaska alaska	             unalaska bay	
  25/09/1890	        NA	        NA	      53.9	    -166.5	         ounalaska alaska	             unalaska bay	
  26/09/1890	   54 07 N	  166 45 W	      NA	      NA	      NA
  27/09/1890	   55 23 N	  168 06 W	      NA	      NA	      NA
  28/09/1890	   56 58 N	  170 05 W	      NA	      NA	      NA
  29/09/1890	        NA	        NA	      57.1	    -170.3	st paul island se anchorage	           st paul island	
  29/09/1890	        NA	        NA	      57.1	    -170.3	south east anchorage st paul id	           st paul island	
  30/09/1890	        NA	        NA	      57.1	    -170.3	st paul island se anchorage	           st paul island	
  30/09/1890	        NA	        NA	      57.1	    -170.3	st paul island se anchorage	           st paul island	
  30/09/1890	        NA	        NA	        NA	        NA	                       NA	                       NA	
  30/09/1890	        NA	        NA	        NA	        NA	                       NA	                       NA	
  01/10/1890	        NA	        NA	      56.6	    -169.6	north anchorage st george island	         st george island	
  01/10/1890	        NA	        NA	      56.6	    -169.6	garden cove st george island	         st george island	
  02/10/1890	        NA	        NA	      56.6	    -169.6	         st george island	         st george island	
  02/10/1890	        NA	        NA	      56.6	    -169.6	north anchorage st george island	         st george island	
  03/10/1890	        NA	        NA	      57.1	    -170.3	st paul island se anchorage	           st paul island	
  03/10/1890	        NA	        NA	      56.6	    -169.6	north anchorage st george island	         st george island	
  04/10/1890	        NA	        NA	      57.1	    -170.3	st paul island se anchorage	           st paul island	
  04/10/1890	        NA	        NA	      57.1	    -170.3	se anchorage st paul island	           st paul island	
  05/10/1890	        NA	        NA	      57.1	    -170.3	st paul island se anchorage	           st paul island	
  05/10/1890	        NA	        NA	      57.1	    -170.3	se anchorage st paul island	           st paul island	
  06/10/1890	        NA	        NA	      56.6	    -169.6	dalnoi point st george island bore sexs12s distant 15 miles	         st george island	
  06/10/1890	        NA	        NA	      57.1	    -170.3	se anchorage st paul island	           st paul island	
  07/10/1890	        NA	        NA	      56.6	    -169.6	southeast bay st george island	         st george island	
  07/10/1890	        NA	        NA	      56.6	    -169.6	north anchorage st george island	         st george island	
  08/10/1890	        NA	        NA	      56.6	    -169.6	southwest bay st george island	         st george island	
  08/10/1890	        NA	        NA	      56.6	    -169.6	  sw bay st george island	         st george island	
  09/10/1890	   56 09 N	  169 33 W	      NA	      NA	      NA
  10/10/1890	   56 15 N	  168 40 W	      NA	      NA	      NA
  11/10/1890	   57 02 N	  170 09 W	      NA	      NA	      NA
  12/10/1890	        NA	        NA	      57.1	    -170.3	se anchorage st paul island alaska	           st paul island	
  12/10/1890	        NA	        NA	      57.1	    -170.3	se anchorage st paul island alaska	           st paul island	
  13/10/1890	        NA	        NA	      56.6	    -169.6	sw bay st george island alaska	         st george island	
  13/10/1890	        NA	        NA	      57.1	    -170.3	se anchorage st paul island	           st paul island	
  14/10/1890	   54 58 N	  167 49 W	      NA	      NA	      NA
  15/10/1890	        NA	        NA	      53.9	    -166.5	         ounalaska alaska	             unalaska bay	
  16/10/1890	        NA	        NA	      53.9	    -166.5	         ounalaska alaska	             unalaska bay	
  16/10/1890	        NA	        NA	      53.9	    -166.5	         ounalaska alaska	             unalaska bay	
  17/10/1890	        NA	        NA	      53.9	    -166.5	         ounalaska alaska	             unalaska bay	
  17/10/1890	        NA	        NA	      53.9	    -166.5	         ounalaska alaska	             unalaska bay	
  18/10/1890	        NA	        NA	      53.9	    -166.5	         ounalaska alaska	             unalaska bay	
  18/10/1890	        NA	        NA	      53.9	    -166.5	         ounalaska alaska	             unalaska bay	
  19/10/1890	        NA	        NA	      53.9	    -166.5	         ounalaska alaska	             unalaska bay	
  19/10/1890	        NA	        NA	      53.9	    -166.5	         ounalaska alaska	             unalaska bay	
  20/10/1890	        NA	        NA	      53.9	    -166.5	         ounalaska alaska	             unalaska bay	
  20/10/1890	        NA	        NA	      53.9	    -166.5	         ounalaska alaska	             unalaska bay	
  21/10/1890	   54 21 N	  166 54 W	      NA	      NA	      NA
  22/10/1890	   56 50 N	  169 49 W	      NA	      NA	      NA
  23/10/1890	        NA	        NA	      57.1	    -170.3	se ancorage st paul island	           st paul island	
  23/10/1890	        NA	        NA	      57.1	    -170.3	st paul island sw anchorage	           st paul island	
  24/10/1890	St Paul Island	        NA	      57.1	    -170.3	st paul island se anchorage	           st paul island	
  24/10/1890	        NA	        NA	      57.1	    -170.3	se anchorage st paul island	           st paul island	
  25/10/1890	        NA	        NA	      56.6	    -169.6	  sw bay st george island	         st george island	
  25/10/1890	        NA	        NA	      56.6	    -169.6	  sw bay st george island	         st george island	
  26/10/1890	   56 51 N	  169 11 W	      NA	      NA	      NA
  27/10/1890	        NA	        NA	      56.6	    -169.6	north anchorage st george island	         st george island	
  28/10/1890	        NA	        NA	      56.6	    -169.6	  sw bay st george island	         st george island	
  28/10/1890	        NA	        NA	      56.6	    -169.6	  sw bay st george island	         st george island	
  29/10/1890	        NA	        NA	      56.6	    -169.6	  sw bay st george island	         st george island	
  29/10/1890	        NA	        NA	      56.6	    -169.6	  sw bay st george island	         st george island	
  30/10/1890	        NA	        NA	      56.6	    -169.6	  sw bay st george island	         st george island	
  30/10/1890	        NA	        NA	      56.6	    -169.6	  sw bay st george island	         st george island	
  31/10/1890	        NA	        NA	      56.6	    -169.6	garden cove st george island	         st george island	
  31/10/1890	        NA	        NA	      56.6	    -169.6	  sw bay st george island	         st george island	
  31/10/1890	        NA	        NA	        NA	        NA	                       NA	                       NA	
  31/10/1890	        NA	        NA	      56.6	    -169.6	garden cove st george island	         st george island	
  01/11/1890	        NA	        NA	      56.6	    -169.6	garden cove st george island	         st george island	
  01/11/1890	        NA	        NA	      56.6	    -169.6	garden cove st george island	         st george island	
  02/11/1890	        NA	        NA	      57.1	    -170.3	st paul island se anchorage	           st paul island	
  02/11/1890	        NA	        NA	      56.6	    -169.6	garden cove st george island	         st george island	
  03/11/1890	        NA	        NA	      57.1	    -170.3	sea lion hill st paul island mwxw 14 w 35m	           st paul island	
  03/11/1890	        NA	        NA	      57.1	    -170.3	  ne point st paul island	           st paul island	
  04/11/1890	        NA	        NA	      57.1	    -170.3	west side ne point st paul island	           st paul island	
  04/11/1890	        NA	        NA	      57.1	    -170.3	  ne point st paul island	           st paul island	
  04/11/1890	        NA	        NA	        NA	        NA	                       NA	                       NA	
  04/11/1890	        NA	        NA	        NA	        NA	                       NA	                       NA	
  04/11/1890	        NA	        NA	        NA	        NA	                       NA	                       NA	
  04/11/1890	        NA	        NA	        NA	        NA	                       NA	                       NA	
  04/11/1890	        NA	        NA	        NA	        NA	                       NA	                       NA	
  04/11/1890	        NA	        NA	        NA	        NA	                       NA	                       NA	
  05/11/1890	        NA	        NA	      57.1	    -170.3	west side ne point st paul island	           st paul island	
  05/11/1890	        NA	        NA	      57.1	    -170.3	           st paul island	           st paul island	
  06/11/1890	        NA	        NA	      57.1	    -170.3	half way point st paul island	           st paul island	
  07/11/1890	        NA	        NA	      57.1	    -170.3	west side ne point st paul island	           st paul island	
  07/11/1890	        NA	        NA	      57.1	    -170.3	           st paul island	           st paul island	
  08/11/1890	        NA	        NA	      57.1	    -170.3	sw anchorage st paul island	           st paul island	
  08/11/1890	        NA	        NA	      57.1	    -170.3	    st paul island alaska	           st paul island	
  09/11/1890	        NA	        NA	      57.1	    -170.3	se anchorage st paul island	           st paul island	
  09/11/1890	        NA	        NA	      57.1	    -170.3	           st paul island	           st paul island	
  10/11/1890	        NA	        NA	      56.6	    -169.6	  sw bay st george island	         st george island	
  10/11/1890	        NA	        NA	      57.1	    -170.3	           st paul island	           st paul island	
  11/11/1890	   55 55 N	  168 54 W	      NA	      NA	      NA
  12/11/1890	        NA	        NA	      54.0	    -166.7	            cape cheerful	            cape cheerful	
  13/11/1890	        NA	        NA	      53.9	    -166.5	         ounalaska alaska	             unalaska bay	
  13/11/1890	        NA	        NA	      53.9	    -166.5	         ounalaska alaska	             unalaska bay	
  14/11/1890	        NA	        NA	      53.9	    -166.5	         ounalaska alaska	             unalaska bay	
  14/11/1890	        NA	        NA	      53.9	    -166.5	         ounalaska alaska	             unalaska bay	
  15/11/1890	        NA	        NA	      53.9	    -166.5	         ounalaska alaska	             unalaska bay	
  15/11/1890	        NA	        NA	      53.9	    -166.5	         ounalaska alaska	             unalaska bay	
  16/11/1890	        NA	        NA	      53.9	    -166.5	         ounalaska alaska	             unalaska bay	
  16/11/1890	        NA	        NA	      53.9	    -166.5	         ounalaska alaska	             unalaska bay	
  17/11/1890	   54 13 N	  166 45 W	      NA	      NA	      NA
  18/11/1890	   53 55 N	  165 32 W	      NA	      NA	      NA
  19/11/1890	   52 28 N	  161 08 W	      NA	      NA	      NA
  20/11/1890	   51 15 N	  157 33 W	      NA	      NA	      NA
  21/11/1890	   49 34 N	  152 39 W	      NA	      NA	      NA
  22/11/1890	   48 08 N	  148 36 W	      NA	      NA	      NA
  23/11/1890	   46 58 N	  146 34 W	      NA	      NA	      NA
  24/11/1890	   45 37 N	  142 57 W	      NA	      NA	      NA
  25/11/1890	   44 18 N	  139 19 W	      NA	      NA	      NA
  26/11/1890	   43 00 N	  135 39 W	      NA	      NA	      NA
  27/11/1890	   41 48 N	  132 05 W	      NA	      NA	      NA
  28/11/1890	   40 16 N	  128 43 W	      NA	      NA	      NA
  29/11/1890	   38 57 N	  125 34 W	      NA	      NA	      NA
  30/11/1890	        NA	        NA	        NA	        NA	                       NA	                       NA	
  30/11/1890	        NA	        NA	        NA	        NA	                       NA	                       NA	
  30/11/1890	        NA	        NA	        NA	        NA	                       NA	                       NA	
  30/11/1890	        NA	        NA	        NA	        NA	                       NA	                       NA	
  30/11/1890	        NA	        NA	        NA	        NA	                       NA	                       NA	
  30/11/1890	        NA	        NA	        NA	        NA	                       NA	                       NA	
  30/11/1890	        NA	        NA	        NA	        NA	                       NA	                       NA	
  30/11/1890	        NA	        NA	        NA	        NA	                       NA	                       NA	
  30/11/1890	        NA	        NA	        NA	        NA	                       NA	                       NA	
  30/11/1890	        NA	        NA	        NA	        NA	                       NA	                       NA	
  30/11/1890	        NA	        NA	        NA	        NA	                       NA	                       NA	
  30/11/1890	        NA	        NA	        NA	        NA	                       NA	                       NA	
