  05/04/1891	        NA	        NA	      47.6	    -122.3	       seattle washington	                  seattle	
  06/04/1891	        NA	        NA	      47.6	    -122.3	       seattle washington	                  seattle	
  06/04/1891	        NA	        NA	      47.6	    -122.3	       seattle washington	                  seattle	
  07/04/1891	        NA	        NA	      47.6	    -122.3	       seattle washington	                  seattle	
  07/04/1891	        NA	        NA	      47.6	    -122.3	       seattle washington	                  seattle	
  08/04/1891	        NA	        NA	      47.6	    -122.3	       seattle washington	                  seattle	
  08/04/1891	        NA	        NA	      47.6	    -122.3	       seattle washington	                  seattle	
  09/04/1891	        NA	        NA	      47.6	    -122.3	       seattle washington	                  seattle	
  09/04/1891	        NA	        NA	      47.6	    -122.3	       seattle washington	                  seattle	
  10/04/1891	        NA	        NA	      38.1	    -122.3	 race island  nnw 4 miles	              mare island	
  10/04/1891	        NA	        NA	      47.6	    -122.3	       seattle washington	                  seattle	
  11/04/1891	   49 24 N	  127 22 W	      NA	      NA	      NA
  12/04/1891	   51 32 N	  131 26 W	      NA	      NA	      NA
  13/04/1891	   54 04 N	  133 35 W	      NA	      NA	      NA
  14/04/1891	        NA	        NA	      57.0	    -135.4	      sitka harbor alaska	                    sitka	
  14/04/1891	        NA	        NA	        NA	        NA	                   at sea	                       NA	
  15/04/1891	   56 56 N	  135 54 W	      NA	      NA	      NA
  16/04/1891	   56 28 N	  142 18 W	      NA	      NA	      NA
  17/04/1891	   55 47 N	  147 16 W	      NA	      NA	      NA
  18/04/1891	   55 00 N	  152 18 W	      NA	      NA	      NA
  19/04/1891	   54 04 N	  157 31 W	      NA	      NA	      NA
  20/04/1891	   53 15 N	  162 27 W	      NA	      NA	      NA
  21/04/1891	        NA	        NA	      53.9	    -166.5	   unalaska harbor alaska	             unalaska bay	
  21/04/1891	        NA	        NA	        NA	        NA	                   at sea	                       NA	
  22/04/1891	        NA	        NA	      53.9	    -166.5	   unalaska harbor alaska	             unalaska bay	
  22/04/1891	        NA	        NA	      53.9	    -166.5	   unalaska harbor alaska	             unalaska bay	
  23/04/1891	   54 21 N	  166 57 W	      NA	      NA	      NA
  24/04/1891	   56 22 N	  169 27 W	      NA	      NA	      NA
  25/04/1891	   56 25 N	  169 16 W	      NA	      NA	      NA
  26/04/1891	   54 26 N	  167 01 W	      NA	      NA	      NA
  27/04/1891	   54 24 N	  164 14 W	      NA	      NA	      NA
  28/04/1891	   55 07 N	  160 28 W	      NA	      NA	      NA
  29/04/1891	   55 07 N	  160 28 W	      NA	      NA	      NA
  03/05/1891	   55 02 N	  160 39 W	      NA	      NA	      NA
  04/05/1891	   54 21 N	  161 32 W	      NA	      NA	      NA
  05/05/1891	   54 29 N	  163 38 W	      NA	      NA	      NA
  07/05/1891	   53 26 N	  159 17 W	      NA	      NA	      NA
  08/05/1891	   55 36 N	  157 10 W	      NA	      NA	      NA
  09/05/1891	   56 08 N	  152 00 W	      NA	      NA	      NA
  10/05/1891	   56 33 N	  147 11 W	      NA	      NA	      NA
  11/05/1891	   56 50 N	  141 36 W	      NA	      NA	      NA
  12/05/1891	   56 58 N	  136 32 W	      NA	      NA	      NA
  13/05/1891	   56 23 N	  135 14 W	      NA	      NA	      NA
  14/05/1891	   54 50 N	  134 07 W	      NA	      NA	      NA
  15/05/1891	   52 37 N	  132 31 W	      NA	      NA	      NA
  16/05/1891	   50 29 N	  130 01 W	      NA	      NA	      NA
  17/05/1891	   48 46 N	  126 23 W	      NA	      NA	      NA
  18/05/1891	        NA	        NA	      47.6	    -122.3	       seattle washington	                  seattle	
  19/05/1891	        NA	        NA	      47.6	    -122.3	       seattle washington	                  seattle	
  19/05/1891	        NA	        NA	      47.6	    -122.3	             seattle wash	                  seattle	
  20/05/1891	        NA	        NA	      47.6	    -122.3	       seattle washington	                  seattle	
  20/05/1891	        NA	        NA	      47.6	    -122.3	             seattle wash	                  seattle	
  21/05/1891	        NA	        NA	      47.6	    -122.3	       seattle washington	                  seattle	
  21/05/1891	        NA	        NA	      47.6	    -122.3	             seattle wash	                  seattle	
  22/05/1891	        NA	        NA	      47.6	    -122.3	             seattle wash	                  seattle	
  23/05/1891	        NA	        NA	      48.1	    -122.8	 port townsend washington	            port townsend	
  23/05/1891	        NA	        NA	      48.1	    -122.8	       port townsend wash	            port townsend	
  24/05/1891	        NA	        NA	      48.1	    -122.8	 port townsend washington	            port townsend	
  24/05/1891	        NA	        NA	      48.1	    -122.8	 port townsend washington	            port townsend	
  25/05/1891	        NA	        NA	      48.1	    -122.8	 port townsend washington	            port townsend	
  25/05/1891	        NA	        NA	      48.1	    -122.8	       port townsend wash	            port townsend	
  26/05/1891	        NA	        NA	      48.1	    -122.8	 port townsend washington	            port townsend	
  26/05/1891	        NA	        NA	      48.1	    -122.8	       port townsend wash	            port townsend	
  27/05/1891	        NA	        NA	      48.1	    -122.8	 port townsend washington	            port townsend	
  27/05/1891	        NA	        NA	      48.1	    -122.8	       port townsend wash	            port townsend	
  28/05/1891	        NA	        NA	      48.1	    -122.8	            port townsend	            port townsend	
  29/05/1891	        NA	        NA	      48.1	    -122.8	 port townsend washington	            port townsend	
  29/05/1891	        NA	        NA	      48.1	    -122.8	       port townsend wash	            port townsend	
  30/05/1891	   48 41 N	  125 12 W	      NA	      NA	      NA
  31/05/1891	   49 16 N	  126 48 W	      NA	      NA	      NA
  01/06/1891	   50 55 N	  130 13 W	      NA	      NA	      NA
  02/06/1891	   52 56 N	  132 52 W	      NA	      NA	      NA
  03/06/1891	   55 59 N	  135 13 W	      NA	      NA	      NA
  04/06/1891	   58 24 N	  138 56 W	      NA	      NA	      NA
  08/06/1891	   59 20 N	  140 15 W	      NA	      NA	      NA
  09/06/1891	   57 14 N	  135 58 W	      NA	      NA	      NA
  10/06/1891	        NA	        NA	      57.0	    -135.4	      sitka harbor alaska	                    sitka	
  10/06/1891	        NA	        NA	      57.0	    -135.4	      sitka harbor alaska	                    sitka	
  11/06/1891	        NA	        NA	      57.0	    -135.4	      sitka harbor alaska	                    sitka	
  11/06/1891	        NA	        NA	      57.0	    -135.4	      sitka harbor alaska	                    sitka	
  12/06/1891	        NA	        NA	      57.0	    -135.4	      sitka harbor alaska	                    sitka	
  12/06/1891	        NA	        NA	      57.0	    -135.4	      sitka harbor alaska	                    sitka	
  13/06/1891	        NA	        NA	      57.0	    -135.4	      sitka harbor alaska	                    sitka	
  13/06/1891	        NA	        NA	      57.0	    -135.4	      sitka harbor alaska	                    sitka	
  14/06/1891	   56 53 N	  137 14 W	      NA	      NA	      NA
  15/06/1891	   56 42 N	  143 46 W	      NA	      NA	      NA
  16/06/1891	   56 13 N	  150 08 W	      NA	      NA	      NA
  17/06/1891	   55 41 N	  155 47 W	      NA	      NA	      NA
 19/06/1891	   56 57 N	  161 50 W	      NA	      NA	      NA
  20/06/1891	   54 04 N	  166 18 W	      NA	      NA	      NA
  22/06/1891	        NA	        NA	      53.9	    -166.5	  ounalaska harbor alaska	             unalaska bay	
  21/06/1891	        NA	        NA	      53.9	    -166.5	          unalaska alaska	             unalaska bay	
  22/06/1891	        NA	        NA	      53.9	    -166.5	          unalaska alaska	             unalaska bay	
  22/06/1891	        NA	        NA	      53.9	    -166.5	   unalaska harbor alaska	             unalaska bay	
  23/06/1891	        NA	        NA	      53.9	    -166.5	ounalaska unalaska harbor alaska	             unalaska bay	
  23/06/1891	        NA	        NA	      53.9	    -166.5	   unalaska harbor alaska	             unalaska bay	
  24/06/1891	        NA	        NA	      53.9	    -166.5	   unalaska harbor alaska	             unalaska bay	
  24/06/1891	        NA	        NA	      53.9	    -166.5	   unalaska harbor alaska	             unalaska bay	
  25/06/1891	        NA	        NA	      53.9	    -166.5	   unalaska harbor alaska	             unalaska bay	
  25/06/1891	        NA	        NA	      53.9	    -166.5	   unalaska harbor alaska	             unalaska bay	
  26/06/1891	        NA	        NA	      53.9	    -166.5	   unalaska harbor alaska	             unalaska bay	
  26/06/1891	        NA	        NA	      53.9	    -166.5	   unalaska harbor alaska	             unalaska bay	
  27/06/1891	        NA	        NA	      53.9	    -166.5	   unalaska harbor alaska	             unalaska bay	
  27/06/1891	        NA	        NA	      53.9	    -166.5	   unalaska harbor alaska	             unalaska bay	
  28/06/1891	        NA	        NA	      53.9	    -166.5	   unalaska harbor alaska	             unalaska bay	
  28/06/1891	        NA	        NA	      53.9	    -166.5	   unalaska harbor alaska	             unalaska bay	
  29/06/1891	        NA	        NA	      53.9	    -166.5	   unalaska harbor alaska	             unalaska bay	
  29/06/1891	        NA	        NA	      53.9	    -166.5	   unalaska harbor alaska	             unalaska bay	
  30/06/1891	   54 17 N	  166 53 W	      NA	      NA	      NA
  01/07/1891	   55 33 N	  168 35 W	      NA	      NA	      NA
  02/07/1891	   57 40 N	  169 50 W	      NA	      NA	      NA
  03/07/1891	   59 47 N	  168 20 W	      NA	      NA	      NA
  04/07/1891	   62 43 N	  169 25 W	      NA	      NA	      NA
  05/07/1891	   65 05 N	  167 35 W	      NA	      NA	      NA
  06/07/1891	        NA	        NA	      65.2	    -166.7	     port clarence alaska	           port clearance	
  06/07/1891	        NA	        NA	      65.2	    -166.7	     port clarence alaska	           port clearance	
  07/07/1891	        NA	        NA	      65.2	    -166.7	     port clarence alaska	           port clearance	
  07/07/1891	        NA	        NA	      65.2	    -166.7	     port clarence alaska	           port clearance	
  09/07/1891	   65 00 N	  171 15 W	      NA	      NA	      NA
  10/07/1891	        NA	        NA	      64.4	    -172.2	at anchor off indian point siberia	             indian point	
  11/07/1891	   64 11 N	  174 05 W	      NA	      NA	      NA
  12/07/1891	   65 05 N	  176 53 W	      NA	      NA	      NA
  14/07/1891	        NA	        NA	      66.0	    -179.2	   holy cross bay siberia	           holy cross bay	
  15/07/1891	        NA	        NA	      66.0	    -179.2	   holy cross bay siberia	           holy cross bay	
  15/07/1891	        NA	        NA	      66.0	    -179.2	   holy cross bay siberia	           holy cross bay	
  16/07/1891	        NA	        NA	      66.0	    -179.2	   holy cross bay siberia	           holy cross bay	
  16/07/1891	        NA	        NA	      66.0	    -179.2	   holy cross bay siberia	           holy cross bay	
  17/07/1891	        NA	        NA	      66.0	    -179.2	holy cross bay siberia west side	           holy cross bay	
  17/07/1891	        NA	        NA	      66.0	    -179.2	   holy cross bay siberia	           holy cross bay	
  18/07/1891	        NA	        NA	      66.0	    -179.2	   holy cross bay siberia	           holy cross bay	
  18/07/1891	        NA	        NA	      66.0	    -179.2	   holy cross bay siberia	           holy cross bay	
  19/07/1891	   64 46 N	  176 29 W	      NA	      NA	      NA
  20/07/1891	        NA	        NA	      64.4	    -173.3	port providence plover bay siberia	          port providence	
 211/07/1891	        NA	        NA	      64.4	    -173.3	port providence plover bay siberia	          port providence	
  21/07/1891	        NA	        NA	        NA	        NA	port providence plover bay siberia	                       NA	
  22/07/1891	        NA	        NA	      64.4	    -173.3	port providence plover bay siberia	          port providence	
  22/07/1891	        NA	        NA	        NA	        NA	port providence plover bay siberia	                       NA	
  23/07/1891	        NA	        NA	      64.4	    -173.3	  port providence siberia	          port providence	
  23/07/1891	        NA	        NA	        NA	        NA	port providence plover bay siberia	                       NA	
  24/07/1891	   64 10 N	  172 55 W	      NA	      NA	      NA
  25/07/1891	   65 01 N	  175 51 W	      NA	      NA	      NA
  26/07/1891	   66 14 N	  167 42 W	      NA	      NA	      NA
  27/07/1891	   66 42 N	  162 34 W	      NA	      NA	      NA
  28/07/1891	   66 42 N	  162 40 W	      NA	      NA	      NA
  29/07/1891	   68 14 N	  166 25 W	      NA	      NA	      NA
  30/07/1891	        NA	        NA	      68.3	    -166.8	at anchor north side point hope alaska	               point hope	
  02/08/1891	        NA	        NA	      68.9	    -166.2	at anchor off cape lisburne alaska	            cape lisburne	
  02/08/1891	        NA	        NA	      68.9	    -166.2	at anchor off cape lisburne alaska	            cape lisburne	
  03/08/1891	        NA	        NA	      68.9	    -166.2	at anchor off cape lisburne alaska	            cape lisburne	
  03/08/1891	        NA	        NA	      68.9	    -166.2	at anchor off cape lisburne alaska	            cape lisburne	
  06/08/1891	   69 54 N	  164 17 W	      NA	      NA	      NA
  07/08/1891	   69 50 N	  164 15 W	      NA	      NA	      NA
  08/08/1891	        NA	        NA	      68.9	    -166.2	cape lisburne sw 12 s 32 miles	            cape lisburne	
  09/08/1891	   69 30 N	  163 23 W	      NA	      NA	      NA
  10/08/1891	   70 32 N	  161 45 W	      NA	      NA	      NA
  11/08/1891	        NA	        NA	      70.8	    -159.7	cruising in the arctic ocean and at anchor off pt belcher alaska	               pt belcher	
  12/08/1891	        NA	        NA	      70.8	    -159.7	               pt belcher	               pt belcher	
  12/08/1891	        NA	        NA	      70.8	    -159.7	 at anchor off pt belcher	               pt belcher	
  13/08/1891	        NA	        NA	      70.8	    -159.7	at anchor off pt belcher alaska	               pt belcher	
  13/08/1891	        NA	        NA	      70.8	    -159.7	at anchor off pt belcher alaska	               pt belcher	
  14/08/1891	        NA	        NA	      70.8	    -159.7	at anchor off pt belcher alaska	               pt belcher	
  14/08/1891	        NA	        NA	      70.8	    -159.7	at anchor off pt belcher alaska	               pt belcher	
  15/08/1891	        NA	        NA	      70.6	    -160.0	  wainwright inlet alaska	         wainwright inlet	
  15/08/1891	        NA	        NA	      70.6	    -160.0	at anchor off wainwright inlet alaska	         wainwright inlet	
  16/08/1891	        NA	        NA	      70.6	    -160.0	  wainwright inlet alaska	         wainwright inlet	
  16/08/1891	        NA	        NA	      70.6	    -160.0	at anchor off wainwright inlet alaska	         wainwright inlet	
  17/08/1891	   70 41 N	  159 10 W	      NA	      NA	      NA
  18/08/1891	        NA	        NA	      70.8	    -159.7	at anchor off pt belcher alaska	               pt belcher	
  18/08/1891	        NA	        NA	      70.8	    -159.7	at anchor off pt belcher alaska	               pt belcher	
  19/08/1891	        NA	        NA	      70.8	    -159.7	        pt belcher alaska	               pt belcher	
  19/08/1891	        NA	        NA	      70.8	    -159.7	at anchor off pt belcher alaska	               pt belcher	
  20/08/1891	        NA	        NA	      70.8	    -159.7	        pt belcher alaska	               pt belcher	
  20/08/1891	        NA	        NA	      70.8	    -159.7	at anchor off pt belcher alaska	               pt belcher	
  21/08/1891	        NA	        NA	      70.8	    -159.7	        pt belcher alaska	               pt belcher	
  21/08/1891	        NA	        NA	      70.8	    -159.7	at anchor off pt belcher alaska	               pt belcher	
  22/08/1891	        NA	        NA	      70.8	    -159.7	at anchor off pt belcher alaska	               pt belcher	
  22/08/1891	        NA	        NA	      70.8	    -159.7	at anchor off pt belcher alaska	               pt belcher	
  23/08/1891	   70 42 N	  159 58 W	      NA	      NA	      NA
  24/08/1891	   70 33 N	  161 33 W	      NA	      NA	      NA
  25/08/1891	   68 56 N	  165 57 W	      NA	      NA	      NA
  26/08/1891	   68 10 N	  167 35 W	      NA	      NA	      NA
  27/08/1891	   66 15 N	  169 32 W	      NA	      NA	      NA
 31/08/1891	   64 12 N	  165 40 W	      NA	      NA	      NA
  01/09/1891	        NA	        NA	      63.5	    -162.0	              st michaels	               egg island	
  01/09/1891	        NA	        NA	        NA	        NA	      at sea norton sound	                       NA	
  02/09/1891	        NA	        NA	      63.5	    -162.0	at anchor off st michaels alaska	               st michael	
  03/09/1891	        NA	        NA	      63.5	    -162.0	               egg island	               egg island	
  04/09/1891	   64 37 N	  167 05 W	      NA	      NA	      NA
  05/09/1891	   65 03 N	  168 00 W	      NA	      NA	      NA
  06/09/1891	   64 43 N	  169 00 W	      NA	      NA	      NA
  07/09/1891	        NA	        NA	      64.4	    -172.2	     indian point siberia	             indian point	
  14/09/1891	   61 26 N	  172 40 W	      NA	      NA	      NA
  15/09/1891	   58 15 N	  170 05 W	      NA	      NA	      NA
  16/09/1891	   55 19 N	  167 34 W	      NA	      NA	      NA
  17/09/1891	        NA	        NA	      53.9	    -166.5	at anchor unalaska harbor alaska	             unalaska bay	
  17/09/1891	        NA	        NA	      53.9	    -166.5	      unalaska bay alaska	             unalaska bay	
  18/09/1891	        NA	        NA	      53.9	    -166.5	at anchor unalaska harbor alaska	             unalaska bay	
  18/09/1891	        NA	        NA	      53.9	    -166.5	          unalaska alaska	             unalaska bay	
  19/09/1891	        NA	        NA	      53.9	    -166.5	at anchor unalaska harbor alaska	             unalaska bay	
  19/09/1891	        NA	        NA	      53.9	    -166.5	   unalaska harbor alaska	             unalaska bay	
  20/09/1891	        NA	        NA	      53.9	    -166.5	at wharf unalaska harbor alaska	             unalaska bay	
  20/09/1891	        NA	        NA	      53.9	    -166.5	          unalaska harbor	             unalaska bay	
  21/09/1891	        NA	        NA	      53.9	    -166.5	at anchor unalaska harbor alaska	             unalaska bay	
  21/09/1891	        NA	        NA	      53.9	    -166.5	 at wharf unalaska harbor	             unalaska bay	
  22/09/1891	        NA	        NA	      53.9	    -166.5	at anchor unalaska harbor alaska	             unalaska bay	
  22/09/1891	        NA	        NA	      53.9	    -166.5	at anchor unalaska harbor alaska	             unalaska bay	
  23/09/1891	        NA	        NA	      53.9	    -166.5	   unalaska harbor alaska	             unalaska bay	
  23/09/1891	        NA	        NA	      53.9	    -166.5	at anchor unalaska harbor alaska	             unalaska bay	
  24/09/1891	        NA	        NA	      53.9	    -166.5	   unalaska harbor alaska	             unalaska bay	
  24/09/1891	        NA	        NA	      53.9	    -166.5	   unalaska harbor alaska	             unalaska bay	
  25/09/1891	        NA	        NA	      53.9	    -166.5	   unalaska harbor alaska	             unalaska bay	
  25/09/1891	        NA	        NA	      53.9	    -166.5	   unalaska harbor alaska	             unalaska bay	
  26/09/1891	        NA	        NA	      53.9	    -166.5	   unalaska harbor alaska	             unalaska bay	
  26/09/1891	        NA	        NA	      53.9	    -166.5	   unalaska harbor alaska	             unalaska bay	
  27/09/1891	        NA	        NA	      53.9	    -166.5	   unalaska harbor alaska	             unalaska bay	
  27/09/1891	        NA	        NA	      53.9	    -166.5	   unalaska harbor alaska	             unalaska bay	
  28/09/1891	        NA	        NA	      53.9	    -166.5	   unalaska harbor alaska	             unalaska bay	
  28/09/1891	        NA	        NA	      53.9	    -166.5	   unalaska harbor alaska	             unalaska bay	
  29/09/1891	        NA	        NA	        NA	        NA	                 unalaska	                       NA	
  29/09/1891	        NA	        NA	      53.9	    -166.5	outer harbor unalaska alaska	             unalaska bay	
  30/09/1891	   54 15 N	  166 52 W	      NA	      NA	      NA
  01/10/1891	   56 14 N	  169 10 W	      NA	      NA	      NA
  02/10/1891	        NA	        NA	      57.1	    -170.3	sea lion rock st paul island sse 12 e 1 mile	           st paul island	
  02/10/1891	        NA	        NA	      56.6	    -169.6	at anchor of village st george island	         st george island	
  03/10/1891	        NA	        NA	      57.1	    -170.3	  whale pt st paul island	           st paul island	
  03/10/1891	        NA	        NA	      57.1	    -170.3	at anchor sw bay st paul island	           st paul island	
  04/10/1891	        NA	        NA	      57.1	    -170.3	  whale pt st paul island	           st paul island	
  04/10/1891	        NA	        NA	      57.1	    -170.3	at anchor se anchorage st paul island	           st paul island	
  05/10/1891	        NA	        NA	      57.1	    -170.3	at anchor se anchorage st paul island	           st paul island	
  05/10/1891	        NA	        NA	      57.1	    -170.3	at anchor se anchorage st paul island	           st paul island	
  06/10/1891	        NA	        NA	      57.1	    -170.3	  whale pt st paul island	           st paul island	
  06/10/1891	        NA	        NA	      57.1	    -170.3	at anchor se anchorage st paul island	           st paul island	
  07/10/1891	        NA	        NA	      56.6	    -169.6	tolstoi pt st george island	         st george island	
  07/10/1891	        NA	        NA	      57.1	    -170.3	at anchor se anchorage st paul island	           st paul island	
  08/10/1891	        NA	        NA	      57.1	    -170.3	at anchor north bay st paul island	           st paul island	
  08/10/1891	        NA	        NA	        NA	        NA	at anchor north anchorage st paul island	                       NA	
  09/10/1891	        NA	        NA	      57.1	    -170.3	north point st paul island sexs 1 mile	           st paul island	
  09/10/1891	        NA	        NA	        NA	        NA	at anchor north anchorage st paul island	                       NA	
  10/10/1891	   57 02 N	  169 54 W	      NA	      NA	      NA
  11/10/1891	        NA	        NA	      56.6	    -169.6	north anchorage st george island	         st george island	
  11/10/1891	        NA	        NA	      56.6	    -169.6	at anchor off village st george island	         st george island	
  12/10/1891	   56 02 N	  169 01 W	      NA	      NA	      NA
  13/10/1891	        NA	        NA	      53.9	    -166.5	   unalaska harbor alaska	             unalaska bay	
  14/10/1891	        NA	        NA	      53.9	    -166.5	   unalaska harbor alaska	             unalaska bay	
  14/10/1891	        NA	        NA	      53.9	    -166.5	   unalaska harbor alaska	             unalaska bay	
  15/10/1891	        NA	        NA	      53.9	    -166.5	          unalaska alaska	             unalaska bay	
  15/10/1891	        NA	        NA	      53.9	    -166.5	   unalaska harbor alaska	             unalaska bay	
  16/10/1891	   54 08 N	  166 41 W	      NA	      NA	      NA
  17/10/1891	   56 15 N	  169 07 W	      NA	      NA	      NA
  18/10/1891	SW Bay, St Paul Island	        NA	      57.1	    -170.3	    sw bay st paul island	           st paul island	
  18/10/1891	        NA	        NA	      57.1	    -170.3	    sw bay st paul island	           st paul island	
  19/10/1891	        NA	        NA	      57.1	    -170.3	    sw bay st paul island	           st paul island	
  19/10/1891	        NA	        NA	      57.1	    -170.3	at anchor north bay st paul island	           st paul island	
  20/10/1891	        NA	        NA	      57.1	    -170.3	    sw bay st paul island	           st paul island	
  20/10/1891	        NA	        NA	      57.1	    -170.3	southwest bay st paul island	           st paul island	
  21/10/1891	        NA	        NA	      57.1	    -170.3	se anchorage st paul island	           st paul island	
  21/10/1891	        NA	        NA	      57.1	    -170.3	se anchorage st paul island	           st paul island	
  22/10/1891	        NA	        NA	      57.1	    -170.3	ne anchorage st paul island	           st paul island	
  22/10/1891	        NA	        NA	      57.1	    -170.3	se anchorage st paul island	           st paul island	
  23/10/1891	        NA	        NA	      56.6	    -169.6	village anchorage st george island	         st george island	
  23/10/1891	        NA	        NA	      57.1	    -170.3	se anchorage st paul island	           st paul island	
  24/10/1891	        NA	        NA	      56.6	    -169.6	garden cove st george island	         st george island	
  24/10/1891	        NA	        NA	      56.6	    -169.6	at anchor garden cove st george island	         st george island	
  25/10/1891	        NA	        NA	      56.6	    -169.6	north anchorage st george island	         st george island	
  25/10/1891	        NA	        NA	      56.6	    -169.6	at anchor garden cove st george island	         st george island	
  26/10/1891	        NA	        NA	      56.6	    -169.6	north anchorage st george island	         st george island	
  26/10/1891	        NA	        NA	      56.6	    -169.6	north anchorage st george island	         st george island	
  27/10/1891	        NA	        NA	      57.1	    -170.3	st george  st paul island	         st george island	
  27/10/1891	        NA	        NA	      57.1	    -170.3	north anchorage st george island	         st george island	
  28/10/1891	   57 15 N	  169 20 W	      NA	      NA	      NA
  29/10/1891	   57 07 N	  170 19 W	      NA	      NA	      NA
  30/10/1891	        NA	        NA	      56.6	    -169.6	north anchorage st george island	         st george island	
  30/10/1891	        NA	        NA	      56.6	    -169.6	north anchorage st george island	         st george island	
  31/10/1891	        NA	        NA	      56.6	    -169.6	north anchorage st george island	         st george island	
  31/10/1891	        NA	        NA	      56.6	    -169.6	north anchorage st george island	         st george island	
  31/10/1891	        NA	        NA	        NA	        NA	                       NA	                       NA	
  01/11/1891	   56 44 N	  169 47 W	      NA	      NA	      NA
  02/11/1891	        NA	        NA	      56.6	    -169.6	  sw bay st george island	         st george island	
  02/11/1891	        NA	        NA	      56.6	    -169.6	  sw bay st george island	         st george island	
  03/11/1891	        NA	        NA	      56.6	    -169.6	  sw bay st george island	         st george island	
  03/11/1891	        NA	        NA	      56.6	    -169.6	  sw bay st george island	         st george island	
  04/11/1891	        NA	        NA	      56.6	    -169.6	  sw bay st george island	         st george island	
  04/11/1891	        NA	        NA	      56.6	    -169.6	  sw bay st george island	         st george island	
  05/11/1891	        NA	        NA	      56.6	    -169.6	  sw bay st george island	         st george island	
  05/11/1891	        NA	        NA	      56.6	    -169.6	  sw bay st george island	         st george island	
  06/11/1891	   56 41 N	  169 35 W	      NA	      NA	      NA
  07/11/1891	        NA	        NA	      57.1	    -170.3	ne anchorage st paul island	           st paul island	
  07/11/1891	        NA	        NA	      57.1	    -170.3	ne anchorage st paul island	           st paul island	
  08/11/1891	        NA	        NA	      57.1	    -170.3	 north bay st paul island	           st paul island	
  08/11/1891	        NA	        NA	      57.1	    -170.3	 north bay st paul island	           st paul island	
  09/11/1891	        NA	        NA	      57.1	    -170.3	 north bay st paul island	           st paul island	
  09/11/1891	        NA	        NA	      57.1	    -170.3	 north bay st paul island	           st paul island	
  10/11/1891	        NA	        NA	      57.1	    -170.3	 north bay st paul island	           st paul island	
  10/11/1891	        NA	        NA	      57.1	    -170.3	 north bay st paul island	           st paul island	
  11/11/1891	   57 22 N	  170 25 W	      NA	      NA	      NA
  12/11/1891	   56 44 N	  169 52 W	      NA	      NA	      NA
  13/11/1891	        NA	        NA	      56.6	    -169.6	north anchorage st george island	         st george island	
  13/11/1891	        NA	        NA	      56.6	    -169.6	north anchorage st george island	         st george island	
  14/11/1891	        NA	        NA	      56.6	    -169.6	  sw bay st george island	         st george island	
  14/11/1891	        NA	        NA	      56.6	    -169.6	  sw bay st george island	         st george island	
  15/11/1891	        NA	        NA	      56.6	    -169.6	north anchorage st george island	         st george island	
  15/11/1891	        NA	        NA	      56.6	    -169.6	north anchorage st george island	         st george island	
  16/11/1891	   56 11 N	  168 59 W	      NA	      NA	      NA
  17/11/1891	   54 18 N	  166 27 W	      NA	      NA	      NA
  18/11/1891	        NA	        NA	      53.9	    -166.5	   unalaska harbor alaska	             unalaska bay	
  18/11/1891	        NA	        NA	      53.9	    -166.5	   unalaska harbor alaska	             unalaska bay	
  19/11/1891	        NA	        NA	      53.9	    -166.5	   unalaska harbor alaska	             unalaska bay	
  19/11/1891	        NA	        NA	      53.9	    -166.5	   unalaska harbor alaska	             unalaska bay	
  20/11/1891	        NA	        NA	      53.9	    -166.5	   unalaska harbor alaska	             unalaska bay	
  20/11/1891	        NA	        NA	      53.9	    -166.5	   unalaska harbor alaska	             unalaska bay	
  21/11/1891	        NA	        NA	      53.9	    -166.5	   unalaska harbor alaska	             unalaska bay	
  21/11/1891	        NA	        NA	      53.9	    -166.5	   unalaska harbor alaska	             unalaska bay	
  22/11/1891	        NA	        NA	      53.9	    -166.5	   unalaska harbor alaska	             unalaska bay	
  22/11/1891	        NA	        NA	      53.9	    -166.5	   unalaska harbor alaska	             unalaska bay	
  23/11/1891	   54 18 N	  166 48 W	      NA	      NA	      NA
  24/11/1891	   56 17 N	  169 30 W	      NA	      NA	      NA
  25/11/1891	        NA	        NA	      56.6	    -169.6	  sw bay st george island	         st george island	
  25/11/1891	        NA	        NA	      56.6	    -169.6	at anchor sw bay st george island	         st george island	
  26/11/1891	        NA	        NA	      56.6	    -169.6	  sw bay st george island	         st george island	
  26/11/1891	        NA	        NA	      56.6	    -169.6	at anchor sw bay st george island	         st george island	
  27/11/1891	        NA	        NA	      57.1	    -170.3	se anchorage st paul island	           st paul island	
  27/11/1891	        NA	        NA	      56.6	    -169.6	at anchor sw bay st george island	         st george island	
  28/11/1891	        NA	        NA	      57.1	    -170.3	se anchorage st paul island	           st paul island	
  28/11/1891	        NA	        NA	      57.1	    -170.3	se anchorage st paul island	           st paul island	
  29/11/1891	        NA	        NA	      57.1	    -170.3	se anchorage st paul island	           st paul island	
  29/11/1891	        NA	        NA	      57.1	    -170.3	    sw bay st paul island	           st paul island	
  30/11/1891	        NA	        NA	      57.1	    -170.3	se anchorage st paul island	           st paul island	
  30/11/1891	        NA	        NA	      57.1	    -170.3	se anchorage st paul island	           st paul island	
  30/11/1891	        NA	        NA	        NA	        NA	                       NA	                       NA	
  01/12/1891	   56 19 N	  168 05 W	      NA	      NA	      NA
  02/12/1891	   53 53 N	  166 26 W	      NA	      NA	      NA
  03/12/1891	   52 19 N	  161 11 W	      NA	      NA	      NA
  04/12/1891	   50 58 N	  157 37 W	      NA	      NA	      NA
  05/12/1891	   49 28 N	  153 28 W	      NA	      NA	      NA
  06/12/1891	   48 56 N	  147 07 W	      NA	      NA	      NA
  07/12/1891	   47 29 N	  143 13 W	      NA	      NA	      NA
  08/12/1891	   45 38 N	  138 26 W	      NA	      NA	      NA
  09/12/1891	   43 35 N	  134 08 W	      NA	      NA	      NA
  10/12/1891	   41 27 N	  130 15 W	      NA	      NA	      NA
  11/12/1891	   39 43 N	  126 38 W	      NA	      NA	      NA
  12/12/1891	   38 05 N	  123 17 W	      NA	      NA	      NA
  02/10/1891	        NA	        NA	      57.1	    -170.3	sea lion rock st paul island sexs 12 s 1 mile	           st paul island	
  02/10/1891	        NA	        NA	      56.6	    -169.6	at anchor off village st george island	         st george island	
  03/10/1891	        NA	        NA	      57.1	    -170.3	  whale pt st paul island	           st paul island	
  03/10/1891	        NA	        NA	      57.1	    -170.3	    sw bay st paul island	           st paul island	
  04/10/1891	        NA	        NA	      57.1	    -170.3	  whale pt st paul island	           st paul island	
  05/10/1891	        NA	        NA	      57.1	    -170.3	whale point st pauls island nxw 14 w 15 miles	           st paul island	
  15/10/1891	        NA	        NA	      57.1	    -170.3	at anchor se anchorage st paul island	           st paul island	
  06/10/1891	        NA	        NA	      57.1	    -170.3	  whale pt st paul island	           st paul island	
  06/10/1891	        NA	        NA	      57.1	    -170.3	at anchor se anchorage st paul island	           st paul island	
  07/10/1891	        NA	        NA	      56.6	    -169.6	tolstoi point st george island sxw 7 miles	         st george island	
  07/10/1891	        NA	        NA	      57.1	    -170.3	at anchor se anchorage st paul island	           st paul island	
  08/10/1891	        NA	        NA	      57.1	    -170.3	at anchor north bay st paul island	           st paul island	
  08/10/1891	        NA	        NA	        NA	        NA	north anchorage st paul island	                       NA	
  08/10/1891	        NA	        NA	      57.1	    -170.3	at anchor north bay st paul island	           st paul island	
  08/10/1891	        NA	        NA	        NA	        NA	at anchor north anchorage st paul island	                       NA	
  08/10/1891	        NA	        NA	      57.1	    -170.3	at anchor north bay st paul island	           st paul island	
  08/10/1891	        NA	        NA	        NA	        NA	at anchor north anchorage st paul island	                       NA	
  09/10/1891	        NA	        NA	      57.1	    -170.3	north point st paul island sexs 1 mile	           st paul island	
  09/10/1891	        NA	        NA	        NA	        NA	at anchor north anchorage st paul island	                       NA	
  11/10/1891	        NA	        NA	      56.6	    -169.6	north anchorage st george island	         st george island	
  11/10/1891	        NA	        NA	      56.6	    -169.6	at anchor off village st george island	         st george island	
  12/10/1891	   56 02 N	  169 01 W	      NA	      NA	      NA
  14/10/1891	        NA	        NA	      53.9	    -166.5	   unalaska harbor alaska	             unalaska bay	
  14/10/1891	        NA	        NA	      53.9	    -166.5	   unalaska harbor alaska	             unalaska bay	
  15/10/1891	        NA	        NA	      53.9	    -166.5	   unalaska harbor alaska	             unalaska bay	
  15/10/1891	        NA	        NA	      53.9	    -166.5	   unalaska harbor alaska	             unalaska bay	
  16/10/1891	   54 08 N	  166 41 W	      NA	      NA	      NA
  17/10/1891	   56 15 N	  169 01 W	      NA	      NA	      NA
  18/10/1891	        NA	        NA	      57.1	    -170.3	    sw bay st paul island	           st paul island	
  18/10/1891	        NA	        NA	      57.1	    -170.3	    sw bay st paul island	           st paul island	
  19/10/1891	        NA	        NA	      57.1	    -170.3	    sw bay st paul island	           st paul island	
  19/10/1891	        NA	        NA	      57.1	    -170.3	at anchor north bay st paul island	           st paul island	
  20/10/1891	        NA	        NA	      57.1	    -170.3	    sw bay st paul island	           st paul island	
  20/10/1891	        NA	        NA	      57.1	    -170.3	    sw bay st paul island	           st paul island	
  21/10/1891	        NA	        NA	      57.1	    -170.3	se anchorage st paul island	           st paul island	
  21/10/1891	        NA	        NA	      57.1	    -170.3	se anchorage st paul island	           st paul island	
  22/10/1891	        NA	        NA	      57.1	    -170.3	ne anchorage st paul island	           st paul island	
  22/10/1891	        NA	        NA	      57.1	    -170.3	se anchorage st paul island	           st paul island	
  23/10/1891	        NA	        NA	      56.6	    -169.6	village anchorage st george island	         st george island	
  23/10/1891	        NA	        NA	      57.1	    -170.3	se anchorage st paul island	           st paul island	
  24/10/1891	        NA	        NA	      56.6	    -169.6	garden cove st george island	         st george island	
  24/10/1891	        NA	        NA	      56.6	    -169.6	at anchor garden cove st george island	         st george island	
  25/10/1891	        NA	        NA	      56.6	    -169.6	north anchorage st george island	         st george island	
  25/10/1891	        NA	        NA	      56.6	    -169.6	at anchor garden cove st george island	         st george island	
  26/10/1891	        NA	        NA	      56.6	    -169.6	north anchorage st george island	         st george island	
  26/10/1891	        NA	        NA	      56.6	    -169.6	north anchorage st george island	         st george island	
  27/10/1891	        NA	        NA	      57.1	    -170.3	reef point st paul island nwxw 2 12 miles	           st paul island	
  27/10/1891	        NA	        NA	      56.6	    -169.6	north anchorage st george island	         st george island	
  29/10/1891	   57 01 N	  170 19 W	      NA	      NA	      NA
  30/10/1891	        NA	        NA	      56.6	    -169.6	north anchorage st george island	         st george island	
  30/10/1891	        NA	        NA	      56.6	    -169.6	north anchorage st george island	         st george island	
  31/10/1891	        NA	        NA	      56.6	    -169.6	north anchorage st george island	         st george island	
  31/10/1891	        NA	        NA	      56.6	    -169.6	north anchorage st george island	         st george island	
  02/11/1891	        NA	        NA	      56.6	    -169.6	  sw bay st george island	         st george island	
  02/11/1891	        NA	        NA	      56.6	    -169.6	  sw bay st george island	         st george island	
  03/11/1891	        NA	        NA	      56.6	    -169.6	  sw bay st george island	         st george island	
  03/11/1891	        NA	        NA	      56.6	    -169.6	  sw bay st george island	         st george island	
  04/11/1891	        NA	        NA	      56.6	    -169.6	  sw bay st george island	         st george island	
  04/11/1891	        NA	        NA	      56.6	    -169.6	  sw bay st george island	         st george island	
  05/11/1891	        NA	        NA	      56.6	    -169.6	  sw bay st george island	         st george island	
  05/11/1891	        NA	        NA	      56.6	    -169.6	  sw bay st george island	         st george island	
  07/11/1891	        NA	        NA	      57.1	    -170.3	ne anchorage st paul island	           st paul island	
  07/11/1891	        NA	        NA	      57.1	    -170.3	ne anchorage st paul island	           st paul island	
  08/11/1891	        NA	        NA	      57.1	    -170.3	 north bay st paul island	           st paul island	
  08/11/1891	        NA	        NA	      57.1	    -170.3	 north bay st paul island	           st paul island	
  09/11/1891	        NA	        NA	      57.1	    -170.3	 north bay st paul island	           st paul island	
  09/11/1891	        NA	        NA	      57.1	    -170.3	 north bay st paul island	           st paul island	
  10/11/1891	        NA	        NA	      57.1	    -170.3	 north bay st paul island	           st paul island	
  10/11/1891	        NA	        NA	      57.1	    -170.3	 north bay st paul island	           st paul island	
  12/11/1891	   56 44 N	  169 52 W	      NA	      NA	      NA
  13/11/1891	        NA	        NA	      56.6	    -169.6	north anchorage st george island	         st george island	
  13/11/1891	        NA	        NA	      56.6	    -169.6	north anchorage st george island	         st george island	
  14/11/1891	        NA	        NA	      56.6	    -169.6	  sw bay st george island	         st george island	
  14/11/1891	        NA	        NA	      56.6	    -169.6	  sw bay st george island	         st george island	
  15/11/1891	        NA	        NA	      56.6	    -169.6	north anchorage st george island	         st george island	
  15/11/1891	        NA	        NA	      56.6	    -169.6	north anchorage st george island	         st george island	
  16/11/1891	   56 11 N	  168 59 W	      NA	      NA	      NA
  18/11/1891	        NA	        NA	      53.9	    -166.5	unalaska harbor unalaska alaska	             unalaska bay	
  18/11/1891	        NA	        NA	      53.9	    -166.5	   unalaska harbor alaska	             unalaska bay	
  19/11/1891	        NA	        NA	      53.9	    -166.5	   unalaska harbor alaska	             unalaska bay	
  19/11/1891	        NA	        NA	      53.9	    -166.5	   unalaska harbor alaska	             unalaska bay	
  20/11/1891	        NA	        NA	      53.9	    -166.5	   unalaska harbor alaska	             unalaska bay	
  20/11/1891	        NA	        NA	      53.9	    -166.5	   unalaska harbor alaska	             unalaska bay	
  21/11/1891	        NA	        NA	      53.9	    -166.5	   unalaska harbor alaska	             unalaska bay	
  21/11/1891	        NA	        NA	      53.9	    -166.5	   unalaska harbor alaska	             unalaska bay	
  22/11/1891	        NA	        NA	      53.9	    -166.5	   unalaska harbor alaska	             unalaska bay	
  22/11/1891	        NA	        NA	      53.9	    -166.5	   unalaska harbor alaska	             unalaska bay	
  23/11/1891	   55 03 N	  167 35 W	      NA	      NA	      NA
  24/11/1891	   56 17 N	  169 30 W	      NA	      NA	      NA
  25/11/1891	        NA	        NA	      56.6	    -169.6	  sw bay st george island	         st george island	
  25/11/1891	        NA	        NA	      56.6	    -169.6	at anchor sw bay st george island	         st george island	
  26/11/1891	        NA	        NA	      56.6	    -169.6	  sw bay st george island	         st george island	
  26/11/1891	        NA	        NA	      56.6	    -169.6	at anchor sw bay st george island	         st george island	
  27/11/1891	        NA	        NA	      57.1	    -170.3	se anchorage st paul island	           st paul island	
  27/11/1891	        NA	        NA	      56.6	    -169.6	at anchor sw bay st george island	         st george island	
  28/11/1891	        NA	        NA	      57.1	    -170.3	se anchorage st paul island	           st paul island	
  28/11/1891	        NA	        NA	      57.1	    -170.3	se anchorage st paul island	           st paul island	
  29/11/1891	        NA	        NA	      57.1	    -170.3	se anchorage st paul island	           st paul island	
  29/11/1891	        NA	        NA	      57.1	    -170.3	    sw bay st paul island	           st paul island	
  30/11/1891	        NA	        NA	      57.1	    -170.3	at anchor se anchorage st paul island	           st paul island	
  30/11/1891	        NA	        NA	      57.1	    -170.3	se anchorage st paul island	           st paul island	
  30/11/1891	        NA	        NA	        NA	        NA	                       NA	                       NA	
  30/11/1891	        NA	        NA	        NA	        NA	                       NA	                       NA	
  01/12/1891	   55 22 N	  168 05 W	      NA	      NA	      NA
  02/12/1891	   53 53 N	  166 26 W	      NA	      NA	      NA
  03/12/1891	   52 19 N	  161 11 W	      NA	      NA	      NA
  04/12/1891	   50 58 N	  157 37 W	      NA	      NA	      NA
  05/12/1891	   49 28 N	  153 28 W	      NA	      NA	      NA
  06/12/1891	   48 56 N	  148 07 W	      NA	      NA	      NA
  07/12/1891	   47 29 N	  143 14 W	      NA	      NA	      NA
  08/12/1891	   45 38 N	  138 26 W	      NA	      NA	      NA
  09/12/1891	   43 30 N	  134 07 W	      NA	      NA	      NA
  10/12/1891	   41 27 N	  130 15 W	      NA	      NA	      NA
  11/12/1891	   39 43 N	  126 38 W	      NA	      NA	      NA
