  01/11/1892	        NA	        NA	      57.1	    -170.3	sw anchorage st paul island	           st paul island	
  03/10/1892	   57 02 N	  170 06 W	      NA	      NA	      NA
  03/11/1892	        NA	        NA	      57.1	    -170.3	sw anchorage st paul island	           st paul island	
  04/10/1892	        NA	        NA	      56.6	    -169.6	      saint george island	      saint george island	
  05/10/1892	        NA	        NA	      56.6	    -169.6	  sw bay st george island	         st george island	
  06/10/1892	        NA	        NA	      56.6	    -169.6	  sw bay st george island	         st george island	
  06/10/1892	        NA	        NA	      56.6	    -169.6	  sw bay st george island	         st george island	
  07/10/1892	   56 19 N	  169 27 W	      NA	      NA	      NA
  08/10/1892	        NA	        NA	      53.9	    -166.5	      dutch harbor alaska	             dutch harbor	
  09/10/1892	        NA	        NA	      53.9	    -166.5	          unalaska alaska	             unalaska bay	
  09/10/1892	        NA	        NA	      53.9	    -166.5	      dutch harbor alaska	             dutch harbor	
  09/10/1892	        NA	        NA	        NA	        NA	                at anchor	                       NA	
  10/11/1892	        NA	        NA	      53.9	    -166.5	          unalaska harbor	             unalaska bay	
  11/11/1892	        NA	        NA	      53.9	    -166.5	          unalaska harbor	             unalaska bay	
  12/11/1892	        NA	        NA	      53.9	    -166.5	          unalaska harbor	             unalaska bay	
  13/11/1892	        NA	        NA	      53.9	    -166.5	          unalaska harbor	             unalaska bay	
  14/11/1892	        NA	        NA	      53.9	    -166.5	          unalaska harbor	             unalaska bay	
  15/11/1892	        NA	        NA	      53.9	    -166.5	          unalaska harbor	             unalaska bay	
  16/11/1892	        NA	        NA	      53.9	    -166.5	          unalaska harbor	             unalaska bay	
  17/11/1892	        NA	        NA	      53.9	    -166.5	          unalaska harbor	             unalaska bay	
  18/11/1892	        NA	        NA	      53.9	    -166.5	      dutch harbor alaska	             dutch harbor	
  20/11/1892	   56 47 N	  170 23 W	      NA	      NA	      NA
  25/11/1892	   57 20 N	  170 01 W	      NA	      NA	      NA
  26/11/1892	   56 45 N	  170 26 W	      NA	      NA	      NA
  29/11/1892	        NA	        NA	      53.9	    -166.5	          unalaska harbor	             unalaska bay	
  01/12/1892	   52 34 N	  161 43 W	      NA	      NA	      NA
  02/12/1892	   51 03 N	  156 58 W	      NA	      NA	      NA
  03/12/1892	   49 03 N	  151 50 W	      NA	      NA	      NA
  04/12/1892	   47 53 N	  149 57 W	      NA	      NA	      NA
  05/12/1892	   47 02 N	  144 37 W	      NA	      NA	      NA
  07/12/1892	   44 30 N	  138 03 W	      NA	      NA	      NA
  08/12/1892	   43 07 N	  134 12 W	      NA	      NA	      NA
  09/12/1892	   41 14 N	  130 14 W	      NA	      NA	      NA
  10/12/1892	   39 19 N	  125 54 W	      NA	      NA	      NA
  11/12/1892	   38 11 N	  123 52 W	      NA	      NA	      NA
  12/12/1892	        NA	        NA	        NA	        NA	                       NA	                       NA	
  12/12/1892	        NA	        NA	        NA	        NA	                       NA	                       NA	
  12/12/1892	        NA	        NA	        NA	        NA	                       NA	                       NA	
  12/12/1892	        NA	        NA	        NA	        NA	                       NA	                       NA	
  12/12/1892	        NA	        NA	        NA	        NA	                       NA	                       NA	
  12/12/1892	        NA	        NA	        NA	        NA	                       NA	                       NA	
  12/12/1892	        NA	        NA	        NA	        NA	                       NA	                       NA	
  12/12/1892	        NA	        NA	        NA	        NA	                       NA	                       NA	
  12/12/1892	        NA	        NA	        NA	        NA	                       NA	                       NA	
  02/03/1892	        NA	        NA	      37.8	    -122.4	        san francisco cal	        san francisco bay	
  04/03/1892	        NA	        NA	      37.8	    -122.4	        san francisco cal	        san francisco bay	
  06/03/1892	        NA	        NA	      37.8	    -122.4	        san francisco cal	        san francisco bay	
  08/03/1892	        NA	        NA	      37.8	    -122.4	        san francisco cal	        san francisco bay	
  10/03/1892	        NA	        NA	      37.8	    -122.4	        san francisco cal	        san francisco bay	
  12/03/1892	        NA	        NA	      37.8	    -122.4	        san francisco cal	        san francisco bay	
  14/03/1892	        NA	        NA	      37.8	    -122.4	        san francisco cal	        san francisco bay	
  15/03/1892	        NA	        NA	      37.8	    -122.4	        san francisco cal	        san francisco bay	
  17/03/1892	        NA	        NA	      37.8	    -122.4	        san francisco cal	        san francisco bay	
  19/03/1892	        NA	        NA	      37.8	    -122.4	        san francisco cal	        san francisco bay	
  22/03/1892	        NA	        NA	      37.8	    -122.4	        san francisco cal	        san francisco bay	
  24/03/1892	        NA	        NA	      37.8	    -122.4	        san francisco cal	        san francisco bay	
  26/03/1892	        NA	        NA	      37.8	    -122.4	        san francisco cal	        san francisco bay	
  29/03/1892	        NA	        NA	      37.8	    -122.4	        san francisco cal	        san francisco bay	
  02/04/1892	        NA	        NA	      37.8	    -122.4	        san francisco cal	        san francisco bay	
  03/04/1892	        NA	        NA	      37.8	    -122.4	        san francisco cal	        san francisco bay	
  06/04/1892	        NA	        NA	      37.8	    -122.4	        san francisco cal	        san francisco bay	
  07/04/1892	        NA	        NA	      37.8	    -122.4	        san francisco cal	        san francisco bay	
  10/04/1892	        NA	        NA	      37.8	    -122.4	        san francisco cal	        san francisco bay	
  11/04/1892	        NA	        NA	      37.8	    -122.4	        san francisco cal	        san francisco bay	
  13/04/1892	        NA	        NA	      37.8	    -122.4	        san francisco cal	        san francisco bay	
  15/04/1892	        NA	        NA	      37.8	    -122.4	        san francisco cal	        san francisco bay	
  18/04/1892	        NA	        NA	      37.8	    -122.4	        san francisco cal	        san francisco bay	
  20/04/1892	        NA	        NA	      37.8	    -122.4	        san francisco cal	        san francisco bay	
  21/04/1892	        NA	        NA	      37.8	    -122.4	        san francisco cal	        san francisco bay	
  24/04/1892	        NA	        NA	      37.8	    -122.4	        san francisco cal	        san francisco bay	
  25/04/1892	        NA	        NA	      37.8	    -122.4	        san francisco cal	        san francisco bay	
  27/04/1892	        NA	        NA	      37.8	    -122.4	        san francisco cal	        san francisco bay	
  27/04/1892	        NA	        NA	        NA	        NA	                       NA	                       NA	
  27/04/1892	        NA	        NA	        NA	        NA	                       NA	                       NA	
  13/12/1892	        NA	        NA	      37.8	    -122.4	        san francisco cal	        san francisco bay	
  14/12/1892	        NA	        NA	      37.8	    -122.4	        san francisco cal	        san francisco bay	
  15/12/1892	        NA	        NA	      37.8	    -122.4	        san francisco cal	        san francisco bay	
  16/12/1892	        NA	        NA	      37.8	    -122.4	        san francisco cal	        san francisco bay	
  17/12/1892	        NA	        NA	      37.8	    -122.4	        san francisco cal	        san francisco bay	
  18/12/1892	        NA	        NA	      37.8	    -122.4	        san francisco cal	        san francisco bay	
  19/12/1892	        NA	        NA	      37.8	    -122.4	        san francisco cal	        san francisco bay	
  20/12/1892	        NA	        NA	      37.8	    -122.4	        san francisco cal	        san francisco bay	
  22/12/1892	        NA	        NA	      37.8	    -122.4	        off saucelito cal	            san francisco	
  23/12/1892	        NA	        NA	      37.8	    -122.4	            saucelito cal	            san francisco	
  24/12/1892	        NA	        NA	      37.8	    -122.4	off  wharf san francisco cal	        san francisco bay	
  25/12/1892	        NA	        NA	      37.8	    -122.4	off meigs wharf san francisco	        san francisco bay	
  26/12/1892	        NA	        NA	      37.8	    -122.4	off meigs wharf san francisco cal	        san francisco bay	
  27/12/1892	        NA	        NA	      37.8	    -122.4	off meigs wharf san francisco cal	        san francisco bay	
  28/12/1892	        NA	        NA	      37.8	    -122.4	off meigs wharf san francisco	        san francisco bay	
  31/12/1892	        NA	        NA	      37.8	    -122.4	        san francisco cal	        san francisco bay	
  03/01/1892	        NA	        NA	      37.8	    -122.4	        san francisco cal	        san francisco bay	
  05/01/1892	        NA	        NA	      37.8	    -122.4	        san francisco cal	        san francisco bay	
  28/04/1892	   39 45 N	  124 25 W	      NA	      NA	      NA
  29/04/1892	   43 11 N	  125 02 W	      NA	      NA	      NA
  30/04/1892	   46 47 N	  125 09 W	      NA	      NA	      NA
  01/05/1892	        NA	        NA	        NA	        NA	                       NA	                       NA	
  01/05/1892	        NA	        NA	      47.6	    -122.3	       seattle washington	                  seattle	
  02/05/1892	        NA	        NA	        NA	        NA	                       NA	                       NA	
  02/05/1892	        NA	        NA	      47.6	    -122.3	       seattle washington	                  seattle	
  03/05/1892	        NA	        NA	      47.6	    -122.3	       seattle washington	                  seattle	
  03/05/1892	        NA	        NA	      47.6	    -122.3	       seattle washington	                  seattle	
  04/05/1892	        NA	        NA	      47.6	    -122.3	       seattle washington	                  seattle	
  04/05/1892	        NA	        NA	      47.6	    -122.3	       seattle washington	                  seattle	
  05/05/1892	        NA	        NA	      47.6	    -122.3	       seattle washington	                  seattle	
  05/05/1892	        NA	        NA	      47.6	    -122.3	       seattle washington	                  seattle	
  06/05/1892	        NA	        NA	      47.6	    -122.3	       seattle washington	                  seattle	
  06/05/1892	        NA	        NA	      47.6	    -122.3	       seattle washington	                  seattle	
  07/05/1892	        NA	        NA	        NA	        NA	                       NA	                       NA	
  07/05/1892	        NA	        NA	      47.6	    -122.3	       seattle washington	                  seattle	
  08/05/1892	        NA	        NA	      47.6	    -122.3	             seattle wash	                  seattle	
  08/05/1892	        NA	        NA	      47.6	    -122.3	       seattle washington	                  seattle	
  09/05/1892	        NA	        NA	      47.6	    -122.3	       seattle washington	                  seattle	
  09/05/1892	        NA	        NA	      47.6	    -122.3	       seattle washington	                  seattle	
  10/05/1892	        NA	        NA	        NA	        NA	                       NA	                       NA	
  10/05/1892	        NA	        NA	      48.1	    -122.8	 port townsend washington	            port townsend	
  11/05/1892	        NA	        NA	      48.1	    -122.8	 port townsend washington	            port townsend	
  11/05/1892	        NA	        NA	      48.1	    -122.8	 port townsend washington	            port townsend	
  12/05/1892	        NA	        NA	      48.1	    -122.8	 port townsend washington	            port townsend	
  12/05/1892	        NA	        NA	      48.1	    -122.8	 port townsend washington	            port townsend	
  13/05/1892	   48 47 N	  126 21 W	      NA	      NA	      NA
  14/05/1892	   49 45 N	  131 47 W	      NA	      NA	      NA
  15/05/1892	   50 28 N	  137 06 W	      NA	      NA	      NA
  16/05/1892	   51 35 N	  140 50 W	      NA	      NA	      NA
  17/05/1892	   52 12 N	  145 27 W	      NA	      NA	      NA
  18/05/1892	   52 48 N	  151 53 W	      NA	      NA	      NA
  19/05/1892	   53 11 N	  157 40 W	      NA	      NA	      NA
  20/05/1892	   53 42 N	  162 50 W	      NA	      NA	      NA
  21/05/1892	        NA	        NA	        NA	        NA	                       NA	                       NA	
  21/05/1892	        NA	        NA	      53.9	    -166.5	      dutch harbor alaska	             dutch harbor	
  22/05/1892	        NA	        NA	        NA	        NA	                       NA	                       NA	
  22/05/1892	        NA	        NA	      53.9	    -166.5	      dutch harbor alaska	             dutch harbor	
  23/05/1892	        NA	        NA	        NA	        NA	                       NA	                       NA	
  23/05/1892	        NA	        NA	      53.9	    -166.5	      dutch harbor alaska	             dutch harbor	
  24/05/1892	        NA	        NA	        NA	        NA	                       NA	                       NA	
  24/05/1892	        NA	        NA	      53.9	    -166.5	          unalaska alaska	             unalaska bay	
  25/05/1892	   54 28 N	  167 02 W	      NA	      NA	      NA
  26/05/1892	   56 12 N	  169 16 W	      NA	      NA	      NA
  27/05/1892	        NA	        NA	      56.6	    -169.6	villiage st george island	         st george island	
  28/05/1892	        NA	        NA	        NA	        NA	                       NA	                       NA	
  28/05/1892	        NA	        NA	      56.6	    -169.6	north anchorage st george island	         st george island	
  29/05/1892	        NA	        NA	        NA	        NA	                       NA	                       NA	
  29/05/1892	        NA	        NA	      56.6	    -169.6	north anchorage st george island	         st george island	
  30/05/1892	        NA	        NA	        NA	        NA	                       NA	                       NA	
  30/05/1892	        NA	        NA	      56.6	    -169.6	north anchorage st george island	         st george island	
  31/05/1892	        NA	        NA	        NA	        NA	                       NA	                       NA	
  31/05/1892	        NA	        NA	        NA	        NA	                       NA	                       NA	
  31/05/1892	        NA	        NA	        NA	        NA	                       NA	                       NA	
  31/05/1892	        NA	        NA	      57.1	    -170.3	se anchorage st paul island	           st paul island	
  01/06/1892	   57 10 N	  170 30 W	      NA	      NA	      NA
  02/06/1892	   60 18 N	  171 58 W	      NA	      NA	      NA
  03/06/1892	   60 38 N	  172 40 W	      NA	      NA	      NA
  04/06/1892	   60 50 N	  176 07 W	      NA	      NA	      NA
  05/06/1892	   62 14 N	  178 25 E	      NA	      NA	      NA
  06/06/1892	   62 16 N	  178 25 E	      NA	      NA	      NA
  07/06/1892	   62 46 N	  177 35 W	      NA	      NA	      NA
  08/06/1892	   63 23 N	  172 55 W	      NA	      NA	      NA
  09/06/1892	   63 48 N	  171 34 W	      NA	      NA	      NA
  10/06/1892	   63 50 N	  171 35 W	      NA	      NA	      NA
  11/06/1892	   64 21 N	  170 14 W	      NA	      NA	      NA
  12/06/1892	   64 01 N	  171 05 W	      NA	      NA	      NA
  13/06/1892	   63 52 N	  168 10 W	      NA	      NA	      NA
  14/06/1892	   65 03 N	  167 55 W	      NA	      NA	      NA
  15/06/1892	   64 55 N	  167 45 W	      NA	      NA	      NA
  16/06/1892	   64 19 N	  163 15 W	      NA	      NA	      NA
  18/06/1892	   63 30 N	  161 40 W	      NA	      NA	      NA
  19/06/1892	   63 30 N	  161 40 W	      NA	      NA	      NA
  20/06/1892	   64 09 N	  162 38 W	      NA	      NA	      NA
  21/06/1892	   64 23 N	  162 46 W	      NA	      NA	      NA
  22/06/1892	   63 30 N	  161 40 W	      NA	      NA	      NA
  23/06/1892	   64 27 N	  165 53 W	      NA	      NA	      NA
  24/06/1892	   65 16 N	  164 42 W	      NA	      NA	      NA
  25/06/1892	   65 16 N	  166 42 W	      NA	      NA	      NA
  26/06/1892	   65 16 N	  166 42 W	      NA	      NA	      NA
  27/06/1892	   65 16 N	  166 42 W	      NA	      NA	      NA
  28/06/1892	   65 16 N	  166 42 W	      NA	      NA	      NA
  29/06/1892	   65 16 N	  166 42 W	      NA	      NA	      NA
  30/06/1892	   65 22 N	  167 30 W	      NA	      NA	      NA
  01/07/1892	   65 25 N	  171 10 W	      NA	      NA	      NA
  02/07/1892	   65 19 N	  168 26 W	      NA	      NA	      NA
  03/07/1892	   65 19 N	  166 30 W	      NA	      NA	      NA
  04/07/1892	   65 19 N	  166 30 W	      NA	      NA	      NA
  05/07/1892	   66 12 N	  169 45 W	      NA	      NA	      NA
  06/07/1892	   66 12 N	  169 55 W	      NA	      NA	      NA
  07/07/1892	   65 25 N	  168 04 W	      NA	      NA	      NA
  08/07/1892	   65 19 N	  166 40 W	      NA	      NA	      NA
  09/07/1892	   65 19 N	  166 30 W	      NA	      NA	      NA
  10/07/1892	   65 16 N	  166 44 W	      NA	      NA	      NA
  11/07/1892	   65 16 N	  166 46 W	      NA	      NA	      NA
  12/07/1892	   65 16 N	  166 44 W	      NA	      NA	      NA
  13/07/1892	   65 50 N	  168 40 W	      NA	      NA	      NA
  14/07/1892	        NA	        NA	      65.2	    -166.7	     port clarence alaska	           port clearance	
  15/07/1892	      67 N	     172 W	      66.9	    -171.6	west of cape serdzekamen siberia	         cape serdzekamen	
  16/07/1892	   67 03 N	  172 00 W	      NA	      NA	      NA
  17/07/1892	   67 00 N	  171 40 W	      NA	      NA	      NA
  18/07/1892	      67 N	  171 40 W	      NA	      NA	      NA
  19/07/1892	   67 01 N	  171 43 W	      NA	      NA	      NA
  20/07/1892	   65 50 N	  168 50 W	      NA	      NA	      NA
  21/07/1892	   66 19 N	  166 30 W	      NA	      NA	      NA
  22/07/1892	   66 19 N	  166 30 W	      NA	      NA	      NA
  23/07/1892	   66 18 N	  166 30 W	      NA	      NA	      NA
  24/07/1892	   65 18 N	  167 25 W	      NA	      NA	      NA
  25/07/1892	   65 37 N	  170 43 W	      NA	      NA	      NA
  26/07/1892	   65 27 N	  171 15 W	      NA	      NA	      NA
  27/07/1892	   65 27 N	  171 15 W	      NA	      NA	      NA
  28/07/1892	   65 21 N	  167 36 W	      NA	      NA	      NA
  29/07/1892	   65 19 N	  166 30 W	      NA	      NA	      NA
  30/07/1892	   65 18 N	  166 30 W	      NA	      NA	      NA
  31/07/1892	   65 18 N	  166 30 W	      NA	      NA	      NA
  01/08/1892	   65 02 N	  168 10 W	      NA	      NA	      NA
  02/08/1892	   64 15 N	  173 16 W	      NA	      NA	      NA
  03/08/1892	   64 32 N	  173 20 W	      NA	      NA	      NA
  04/08/1892	   64 35 N	  173 22 W	      NA	      NA	      NA
  05/08/1892	   65 19 N	  179 05 W	      NA	      NA	      NA
  06/08/1892	   65 30 N	  179 10 W	      NA	      NA	      NA
  07/08/1892	   65 19 N	  178 15 W	      NA	      NA	      NA
  08/08/1892	   64 07 N	  172 58 W	      NA	      NA	      NA
  09/08/1892	   65 18 N	  167 42 W	      NA	      NA	      NA
  10/08/1892	   65 46 N	  168 12 W	      NA	      NA	      NA
  11/08/1892	   66 46 N	  162 30 W	      NA	      NA	      NA
  12/08/1892	   67 33 N	  164 46 W	      NA	      NA	      NA
  13/08/1892	   70 02 N	  162 07 W	      NA	      NA	      NA
  15/08/1892	   68 23 N	  166 37 W	      NA	      NA	      NA
  14/08/1892	   71 14 N	  156 42 W	      NA	      NA	      NA
  16/08/1892	   71 17 N	  156 35 W	      NA	      NA	      NA
  17/08/1892	   71 17 N	  156 35 W	      NA	      NA	      NA
  18/08/1892	   71 17 N	  156 35 W	      NA	      NA	      NA
  19/08/1892	   71 13 N	  156 58 W	      NA	      NA	      NA
  20/08/1892	   70 48 N	  159 35 W	      NA	      NA	      NA
  21/08/1892	   71 19 N	  156 35 W	      NA	      NA	      NA
  22/08/1892	   71 00 N	  158 34 W	      NA	      NA	      NA
  23/08/1892	   70 26 N	  161 00 W	      NA	      NA	      NA
  24/08/1892	        NA	        NA	      70.3	    -161.9	          icy cape alaska	                 icy cape	
  24/08/1892	        NA	        NA	        NA	        NA	                at anchor	                       NA	
  25/08/1892	   70 22 N	  161 35 W	      NA	      NA	      NA
  26/08/1892	   70 28 N	  161 09 W	      NA	      NA	      NA
  27/08/1892	   69 27 N	  164 29 W	      NA	      NA	      NA
  28/08/1892	   68 54 N	  165 17 W	      NA	      NA	      NA
  29/08/1892	   68 38 N	  166 38 W	      NA	      NA	      NA
  30/08/1892	   68 16 N	  166 53 W	      NA	      NA	      NA
  31/08/1892	   66 40 N	  167 43 W	      NA	      NA	      NA
  01/09/1892	   65 33 N	  168 03 W	      NA	      NA	      NA
  02/09/1892	   65 17 N	  167 13 W	      NA	      NA	      NA
  03/09/1892	   65 16 N	  166 24 W	      NA	      NA	      NA
  04/09/1892	   64 28 N	  166 10 W	      NA	      NA	      NA
  05/09/1892	   63 30 N	  161 40 W	      NA	      NA	      NA
  06/09/1892	   63 30 N	  161 40 W	      NA	      NA	      NA
  07/09/1892	   63 30 N	  161 40 W	      NA	      NA	      NA
  08/09/1892	   63 30 N	  161 40 W	      NA	      NA	      NA
  09/09/1892	   63 30 N	  161 40 W	      NA	      NA	      NA
  10/09/1892	   63 30 N	  161 40 W	      NA	      NA	      NA
  11/09/1892	   63 30 N	  161 40 W	      NA	      NA	      NA
  12/09/1892	   63 30 N	  161 40 W	      NA	      NA	      NA
  13/09/1892	   63 30 N	  161 46 W	      NA	      NA	      NA
  14/09/1892	   62 33 N	  161 42 W	      NA	      NA	      NA
  15/09/1892	   63 36 N	  166 10 W	      NA	      NA	      NA
  16/09/1892	   59 20 N	  169 19 W	      NA	      NA	      NA
  17/09/1892	   55 38 N	  167 40 W	      NA	      NA	      NA
  18/09/1892	   53 54 N	  166 31 W	      NA	      NA	      NA
  20/09/1892	        NA	        NA	      53.9	    -166.5	      dutch harbor alaska	             dutch harbor	
  21/09/1892	        NA	        NA	      53.9	    -166.5	      dutch harbor alaska	             dutch harbor	
  22/09/1892	        NA	        NA	      53.9	    -166.5	      dutch harbor alaska	             dutch harbor	
  23/09/1892	        NA	        NA	      53.9	    -166.5	      dutch harbor alaska	             dutch harbor	
  24/09/1892	        NA	        NA	      53.9	    -166.5	      dutch harbor alaska	             dutch harbor	
  25/09/1892	        NA	        NA	      53.9	    -166.5	      dutch harbor alaska	             dutch harbor	
  26/09/1892	        NA	        NA	      53.9	    -166.5	      dutch harbor alaska	             dutch harbor	
  27/09/1892	        NA	        NA	      53.9	    -166.5	      dutch harbor alaska	             dutch harbor	
  28/09/1892	        NA	        NA	        NA	        NA	                       NA	                       NA	
  29/09/1892	        NA	        NA	      53.9	    -166.5	      dutch harbor alaska	             dutch harbor	
  29/09/1892	        NA	        NA	        NA	        NA	                at anchor	                       NA	
  30/09/1892	        NA	        NA	      53.9	    -166.5	      dutch harbor alaska	             dutch harbor	
  30/09/1892	        NA	        NA	        NA	        NA	                       NA	                       NA	
  01/10/1892	   54 08 N	  166 40 W	      NA	      NA	      NA
  02/10/1892	   55 40 N	  169 08 W	      NA	      NA	      NA
  03/10/1892	   57 00 N	  169 58 W	      NA	      NA	      NA
  04/10/1892	        NA	        NA	        NA	        NA	                       NA	                       NA	
  04/10/1892	        NA	        NA	      57.1	    -170.3	 at anchor st paul island	                  st paul	
  05/10/1892	        NA	        NA	      57.1	    -170.3	se anchorage st paul island	           st paul island	
  05/10/1892	        NA	        NA	      56.6	    -169.6	  sw bay st george island	         st george island	
  06/10/1892	        NA	        NA	      56.6	    -169.6	  sw bay st george island	         st george island	
  06/10/1892	        NA	        NA	      56.6	    -169.6	north anchorage st george island	         st george island	
  08/10/1892	        NA	        NA	      57.1	    -170.3	north anchorage st george island	         st george island	
  08/10/1892	        NA	        NA	        NA	        NA	                at anchor	                       NA	
  09/10/1892	        NA	        NA	      57.1	    -170.3	se anchorage st paul island	           st paul island	
  09/10/1892	        NA	        NA	        NA	        NA	                at anchor	                       NA	
  10/10/1892	   56 46 N	  169 40 W	      NA	      NA	      NA
  11/10/1892	        NA	        NA	      57.1	    -170.3	se anchorage st paul island	           st paul island	
  11/10/1892	        NA	        NA	      56.6	    -169.6	north anchorage st george island	         st george island	
  12/10/1892	        NA	        NA	      56.6	    -169.6	north anchorage st george island	         st george island	
  12/10/1892	        NA	        NA	      56.6	    -169.6	north anchorage st george island	         st george island	
  13/10/1892	   56 46 N	  169 54 W	      NA	      NA	      NA
  14/10/1892	        NA	        NA	      56.6	    -169.6	         st george island	         st george island	
  14/10/1892	        NA	        NA	      57.1	    -170.3	se anchorage st paul island	           st paul island	
  15/10/1892	        NA	        NA	      57.1	    -170.3	se anchorage st paul island	           st paul island	
  15/10/1892	        NA	        NA	      57.1	    -170.3	se anchorage st paul island	           st paul island	
  16/10/1892	        NA	        NA	      57.1	    -170.3	se anchorage st paul island	           st paul island	
  17/10/1892	   57 40 N	  170 13 W	      NA	      NA	      NA
  18/10/1892	        NA	        NA	      57.1	    -170.3	se anchorage st paul island	           st paul island	
  18/10/1892	        NA	        NA	      56.6	    -169.6	north anchorage st paul island	         st george island	
  19/10/1892	        NA	        NA	        NA	        NA	north anchorage st paul island	                       NA	
  19/10/1892	        NA	        NA	      57.1	    -170.3	east anchorage st paul island	           st paul island	
  20/10/1892	        NA	        NA	      57.1	    -170.3	se anchorage st paul island	           st paul island	
  20/10/1892	        NA	        NA	      57.1	    -170.3	se anchorage st paul island	           st paul island	
  21/10/1892	        NA	        NA	      57.1	    -170.3	se anchorage st paul island	           st paul island	
  22/10/1892	   56 48 N	  169 39 W	      NA	      NA	      NA
  23/10/1892	        NA	        NA	      57.1	    -170.3	se anchorage st paul island	           st paul island	
  23/10/1892	        NA	        NA	      56.6	    -169.6	garden cove st george island	         st george island	
  24/10/1892	        NA	        NA	      56.6	    -169.6	garden cove st george island	         st george island	
  24/10/1892	        NA	        NA	      56.6	    -169.6	  sw bay st george island	         st george island	
  25/10/1892	   56 38 N	  169 26 W	      NA	      NA	      NA
  26/10/1892	        NA	        NA	        NA	        NA	                       NA	                       NA	
  26/10/1892	        NA	        NA	      56.6	    -169.6	  sw bay st george island	         st george island	
  27/10/1892	        NA	        NA	      56.6	    -169.6	  sw bay st george island	         st george island	
  27/10/1892	        NA	        NA	      56.6	    -169.6	garden cove st george island	         st george island	
  28/10/1892	        NA	        NA	      56.6	    -169.6	garden cove st george island	         st george island	
  28/10/1892	        NA	        NA	      56.6	    -169.6	sea lion pt st george island	         st george island	
  29/10/1892	   56 57 N	  170 07 W	      NA	      NA	      NA
  30/10/1892	        NA	        NA	      56.6	    -169.6	  sw bay st george island	         st george island	
  30/10/1892	        NA	        NA	      57.1	    -170.3	sw anchorage st paul island	           st paul island	
  31/10/1892	        NA	        NA	      57.1	    -170.3	sw anchorage st paul island	           st paul island	
  31/10/1892	        NA	        NA	        NA	        NA	                at anchor	                       NA	
  01/11/1892	        NA	        NA	      57.1	    -170.3	sw anchorage st paul island	           st paul island	
  01/11/1892	        NA	        NA	        NA	        NA	                       NA	                       NA	
  01/11/1892	        NA	        NA	        NA	        NA	                       NA	                       NA	
  01/11/1892	        NA	        NA	      57.1	    -170.3	sw anchorage st paul island	           st paul island	
  01/11/1892	        NA	        NA	      57.1	    -170.3	sw anchorage st paul island bering sea	           st paul island	
  01/11/1892	        NA	        NA	      57.1	    -170.3	sw anchorage st paul island	           st paul island	
  02/11/1892	   57 02 N	  170 06 W	      NA	      NA	      NA
  03/11/1892	        NA	        NA	      57.1	    -170.3	sw anchorage st paul island	           st paul island	
  03/11/1892	        NA	        NA	      56.6	    -169.6	north anchorage st george island	         st george island	
  04/11/1892	        NA	        NA	        NA	        NA	                       NA	                       NA	
  04/11/1892	        NA	        NA	      56.6	    -169.6	  sw bay st george island	         st george island	
  05/11/1892	        NA	        NA	      56.6	    -169.6	  sw bay st george island	         st george island	
  06/11/1892	   56 19 N	  169 27 W	      NA	      NA	      NA
  07/11/1892	        NA	        NA	      56.6	    -169.6	  sw bay st george island	         st george island	
  07/11/1892	        NA	        NA	      53.9	    -166.5	      dutch harbor alaska	             dutch harbor	
  08/11/1892	        NA	        NA	      53.9	    -166.5	          unalaska alaska	             unalaska bay	
  09/11/1892	        NA	        NA	      53.9	    -166.5	      dutch harbor alaska	             dutch harbor	
  09/11/1892	        NA	        NA	        NA	        NA	                at anchor	                       NA	
  10/11/1892	        NA	        NA	        NA	        NA	                       NA	                       NA	
  11/11/1892	        NA	        NA	      53.9	    -166.5	          unalaska harbor	             unalaska bay	
  12/11/1892	        NA	        NA	        NA	        NA	                       NA	                       NA	
  13/11/1892	        NA	        NA	      53.9	    -166.5	          unalaska harbor	             unalaska bay	
  14/11/1892	        NA	        NA	      53.9	    -166.5	          unalaska harbor	             unalaska bay	
  15/11/1892	        NA	        NA	      53.9	    -166.5	          unalaska harbor	             unalaska bay	
  16/11/1892	        NA	        NA	      53.9	    -166.5	          unalaska harbor	             unalaska bay	
  17/11/1892	        NA	        NA	      53.9	    -166.5	          unalaska harbor	             unalaska bay	
  18/11/1892	        NA	        NA	      53.9	    -166.5	             dutch harbor	             dutch harbor	
  19/11/1892	   54 29 N	  167 42 W	      NA	      NA	      NA
  20/11/1892	   56 47 N	  170 23 W	      NA	      NA	      NA
  21/11/1892	   56 50 N	  170 21 W	      NA	      NA	      NA
  22/11/1892	   56 40 N	  169 42 W	      NA	      NA	      NA
  23/11/1892	   56 45 N	  169 28 W	      NA	      NA	      NA
  24/11/1892	   56 40 N	  169 33 W	      NA	      NA	      NA
  25/11/1892	   57 20 N	  170 01 W	      NA	      NA	      NA
  26/11/1892	   56 45 N	  170 26 W	      NA	      NA	      NA
  27/11/1892	   54 27 N	  167 10 W	      NA	      NA	      NA
  28/11/1892	        NA	        NA	        NA	        NA	                       NA	                       NA	
  29/11/1892	        NA	        NA	      53.9	    -166.5	          unalaska harbor	             unalaska bay	
  30/11/1892	   53 54 N	  166 04 W	      NA	      NA	      NA
  01/12/1892	   52 34 N	  161 43 W	      NA	      NA	      NA
  02/12/1892	   51 02 N	  156 58 W	      NA	      NA	      NA
  03/12/1892	   49 03 N	  151 50 W	      NA	      NA	      NA
  04/12/1892	   48 24 N	  149 17 W	      NA	      NA	      NA
  05/12/1892	   47 02 N	  144 37 W	      NA	      NA	      NA
  06/12/1892	   46 06 N	  142 21 W	      NA	      NA	      NA
  07/12/1892	   44 30 N	  138 03 W	      NA	      NA	      NA
  08/12/1892	   43 07 N	  134 12 W	      NA	      NA	      NA
  09/12/1892	   41 14 N	  130 04 W	      NA	      NA	      NA
  10/12/1892	   39 12 N	  125 48 W	      NA	      NA	      NA
  11/12/1892	   38 11 N	  123 52 W	      NA	      NA	      NA
  12/12/1892	        NA	        NA	        NA	        NA	                       NA	                       NA	
  12/12/1892	        NA	        NA	        NA	        NA	                       NA	                       NA	
  13/12/1892	        NA	        NA	      37.8	    -122.4	 san francisco california	        san francisco bay	
  13/12/1892	        NA	        NA	        NA	        NA	                       NA	                       NA	
  13/12/1892	        NA	        NA	        NA	        NA	                       NA	                       NA	
