  21/04/1894	   39 53 N	  124 26 W	      NA	      NA	      NA
  22/04/1894	   43 00 N	  124 58 W	      NA	      NA	      NA
  23/04/1894	   45 50 N	  124 22 W	      NA	      NA	      NA
  24/04/1894	        NA	        NA	        NA	        NA	                       NA	                       NA	
  24/04/1894	        NA	        NA	        NA	        NA	                       NA	                       NA	
  25/04/1894	        NA	        NA	        NA	        NA	                       NA	                       NA	
  25/04/1894	        NA	        NA	      47.6	    -122.3	             seattle wash	                  seattle	
  26/04/1894	        NA	        NA	        NA	        NA	                       NA	                       NA	
  26/04/1894	        NA	        NA	      47.6	    -122.3	             seattle wash	                  seattle	
  27/04/1894	        NA	        NA	        NA	        NA	                       NA	                       NA	
  27/04/1894	        NA	        NA	      47.6	    -122.3	             seattle wash	                  seattle	
  28/04/1894	        NA	        NA	        NA	        NA	                       NA	                       NA	
  28/04/1894	        NA	        NA	      48.1	    -122.8	       port townsend wash	            port townsend	
  29/04/1894	        NA	        NA	        NA	        NA	                       NA	                       NA	
  29/04/1894	        NA	        NA	      48.1	    -122.8	       port townsend wash	            port townsend	
  30/04/1894	        NA	        NA	        NA	        NA	                       NA	                       NA	
  30/04/1894	        NA	        NA	        NA	        NA	                       NA	                       NA	
  01/05/1894	        NA	        NA	        NA	        NA	                       NA	                       NA	
  01/05/1894	        NA	        NA	      48.1	    -122.8	       port townsend wash	            port townsend	
  02/05/1894	        NA	        NA	        NA	        NA	                       NA	                       NA	
  02/05/1894	        NA	        NA	      48.1	    -122.8	       port townsend wash	            port townsend	
  03/05/1894	        NA	        NA	        NA	        NA	                       NA	                       NA	
  03/05/1894	        NA	        NA	      48.1	    -122.8	       port townsend wash	            port townsend	
  04/05/1894	        NA	        NA	        NA	        NA	                       NA	                       NA	
  04/05/1894	        NA	        NA	        NA	        NA	middle pt e12s 2 12 miles	                       NA	
  05/05/1894	   48 43 N	  125 48 W	      NA	      NA	      NA
  06/05/1894	   50 37 N	  129 35 W	      NA	      NA	      NA
  07/05/1894	   51 45 N	  131 23 W	      NA	      NA	      NA
  08/05/1894	   54 21 N	  133 39 W	      NA	      NA	      NA
  09/05/1894	   55 53 N	  134 44 W	      NA	      NA	      NA
  10/05/1894	        NA	        NA	        NA	        NA	                       NA	                       NA	
  10/05/1894	        NA	        NA	      57.0	    -135.4	             sitka alaska	                    sitka	
  11/05/1894	        NA	        NA	        NA	        NA	                       NA	                       NA	
  11/05/1894	        NA	        NA	      57.0	    -135.4	             sitka alaska	                    sitka	
  12/05/1894	        NA	        NA	      57.0	    -135.4	             sitka alaska	                    sitka	
  12/05/1894	        NA	        NA	      57.0	    -135.4	             sitka alaska	                    sitka	
  13/05/1894	        NA	        NA	      57.0	    -135.4	             sitka alaska	                    sitka	
  13/05/1894	        NA	        NA	      57.0	    -135.4	             sitka alaska	                    sitka	
  14/05/1894	        NA	        NA	        NA	        NA	             sikta alaska	                       NA	
  14/05/1894	        NA	        NA	      57.0	    -135.4	             sitka alaska	                    sitka	
  15/05/1894	        NA	        NA	      57.0	    -135.4	             sitka alaska	                    sitka	
  15/05/1894	        NA	        NA	      57.0	    -135.4	             sitka alaska	                    sitka	
  16/05/1894	        NA	        NA	      57.0	    -135.4	             sitka alaska	                    sitka	
  16/05/1894	        NA	        NA	      57.0	    -135.4	             sitka alaska	                    sitka	
  17/05/1894	        NA	        NA	        NA	        NA	                       NA	                       NA	
  17/05/1894	        NA	        NA	      57.0	    -135.4	             sitka alaska	                    sitka	
  18/05/1894	   57 15 N	  136 23 W	      NA	      NA	      NA
  19/05/1894	   58 42 N	  139 47 W	      NA	      NA	      NA
  20/05/1894	   59 46 N	  144 37 W	      NA	      NA	      NA
  21/05/1894	        NA	        NA	        NA	        NA	                       NA	                       NA	
  21/05/1894	        NA	        NA	      60.5	    -145.8	off east end hawkins id cordova bay	                  cordova	
  22/05/1894	        NA	        NA	        NA	        NA	                       NA	                       NA	
  22/05/1894	        NA	        NA	      60.5	    -145.8	head of cordova bay alaska	                  cordova	
  23/05/1894	        NA	        NA	        NA	        NA	                       NA	                       NA	
  23/05/1894	        NA	        NA	      60.5	    -145.8	head of cordova bay alaska	                  cordova	
  24/05/1894	        NA	        NA	        NA	        NA	                       NA	                       NA	
  24/05/1894	        NA	        NA	      60.3	    -146.6	       port etches alaska	              port etches	
  25/05/1894	        NA	        NA	      60.3	    -146.6	       port etches alaska	              port etches	
  26/05/1894	   59 36 N	  148 13 W	      NA	      NA	      NA
  27/05/1894	   59 42 N	  152 12 W	      NA	      NA	      NA
  29/05/1894	   59 30 N	  152 43 W	      NA	      NA	      NA
  30/05/1894	        NA	        NA	    56.2  	      -3.0	off fort kenai cooks inlet	                    forth	
  30/05/1894	        NA	        NA	      34.2	      35.0	off karluk alaska  uyak bay	                     kure	
  31/05/1894	        NA	        NA	      57.4	    -154.9	          shelikof strait	          shelikof strait	
  31/05/1894	        NA	        NA	      57.8	    -152.4	at anchor uyak bay kodiak id alaska	                   kodiak	
  01/06/1894	   58 00 N	  153 33 W	      NA	      NA	      NA
  02/06/1894	        NA	        NA	      29.5	      35.0	          uyak bay alaska	                    akaba	
  02/06/1894	        NA	        NA	      57.8	    -152.4	 st paul harbor kodiak id	           st paul harbor	
  03/06/1894	   57 07 N	  152 19 W	      NA	      NA	      NA
  04/06/1894	   55 44 N	  155 40 W	      NA	      NA	      NA
  05/06/1894	   55 10 N	  160 30 W	      NA	      NA	      NA
  06/06/1894	        NA	        NA	        NA	        NA	                       NA	                       NA	
  07/06/1894	   55 18 N	  161 34 W	      NA	      NA	      NA
  08/06/1894	   54 22 N	  164 02 W	      NA	      NA	      NA
  09/06/1894	        NA	        NA	        NA	        NA	         bilkofsky alaska	                       NA	
  09/06/1894	        NA	        NA	        NA	        NA	                       NA	                       NA	
  10/06/1894	        NA	        NA	        NA	        NA	                       NA	                       NA	
  10/06/1894	        NA	        NA	      53.9	    -166.5	 dutch harbor unalasku id	             dutch harbor	
  12/06/1894	   53 48 N	  167 26 W	      NA	      NA	      NA
  13/06/1894	   52 52 N	  169 05 W	      NA	      NA	      NA
 14/06/1894	        NA	        NA	      53.9	    -166.5	          unalaska alaska	             unalaska bay	
  15/06/1894	        NA	        NA	        NA	        NA	                       NA	                       NA	
  15/06/1894	        NA	        NA	        NA	        NA	                 anchored	                       NA	
  16/06/1894	        NA	        NA	        NA	        NA	          unaluska alaska	                       NA	
  16/06/1894	        NA	        NA	        NA	        NA	                 anchored	                       NA	
  19/06/1894	   54 01 N	  166 50 W	      NA	      NA	      NA
  20/06/1894	   53 06 N	  170 04 W	      NA	      NA	      NA
  21/06/1894	   52 27 N	  172 45 W	      NA	      NA	      NA
  22/06/1894	   55 04 N	  174 45 W	      NA	      NA	      NA
  24/06/1894	   57 29 N	  176 43 W	      NA	      NA	      NA
  24/06/1894	   59 43 N	  179 43 W	      NA	      NA	      NA
  25/06/1894	   62 09 N	  178 10 E	      NA	      NA	      NA
  26/06/1894	   62 13 N	  178 40 E	      NA	      NA	      NA
  27/06/1894	   62 31 N	  177 42 E	      NA	      NA	      NA
  27/06/1894	   64 05 N	  177 27 W	      NA	      NA	      NA
  28/06/1894	   64 15 N	  174 00 W	      NA	      NA	      NA
  29/06/1894	   63 55 N	  171 40 W	      NA	      NA	      NA
  30/06/1894	   65 31 N	  171 30 W	      NA	      NA	      NA
  01/07/1894	   65 16 N	  170 08 W	      NA	      NA	      NA
  02/07/1894	        NA	        NA	      65.5	    -171.1	       south head siberia	               south head	
  02/07/1894	        NA	        NA	        NA	        NA	                       NA	                       NA	
  03/07/1894	        NA	        NA	        NA	        NA	anchored off reindeer station port clarence	                       NA	
  04/07/1894	        NA	        NA	        NA	        NA	                       NA	                       NA	
  04/07/1894	        NA	        NA	        NA	        NA	cape riley nxw dist 5 miles	                       NA	
  05/07/1894	        NA	        NA	      65.2	    -166.7	at anchor off cape riley port clarence alaska	           port clearance	
  05/07/1894	        NA	        NA	        NA	        NA	cape riley nxw dist 5 miles	                       NA	
  06/07/1894	        NA	        NA	      65.2	    -166.7	at anchor off cape riley port clarence alaska	           port clearance	
  06/07/1894	        NA	        NA	      65.2	    -166.7	     port clarence alaska	           port clearance	
  07/07/1894	        NA	        NA	        NA	        NA	                       NA	                       NA	
  07/07/1894	        NA	        NA	      65.2	    -166.7	     port clarence alaska	           port clearance	
  08/07/1894	        NA	        NA	        NA	        NA	                       NA	                       NA	
  08/07/1894	        NA	        NA	      65.2	    -166.7	     port clarence alaska	           port clearance	
  10/07/1894	        NA	        NA	        NA	        NA	                       NA	                       NA	
  10/07/1894	        NA	        NA	      65.7	    -171.1	anchored off south head st lawrence bay siberia	          st lawrence bay	
  11/07/1894	   66 02 N	  169 55 W	      NA	      NA	      NA
  12/07/1894	   66 02 N	  169 55 W	      NA	      NA	      NA
  13/07/1894	   62 02 N	        NA	      NA	      NA	      NA
  14/07/1894	   62 02 N	  169 55 W	      NA	      NA	      NA
  15/07/1894	   62 02 N	  169 59 W	      NA	      NA	      NA
  16/07/1894	   66 12 N	  169 40 W	      NA	      NA	      NA
  17/07/1894	   66 12 N	  169 40 W	      NA	      NA	      NA
  18/07/1894	   66 12 N	  169 40 W	      NA	      NA	      NA
  19/07/1894	   66 12 N	  169 40 W	      NA	      NA	      NA
  20/07/1894	        NA	        NA	      66.2	    -169.8	at anchor off whalen siberia	                   whalen	
  20/07/1894	        NA	        NA	        NA	        NA	anchored off entrance of lagoon wd of whalen siberia	                       NA	
  21/07/1894	   66 40 N	  171 20 W	      NA	      NA	      NA
  22/07/1894	        NA	        NA	        NA	        NA	                       NA	                       NA	
  23/07/1894	   65 39 N	  168 24 W	      NA	      NA	      NA
  24/07/1894	        NA	        NA	        NA	        NA	                       NA	                       NA	
  24/07/1894	        NA	        NA	        NA	        NA	anchored off reindeer station port clarence alaska	                       NA	
  25/07/1894	        NA	        NA	        NA	        NA	at anchor off reindeer station port clarence alaska	                       NA	
  27/07/1894	   66 29 N	  165 03 W	      NA	      NA	      NA
  28/07/1894	   66 44 N	  162 27 W	      NA	      NA	      NA
  29/07/1894	   66 51 N	  163 13 W	      NA	      NA	      NA
  30/07/1894	   68 17 N	  165 58 W	      NA	      NA	      NA
  31/07/1894	   68 21 N	  166 43 W	      NA	      NA	      NA
  01/08/1894	   68 43 N	  166 24 W	      NA	      NA	      NA
  02/08/1894	   69 34 N	  163 28 W	      NA	      NA	      NA
  03/08/1894	   70 38 N	  160 10 W	      NA	      NA	      NA
  04/08/1894	   71 13 N	  156 48 W	      NA	      NA	      NA
  05/08/1894	        NA	        NA	        NA	        NA	                       NA	                       NA	
  05/08/1894	        NA	        NA	      71.4	    -156.5	anchored off refuge station point barrow alaska	             point barrow	
  06/08/1894	        NA	        NA	      71.4	    -156.5	      point barrow alaska	             point barrow	
  06/08/1894	        NA	        NA	        NA	        NA	anchored off refuge station point barrow alaska	                       NA	
  07/08/1894	   71 08 N	  157 10 W	      NA	      NA	      NA
  08/08/1894	   71 00 N	  158 00 W	      NA	      NA	      NA
  09/08/1894	   70 42 N	  160 24 W	      NA	      NA	      NA
  10/08/1894	   69 47 N	  162 58 W	      NA	      NA	      NA
  11/08/1894	   68 53 N	  164 48 W	      NA	      NA	      NA
  12/08/1894	   68 53 N	  164 48 W	      NA	      NA	      NA
  13/08/1894	   68 57 N	  165 00 W	      NA	      NA	      NA
  14/08/1894	   68 23 N	  166 55 W	      NA	      NA	      NA
  15/08/1894	   67 18 N	  167 53 W	      NA	      NA	      NA
  16/08/1894	   66 00 N	  170 00 W	      NA	      NA	      NA
  17/08/1894	   66 16 N	  169 58 W	      NA	      NA	      NA
  18/08/1894	   65 44 N	  168 58 W	      NA	      NA	      NA
  19/08/1894	        NA	        NA	      65.2	    -166.7	     port clarence alaska	           port clearance	
  20/08/1894	        NA	        NA	      65.2	    -166.7	     port clarence alaska	           port clearance	
  20/08/1894	        NA	        NA	      65.2	    -166.7	     port clarence alaska	           port clearance	
  21/08/1894	   65 19 N	  167 12 W	      NA	      NA	      NA
  22/08/1894	   64 35 N	  170 00 W	      NA	      NA	      NA
  23/08/1894	   64 25 N	  172 08 W	      NA	      NA	      NA
  25/08/1894	        NA	        NA	        NA	        NA	                       NA	                       NA	
  26/08/1894	        NA	        NA	        NA	        NA	            anchored 2400	                       NA	
  28/08/1894	   64 10 N	  171 17 W	      NA	      NA	      NA
  29/08/1894	        NA	        NA	      66.2	    -169.8	anchored off whalen village siberia	                   whalen	
  30/08/1894	        NA	        NA	        NA	        NA	                       NA	                       NA	
  03/09/1894	   66 48 N	  171 08 W	      NA	      NA	      NA
  04/09/1894	   65 37 N	  168 07 W	      NA	      NA	      NA
  05/09/1894	        NA	        NA	        NA	        NA	anchored off us reindeer station port clarence alaska	                       NA	
  06/09/1894	        NA	        NA	        NA	        NA	anchored off us reindeer station port clarence alaska	                       NA	
  06/09/1894	        NA	        NA	        NA	        NA	anchored off us reindeer station port clarence alaska	                       NA	
  07/09/1894	        NA	        NA	      65.2	    -166.7	     port clarence alaska	           port clearance	
  07/09/1894	        NA	        NA	        NA	        NA	anchored off reindeer station port clarence alaska	                       NA	
  08/09/1894	   64 46 N	  167 37 W	      NA	      NA	      NA
  09/09/1894	   63 33 N	  161 43 W	      NA	      NA	      NA
  10/09/1894	        NA	        NA	      63.5	    -162.0	anchored off st michael alaska	               st michael	
  11/09/1894	        NA	        NA	      63.5	    -162.0	       st michaels alaska	               st michael	
  11/09/1894	        NA	        NA	      63.5	    -162.0	anchored off st michael alaska	               st michael	
  12/09/1894	     64 00	  162 11 W	      NA	      NA	      NA
  14/09/1894	   63 55 N	  165 16 W	      NA	      NA	      NA
  14/09/1894	     63 49	  171 08 W	      NA	      NA	      NA
  15/09/1894	   63 23 N	  172 28 W	      NA	      NA	      NA
  16/09/1894	   61 16 N	  173 11 W	      NA	      NA	      NA
  17/09/1894	   59 00 N	  171 02 W	      NA	      NA	      NA
  18/09/1894	   57 17 N	  170 02 W	      NA	      NA	      NA
  19/09/1894	   56 11 N	  168 53 W	      NA	      NA	      NA
  20/09/1894	        NA	        NA	      56.6	    -169.6	        st george village	                st george	
  20/09/1894	        NA	        NA	      53.9	    -166.5	 dutch harbor unalaska id	             dutch harbor	
  21/09/1894	        NA	        NA	      55.0	    -166.7	        at sea bering sea	             dutch harbor	
  21/09/1894	        NA	        NA	      53.9	    -166.5	dutch harbor unalaska alaska	             dutch harbor	
  22/09/1894	        NA	        NA	      53.9	    -166.5	          unalaska alaska	             unalaska bay	
  22/09/1894	        NA	        NA	      53.9	    -166.5	 dutch harbor unalaska id	             dutch harbor	
  23/09/1894	        NA	        NA	      53.9	    -166.5	          unalaska alaska	             unalaska bay	
  23/09/1894	        NA	        NA	        NA	        NA	            anchored 2400	                       NA	
  24/09/1894	        NA	        NA	      53.9	    -166.5	          unalaska alaska	             unalaska bay	
  24/09/1894	        NA	        NA	      53.9	    -166.5	 dutch harbor unalaska id	             dutch harbor	
  25/09/1894	        NA	        NA	      53.9	    -166.5	          unalaska alaska	             unalaska bay	
  25/09/1894	        NA	        NA	      53.9	    -166.5	dutch harbor unalaska alaska	             dutch harbor	
  26/09/1894	        NA	        NA	      53.9	    -166.5	          unalaska alaska	             unalaska bay	
  26/09/1894	        NA	        NA	      53.9	    -166.5	dutch harbor unalaska alaska	             dutch harbor	
  27/09/1894	   54 06 N	  166 37 W	      NA	      NA	      NA
  28/09/1894	   56 14 N	  169 05 W	      NA	      NA	      NA
  29/09/1894	     56 40	  169 20 W	      NA	      NA	      NA
  30/09/1894	        NA	        NA	      57.1	    -170.3	anchored off east landing st paul island	           st paul island	
  01/10/1894	   56 14 N	  169 10 W	      NA	      NA	      NA
  02/10/1894	        NA	        NA	      53.9	    -166.5	dutch harbor unalaska island	             dutch harbor	
  03/10/1894	        NA	        NA	      53.7	    -166.7	dutch harbor unalaska island	          unalaska island	
  04/10/1894	        NA	        NA	      53.9	    -166.5	          unalaska alaska	             unalaska bay	
  04/10/1894	        NA	        NA	      53.9	    -166.5	dutch harbor unalaska alaska	             dutch harbor	
  05/10/1894	        NA	        NA	      53.9	    -166.5	          unalaska alaska	             unalaska bay	
  05/10/1894	        NA	        NA	      53.9	    -166.5	dutch harbor unalaska alaska	             dutch harbor	
  06/10/1894	        NA	        NA	      53.9	    -166.5	          unalaska alaska	             unalaska bay	
  06/10/1894	        NA	        NA	      53.9	    -166.5	dutch harbor unalaska alaska	             dutch harbor	
  07/10/1894	        NA	        NA	      53.9	    -166.5	          unalaska alaska	             unalaska bay	
  07/10/1894	        NA	        NA	      53.9	    -166.5	dutch harbor unalaska alaska	             dutch harbor	
  08/10/1894	        NA	        NA	      53.9	    -166.5	          unalaska alaska	             unalaska bay	
  08/10/1894	        NA	        NA	      53.9	    -166.5	dutch harbor unalaska alaska	             dutch harbor	
  09/10/1894	        NA	        NA	      53.9	    -166.5	          unalaska alaska	             unalaska bay	
  09/10/1894	        NA	        NA	      53.9	    -166.5	dutch harbor unalaska alaska	             dutch harbor	
  10/10/1894	        NA	        NA	      53.9	    -166.5	          unalaska alaska	             unalaska bay	
  10/10/1894	        NA	        NA	      53.9	    -166.5	dutch harbor unalaska alaska	             dutch harbor	
  11/10/1894	        NA	        NA	      53.9	    -166.5	          unalaska alaska	             unalaska bay	
  11/10/1894	        NA	        NA	      53.9	    -166.5	dutch harbor unalaska alaska	             dutch harbor	
  12/10/1894	        NA	        NA	      53.9	    -166.5	          unalaska alaska	             unalaska bay	
  12/10/1894	        NA	        NA	      53.9	    -166.5	dutch harbor unalaska alaska	             dutch harbor	
  13/10/1894	        NA	        NA	      53.9	    -166.5	          unalaska alaska	             unalaska bay	
  13/10/1894	        NA	        NA	      53.9	    -166.5	dutch harbor unalaska alaska	             dutch harbor	
  14/10/1894	        NA	        NA	      53.9	    -166.5	          unalaska alaska	             unalaska bay	
  14/10/1894	        NA	        NA	      53.9	    -166.5	dutch harbor unalaska alaska	             dutch harbor	
  15/10/1894	        NA	        NA	      53.9	    -166.5	          unalaska alaska	             unalaska bay	
  15/10/1894	        NA	        NA	      53.9	    -166.5	dutch harbor unalaska alaska	             dutch harbor	
  16/10/1894	        NA	        NA	      53.9	    -166.5	          unalaska alaska	             unalaska bay	
  16/10/1894	        NA	        NA	      53.9	    -166.5	dutch harbor unalaska alaska	             dutch harbor	
  17/10/1894	        NA	        NA	      53.9	    -166.5	          unalaska alaska	             unalaska bay	
  17/10/1894	        NA	        NA	      53.9	    -166.5	dutch harbor unalaska alaska	             dutch harbor	
  18/10/1894	        NA	        NA	      53.9	    -166.5	          unalaska alaska	             unalaska bay	
  18/10/1894	        NA	        NA	      53.9	    -166.5	dutch harbor unalaska alaska	             dutch harbor	
  19/10/1894	        NA	        NA	      53.9	    -166.5	          unalaska alaska	             unalaska bay	
  19/10/1894	        NA	        NA	      53.9	    -166.5	dutch harbor unalaska alaska	             dutch harbor	
  20/10/1894	        NA	        NA	      53.9	    -166.5	          unalaska alaska	             unalaska bay	
  20/10/1894	        NA	        NA	      53.9	    -166.5	dutch harbor unalaska alaska	             dutch harbor	
  21/10/1894	        NA	        NA	      53.9	    -166.5	          unalaska alaska	             unalaska bay	
  21/10/1894	        NA	        NA	      53.9	    -166.5	dutch harbor unalaska alaska	             dutch harbor	
  22/10/1894	        NA	        NA	      53.9	    -166.5	          unalaska alaska	             unalaska bay	
  22/10/1894	        NA	        NA	      53.9	    -166.5	dutch harbor unalaska alaska	             dutch harbor	
  23/10/1894	        NA	        NA	      53.9	    -166.5	          unalaska alaska	             unalaska bay	
  23/10/1894	        NA	        NA	      53.9	    -166.5	dutch harbor unalaska alaska	             dutch harbor	
  24/10/1894	        NA	        NA	      53.9	    -166.5	          unalaska alaska	             unalaska bay	
  24/10/1894	        NA	        NA	      53.9	    -166.5	dutch harbor unalaska alaska	             dutch harbor	
  25/10/1894	   54 19 N	  166 50 W	      NA	      NA	      NA
  26/10/1894	   56 23 N	  170 00 W	      NA	      NA	      NA
  27/10/1894	   57 00 N	  170 07 W	      NA	      NA	      NA
  28/10/1894	     55 42	  168 23 W	      NA	      NA	      NA
  29/10/1894	   54 08 N	  166 32 W	      NA	      NA	      NA
  30/10/1894	        NA	        NA	      53.9	    -166.5	 at wharf unalaska alaska	             unalaska bay	
  31/10/1894	   53 48 N	  165 36 W	      NA	      NA	      NA
  01/11/1894	     52 24	  160 03 W	      NA	      NA	      NA
  02/11/1894	   51 12 N	  156 22 W	      NA	      NA	      NA
  03/11/1894	   50 13 N	  153 29 W	      NA	      NA	      NA
  04/11/1894	   48 45 N	  147 43 W	      NA	      NA	      NA
  05/11/1894	     48 45	    149 16	      NA	      NA	      NA
  05/11/1894	   47 38 N	  146 06 W	      NA	      NA	      NA
  06/11/1894	   46 41 N	  143 15 W	      NA	      NA	      NA
  07/11/1894	   46 41 N	  143 15 W	      NA	      NA	      NA
  07/11/1894	   45 41 N	  140 11 W	      NA	      NA	      NA
  08/11/1894	   44 47 N	  138 20 W	      NA	      NA	      NA
  09/11/1894	   43 11 N	  134 52 W	      NA	      NA	      NA
  10/11/1894	   42 20 N	  131 01 W	      NA	      NA	      NA
  11/11/1894	   40 25 N	  127 24 W	      NA	      NA	      NA
  12/11/1894	   38 25 N	  123 37 W	      NA	      NA	      NA
  13/11/1894	        NA	        NA	      37.8	    -122.4	        san francisco cal	        san francisco bay	
  01/01/1894	        NA	        NA	      37.8	    -122.4	        san francisco cal	        san francisco bay	
  02/01/1894	        NA	        NA	      37.8	    -122.4	        san francisco cal	        san francisco bay	
  03/01/1894	        NA	        NA	      37.8	    -122.4	        san francisco cal	        san francisco bay	
  04/01/1894	        NA	        NA	      37.8	    -122.4	        san francisco cal	        san francisco bay	
  05/01/1894	        NA	        NA	      37.8	    -122.4	        san francisco cal	        san francisco bay	
  06/01/1894	        NA	        NA	      37.8	    -122.4	        san francisco cal	        san francisco bay	
  07/01/1894	        NA	        NA	      37.8	    -122.4	        san francisco cal	        san francisco bay	
  08/01/1894	        NA	        NA	      37.8	    -122.4	        san francisco cal	        san francisco bay	
  09/01/1894	        NA	        NA	      37.8	    -122.4	        san francisco cal	        san francisco bay	
  10/01/1894	        NA	        NA	      37.8	    -122.4	        san francisco cal	        san francisco bay	
  11/01/1894	        NA	        NA	      37.8	    -122.4	        san francisco cal	        san francisco bay	
  12/01/1894	        NA	        NA	      37.8	    -122.4	        san francisco cal	        san francisco bay	
  13/01/1894	        NA	        NA	      37.8	    -122.4	        san francisco cal	        san francisco bay	
  14/01/1894	        NA	        NA	      37.8	    -122.4	        san francisco cal	        san francisco bay	
  15/01/1894	        NA	        NA	      37.8	    -122.4	        san francisco cal	        san francisco bay	
  16/01/1894	        NA	        NA	      37.8	    -122.4	        san francisco cal	        san francisco bay	
  17/01/1894	        NA	        NA	      37.8	    -122.3	            sausalito cal	                sausalito	
  18/01/1894	        NA	        NA	      37.8	    -122.3	            sausalito cal	                sausalito	
  19/01/1894	        NA	        NA	      37.8	    -122.3	            sausalito cal	                sausalito	
  20/01/1894	        NA	        NA	      37.8	    -122.3	            sausalito cal	                sausalito	
  21/01/1894	        NA	        NA	      37.8	    -122.3	            sausalito cal	                sausalito	
  22/01/1894	        NA	        NA	      37.8	    -122.3	            sausalito cal	                sausalito	
  23/01/1894	        NA	        NA	      37.8	    -122.3	            sausalito cal	                sausalito	
  24/01/1894	        NA	        NA	      37.8	    -122.3	            sausalito cal	                sausalito	
  25/01/1894	        NA	        NA	      37.8	    -122.3	            sausalito cal	                sausalito	
  26/01/1894	        NA	        NA	      37.8	    -122.3	            sausalito cal	                sausalito	
  27/01/1894	        NA	        NA	      37.8	    -122.3	            sausalito cal	                sausalito	
  28/01/1894	        NA	        NA	      37.8	    -122.3	            sausalito cal	                sausalito	
  29/01/1894	        NA	        NA	      37.8	    -122.3	            sausalito cal	                sausalito	
  30/01/1894	        NA	        NA	      37.8	    -122.3	            sausalito cal	                sausalito	
  31/01/1894	        NA	        NA	      37.8	    -122.3	            sausalito cal	                sausalito	
  01/02/1894	        NA	        NA	      37.8	    -122.3	            sausalito cal	                sausalito	
  02/02/1894	        NA	        NA	      37.8	    -122.3	            sausalito cal	                sausalito	
  03/02/1894	        NA	        NA	      37.8	    -122.3	            sausalito cal	                sausalito	
  04/02/1894	        NA	        NA	      37.8	    -122.3	            sausalito cal	                sausalito	
  05/02/1894	        NA	        NA	      37.8	    -122.3	            sausalito cal	                sausalito	
  06/02/1894	        NA	        NA	      37.8	    -122.3	            sausalito cal	                sausalito	
  07/02/1894	        NA	        NA	      37.8	    -122.3	            sausalito cal	                sausalito	
  08/02/1894	        NA	        NA	      37.8	    -122.3	            sausalito cal	                sausalito	
  09/02/1894	        NA	        NA	      37.8	    -122.3	            sausalito cal	                sausalito	
  10/02/1894	   37 52 N	  122 52 W	      NA	      NA	      NA
  11/02/1894	        NA	        NA	      37.8	    -122.3	            sausalito cal	                sausalito	
  12/02/1894	        NA	        NA	      37.8	    -122.3	            sausalito cal	                sausalito	
  13/02/1894	        NA	        NA	      37.8	    -122.3	            sausalito cal	                sausalito	
  14/02/1894	        NA	        NA	      37.8	    -122.3	            sausalito cal	                sausalito	
  15/02/1894	        NA	        NA	      37.8	    -122.3	            sausalito cal	                sausalito	
  16/02/1894	        NA	        NA	      37.8	    -122.4	        san francisco cal	        san francisco bay	
  17/02/1894	        NA	        NA	      37.8	    -122.4	        san francisco cal	        san francisco bay	
  18/02/1894	        NA	        NA	      37.8	    -122.4	        san francisco cal	        san francisco bay	
  19/02/1894	        NA	        NA	      37.8	    -122.4	        san francisco cal	        san francisco bay	
  20/02/1894	        NA	        NA	      37.8	    -122.4	        san francisco cal	        san francisco bay	
  21/02/1894	        NA	        NA	      37.8	    -122.4	        san francisco cal	        san francisco bay	
  22/02/1894	        NA	        NA	      37.8	    -122.4	        san francisco cal	        san francisco bay	
  23/02/1894	        NA	        NA	      37.8	    -122.4	        san francisco cal	        san francisco bay	
  24/02/1894	        NA	        NA	      37.8	    -122.4	        san francisco cal	        san francisco bay	
  25/02/1894	        NA	        NA	      37.8	    -122.4	        san francisco cal	        san francisco bay	
  26/02/1894	        NA	        NA	      37.8	    -122.4	        san francisco cal	        san francisco bay	
  27/02/1894	        NA	        NA	      37.8	    -122.4	        san francisco cal	        san francisco bay	
  28/02/1894	        NA	        NA	      37.8	    -122.4	        san francisco cal	        san francisco bay	
  01/03/1894	        NA	        NA	      37.8	    -122.4	        san francisco cal	        san francisco bay	
  02/03/1894	        NA	        NA	      37.8	    -122.4	        san francisco cal	        san francisco bay	
  03/03/1894	        NA	        NA	      37.8	    -122.4	        san francisco cal	        san francisco bay	
  04/03/1894	        NA	        NA	      37.8	    -122.4	        san francisco cal	        san francisco bay	
  05/03/1894	        NA	        NA	      37.8	    -122.4	        san francisco cal	        san francisco bay	
  06/03/1894	        NA	        NA	      37.8	    -122.4	        san francisco cal	        san francisco bay	
  07/03/1894	        NA	        NA	      37.8	    -122.4	        san francisco cal	        san francisco bay	
  08/03/1894	        NA	        NA	      37.8	    -122.4	        san francisco cal	        san francisco bay	
  09/03/1894	        NA	        NA	      37.8	    -122.4	        san francisco cal	        san francisco bay	
  10/03/1894	        NA	        NA	      37.8	    -122.4	        san francisco cal	        san francisco bay	
  11/03/1894	        NA	        NA	      37.8	    -122.4	        san francisco cal	        san francisco bay	
  12/03/1894	        NA	        NA	      37.8	    -122.4	        san francisco cal	        san francisco bay	
  13/03/1894	        NA	        NA	      37.8	    -122.4	        san francisco cal	        san francisco bay	
  14/03/1894	        NA	        NA	      37.8	    -122.4	        san francisco cal	        san francisco bay	
  15/03/1894	        NA	        NA	      37.8	    -122.4	        san francisco cal	        san francisco bay	
  15/03/1894	        NA	        NA	      37.8	    -122.4	        san francisco cal	        san francisco bay	
  17/03/1894	        NA	        NA	      37.8	    -122.4	        san francisco cal	        san francisco bay	
  18/03/1894	        NA	        NA	      37.8	    -122.4	        san francisco cal	        san francisco bay	
  19/03/1894	        NA	        NA	      37.8	    -122.4	        san francisco cal	        san francisco bay	
  20/03/1894	        NA	        NA	      37.8	    -122.4	        san francisco cal	        san francisco bay	
  21/03/1894	        NA	        NA	      37.8	    -122.4	        san francisco cal	        san francisco bay	
  22/03/1894	        NA	        NA	      37.8	    -122.4	        san francisco cal	        san francisco bay	
  23/03/1894	        NA	        NA	      37.8	    -122.4	on dry dock union iron works san francisco cal	        san francisco bay	
  24/03/1894	        NA	        NA	      37.8	    -122.4	on dry dock union iron works san francisco cal	        san francisco bay	
  25/03/1894	        NA	        NA	      37.8	    -122.4	        san francisco cal	        san francisco bay	
  26/03/1894	        NA	        NA	      37.8	    -122.4	        san francisco cal	        san francisco bay	
  27/03/1894	        NA	        NA	      37.8	    -122.4	        san francisco cal	        san francisco bay	
  28/03/1894	        NA	        NA	      37.8	    -122.4	        san francisco cal	        san francisco bay	
  29/03/1894	        NA	        NA	      37.8	    -122.4	        san francisco cal	        san francisco bay	
  30/03/1894	        NA	        NA	      37.8	    -122.4	        san francisco cal	        san francisco bay	
  31/03/1894	        NA	        NA	      37.8	    -122.4	        san francisco cal	        san francisco bay	
  01/04/1894	        NA	        NA	      37.8	    -122.4	        san francisco cal	        san francisco bay	
  02/04/1894	        NA	        NA	      37.8	    -122.4	        san francisco cal	        san francisco bay	
  03/04/1894	        NA	        NA	      37.8	    -122.4	        san francisco cal	        san francisco bay	
  04/04/1894	        NA	        NA	      37.8	    -122.4	        san francisco cal	        san francisco bay	
  05/04/1894	        NA	        NA	      37.8	    -122.4	        san francisco cal	        san francisco bay	
  06/04/1894	        NA	        NA	      37.8	    -122.4	        san francisco cal	        san francisco bay	
  07/04/1894	        NA	        NA	      37.8	    -122.4	        san francisco cal	        san francisco bay	
  08/04/1894	        NA	        NA	      37.8	    -122.4	        san francisco cal	        san francisco bay	
  09/04/1894	        NA	        NA	      37.8	    -122.4	        san francisco cal	        san francisco bay	
  10/04/1894	        NA	        NA	      37.8	    -122.4	        san francisco cal	        san francisco bay	
  11/04/1894	        NA	        NA	      37.8	    -122.4	        san francisco cal	        san francisco bay	
  12/04/1894	        NA	        NA	      37.8	    -122.4	        san francisco cal	        san francisco bay	
  13/04/1894	        NA	        NA	      37.8	    -122.4	        san francisco cal	        san francisco bay	
  14/04/1894	        NA	        NA	      37.8	    -122.4	        san francisco cal	        san francisco bay	
  15/04/1894	        NA	        NA	      37.8	    -122.4	        san francisco cal	        san francisco bay	
  16/04/1894	        NA	        NA	      37.8	    -122.4	        san francisco cal	        san francisco bay	
  17/04/1894	        NA	        NA	      37.8	    -122.4	        san francisco cal	        san francisco bay	
  18/04/1894	        NA	        NA	      37.8	    -122.4	        san francisco cal	        san francisco bay	
  19/04/1894	        NA	        NA	      37.8	    -122.4	        san francisco cal	        san francisco bay	
  20/04/1894	        NA	        NA	      37.8	    -122.4	        san francisco cal	        san francisco bay	
  15/11/1894	        NA	        NA	      37.8	    -122.4	        san francisco cal	        san francisco bay	
  16/11/1894	        NA	        NA	      37.8	    -122.4	        san francisco cal	        san francisco bay	
  17/11/1894	        NA	        NA	      37.8	    -122.4	        san francisco cal	        san francisco bay	
  18/11/1894	        NA	        NA	      37.8	    -122.4	        san francisco cal	        san francisco bay	
  19/11/1894	        NA	        NA	      37.8	    -122.4	        san francisco cal	        san francisco bay	
  20/11/1894	        NA	        NA	      37.8	    -122.4	        san francisco cal	        san francisco bay	
  21/11/1894	        NA	        NA	      37.8	    -122.4	        san francisco cal	        san francisco bay	
  22/11/1894	        NA	        NA	      37.8	    -122.4	        san francisco cal	        san francisco bay	
  23/11/1894	        NA	        NA	      37.8	    -122.4	        san francisco cal	        san francisco bay	
  24/11/1894	        NA	        NA	      37.8	    -122.4	        san francisco cal	        san francisco bay	
  25/11/1894	        NA	        NA	      37.8	    -122.4	        san francisco cal	        san francisco bay	
  26/11/1894	        NA	        NA	      37.8	    -122.4	        san francisco cal	        san francisco bay	
  27/11/1894	        NA	        NA	      37.8	    -122.4	        san francisco cal	        san francisco bay	
  28/11/1894	        NA	        NA	      37.8	    -122.4	        san francisco cal	        san francisco bay	
  29/11/1894	        NA	        NA	      37.8	    -122.4	        san francisco cal	        san francisco bay	
  30/11/1894	        NA	        NA	      37.8	    -122.4	        san francisco cal	        san francisco bay	
  01/12/1894	        NA	        NA	      37.8	    -122.4	        san francisco cal	        san francisco bay	
  02/12/1894	        NA	        NA	      37.8	    -122.4	        san francisco cal	        san francisco bay	
  03/12/1894	        NA	        NA	      37.8	    -122.4	        san francisco cal	        san francisco bay	
  04/12/1894	        NA	        NA	      37.8	    -122.4	        san francisco cal	        san francisco bay	
  05/12/1894	        NA	        NA	      37.8	    -122.4	        san francisco cal	        san francisco bay	
  06/12/1894	        NA	        NA	      37.8	    -122.3	            sausalito cal	                sausalito	
  07/12/1894	        NA	        NA	      37.8	    -122.3	            sausalito cal	                sausalito	
  08/12/1894	        NA	        NA	      37.8	    -122.3	            sausalito cal	                sausalito	
  09/12/1894	        NA	        NA	      37.8	    -122.3	            sausalito cal	                sausalito	
  10/12/1894	        NA	        NA	      37.8	    -122.3	            sansalito cal	                sausalito	
  11/12/1894	        NA	        NA	      37.8	    -122.3	            sansalito cal	                sausalito	
  12/12/1894	        NA	        NA	      37.8	    -122.3	            sausalito cal	                sausalito	
  13/12/1894	        NA	        NA	      37.8	    -122.3	            sausalito cal	                sausalito	
  14/12/1894	        NA	        NA	      37.8	    -122.3	            sausalito cal	                sausalito	
  15/12/1894	        NA	        NA	      37.8	    -122.3	            sausalito cal	                sausalito	
  16/12/1894	        NA	        NA	      37.8	    -122.3	            sausalito cal	                sausalito	
  17/12/1894	        NA	        NA	      37.8	    -122.3	            sausalito cal	                sausalito	
  18/12/1894	        NA	        NA	      37.8	    -122.3	            sausalito cal	                sausalito	
  19/12/1894	        NA	        NA	      37.8	    -122.3	            sausalito cal	                sausalito	
  20/12/1894	        NA	        NA	      37.8	    -122.3	            sausalito cal	                sausalito	
  21/12/1894	        NA	        NA	      37.8	    -122.3	            sausalito cal	                sausalito	
  22/12/1894	        NA	        NA	      37.8	    -122.3	            sausalito cal	                sausalito	
  23/12/1894	        NA	        NA	      37.8	    -122.3	            sausalito cal	                sausalito	
  24/12/1894	        NA	        NA	      37.8	    -122.3	            sausalito cal	                sausalito	
  25/12/1894	        NA	        NA	      37.8	    -122.3	            sausalito cal	                sausalito	
  26/12/1894	        NA	        NA	      37.8	    -122.3	            sausalito cal	                sausalito	
  27/12/1894	        NA	        NA	      37.8	    -122.3	            sausalito cal	                sausalito	
  28/12/1894	        NA	        NA	      37.8	    -122.3	            sausalito cal	                sausalito	
  29/12/1894	        NA	        NA	      37.8	    -122.3	            sausalito cal	                sausalito	
  30/12/1894	        NA	        NA	      37.8	    -122.3	            sausalito cal	                sausalito	
  31/12/1894	        NA	        NA	      37.8	    -122.3	            sausalito cal	                sausalito	
  08/11/1894	     44 47	    138 02	      NA	      NA	      NA
  09/11/1894	     43 11	    134 52	      NA	      NA	      NA
  10/11/1894	     42 20	    131 01	      NA	      NA	      NA
  11/11/1894	     40 25	    127 24	      NA	      NA	      NA
  12/11/1894	     38 25	    123 37	      NA	      NA	      NA
  13/11/1894	        NA	        NA	        NA	        NA	                       NA	                       NA	
  13/11/1894	        NA	        NA	      37.8	    -122.4	        san francisco cal	        san francisco bay	
  21/04/1894	   39 53 N	  124 26 W	      NA	      NA	      NA
  22/04/1894	   43 00 N	  124 54 W	      NA	      NA	      NA
  23/04/1894	   46 19 N	  124 16 W	      NA	      NA	      NA
  24/04/1894	        NA	        NA	        NA	        NA	                   at sea	                       NA	
  25/04/1894	        NA	        NA	      48.1	    -122.8	            port townsend	            port townsend	
  25/04/1894	        NA	        NA	      47.6	    -122.3	             seattle wash	                  seattle	
  26/04/1894	        NA	        NA	      48.1	    -122.8	       port townsend wash	            port townsend	
  26/04/1894	        NA	        NA	      47.6	    -122.3	             seattle wash	                  seattle	
  27/04/1894	        NA	        NA	      47.6	    -122.3	       seattle washington	                  seattle	
  27/04/1894	        NA	        NA	      47.6	    -122.3	             seattle wash	                  seattle	
  28/04/1894	        NA	        NA	      47.6	    -122.3	             seattle wash	                  seattle	
  28/04/1894	        NA	        NA	      48.1	    -122.8	       port townsend wash	            port townsend	
  29/04/1894	        NA	        NA	      47.6	    -122.3	             seattle wash	                  seattle	
  29/04/1894	        NA	        NA	      48.1	    -122.8	       port townsend wash	            port townsend	
  30/04/1894	        NA	        NA	      48.1	    -122.8	       port townsend wash	            port townsend	
  30/04/1894	        NA	        NA	        NA	        NA	                       NA	                       NA	
  01/05/1894	        NA	        NA	      48.1	    -122.8	       port townsend wash	            port townsend	
  01/05/1894	        NA	        NA	        NA	        NA	                       NA	                       NA	
  02/05/1894	        NA	        NA	      48.1	    -122.8	       port townsend wash	            port townsend	
  02/05/1894	        NA	        NA	      48.1	    -122.8	       port townsend wash	            port townsend	
  03/05/1894	        NA	        NA	      48.1	    -122.8	       port townsend wash	            port townsend	
  03/05/1894	        NA	        NA	      48.1	    -122.8	       port townsend wash	            port townsend	
  04/05/1894	        NA	        NA	      48.1	    -122.8	       port townsend wash	            port townsend	
  04/05/1894	        NA	        NA	        NA	        NA	middle pt se12s 2 12 miles	                       NA	
  05/05/1894	     48 43	    125 48	      NA	      NA	      NA
  06/05/1894	     50 36	    129 35	      NA	      NA	      NA
  07/05/1894	     51 45	    131 23	      NA	      NA	      NA
  08/05/1894	     54 21	    133 39	      NA	      NA	      NA
  09/05/1894	     55 37	  134 44 W	      NA	      NA	      NA
  10/05/1894	        NA	        NA	        NA	        NA	                   at sea	                       NA	
  10/05/1894	        NA	        NA	      57.0	    -135.4	             sitka alaska	                    sitka	
  11/05/1894	        NA	        NA	        NA	        NA	                   at sea	                       NA	
  11/05/1894	        NA	        NA	      57.0	    -135.4	             sitka alaska	                    sitka	
  12/05/1894	        NA	        NA	      57.0	    -135.4	             sitka alaska	                    sitka	
  12/05/1894	        NA	        NA	      57.0	    -135.4	             sitka alaska	                    sitka	
  13/05/1894	        NA	        NA	      57.0	    -135.4	             sitka alaska	                    sitka	
  13/05/1894	        NA	        NA	      57.0	    -135.4	             sitka alaska	                    sitka	
  14/05/1894	        NA	        NA	      57.0	    -135.4	             sitka alaska	                    sitka	
  14/05/1894	        NA	        NA	      57.0	    -135.4	             sitka alaska	                    sitka	
  15/05/1894	        NA	        NA	      57.0	    -135.4	             sitka alaska	                    sitka	
  15/05/1894	        NA	        NA	      57.0	    -135.4	             sitka alaska	                    sitka	
  16/05/1894	        NA	        NA	      57.0	    -135.4	             sitka alaska	                    sitka	
  16/05/1894	        NA	        NA	      57.0	    -135.4	             sitka alaska	                    sitka	
  17/05/1894	        NA	        NA	      57.0	    -135.4	             sitka alaska	                    sitka	
  17/05/1894	        NA	        NA	      57.0	    -135.4	             sitka alaska	                    sitka	
  18/05/1894	   57 15 N	  136 23 W	      NA	      NA	      NA
  19/05/1894	     58 42	    139 47	      NA	      NA	      NA
  20/05/1894	     59 46	    144 37	      NA	      NA	      NA
  21/05/1894	        NA	        NA	        NA	        NA	                   at sea	                       NA	
  21/05/1894	        NA	        NA	      60.5	    -145.8	east end hawkins id cordova bay	                  cordova	
  22/05/1894	        NA	        NA	        NA	        NA	                   at sea	                       NA	
  22/05/1894	        NA	        NA	      60.5	    -145.8	head of cordova bay alaska	                  cordova	
  24/05/1894	        NA	        NA	      60.5	    -145.8	       cordova bay alaska	                  cordova	
  24/05/1894	        NA	        NA	      60.3	    -146.6	       port etches alaska	              port etches	
  25/05/1894	        NA	        NA	      60.3	    -146.6	       port etches alaska	              port etches	
  26/05/1894	     59 36	    148 13	      NA	      NA	      NA
  27/05/1894	     59 42	    152 12	      NA	      NA	      NA
  28/05/1894	     60 28	    151 40	      NA	      NA	      NA
  29/05/1894	     59 30	    152 43	      NA	      NA	      NA
  31/05/1894	        NA	        NA	      57.4	    -154.9	   at sea shilikof strait	          shelikof strait	
  31/05/1894	        NA	        NA	      57.8	    -152.4	uyak bay kodiak id alaska	                   kodiak	
  01/06/1894	     58 00	    153 33	      NA	      NA	      NA
  02/06/1894	        NA	        NA	      57.8	    -152.4	 st paul harbor kodiak id	           st paul harbor	
  04/06/1894	     55 44	    155 41	      NA	      NA	      NA
  05/06/1894	     55 10	    160 30	      NA	      NA	      NA
  06/06/1894	        NA	        NA	        NA	        NA	                   at sea	                       NA	
  07/06/1894	     55 18	    161 34	      NA	      NA	      NA
  08/06/1894	     54 22	    164 02	      NA	      NA	      NA
  09/06/1894	        NA	        NA	        NA	        NA	         belkofsky alaska	                       NA	
  09/06/1894	        NA	        NA	        NA	        NA	                       NA	                       NA	
  10/06/1894	        NA	        NA	      53.9	    -166.5	 dutch harbor unalaska id	             dutch harbor	
  11/06/1894	     54 00	    166 34	      NA	      NA	      NA
  12/06/1894	     53 48	    167 26	      NA	      NA	      NA
  13/06/1894	     52 52	    169 05	      NA	      NA	      NA
  14/06/1894	        NA	        NA	      53.9	    -166.5	          unalaska alaska	             unalaska bay	
  15/06/1894	        NA	        NA	        NA	        NA	                       NA	                       NA	
  16/06/1894	        NA	        NA	      53.9	    -166.5	          unalaska alaska	             unalaska bay	
  16/06/1894	        NA	        NA	        NA	        NA	                       NA	                       NA	
  18/06/1894	        NA	        NA	      53.9	    -166.5	          unalaska alaska	             unalaska bay	
  18/06/1894	        NA	        NA	        NA	        NA	                       NA	                       NA	
  19/06/1894	     54 01	    166 50	      NA	      NA	      NA
  20/06/1894	     53 07	    170 04	      NA	      NA	      NA
  21/06/1894	     52 27	    172 45	      NA	      NA	      NA
  22/06/1894	     55 04	    174 45	      NA	      NA	      NA
  23/06/1894	     57 29	    176 43	      NA	      NA	      NA
  24/06/1894	   59 48 N	  179 43 W	      NA	      NA	      NA
  25/06/1894	   62 12 N	  178 10 E	      NA	      NA	      NA
  26/06/1894	     62 13	  178 40 E	      NA	      NA	      NA
  27/06/1894	   62 31 N	  177 42 E	      NA	      NA	      NA
  27/06/1894	   64 05 N	  177 27 W	      NA	      NA	      NA
  28/06/1894	     64 22	  173 24 W	      NA	      NA	      NA
  29/06/1894	   63 55 N	  171 40 W	      NA	      NA	      NA
  30/06/1894	     65 31	  171 30 W	      NA	      NA	      NA
  01/07/1894	     65 16	  170 08 W	      NA	      NA	      NA
  02/07/1894	        NA	        NA	      65.5	    -171.1	       south head siberia	               south head	
  02/07/1894	        NA	        NA	        NA	        NA	                       NA	                       NA	
  03/07/1894	        NA	        NA	        NA	        NA	reindeer station port clarence	                       NA	
  04/07/1894	        NA	        NA	        NA	        NA	at anchor off reindeer station port clarence alaska	                       NA	
  04/07/1894	        NA	        NA	        NA	        NA	cape riley nxw dist 5 miles	                       NA	
  05/07/1894	        NA	        NA	      65.2	    -166.7	of cape riley port clarence alaska	           port clearance	
  05/07/1894	        NA	        NA	        NA	        NA	cape riley nxw dist 5 miles	                       NA	
  06/07/1894	        NA	        NA	      65.2	    -166.7	at anchor off cape riley port clarence alaska	           port clearance	
  06/07/1894	        NA	        NA	      65.2	    -166.7	     port clarence alaska	           port clearance	
  07/07/1894	        NA	        NA	      65.2	    -166.7	cape spencer port clarence alaska	           port clearance	
  07/07/1894	        NA	        NA	      65.2	    -166.7	     port clarence alaska	           port clearance	
  08/07/1894	        NA	        NA	      65.2	    -166.7	     port clarence alaska	           port clearance	
  08/07/1894	        NA	        NA	      65.2	    -166.7	     port clarence alaska	           port clearance	
  09/07/1894	   65 17 N	  168 31 W	      NA	      NA	      NA
  10/07/1894	        NA	        NA	      65.2	    -166.7	     port clarence alaska	           port clearance	
  10/07/1894	        NA	        NA	      65.7	    -171.1	at anchor off south bay st lawrence bay siberia	          st lawrence bay	
  11/07/1894	     66 02	    169 55	      NA	      NA	      NA
  12/07/1894	     66 02	    169 55	      NA	      NA	      NA
  13/07/1894	     62 02	    169 55	      NA	      NA	      NA
  14/07/1894	     66 02	    169 55	      NA	      NA	      NA
  15/07/1894	     66 02	    169 59	      NA	      NA	      NA
  16/07/1894	     66 12	    169 40	      NA	      NA	      NA
  17/07/1894	     66 12	    169 40	      NA	      NA	      NA
  18/07/1894	     66 12	    169 40	      NA	      NA	      NA
  19/07/1894	     66 12	    169 40	      NA	      NA	      NA
  20/07/1894	        NA	        NA	      66.2	    -169.8	at anchor off whalen siberia	                   whalen	
  20/07/1894	        NA	        NA	      66.2	    -169.8	at anchor off entrance to lagoon wd of whalen siberia	                   whalen	
  21/07/1894	     66 40	    171 20	      NA	      NA	      NA
  23/07/1894	     65 39	    168 24	      NA	      NA	      NA
  24/07/1894	        NA	        NA	        NA	        NA	                   at sea	                       NA	
  24/07/1894	        NA	        NA	        NA	        NA	anchored off reindeer station port clarence alaska	                       NA	
  25/07/1894	        NA	        NA	        NA	        NA	at anchor off reindeer station port clarence alaska	                       NA	
  25/07/1894	        NA	        NA	        NA	        NA	anchored off reindeer station port clarence alaska	                       NA	
  26/07/1894	     63 34	    168 13	      NA	      NA	      NA
  27/07/1894	   66 29 N	  165 03 W	      NA	      NA	      NA
  28/07/1894	     66 44	    162 27	      NA	      NA	      NA
  29/07/1894	     66 51	    163 13	      NA	      NA	      NA
  30/07/1894	     68 17	    165 25	      NA	      NA	      NA
  31/07/1894	     68 21	    166 43	      NA	      NA	      NA
  01/08/1894	     68 43	    166 24	      NA	      NA	      NA
  02/08/1894	     69 34	    163 28	      NA	      NA	      NA
  03/08/1894	     70 38	    160 10	      NA	      NA	      NA
  04/08/1894	     71 13	    156 48	      NA	      NA	      NA
  05/08/1894	        NA	        NA	      70.6	    -160.0	at anchor off wainwright inlet alaska	         wainwright inlet	
  05/08/1894	        NA	        NA	        NA	        NA	at anchor off refuge station point barrow alaska	                       NA	
  06/08/1894	        NA	        NA	        NA	        NA	at anchor off us refuge station point barrow alaska	                       NA	
  06/08/1894	        NA	        NA	        NA	        NA	at anchor off us refuge station point barrow alaska	                       NA	
  07/08/1894	     71 08	    157 10	      NA	      NA	      NA
  08/08/1894	     71 00	    158 00	      NA	      NA	      NA
  09/08/1894	   70 42 N	  160 24 W	      NA	      NA	      NA
  10/08/1894	     69 47	    162 58	      NA	      NA	      NA
  11/08/1894	     68 53	    164 48	      NA	      NA	      NA
  12/08/1894	     68 53	    164 48	      NA	      NA	      NA
  13/08/1894	     68 57	    165 00	      NA	      NA	      NA
  14/08/1894	     68 23	    166 55	      NA	      NA	      NA
  15/08/1894	     67 18	    167 53	      NA	      NA	      NA
  16/08/1894	     66 00	    170 00	      NA	      NA	      NA
  17/08/1894	     66 16	    169 58	      NA	      NA	      NA
  18/08/1894	     65 44	    168 58	      NA	      NA	      NA
  19/08/1894	        NA	        NA	        NA	        NA	anchored off us reindeer station port clarence alaska at noon	                       NA	
  20/08/1894	        NA	        NA	        NA	        NA	at anchor off reindeer station port clarence alaska	                       NA	
  20/08/1894	        NA	        NA	        NA	        NA	at anchor off us reindeer station port clarence alaska	                       NA	
  21/08/1894	     65 19	  167 12 W	      NA	      NA	      NA
  22/08/1894	     64 35	  170 00 W	      NA	      NA	      NA
  23/08/1894	     64 25	    172 08	      NA	      NA	      NA
  26/08/1894	        NA	        NA	        NA	        NA	                       NA	                       NA	
  28/08/1894	     64 53	    171 17	      NA	      NA	      NA
  29/08/1894	        NA	        NA	      66.2	    -169.8	at anchor off whalen village siberia	                   whalen	
  03/09/1894	     66 48	    171 68	      NA	      NA	      NA
  04/09/1894	     65 37	    168 07	      NA	      NA	      NA
  05/09/1894	        NA	        NA	        NA	        NA	at anchor off us reindeer station port clarence alaska	                       NA	
  06/09/1894	        NA	        NA	        NA	        NA	at anchor off us reindeer station port clarence alaska	                       NA	
  06/09/1894	        NA	        NA	        NA	        NA	at anchor off us reindeer station port clarence alaska at noon	                       NA	
  07/09/1894	        NA	        NA	      65.2	    -166.7	     port clarence alaska	           port clearance	
  07/09/1894	        NA	        NA	        NA	        NA	at anchor off us reindeer station port clarence alaska	                       NA	
  08/09/1894	     64 46	  167 37 W	      NA	      NA	      NA
  09/09/1894	     63 33	  161 43 W	      NA	      NA	      NA
  10/09/1894	        NA	        NA	      63.5	    -162.0	anchord off st michaik alaska at noon	               st michael	
  11/09/1894	        NA	        NA	      63.5	    -162.0	at anchor off st michaels alaska	               st michael	
  11/09/1894	        NA	        NA	      63.5	    -162.0	at anchor off st michaels alaska	               st michael	
  12/09/1894	     64 00	  162 11 W	      NA	      NA	      NA
  13/09/1894	     63 55	  165 16 W	      NA	      NA	      NA
  14/09/1894	     63 49	  171 08 W	      NA	      NA	      NA
  15/09/1894	     63 23	  172 28 W	      NA	      NA	      NA
  16/09/1894	     61 16	     173 W	      NA	      NA	      NA
  17/09/1894	     59 00	  171 05 W	      NA	      NA	      NA
  18/09/1894	     57 17	  170 02 W	      NA	      NA	      NA
  19/09/1894	     56 11	  168 53 W	      NA	      NA	      NA
  20/09/1894	        NA	        NA	      57.1	    -170.3	at anchor east landing st paul island	           st paul island	
  20/09/1894	        NA	        NA	      53.9	    -166.5	 dutch harbor unalaska id	             dutch harbor	
  21/09/1894	        NA	        NA	      53.9	    -166.5	dutch harbor unalaska alaska	             dutch harbor	
  22/09/1894	        NA	        NA	      53.9	    -166.5	          unalaska alaska	             unalaska bay	
  22/09/1894	        NA	        NA	      53.9	    -166.7	dutch harbor unalaska alaska	             dutch harbor	
  23/09/1894	        NA	        NA	      53.9	    -166.5	          unalaska alaska	             unalaska bay	
  23/09/1894	        NA	        NA	        NA	        NA	                       NA	                       NA	
  24/09/1894	        NA	        NA	      53.9	    -166.5	          unalaska alaska	             unalaska bay	
  24/09/1894	        NA	        NA	      53.9	    -166.7	dutch harbor unalaska island	             dutch harbor	
  25/09/1894	        NA	        NA	      53.9	    -166.5	          unalaska alaska	             unalaska bay	
  25/09/1894	        NA	        NA	      53.9	    -166.5	dutch harbor unalaska alaska	             dutch harbor	
  26/09/1894	        NA	        NA	      53.9	    -166.5	          unalaska alaska	             unalaska bay	
  26/09/1894	        NA	        NA	      53.9	    -166.5	dutch harbor unalaska alaska	             dutch harbor	
  27/09/1894	     54 06	  166 37 W	      NA	      NA	      NA
  28/09/1894	   56 14 N	  169 05 W	      NA	      NA	      NA
  29/09/1894	     56 40	  169 20 W	      NA	      NA	      NA
  30/09/1894	        NA	        NA	      57.1	    -170.3	anchored off east landing st paul island	           st paul island	
  01/10/1894	     56 16	  169 10 W	      NA	      NA	      NA
  02/10/1894	        NA	        NA	      53.7	    -166.7	dutch harbor unalaska island	          unalaska island	
  03/10/1894	        NA	        NA	      53.7	    -166.7	dutch harbor unalaska island	          unalaska island	
  04/10/1894	        NA	        NA	      53.9	    -166.5	          unalaska alaska	             unalaska bay	
  04/10/1894	        NA	        NA	      53.9	    -166.5	dutch harbor unalaska alaska	             dutch harbor	
  05/10/1894	        NA	        NA	      53.9	    -166.5	          unalaska alaska	             unalaska bay	
  05/10/1894	        NA	        NA	      53.9	    -166.5	dutch harbor unalaska alaska	             dutch harbor	
  06/10/1894	        NA	        NA	      53.9	    -166.5	          unalaska alaska	             unalaska bay	
  06/10/1894	        NA	        NA	      53.9	    -166.5	dutch harbor unalaska alaska	             dutch harbor	
  07/10/1894	        NA	        NA	      53.9	    -166.5	          unalaska alaska	             unalaska bay	
  07/10/1894	        NA	        NA	      53.9	    -166.5	dutch harbor unalaska alaska	             dutch harbor	
  08/10/1894	        NA	        NA	      53.9	    -166.5	          unalaska alaska	             unalaska bay	
  08/10/1894	        NA	        NA	      53.9	    -166.5	dutch harbor unalaska alaska	             dutch harbor	
  09/10/1894	        NA	        NA	      53.9	    -166.5	          unalaska alaska	             unalaska bay	
  09/10/1894	        NA	        NA	      53.9	    -166.5	dutch harbor unalaska alaska	             dutch harbor	
  10/10/1894	        NA	        NA	      53.9	    -166.5	          unalaska alaska	             unalaska bay	
  10/10/1894	        NA	        NA	      53.9	    -166.5	dutch harbor unalaska alaska	             dutch harbor	
  11/10/1894	        NA	        NA	      53.9	    -166.5	          unalaska alaska	             unalaska bay	
  11/10/1894	        NA	        NA	      53.9	    -166.5	dutch harbor unalaska alaska	             dutch harbor	
  12/10/1894	        NA	        NA	      53.9	    -166.5	          unalaska alaska	             unalaska bay	
  12/10/1894	        NA	        NA	      53.9	    -166.5	dutch harbor unalaska alaska	             dutch harbor	
  13/10/1894	        NA	        NA	      53.9	    -166.5	          unalaska alaska	             unalaska bay	
  13/10/1894	        NA	        NA	      53.9	    -166.5	dutch harbor unalaska alaska	             dutch harbor	
  14/10/1894	        NA	        NA	      53.9	    -166.5	          unalaska alaska	             unalaska bay	
  14/10/1894	        NA	        NA	      53.9	    -166.5	dutch harbor unalaska alaska	             dutch harbor	
  15/10/1894	        NA	        NA	      53.9	    -166.5	          unalaska alaska	             unalaska bay	
  15/10/1894	        NA	        NA	      53.9	    -166.5	dutch harbor unalaska alaska	             dutch harbor	
  16/10/1894	        NA	        NA	      53.9	    -166.5	          unalaska alaska	             unalaska bay	
  16/10/1894	        NA	        NA	      53.9	    -166.5	dutch harbor unalaska alaska	             dutch harbor	
  17/10/1894	        NA	        NA	      53.9	    -166.5	          unalaska alaska	             unalaska bay	
  17/10/1894	        NA	        NA	      53.9	    -166.5	dutch harbor unalaska alaska	             dutch harbor	
  18/10/1894	        NA	        NA	      53.9	    -166.5	          unalaska alaska	             unalaska bay	
  18/10/1894	        NA	        NA	      53.9	    -166.5	dutch harbor unalaska alaska	             dutch harbor	
  19/10/1894	        NA	        NA	      53.9	    -166.5	          unalaska alaska	             unalaska bay	
  19/10/1894	        NA	        NA	      53.9	    -166.5	dutch harbor unalaska alaska	             dutch harbor	
  20/10/1894	        NA	        NA	      53.9	    -166.5	          unalaska alaska	             unalaska bay	
  20/10/1894	        NA	        NA	      53.9	    -166.5	dutch harbor unalaska alaska	             dutch harbor	
  21/10/1894	        NA	        NA	      53.9	    -166.5	          unalaska alaska	             unalaska bay	
  21/10/1894	        NA	        NA	      53.9	    -166.5	dutch harbor unalaska alaska	             dutch harbor	
  22/10/1894	        NA	        NA	      53.9	    -166.5	          unalaska alaska	             unalaska bay	
  22/10/1894	        NA	        NA	      53.9	    -166.5	dutch harbor unalaska alaska	             dutch harbor	
  23/10/1894	        NA	        NA	      53.9	    -166.5	          unalaska alaska	             unalaska bay	
  23/10/1894	        NA	        NA	      53.9	    -166.5	dutch harbor unalaska alaska	             dutch harbor	
  24/10/1894	        NA	        NA	      53.9	    -166.5	          unalaska alaska	             unalaska bay	
  24/10/1894	        NA	        NA	      53.9	    -166.5	dutch harbor unalaska alaska	             dutch harbor	
  25/10/1894	     54 19	    166 50	      NA	      NA	      NA
  26/10/1894	     56 23	  170 00 W	      NA	      NA	      NA
  27/10/1894	     57 00	  170 07 W	      NA	      NA	      NA
  28/10/1894	     55 42	  168 23 W	      NA	      NA	      NA
  29/10/1894	     54 08	  166 32 W	      NA	      NA	      NA
  30/10/1894	        NA	        NA	      53.9	    -166.5	 at wharf unalaska alaska	             unalaska bay	
  31/10/1894	     53 48	  165 36 W	      NA	      NA	      NA
  01/11/1894	     52 30	  160 03 W	      NA	      NA	      NA
  02/11/1894	     51 08	    156 22	      NA	      NA	      NA
  03/11/1894	     50 13	    153 29	      NA	      NA	      NA
  04/11/1894	     48 45	    149 16	      NA	      NA	      NA
  05/11/1894	     47 43	  146 06 W	      NA	      NA	      NA
  06/11/1894	     46 51	    143 15	      NA	      NA	      NA
  07/11/1894	     45 41	    140 11	      NA	      NA	      NA
  08/11/1894	     44 47	    138 02	      NA	      NA	      NA
  09/11/1894	     43 11	    134 52	      NA	      NA	      NA
  10/11/1894	     42 20	    131 01	      NA	      NA	      NA
  11/11/1894	     40 25	    127 24	      NA	      NA	      NA
  12/11/1894	     35 25	    123 37	      NA	      NA	      NA
  13/11/1894	        NA	        NA	      37.8	    -122.4	        san francisco cal	        san francisco bay	
  14/11/1894	   38 10 N	  123 16 W	      NA	      NA	      NA
