  01/01/1902	        NA	        NA	      37.8	    -122.3	     sansalito california	                sausalito	
  02/01/1902	        NA	        NA	      37.8	    -122.3	            sausalito cal	                sausalito	
  03/01/1902	        NA	        NA	      37.8	    -122.3	            sausalito cal	                sausalito	
  04/01/1902	        NA	        NA	      37.8	    -122.3	            sausalito cal	                sausalito	
  05/01/1902	        NA	        NA	      37.8	    -122.3	            sausalito cal	                sausalito	
  06/01/1902	        NA	        NA	      37.8	    -122.3	            sausalito cal	                sausalito	
  07/01/1902	        NA	        NA	      37.8	    -122.3	            sausalito cal	                sausalito	
  08/01/1902	        NA	        NA	      37.8	    -122.3	            sausalito cal	                sausalito	
  09/01/1902	        NA	        NA	      37.8	    -122.3	            sausalito cal	                sausalito	
  10/01/1902	        NA	        NA	      37.8	    -122.3	            sausalito cal	                sausalito	
  11/01/1902	        NA	        NA	      37.8	    -122.3	            sausalito cal	                sausalito	
  15/01/1902	        NA	        NA	      32.7	    -117.2	                   at sea	            san diego usa	
  16/01/1902	        NA	        NA	      32.7	    -117.2	            san diego cal	            san diego usa	
  17/01/1902	        NA	        NA	        NA	        NA	                   at sea	                       NA	
  22/01/1902	        NA	        NA	      32.7	    -117.2	                   at sea	                san diego	
  23/01/1902	        NA	        NA	      32.7	    -117.2	            san diego cal	            san diego usa	
  24/01/1902	        NA	        NA	        NA	        NA	                   at sea	                       NA	
  25/01/1902	        NA	        NA	        NA	        NA	                   at sea	                       NA	
  30/01/1902	        NA	        NA	      32.7	    -117.2	                   at sea	            san diego usa	
  07/02/1902	        NA	        NA	        NA	        NA	                   at sea	                       NA	
  08/02/1902	        NA	        NA	      32.7	    -117.2	                   at sea	                san diego	
  09/02/1902	        NA	        NA	      32.7	    -117.2	            san diego cal	            san diego usa	
  10/02/1902	        NA	        NA	      32.7	    -117.2	            san diego cal	            san diego usa	
  11/02/1902	        NA	        NA	      32.7	    -117.2	            san diego cal	            san diego usa	
  12/02/1902	        NA	        NA	      32.7	    -117.2	            san diego cal	            san diego usa	
  15/02/1902	        NA	        NA	      37.8	    -122.4	                   at sea	        san francisco bay	
  16/02/1902	        NA	        NA	      37.8	    -122.3	            sausalito cal	                sausalito	
  17/02/1902	        NA	        NA	      37.8	    -122.3	            sausalito cal	                sausalito	
  18/02/1902	        NA	        NA	      37.8	    -122.3	            sausalito cal	                sausalito	
  19/02/1902	        NA	        NA	      37.8	    -122.4	 san francisco california	        san francisco bay	
  20/02/1902	        NA	        NA	      37.8	    -122.4	        san francisco cal	        san francisco bay	
  21/02/1902	        NA	        NA	      37.8	    -122.4	        san francisco cal	        san francisco bay	
  22/02/1902	        NA	        NA	      37.8	    -122.4	        san francisco cal	        san francisco bay	
  23/02/1902	        NA	        NA	      37.8	    -122.4	        san francisco cal	        san francisco bay	
  24/02/1902	        NA	        NA	      37.8	    -122.4	        san francisco cal	        san francisco bay	
  25/02/1902	        NA	        NA	      37.8	    -122.4	        san francisco cal	        san francisco bay	
  26/02/1902	        NA	        NA	      37.8	    -122.4	        san francisco cal	        san francisco bay	
  27/02/1902	        NA	        NA	      37.8	    -122.4	        san francisco cal	        san francisco bay	
  28/02/1902	        NA	        NA	      37.8	    -122.4	        san francisco cal	        san francisco bay	
  01/03/1902	        NA	        NA	      37.8	    -122.4	        san francisco cal	        san francisco bay	
  02/03/1902	        NA	        NA	      37.8	    -122.4	        san francisco cal	        san francisco bay	
  03/03/1902	        NA	        NA	      37.8	    -122.4	        san francisco cal	        san francisco bay	
  04/03/1902	        NA	        NA	      37.8	    -122.4	        san francisco cal	        san francisco bay	
  05/03/1902	        NA	        NA	      37.8	    -122.4	        san francisco cal	        san francisco bay	
  06/03/1902	        NA	        NA	      37.8	    -122.4	        san francisco cal	        san francisco bay	
  07/03/1902	        NA	        NA	      37.8	    -122.4	        san francisco cal	        san francisco bay	
  08/03/1902	        NA	        NA	      37.8	    -122.4	        san francisco cal	        san francisco bay	
  09/03/1902	        NA	        NA	      37.8	    -122.4	        san francisco cal	        san francisco bay	
  10/03/1902	        NA	        NA	      37.8	    -122.4	        san francisco cal	        san francisco bay	
  11/03/1902	        NA	        NA	      37.8	    -122.4	        san francisco cal	        san francisco bay	
  12/03/1902	        NA	        NA	      37.8	    -122.4	        san francisco cal	        san francisco bay	
  13/03/1902	        NA	        NA	      37.8	    -122.4	        san francisco cal	        san francisco bay	
  14/03/1902	        NA	        NA	      37.8	    -122.4	        san francisco cal	        san francisco bay	
  15/03/1902	        NA	        NA	      37.8	    -122.4	        san francisco cal	        san francisco bay	
  16/03/1902	        NA	        NA	      37.8	    -122.4	        san francisco cal	        san francisco bay	
  17/03/1902	        NA	        NA	      37.8	    -122.4	        san francisco cal	        san francisco bay	
  18/03/1902	        NA	        NA	      37.8	    -122.4	        san francisco cal	        san francisco bay	
  19/03/1902	        NA	        NA	      37.8	    -122.4	        san francisco cal	        san francisco bay	
  20/03/1902	        NA	        NA	      37.8	    -122.4	        san francisco cal	        san francisco bay	
  21/03/1902	        NA	        NA	      37.8	    -122.4	 san francisco california	        san francisco bay	
  22/03/1902	        NA	        NA	      37.8	    -122.4	        san francisco cal	        san francisco bay	
  23/03/1902	        NA	        NA	      37.8	    -122.4	        san francisco cal	        san francisco bay	
  24/03/1902	        NA	        NA	      37.8	    -122.4	        san francisco cal	        san francisco bay	
  25/03/1902	        NA	        NA	      37.8	    -122.4	        san francisco cal	        san francisco bay	
  26/03/1902	        NA	        NA	      37.8	    -122.4	        san francisco cal	        san francisco bay	
  27/03/1902	        NA	        NA	      37.8	    -122.4	        san francisco cal	        san francisco bay	
  28/03/1902	        NA	        NA	      37.8	    -122.4	        san francisco cal	        san francisco bay	
  29/03/1902	        NA	        NA	      37.8	    -122.4	        san francisco cal	        san francisco bay	
  30/03/1902	        NA	        NA	      37.8	    -122.4	        san francisco cal	        san francisco bay	
  31/03/1902	        NA	        NA	      37.8	    -122.4	        san francisco cal	        san francisco bay	
  01/04/1902	        NA	        NA	      37.8	    -122.4	        san francisco cal	        san francisco bay	
  02/04/1902	        NA	        NA	      37.8	    -122.4	        san francisco cal	        san francisco bay	
  03/04/1902	        NA	        NA	      37.8	    -122.4	        san francisco cal	        san francisco bay	
  04/04/1902	        NA	        NA	      37.8	    -122.4	        san francisco cal	        san francisco bay	
  05/04/1902	        NA	        NA	      37.8	    -122.4	 san francisco california	        san francisco bay	
  06/04/1902	        NA	        NA	      37.8	    -122.4	        san francisco cal	        san francisco bay	
  07/04/1902	        NA	        NA	      37.8	    -122.4	        san francisco cal	        san francisco bay	
  08/04/1902	        NA	        NA	      37.8	    -122.4	        san francisco cal	        san francisco bay	
  09/04/1902	        NA	        NA	      37.8	    -122.4	        san francisco cal	        san francisco bay	
  10/04/1902	        NA	        NA	      37.8	    -122.4	        san francisco cal	        san francisco bay	
  11/04/1902	        NA	        NA	      37.8	    -122.4	        san francisco cal	        san francisco bay	
  12/04/1902	        NA	        NA	      37.8	    -122.4	        san francisco cal	        san francisco bay	
  13/04/1902	        NA	        NA	      37.8	    -122.4	        san francisco cal	        san francisco bay	
  14/04/1902	        NA	        NA	      37.8	    -122.4	        san francisco cal	        san francisco bay	
  15/04/1902	        NA	        NA	      37.8	    -122.4	        san francisco cal	        san francisco bay	
  16/04/1902	        NA	        NA	      37.8	    -122.4	        san francisco cal	        san francisco bay	
  17/04/1902	        NA	        NA	        NA	        NA	                   at sea	                       NA	
  18/04/1902	        NA	        NA	        NA	        NA	                   at sea	                       NA	
  19/04/1902	   43 26 N	  124 41 W	      NA	      NA	      NA
  20/04/1902	        NA	        NA	        NA	        NA	                   at sea	                       NA	
  21/04/1902	        NA	        NA	      48.1	    -122.8	                   at sea	            port townsend	
  22/04/1902	        NA	        NA	        NA	        NA	              puget sound	                       NA	
  23/04/1902	        NA	        NA	      47.6	    -122.3	       seattle washington	                  seattle	
  25/04/1902	        NA	        NA	      47.3	    -122.4	        tacoma washington	                   tacoma	
  26/04/1902	        NA	        NA	      47.6	    -122.3	       seattle washington	                  seattle	
  26/04/1902	        NA	        NA	        NA	        NA	                       NA	                       NA	
  26/04/1902	        NA	        NA	        NA	        NA	                       NA	                       NA	
  26/04/1902	        NA	        NA	        NA	        NA	                       NA	                       NA	
  26/04/1902	        NA	        NA	        NA	        NA	                       NA	                       NA	
  26/04/1902	        NA	        NA	        NA	        NA	                       NA	                       NA	
  26/04/1902	        NA	        NA	        NA	        NA	                       NA	                       NA	
  26/04/1902	        NA	        NA	        NA	        NA	                       NA	                       NA	
  26/04/1902	        NA	        NA	        NA	        NA	                       NA	                       NA	
  26/04/1902	        NA	        NA	        NA	        NA	                       NA	                       NA	
  26/04/1902	        NA	        NA	        NA	        NA	                       NA	                       NA	
  26/04/1902	        NA	        NA	        NA	        NA	                       NA	                       NA	
  26/04/1902	        NA	        NA	        NA	        NA	                       NA	                       NA	
  26/04/1902	        NA	        NA	      47.6	    -122.3	       seattle washington	                  seattle	
