  01/01/1903	        NA	        NA	        NA	        NA	                       NA	                       NA	
  01/01/1903	        NA	        NA	      47.6	    -122.6	     bremerton washington	                bremerton	
  02/01/1903	        NA	        NA	        NA	        NA	                       NA	                       NA	
  02/01/1903	        NA	        NA	      47.6	    -122.6	     bremerton washington	                bremerton	
  03/01/1903	        NA	        NA	        NA	        NA	                       NA	                       NA	
  03/01/1903	        NA	        NA	      47.6	    -122.6	                bremerton	                bremerton	
  04/01/1903	        NA	        NA	        NA	        NA	                       NA	                       NA	
  04/01/1903	        NA	        NA	      47.6	    -122.6	                bremerton	                bremerton	
  05/01/1903	        NA	        NA	        NA	        NA	                       NA	                       NA	
  05/01/1903	        NA	        NA	        NA	        NA	                       NA	                       NA	
  06/01/1903	        NA	        NA	        NA	        NA	                       NA	                       NA	
  06/01/1903	        NA	        NA	      47.6	    -122.6	     bremerton washington	                bremerton	
  07/01/1903	        NA	        NA	        NA	        NA	                       NA	                       NA	
  07/01/1903	        NA	        NA	      47.6	    -122.3	       seattle washington	                  seattle	
  08/01/1903	        NA	        NA	        NA	        NA	                       NA	                       NA	
  08/01/1903	        NA	        NA	      48.1	    -122.8	       port townsend wash	            port townsend	
  09/01/1903	        NA	        NA	        NA	        NA	                       NA	                       NA	
  09/01/1903	        NA	        NA	      48.1	    -122.8	       port townsend wash	            port townsend	
 19/01/1903	   46 55 N	  125 51 W	      NA	      NA	      NA
  20/01/1903	     45 09	    125 07	      NA	      NA	      NA
  21/01/1903	   42 44 N	  124 58 W	      NA	      NA	      NA
  22/01/1903	   41 24 N	  125 08 W	      NA	      NA	      NA
  23/01/1903	   39 18 N	  124 12 W	      NA	      NA	      NA
  24/01/1903	        NA	        NA	        NA	        NA	                       NA	                       NA	
  24/01/1903	        NA	        NA	      37.8	    -122.4	            san francisco	            san francisco	
  25/01/1903	        NA	        NA	        NA	        NA	                       NA	                       NA	
  25/01/1903	        NA	        NA	      37.8	    -122.4	            san francisco	            san francisco	
  26/01/1903	        NA	        NA	        NA	        NA	                       NA	                       NA	
  26/01/1903	        NA	        NA	      37.8	    -122.4	        san francisco cal	        san francisco bay	
  27/01/1903	        NA	        NA	        NA	        NA	                       NA	                       NA	
  27/01/1903	        NA	        NA	      -8.7	     115.2	                 sf calif	                     bali	
  28/01/1903	        NA	        NA	        NA	        NA	                       NA	                       NA	
  28/01/1903	        NA	        NA	      37.8	    -122.4	            san francisco	            san francisco	
  29/01/1903	        NA	        NA	        NA	        NA	                       NA	                       NA	
  29/01/1903	        NA	        NA	      37.8	    -122.4	            san francisco	            san francisco	
  30/01/1903	        NA	        NA	        NA	        NA	                       NA	                       NA	
  30/01/1903	        NA	        NA	      37.8	    -122.4	        san francisco cal	        san francisco bay	
  31/01/1903	        NA	        NA	        NA	        NA	                       NA	                       NA	
  31/01/1903	        NA	        NA	        NA	        NA	                       NA	                       NA	
  31/01/1903	        NA	        NA	        NA	        NA	                       NA	                       NA	
  31/01/1903	        NA	        NA	        NA	        NA	                       NA	                       NA	
  31/01/1903	        NA	        NA	        NA	        NA	                       NA	                       NA	
  31/01/1903	        NA	        NA	        NA	        NA	                       NA	                       NA	
  31/01/1903	        NA	        NA	        NA	        NA	                       NA	                       NA	
  31/01/1903	        NA	        NA	        NA	        NA	                       NA	                       NA	
  31/01/1903	        NA	        NA	        NA	        NA	                       NA	                       NA	
  31/01/1903	        NA	        NA	        NA	        NA	                       NA	                       NA	
  31/01/1903	        NA	        NA	        NA	        NA	                       NA	                       NA	
  31/01/1903	        NA	        NA	      37.8	    -122.3	            sausalito cal	                sausalito	
  01/06/1903	        NA	        NA	        NA	        NA	                       NA	                       NA	
  02/06/1903	   39 12 N	  124 03 W	      NA	      NA	      NA
  03/06/1903	   41 07 N	  124 43 W	      NA	      NA	      NA
  04/06/1903	   42 29 N	  124 47 W	      NA	      NA	      NA
  05/06/1903	   44 04 N	  125 52 W	      NA	      NA	      NA
  06/06/1903	   45 49 N	  124 34 W	      NA	      NA	      NA
  07/06/1903	        NA	        NA	        NA	        NA	                       NA	                       NA	
  08/06/1903	        NA	        NA	        NA	        NA	                       NA	                       NA	
  08/06/1903	        NA	        NA	      48.1	    -122.8	       port townsend wash	            port townsend	
  09/06/1903	        NA	        NA	        NA	        NA	                       NA	                       NA	
  09/06/1903	        NA	        NA	      47.6	    -122.3	             seattle wash	                  seattle	
  10/06/1903	        NA	        NA	        NA	        NA	                       NA	                       NA	
  10/06/1903	        NA	        NA	      47.6	    -122.3	       seattle washington	                  seattle	
  11/06/1903	        NA	        NA	        NA	        NA	                       NA	                       NA	
  11/06/1903	        NA	        NA	      47.6	    -122.3	       seattle washington	                  seattle	
  12/06/1903	        NA	        NA	        NA	        NA	                       NA	                       NA	
  12/06/1903	        NA	        NA	      47.6	    -122.3	       seattle washington	                  seattle	
  13/06/1903	        NA	        NA	        NA	        NA	                       NA	                       NA	
  13/06/1903	        NA	        NA	      47.6	    -122.3	       seattle washington	                  seattle	
  14/06/1903	        NA	        NA	        NA	        NA	                       NA	                       NA	
  14/06/1903	        NA	        NA	      47.6	    -122.3	       seattle washington	                  seattle	
  15/06/1903	        NA	        NA	        NA	        NA	                       NA	                       NA	
  15/06/1903	        NA	        NA	      48.1	    -122.8	       port townsend wash	            port townsend	
  21/06/1903	   51 00 N	  128 24 W	      NA	      NA	      NA
  22/06/1903	   51 57 N	  133 21 W	      NA	      NA	      NA
  23/06/1903	   55 42 N	  135 30 W	      NA	      NA	      NA
  24/06/1903	        NA	        NA	        NA	        NA	                       NA	                       NA	
  24/06/1903	        NA	        NA	      57.0	    -135.4	             sitka alaska	                    sitka	
  25/06/1903	        NA	        NA	        NA	        NA	                       NA	                       NA	
  25/06/1903	        NA	        NA	      57.0	    -135.4	             sitka alaska	                    sitka	
  26/06/1903	        NA	        NA	        NA	        NA	                       NA	                       NA	
  26/06/1903	        NA	        NA	      57.0	    -135.4	             sitka alaska	                    sitka	
  27/06/1903	   58 49 N	  138 52 W	      NA	      NA	      NA
  28/06/1903	   59 17 N	  141 22 W	      NA	      NA	      NA
  29/06/1903	   58 10 N	  145 45 W	      NA	      NA	      NA
  29/06/1903	   58 29 N	  145 30 W	      NA	      NA	      NA
  30/06/1903	   57 59 N	  150 21 W	      NA	      NA	      NA
  01/07/1903	        NA	        NA	        NA	        NA	                       NA	                       NA	
  01/07/1903	        NA	        NA	      57.8	    -152.4	kodiak kadrak isld alaska	                   kodiak	
  02/07/1903	   56 19 N	  154 18 W	      NA	      NA	      NA
  03/07/1903	   55 32 N	  159 00 W	      NA	      NA	      NA
  04/07/1903	        NA	        NA	        NA	        NA	                       NA	                       NA	
  05/07/1903	        NA	        NA	        NA	        NA	                       NA	                       NA	
  06/07/1903	        NA	        NA	        NA	        NA	                       NA	                       NA	
  07/07/1903	        NA	        NA	      53.9	    -166.5	             dutch harbor	             dutch harbor	
  07/07/1903	        NA	        NA	      53.9	    -166.5	      dutch harbor alaska	             dutch harbor	
  08/07/1903	   54 48 N	  167 22 W	      NA	      NA	      NA
  09/07/1903	        NA	        NA	        NA	        NA	                       NA	                       NA	
  09/07/1903	        NA	        NA	      56.6	    -169.6	north anchorage st george island	         st george island	
  10/07/1903	   56 59 N	  170 31 W	      NA	      NA	      NA
  11/07/1903	   54 37 N	  172 40 W	      NA	      NA	      NA
  12/07/1903	   52 29 N	  172 55 W	      NA	      NA	      NA
  13/07/1903	   53 12 N	  169 43 W	      NA	      NA	      NA
  14/07/1903	        NA	        NA	        NA	        NA	                       NA	                       NA	
  14/07/1903	        NA	        NA	      53.9	    -166.5	      dutch harbor alaska	             dutch harbor	
  15/07/1903	        NA	        NA	        NA	        NA	                       NA	                       NA	
  15/07/1903	        NA	        NA	      53.9	    -166.5	      dutch harbor alaska	             dutch harbor	
  16/07/1903	        NA	        NA	        NA	        NA	                       NA	                       NA	
  16/07/1903	        NA	        NA	      53.9	    -166.5	      dutch harbor alaska	             dutch harbor	
  17/07/1903	        NA	        NA	        NA	        NA	                       NA	                       NA	
  17/07/1903	        NA	        NA	      53.9	    -166.5	      dutch harbor alaska	             dutch harbor	
  18/07/1903	        NA	        NA	        NA	        NA	                       NA	                       NA	
  18/07/1903	        NA	        NA	      53.9	    -166.5	      dutch harbor alaska	             dutch harbor	
  19/07/1903	        NA	        NA	        NA	        NA	                       NA	                       NA	
  19/07/1903	        NA	        NA	      53.9	    -166.5	      dutch harbor alaska	             dutch harbor	
  20/07/1903	        NA	        NA	        NA	        NA	                       NA	                       NA	
  20/07/1903	        NA	        NA	      53.9	    -166.5	      dutch harbor alaska	             dutch harbor	
  21/07/1903	   54 08 N	  166 41 W	      NA	      NA	      NA
  22/07/1903	   56 05 N	  168 49 W	      NA	      NA	      NA
  23/07/1903	        NA	        NA	        NA	        NA	                       NA	                       NA	
  23/07/1903	        NA	        NA	      56.6	    -169.6	south anchorage st george island	         st george island	
  24/07/1903	   56 58 N	  170 04 W	      NA	      NA	      NA
  25/07/1903	        NA	        NA	        NA	        NA	                       NA	                       NA	
  25/07/1903	        NA	        NA	      57.1	    -170.3	village cove st paul island	           st paul island	
  26/07/1903	        NA	        NA	        NA	        NA	                       NA	                       NA	
  26/07/1903	        NA	        NA	      57.1	    -170.3	village cove st paul island	           st paul island	
  27/07/1903	   57 07 N	  170 30 W	      NA	      NA	      NA
  28/07/1903	   56 44 N	  167 32 W	      NA	      NA	      NA
  29/07/1903	   55 43 N	  163 40 W	      NA	      NA	      NA
  30/07/1903	   54 26 N	  165 37 W	      NA	      NA	      NA
  31/07/1903	   54 26 N	  165 37 W	      NA	      NA	      NA
  01/08/1903	        NA	        NA	        NA	        NA	                       NA	                       NA	
  01/08/1903	        NA	        NA	      53.9	    -166.5	      dutch harbor alaska	             dutch harbor	
  02/08/1903	        NA	        NA	        NA	        NA	                       NA	                       NA	
  02/08/1903	        NA	        NA	      53.9	    -166.5	      dutch harbor alaska	             dutch harbor	
  03/08/1903	        NA	        NA	        NA	        NA	                       NA	                       NA	
  03/08/1903	        NA	        NA	      53.9	    -166.5	      dutch harbor alaska	             dutch harbor	
  04/08/1903	        NA	        NA	        NA	        NA	                       NA	                       NA	
  04/08/1903	        NA	        NA	      53.9	    -166.5	      dutch harbor alaska	             dutch harbor	
  05/08/1903	        NA	        NA	        NA	        NA	                       NA	                       NA	
  05/08/1903	        NA	        NA	      53.9	    -166.5	      dutch harbor alaska	             dutch harbor	
  06/08/1903	        NA	        NA	        NA	        NA	                       NA	                       NA	
  06/08/1903	        NA	        NA	      53.9	    -166.5	      dutch harbor alaska	             dutch harbor	
  07/08/1903	   56 11 N	  167 27 W	      NA	      NA	      NA
  08/08/1903	   58 13 N	  171 03 W	      NA	      NA	      NA
  09/08/1903	   56 34 N	  171 46 W	      NA	      NA	      NA
  10/08/1903	   56 06 N	  169 55 W	      NA	      NA	      NA
  11/08/1903	   56 37 N	  169 32 W	      NA	      NA	      NA
  12/08/1903	   57 59 N	  169 51 W	      NA	      NA	      NA
  13/08/1903	   57 35 N	  170 00 W	      NA	      NA	      NA
  14/08/1903	   56 54 N	  171 38 W	      NA	      NA	      NA
  15/08/1903	   55 27 N	  169 43 W	      NA	      NA	      NA
  16/08/1903	        NA	        NA	        NA	        NA	                       NA	                       NA	
  16/08/1903	        NA	        NA	      54.0	    -166.4	 off princess head alaska	            princess head	
  17/08/1903	        NA	        NA	        NA	        NA	                       NA	                       NA	
  17/08/1903	        NA	        NA	      53.9	    -166.5	      dutch harbor alaska	             dutch harbor	
  18/08/1903	        NA	        NA	        NA	        NA	                       NA	                       NA	
  18/08/1903	        NA	        NA	      53.9	    -166.5	      dutch harbor alaska	             dutch harbor	
  19/08/1903	        NA	        NA	        NA	        NA	                       NA	                       NA	
  19/08/1903	        NA	        NA	      53.9	    -166.5	      dutch harbor alaska	             dutch harbor	
  20/08/1903	        NA	        NA	        NA	        NA	                       NA	                       NA	
  20/08/1903	        NA	        NA	      53.9	    -166.5	      dutch harbor alaska	             dutch harbor	
  21/08/1903	        NA	        NA	        NA	        NA	                       NA	                       NA	
  21/08/1903	        NA	        NA	      53.9	    -166.5	      dutch harbor alaska	             dutch harbor	
  22/08/1903	        NA	        NA	        NA	        NA	                       NA	                       NA	
  22/08/1903	        NA	        NA	      53.9	    -166.5	      dutch harbor alaska	             dutch harbor	
  23/08/1903	        NA	        NA	        NA	        NA	                       NA	                       NA	
  23/08/1903	        NA	        NA	      53.9	    -166.5	      dutch harbor alaska	             dutch harbor	
  24/08/1903	   55 31 N	  168 28 W	      NA	      NA	      NA
  25/08/1903	   56 52 N	  170 20 W	      NA	      NA	      NA
  26/08/1903	   56 39 N	  169 32 W	      NA	      NA	      NA
  27/08/1903	   56 36 N	  166 44 W	      NA	      NA	      NA
  28/08/1903	   54 53 N	  164 42 W	      NA	      NA	      NA
  29/08/1903	        NA	        NA	        NA	        NA	                       NA	                       NA	
  29/08/1903	        NA	        NA	        NA	        NA	 urilia bay unimak island	                       NA	
  30/08/1903	        NA	        NA	        NA	        NA	                       NA	                       NA	
  30/08/1903	        NA	        NA	        NA	        NA	 urilia bay unimak island	                       NA	
  31/08/1903	        NA	        NA	        NA	        NA	                       NA	                       NA	
  31/08/1903	        NA	        NA	        NA	        NA	 urilia bay unimak island	                       NA	
  31/08/1903	        NA	        NA	        NA	        NA	                       NA	                       NA	
  31/08/1903	        NA	        NA	        NA	        NA	 urilia bay unimak island	                       NA	
  01/09/1903	        NA	        NA	        NA	        NA	                       NA	                       NA	
  01/09/1903	        NA	        NA	        NA	        NA	 urilia bay unimak island	                       NA	
  02/09/1903	        NA	        NA	        NA	        NA	                       NA	                       NA	
  02/09/1903	        NA	        NA	        NA	        NA	 urilia bay unimak island	                       NA	
  03/09/1903	        NA	        NA	        NA	        NA	                       NA	                       NA	
  04/09/1903	        NA	        NA	        NA	        NA	                       NA	                       NA	
  04/09/1903	        NA	        NA	      53.9	    -166.5	      dutch harbor alaska	             dutch harbor	
  05/09/1903	        NA	        NA	        NA	        NA	                       NA	                       NA	
  05/09/1903	        NA	        NA	      53.9	    -166.5	      dutch harbor alaska	             dutch harbor	
  06/09/1903	        NA	        NA	        NA	        NA	                       NA	                       NA	
  06/09/1903	        NA	        NA	      53.9	    -166.5	      dutch harbor alaska	             dutch harbor	
  07/09/1903	        NA	        NA	        NA	        NA	                       NA	                       NA	
  07/09/1903	        NA	        NA	      53.9	    -166.5	      dutch harbor alaska	             dutch harbor	
  08/09/1903	        NA	        NA	        NA	        NA	                       NA	                       NA	
  08/09/1903	        NA	        NA	      53.9	    -166.5	      dutch harbor alaska	             dutch harbor	
  09/09/1903	        NA	        NA	        NA	        NA	                       NA	                       NA	
  09/09/1903	        NA	        NA	      53.9	    -166.5	      dutch harbor alaska	             dutch harbor	
  10/09/1903	        NA	        NA	        NA	        NA	                       NA	                       NA	
  10/09/1903	        NA	        NA	      53.9	    -166.5	      dutch harbor alaska	             dutch harbor	
  11/09/1903	        NA	        NA	        NA	        NA	                       NA	                       NA	
  11/09/1903	        NA	        NA	      53.9	    -166.5	      dutch harbor alaska	             dutch harbor	
  12/09/1903	        NA	        NA	        NA	        NA	                       NA	                       NA	
  12/09/1903	        NA	        NA	      53.9	    -166.5	      dutch harbor alaska	             dutch harbor	
  13/09/1903	        NA	        NA	        NA	        NA	                       NA	                       NA	
  13/09/1903	        NA	        NA	      53.9	    -166.5	      dutch harbor alaska	             dutch harbor	
  14/09/1903	        NA	        NA	        NA	        NA	                       NA	                       NA	
  14/09/1903	        NA	        NA	      53.9	    -166.5	      dutch harbor alaska	             dutch harbor	
  15/09/1903	        NA	        NA	        NA	        NA	                       NA	                       NA	
  16/09/1903	        NA	        NA	        NA	        NA	                       NA	                       NA	
  16/09/1903	        NA	        NA	        NA	        NA	 urilia bay unimak island	                       NA	
  17/09/1903	        NA	        NA	        NA	        NA	                       NA	                       NA	
  17/09/1903	        NA	        NA	        NA	        NA	 urilia bay unimak island	                       NA	
  18/09/1903	        NA	        NA	        NA	        NA	                       NA	                       NA	
  18/09/1903	        NA	        NA	        NA	        NA	 urilia bay unimak island	                       NA	
  19/09/1903	   55 00 N	  164 50 W	      NA	      NA	      NA
  20/09/1903	        NA	        NA	        NA	        NA	                       NA	                       NA	
  20/09/1903	        NA	        NA	      56.6	    -169.6	st george island wxn 10 miles	         st george island	
  21/09/1903	   56 49 N	  169 50 W	      NA	      NA	      NA
  22/09/1903	   55 19 N	  165 25 W	      NA	      NA	      NA
  23/09/1903	        NA	        NA	        NA	        NA	                       NA	                       NA	
  23/09/1903	        NA	        NA	        NA	        NA	 urilia bay unimak island	                       NA	
  24/09/1903	        NA	        NA	        NA	        NA	                       NA	                       NA	
  24/09/1903	        NA	        NA	      53.9	    -166.5	          unalaska alaska	             unalaska bay	
  25/09/1903	        NA	        NA	        NA	        NA	                       NA	                       NA	
  25/09/1903	        NA	        NA	      53.9	    -166.5	          unalaska alaska	             unalaska bay	
  26/09/1903	        NA	        NA	        NA	        NA	                       NA	                       NA	
  26/09/1903	        NA	        NA	      53.9	    -166.5	          unalaska alaska	             unalaska bay	
  27/09/1903	        NA	        NA	        NA	        NA	                       NA	                       NA	
  27/09/1903	        NA	        NA	      53.9	    -166.5	          unalaska alaska	             unalaska bay	
  28/09/1903	        NA	        NA	        NA	        NA	                       NA	                       NA	
  28/09/1903	        NA	        NA	      53.9	    -166.5	          unalaska alaska	             unalaska bay	
  29/09/1903	        NA	        NA	        NA	        NA	                       NA	                       NA	
  29/09/1903	        NA	        NA	      53.9	    -166.5	          unalaska alaska	             unalaska bay	
  29/09/1903	        NA	        NA	        NA	        NA	                       NA	                       NA	
  29/09/1903	        NA	        NA	      53.9	    -166.5	          unalaska alaska	             unalaska bay	
  30/09/1903	        NA	        NA	        NA	        NA	                       NA	                       NA	
  30/09/1903	        NA	        NA	      53.9	    -166.5	          unalaska alaska	             unalaska bay	
  01/10/1903	        NA	        NA	        NA	        NA	                       NA	                       NA	
  01/10/1903	        NA	        NA	      53.9	    -166.5	          unalaska alaska	             unalaska bay	
  02/10/1903	        NA	        NA	        NA	        NA	                       NA	                       NA	
  02/10/1903	        NA	        NA	      53.9	    -166.5	          unalaska alaska	             unalaska bay	
  03/10/1903	        NA	        NA	        NA	        NA	                       NA	                       NA	
  03/10/1903	        NA	        NA	      53.9	    -166.5	          unalaska alaska	             unalaska bay	
  04/10/1903	        NA	        NA	        NA	        NA	                       NA	                       NA	
  04/10/1903	        NA	        NA	      53.9	    -166.5	          unalaska alaska	             unalaska bay	
  05/10/1903	        NA	        NA	        NA	        NA	                       NA	                       NA	
  05/10/1903	        NA	        NA	      53.9	    -166.5	          unalaska alaska	             unalaska bay	
  06/10/1903	        NA	        NA	        NA	        NA	                       NA	                       NA	
  06/10/1903	        NA	        NA	      53.9	    -166.5	          unalaska alaska	             unalaska bay	
  07/10/1903	        NA	        NA	        NA	        NA	                       NA	                       NA	
  07/10/1903	        NA	        NA	      53.9	    -166.5	          unalaska alaska	             unalaska bay	
  08/10/1903	        NA	        NA	        NA	        NA	                       NA	                       NA	
  08/10/1903	        NA	        NA	      53.9	    -166.5	          unalaska alaska	             unalaska bay	
  09/10/1903	        NA	        NA	        NA	        NA	                       NA	                       NA	
  09/10/1903	        NA	        NA	      53.9	    -166.5	          unalaska alaska	             unalaska bay	
  10/10/1903	        NA	        NA	        NA	        NA	                       NA	                       NA	
  10/10/1903	        NA	        NA	      53.9	    -166.5	          unalaska alaska	             unalaska bay	
  11/10/1903	        NA	        NA	        NA	        NA	                       NA	                       NA	
  11/10/1903	        NA	        NA	      53.9	    -166.5	          unalaska alaska	             unalaska bay	
  12/10/1903	        NA	        NA	        NA	        NA	                       NA	                       NA	
  12/10/1903	        NA	        NA	      53.9	    -166.5	          unalaska alaska	             unalaska bay	
  13/10/1903	        NA	        NA	        NA	        NA	                       NA	                       NA	
  13/10/1903	        NA	        NA	      53.9	    -166.5	          unalaska alaska	             unalaska bay	
  14/10/1903	        NA	        NA	        NA	        NA	                       NA	                       NA	
  14/10/1903	        NA	        NA	      53.9	    -166.5	          unalaska alaska	             unalaska bay	
  15/10/1903	        NA	        NA	        NA	        NA	                       NA	                       NA	
  15/10/1903	        NA	        NA	      53.9	    -166.5	          unalaska alaska	             unalaska bay	
  16/10/1903	        NA	        NA	        NA	        NA	                       NA	                       NA	
  16/10/1903	        NA	        NA	      53.9	    -166.5	          unalaska alaska	             unalaska bay	
  17/10/1903	        NA	        NA	        NA	        NA	                       NA	                       NA	
  17/10/1903	        NA	        NA	      53.9	    -166.5	          unalaska alaska	             unalaska bay	
  18/10/1903	        NA	        NA	        NA	        NA	                       NA	                       NA	
  18/10/1903	        NA	        NA	      53.9	    -166.5	          unalaska alaska	             unalaska bay	
  19/10/1903	        NA	        NA	        NA	        NA	                       NA	                       NA	
  19/10/1903	        NA	        NA	      53.9	    -166.5	          unalaska alaska	             unalaska bay	
  20/10/1903	        NA	        NA	        NA	        NA	                       NA	                       NA	
  20/10/1903	        NA	        NA	      53.9	    -166.5	          unalaska alaska	             unalaska bay	
  21/10/1903	   54 25 N	  166 34 W	      NA	      NA	      NA
  22/10/1903	   56 13 N	  168 52 W	      NA	      NA	      NA
  23/10/1903	   57 07 N	  168 10 W	      NA	      NA	      NA
  24/10/1903	   55 49 N	  165 41 W	      NA	      NA	      NA
  25/10/1903	   54 46 N	  164 58 W	      NA	      NA	      NA
  26/10/1903	        NA	        NA	        NA	        NA	                       NA	                       NA	
  26/10/1903	        NA	        NA	      53.9	    -166.5	      dutch harbor alaska	             dutch harbor	
  27/10/1903	        NA	        NA	        NA	        NA	                       NA	                       NA	
  27/10/1903	        NA	        NA	      53.9	    -166.5	      dutch harbor alaska	             dutch harbor	
  28/10/1903	   54 09 N	  166 40 W	      NA	      NA	      NA
  29/10/1903	   55 03 N	  167 52 W	      NA	      NA	      NA
  30/10/1903	   56 19 N	  168 15 W	      NA	      NA	      NA
  31/10/1903	   56 19 N	  168 15 W	      NA	      NA	      NA
  31/10/1903	   56 52 N	  169 53 W	      NA	      NA	      NA
  01/11/1903	   54 35 N	  166 57 W	      NA	      NA	      NA
  02/11/1903	        NA	        NA	        NA	        NA	                       NA	                       NA	
  02/11/1903	        NA	        NA	      53.9	    -166.5	          unalaska alaska	             unalaska bay	
  03/11/1903	        NA	        NA	        NA	        NA	                       NA	                       NA	
  03/11/1903	        NA	        NA	      53.9	    -166.5	          unalaska alaska	             unalaska bay	
  04/11/1903	   53 57 N	  165 45 W	      NA	      NA	      NA
  05/11/1903	   53 18 N	  160 03 W	      NA	      NA	      NA
  06/11/1903	   52 48 N	  155 40 W	      NA	      NA	      NA
  07/11/1903	   52 32 N	  150 23 W	      NA	      NA	      NA
  08/11/1903	   51 57 N	  144 25 W	      NA	      NA	      NA
  09/11/1903	   51 30 N	  139 12 W	      NA	      NA	      NA
  10/11/1903	   50 20 N	  133 43 W	      NA	      NA	      NA
  11/11/1903	   49 25 N	  128 44 W	      NA	      NA	      NA
  12/11/1903	        NA	        NA	        NA	        NA	                       NA	                       NA	
  14/11/1903	        NA	        NA	        NA	        NA	                       NA	                       NA	
  14/11/1903	        NA	        NA	      48.1	    -122.8	 port townsend washington	            port townsend	
  15/11/1903	        NA	        NA	      47.6	    -122.3	             west seattle	                  seattle	
  15/11/1903	        NA	        NA	      47.6	    -122.3	       seattle washington	                  seattle	
  16/11/1903	        NA	        NA	        NA	        NA	                       NA	                       NA	
  16/11/1903	        NA	        NA	      47.6	    -122.3	       seattle washington	                  seattle	
  17/11/1903	        NA	        NA	        NA	        NA	                       NA	                       NA	
  17/11/1903	        NA	        NA	      47.6	    -122.3	       seattle washington	                  seattle	
  18/11/1903	        NA	        NA	        NA	        NA	                       NA	                       NA	
  18/11/1903	        NA	        NA	      47.6	    -122.3	       seattle washington	                  seattle	
  19/11/1903	        NA	        NA	        NA	        NA	                       NA	                       NA	
  19/11/1903	        NA	        NA	      47.6	    -122.3	       seattle washington	                  seattle	
  20/11/1903	        NA	        NA	        NA	        NA	                       NA	                       NA	
  20/11/1903	        NA	        NA	      47.6	    -122.3	       seattle washington	                  seattle	
  21/11/1903	        NA	        NA	        NA	        NA	                       NA	                       NA	
 24/11/1903	        NA	        NA	        NA	        NA	                       NA	                       NA	
  24/11/1903	        NA	        NA	      48.1	    -122.8	 port townsend washington	            port townsend	
  25/11/1903	        NA	        NA	      48.1	    -122.8	       port townsend wash	            port townsend	
  25/11/1903	        NA	        NA	      48.1	    -122.8	 port townsend washington	            port townsend	
  26/11/1903	        NA	        NA	      22.4	     114.2	           seattle harbor	              tolo harbor	
  26/11/1903	        NA	        NA	      47.6	    -122.3	       seattle washington	                  seattle	
  27/11/1903	        NA	        NA	        NA	        NA	                       NA	                       NA	
  27/11/1903	        NA	        NA	      47.6	    -122.3	       seattle washington	                  seattle	
  28/11/1903	        NA	        NA	        NA	        NA	                       NA	                       NA	
  28/11/1903	        NA	        NA	      47.6	    -122.3	       seattle washington	                  seattle	
  29/11/1903	        NA	        NA	        NA	        NA	                       NA	                       NA	
  29/11/1903	        NA	        NA	      47.6	    -122.3	       seattle washington	                  seattle	
  29/11/1903	        NA	        NA	        NA	        NA	                       NA	                       NA	
  29/11/1903	        NA	        NA	      47.6	    -122.3	       seattle washington	                  seattle	
  30/11/1903	        NA	        NA	        NA	        NA	                       NA	                       NA	
  30/11/1903	        NA	        NA	      47.6	    -122.3	       seattle washington	                  seattle	
  30/11/1903	        NA	        NA	        NA	        NA	                       NA	                       NA	
  30/11/1903	        NA	        NA	      47.6	    -122.3	       seattle washington	                  seattle	
  01/12/1903	        NA	        NA	        NA	        NA	                       NA	                       NA	
  01/12/1903	        NA	        NA	      48.1	    -122.8	 port townsend washington	            port townsend	
  02/12/1903	   46 12 N	  124 46 W	      NA	      NA	      NA
  03/12/1903	   43 16 N	  124 47 W	      NA	      NA	      NA
  04/12/1903	   40 22 N	  124 34 W	      NA	      NA	      NA
  05/12/1903	   37 55 N	  123 26 W	      NA	      NA	      NA
  06/12/1903	        NA	        NA	        NA	        NA	                       NA	                       NA	
  06/12/1903	        NA	        NA	        NA	        NA	                       NA	                       NA	
  06/12/1903	        NA	        NA	        NA	        NA	                       NA	                       NA	
  06/12/1903	        NA	        NA	        NA	        NA	                       NA	                       NA	
  06/12/1903	        NA	        NA	        NA	        NA	                       NA	                       NA	
  06/12/1903	        NA	        NA	        NA	        NA	                       NA	                       NA	
  06/12/1903	        NA	        NA	        NA	        NA	                       NA	                       NA	
  06/12/1903	        NA	        NA	      47.6	    -122.3	       seattle washington	                  seattle	
  01/12/1903	        NA	        NA	        NA	        NA	                       NA	                       NA	
  01/12/1903	        NA	        NA	    48.3  	    -122.8	    race rock nnw 4 miles	            port townsend	
  02/12/1903	   46 12 N	  124 46 W	      NA	      NA	      NA
  03/12/1903	   43 16 N	  124 47 W	      NA	      NA	      NA
  04/12/1903	   40 22 N	  124 34 W	      NA	      NA	      NA
  05/12/1903	   37 55 N	  123 26 W	      NA	      NA	      NA
  06/12/1903	        NA	        NA	        NA	        NA	                       NA	                       NA	
  06/12/1903	        NA	        NA	      37.8	    -122.3	            sausalito cal	                sausalito	
  07/12/1903	        NA	        NA	        NA	        NA	                       NA	                       NA	
  07/12/1903	        NA	        NA	      37.8	    -122.3	            sausalito cal	                sausalito	
  08/12/1903	        NA	        NA	        NA	        NA	                       NA	                       NA	
  08/12/1903	        NA	        NA	      37.8	    -122.3	            sausalito cal	                sausalito	
  08/12/1903	        NA	        NA	        NA	        NA	                       NA	                       NA	
  08/12/1903	        NA	        NA	      37.8	    -122.3	            sausalito cal	                sausalito	
  09/12/1903	        NA	        NA	        NA	        NA	                       NA	                       NA	
  09/12/1903	        NA	        NA	      37.8	    -122.3	            sausalito cal	                sausalito	
  10/12/1903	   35 19 N	  121 30 W	      NA	      NA	      NA
  11/12/1903	        NA	        NA	        NA	        NA	                       NA	                       NA	
 15/12/1903	        NA	        NA	        NA	        NA	                       NA	                       NA	
  15/12/1903	        NA	        NA	      32.7	    -117.2	            san diego cal	            san diego usa	
  16/12/1903	        NA	        NA	        NA	        NA	                       NA	                       NA	
  16/12/1903	        NA	        NA	      32.7	    -117.2	            san diego cal	            san diego usa	
  17/12/1903	        NA	        NA	        NA	        NA	                       NA	                       NA	
  17/12/1903	        NA	        NA	      32.7	    -117.2	            san diego cal	            san diego usa	
  18/12/1903	        NA	        NA	        NA	        NA	                       NA	                       NA	
  18/12/1903	        NA	        NA	      32.7	    -117.2	     san diego california	            san diego usa	
  19/12/1903	        NA	        NA	        NA	        NA	                       NA	                       NA	
  19/12/1903	        NA	        NA	      32.7	    -117.2	            san diego cal	            san diego usa	
  20/12/1903	        NA	        NA	        NA	        NA	                       NA	                       NA	
  20/12/1903	        NA	        NA	      32.7	    -117.2	            san diego cal	            san diego usa	
  21/12/1903	        NA	        NA	        NA	        NA	                       NA	                       NA	
  21/12/1903	        NA	        NA	      32.7	    -117.2	            san diego cal	            san diego usa	
  22/12/1903	        NA	        NA	        NA	        NA	                       NA	                       NA	
  22/12/1903	        NA	        NA	      32.7	    -117.2	            san diego cal	            san diego usa	
  23/12/1903	        NA	        NA	        NA	        NA	                       NA	                       NA	
  23/12/1903	        NA	        NA	      32.7	    -117.2	            san diego cal	            san diego usa	
  24/12/1903	        NA	        NA	        NA	        NA	                       NA	                       NA	
  24/12/1903	        NA	        NA	      32.7	    -117.2	            san diego cal	            san diego usa	
  25/12/1903	        NA	        NA	        NA	        NA	                       NA	                       NA	
  25/12/1903	        NA	        NA	      32.7	    -117.2	            san diego cal	            san diego usa	
  26/12/1903	        NA	        NA	        NA	        NA	                       NA	                       NA	
  26/12/1903	        NA	        NA	      32.7	    -117.2	     san diego california	            san diego usa	
  27/12/1903	        NA	        NA	        NA	        NA	                       NA	                       NA	
  27/12/1903	        NA	        NA	      32.7	    -117.2	     san diego california	            san diego usa	
  28/12/1903	        NA	        NA	        NA	        NA	                       NA	                       NA	
  28/12/1903	        NA	        NA	      32.7	    -117.2	            san diego cal	            san diego usa	
  29/12/1903	        NA	        NA	        NA	        NA	                       NA	                       NA	
  29/12/1903	        NA	        NA	      32.7	    -117.2	            san diego cal	            san diego usa	
  30/12/1903	        NA	        NA	        NA	        NA	                       NA	                       NA	
  30/12/1903	        NA	        NA	      32.7	    -117.2	            san diego cal	            san diego usa	
  31/12/1903	        NA	        NA	        NA	        NA	                       NA	                       NA	
  31/12/1903	        NA	        NA	        NA	        NA	                       NA	                       NA	
  31/12/1903	        NA	        NA	        NA	        NA	                       NA	                       NA	
  31/12/1903	        NA	        NA	        NA	        NA	                       NA	                       NA	
  31/12/1903	        NA	        NA	        NA	        NA	                       NA	                       NA	
  31/12/1903	        NA	        NA	        NA	        NA	                       NA	                       NA	
  31/12/1903	        NA	        NA	        NA	        NA	                       NA	                       NA	
  31/12/1903	        NA	        NA	      32.7	    -117.2	            san diego cal	            san diego usa	
