  01/01/1911	        NA	        NA	        NA	        NA	                       NA	                       NA	
  01/01/1911	        NA	        NA	      32.7	    -117.2	     san diego california	            san diego usa	
  02/01/1911	        NA	        NA	        NA	        NA	                       NA	                       NA	
  02/01/1911	        NA	        NA	      32.7	    -117.2	     san diego california	            san diego usa	
  03/01/1911	        NA	        NA	        NA	        NA	                       NA	                       NA	
  03/01/1911	        NA	        NA	      32.7	    -117.2	     san diego california	            san diego usa	
  04/01/1911	        NA	        NA	        NA	        NA	                       NA	                       NA	
  04/01/1911	        NA	        NA	      32.7	    -117.2	     san diego california	            san diego usa	
  05/01/1911	        NA	        NA	        NA	        NA	                       NA	                       NA	
  05/01/1911	        NA	        NA	      32.7	    -117.2	     san diego california	            san diego usa	
  06/01/1911	        NA	        NA	        NA	        NA	                       NA	                       NA	
  06/01/1911	        NA	        NA	      32.7	    -117.2	     san diego california	            san diego usa	
  07/01/1911	        NA	        NA	        NA	        NA	                       NA	                       NA	
  07/01/1911	        NA	        NA	      32.7	    -117.2	     san diego california	            san diego usa	
  08/01/1911	        NA	        NA	        NA	        NA	                       NA	                       NA	
  08/01/1911	        NA	        NA	      32.7	    -117.2	     san diego california	            san diego usa	
  09/01/1911	        NA	        NA	        NA	        NA	                       NA	                       NA	
  09/01/1911	        NA	        NA	      32.7	    -117.2	     san diego california	            san diego usa	
  10/01/1911	        NA	        NA	        NA	        NA	                       NA	                       NA	
  10/01/1911	        NA	        NA	      32.7	    -117.2	     san diego california	            san diego usa	
  11/01/1911	        NA	        NA	        NA	        NA	                       NA	                       NA	
  11/01/1911	        NA	        NA	      32.7	    -117.2	     san diego california	            san diego usa	
  12/01/1911	        NA	        NA	        NA	        NA	                       NA	                       NA	
  12/01/1911	        NA	        NA	      32.7	    -117.2	     san diego california	            san diego usa	
  13/01/1911	        NA	        NA	        NA	        NA	                       NA	                       NA	
  13/01/1911	        NA	        NA	      32.7	    -117.2	     san diego california	            san diego usa	
  14/01/1911	        NA	        NA	        NA	        NA	                       NA	                       NA	
  14/01/1911	        NA	        NA	      32.7	    -117.2	     san diego california	            san diego usa	
  15/01/1911	        NA	        NA	        NA	        NA	                       NA	                       NA	
  15/01/1911	        NA	        NA	      32.7	    -117.2	     san diego california	            san diego usa	
  16/01/1911	        NA	        NA	        NA	        NA	                       NA	                       NA	
  16/01/1911	        NA	        NA	      32.7	    -117.2	     san diego california	            san diego usa	
  17/01/1911	        NA	        NA	        NA	        NA	                       NA	                       NA	
  18/01/1911	        NA	        NA	      33.7	    -118.3	     san pedro california	          san pedro calif	
  19/01/1911	        NA	        NA	        NA	        NA	                       NA	                       NA	
  19/01/1911	        NA	        NA	        NA	        NA	                       NA	                       NA	
  19/01/1911	        NA	        NA	        NA	        NA	                       NA	                       NA	
  20/01/1911	        NA	        NA	      32.7	    -117.2	                san diego	                san diego	
  20/01/1911	        NA	        NA	      32.7	    -117.2	     san diego california	            san diego usa	
  21/01/1911	        NA	        NA	        NA	        NA	                       NA	                       NA	
  21/01/1911	        NA	        NA	      32.7	    -117.2	     san diego california	            san diego usa	
  22/01/1911	        NA	        NA	        NA	        NA	                       NA	                       NA	
  22/01/1911	        NA	        NA	      32.7	    -117.2	     san diego california	            san diego usa	
  23/01/1911	        NA	        NA	        NA	        NA	                       NA	                       NA	
  23/01/1911	        NA	        NA	      32.7	    -117.2	     san diego california	            san diego usa	
  24/01/1911	        NA	        NA	        NA	        NA	                       NA	                       NA	
  24/01/1911	        NA	        NA	      32.7	    -117.2	     san diego california	            san diego usa	
  25/01/1911	        NA	        NA	        NA	        NA	                       NA	                       NA	
  25/01/1911	        NA	        NA	      32.7	    -117.2	     san diego california	            san diego usa	
  26/01/1911	        NA	        NA	        NA	        NA	                       NA	                       NA	
  26/01/1911	        NA	        NA	      32.7	    -117.2	     san diego california	            san diego usa	
  27/01/1911	        NA	        NA	        NA	        NA	                       NA	                       NA	
  27/01/1911	        NA	        NA	      32.7	    -117.2	     san diego california	            san diego usa	
  28/01/1911	        NA	        NA	        NA	        NA	                       NA	                       NA	
  28/01/1911	        NA	        NA	      32.7	    -117.2	     san diego california	            san diego usa	
  29/01/1911	        NA	        NA	        NA	        NA	                       NA	                       NA	
  29/01/1911	        NA	        NA	      32.7	    -117.2	     san diego california	            san diego usa	
  30/01/1911	        NA	        NA	        NA	        NA	                       NA	                       NA	
  30/01/1911	        NA	        NA	      32.7	    -117.2	     san diego california	            san diego usa	
  31/01/1911	        NA	        NA	        NA	        NA	                       NA	                       NA	
  31/01/1911	        NA	        NA	      32.7	    -117.2	     san diego california	            san diego usa	
  01/02/1911	        NA	        NA	        NA	        NA	                       NA	                       NA	
  01/02/1911	        NA	        NA	      32.7	    -117.2	     san diego california	            san diego usa	
  02/02/1911	        NA	        NA	        NA	        NA	                       NA	                       NA	
  02/02/1911	        NA	        NA	      32.7	    -117.2	     san diego california	            san diego usa	
  03/02/1911	        NA	        NA	        NA	        NA	                       NA	                       NA	
  03/02/1911	        NA	        NA	      32.7	    -117.2	     san diego california	            san diego usa	
  04/02/1911	        NA	        NA	        NA	        NA	                       NA	                       NA	
  04/02/1911	        NA	        NA	      32.7	    -117.2	     san diego california	            san diego usa	
  05/02/1911	        NA	        NA	        NA	        NA	                       NA	                       NA	
  05/02/1911	        NA	        NA	      32.7	    -117.2	     san diego california	            san diego usa	
  06/02/1911	        NA	        NA	        NA	        NA	                       NA	                       NA	
  06/02/1911	        NA	        NA	      32.7	    -117.2	     san diego california	            san diego usa	
  07/02/1911	        NA	        NA	        NA	        NA	                       NA	                       NA	
  07/02/1911	        NA	        NA	      32.7	    -117.2	     san diego california	            san diego usa	
  08/02/1911	        NA	        NA	        NA	        NA	                       NA	                       NA	
  08/02/1911	        NA	        NA	      32.7	    -117.2	     san diego california	            san diego usa	
  09/02/1911	        NA	        NA	        NA	        NA	                       NA	                       NA	
  09/02/1911	        NA	        NA	      32.7	    -117.2	     san diego california	            san diego usa	
  10/02/1911	        NA	        NA	        NA	        NA	                       NA	                       NA	
  10/02/1911	        NA	        NA	      32.7	    -117.2	     san diego california	            san diego usa	
  11/02/1911	        NA	        NA	        NA	        NA	                       NA	                       NA	
  11/02/1911	        NA	        NA	      32.7	    -117.2	     san diego california	            san diego usa	
  12/02/1911	        NA	        NA	        NA	        NA	                       NA	                       NA	
  12/02/1911	        NA	        NA	      32.7	    -117.2	     san diego california	            san diego usa	
  13/02/1911	        NA	        NA	        NA	        NA	                       NA	                       NA	
  13/02/1911	        NA	        NA	      32.7	    -117.2	     san diego california	            san diego usa	
  14/02/1911	        NA	        NA	        NA	        NA	                       NA	                       NA	
  14/02/1911	        NA	        NA	      32.7	    -117.2	     san diego california	            san diego usa	
  15/02/1911	        NA	        NA	        NA	        NA	                       NA	                       NA	
  15/02/1911	        NA	        NA	      32.7	    -117.2	     san diego california	            san diego usa	
  16/02/1911	        NA	        NA	        NA	        NA	                       NA	                       NA	
  16/02/1911	        NA	        NA	      32.7	    -117.2	     san diego california	            san diego usa	
  17/02/1911	        NA	        NA	        NA	        NA	                       NA	                       NA	
  17/02/1911	        NA	        NA	      32.7	    -117.2	     san diego california	            san diego usa	
  18/02/1911	        NA	        NA	        NA	        NA	                       NA	                       NA	
  18/02/1911	        NA	        NA	      32.7	    -117.2	     san diego california	            san diego usa	
  19/02/1911	        NA	        NA	        NA	        NA	                       NA	                       NA	
  19/02/1911	        NA	        NA	      32.7	    -117.2	     san diego california	            san diego usa	
  20/02/1911	        NA	        NA	        NA	        NA	                       NA	                       NA	
  20/02/1911	        NA	        NA	      32.7	    -117.2	     san diego california	            san diego usa	
  21/02/1911	        NA	        NA	        NA	        NA	                       NA	                       NA	
  21/02/1911	        NA	        NA	      32.7	    -117.2	     san diego california	            san diego usa	
  22/02/1911	        NA	        NA	        NA	        NA	                       NA	                       NA	
  22/02/1911	        NA	        NA	      32.7	    -117.2	     san diego california	            san diego usa	
  23/02/1911	        NA	        NA	        NA	        NA	                       NA	                       NA	
  23/02/1911	        NA	        NA	      33.7	    -118.3	outer harbor san pedro california	          san pedro calif	
  24/02/1911	        NA	        NA	        NA	        NA	                       NA	                       NA	
  24/02/1911	        NA	        NA	      32.7	    -117.2	     san diego california	            san diego usa	
  25/02/1911	        NA	        NA	        NA	        NA	                       NA	                       NA	
  25/02/1911	        NA	        NA	      32.7	    -117.2	     san diego california	            san diego usa	
  26/02/1911	        NA	        NA	        NA	        NA	                       NA	                       NA	
  26/02/1911	        NA	        NA	      32.7	    -117.2	     san diego california	            san diego usa	
  27/02/1911	        NA	        NA	        NA	        NA	                       NA	                       NA	
  27/02/1911	        NA	        NA	      32.7	    -117.2	     san diego california	            san diego usa	
  28/02/1911	        NA	        NA	        NA	        NA	                       NA	                       NA	
  28/02/1911	        NA	        NA	      32.7	    -117.2	     san diego california	            san diego usa	
  01/03/1911	        NA	        NA	        NA	        NA	                       NA	                       NA	
  01/03/1911	        NA	        NA	      32.7	    -117.2	     san diego california	            san diego usa	
  02/03/1911	        NA	        NA	        NA	        NA	                       NA	                       NA	
  02/03/1911	        NA	        NA	      32.7	    -117.2	     san diego california	            san diego usa	
  03/03/1911	        NA	        NA	        NA	        NA	                       NA	                       NA	
  03/03/1911	        NA	        NA	      32.7	    -117.2	     san diego california	            san diego usa	
  04/03/1911	     34 17	    120 25	      NA	      NA	      NA
  05/03/1911	     36 42	    122 03	      NA	      NA	      NA
  06/03/1911	     36 48	    122 05	      NA	      NA	      NA
  07/03/1911	        NA	        NA	        NA	        NA	                       NA	                       NA	
  07/03/1911	        NA	        NA	      37.8	    -122.3	     sausalito california	                sausalito	
  08/03/1911	        NA	        NA	        NA	        NA	                       NA	                       NA	
  08/03/1911	        NA	        NA	      37.8	    -122.3	     sausalito california	                sausalito	
  09/03/1911	        NA	        NA	        NA	        NA	                       NA	                       NA	
  09/03/1911	        NA	        NA	      37.8	    -122.3	     sausalito california	                sausalito	
  10/03/1911	        NA	        NA	        NA	        NA	                       NA	                       NA	
  10/03/1911	        NA	        NA	      37.8	    -122.3	     sausalito california	                sausalito	
  11/03/1911	        NA	        NA	        NA	        NA	                       NA	                       NA	
  11/03/1911	        NA	        NA	      37.8	    -122.3	     sausalito california	                sausalito	
  12/03/1911	        NA	        NA	        NA	        NA	                       NA	                       NA	
  12/03/1911	        NA	        NA	      37.8	    -122.3	     sausalito california	                sausalito	
  13/03/1911	        NA	        NA	        NA	        NA	                       NA	                       NA	
  13/03/1911	        NA	        NA	      37.8	    -122.3	     sausalito california	                sausalito	
  14/03/1911	        NA	        NA	        NA	        NA	                       NA	                       NA	
  15/03/1911	        NA	        NA	        NA	        NA	                       NA	                       NA	
  15/03/1911	        NA	        NA	      37.8	    -122.3	     sausalito california	                sausalito	
  16/03/1911	        NA	        NA	        NA	        NA	                       NA	                       NA	
  16/03/1911	        NA	        NA	      37.8	    -122.3	     sausalito california	                sausalito	
  17/03/1911	        NA	        NA	        NA	        NA	                       NA	                       NA	
  17/03/1911	        NA	        NA	      37.8	    -122.3	     sausalito california	                sausalito	
  18/03/1911	        NA	        NA	        NA	        NA	                       NA	                       NA	
  18/03/1911	        NA	        NA	      37.8	    -122.3	     sausalito california	                sausalito	
  19/03/1911	        NA	        NA	        NA	        NA	                       NA	                       NA	
  19/03/1911	        NA	        NA	      37.8	    -122.3	     sausalito california	                sausalito	
  20/03/1911	        NA	        NA	        NA	        NA	                       NA	                       NA	
  20/03/1911	        NA	        NA	      37.8	    -122.3	     sausalito california	                sausalito	
  21/03/1911	        NA	        NA	        NA	        NA	                       NA	                       NA	
  21/03/1911	        NA	        NA	      37.8	    -122.3	     sausalito california	                sausalito	
  22/03/1911	        NA	        NA	        NA	        NA	                       NA	                       NA	
  22/03/1911	        NA	        NA	      37.8	    -122.3	     sausalito california	                sausalito	
  23/03/1911	        NA	        NA	        NA	        NA	                       NA	                       NA	
  23/03/1911	        NA	        NA	      37.8	    -122.3	     sausalito california	                sausalito	
  24/03/1911	        NA	        NA	        NA	        NA	                       NA	                       NA	
  24/03/1911	        NA	        NA	      37.8	    -122.3	     sausalito california	                sausalito	
  25/03/1911	        NA	        NA	        NA	        NA	                       NA	                       NA	
  25/03/1911	        NA	        NA	      37.8	    -122.3	     sausalito california	                sausalito	
  26/03/1911	        NA	        NA	        NA	        NA	                       NA	                       NA	
  26/03/1911	        NA	        NA	      37.8	    -122.3	     sausalito california	                sausalito	
  27/03/1911	        NA	        NA	        NA	        NA	                       NA	                       NA	
  27/03/1911	        NA	        NA	      37.8	    -122.3	     sausalito california	                sausalito	
  28/03/1911	        NA	        NA	        NA	        NA	                       NA	                       NA	
  28/03/1911	        NA	        NA	      37.8	    -122.3	     sausalito california	                sausalito	
  29/03/1911	        NA	        NA	        NA	        NA	                       NA	                       NA	
  29/03/1911	        NA	        NA	      37.8	    -122.3	       oakland california	                  oakland	
  30/03/1911	        NA	        NA	        NA	        NA	                       NA	                       NA	
  30/03/1911	        NA	        NA	      37.8	    -122.3	       oakland california	                  oakland	
  31/03/1911	        NA	        NA	        NA	        NA	                       NA	                       NA	
  31/03/1911	        NA	        NA	      37.8	    -122.3	       oakland california	                  oakland	
  01/04/1911	        NA	        NA	        NA	        NA	                       NA	                       NA	
  01/04/1911	        NA	        NA	      37.8	    -122.3	       oakland california	                  oakland	
  02/04/1911	        NA	        NA	        NA	        NA	                       NA	                       NA	
  02/04/1911	        NA	        NA	      37.8	    -122.3	       oakland california	                  oakland	
  03/04/1911	        NA	        NA	        NA	        NA	                       NA	                       NA	
  03/04/1911	        NA	        NA	      37.8	    -122.3	       oakland california	                  oakland	
  04/04/1911	        NA	        NA	        NA	        NA	                       NA	                       NA	
  04/04/1911	        NA	        NA	      37.8	    -122.3	       oakland california	                  oakland	
  05/04/1911	        NA	        NA	        NA	        NA	                       NA	                       NA	
  05/04/1911	        NA	        NA	      37.8	    -122.3	       oakland california	                  oakland	
  06/04/1911	        NA	        NA	        NA	        NA	                       NA	                       NA	
  06/04/1911	        NA	        NA	      37.8	    -122.3	       oakland california	                  oakland	
  07/04/1911	        NA	        NA	        NA	        NA	                       NA	                       NA	
  07/04/1911	        NA	        NA	      37.8	    -122.3	       oakland california	                  oakland	
  08/04/1911	        NA	        NA	        NA	        NA	                       NA	                       NA	
  08/04/1911	        NA	        NA	      37.8	    -122.3	       oakland california	                  oakland	
  09/04/1911	        NA	        NA	        NA	        NA	                       NA	                       NA	
  09/04/1911	        NA	        NA	      37.8	    -122.3	       oakland california	                  oakland	
  10/04/1911	        NA	        NA	        NA	        NA	                       NA	                       NA	
  10/04/1911	        NA	        NA	      37.8	    -122.3	       oakland california	                  oakland	
  11/04/1911	        NA	        NA	        NA	        NA	                       NA	                       NA	
  11/04/1911	        NA	        NA	      37.8	    -122.3	       oakland california	                  oakland	
  12/04/1911	        NA	        NA	        NA	        NA	                       NA	                       NA	
  12/04/1911	        NA	        NA	      37.8	    -122.3	       oakland california	                  oakland	
  13/04/1911	        NA	        NA	        NA	        NA	                       NA	                       NA	
  13/04/1911	        NA	        NA	      37.8	    -122.3	       oakland california	                  oakland	
  14/04/1911	        NA	        NA	        NA	        NA	                       NA	                       NA	
  14/04/1911	        NA	        NA	      37.8	    -122.3	       oakland california	                  oakland	
  15/04/1911	        NA	        NA	        NA	        NA	                       NA	                       NA	
  15/04/1911	        NA	        NA	      37.8	    -122.3	       oakland california	                  oakland	
  16/04/1911	        NA	        NA	        NA	        NA	                       NA	                       NA	
  16/04/1911	        NA	        NA	      37.8	    -122.3	       oakland california	                  oakland	
  17/04/1911	        NA	        NA	        NA	        NA	                       NA	                       NA	
  17/04/1911	        NA	        NA	      37.8	    -122.3	       oakland california	                  oakland	
  18/04/1911	        NA	        NA	        NA	        NA	                       NA	                       NA	
  18/04/1911	        NA	        NA	      37.8	    -122.3	       oakland california	                  oakland	
  19/04/1911	        NA	        NA	        NA	        NA	                       NA	                       NA	
  19/04/1911	        NA	        NA	      37.8	    -122.3	       oakland california	                  oakland	
  20/04/1911	        NA	        NA	        NA	        NA	                       NA	                       NA	
  20/04/1911	        NA	        NA	      37.8	    -122.3	       oakland california	                  oakland	
  21/04/1911	        NA	        NA	        NA	        NA	                       NA	                       NA	
  21/04/1911	        NA	        NA	      37.8	    -122.3	     sausalito california	                sausalito	
  22/04/1911	        NA	        NA	      37.8	    -122.3	1120am sansalito california	                   canton	
  22/04/1911	        NA	        NA	      37.8	    -122.3	     sausalito california	                sausalito	
  23/04/1911	        NA	        NA	        NA	        NA	                       NA	                       NA	
  23/04/1911	        NA	        NA	      37.8	    -122.3	     sausalito california	                sausalito	
  24/04/1911	        NA	        NA	        NA	        NA	                       NA	                       NA	
  24/04/1911	        NA	        NA	      37.8	    -122.3	     sausalito california	                sausalito	
  25/04/1911	        NA	        NA	        NA	        NA	                       NA	                       NA	
  25/04/1911	        NA	        NA	      37.8	    -122.3	     sausalito california	                sausalito	
  26/04/1911	        NA	        NA	        NA	        NA	                       NA	                       NA	
  26/04/1911	        NA	        NA	      37.8	    -122.4	merggs wahrf san francisco california	        san francisco bay	
  27/04/1911	        NA	        NA	        NA	        NA	                       NA	                       NA	
  27/04/1911	        NA	        NA	      37.8	    -122.3	     sausalito california	        san francisco bay	
  28/04/1911	        NA	        NA	        NA	        NA	                       NA	                       NA	
  28/04/1911	        NA	        NA	      37.8	    -122.3	     sausalito california	                sausalito	
  29/04/1911	        NA	        NA	        NA	        NA	                       NA	                       NA	
  29/04/1911	        NA	        NA	      37.8	    -122.3	     sausalito california	                sausalito	
  30/04/1911	        NA	        NA	        NA	        NA	                       NA	                       NA	
  30/04/1911	        NA	        NA	      37.8	    -122.3	     sausalito california	                sausalito	
  01/05/1911	        NA	        NA	        NA	        NA	                       NA	                       NA	
  01/05/1911	        NA	        NA	      37.8	    -122.3	     sausalito california	                sausalito	
  02/05/1911	        NA	        NA	        NA	        NA	                       NA	                       NA	
  02/05/1911	        NA	        NA	      37.8	    -122.3	     sausalito california	                sausalito	
  03/05/1911	        NA	        NA	        NA	        NA	                       NA	                       NA	
  03/05/1911	        NA	        NA	      37.8	    -122.3	     sausalito california	                sausalito	
  04/05/1911	        NA	        NA	        NA	        NA	                       NA	                       NA	
  04/05/1911	        NA	        NA	      37.8	    -122.3	     sausalito california	                sausalito	
  05/05/1911	        NA	        NA	        NA	        NA	                       NA	                       NA	
  05/05/1911	        NA	        NA	      37.8	    -122.3	     sausalito california	                sausalito	
  06/05/1911	   39 35 N	  124 22 W	      NA	      NA	      NA
  07/05/1911	   42 27 N	  124 43 W	      NA	      NA	      NA
  08/05/1911	     46 07	    124 37	      NA	      NA	      NA
  09/05/1911	        NA	        NA	    48.3  	    -123.5	                race rock	               race rocks	
  10/05/1911	        NA	        NA	      48.1	    -122.8	 port townsend washington	            port townsend	
  11/05/1911	        NA	        NA	        NA	        NA	                       NA	                       NA	
  12/05/1911	        NA	        NA	        NA	        NA	                       NA	                       NA	
  13/05/1911	        NA	        NA	        NA	        NA	                       NA	                       NA	
  15/05/1911	   48 58 N	  127 39 W	      NA	      NA	      NA
  16/05/1911	     50 07	    131 56	      NA	      NA	      NA
  17/05/1911	     51 01	    137 30	      NA	      NA	      NA
  18/05/1911	     51 54	    140 43	      NA	      NA	      NA
  19/05/1911	     52 38	    144 56	      NA	      NA	      NA
  20/05/1911	     53 04	    148 40	      NA	      NA	      NA
  21/05/1911	     53 26	  152 21 W	      NA	      NA	      NA
  22/05/1911	     53 34	    159 39	      NA	      NA	      NA
  23/05/1911	     54 03	    164 27	      NA	      NA	      NA
  24/05/1911	        NA	        NA	        NA	        NA	                       NA	                       NA	
  24/05/1911	        NA	        NA	      53.9	    -166.5	          unalaska alaska	             unalaska bay	
  25/05/1911	        NA	        NA	        NA	        NA	                       NA	                       NA	
  25/05/1911	        NA	        NA	      53.9	    -166.5	          unalaska alaska	             unalaska bay	
  26/05/1911	        NA	        NA	        NA	        NA	                       NA	                       NA	
  26/05/1911	        NA	        NA	      53.9	    -166.5	          unalaska alaska	             unalaska bay	
  27/05/1911	        NA	        NA	        NA	        NA	                       NA	                       NA	
  27/05/1911	        NA	        NA	      53.9	    -166.5	          unalaska alaska	             unalaska bay	
  28/05/1911	        NA	        NA	        NA	        NA	                       NA	                       NA	
  28/05/1911	        NA	        NA	      53.9	    -166.5	          unalaska alaska	             unalaska bay	
  29/05/1911	        NA	        NA	        NA	        NA	                       NA	                       NA	
  29/05/1911	        NA	        NA	      53.9	    -166.5	          unalaska alaska	             unalaska bay	
  30/05/1911	        NA	        NA	        NA	        NA	                       NA	                       NA	
  30/05/1911	        NA	        NA	      53.9	    -166.5	          unalaska alaska	             unalaska bay	
  31/05/1911	        NA	        NA	        NA	        NA	                       NA	                       NA	
  31/05/1911	        NA	        NA	      53.9	    -166.5	          unalaska alaska	             unalaska bay	
  01/06/1911	     54 54	    167 06	      NA	      NA	      NA
  02/06/1911	     57 07	    167 43	      NA	      NA	      NA
  03/06/1911	     59 47	    168 24	      NA	      NA	      NA
  04/06/1911	     62 31	    167 55	      NA	      NA	      NA
  05/06/1911	     64 00 N	  165 30 W	      NA	      NA	      NA
  06/06/1911	        NA	        NA	        NA	        NA	                       NA	                       NA	
  07/06/1911	     63 00	    166 04	      NA	      NA	      NA
  08/06/1911	      63 00 N	  166 04 W	      NA	      NA	      NA
  09/06/1911	      63 00 N	  166 04 W	      NA	      NA	      NA
  10/06/1911	   63 10 N	  166 41 W	      NA	      NA	      NA
  11/06/1911	        NA	        NA	        NA	        NA	                       NA	                       NA	
  14/06/1911	   63 32 N	  166 03 W	      NA	      NA	      NA
  15/06/1911	   63 28 N	  165 58 W	      NA	      NA	      NA
  16/06/1911	   63 49 N	  165 56 W	      NA	      NA	      NA
  17/06/1911	        NA	        NA	        NA	        NA	                       NA	                       NA	
  19/06/1911	        NA	        NA	      63.5	    -162.0	    st michael bay alaska	               st michael	
  20/06/1911	        NA	        NA	        NA	        NA	                       NA	                       NA	
  20/06/1911	        NA	        NA	      63.5	     -162.0	 saint michael bay alaska	            saint michael	
  21/06/1911	        NA	        NA	        NA	        NA	                       NA	                       NA	
  22/06/1911	        NA	        NA	        NA	        NA	                       NA	                       NA	
  23/06/1911	   64 02 N	  162 14 W	      NA	      NA	      NA
  24/06/1911	   63 49 N	  162 02 W	      NA	      NA	      NA
  25/06/1911	   63 28 N	  169 30 W	      NA	      NA	      NA
  26/06/1911	        NA	        NA	        NA	        NA	                       NA	                       NA	
  27/06/1911	   64 35 N	  171 32 W	      NA	      NA	      NA
  28/06/1911	        NA	        NA	        NA	        NA	                       NA	                       NA	
  30/06/1911	   62 46 N	  166 26 W	      NA	      NA	      NA
  01/07/1911	   62 27 N	  167 20 W	      NA	      NA	      NA
  02/07/1911	        NA	        NA	        NA	        NA	                       NA	                       NA	
 18/07/1911	        NA	        NA	        NA	        NA	                       NA	                       NA	
  18/07/1911	        NA	        NA	      65.2	    -166.7	     port clarence alaska	           port clearance	
  19/07/1911	        NA	        NA	        NA	        NA	                       NA	                       NA	
  19/07/1911	        NA	        NA	      65.2	    -166.7	     port clarence alaska	           port clearance	
  20/07/1911	        NA	        NA	        NA	        NA	                       NA	                       NA	
  20/07/1911	        NA	        NA	      65.2	    -166.7	     port clarence alaska	           port clearance	
  21/07/1911	        NA	        NA	        NA	        NA	                       NA	                       NA	
  21/07/1911	        NA	        NA	      65.2	    -166.7	     port clarence alaska	           port clearance	
  22/07/1911	        NA	        NA	        NA	        NA	                       NA	                       NA	
  22/07/1911	        NA	        NA	      65.2	    -166.7	     port clarence alaska	           port clearance	
  24/07/1911	   66 22 N	  162 33 W	      NA	      NA	      NA
  25/07/1911	        NA	        NA	        NA	        NA	                       NA	                       NA	
 28/07/1911	   67 21 N	  163 25 W	      NA	      NA	      NA
  29/07/1911	        NA	        NA	        NA	        NA	                       NA	                       NA	
  29/07/1911	        NA	        NA	      68.3	    -166.8	        point hope alaska	               point hope	
  30/07/1911	        NA	        NA	        NA	        NA	                       NA	                       NA	
  30/07/1911	        NA	        NA	      68.9	    -166.2	off cape lisbourne alaska	            cape lisburne	
  31/07/1911	        NA	        NA	        NA	        NA	                       NA	                       NA	
  31/07/1911	        NA	        NA	      70.3	    -161.9	icy cape shoalhouse ne 18 e 130 miles	                 icy cape	
  01/08/1911	   71 06 N	  157 50 W	      NA	      NA	      NA
  02/08/1911	        NA	        NA	        NA	        NA	                       NA	                       NA	
  03/08/1911	        NA	        NA	        NA	        NA	                       NA	                       NA	
  03/08/1911	        NA	        NA	        NA	        NA	                       NA	                       NA	
  03/08/1911	        NA	        NA	        NA	        NA	                       NA	                       NA	
  03/08/1911	        NA	        NA	        NA	        NA	        wainwright alaska	                       NA	
  04/08/1911	        NA	        NA	        NA	        NA	                       NA	                       NA	
  04/08/1911	        NA	        NA	      70.6	    -160.0	at anchor wainwright alaska	         wainwright inlet	
  05/08/1911	   69 59 N	  163 15 W	      NA	      NA	      NA
  06/08/1911	        NA	        NA	        NA	        NA	                       NA	                       NA	
  06/08/1911	        NA	        NA	      68.3	    -166.8	        point hope alaska	               point hope	
  07/08/1911	   66 43 N	  163 20 W	      NA	      NA	      NA
  08/08/1911	   66 40 N	  164 25 W	      NA	      NA	      NA
  09/08/1911	        NA	        NA	        NA	        NA	                       NA	                       NA	
  09/08/1911	        NA	        NA	      65.8	    -169.1	big diomede island s 14 w 140 miles	       big diomede island	
  10/08/1911	        NA	        NA	        NA	        NA	                       NA	                       NA	
  10/08/1911	        NA	        NA	      65.7	    -171.1	  st lawrence bay siberia	          st lawrence bay	
  11/08/1911	        NA	        NA	        NA	        NA	                       NA	                       NA	
  12/08/1911	        NA	        NA	        NA	        NA	                       NA	                       NA	
  27/08/1911	   63 48 N	  164 30 W	      NA	      NA	      NA
  28/08/1911	   62 52 N	  167 10 W	      NA	      NA	      NA
  29/08/1911	   59 55 N	  169 24 W	      NA	      NA	      NA
  30/08/1911	        NA	        NA	        NA	        NA	                       NA	                       NA	
  30/08/1911	        NA	        NA	      57.1	    -170.3	off village cove st paul island bering sea	           st paul island	
  31/08/1911	   56 48 N	  169 02 W	      NA	      NA	      NA
  01/09/1911	   56 33 N	  167 12 W	      NA	      NA	      NA
  02/09/1911	   56 33 N	  164 12 W	      NA	      NA	      NA
  03/09/1911	        NA	        NA	        NA	        NA	                       NA	                       NA	
  04/09/1911	        NA	        NA	        NA	        NA	                       NA	                       NA	
  05/09/1911	        NA	        NA	        NA	        NA	                       NA	                       NA	
  05/09/1911	        NA	        NA	      53.9	    -166.5	          unalaska alaska	             unalaska bay	
  06/09/1911	        NA	        NA	        NA	        NA	                       NA	                       NA	
  06/09/1911	        NA	        NA	      53.9	    -166.5	          unalaska alaska	             unalaska bay	
  07/09/1911	        NA	        NA	        NA	        NA	                       NA	                       NA	
  07/09/1911	        NA	        NA	      53.9	    -166.5	          unalaska alaska	             unalaska bay	
  08/09/1911	        NA	        NA	        NA	        NA	                       NA	                       NA	
  08/09/1911	        NA	        NA	      53.9	    -166.5	          unalaska alaska	             unalaska bay	
  09/09/1911	        NA	        NA	        NA	        NA	                       NA	                       NA	
  09/09/1911	        NA	        NA	      53.9	    -166.5	          unalaska alaska	             unalaska bay	
  10/09/1911	        NA	        NA	        NA	        NA	                       NA	                       NA	
  10/09/1911	        NA	        NA	      53.9	    -166.5	          unalaska alaska	             unalaska bay	
  11/09/1911	        NA	        NA	        NA	        NA	                       NA	                       NA	
  11/09/1911	        NA	        NA	      53.9	    -166.5	          unalaska alaska	             unalaska bay	
  12/09/1911	        NA	        NA	        NA	        NA	                       NA	                       NA	
  12/09/1911	        NA	        NA	      53.9	    -166.5	          unalaska alaska	             unalaska bay	
  13/09/1911	        NA	        NA	        NA	        NA	                       NA	                       NA	
  13/09/1911	        NA	        NA	      53.9	    -166.5	          unalaska alaska	             unalaska bay	
  14/09/1911	        NA	        NA	        NA	        NA	                       NA	                       NA	
  14/09/1911	        NA	        NA	      53.9	    -166.5	          unalaska alaska	             unalaska bay	
  15/09/1911	        NA	        NA	        NA	        NA	                       NA	                       NA	
  15/09/1911	        NA	        NA	      53.9	    -166.5	          unalaska alaska	             unalaska bay	
  16/09/1911	        NA	        NA	        NA	        NA	                       NA	                       NA	
  16/09/1911	        NA	        NA	      53.9	    -166.5	          unalaska alaska	             unalaska bay	
  17/09/1911	        NA	        NA	        NA	        NA	                       NA	                       NA	
  17/09/1911	        NA	        NA	      53.9	    -166.5	          unalaska alaska	             unalaska bay	
  18/09/1911	        NA	        NA	        NA	        NA	                       NA	                       NA	
  18/09/1911	        NA	        NA	      53.9	    -166.5	          unalaska alaska	             unalaska bay	
  19/09/1911	        NA	        NA	        NA	        NA	                       NA	                       NA	
  19/09/1911	        NA	        NA	      53.9	    -166.5	          unalaska alaska	             unalaska bay	
  20/09/1911	        NA	        NA	        NA	        NA	                       NA	                       NA	
  20/09/1911	        NA	        NA	      53.9	    -166.5	          unalaska alaska	             unalaska bay	
  21/09/1911	        NA	        NA	        NA	        NA	                       NA	                       NA	
  21/09/1911	        NA	        NA	      53.9	    -166.5	          unalaska alaska	             unalaska bay	
  22/09/1911	        NA	        NA	        NA	        NA	                       NA	                       NA	
  22/09/1911	        NA	        NA	      53.9	    -166.5	          unalaska alaska	             unalaska bay	
  23/09/1911	   56 32 N	  167 03 W	      NA	      NA	      NA
  24/09/1911	   59 33 N	  168 21 W	      NA	      NA	      NA
  25/09/1911	   61 52 N	  168 38 W	      NA	      NA	      NA
  26/09/1911	   64 15 N	  165 38 W	      NA	      NA	      NA
  27/09/1911	        NA	        NA	        NA	        NA	                       NA	                       NA	
 05/10/1911	        NA	        NA	        NA	        NA	                       NA	                       NA	
  05/10/1911	        NA	        NA	      65.0	    -168.1	       king island alaska	            king's island	
  06/10/1911	        NA	        NA	        NA	        NA	                       NA	                       NA	
  06/10/1911	        NA	        NA	      65.0	    -168.8	at anchor off king island alaska	             fairway rock	
  07/10/1911	   64 44 N	  164 51 W	      NA	      NA	      NA
  08/10/1911	        NA	        NA	        NA	        NA	                       NA	                       NA	
  09/10/1911	        NA	        NA	        NA	        NA	                       NA	                       NA	
  10/10/1911	        NA	        NA	        NA	        NA	                       NA	                       NA	
  10/10/1911	        NA	        NA	      64.4	    -173.3	   providence bay siberia	           providence bay	
  11/10/1911	        NA	        NA	        NA	        NA	                       NA	                       NA	
  11/10/1911	        NA	        NA	      64.4	    -173.2	at anchor emma harbor siberia	              emma harbor	
  12/10/1911	   64 03 N	  169 14 W	      NA	      NA	      NA
  13/10/1911	        NA	        NA	        NA	        NA	                       NA	                       NA	
  14/10/1911	        NA	        NA	        NA	        NA	                       NA	                       NA	
 25/10/1911	   62 04 N	  168 08 W	      NA	      NA	      NA
  26/10/1911	   60 45 N	  168 55 W	      NA	      NA	      NA
  27/10/1911	   57 35 N	  169 46 W	      NA	      NA	      NA
  28/10/1911	   56 19 N	  169 03 W	      NA	      NA	      NA
  29/10/1911	        NA	        NA	        NA	        NA	                       NA	                       NA	
  29/10/1911	        NA	        NA	      53.9	    -166.5	          unalaska alaska	             unalaska bay	
  30/10/1911	        NA	        NA	        NA	        NA	                       NA	                       NA	
  30/10/1911	        NA	        NA	      53.9	    -166.5	          unalaska alaska	             unalaska bay	
  31/10/1911	        NA	        NA	        NA	        NA	                       NA	                       NA	
  31/10/1911	        NA	        NA	      53.9	    -166.5	          unalaska alaska	             unalaska bay	
  01/11/1911	        NA	        NA	        NA	        NA	                       NA	                       NA	
  01/11/1911	        NA	        NA	      53.9	    -166.5	          unalaska alaska	             unalaska bay	
  02/11/1911	   53 46 N	  165 01 W	      NA	      NA	      NA
  03/11/1911	   53 31 N	  163 13 W	      NA	      NA	      NA
  04/11/1911	   53 09 N	  162 05 W	      NA	      NA	      NA
  05/11/1911	   52 46 N	  159 18 W	      NA	      NA	      NA
  06/11/1911	   52 47 N	  154 48 W	      NA	      NA	      NA
  07/11/1911	   52 40 N	  151 46 W	      NA	      NA	      NA
  08/11/1911	   53 11 N	  152 07 W	      NA	      NA	      NA
  09/11/1911	   53 45 N	  150 12 W	      NA	      NA	      NA
  10/11/1911	   53 10 N	  145 06 W	      NA	      NA	      NA
  11/11/1911	   52 19 N	  142 26 W	      NA	      NA	      NA
  12/11/1911	   51 37 N	  138 18 W	      NA	      NA	      NA
  13/11/1911	   50 48 N	  133 50 W	      NA	      NA	      NA
  14/11/1911	        NA	        NA	        NA	        NA	                       NA	                       NA	
  14/11/1911	        NA	        NA	    50.8  	    -128.4	cape scott sxe 78 e 117 miles	               cape scott	
  15/11/1911	        NA	        NA	        NA	        NA	                       NA	                       NA	
  15/11/1911	        NA	        NA	      50.6	    -127.0	broughton strait off adam river	         broughton strait	
  16/11/1911	        NA	        NA	        NA	        NA	                       NA	                       NA	
  17/11/1911	        NA	        NA	        NA	        NA	                       NA	                       NA	
  17/11/1911	        NA	        NA	      49.7	    -125.7	union bay vancouver island bc	         vancouver island	
  18/11/1911	        NA	        NA	        NA	        NA	                       NA	                       NA	
  21/11/1911	        NA	        NA	        NA	        NA	                       NA	                       NA	
  21/11/1911	        NA	        NA	      48.1	    -122.8	 port townsend washington	            port townsend	
  22/11/1911	        NA	        NA	        NA	        NA	                       NA	                       NA	
  22/11/1911	        NA	        NA	      48.1	    -122.3	       seattle washington	            port townsend	
  23/11/1911	   48 06 N	  124 56 W	      NA	      NA	      NA
  24/11/1911	   45 54 N	  124 59 W	      NA	      NA	      NA
  25/11/1911	   42 29 N	  124 58 W	      NA	      NA	      NA
  26/11/1911	   39 21 N	  124 05 W	      NA	      NA	      NA
  27/11/1911	        NA	        NA	        NA	        NA	                       NA	                       NA	
  27/11/1911	        NA	        NA	      37.8	    -122.3	     sausalito california	                sausalito	
  28/11/1911	        NA	        NA	        NA	        NA	                       NA	                       NA	
  28/11/1911	        NA	        NA	      37.8	    -122.3	     sausalito california	                sausalito	
  29/11/1911	        NA	        NA	        NA	        NA	                       NA	                       NA	
  29/11/1911	        NA	        NA	      37.8	    -122.3	     sausalito california	                sausalito	
  30/11/1911	        NA	        NA	        NA	        NA	                       NA	                       NA	
  30/11/1911	        NA	        NA	      37.8	    -122.3	     sausalito california	                sausalito	
  01/12/1911	        NA	        NA	        NA	        NA	                       NA	                       NA	
  01/12/1911	        NA	        NA	      37.8	    -122.3	     sausalito california	                sausalito	
  02/12/1911	        NA	        NA	        NA	        NA	                       NA	                       NA	
  02/12/1911	        NA	        NA	      37.8	    -122.3	     sausalito california	                sausalito	
  03/12/1911	        NA	        NA	        NA	        NA	                       NA	                       NA	
  03/12/1911	        NA	        NA	      37.8	    -122.3	     sausalito california	                sausalito	
  04/12/1911	        NA	        NA	        NA	        NA	                       NA	                       NA	
  04/12/1911	        NA	        NA	      37.8	    -122.3	     sausalito california	                sausalito	
  05/12/1911	        NA	        NA	        NA	        NA	                       NA	                       NA	
  05/12/1911	        NA	        NA	      37.8	    -122.3	     sausalito california	                sausalito	
  06/12/1911	        NA	        NA	        NA	        NA	                       NA	                       NA	
  06/12/1911	        NA	        NA	      37.8	    -122.3	     sausalito california	                sausalito	
  07/12/1911	        NA	        NA	        NA	        NA	                       NA	                       NA	
  07/12/1911	        NA	        NA	      37.8	    -122.3	     sausalito california	                sausalito	
  08/12/1911	        NA	        NA	        NA	        NA	                       NA	                       NA	
  08/12/1911	        NA	        NA	      37.8	    -122.3	     sausalito california	                sausalito	
  09/12/1911	        NA	        NA	        NA	        NA	                       NA	                       NA	
  09/12/1911	        NA	        NA	      37.8	    -122.3	     sausalito california	                sausalito	
  10/12/1911	        NA	        NA	        NA	        NA	                       NA	                       NA	
  10/12/1911	        NA	        NA	      37.8	    -122.3	     sausalito california	                sausalito	
  11/12/1911	        NA	        NA	        NA	        NA	                       NA	                       NA	
  11/12/1911	        NA	        NA	      37.8	    -122.3	     sausalito california	                sausalito	
  12/12/1911	        NA	        NA	        NA	        NA	                       NA	                       NA	
  12/12/1911	        NA	        NA	      37.8	    -122.3	     sausalito california	                sausalito	
  13/12/1911	        NA	        NA	        NA	        NA	                       NA	                       NA	
  13/12/1911	        NA	        NA	      37.8	    -122.3	     sausalito california	                sausalito	
  14/12/1911	        NA	        NA	        NA	        NA	                       NA	                       NA	
  14/12/1911	        NA	        NA	      37.8	    -122.3	     sausalito california	                sausalito	
  15/12/1911	        NA	        NA	        NA	        NA	                       NA	                       NA	
  15/12/1911	        NA	        NA	      37.8	    -122.3	     sausalito california	                sausalito	
  16/12/1911	        NA	        NA	        NA	        NA	                       NA	                       NA	
  16/12/1911	        NA	        NA	      37.8	    -122.3	     sausalito california	                sausalito	
  17/12/1911	        NA	        NA	        NA	        NA	                       NA	                       NA	
  17/12/1911	        NA	        NA	      37.8	    -122.3	     sausalito california	                sausalito	
  18/12/1911	        NA	        NA	        NA	        NA	                       NA	                       NA	
  18/12/1911	        NA	        NA	      37.8	    -122.3	     sausalito california	                sausalito	
  19/12/1911	        NA	        NA	        NA	        NA	                       NA	                       NA	
  19/12/1911	        NA	        NA	      37.8	    -122.3	     sausalito california	                sausalito	
  20/12/1911	        NA	        NA	        NA	        NA	                       NA	                       NA	
  20/12/1911	        NA	        NA	      37.8	    -122.3	     sausalito california	                sausalito	
  21/12/1911	        NA	        NA	        NA	        NA	                       NA	                       NA	
  21/12/1911	        NA	        NA	      37.8	    -122.3	     sausalito california	                sausalito	
  22/12/1911	        NA	        NA	        NA	        NA	                       NA	                       NA	
  23/12/1911	        NA	        NA	      37.8	    -122.3	     sausalito california	                sausalito	
  24/12/1911	        NA	        NA	        NA	        NA	                       NA	                       NA	
  24/12/1911	        NA	        NA	      37.8	    -122.3	     sausalito california	                sausalito	
  25/12/1911	        NA	        NA	        NA	        NA	                       NA	                       NA	
  25/12/1911	        NA	        NA	      37.8	    -122.3	     sausalito california	                sausalito	
  26/12/1911	        NA	        NA	        NA	        NA	                       NA	                       NA	
  26/12/1911	        NA	        NA	      37.8	    -122.3	     sausalito california	                sausalito	
  27/12/1911	        NA	        NA	        NA	        NA	                       NA	                       NA	
  27/12/1911	        NA	        NA	      37.8	    -122.3	     sausalito california	                sausalito	
  28/12/1911	        NA	        NA	        NA	        NA	                       NA	                       NA	
  28/12/1911	        NA	        NA	      37.8	    -122.3	     sausalito california	                sausalito	
  29/12/1911	        NA	        NA	        NA	        NA	                       NA	                       NA	
  29/12/1911	        NA	        NA	      37.8	    -122.3	     sausalito california	                sausalito	
  30/12/1911	        NA	        NA	        NA	        NA	                       NA	                       NA	
  30/12/1911	        NA	        NA	      37.8	    -122.3	     sausalito california	                sausalito	
  31/12/1911	        NA	        NA	        NA	        NA	                       NA	                       NA	
  31/12/1911	        NA	        NA	        NA	        NA	                       NA	                       NA	
  31/12/1911	        NA	        NA	        NA	        NA	                       NA	                       NA	
  31/12/1911	        NA	        NA	        NA	        NA	                       NA	                       NA	
  31/12/1911	        NA	        NA	        NA	        NA	                       NA	                       NA	
  31/12/1911	        NA	        NA	        NA	        NA	                       NA	                       NA	
  31/12/1911	        NA	        NA	        NA	        NA	                       NA	                       NA	
  31/12/1911	        NA	        NA	        NA	        NA	                       NA	                       NA	
  31/12/1911	        NA	        NA	        NA	        NA	                       NA	                       NA	
  31/12/1911	        NA	        NA	        NA	        NA	                       NA	                       NA	
  31/12/1911	        NA	        NA	        NA	        NA	                       NA	                       NA	
  31/12/1911	        NA	        NA	        NA	        NA	                       NA	                       NA	
  31/12/1911	        NA	        NA	        NA	        NA	                       NA	                       NA	
  31/12/1911	        NA	        NA	        NA	        NA	                       NA	                       NA	
  31/12/1911	        NA	        NA	        NA	        NA	                       NA	                       NA	
  31/12/1911	        NA	        NA	        NA	        NA	                       NA	                       NA	
  31/12/1911	        NA	        NA	        NA	        NA	                       NA	                       NA	
  31/12/1911	        NA	        NA	        NA	        NA	                       NA	                       NA	
  31/12/1911	        NA	        NA	        NA	        NA	                       NA	                       NA	
  31/12/1911	        NA	        NA	        NA	        NA	                       NA	                       NA	
  31/12/1911	        NA	        NA	        NA	        NA	                       NA	                       NA	
  31/12/1911	        NA	        NA	        NA	        NA	                       NA	                       NA	
  31/12/1911	        NA	        NA	        NA	        NA	                       NA	                       NA	
  31/12/1911	        NA	        NA	        NA	        NA	                       NA	                       NA	
  31/12/1911	        NA	        NA	        NA	        NA	                       NA	                       NA	
  31/12/1911	        NA	        NA	        NA	        NA	                       NA	                       NA	
  31/12/1911	        NA	        NA	        NA	        NA	                       NA	                       NA	
  31/12/1911	        NA	        NA	        NA	        NA	                       NA	                       NA	
  31/12/1911	        NA	        NA	        NA	        NA	                       NA	                       NA	
  31/12/1911	        NA	        NA	        NA	        NA	                       NA	                       NA	
  09/07/1911	        NA	        NA	        NA	        NA	                       NA	                       NA	
  09/07/1911	        NA	        NA	        NA	        NA	                       NA	                       NA	
  09/07/1911	        NA	        NA	        NA	        NA	                       NA	                       NA	
  09/07/1911	        NA	        NA	        NA	        NA	                       NA	                       NA	
  09/07/1911	        NA	        NA	        NA	        NA	                       NA	                       NA	
  09/07/1911	        NA	        NA	        NA	        NA	                       NA	                       NA	
  09/07/1911	        NA	        NA	        NA	        NA	                       NA	                       NA	
  09/07/1911	        NA	        NA	        NA	        NA	                       NA	                       NA	
  09/07/1911	        NA	        NA	        NA	        NA	                       NA	                       NA	
  09/07/1911	        NA	        NA	        NA	        NA	                       NA	                       NA	
  09/07/1911	        NA	        NA	        NA	        NA	                       NA	                       NA	
  09/07/1911	        NA	        NA	        NA	        NA	                       NA	                       NA	
  09/07/1911	        NA	        NA	        NA	        NA	                       NA	                       NA	
  09/07/1911	        NA	        NA	        NA	        NA	                       NA	                       NA	
  09/07/1911	        NA	        NA	        NA	        NA	                       NA	                       NA	
  09/07/1911	        NA	        NA	        NA	        NA	                       NA	                       NA	
  09/07/1911	        NA	        NA	        NA	        NA	                       NA	                       NA	
  09/07/1911	        NA	        NA	        NA	        NA	                       NA	                       NA	
  18/07/1911	        NA	        NA	        NA	        NA	                       NA	                       NA	
  18/07/1911	        NA	        NA	      65.2	    -166.7	    port clarence  alaska	           port clearance	
  19/07/1911	        NA	        NA	        NA	        NA	                       NA	                       NA	
  19/07/1911	        NA	        NA	      65.2	    -166.7	    port clarence  alaska	           port clearance	
  20/07/1911	        NA	        NA	        NA	        NA	                       NA	                       NA	
  20/07/1911	        NA	        NA	      65.2	    -166.7	    port clarence  alaska	           port clearance	
  21/07/1911	        NA	        NA	        NA	        NA	                       NA	                       NA	
  21/07/1911	        NA	        NA	      65.2	    -166.7	    port clarence  alaska	           port clearance	
  21/07/1911	        NA	        NA	        NA	        NA	                       NA	                       NA	
  21/07/1911	        NA	        NA	        NA	        NA	                       NA	                       NA	
  21/07/1911	        NA	        NA	        NA	        NA	                       NA	                       NA	
  21/07/1911	        NA	        NA	        NA	        NA	                       NA	                       NA	
  21/07/1911	        NA	        NA	        NA	        NA	                       NA	                       NA	
  21/07/1911	        NA	        NA	        NA	        NA	                       NA	                       NA	
  21/07/1911	        NA	        NA	        NA	        NA	                       NA	                       NA	
  21/07/1911	        NA	        NA	        NA	        NA	                       NA	                       NA	
  21/07/1911	        NA	        NA	        NA	        NA	                       NA	                       NA	
  21/07/1911	        NA	        NA	        NA	        NA	                       NA	                       NA	
  21/07/1911	        NA	        NA	        NA	        NA	                       NA	                       NA	
  21/07/1911	        NA	        NA	        NA	        NA	                       NA	                       NA	
  21/07/1911	        NA	        NA	        NA	        NA	                       NA	                       NA	
  21/07/1911	        NA	        NA	        NA	        NA	                       NA	                       NA	
  21/07/1911	        NA	        NA	        NA	        NA	                       NA	                       NA	
  21/07/1911	        NA	        NA	        NA	        NA	                       NA	                       NA	
  21/07/1911	        NA	        NA	        NA	        NA	                       NA	                       NA	
  21/07/1911	        NA	        NA	        NA	        NA	                       NA	                       NA	
  21/07/1911	        NA	        NA	        NA	        NA	                       NA	                       NA	
  21/07/1911	        NA	        NA	        NA	        NA	                       NA	                       NA	
  21/07/1911	        NA	        NA	        NA	        NA	                       NA	                       NA	
  21/07/1911	        NA	        NA	        NA	        NA	                       NA	                       NA	
  21/07/1911	        NA	        NA	        NA	        NA	                       NA	                       NA	
  21/07/1911	        NA	        NA	        NA	        NA	                       NA	                       NA	
  21/07/1911	        NA	        NA	        NA	        NA	                       NA	                       NA	
  21/07/1911	        NA	        NA	        NA	        NA	                       NA	                       NA	
  21/07/1911	        NA	        NA	        NA	        NA	                       NA	                       NA	
  21/07/1911	        NA	        NA	        NA	        NA	                       NA	                       NA	
  21/07/1911	        NA	        NA	        NA	        NA	                       NA	                       NA	
  21/07/1911	        NA	        NA	        NA	        NA	                       NA	                       NA	
  21/07/1911	        NA	        NA	        NA	        NA	                       NA	                       NA	
  21/07/1911	        NA	        NA	        NA	        NA	                       NA	                       NA	
  21/07/1911	        NA	        NA	        NA	        NA	                       NA	                       NA	
  21/07/1911	        NA	        NA	        NA	        NA	                       NA	                       NA	
  21/07/1911	        NA	        NA	        NA	        NA	                       NA	                       NA	
  21/07/1911	        NA	        NA	        NA	        NA	                       NA	                       NA	
  21/07/1911	        NA	        NA	        NA	        NA	                       NA	                       NA	
  21/07/1911	        NA	        NA	        NA	        NA	                       NA	                       NA	
  21/07/1911	        NA	        NA	        NA	        NA	                       NA	                       NA	
  21/07/1911	        NA	        NA	        NA	        NA	                       NA	                       NA	
  21/07/1911	        NA	        NA	        NA	        NA	                       NA	                       NA	
  21/07/1911	        NA	        NA	        NA	        NA	                       NA	                       NA	
  21/07/1911	        NA	        NA	        NA	        NA	                       NA	                       NA	
  21/07/1911	        NA	        NA	        NA	        NA	                       NA	                       NA	
  21/07/1911	        NA	        NA	        NA	        NA	                       NA	                       NA	
  21/07/1911	        NA	        NA	        NA	        NA	                       NA	                       NA	
  21/07/1911	        NA	        NA	        NA	        NA	                       NA	                       NA	
  21/07/1911	        NA	        NA	        NA	        NA	                       NA	                       NA	
  21/07/1911	        NA	        NA	        NA	        NA	                       NA	                       NA	
  21/07/1911	        NA	        NA	        NA	        NA	                       NA	                       NA	
  21/07/1911	        NA	        NA	        NA	        NA	                       NA	                       NA	
  21/07/1911	        NA	        NA	        NA	        NA	                       NA	                       NA	
  21/07/1911	        NA	        NA	        NA	        NA	                       NA	                       NA	
  21/07/1911	        NA	        NA	        NA	        NA	                       NA	                       NA	
  21/07/1911	        NA	        NA	        NA	        NA	                       NA	                       NA	
  21/07/1911	        NA	        NA	        NA	        NA	                       NA	                       NA	
  21/07/1911	        NA	        NA	        NA	        NA	                       NA	                       NA	
  21/07/1911	        NA	        NA	        NA	        NA	                       NA	                       NA	
  21/07/1911	        NA	        NA	        NA	        NA	                       NA	                       NA	
  21/07/1911	        NA	        NA	        NA	        NA	                       NA	                       NA	
  21/07/1911	        NA	        NA	        NA	        NA	                       NA	                       NA	
  21/07/1911	        NA	        NA	        NA	        NA	                       NA	                       NA	
  21/07/1911	        NA	        NA	        NA	        NA	                       NA	                       NA	
  21/07/1911	        NA	        NA	        NA	        NA	                       NA	                       NA	
  21/07/1911	        NA	        NA	        NA	        NA	                       NA	                       NA	
  21/07/1911	        NA	        NA	        NA	        NA	                       NA	                       NA	
  21/07/1911	        NA	        NA	        NA	        NA	                       NA	                       NA	
  21/07/1911	        NA	        NA	        NA	        NA	                       NA	                       NA	
  21/07/1911	        NA	        NA	        NA	        NA	                       NA	                       NA	
  21/07/1911	        NA	        NA	        NA	        NA	                       NA	                       NA	
  21/07/1911	        NA	        NA	        NA	        NA	                       NA	                       NA	
  21/07/1911	        NA	        NA	        NA	        NA	                       NA	                       NA	
  21/07/1911	        NA	        NA	        NA	        NA	                       NA	                       NA	
  21/07/1911	        NA	        NA	        NA	        NA	                       NA	                       NA	
  21/07/1911	        NA	        NA	        NA	        NA	                       NA	                       NA	
  21/07/1911	        NA	        NA	        NA	        NA	                       NA	                       NA	
  21/07/1911	        NA	        NA	        NA	        NA	                       NA	                       NA	
  21/07/1911	        NA	        NA	        NA	        NA	                       NA	                       NA	
  21/07/1911	        NA	        NA	        NA	        NA	                       NA	                       NA	
  21/07/1911	        NA	        NA	        NA	        NA	                       NA	                       NA	
  21/07/1911	        NA	        NA	        NA	        NA	                       NA	                       NA	
  21/07/1911	        NA	        NA	        NA	        NA	                       NA	                       NA	
  21/07/1911	        NA	        NA	        NA	        NA	                       NA	                       NA	
  21/07/1911	        NA	        NA	        NA	        NA	                       NA	                       NA	
  21/07/1911	        NA	        NA	        NA	        NA	                       NA	                       NA	
  21/07/1911	        NA	        NA	        NA	        NA	                       NA	                       NA	
  21/07/1911	        NA	        NA	        NA	        NA	                       NA	                       NA	
  21/07/1911	        NA	        NA	        NA	        NA	                       NA	                       NA	
  21/07/1911	        NA	        NA	        NA	        NA	                       NA	                       NA	
  21/07/1911	        NA	        NA	        NA	        NA	                       NA	                       NA	
  21/07/1911	        NA	        NA	        NA	        NA	                       NA	                       NA	
  21/07/1911	        NA	        NA	        NA	        NA	                       NA	                       NA	
  21/07/1911	        NA	        NA	        NA	        NA	                       NA	                       NA	
  21/07/1911	        NA	        NA	        NA	        NA	                       NA	                       NA	
  21/07/1911	        NA	        NA	        NA	        NA	                       NA	                       NA	
  21/07/1911	        NA	        NA	        NA	        NA	                       NA	                       NA	
  21/07/1911	        NA	        NA	        NA	        NA	                       NA	                       NA	
  21/07/1911	        NA	        NA	        NA	        NA	                       NA	                       NA	
  21/07/1911	        NA	        NA	        NA	        NA	                       NA	                       NA	
  21/07/1911	        NA	        NA	        NA	        NA	                       NA	                       NA	
  21/07/1911	        NA	        NA	        NA	        NA	                       NA	                       NA	
  21/07/1911	        NA	        NA	        NA	        NA	                       NA	                       NA	
  21/07/1911	        NA	        NA	        NA	        NA	                       NA	                       NA	
  21/07/1911	        NA	        NA	        NA	        NA	                       NA	                       NA	
  21/07/1911	        NA	        NA	        NA	        NA	                       NA	                       NA	
  21/07/1911	        NA	        NA	        NA	        NA	                       NA	                       NA	
  21/07/1911	        NA	        NA	        NA	        NA	                       NA	                       NA	
  21/07/1911	        NA	        NA	        NA	        NA	                       NA	                       NA	
  21/07/1911	        NA	        NA	        NA	        NA	                       NA	                       NA	
  21/07/1911	        NA	        NA	        NA	        NA	                       NA	                       NA	
  21/07/1911	        NA	        NA	        NA	        NA	                       NA	                       NA	
  21/07/1911	        NA	        NA	        NA	        NA	                       NA	                       NA	
  21/07/1911	        NA	        NA	        NA	        NA	                       NA	                       NA	
  21/07/1911	        NA	        NA	        NA	        NA	                       NA	                       NA	
  21/07/1911	        NA	        NA	        NA	        NA	                       NA	                       NA	
  21/07/1911	        NA	        NA	        NA	        NA	                       NA	                       NA	
  21/07/1911	        NA	        NA	        NA	        NA	                       NA	                       NA	
  21/07/1911	        NA	        NA	        NA	        NA	                       NA	                       NA	
  21/07/1911	        NA	        NA	        NA	        NA	                       NA	                       NA	
  21/07/1911	        NA	        NA	        NA	        NA	                       NA	                       NA	
  21/07/1911	        NA	        NA	        NA	        NA	                       NA	                       NA	
  21/07/1911	        NA	        NA	        NA	        NA	                       NA	                       NA	
  21/07/1911	        NA	        NA	        NA	        NA	                       NA	                       NA	
  21/07/1911	        NA	        NA	        NA	        NA	                       NA	                       NA	
  21/07/1911	        NA	        NA	        NA	        NA	                       NA	                       NA	
  21/07/1911	        NA	        NA	        NA	        NA	                       NA	                       NA	
  21/07/1911	        NA	        NA	        NA	        NA	                       NA	                       NA	
  21/07/1911	        NA	        NA	        NA	        NA	                       NA	                       NA	
  21/07/1911	        NA	        NA	        NA	        NA	                       NA	                       NA	
  21/07/1911	        NA	        NA	        NA	        NA	                       NA	                       NA	
  21/07/1911	        NA	        NA	        NA	        NA	                       NA	                       NA	
  21/07/1911	        NA	        NA	        NA	        NA	                       NA	                       NA	
  21/07/1911	        NA	        NA	        NA	        NA	                       NA	                       NA	
  21/07/1911	        NA	        NA	        NA	        NA	                       NA	                       NA	
  21/07/1911	        NA	        NA	        NA	        NA	                       NA	                       NA	
  21/07/1911	        NA	        NA	        NA	        NA	                       NA	                       NA	
  21/07/1911	        NA	        NA	        NA	        NA	                       NA	                       NA	
  21/07/1911	        NA	        NA	        NA	        NA	                       NA	                       NA	
  21/07/1911	        NA	        NA	        NA	        NA	                       NA	                       NA	
  21/07/1911	        NA	        NA	        NA	        NA	                       NA	                       NA	
  21/07/1911	        NA	        NA	        NA	        NA	                       NA	                       NA	
  21/07/1911	        NA	        NA	        NA	        NA	                       NA	                       NA	
  21/07/1911	        NA	        NA	        NA	        NA	                       NA	                       NA	
  21/07/1911	        NA	        NA	        NA	        NA	                       NA	                       NA	
  21/07/1911	        NA	        NA	        NA	        NA	                       NA	                       NA	
  21/07/1911	        NA	        NA	        NA	        NA	                       NA	                       NA	
  21/07/1911	        NA	        NA	        NA	        NA	                       NA	                       NA	
  21/07/1911	        NA	        NA	        NA	        NA	                       NA	                       NA	
  21/07/1911	        NA	        NA	        NA	        NA	                       NA	                       NA	
  21/07/1911	        NA	        NA	        NA	        NA	                       NA	                       NA	
  21/07/1911	        NA	        NA	        NA	        NA	                       NA	                       NA	
  21/07/1911	        NA	        NA	        NA	        NA	                       NA	                       NA	
  21/07/1911	        NA	        NA	        NA	        NA	                       NA	                       NA	
  21/07/1911	        NA	        NA	        NA	        NA	                       NA	                       NA	
  21/07/1911	        NA	        NA	        NA	        NA	                       NA	                       NA	
  21/07/1911	        NA	        NA	        NA	        NA	                       NA	                       NA	
  21/07/1911	        NA	        NA	        NA	        NA	                       NA	                       NA	
  21/07/1911	        NA	        NA	        NA	        NA	                       NA	                       NA	
  21/07/1911	        NA	        NA	        NA	        NA	                       NA	                       NA	
  21/07/1911	        NA	        NA	        NA	        NA	                       NA	                       NA	
  21/07/1911	        NA	        NA	        NA	        NA	                       NA	                       NA	
  21/07/1911	        NA	        NA	        NA	        NA	                       NA	                       NA	
  21/07/1911	        NA	        NA	        NA	        NA	                       NA	                       NA	
  21/07/1911	        NA	        NA	        NA	        NA	                       NA	                       NA	
  21/07/1911	        NA	        NA	        NA	        NA	                       NA	                       NA	
  21/07/1911	        NA	        NA	        NA	        NA	                       NA	                       NA	
  21/07/1911	        NA	        NA	        NA	        NA	                       NA	                       NA	
  21/07/1911	        NA	        NA	        NA	        NA	                       NA	                       NA	
  21/07/1911	        NA	        NA	        NA	        NA	                       NA	                       NA	
  21/07/1911	        NA	        NA	        NA	        NA	                       NA	                       NA	
  21/07/1911	        NA	        NA	        NA	        NA	                       NA	                       NA	
  21/07/1911	        NA	        NA	        NA	        NA	                       NA	                       NA	
  21/07/1911	        NA	        NA	        NA	        NA	                       NA	                       NA	
  21/07/1911	        NA	        NA	        NA	        NA	                       NA	                       NA	
  21/07/1911	        NA	        NA	        NA	        NA	                       NA	                       NA	
  21/07/1911	        NA	        NA	        NA	        NA	                       NA	                       NA	
  21/07/1911	        NA	        NA	        NA	        NA	                       NA	                       NA	
  21/07/1911	        NA	        NA	        NA	        NA	                       NA	                       NA	
  21/07/1911	        NA	        NA	        NA	        NA	                       NA	                       NA	
  21/07/1911	        NA	        NA	        NA	        NA	                       NA	                       NA	
  21/07/1911	        NA	        NA	        NA	        NA	                       NA	                       NA	
  21/07/1911	        NA	        NA	        NA	        NA	                       NA	                       NA	
  21/07/1911	        NA	        NA	        NA	        NA	                       NA	                       NA	
  21/07/1911	        NA	        NA	        NA	        NA	                       NA	                       NA	
  21/07/1911	        NA	        NA	        NA	        NA	                       NA	                       NA	
  21/07/1911	        NA	        NA	        NA	        NA	                       NA	                       NA	
  21/07/1911	        NA	        NA	        NA	        NA	                       NA	                       NA	
  21/07/1911	        NA	        NA	        NA	        NA	                       NA	                       NA	
  21/07/1911	        NA	        NA	        NA	        NA	                       NA	                       NA	
  21/07/1911	        NA	        NA	        NA	        NA	                       NA	                       NA	
  21/07/1911	        NA	        NA	        NA	        NA	                       NA	                       NA	
  21/07/1911	        NA	        NA	        NA	        NA	                       NA	                       NA	
  21/07/1911	        NA	        NA	        NA	        NA	                       NA	                       NA	
  21/07/1911	        NA	        NA	        NA	        NA	                       NA	                       NA	
  21/07/1911	        NA	        NA	        NA	        NA	                       NA	                       NA	
  21/07/1911	        NA	        NA	        NA	        NA	                       NA	                       NA	
  21/07/1911	        NA	        NA	        NA	        NA	                       NA	                       NA	
  21/07/1911	        NA	        NA	        NA	        NA	                       NA	                       NA	
  21/07/1911	        NA	        NA	        NA	        NA	                       NA	                       NA	
  21/07/1911	        NA	        NA	        NA	        NA	                       NA	                       NA	
  21/07/1911	        NA	        NA	        NA	        NA	                       NA	                       NA	
  21/07/1911	        NA	        NA	        NA	        NA	                       NA	                       NA	
  21/07/1911	        NA	        NA	        NA	        NA	                       NA	                       NA	
  21/07/1911	        NA	        NA	        NA	        NA	                       NA	                       NA	
  21/07/1911	        NA	        NA	        NA	        NA	                       NA	                       NA	
  21/07/1911	        NA	        NA	        NA	        NA	                       NA	                       NA	
  21/07/1911	        NA	        NA	        NA	        NA	                       NA	                       NA	
  21/07/1911	        NA	        NA	        NA	        NA	                       NA	                       NA	
  21/07/1911	        NA	        NA	        NA	        NA	                       NA	                       NA	
  21/07/1911	        NA	        NA	        NA	        NA	                       NA	                       NA	
  21/07/1911	        NA	        NA	        NA	        NA	                       NA	                       NA	
  21/07/1911	        NA	        NA	        NA	        NA	                       NA	                       NA	
  21/07/1911	        NA	        NA	        NA	        NA	                       NA	                       NA	
  21/07/1911	        NA	        NA	        NA	        NA	                       NA	                       NA	
  21/07/1911	        NA	        NA	        NA	        NA	                       NA	                       NA	
  21/07/1911	        NA	        NA	        NA	        NA	                       NA	                       NA	
  21/07/1911	        NA	        NA	        NA	        NA	                       NA	                       NA	
  21/07/1911	        NA	        NA	        NA	        NA	                       NA	                       NA	
  21/07/1911	        NA	        NA	        NA	        NA	                       NA	                       NA	
  21/07/1911	        NA	        NA	        NA	        NA	                       NA	                       NA	
  21/07/1911	        NA	        NA	        NA	        NA	                       NA	                       NA	
  21/07/1911	        NA	        NA	        NA	        NA	                       NA	                       NA	
  21/07/1911	        NA	        NA	        NA	        NA	                       NA	                       NA	
  21/07/1911	        NA	        NA	        NA	        NA	                       NA	                       NA	
  21/07/1911	        NA	        NA	        NA	        NA	                       NA	                       NA	
  21/07/1911	        NA	        NA	        NA	        NA	                       NA	                       NA	
  21/07/1911	        NA	        NA	        NA	        NA	                       NA	                       NA	
  21/07/1911	        NA	        NA	        NA	        NA	                       NA	                       NA	
  21/07/1911	        NA	        NA	        NA	        NA	                       NA	                       NA	
  21/07/1911	        NA	        NA	        NA	        NA	                       NA	                       NA	
  21/07/1911	        NA	        NA	        NA	        NA	                       NA	                       NA	
  21/07/1911	        NA	        NA	        NA	        NA	                       NA	                       NA	
  21/07/1911	        NA	        NA	        NA	        NA	                       NA	                       NA	
  21/07/1911	        NA	        NA	        NA	        NA	                       NA	                       NA	
  21/07/1911	        NA	        NA	        NA	        NA	                       NA	                       NA	
  21/07/1911	        NA	        NA	        NA	        NA	                       NA	                       NA	
  21/07/1911	        NA	        NA	        NA	        NA	                       NA	                       NA	
  21/07/1911	        NA	        NA	        NA	        NA	                       NA	                       NA	
  21/07/1911	        NA	        NA	        NA	        NA	                       NA	                       NA	
  21/07/1911	        NA	        NA	        NA	        NA	                       NA	                       NA	
  21/07/1911	        NA	        NA	        NA	        NA	                       NA	                       NA	
  21/07/1911	        NA	        NA	        NA	        NA	                       NA	                       NA	
  21/07/1911	        NA	        NA	        NA	        NA	                       NA	                       NA	
  21/07/1911	        NA	        NA	        NA	        NA	                       NA	                       NA	
  21/07/1911	        NA	        NA	        NA	        NA	                       NA	                       NA	
  21/07/1911	        NA	        NA	        NA	        NA	                       NA	                       NA	
  21/07/1911	        NA	        NA	        NA	        NA	                       NA	                       NA	
  21/07/1911	        NA	        NA	        NA	        NA	                       NA	                       NA	
  21/07/1911	        NA	        NA	        NA	        NA	                       NA	                       NA	
  21/07/1911	        NA	        NA	        NA	        NA	                       NA	                       NA	
  21/07/1911	        NA	        NA	        NA	        NA	                       NA	                       NA	
  21/07/1911	        NA	        NA	        NA	        NA	                       NA	                       NA	
  21/07/1911	        NA	        NA	        NA	        NA	                       NA	                       NA	
  21/07/1911	        NA	        NA	        NA	        NA	                       NA	                       NA	
  21/07/1911	        NA	        NA	        NA	        NA	                       NA	                       NA	
  21/07/1911	        NA	        NA	        NA	        NA	                       NA	                       NA	
  21/07/1911	        NA	        NA	        NA	        NA	                       NA	                       NA	
  21/07/1911	        NA	        NA	        NA	        NA	                       NA	                       NA	
  21/07/1911	        NA	        NA	        NA	        NA	                       NA	                       NA	
  21/07/1911	        NA	        NA	        NA	        NA	                       NA	                       NA	
  21/07/1911	        NA	        NA	        NA	        NA	                       NA	                       NA	
  21/07/1911	        NA	        NA	        NA	        NA	                       NA	                       NA	
  21/07/1911	        NA	        NA	        NA	        NA	                       NA	                       NA	
  21/07/1911	        NA	        NA	        NA	        NA	                       NA	                       NA	
  21/07/1911	        NA	        NA	        NA	        NA	                       NA	                       NA	
  21/07/1911	        NA	        NA	        NA	        NA	                       NA	                       NA	
  21/07/1911	        NA	        NA	        NA	        NA	                       NA	                       NA	
  21/07/1911	        NA	        NA	        NA	        NA	                       NA	                       NA	
  21/07/1911	        NA	        NA	        NA	        NA	                       NA	                       NA	
  21/07/1911	        NA	        NA	        NA	        NA	                       NA	                       NA	
  21/07/1911	        NA	        NA	        NA	        NA	                       NA	                       NA	
  21/07/1911	        NA	        NA	        NA	        NA	                       NA	                       NA	
  21/07/1911	        NA	        NA	        NA	        NA	                       NA	                       NA	
  21/07/1911	        NA	        NA	        NA	        NA	                       NA	                       NA	
  21/07/1911	        NA	        NA	        NA	        NA	                       NA	                       NA	
  21/07/1911	        NA	        NA	        NA	        NA	                       NA	                       NA	
  21/07/1911	        NA	        NA	        NA	        NA	                       NA	                       NA	
  21/07/1911	        NA	        NA	        NA	        NA	                       NA	                       NA	
  21/07/1911	        NA	        NA	        NA	        NA	                       NA	                       NA	
  21/07/1911	        NA	        NA	        NA	        NA	                       NA	                       NA	
  21/07/1911	        NA	        NA	        NA	        NA	                       NA	                       NA	
  21/07/1911	        NA	        NA	        NA	        NA	                       NA	                       NA	
  21/07/1911	        NA	        NA	        NA	        NA	                       NA	                       NA	
  21/07/1911	        NA	        NA	        NA	        NA	                       NA	                       NA	
  21/07/1911	        NA	        NA	        NA	        NA	                       NA	                       NA	
  21/07/1911	        NA	        NA	        NA	        NA	                       NA	                       NA	
  21/07/1911	        NA	        NA	        NA	        NA	                       NA	                       NA	
  21/07/1911	        NA	        NA	        NA	        NA	                       NA	                       NA	
  21/07/1911	        NA	        NA	        NA	        NA	                       NA	                       NA	
  21/07/1911	        NA	        NA	        NA	        NA	                       NA	                       NA	
  21/07/1911	        NA	        NA	        NA	        NA	                       NA	                       NA	
  21/07/1911	        NA	        NA	        NA	        NA	                       NA	                       NA	
  21/07/1911	        NA	        NA	        NA	        NA	                       NA	                       NA	
  21/07/1911	        NA	        NA	        NA	        NA	                       NA	                       NA	
  21/07/1911	        NA	        NA	        NA	        NA	                       NA	                       NA	
  21/07/1911	        NA	        NA	        NA	        NA	                       NA	                       NA	
  21/07/1911	        NA	        NA	        NA	        NA	                       NA	                       NA	
  21/07/1911	        NA	        NA	        NA	        NA	                       NA	                       NA	
  21/07/1911	        NA	        NA	        NA	        NA	                       NA	                       NA	
  21/07/1911	        NA	        NA	        NA	        NA	                       NA	                       NA	
  21/07/1911	        NA	        NA	        NA	        NA	                       NA	                       NA	
  21/07/1911	        NA	        NA	        NA	        NA	                       NA	                       NA	
  21/07/1911	        NA	        NA	        NA	        NA	                       NA	                       NA	
  21/07/1911	        NA	        NA	        NA	        NA	                       NA	                       NA	
  21/07/1911	        NA	        NA	        NA	        NA	                       NA	                       NA	
  21/07/1911	        NA	        NA	        NA	        NA	                       NA	                       NA	
  21/07/1911	        NA	        NA	        NA	        NA	                       NA	                       NA	
  21/07/1911	        NA	        NA	        NA	        NA	                       NA	                       NA	
  21/07/1911	        NA	        NA	        NA	        NA	                       NA	                       NA	
  21/07/1911	        NA	        NA	        NA	        NA	                       NA	                       NA	
  21/07/1911	        NA	        NA	        NA	        NA	                       NA	                       NA	
  21/07/1911	        NA	        NA	        NA	        NA	                       NA	                       NA	
  21/07/1911	        NA	        NA	        NA	        NA	                       NA	                       NA	
  21/07/1911	        NA	        NA	        NA	        NA	                       NA	                       NA	
  21/07/1911	        NA	        NA	        NA	        NA	                       NA	                       NA	
  21/07/1911	        NA	        NA	        NA	        NA	                       NA	                       NA	
  21/07/1911	        NA	        NA	        NA	        NA	                       NA	                       NA	
  21/07/1911	        NA	        NA	        NA	        NA	                       NA	                       NA	
  21/07/1911	        NA	        NA	        NA	        NA	                       NA	                       NA	
  21/07/1911	        NA	        NA	        NA	        NA	                       NA	                       NA	
  21/07/1911	        NA	        NA	        NA	        NA	                       NA	                       NA	
  21/07/1911	        NA	        NA	        NA	        NA	                       NA	                       NA	
  21/07/1911	        NA	        NA	        NA	        NA	                       NA	                       NA	
  21/07/1911	        NA	        NA	        NA	        NA	                       NA	                       NA	
  21/07/1911	        NA	        NA	        NA	        NA	                       NA	                       NA	
  21/07/1911	        NA	        NA	        NA	        NA	                       NA	                       NA	
  21/07/1911	        NA	        NA	        NA	        NA	                       NA	                       NA	
  21/07/1911	        NA	        NA	        NA	        NA	                       NA	                       NA	
  21/07/1911	        NA	        NA	        NA	        NA	                       NA	                       NA	
  21/07/1911	        NA	        NA	        NA	        NA	                       NA	                       NA	
  21/07/1911	        NA	        NA	        NA	        NA	                       NA	                       NA	
  21/07/1911	        NA	        NA	        NA	        NA	                       NA	                       NA	
  21/07/1911	        NA	        NA	        NA	        NA	                       NA	                       NA	
  21/07/1911	        NA	        NA	        NA	        NA	                       NA	                       NA	
  21/07/1911	        NA	        NA	        NA	        NA	                       NA	                       NA	
  21/07/1911	        NA	        NA	        NA	        NA	                       NA	                       NA	
  21/07/1911	        NA	        NA	        NA	        NA	                       NA	                       NA	
  21/07/1911	        NA	        NA	        NA	        NA	                       NA	                       NA	
  21/07/1911	        NA	        NA	        NA	        NA	                       NA	                       NA	
  21/07/1911	        NA	        NA	        NA	        NA	                       NA	                       NA	
