  01/01/1912	        NA	        NA	        NA	        NA	                       NA	                       NA	
  01/01/1912	        NA	        NA	      37.8	    -122.3	     sausalito california	                sausalito	
  02/01/1912	        NA	        NA	        NA	        NA	                       NA	                       NA	
  02/01/1912	        NA	        NA	      37.8	    -122.3	     sausalito california	                sausalito	
  03/01/1912	        NA	        NA	        NA	        NA	                       NA	                       NA	
  03/01/1912	        NA	        NA	      37.8	    -122.3	     sausalito california	                sausalito	
  04/01/1912	        NA	        NA	        NA	        NA	                       NA	                       NA	
  04/01/1912	        NA	        NA	      37.8	    -122.3	     sausalito california	                sausalito	
  05/01/1912	        NA	        NA	        NA	        NA	                       NA	                       NA	
  05/01/1912	        NA	        NA	      37.8	    -122.3	     sausalito california	                sausalito	
  06/01/1912	        NA	        NA	        NA	        NA	                       NA	                       NA	
  06/01/1912	        NA	        NA	      37.8	    -122.3	     sausalito california	                sausalito	
  07/01/1912	        NA	        NA	        NA	        NA	                       NA	                       NA	
  07/01/1912	        NA	        NA	      37.8	    -122.3	     sausalito california	                sausalito	
  08/01/1912	        NA	        NA	        NA	        NA	                       NA	                       NA	
  08/01/1912	        NA	        NA	      37.8	    -122.3	     sausalito california	                sausalito	
  09/01/1912	        NA	        NA	        NA	        NA	                       NA	                       NA	
  09/01/1912	        NA	        NA	      37.8	    -122.3	       oakland california	                  oakland	
  10/01/1912	        NA	        NA	        NA	        NA	                       NA	                       NA	
  10/01/1912	        NA	        NA	      37.8	    -122.3	       oakland california	                  oakland	
  11/01/1912	        NA	        NA	        NA	        NA	                       NA	                       NA	
  11/01/1912	        NA	        NA	      37.8	    -122.3	       oakland california	                  oakland	
  12/01/1912	        NA	        NA	        NA	        NA	                       NA	                       NA	
  12/01/1912	        NA	        NA	      37.8	    -122.3	       oakland california	                  oakland	
  13/01/1912	        NA	        NA	        NA	        NA	                       NA	                       NA	
  13/01/1912	        NA	        NA	      37.8	    -122.3	       oakland california	                  oakland	
  14/01/1912	        NA	        NA	        NA	        NA	                       NA	                       NA	
  14/01/1912	        NA	        NA	      37.8	    -122.3	       oakland california	                  oakland	
  15/01/1912	        NA	        NA	        NA	        NA	                       NA	                       NA	
  15/01/1912	        NA	        NA	      37.8	    -122.3	       oakland california	                  oakland	
  16/01/1912	        NA	        NA	        NA	        NA	                       NA	                       NA	
  16/01/1912	        NA	        NA	      37.8	    -122.3	       oakland california	                  oakland	
  17/01/1912	        NA	        NA	        NA	        NA	                       NA	                       NA	
  17/01/1912	        NA	        NA	      37.8	    -122.3	       oakland california	                  oakland	
  18/01/1912	        NA	        NA	        NA	        NA	                       NA	                       NA	
  18/01/1912	        NA	        NA	      37.8	    -122.3	       oakland california	                  oakland	
  19/01/1912	        NA	        NA	        NA	        NA	                       NA	                       NA	
  19/01/1912	        NA	        NA	      37.8	    -122.3	       oakland california	                  oakland	
  20/01/1912	        NA	        NA	        NA	        NA	                       NA	                       NA	
  20/01/1912	        NA	        NA	      37.8	    -122.3	       oakland california	                  oakland	
  21/01/1912	        NA	        NA	        NA	        NA	                       NA	                       NA	
  21/01/1912	        NA	        NA	      37.8	    -122.3	       oakland california	                  oakland	
  22/01/1912	        NA	        NA	        NA	        NA	                       NA	                       NA	
  22/01/1912	        NA	        NA	      37.8	    -122.3	       oakland california	                  oakland	
  23/01/1912	        NA	        NA	        NA	        NA	                       NA	                       NA	
  23/01/1912	        NA	        NA	      37.8	    -122.3	       oakland california	                  oakland	
  24/01/1912	        NA	        NA	        NA	        NA	                       NA	                       NA	
  24/01/1912	        NA	        NA	      37.8	    -122.3	       oakland california	                  oakland	
  25/01/1912	        NA	        NA	        NA	        NA	                       NA	                       NA	
  25/01/1912	        NA	        NA	      37.8	    -122.3	       oakland california	                  oakland	
  26/01/1912	        NA	        NA	        NA	        NA	                       NA	                       NA	
  26/01/1912	        NA	        NA	      37.8	    -122.3	       oakland california	                  oakland	
  27/01/1912	        NA	        NA	        NA	        NA	                       NA	                       NA	
  27/01/1912	        NA	        NA	      37.8	    -122.3	       oakland california	                  oakland	
  28/01/1912	        NA	        NA	        NA	        NA	                       NA	                       NA	
  28/01/1912	        NA	        NA	      37.8	    -122.3	       oakland california	                  oakland	
  29/01/1912	        NA	        NA	        NA	        NA	                       NA	                       NA	
  29/01/1912	        NA	        NA	      37.8	    -122.3	       oakland california	                  oakland	
  30/01/1912	        NA	        NA	        NA	        NA	                       NA	                       NA	
  30/01/1912	        NA	        NA	      37.8	    -122.3	       oakland california	                  oakland	
  31/01/1912	        NA	        NA	        NA	        NA	                       NA	                       NA	
  31/01/1912	        NA	        NA	      37.8	    -122.3	       oakland california	                  oakland	
  01/02/1912	        NA	        NA	        NA	        NA	                       NA	                       NA	
  01/02/1912	        NA	        NA	      37.8	    -122.3	       oakland california	                  oakland	
  02/02/1912	        NA	        NA	        NA	        NA	                       NA	                       NA	
  02/02/1912	        NA	        NA	      37.8	    -122.3	       oakland california	                  oakland	
  03/02/1912	        NA	        NA	        NA	        NA	                       NA	                       NA	
  03/02/1912	        NA	        NA	      37.8	    -122.3	       oakland california	                  oakland	
  04/02/1912	        NA	        NA	        NA	        NA	                       NA	                       NA	
  04/02/1912	        NA	        NA	      37.8	    -122.3	       oakland california	                  oakland	
  05/02/1912	        NA	        NA	        NA	        NA	                       NA	                       NA	
  05/02/1912	        NA	        NA	      37.8	    -122.3	       oakland california	                  oakland	
  06/02/1912	        NA	        NA	        NA	        NA	                       NA	                       NA	
  06/02/1912	        NA	        NA	      37.8	    -122.3	       oakland california	                  oakland	
  07/02/1912	        NA	        NA	        NA	        NA	                       NA	                       NA	
  07/02/1912	        NA	        NA	      37.8	    -122.3	       oakland california	                  oakland	
  08/02/1912	        NA	        NA	        NA	        NA	                       NA	                       NA	
  08/02/1912	        NA	        NA	      37.8	    -122.3	       oakland california	                  oakland	
  09/02/1912	        NA	        NA	        NA	        NA	                       NA	                       NA	
  09/02/1912	        NA	        NA	      37.8	    -122.3	       oakland california	                  oakland	
  10/02/1912	        NA	        NA	        NA	        NA	                       NA	                       NA	
  10/02/1912	        NA	        NA	      37.8	    -122.3	       oakland california	                  oakland	
  11/02/1912	        NA	        NA	        NA	        NA	                       NA	                       NA	
  11/02/1912	        NA	        NA	      37.8	    -122.3	       oakland california	                  oakland	
  12/02/1912	        NA	        NA	        NA	        NA	                       NA	                       NA	
  12/02/1912	        NA	        NA	      37.8	    -122.3	       oakland california	                  oakland	
  13/02/1912	        NA	        NA	        NA	        NA	                       NA	                       NA	
  13/02/1912	        NA	        NA	      37.8	    -122.3	       oakland california	                  oakland	
  14/02/1912	        NA	        NA	        NA	        NA	                       NA	                       NA	
  14/02/1912	        NA	        NA	      37.8	    -122.3	     sausalito california	                sausalito	
  15/02/1912	        NA	        NA	        NA	        NA	                       NA	                       NA	
  15/02/1912	        NA	        NA	      37.8	    -122.3	     sausalito california	                sausalito	
  16/02/1912	        NA	        NA	        NA	        NA	                       NA	                       NA	
  16/02/1912	        NA	        NA	      37.8	    -122.3	     sausalito california	                sausalito	
  17/02/1912	     34 50	    121 42	      NA	      NA	      NA
  18/02/1912	   32 51 N	  119 19 W	      NA	      NA	      NA
  19/02/1912	        NA	        NA	        NA	        NA	                       NA	                       NA	
  19/02/1912	        NA	        NA	      32.7	    -117.2	     san diego california	            san diego usa	
  20/02/1912	        NA	        NA	        NA	        NA	                       NA	                       NA	
  20/02/1912	        NA	        NA	      32.7	    -117.2	     san diego california	            san diego usa	
  21/02/1912	        NA	        NA	        NA	        NA	                       NA	                       NA	
  21/02/1912	        NA	        NA	      32.7	    -117.2	     san diego california	            san diego usa	
  22/02/1912	        NA	        NA	        NA	        NA	                       NA	                       NA	
  22/02/1912	        NA	        NA	      32.7	    -117.2	     san diego california	            san diego usa	
  23/02/1912	        NA	        NA	        NA	        NA	                       NA	                       NA	
  23/02/1912	        NA	        NA	      32.7	    -117.2	     san diego california	            san diego usa	
  24/02/1912	        NA	        NA	        NA	        NA	                       NA	                       NA	
  24/02/1912	        NA	        NA	      32.7	    -117.2	     san diego california	            san diego usa	
  25/02/1912	        NA	        NA	        NA	        NA	                       NA	                       NA	
  25/02/1912	        NA	        NA	      32.7	    -117.2	     san diego california	            san diego usa	
  26/02/1912	        NA	        NA	        NA	        NA	                       NA	                       NA	
  26/02/1912	        NA	        NA	      33.7	    -118.3	     san pedro california	          san pedro calif	
  27/02/1912	        NA	        NA	        NA	        NA	                       NA	                       NA	
  27/02/1912	        NA	        NA	      33.7	    -118.3	     san pedro california	          san pedro calif	
  27/02/1912	        NA	        NA	        NA	        NA	                       NA	                       NA	
  27/02/1912	        NA	        NA	      32.7	    -117.2	     san diego california	            san diego usa	
  28/02/1912	        NA	        NA	        NA	        NA	                       NA	                       NA	
  28/02/1912	        NA	        NA	      32.7	    -117.2	     san diego california	            san diego usa	
  29/02/1912	        NA	        NA	        NA	        NA	                       NA	                       NA	
  29/02/1912	        NA	        NA	      32.7	    -117.2	     san diego california	            san diego usa	
  01/03/1912	        NA	        NA	        NA	        NA	                       NA	                       NA	
  01/03/1912	        NA	        NA	      32.7	    -117.2	     san diego california	            san diego usa	
  02/03/1912	        NA	        NA	        NA	        NA	                       NA	                       NA	
  02/03/1912	        NA	        NA	      32.7	    -117.2	     san diego california	            san diego usa	
  03/03/1912	        NA	        NA	        NA	        NA	                       NA	                       NA	
  03/03/1912	        NA	        NA	      32.7	    -117.2	     san diego california	            san diego usa	
  04/03/1912	        NA	        NA	        NA	        NA	                       NA	                       NA	
  06/03/1912	        NA	        NA	        NA	        NA	                       NA	                       NA	
  06/03/1912	        NA	        NA	      32.7	    -117.2	     san diego california	            san diego usa	
  07/03/1912	        NA	        NA	        NA	        NA	                       NA	                       NA	
  07/03/1912	        NA	        NA	      32.7	    -117.2	     san diego california	            san diego usa	
  08/03/1912	        NA	        NA	        NA	        NA	                       NA	                       NA	
  08/03/1912	        NA	        NA	      32.7	    -117.2	     san diego california	            san diego usa	
  09/03/1912	        NA	        NA	        NA	        NA	                       NA	                       NA	
  09/03/1912	        NA	        NA	      32.7	    -117.2	     san diego california	            san diego usa	
  10/03/1912	        NA	        NA	        NA	        NA	                       NA	                       NA	
  10/03/1912	        NA	        NA	      32.7	    -117.2	     san diego california	            san diego usa	
  11/03/1912	        NA	        NA	        NA	        NA	                       NA	                       NA	
  11/03/1912	        NA	        NA	      32.7	    -117.2	     san diego california	            san diego usa	
  12/03/1912	        NA	        NA	        NA	        NA	                       NA	                       NA	
  12/03/1912	        NA	        NA	      32.7	    -117.2	     san diego california	            san diego usa	
  13/03/1912	        NA	        NA	        NA	        NA	                       NA	                       NA	
  13/03/1912	        NA	        NA	      32.7	    -117.2	     san diego california	            san diego usa	
  15/03/1912	        NA	        NA	        NA	        NA	                       NA	                       NA	
  15/03/1912	        NA	        NA	        NA	        NA	525 deadmans island nw38w	                       NA	
  15/03/1912	        NA	        NA	      33.7	    -118.3	     san pedro california	          san pedro calif	
  16/03/1912	        NA	        NA	        NA	        NA	                       NA	                       NA	
  16/03/1912	        NA	        NA	      32.7	    -117.2	     san diego california	            san diego usa	
  17/03/1912	        NA	        NA	      32.7	    -117.2	     san diego california	            san diego usa	
  18/03/1912	        NA	        NA	        NA	        NA	                       NA	                       NA	
  18/03/1912	        NA	        NA	      32.7	    -117.2	     san diego california	            san diego usa	
  19/03/1912	        NA	        NA	        NA	        NA	                       NA	                       NA	
  19/03/1912	        NA	        NA	      32.7	    -117.2	     san diego california	            san diego usa	
  20/03/1912	        NA	        NA	        NA	        NA	                       NA	                       NA	
  20/03/1912	        NA	        NA	      32.7	    -117.2	     san diego california	            san diego usa	
  21/03/1912	        NA	        NA	        NA	        NA	                       NA	                       NA	
  21/03/1912	        NA	        NA	      32.7	    -117.2	     san diego california	            san diego usa	
  22/03/1912	        NA	        NA	        NA	        NA	                       NA	                       NA	
  22/03/1912	        NA	        NA	      32.7	    -117.2	     san diego california	                     oran	
  23/03/1912	        NA	        NA	        NA	        NA	                       NA	                       NA	
  23/03/1912	        NA	        NA	      32.7	    -117.2	     san diego california	            san diego usa	
  24/03/1912	        NA	        NA	        NA	        NA	                       NA	                       NA	
  24/03/1912	        NA	        NA	      32.7	    -117.2	     san diego california	            san diego usa	
  25/03/1912	        NA	        NA	        NA	        NA	                       NA	                       NA	
  25/03/1912	        NA	        NA	      32.7	    -117.2	     san diego california	            san diego usa	
  26/03/1912	        NA	        NA	        NA	        NA	                       NA	                       NA	
  26/03/1912	        NA	        NA	      32.7	    -117.2	     san diego california	            san diego usa	
  27/03/1912	        NA	        NA	        NA	        NA	                       NA	                       NA	
  27/03/1912	        NA	        NA	      32.7	    -117.2	     san diego california	            san diego usa	
  28/03/1912	        NA	        NA	        NA	        NA	                       NA	                       NA	
  28/03/1912	        NA	        NA	      32.7	    -117.2	     san diego california	            san diego usa	
  29/03/1912	        NA	        NA	        NA	        NA	                       NA	                       NA	
  29/03/1912	        NA	        NA	      32.7	    -117.2	     san diego california	            san diego usa	
  30/03/1912	        NA	        NA	        NA	        NA	                       NA	                       NA	
  30/03/1912	        NA	        NA	      32.7	    -117.2	     san diego california	            san diego usa	
  31/03/1912	        NA	        NA	        NA	        NA	                       NA	                       NA	
  31/03/1912	        NA	        NA	      32.7	    -117.2	     san diego california	            san diego usa	
  01/04/1912	        NA	        NA	        NA	        NA	                       NA	                       NA	
  02/04/1912	   35 48 N	  121 45 W	      NA	      NA	      NA
  03/04/1912	        NA	        NA	      38.1	    -122.3	    navy yard mare island	              mare island	
  04/04/1912	        ma	        NA	        NA	        NA	mare island navy yard california	                       NA	
  05/04/1912	        NA	        NA	      37.8	    -122.3	       oakland california	                  oakland	
  06/04/1912	        NA	        NA	        NA	        NA	                       NA	                       NA	
  06/04/1912	        NA	        NA	      37.8	    -122.3	       oakland california	                  oakland	
  07/04/1912	        NA	        NA	        NA	        NA	                       NA	                       NA	
  07/04/1912	        NA	        NA	      37.8	    -122.3	       oakland california	                  oakland	
  08/04/1912	        NA	        NA	        NA	        NA	                       NA	                       NA	
  08/04/1912	        NA	        NA	      37.8	    -122.3	       oakland california	                  oakland	
  09/04/1912	        NA	        NA	        NA	        NA	                       NA	                       NA	
  09/04/1912	        NA	        NA	      37.8	    -122.3	       oakland california	                  oakland	
  10/04/1912	        NA	        NA	        NA	        NA	                       NA	                       NA	
  10/04/1912	        NA	        NA	      37.8	    -122.3	       oakland california	                  oakland	
  11/04/1912	        NA	        NA	        NA	        NA	                       NA	                       NA	
  11/04/1912	        NA	        NA	      37.8	    -122.3	       oakland california	                  oakland	
  12/04/1912	        NA	        NA	        NA	        NA	                       NA	                       NA	
  12/04/1912	        NA	        NA	      37.8	    -122.3	       oakland california	                  oakland	
  13/04/1912	        NA	        NA	        NA	        NA	                       NA	                       NA	
  13/04/1912	        NA	        NA	      37.8	    -122.3	       oakland california	                  oakland	
  14/04/1912	        NA	        NA	        NA	        NA	                       NA	                       NA	
  14/04/1912	        NA	        NA	      37.8	    -122.3	       oakland california	                  oakland	
  15/04/1912	        NA	        NA	        NA	        NA	                       NA	                       NA	
  15/04/1912	        NA	        NA	      37.8	    -122.3	       oakland california	                  oakland	
  16/04/1912	        NA	        NA	        NA	        NA	                       NA	                       NA	
  16/04/1912	        NA	        NA	      37.8	    -122.3	       oakland california	                  oakland	
  17/04/1912	        NA	        NA	        NA	        NA	                       NA	                       NA	
  17/04/1912	        NA	        NA	      37.8	    -122.3	       oakland california	                  oakland	
  18/04/1912	        NA	        NA	        NA	        NA	                       NA	                       NA	
  18/04/1912	        NA	        NA	      37.8	    -122.3	       oakland california	                  oakland	
  19/04/1912	        NA	        NA	        NA	        NA	                       NA	                       NA	
  19/04/1912	        NA	        NA	      37.8	    -122.3	       oakland california	                  oakland	
  20/04/1912	        NA	        NA	        NA	        NA	                       NA	                       NA	
  20/04/1912	        NA	        NA	      37.8	    -122.3	       oakland california	                  oakland	
  21/04/1912	        NA	        NA	        NA	        NA	                       NA	                       NA	
  21/04/1912	        NA	        NA	      37.8	    -122.3	       oakland california	                  oakland	
  22/04/1912	        NA	        NA	        NA	        NA	                       NA	                       NA	
  22/04/1912	        NA	        NA	      37.8	    -122.4	union iron works san francisco california	        san francisco bay	
  23/04/1912	        NA	        NA	        NA	        NA	                       NA	                       NA	
  23/04/1912	        NA	        NA	      37.8	    -122.4	union iron works san francisco california	        san francisco bay	
  24/04/1912	        NA	        NA	        NA	        NA	                       NA	                       NA	
  24/04/1912	        NA	        NA	      37.8	    -122.4	union iron works san francisco california	        san francisco bay	
  25/04/1912	        NA	        NA	        NA	        NA	                       NA	                       NA	
  25/04/1912	        NA	        NA	      37.8	    -122.4	union iron works san francisco california	        san francisco bay	
  26/04/1912	        NA	        NA	        NA	        NA	                       NA	                       NA	
  26/04/1912	        NA	        NA	      37.8	    -122.4	union iron works san francisco california	        san francisco bay	
  27/04/1912	        NA	        NA	        NA	        NA	                       NA	                       NA	
  27/04/1912	        NA	        NA	      37.8	    -122.4	union iron works san francisco california	        san francisco bay	
  28/04/1912	        NA	        NA	        NA	        NA	                       NA	                       NA	
  28/04/1912	        NA	        NA	      37.8	    -122.4	union iron works san francisco california	        san francisco bay	
  29/04/1912	        NA	        NA	        NA	        NA	                       NA	                       NA	
  29/04/1912	        NA	        NA	      37.8	    -122.4	hunters point san francisco bay california	        san francisco bay	
  30/04/1912	        NA	        NA	        NA	        NA	                       NA	                       NA	
  30/04/1912	        NA	        NA	      37.8	    -122.4	hunters point san francisco bay california	        san francisco bay	
  01/05/1912	        NA	        NA	        NA	        NA	                       NA	                       NA	
  01/05/1912	        NA	        NA	      37.8	    -122.4	hunters point san francisco bay california	        san francisco bay	
  02/05/1912	        NA	        NA	        NA	        NA	                       NA	                       NA	
  02/05/1912	        NA	        NA	      37.8	    -122.4	meiggs wharf san francisco california	        san francisco bay	
  03/05/1912	        NA	        NA	        NA	        NA	at 357 came to anchor off sausalito in 12 fathoms water 50 fathoms chain port anchor peninsula pt bearing nxe34e end of ferry ship nw	                       NA	
  03/05/1912	        NA	        NA	      37.8	    -122.3	     sausalito california	                sausalito	
  04/05/1912	        NA	        NA	        NA	        NA	                       NA	                       NA	
  04/05/1912	        NA	        NA	      37.8	    -122.3	     sausalito california	                sausalito	
  05/05/1912	        NA	        NA	        NA	        NA	                       NA	                       NA	
  05/05/1912	        NA	        NA	      37.8	    -122.3	     sausalito california	                sausalito	
  06/05/1912	        NA	        NA	        NA	        NA	                       NA	                       NA	
  06/05/1912	        NA	        NA	      37.8	    -122.3	     sausalito california	                sausalito	
  07/05/1912	        NA	        NA	        NA	        NA	                       NA	                       NA	
  07/05/1912	        NA	        NA	      36.9	    -122.3	     sausalito california	                     bone	
  09/05/1912	   42 03 N	  124 40 W	      NA	      NA	      NA
  10/05/1912	   44 09 N	  124 35 W	      NA	      NA	      NA
  11/05/1912	   47 02 N	  124 26 W	      NA	      NA	      NA
  13/05/1912	   48 41 N	  126 22 W	      NA	      NA	      NA
  14/05/1912	   49 24 N	  131 26 W	      NA	      NA	      NA
  15/05/1912	   50 05 N	  136 24 W	      NA	      NA	      NA
  16/05/1912	   51 03 N	  141 26 W	      NA	      NA	      NA
  17/05/1912	   51 33 N	  146 36 W	      NA	      NA	      NA
  18/05/1912	   52 04 N	  151 20 W	      NA	      NA	      NA
  19/05/1912	   52 12 N	  154 32 W	      NA	      NA	      NA
  20/05/1912	   52 43 N	  158 34 W	      NA	      NA	      NA
  21/05/1912	   53 58 N	  164 12 W	      NA	      NA	      NA
  22/05/1912	        NA	        NA	        NA	        NA	                       NA	                       NA	
  22/05/1912	        NA	        NA	      53.9	    -166.5	          unalaska alaska	             unalaska bay	
  23/05/1912	        NA	        NA	        NA	        NA	                       NA	                       NA	
  23/05/1912	        NA	        NA	      53.9	    -166.5	          unalaska alaska	             unalaska bay	
  24/05/1912	        NA	        NA	        NA	        NA	                       NA	                       NA	
  24/05/1912	        NA	        NA	      53.9	    -166.5	          unalaska alaska	             unalaska bay	
  25/05/1912	        NA	        NA	        NA	        NA	                       NA	                       NA	
  25/05/1912	        NA	        NA	      53.9	    -166.5	          unalaska alaska	             unalaska bay	
  26/05/1912	        NA	        NA	        NA	        NA	                       NA	                       NA	
  26/05/1912	        NA	        NA	      53.9	    -166.5	          unalaska alaska	             unalaska bay	
  27/05/1912	        NA	        NA	        NA	        NA	                       NA	                       NA	
  27/05/1912	        NA	        NA	      53.9	    -166.5	          unalaska alaska	             unalaska bay	
  28/05/1912	        NA	        NA	        NA	        NA	                       NA	                       NA	
  28/05/1912	        NA	        NA	      53.9	    -166.5	          unalaska alaska	             unalaska bay	
  29/05/1912	   55 32 N	  168 30 W	      NA	      NA	      NA
  30/05/1912	   56 41 N	  169 52 W	      NA	      NA	      NA
  31/05/1912	   56 55 N	  170 15 W	      NA	      NA	      NA
  31/05/1912	   59 13 N	  168 44 W	      NA	      NA	      NA
  01/06/1912	   61 31 N	  167 52 W	      NA	      NA	      NA
  02/06/1912	   64 08 N	  165 31 W	      NA	      NA	      NA
  03/06/1912	   64 00 N	  162 40 W	      NA	      NA	      NA
  04/06/1912	   63 52 N	  162 25 W	      NA	      NA	      NA
  05/06/1912	        NA	        NA	        NA	        NA	                       NA	                       NA	
  09/06/1912	   62 55 N	  166 45 W	      NA	      NA	      NA
  10/06/1912	   59 40 N	  169 10 W	      NA	      NA	      NA
  11/06/1912	   56 55 N	  167 50 W	      NA	      NA	      NA
  12/06/1912	        NA	        NA	        NA	        NA	                       NA	                       NA	
  12/06/1912	        NA	        NA	        NA	        NA	cape pankof unimak island ne 9 miles	                       NA	
  13/06/1912	        NA	        NA	        NA	        NA	                       NA	                       NA	
  14/06/1912	   57 28 N	  155 15 W	      NA	      NA	      NA
  15/06/1912	        NA	        NA	        NA	        NA	                       NA	                       NA	
  15/06/1912	        NA	        NA	        NA	        NA	                       NA	                       NA	
  15/06/1912	        NA	        NA	        NA	        NA	                       NA	                       NA	
  15/06/1912	        NA	        NA	        NA	        NA	uyak anchorage kodiak island alaska	                       NA	
  16/06/1912	        NA	        NA	        NA	        NA	                       NA	                       NA	
 18/06/1912	        NA	        NA	        NA	        NA	                       NA	                       NA	
  18/06/1912	        NA	        NA	        NA	        NA	st paul roadstead kodiak island alaska	                       NA	
  19/06/1912	   56 12 N	  154 40 W	      NA	      NA	      NA
  20/06/1912	        NA	        NA	        NA	        NA	                       NA	                       NA	
  21/06/1912	   54 18 N	  165 07 W	      NA	      NA	      NA
  22/06/1912	        NA	        NA	        NA	        NA	                       NA	                       NA	
  22/06/1912	        NA	        NA	      53.9	    -166.5	          unalaska alaska	             unalaska bay	
  23/06/1912	        NA	        NA	        NA	        NA	                       NA	                       NA	
  23/06/1912	        NA	        NA	      53.9	    -166.5	          unalaska alaska	             unalaska bay	
  24/06/1912	        NA	        NA	        NA	        NA	                       NA	                       NA	
  24/06/1912	        NA	        NA	      53.9	    -166.5	          unalaska alaska	             unalaska bay	
  25/06/1912	        NA	        NA	        NA	        NA	                       NA	                       NA	
  25/06/1912	        NA	        NA	      53.9	    -166.5	          unalaska alaska	             unalaska bay	
  26/06/1912	        NA	        NA	        NA	        NA	                       NA	                       NA	
  26/06/1912	        NA	        NA	      53.9	    -166.5	          unalaska alaska	             unalaska bay	
  27/06/1912	   54 18 N	  166 41 W	      NA	      NA	      NA
  28/06/1912	   57 25 N	  168 44 W	      NA	      NA	      NA
  29/06/1912	   60 18 N	  170 14 W	      NA	      NA	      NA
