1902-01-01	 1	NA	NA	NA	NA	
1902-01-01	 2	NA	NA	NA	NA	
1902-01-01	 3	NA	NA	NA	NA	
1902-01-01	 4	52	NA	NA	30.12	
1902-01-01	 5	NA	NA	NA	NA	
1902-01-01	 6	NA	NA	NA	NA	
1902-01-01	 7	NA	NA	NA	NA	
1902-01-01	 8	52	NA	NA	30.12	
1902-01-01	 9	NA	NA	NA	NA	
1902-01-01	10	NA	NA	NA	NA	
1902-01-01	11	NA	NA	NA	NA	
1902-01-01	12	53	NA	NA	30.13	
1902-01-01	13	NA	NA	NA	NA	
1902-01-01	14	NA	NA	NA	NA	
1902-01-01	15	NA	NA	NA	NA	
1902-01-01	16	54	NA	NA	30.18	
1902-01-01	17	NA	NA	NA	NA	
1902-01-01	18	NA	NA	NA	NA	
1902-01-01	19	NA	NA	NA	NA	
1902-01-01	20	53	NA	NA	30.18	
1902-01-01	21	NA	NA	NA	NA	
1902-01-01	22	NA	NA	NA	NA	
1902-01-01	23	NA	NA	NA	NA	
1902-01-01	24	52	NA	NA	30.16	
1902-01-02	 1	NA	NA	NA	NA	
1902-01-02	 2	NA	NA	NA	NA	
1902-01-02	 3	NA	NA	NA	NA	
1902-01-02	 4	52	NA	NA	30.23	
1902-01-02	 5	NA	NA	NA	NA	
1902-01-02	 6	NA	NA	NA	NA	
1902-01-02	 7	NA	NA	NA	NA	
1902-01-02	 8	51	NA	NA	30.28	
1902-01-02	 9	NA	NA	NA	NA	
1902-01-02	10	NA	NA	NA	NA	
1902-01-02	11	NA	NA	NA	NA	
1902-01-02	12	53	NA	NA	30.35	
1902-01-02	13	NA	NA	NA	NA	
1902-01-02	14	NA	NA	NA	NA	
1902-01-02	15	NA	NA	NA	NA	
1902-01-02	16	53	NA	NA	30.35	
1902-01-02	17	NA	NA	NA	NA	
1902-01-02	18	NA	NA	NA	NA	
1902-01-02	19	NA	NA	NA	NA	
1902-01-02	20	53	NA	NA	30.33	
1902-01-02	21	NA	NA	NA	NA	
1902-01-02	22	NA	NA	NA	NA	
1902-01-02	23	NA	NA	NA	NA	
1902-01-02	24	53	NA	NA	30.35	
1902-01-03	 1	NA	NA	NA	NA	
1902-01-03	 2	NA	NA	NA	NA	
1902-01-03	 3	NA	NA	NA	NA	
1902-01-03	 4	48	NA	NA	30.30	
1902-01-03	 5	NA	NA	NA	NA	
1902-01-03	 6	NA	NA	NA	NA	
1902-01-03	 7	NA	NA	NA	NA	
1902-01-03	 8	46	NA	NA	30.33	
1902-01-03	 9	NA	NA	NA	NA	
1902-01-03	10	NA	NA	NA	NA	
1902-01-03	11	NA	NA	NA	NA	
1902-01-03	12	49	NA	NA	30.35	
1902-01-03	13	NA	NA	NA	NA	
1902-01-03	14	NA	NA	NA	NA	
1902-01-03	15	NA	NA	NA	NA	
1902-01-03	16	59	NA	NA	30.30	
1902-01-03	17	NA	NA	NA	NA	
1902-01-03	18	NA	NA	NA	NA	
1902-01-03	19	NA	NA	NA	NA	
1902-01-03	20	49	NA	NA	30.30	
1902-01-03	21	NA	NA	NA	NA	
1902-01-03	22	NA	NA	NA	NA	
1902-01-03	23	NA	NA	NA	NA	
1902-01-03	24	48	NA	NA	30.30	
1902-01-04	 1	NA	NA	NA	NA	
1902-01-04	 2	NA	NA	NA	NA	
1902-01-04	 3	NA	NA	NA	NA	
1902-01-04	 4	47	NA	NA	30.28	
1902-01-04	 5	NA	NA	NA	NA	
1902-01-04	 6	NA	NA	NA	NA	
1902-01-04	 7	NA	NA	NA	NA	
1902-01-04	 8	45	NA	NA	30.26	
1902-01-04	 9	NA	NA	NA	NA	
1902-01-04	10	NA	NA	NA	NA	
1902-01-04	11	NA	NA	NA	NA	
1902-01-04	12	48	NA	NA	30.30	
1902-01-04	13	NA	NA	NA	NA	
1902-01-04	14	NA	NA	NA	NA	
1902-01-04	15	NA	NA	NA	NA	
1902-01-04	16	52	NA	NA	30.26	
1902-01-04	17	NA	NA	NA	NA	
1902-01-04	18	NA	NA	NA	NA	
1902-01-04	19	NA	NA	NA	NA	
1902-01-04	20	49	NA	NA	30.22	
1902-01-04	21	NA	NA	NA	NA	
1902-01-04	22	NA	NA	NA	NA	
1902-01-04	23	NA	NA	NA	NA	
1902-01-04	24	45	NA	NA	30.21	
1902-01-05	 1	NA	NA	NA	NA	
1902-01-05	 2	NA	NA	NA	NA	
1902-01-05	 3	NA	NA	NA	NA	
1902-01-05	 4	45	NA	NA	30.19	
1902-01-05	 5	NA	NA	NA	NA	
1902-01-05	 6	NA	NA	NA	NA	
1902-01-05	 7	NA	NA	NA	NA	
1902-01-05	 8	47	NA	NA	30.20	
1902-01-05	 9	NA	NA	NA	NA	
1902-01-05	10	NA	NA	NA	NA	
1902-01-05	11	NA	NA	NA	NA	
1902-01-05	12	47	NA	NA	30.24	
1902-01-05	13	NA	NA	NA	NA	
1902-01-05	14	NA	NA	NA	NA	
1902-01-05	15	NA	NA	NA	NA	
1902-01-05	16	50	NA	NA	30.19	
1902-01-05	17	NA	NA	NA	NA	
1902-01-05	18	NA	NA	NA	NA	
1902-01-05	19	NA	NA	NA	NA	
1902-01-05	20	47	NA	NA	30.19	
1902-01-05	21	NA	NA	NA	NA	
1902-01-05	22	NA	NA	NA	NA	
1902-01-05	23	NA	NA	NA	NA	
1902-01-05	24	47	NA	NA	30.23	
1902-01-06	 1	NA	NA	NA	NA	
1902-01-06	 2	NA	NA	NA	NA	
1902-01-06	 3	NA	NA	NA	NA	
1902-01-06	 4	45	NA	NA	30.21	
1902-01-06	 5	NA	NA	NA	NA	
1902-01-06	 6	NA	NA	NA	NA	
1902-01-06	 7	NA	NA	NA	NA	
1902-01-06	 8	45	NA	NA	30.18	
1902-01-06	 9	NA	NA	NA	NA	
1902-01-06	10	NA	NA	NA	NA	
1902-01-06	11	NA	NA	NA	NA	
1902-01-06	12	46	NA	NA	30.14	
1902-01-06	13	NA	NA	NA	NA	
1902-01-06	14	NA	NA	NA	NA	
1902-01-06	15	NA	NA	NA	NA	
1902-01-06	16	46	NA	NA	30.12	
1902-01-06	17	NA	NA	NA	NA	
1902-01-06	18	NA	NA	NA	NA	
1902-01-06	19	NA	NA	NA	NA	
1902-01-06	20	46	NA	NA	30.10	
1902-01-06	21	NA	NA	NA	NA	
1902-01-06	22	NA	NA	NA	NA	
1902-01-06	23	NA	NA	NA	NA	
1902-01-06	24	45	NA	NA	30.10	
1902-01-07	 1	NA	NA	NA	NA	
1902-01-07	 2	NA	NA	NA	NA	
1902-01-07	 3	NA	NA	NA	NA	
1902-01-07	 4	45	NA	NA	30.10	
1902-01-07	 5	NA	NA	NA	NA	
1902-01-07	 6	NA	NA	NA	NA	
1902-01-07	 7	NA	NA	NA	NA	
1902-01-07	 8	44	NA	NA	30.14	
1902-01-07	 9	NA	NA	NA	NA	
1902-01-07	10	NA	NA	NA	NA	
1902-01-07	11	NA	NA	NA	NA	
1902-01-07	12	48	NA	NA	30.11	
1902-01-07	13	NA	NA	NA	NA	
1902-01-07	14	NA	NA	NA	NA	
1902-01-07	15	NA	NA	NA	NA	
1902-01-07	16	47	NA	NA	30.08	
1902-01-07	17	NA	NA	NA	NA	
1902-01-07	18	NA	NA	NA	NA	
1902-01-07	19	NA	NA	NA	NA	
1902-01-07	20	46	NA	NA	30.08	
1902-01-07	21	NA	NA	NA	NA	
1902-01-07	22	NA	NA	NA	NA	
1902-01-07	23	NA	NA	NA	NA	
1902-01-07	24	44	NA	NA	30.06	
1902-01-08	 1	NA	NA	NA	NA	
1902-01-08	 2	NA	NA	NA	NA	
1902-01-08	 3	NA	NA	NA	NA	
1902-01-08	 4	60	NA	NA	30.06	
1902-01-08	 5	NA	NA	NA	NA	
1902-01-08	 6	NA	NA	NA	NA	
1902-01-08	 7	NA	NA	NA	NA	
1902-01-08	 8	60	NA	NA	30.10	
1902-01-08	 9	NA	NA	NA	NA	
1902-01-08	10	NA	NA	NA	NA	
1902-01-08	11	NA	NA	NA	NA	
1902-01-08	12	62	NA	NA	30.06	
1902-01-08	13	NA	NA	NA	NA	
1902-01-08	14	NA	NA	NA	NA	
1902-01-08	15	NA	NA	NA	NA	
1902-01-08	16	57	NA	NA	30.05	
1902-01-08	17	NA	NA	NA	NA	
1902-01-08	18	NA	NA	NA	NA	
1902-01-08	19	NA	NA	NA	NA	
1902-01-08	20	58	NA	NA	30.04	
1902-01-08	21	NA	NA	NA	NA	
1902-01-08	22	NA	NA	NA	NA	
1902-01-08	23	NA	NA	NA	NA	
1902-01-08	24	53	NA	NA	30.02	
1902-01-09	 1	NA	NA	NA	NA	
1902-01-09	 2	NA	NA	NA	NA	
1902-01-09	 3	NA	NA	NA	NA	
1902-01-09	 4	42	NA	NA	30.03	
1902-01-09	 5	NA	NA	NA	NA	
1902-01-09	 6	NA	NA	NA	NA	
1902-01-09	 7	NA	NA	NA	NA	
1902-01-09	 8	41	NA	NA	30.10	
1902-01-09	 9	NA	NA	NA	NA	
1902-01-09	10	NA	NA	NA	NA	
1902-01-09	11	NA	NA	NA	NA	
1902-01-09	12	42	NA	NA	30.12	
1902-01-09	13	NA	NA	NA	NA	
1902-01-09	14	NA	NA	NA	NA	
1902-01-09	15	NA	NA	NA	NA	
1902-01-09	16	46	NA	NA	30.10	
1902-01-09	17	NA	NA	NA	NA	
1902-01-09	18	NA	NA	NA	NA	
1902-01-09	19	NA	NA	NA	NA	
1902-01-09	20	44	NA	NA	30.12	
1902-01-09	21	NA	NA	NA	NA	
1902-01-09	22	NA	NA	NA	NA	
1902-01-09	23	NA	NA	NA	NA	
1902-01-09	24	39	NA	NA	30.14	
1902-01-10	 1	NA	NA	NA	NA	
1902-01-10	 2	NA	NA	NA	NA	
1902-01-10	 3	NA	NA	NA	NA	
1902-01-10	 4	40	NA	NA	30.12	
1902-01-10	 5	NA	NA	NA	NA	
1902-01-10	 6	NA	NA	NA	NA	
1902-01-10	 7	NA	NA	NA	NA	
1902-01-10	 8	41	NA	NA	30.12	
1902-01-10	 9	NA	NA	NA	NA	
1902-01-10	10	NA	NA	NA	NA	
1902-01-10	11	NA	NA	NA	NA	
1902-01-10	12	46	NA	NA	30.11	
1902-01-10	13	NA	NA	NA	NA	
1902-01-10	14	NA	NA	NA	NA	
1902-01-10	15	NA	NA	NA	NA	
1902-01-10	16	47	NA	NA	30.09	
1902-01-10	17	NA	NA	NA	NA	
1902-01-10	18	NA	NA	NA	NA	
1902-01-10	19	NA	NA	NA	NA	
1902-01-10	20	45	NA	NA	30.11	
1902-01-10	21	NA	NA	NA	NA	
1902-01-10	22	NA	NA	NA	NA	
1902-01-10	23	NA	NA	NA	NA	
1902-01-10	24	47	NA	NA	30.18	
1902-01-11	 1	NA	NA	NA	NA	
1902-01-11	 2	NA	NA	NA	NA	
1902-01-11	 3	NA	NA	NA	NA	
1902-01-11	 4	47	NA	NA	30.16	
1902-01-11	 5	NA	NA	NA	NA	
1902-01-11	 6	NA	NA	NA	NA	
1902-01-11	 7	NA	NA	NA	NA	
1902-01-11	 8	49	NA	NA	30.14	
1902-01-11	 9	NA	NA	NA	NA	
1902-01-11	10	NA	NA	NA	NA	
1902-01-11	11	NA	NA	NA	NA	
1902-01-11	12	54	NA	NA	30.12	
1902-01-11	13	NA	NA	NA	NA	
1902-01-11	14	NA	NA	NA	NA	
1902-01-11	15	NA	NA	NA	NA	
1902-01-11	16	62	NA	NA	30.13	
1902-01-11	17	NA	NA	NA	NA	
1902-01-11	18	NA	NA	NA	NA	
1902-01-11	19	NA	NA	NA	NA	
1902-01-11	20	55	NA	NA	30.16	
1902-01-11	21	NA	NA	NA	NA	
1902-01-11	22	NA	NA	NA	NA	
1902-01-11	23	NA	NA	NA	NA	
1902-01-11	24	53	NA	NA	30.18	
1902-01-12	 1	NA	NA	NA	NA	
1902-01-12	 2	NA	NA	NA	NA	
1902-01-12	 3	NA	NA	NA	NA	
1902-01-12	 4	47	NA	NA	30.18	
1902-01-12	 5	NA	NA	NA	NA	
1902-01-12	 6	NA	NA	NA	NA	
1902-01-12	 7	NA	NA	NA	NA	
1902-01-12	 8	47	NA	NA	30.20	
1902-01-12	 9	NA	NA	NA	NA	
1902-01-12	10	NA	NA	NA	NA	
1902-01-12	11	NA	NA	NA	NA	
1902-01-12	12	57	NA	NA	30.17	
1902-01-12	13	NA	NA	NA	NA	
1902-01-12	14	NA	NA	NA	NA	
1902-01-12	15	NA	NA	NA	NA	
1902-01-12	16	57	NA	NA	30.13	
1902-01-12	17	NA	NA	NA	NA	
1902-01-12	18	NA	NA	NA	NA	
1902-01-12	19	NA	NA	NA	NA	
1902-01-12	20	58	NA	NA	30.13	
1902-01-12	21	NA	NA	NA	NA	
1902-01-12	22	NA	NA	NA	NA	
1902-01-12	23	NA	NA	NA	NA	
1902-01-12	24	57	NA	NA	30.18	
1902-01-13	 1	NA	NA	NA	NA	
1902-01-13	 2	NA	NA	NA	NA	
1902-01-13	 3	NA	NA	NA	NA	
1902-01-13	 4	59	NA	NA	30.16	
1902-01-13	 5	NA	NA	NA	NA	
1902-01-13	 6	NA	NA	NA	NA	
1902-01-13	 7	NA	NA	NA	NA	
1902-01-13	 8	58	NA	NA	30.17	
1902-01-13	 9	NA	NA	NA	NA	
1902-01-13	10	NA	NA	NA	NA	
1902-01-13	11	NA	NA	NA	NA	
1902-01-13	12	67	NA	NA	30.12	
1902-01-13	13	NA	NA	NA	NA	
1902-01-13	14	NA	NA	NA	NA	
1902-01-13	15	NA	NA	NA	NA	
1902-01-13	16	68	NA	NA	30.10	
1902-01-13	17	NA	NA	NA	NA	
1902-01-13	18	NA	NA	NA	NA	
1902-01-13	19	NA	NA	NA	NA	
1902-01-13	20	61	NA	NA	30.12	
1902-01-13	21	NA	NA	NA	NA	
1902-01-13	22	NA	NA	NA	NA	
1902-01-13	23	NA	NA	NA	NA	
1902-01-13	24	58	NA	NA	30.10	
1902-01-14	 1	NA	NA	NA	NA	
1902-01-14	 2	NA	NA	NA	NA	
1902-01-14	 3	NA	NA	NA	NA	
1902-01-14	 4	57	NA	NA	30.10	
1902-01-14	 5	NA	NA	NA	NA	
1902-01-14	 6	NA	NA	NA	NA	
1902-01-14	 7	NA	NA	NA	NA	
1902-01-14	 8	60	NA	NA	30.09	
1902-01-14	 9	NA	NA	NA	NA	
1902-01-14	10	NA	NA	NA	NA	
1902-01-14	11	NA	NA	NA	NA	
1902-01-14	12	60	NA	NA	30.12	
1902-01-14	13	NA	NA	NA	NA	
1902-01-14	14	NA	NA	NA	NA	
1902-01-14	15	NA	NA	NA	NA	
1902-01-14	16	61	NA	NA	30.08	
1902-01-14	17	NA	NA	NA	NA	
1902-01-14	18	NA	NA	NA	NA	
1902-01-14	19	NA	NA	NA	NA	
1902-01-14	20	60	NA	NA	30.12	
1902-01-14	21	NA	NA	NA	NA	
1902-01-14	22	NA	NA	NA	NA	
1902-01-14	23	NA	NA	NA	NA	
1902-01-14	24	60	NA	NA	30.11	
1902-01-15	 1	NA	NA	NA	NA	
1902-01-15	 2	NA	NA	NA	NA	
1902-01-15	 3	NA	NA	NA	NA	
1902-01-15	 4	57	NA	NA	30.14	
1902-01-15	 5	NA	NA	NA	NA	
1902-01-15	 6	NA	NA	NA	NA	
1902-01-15	 7	NA	NA	NA	NA	
1902-01-15	 8	53	NA	NA	30.12	
1902-01-15	 9	NA	NA	NA	NA	
1902-01-15	10	NA	NA	NA	NA	
1902-01-15	11	NA	NA	NA	NA	
1902-01-15	12	53	NA	NA	30.12	
1902-01-15	13	NA	NA	NA	NA	
1902-01-15	14	NA	NA	NA	NA	
1902-01-15	15	NA	NA	NA	NA	
1902-01-15	16	66	NA	NA	30.10	
1902-01-15	17	NA	NA	NA	NA	
1902-01-15	18	NA	NA	NA	NA	
1902-01-15	19	NA	NA	NA	NA	
1902-01-15	20	59	NA	NA	30.11	
1902-01-15	21	NA	NA	NA	NA	
1902-01-15	22	NA	NA	NA	NA	
1902-01-15	23	NA	NA	NA	NA	
1902-01-15	24	52	NA	NA	30.12	
1902-01-16	 1	NA	NA	NA	NA	
1902-01-16	 2	NA	NA	NA	NA	
1902-01-16	 3	NA	NA	NA	NA	
1902-01-16	 4	55	NA	NA	30.14	
1902-01-16	 5	NA	NA	NA	NA	
1902-01-16	 6	NA	NA	NA	NA	
1902-01-16	 7	NA	NA	NA	NA	
1902-01-16	 8	55	NA	NA	30.15	
1902-01-16	 9	NA	NA	NA	NA	
1902-01-16	10	NA	NA	NA	NA	
1902-01-16	11	NA	NA	NA	NA	
1902-01-16	12	57	NA	NA	30.12	
1902-01-16	13	NA	NA	NA	NA	
1902-01-16	14	NA	NA	NA	NA	
1902-01-16	15	NA	NA	NA	NA	
1902-01-16	16	57	NA	NA	30.10	
1902-01-16	17	NA	NA	NA	NA	
1902-01-16	18	NA	NA	NA	NA	
1902-01-16	19	NA	NA	NA	NA	
1902-01-16	20	57	NA	NA	30.08	
1902-01-16	21	NA	NA	NA	NA	
1902-01-16	22	NA	NA	NA	NA	
1902-01-16	23	NA	NA	NA	NA	
1902-01-16	24	56	NA	NA	30.00	
1902-01-17	 1	NA	NA	NA	NA	
1902-01-17	 2	NA	NA	NA	NA	
1902-01-17	 3	NA	NA	NA	NA	
1902-01-17	 4	57	NA	NA	29.99	
1902-01-17	 5	NA	NA	NA	NA	
1902-01-17	 6	NA	NA	NA	NA	
1902-01-17	 7	NA	NA	NA	NA	
1902-01-17	 8	64	NA	NA	30.04	
1902-01-17	 9	NA	NA	NA	NA	
1902-01-17	10	NA	NA	NA	NA	
1902-01-17	11	NA	NA	NA	NA	
1902-01-17	12	62	NA	NA	30.00	
1902-01-17	13	NA	NA	NA	NA	
1902-01-17	14	NA	NA	NA	NA	
1902-01-17	15	NA	NA	NA	NA	
1902-01-17	16	60	NA	NA	30.96	
1902-01-17	17	NA	NA	NA	NA	
1902-01-17	18	NA	NA	NA	NA	
1902-01-17	19	NA	NA	NA	NA	
1902-01-17	20	57	NA	NA	30.98	
1902-01-17	21	NA	NA	NA	NA	
1902-01-17	22	NA	NA	NA	NA	
1902-01-17	23	NA	NA	NA	NA	
1902-01-17	24	56	NA	NA	29.98	
1902-01-18	 1	NA	NA	NA	NA	
1902-01-18	 2	NA	NA	NA	NA	
1902-01-18	 3	NA	NA	NA	NA	
1902-01-18	 4	57	NA	NA	29.99	
1902-01-18	 5	NA	NA	NA	NA	
1902-01-18	 6	NA	NA	NA	NA	
1902-01-18	 7	NA	NA	NA	NA	
1902-01-18	 8	56	NA	56	29.96	
1902-01-18	 9	NA	NA	NA	NA	
1902-01-18	10	NA	NA	NA	NA	
1902-01-18	11	NA	NA	NA	NA	
1902-01-18	12	60	NA	NA	29.96	
1902-01-18	13	NA	NA	NA	NA	
1902-01-18	14	NA	NA	NA	NA	
1902-01-18	15	NA	NA	NA	NA	
1902-01-18	16	61	NA	NA	29.90	
1902-01-18	17	NA	NA	NA	NA	
1902-01-18	18	NA	NA	NA	NA	
1902-01-18	19	NA	NA	NA	NA	
1902-01-18	20	56	NA	NA	29.89	
1902-01-18	21	NA	NA	NA	NA	
1902-01-18	22	NA	NA	NA	NA	
1902-01-18	23	NA	NA	NA	NA	
1902-01-18	24	55	NA	NA	29.94	
1902-01-19	 1	NA	NA	NA	NA	
1902-01-19	 2	NA	NA	NA	NA	
1902-01-19	 3	NA	NA	NA	NA	
1902-01-19	 4	NA	NA	49	NA	
1902-01-19	 5	NA	NA	NA	NA	
1902-01-19	 6	NA	NA	NA	NA	
1902-01-19	 7	NA	NA	NA	NA	
1902-01-19	 8	55	NA	NA	30.08	
1902-01-19	 9	NA	NA	NA	NA	
1902-01-19	10	NA	NA	NA	NA	
1902-01-19	11	NA	NA	NA	NA	
1902-01-19	12	59	NA	NA	30.04	
1902-01-19	13	NA	NA	NA	NA	
1902-01-19	14	NA	NA	NA	NA	
1902-01-19	15	NA	NA	NA	NA	
1902-01-19	16	60	NA	NA	30.06	
1902-01-19	17	NA	NA	NA	NA	
1902-01-19	18	NA	NA	NA	NA	
1902-01-19	19	NA	NA	NA	NA	
1902-01-19	20	59	NA	NA	30.14	
1902-01-19	21	NA	NA	NA	NA	
1902-01-19	22	NA	NA	NA	NA	
1902-01-19	23	NA	NA	NA	NA	
1902-01-19	24	55	NA	NA	30.29	
1902-01-20	 1	NA	NA	NA	NA	
1902-01-20	 2	NA	NA	NA	NA	
1902-01-20	 3	NA	NA	NA	NA	
1902-01-20	 4	52	NA	NA	30.27	
1902-01-20	 5	NA	NA	NA	NA	
1902-01-20	 6	NA	NA	NA	NA	
1902-01-20	 7	NA	NA	NA	NA	
1902-01-20	 8	56	NA	NA	30.28	
1902-01-20	 9	NA	NA	NA	NA	
1902-01-20	10	NA	NA	NA	NA	
1902-01-20	11	NA	NA	NA	NA	
1902-01-20	12	58	NA	NA	30.24	
1902-01-20	13	NA	NA	NA	NA	
1902-01-20	14	NA	NA	NA	NA	
1902-01-20	15	NA	NA	NA	NA	
1902-01-20	16	61	NA	NA	30.20	
1902-01-20	17	NA	NA	NA	NA	
1902-01-20	18	NA	NA	NA	NA	
1902-01-20	19	NA	NA	NA	NA	
1902-01-20	20	51	NA	NA	30.20	
1902-01-20	21	NA	NA	NA	NA	
1902-01-20	22	NA	NA	NA	NA	
1902-01-20	23	NA	NA	NA	NA	
1902-01-20	24	51	NA	NA	30.13	
1902-01-21	 1	NA	NA	NA	NA	
1902-01-21	 2	NA	NA	NA	NA	
1902-01-21	 3	NA	NA	NA	NA	
1902-01-21	 4	49	NA	NA	30.09	
1902-01-21	 5	NA	NA	NA	NA	
1902-01-21	 6	NA	NA	NA	NA	
1902-01-21	 7	NA	NA	NA	NA	
1902-01-21	 8	48	NA	NA	30.09	
1902-01-21	 9	NA	NA	NA	NA	
1902-01-21	10	NA	NA	NA	NA	
1902-01-21	11	NA	NA	NA	NA	
1902-01-21	12	58	NA	NA	30.04	
1902-01-21	13	NA	NA	NA	NA	
1902-01-21	14	NA	NA	NA	NA	
1902-01-21	15	NA	NA	NA	NA	
1902-01-21	16	57	NA	NA	30.03	
1902-01-21	17	NA	NA	NA	NA	
1902-01-21	18	NA	NA	NA	NA	
1902-01-21	19	NA	NA	NA	NA	
1902-01-21	20	56	NA	NA	30.02	
1902-01-21	21	NA	NA	NA	NA	
1902-01-21	22	NA	NA	NA	NA	
1902-01-21	23	NA	NA	NA	NA	
1902-01-21	24	56	NA	NA	30.02	
1902-01-22	 1	NA	NA	NA	NA	
1902-01-22	 2	NA	NA	NA	NA	
1902-01-22	 3	NA	NA	NA	NA	
1902-01-22	 4	55	NA	NA	30.00	
1902-01-22	 5	NA	NA	NA	NA	
1902-01-22	 6	NA	NA	NA	NA	
1902-01-22	 7	NA	NA	NA	NA	
1902-01-22	 8	56	NA	NA	29.93	
1902-01-22	 9	NA	NA	NA	NA	
1902-01-22	10	NA	NA	NA	NA	
1902-01-22	11	NA	NA	NA	NA	
1902-01-22	12	66	NA	NA	30.01	
1902-01-22	13	NA	NA	NA	NA	
1902-01-22	14	NA	NA	NA	NA	
1902-01-22	15	NA	NA	NA	NA	
1902-01-22	16	60	NA	NA	29.98	
1902-01-22	17	NA	NA	NA	NA	
1902-01-22	18	NA	NA	NA	NA	
1902-01-22	19	NA	NA	NA	NA	
1902-01-22	20	56	NA	NA	29.99	
1902-01-22	21	NA	NA	NA	NA	
1902-01-22	22	NA	NA	NA	NA	
1902-01-22	23	NA	NA	NA	NA	
1902-01-22	24	52	NA	NA	30.02	
1902-01-23	 1	NA	NA	NA	NA	
1902-01-23	 2	NA	NA	NA	NA	
1902-01-23	 3	NA	NA	NA	NA	
1902-01-23	 4	51	NA	NA	30.05	
1902-01-23	 5	NA	NA	NA	NA	
1902-01-23	 6	NA	NA	NA	NA	
1902-01-23	 7	NA	NA	NA	NA	
1902-01-23	 8	54	NA	NA	30.09	
1902-01-23	 9	NA	NA	NA	NA	
1902-01-23	10	NA	NA	NA	NA	
1902-01-23	11	NA	NA	NA	NA	
1902-01-23	12	58	NA	NA	30.05	
1902-01-23	13	NA	NA	NA	NA	
1902-01-23	14	NA	NA	NA	NA	
1902-01-23	15	NA	NA	NA	NA	
1902-01-23	16	60	NA	NA	30.02	
1902-01-23	17	NA	NA	NA	NA	
1902-01-23	18	NA	NA	NA	NA	
1902-01-23	19	NA	NA	NA	NA	
1902-01-23	20	56	NA	NA	30.00	
1902-01-23	21	NA	NA	NA	NA	
1902-01-23	22	NA	NA	NA	NA	
1902-01-23	23	NA	NA	NA	NA	
1902-01-23	24	56	NA	NA	29.98	
1902-01-24	 1	NA	NA	NA	NA	
1902-01-24	 2	NA	NA	NA	NA	
1902-01-24	 3	NA	NA	NA	NA	
1902-01-24	 4	56	NA	NA	29.84	
1902-01-24	 5	NA	NA	NA	NA	
1902-01-24	 6	NA	NA	NA	NA	
1902-01-24	 7	NA	NA	NA	NA	
1902-01-24	 8	53	NA	NA	29.82	
1902-01-24	 9	NA	NA	NA	NA	
1902-01-24	10	NA	NA	NA	NA	
1902-01-24	11	NA	NA	NA	NA	
1902-01-24	12	55	NA	NA	29.81	
1902-01-24	13	NA	NA	NA	NA	
1902-01-24	14	NA	NA	NA	NA	
1902-01-24	15	NA	NA	NA	NA	
1902-01-24	16	58	NA	NA	29.83	
1902-01-24	17	NA	NA	NA	NA	
1902-01-24	18	NA	NA	NA	NA	
1902-01-24	19	NA	NA	NA	NA	
1902-01-24	20	54	NA	NA	29.89	
1902-01-24	21	NA	NA	NA	NA	
1902-01-24	22	NA	NA	NA	NA	
1902-01-24	23	NA	NA	NA	NA	
1902-01-24	24	54	NA	NA	29.90	
1902-01-25	 1	NA	NA	NA	NA	
1902-01-25	 2	NA	NA	NA	NA	
1902-01-25	 3	NA	NA	NA	NA	
1902-01-25	 4	54	NA	NA	29.90	
1902-01-25	 5	NA	NA	NA	NA	
1902-01-25	 6	NA	NA	NA	NA	
1902-01-25	 7	NA	NA	NA	NA	
1902-01-25	 8	53	NA	NA	29.90	
1902-01-25	 9	NA	NA	NA	NA	
1902-01-25	10	NA	NA	NA	NA	
1902-01-25	11	NA	NA	NA	NA	
1902-01-25	12	53	NA	NA	29.86	
1902-01-25	13	NA	NA	NA	NA	
1902-01-25	14	NA	NA	NA	NA	
1902-01-25	15	NA	NA	NA	NA	
1902-01-25	16	53	NA	NA	29.88	
1902-01-25	17	NA	NA	NA	NA	
1902-01-25	18	NA	NA	NA	NA	
1902-01-25	19	NA	NA	NA	NA	
1902-01-25	20	53	NA	NA	29.88	
1902-01-25	21	NA	NA	NA	NA	
1902-01-25	22	NA	NA	NA	NA	
1902-01-25	23	NA	NA	NA	NA	
1902-01-25	24	52	NA	NA	30.00	
1902-01-26	 1	NA	NA	NA	NA	
1902-01-26	 2	NA	NA	NA	NA	
1902-01-26	 3	NA	NA	NA	NA	
1902-01-26	 4	55	NA	NA	30.10	
1902-01-26	 5	NA	NA	NA	NA	
1902-01-26	 6	NA	NA	NA	NA	
1902-01-26	 7	NA	NA	NA	NA	
1902-01-26	 8	57	NA	NA	30.21	
1902-01-26	 9	NA	NA	NA	NA	
1902-01-26	10	NA	NA	NA	NA	
1902-01-26	11	NA	NA	NA	NA	
1902-01-26	12	52	NA	NA	30.24	
1902-01-26	13	NA	NA	NA	NA	
1902-01-26	14	NA	NA	NA	NA	
1902-01-26	15	NA	NA	NA	NA	
1902-01-26	16	53	NA	NA	30.18	
1902-01-26	17	NA	NA	NA	NA	
1902-01-26	18	NA	NA	NA	NA	
1902-01-26	19	NA	NA	NA	NA	
1902-01-26	20	51	NA	NA	30.14	
1902-01-26	21	NA	NA	NA	NA	
1902-01-26	22	NA	NA	NA	NA	
1902-01-26	23	NA	NA	NA	NA	
1902-01-26	24	49	NA	NA	30.16	
1902-01-27	 1	NA	NA	NA	NA	
1902-01-27	 2	NA	NA	NA	NA	
1902-01-27	 3	NA	NA	NA	NA	
1902-01-27	 4	42	NA	NA	30.09	
1902-01-27	 5	NA	NA	NA	NA	
1902-01-27	 6	NA	NA	NA	NA	
1902-01-27	 7	NA	NA	NA	NA	
1902-01-27	 8	43	NA	NA	30.10	
1902-01-27	 9	NA	NA	NA	NA	
1902-01-27	10	NA	NA	NA	NA	
1902-01-27	11	NA	NA	NA	NA	
1902-01-27	12	58	NA	NA	30.08	
1902-01-27	13	NA	NA	NA	NA	
1902-01-27	14	NA	NA	NA	NA	
1902-01-27	15	NA	NA	NA	NA	
1902-01-27	16	57	NA	NA	30.02	
1902-01-27	17	NA	NA	NA	NA	
1902-01-27	18	NA	NA	NA	NA	
1902-01-27	19	NA	NA	NA	NA	
1902-01-27	20	45	NA	NA	30.00	
1902-01-27	21	NA	NA	NA	NA	
1902-01-27	22	NA	NA	NA	NA	
1902-01-27	23	NA	NA	NA	NA	
1902-01-27	24	42	NA	NA	29.98	
1902-01-28	 1	NA	NA	NA	NA	
1902-01-28	 2	NA	NA	NA	NA	
1902-01-28	 3	NA	NA	NA	NA	
1902-01-28	 4	40	NA	NA	29.96	
1902-01-28	 5	NA	NA	NA	NA	
1902-01-28	 6	NA	NA	NA	NA	
1902-01-28	 7	NA	NA	NA	NA	
1902-01-28	 8	40	NA	NA	29.96	
1902-01-28	 9	NA	NA	NA	NA	
1902-01-28	10	NA	NA	NA	NA	
1902-01-28	11	NA	NA	NA	NA	
1902-01-28	12	57	NA	NA	29.99	
1902-01-28	13	NA	NA	NA	NA	
1902-01-28	14	NA	NA	NA	NA	
1902-01-28	15	NA	NA	NA	NA	
1902-01-28	16	54	NA	NA	29.92	
1902-01-28	17	NA	NA	NA	NA	
1902-01-28	18	NA	NA	NA	NA	
1902-01-28	19	NA	NA	NA	NA	
1902-01-28	20	56	NA	NA	29.89	
1902-01-28	21	NA	NA	NA	NA	
1902-01-28	22	NA	NA	NA	NA	
1902-01-28	23	NA	NA	NA	NA	
1902-01-28	24	50	NA	NA	29.98	
1902-01-29	 1	NA	NA	NA	NA	
1902-01-29	 2	NA	NA	NA	NA	
1902-01-29	 3	NA	NA	NA	NA	
1902-01-29	 4	50	NA	NA	29.85	
1902-01-29	 5	NA	NA	NA	NA	
1902-01-29	 6	NA	NA	NA	NA	
1902-01-29	 7	NA	NA	NA	NA	
1902-01-29	 8	47	NA	NA	29.84	
1902-01-29	 9	NA	NA	NA	NA	
1902-01-29	10	NA	NA	NA	NA	
1902-01-29	11	NA	NA	NA	NA	
1902-01-29	12	48	NA	NA	29.98	
1902-01-29	13	NA	NA	NA	NA	
1902-01-29	14	NA	NA	NA	NA	
1902-01-29	15	NA	NA	NA	NA	
1902-01-29	16	52	NA	NA	30.00	
1902-01-29	17	NA	NA	NA	NA	
1902-01-29	18	NA	NA	NA	NA	
1902-01-29	19	NA	NA	NA	NA	
1902-01-29	20	50	NA	NA	30.10	
1902-01-29	21	NA	NA	NA	NA	
1902-01-29	22	NA	NA	NA	NA	
1902-01-29	23	NA	NA	NA	NA	
1902-01-29	24	45	NA	NA	30.16	
1902-01-30	 1	NA	NA	NA	NA	
1902-01-30	 2	NA	NA	NA	NA	
1902-01-30	 3	NA	NA	NA	NA	
1902-01-30	 4	NA	NA	NA	NA	
1902-01-30	 5	NA	NA	NA	NA	
1902-01-30	 6	NA	NA	NA	NA	
1902-01-30	 7	NA	NA	NA	NA	
1902-01-30	 8	NA	NA	NA	NA	
1902-01-30	 9	NA	NA	NA	NA	
1902-01-30	10	NA	NA	NA	NA	
1902-01-30	11	NA	NA	NA	NA	
1902-01-30	12	NA	NA	NA	NA	
1902-01-30	13	NA	NA	NA	NA	
1902-01-30	14	NA	NA	NA	NA	
1902-01-30	15	NA	NA	NA	NA	
1902-01-30	16	NA	NA	NA	NA	
1902-01-30	17	NA	NA	NA	NA	
1902-01-30	18	NA	NA	NA	NA	
1902-01-30	19	NA	NA	NA	NA	
1902-01-30	20	NA	NA	NA	NA	
1902-01-30	21	NA	NA	NA	NA	
1902-01-30	22	NA	NA	NA	NA	
1902-01-30	23	NA	NA	NA	NA	
1902-01-30	24	NA	NA	NA	NA	
1902-01-31	 1	NA	NA	NA	NA	
1902-01-31	 2	NA	NA	NA	NA	
1902-01-31	 3	NA	NA	NA	NA	
1902-01-31	 4	43	NA	NA	30.12	
1902-01-31	 5	NA	NA	NA	NA	
1902-01-31	 6	NA	NA	NA	NA	
1902-01-31	 7	NA	NA	NA	NA	
1902-01-31	 8	45	NA	NA	30.16	
1902-01-31	 9	NA	NA	NA	NA	
1902-01-31	10	NA	NA	NA	NA	
1902-01-31	11	NA	NA	NA	NA	
1902-01-31	12	55	NA	NA	30.17	
1902-01-31	13	NA	NA	NA	NA	
1902-01-31	14	NA	NA	NA	NA	
1902-01-31	15	NA	NA	NA	NA	
1902-01-31	16	55	NA	NA	30.12	
1902-01-31	17	NA	NA	NA	NA	
1902-01-31	18	NA	NA	NA	NA	
1902-01-31	19	NA	NA	NA	NA	
1902-01-31	20	50	NA	NA	30.12	
1902-01-31	21	NA	NA	NA	NA	
1902-01-31	22	NA	NA	NA	NA	
1902-01-31	23	NA	NA	NA	NA	
1902-01-31	24	46	NA	NA	30.15	
1902-02-01	 1	NA	NA	NA	NA	
1902-02-01	 2	NA	NA	NA	NA	
1902-02-01	 3	NA	NA	NA	NA	
1902-02-01	 4	43	NA	NA	30.13	
1902-02-01	 5	NA	NA	NA	NA	
1902-02-01	 6	NA	NA	NA	NA	
1902-02-01	 7	NA	NA	NA	NA	
1902-02-01	 8	42	NA	NA	30.16	
1902-02-01	 9	NA	NA	NA	NA	
1902-02-01	10	NA	NA	NA	NA	
1902-02-01	11	NA	NA	NA	NA	
1902-02-01	12	56	NA	NA	30.15	
1902-02-01	13	NA	NA	NA	NA	
1902-02-01	14	NA	NA	NA	NA	
1902-02-01	15	NA	NA	NA	NA	
1902-02-01	16	64	NA	NA	30.13	
1902-02-01	17	NA	NA	NA	NA	
1902-02-01	18	NA	NA	NA	NA	
1902-02-01	19	NA	NA	NA	NA	
1902-02-01	20	52	NA	NA	30.18	
1902-02-01	21	NA	NA	NA	NA	
1902-02-01	22	NA	NA	NA	NA	
1902-02-01	23	NA	NA	NA	NA	
1902-02-01	24	48	NA	NA	30.13	
1902-02-02	 1	NA	NA	NA	NA	
1902-02-02	 2	NA	NA	NA	NA	
1902-02-02	 3	NA	NA	NA	NA	
1902-02-02	 4	44	NA	NA	30.12	
1902-02-02	 5	NA	NA	NA	NA	
1902-02-02	 6	NA	NA	NA	NA	
1902-02-02	 7	NA	NA	NA	NA	
1902-02-02	 8	46	NA	NA	30.12	
1902-02-02	 9	NA	NA	NA	NA	
1902-02-02	10	NA	NA	NA	NA	
1902-02-02	11	NA	NA	NA	NA	
1902-02-02	12	56	NA	NA	30.09	
1902-02-02	13	NA	NA	NA	NA	
1902-02-02	14	NA	NA	NA	NA	
1902-02-02	15	NA	NA	NA	NA	
1902-02-02	16	56	NA	NA	30.05	
1902-02-02	17	NA	NA	NA	NA	
1902-02-02	18	NA	NA	NA	NA	
1902-02-02	19	NA	NA	NA	NA	
1902-02-02	20	50	NA	NA	30.15	
1902-02-02	21	NA	NA	NA	NA	
1902-02-02	22	NA	NA	NA	NA	
1902-02-02	23	NA	NA	NA	NA	
1902-02-02	24	47	NA	NA	30.08	
1902-02-03	 1	NA	NA	NA	NA	
1902-02-03	 2	NA	NA	NA	NA	
1902-02-03	 3	NA	NA	NA	NA	
1902-02-03	 4	48	NA	NA	30.08	
1902-02-03	 5	NA	NA	NA	NA	
1902-02-03	 6	NA	NA	NA	NA	
1902-02-03	 7	NA	NA	NA	NA	
1902-02-03	 8	48	NA	NA	30.09	
1902-02-03	 9	NA	NA	NA	NA	
1902-02-03	10	NA	NA	NA	NA	
1902-02-03	11	NA	NA	NA	NA	
1902-02-03	12	55	NA	NA	30.11	
1902-02-03	13	NA	NA	NA	NA	
1902-02-03	14	NA	NA	NA	NA	
1902-02-03	15	NA	NA	NA	NA	
1902-02-03	16	61	NA	NA	30.10	
1902-02-03	17	NA	NA	NA	NA	
1902-02-03	18	NA	NA	NA	NA	
1902-02-03	19	NA	NA	NA	NA	
1902-02-03	20	53	NA	NA	30.10	
1902-02-03	21	NA	NA	NA	NA	
1902-02-03	22	NA	NA	NA	NA	
1902-02-03	23	NA	NA	NA	NA	
1902-02-03	24	50	NA	NA	30.10	
1902-02-02	 1	NA	NA	NA	NA	
1902-02-02	 2	NA	NA	NA	NA	
1902-02-02	 3	NA	NA	NA	NA	
1902-02-02	 4	44	NA	NA	30.12	
1902-02-02	 5	NA	NA	NA	NA	
1902-02-02	 6	NA	NA	NA	NA	
1902-02-02	 7	NA	NA	NA	NA	
1902-02-02	 8	46	NA	NA	30.12	
1902-02-02	 9	NA	NA	NA	NA	
1902-02-02	10	NA	NA	NA	NA	
1902-02-02	11	NA	NA	NA	NA	
1902-02-02	12	56	NA	NA	30.09	
1902-02-02	13	NA	NA	NA	NA	
1902-02-02	14	NA	NA	NA	NA	
1902-02-02	15	NA	NA	NA	NA	
1902-02-02	16	56	NA	NA	30.25	
1902-02-02	17	NA	NA	NA	NA	
1902-02-02	18	NA	NA	NA	NA	
1902-02-02	19	NA	NA	NA	NA	
1902-02-02	20	50	NA	NA	30.15	
1902-02-02	21	NA	NA	NA	NA	
1902-02-02	22	NA	NA	NA	NA	
1902-02-02	23	NA	NA	NA	NA	
1902-02-02	24	47	NA	NA	30.08	
1902-02-03	 1	NA	NA	NA	NA	
1902-02-03	 2	NA	NA	NA	NA	
1902-02-03	 3	NA	NA	NA	NA	
1902-02-03	 4	48	NA	NA	30.08	
1902-02-03	 5	NA	NA	NA	NA	
1902-02-03	 6	NA	NA	NA	NA	
1902-02-03	 7	NA	NA	NA	NA	
1902-02-03	 8	48	NA	NA	30.09	
1902-02-03	 9	NA	NA	NA	NA	
1902-02-03	10	NA	NA	NA	NA	
1902-02-03	11	NA	NA	NA	NA	
1902-02-03	12	55	NA	NA	30.11	
1902-02-03	13	NA	NA	NA	NA	
1902-02-03	14	NA	NA	NA	NA	
1902-02-03	15	NA	NA	NA	NA	
1902-02-03	16	61	NA	NA	30.10	
1902-02-03	17	NA	NA	NA	NA	
1902-02-03	18	NA	NA	NA	NA	
1902-02-03	19	NA	NA	NA	NA	
1902-02-03	20	53	NA	NA	30.10	
1902-02-03	21	NA	NA	NA	NA	
1902-02-03	22	NA	NA	NA	NA	
1902-02-03	23	NA	NA	NA	NA	
1902-02-03	24	50	NA	NA	30.10	
1902-02-04	 1	NA	NA	NA	NA	
1902-02-04	 2	NA	NA	NA	NA	
1902-02-04	 3	NA	NA	NA	NA	
1902-02-04	 4	47	NA	NA	30.09	
1902-02-04	 5	NA	NA	NA	NA	
1902-02-04	 6	NA	NA	NA	NA	
1902-02-04	 7	NA	NA	NA	NA	
1902-02-04	 8	51	NA	NA	30.08	
1902-02-04	 9	NA	NA	NA	NA	
1902-02-04	10	NA	NA	NA	NA	
1902-02-04	11	NA	NA	NA	NA	
1902-02-04	12	58	NA	NA	30.16	
1902-02-04	13	NA	NA	NA	NA	
1902-02-04	14	NA	NA	NA	NA	
1902-02-04	15	NA	NA	NA	NA	
1902-02-04	16	62	NA	NA	30.02	
1902-02-04	17	NA	NA	NA	NA	
1902-02-04	18	NA	NA	NA	NA	
1902-02-04	19	NA	NA	NA	NA	
1902-02-04	20	52	NA	NA	30.02	
1902-02-04	21	NA	NA	NA	NA	
1902-02-04	22	NA	NA	NA	NA	
1902-02-04	23	NA	NA	NA	NA	
1902-02-04	24	54	NA	NA	30.01	
1902-02-05	 1	NA	NA	NA	NA	
1902-02-05	 2	NA	NA	NA	NA	
1902-02-05	 3	NA	NA	NA	NA	
1902-02-05	 4	50	NA	NA	29.95	
1902-02-05	 5	NA	NA	NA	NA	
1902-02-05	 6	NA	NA	NA	NA	
1902-02-05	 7	NA	NA	NA	NA	
1902-02-05	 8	48	NA	NA	29.95	
1902-02-05	 9	NA	NA	NA	NA	
1902-02-05	10	NA	NA	NA	NA	
1902-02-05	11	NA	NA	NA	NA	
1902-02-05	12	52	NA	NA	29.95	
1902-02-05	13	NA	NA	NA	NA	
1902-02-05	14	NA	NA	NA	NA	
1902-02-05	15	NA	NA	NA	NA	
1902-02-05	16	60	NA	NA	29.96	
1902-02-05	17	NA	NA	NA	NA	
1902-02-05	18	NA	NA	NA	NA	
1902-02-05	19	NA	NA	NA	NA	
1902-02-05	20	58	NA	NA	29.97	
1902-02-05	21	NA	NA	NA	NA	
1902-02-05	22	NA	NA	NA	NA	
1902-02-05	23	NA	NA	NA	NA	
1902-02-05	24	47	NA	NA	29.96	
1902-02-06	 1	NA	NA	NA	NA	
1902-02-06	 2	NA	NA	NA	NA	
1902-02-06	 3	NA	NA	NA	NA	
1902-02-06	 4	49	NA	NA	29.96	
1902-02-06	 5	NA	NA	NA	NA	
1902-02-06	 6	NA	NA	NA	NA	
1902-02-06	 7	NA	NA	NA	NA	
1902-02-06	 8	49	NA	NA	29.02	
1902-02-06	 9	NA	NA	NA	NA	
1902-02-06	10	NA	NA	NA	NA	
1902-02-06	11	NA	NA	NA	NA	
1902-02-06	12	58	NA	NA	29.02	
1902-02-06	13	NA	NA	NA	NA	
1902-02-06	14	NA	NA	NA	NA	
1902-02-06	15	NA	NA	NA	NA	
1902-02-06	16	59	NA	NA	29.04	
1902-02-06	17	NA	NA	NA	NA	
1902-02-06	18	NA	NA	NA	NA	
1902-02-06	19	NA	NA	NA	NA	
1902-02-06	20	55	NA	NA	29.10	
1902-02-06	21	NA	NA	NA	NA	
1902-02-06	22	NA	NA	NA	NA	
1902-02-06	23	NA	NA	NA	NA	
1902-02-06	24	54	NA	NA	30.16	
1902-02-07	 1	NA	NA	NA	NA	
1902-02-07	 2	NA	NA	NA	NA	
1902-02-07	 3	NA	NA	NA	NA	
1902-02-07	 4	54	NA	NA	30.15	
1902-02-07	 5	NA	NA	NA	NA	
1902-02-07	 6	NA	NA	NA	NA	
1902-02-07	 7	NA	NA	NA	NA	
1902-02-07	 8	57	NA	NA	30.22	
1902-02-07	 9	NA	NA	NA	NA	
1902-02-07	10	NA	NA	NA	NA	
1902-02-07	11	NA	NA	NA	NA	
1902-02-07	12	59	NA	NA	30.20	
1902-02-07	13	NA	NA	NA	NA	
1902-02-07	14	NA	NA	NA	NA	
1902-02-07	15	NA	NA	NA	NA	
1902-02-07	16	57	NA	NA	30.17	
1902-02-07	17	NA	NA	NA	NA	
1902-02-07	18	NA	NA	NA	NA	
1902-02-07	19	NA	NA	NA	NA	
1902-02-07	20	57	NA	NA	30.22	
1902-02-07	21	NA	NA	NA	NA	
1902-02-07	22	NA	NA	NA	NA	
1902-02-07	23	NA	NA	NA	NA	
1902-02-07	24	58	NA	NA	30.22	
1902-02-08	 1	NA	NA	NA	NA	
1902-02-08	 2	NA	NA	NA	NA	
1902-02-08	 3	NA	NA	NA	NA	
1902-02-08	 4	52	NA	NA	30.19	
1902-02-08	 5	NA	NA	NA	NA	
1902-02-08	 6	NA	NA	NA	NA	
1902-02-08	 7	NA	NA	NA	NA	
1902-02-08	 8	52	NA	NA	30.22	
1902-02-08	 9	NA	NA	NA	NA	
1902-02-08	10	NA	NA	NA	NA	
1902-02-08	11	NA	NA	NA	NA	
1902-02-08	12	71	NA	NA	30.28	
1902-02-08	13	NA	NA	NA	NA	
1902-02-08	14	NA	NA	NA	NA	
1902-02-08	15	NA	NA	NA	NA	
1902-02-08	16	62	NA	NA	30.28	
1902-02-08	17	NA	NA	NA	NA	
1902-02-08	18	NA	NA	NA	NA	
1902-02-08	19	NA	NA	NA	NA	
1902-02-08	20	55	NA	NA	30.26	
1902-02-08	21	NA	NA	NA	NA	
1902-02-08	22	NA	NA	NA	NA	
1902-02-08	23	NA	NA	NA	NA	
1902-02-08	24	52	NA	NA	30.22	
1902-02-09	 1	NA	NA	NA	NA	
1902-02-09	 2	NA	NA	NA	NA	
1902-02-09	 3	NA	NA	NA	NA	
1902-02-09	 4	51	NA	NA	30.18	
1902-02-09	 5	NA	NA	NA	NA	
1902-02-09	 6	NA	NA	NA	NA	
1902-02-09	 7	NA	NA	NA	NA	
1902-02-09	 8	51	NA	NA	30.15	
1902-02-09	 9	NA	NA	NA	NA	
1902-02-09	10	NA	NA	NA	NA	
1902-02-09	11	NA	NA	NA	NA	
1902-02-09	12	67	NA	NA	30.16	
1902-02-09	13	NA	NA	NA	NA	
1902-02-09	14	NA	NA	NA	NA	
1902-02-09	15	NA	NA	NA	NA	
1902-02-09	16	64	NA	NA	30.12	
1902-02-09	17	NA	NA	NA	NA	
1902-02-09	18	NA	NA	NA	NA	
1902-02-09	19	NA	NA	NA	NA	
1902-02-09	20	53	NA	NA	30.14	
1902-02-09	21	NA	NA	NA	NA	
1902-02-09	22	NA	NA	NA	NA	
1902-02-09	23	NA	NA	NA	NA	
1902-02-09	24	52	NA	NA	30.15	
1902-02-10	 1	NA	NA	NA	NA	
1902-02-10	 2	NA	NA	NA	NA	
1902-02-10	 3	NA	NA	NA	NA	
1902-02-10	 4	49	NA	NA	30.17	
1902-02-10	 5	NA	NA	NA	NA	
1902-02-10	 6	NA	NA	NA	NA	
1902-02-10	 7	NA	NA	NA	NA	
1902-02-10	 8	49	NA	NA	30.06	
1902-02-10	 9	NA	NA	NA	NA	
1902-02-10	10	NA	NA	NA	NA	
1902-02-10	11	NA	NA	NA	NA	
1902-02-10	12	60	NA	NA	30.04	
1902-02-10	13	NA	NA	NA	NA	
1902-02-10	14	NA	NA	NA	NA	
1902-02-10	15	NA	NA	NA	NA	
1902-02-10	16	59	NA	NA	29.98	
1902-02-10	17	NA	NA	NA	NA	
1902-02-10	18	NA	NA	NA	NA	
1902-02-10	19	NA	NA	NA	NA	
1902-02-10	20	53	NA	NA	30.02	
1902-02-10	21	NA	NA	NA	NA	
1902-02-10	22	NA	NA	NA	NA	
1902-02-10	23	NA	NA	NA	NA	
1902-02-10	24	51	NA	NA	30.03	
1902-02-11	 1	NA	NA	NA	NA	
1902-02-11	 2	NA	NA	NA	NA	
1902-02-11	 3	NA	NA	NA	NA	
1902-02-11	 4	49	NA	NA	30.04	
1902-02-11	 5	NA	NA	NA	NA	
1902-02-11	 6	NA	NA	NA	NA	
1902-02-11	 7	NA	NA	NA	NA	
1902-02-11	 8	49	NA	NA	30.08	
1902-02-11	 9	NA	NA	NA	NA	
1902-02-11	10	NA	NA	NA	NA	
1902-02-11	11	NA	NA	NA	NA	
1902-02-11	12	56	NA	NA	30.10	
1902-02-11	13	NA	NA	NA	NA	
1902-02-11	14	NA	NA	NA	NA	
1902-02-11	15	NA	NA	NA	NA	
1902-02-11	16	60	NA	NA	30.10	
1902-02-11	17	NA	NA	NA	NA	
1902-02-11	18	NA	NA	NA	NA	
1902-02-11	19	NA	NA	NA	NA	
1902-02-11	20	54	NA	NA	30.15	
1902-02-11	21	NA	NA	NA	NA	
1902-02-11	22	NA	NA	NA	NA	
1902-02-11	23	NA	NA	NA	NA	
1902-02-11	24	49	NA	NA	30.16	
1902-02-12	 1	NA	NA	NA	NA	
1902-02-12	 2	NA	NA	NA	NA	
1902-02-12	 3	NA	NA	NA	NA	
1902-02-12	 4	49	NA	NA	30.14	
1902-02-12	 5	NA	NA	NA	NA	
1902-02-12	 6	NA	NA	NA	NA	
1902-02-12	 7	NA	NA	NA	NA	
1902-02-12	 8	51	NA	NA	30.19	
1902-02-12	 9	NA	NA	NA	NA	
1902-02-12	10	NA	NA	NA	NA	
1902-02-12	11	NA	NA	NA	NA	
1902-02-12	12	57	NA	NA	30.18	
1902-02-12	13	NA	NA	NA	NA	
1902-02-12	14	NA	NA	NA	NA	
1902-02-12	15	NA	NA	NA	NA	
1902-02-12	16	56	NA	NA	30.14	
1902-02-12	17	NA	NA	NA	NA	
1902-02-12	18	NA	NA	NA	NA	
1902-02-12	19	NA	NA	NA	NA	
1902-02-12	20	52	NA	NA	30.13	
1902-02-12	21	NA	NA	NA	NA	
1902-02-12	22	NA	NA	NA	NA	
1902-02-12	23	NA	NA	NA	NA	
1902-02-12	24	54	NA	NA	30.10	
1902-02-13	 1	NA	NA	NA	NA	
1902-02-13	 2	NA	NA	NA	NA	
1902-02-13	 3	NA	NA	NA	NA	
1902-02-13	 4	54	NA	NA	30.11	
1902-02-13	 5	NA	NA	NA	NA	
1902-02-13	 6	NA	NA	NA	NA	
1902-02-13	 7	NA	NA	NA	NA	
1902-02-13	 8	48	NA	NA	30.12	
1902-02-13	 9	NA	NA	NA	NA	
1902-02-13	10	NA	NA	NA	NA	
1902-02-13	11	NA	NA	NA	NA	
1902-02-13	12	55	NA	NA	30.16	
1902-02-13	13	NA	NA	NA	NA	
1902-02-13	14	NA	NA	NA	NA	
1902-02-13	15	NA	NA	NA	NA	
1902-02-13	16	57	NA	NA	30.10	
1902-02-13	17	NA	NA	NA	NA	
1902-02-13	18	NA	NA	NA	NA	
1902-02-13	19	NA	NA	NA	NA	
1902-02-13	20	52	NA	NA	30.12	
1902-02-13	21	NA	NA	NA	NA	
1902-02-13	22	NA	NA	NA	NA	
1902-02-13	23	NA	NA	NA	NA	
1902-02-13	24	50	NA	NA	30.11	
1902-02-14	 1	NA	NA	NA	NA	
1902-02-14	 2	NA	NA	NA	NA	
1902-02-14	 3	NA	NA	NA	NA	
1902-02-14	 4	58	NA	NA	30.15	
1902-02-14	 5	NA	NA	NA	NA	
1902-02-14	 6	NA	NA	NA	NA	
1902-02-14	 7	NA	NA	NA	NA	
1902-02-14	 8	53	NA	NA	30.22	
1902-02-14	 9	NA	NA	NA	NA	
1902-02-14	10	NA	NA	NA	NA	
1902-02-14	11	NA	NA	NA	NA	
1902-02-14	12	57	NA	NA	30.22	
1902-02-14	13	NA	NA	NA	NA	
1902-02-14	14	NA	NA	NA	NA	
1902-02-14	15	NA	NA	NA	NA	
1902-02-14	16	57	NA	NA	30.18	
1902-02-14	17	NA	NA	NA	NA	
1902-02-14	18	NA	NA	NA	NA	
1902-02-14	19	NA	NA	NA	NA	
1902-02-14	20	57	NA	NA	30.16	
1902-02-14	21	NA	NA	NA	NA	
1902-02-14	22	NA	NA	NA	NA	
1902-02-14	23	NA	NA	NA	NA	
1902-02-14	24	58	NA	NA	30.16	
1902-02-15	 1	NA	NA	NA	NA	
1902-02-15	 2	NA	NA	NA	NA	
1902-02-15	 3	NA	NA	NA	NA	
1902-02-15	 4	58	NA	NA	30.16	
1902-02-15	 5	NA	NA	NA	NA	
1902-02-15	 6	NA	NA	NA	NA	
1902-02-15	 7	NA	NA	NA	NA	
1902-02-15	 8	56	NA	NA	30.20	
1902-02-15	 9	NA	NA	NA	NA	
1902-02-15	10	NA	NA	NA	NA	
1902-02-15	11	NA	NA	NA	NA	
1902-02-15	12	58	NA	NA	30.25	
1902-02-15	13	NA	NA	NA	NA	
1902-02-15	14	NA	NA	NA	NA	
1902-02-15	15	NA	NA	NA	NA	
1902-02-15	16	60	NA	NA	30.24	
1902-02-15	17	NA	NA	NA	NA	
1902-02-15	18	NA	NA	NA	NA	
1902-02-15	19	NA	NA	NA	NA	
1902-02-15	20	57	NA	NA	30.24	
1902-02-15	21	NA	NA	NA	NA	
1902-02-15	22	NA	NA	NA	NA	
1902-02-15	23	NA	NA	NA	NA	
1902-02-15	24	56	NA	NA	30.22	
1902-02-16	 1	NA	NA	NA	NA	
1902-02-16	 2	NA	NA	NA	NA	
1902-02-16	 3	NA	NA	NA	NA	
1902-02-16	 4	56	NA	NA	30.18	
1902-02-16	 5	NA	NA	NA	NA	
1902-02-16	 6	NA	NA	NA	NA	
1902-02-16	 7	NA	NA	NA	NA	
1902-02-16	 8	55	NA	NA	30.12	
1902-02-16	 9	NA	NA	NA	NA	
1902-02-16	10	NA	NA	NA	NA	
1902-02-16	11	NA	NA	NA	NA	
1902-02-16	12	55	NA	NA	30.13	
1902-02-16	13	NA	NA	NA	NA	
1902-02-16	14	NA	NA	NA	NA	
1902-02-16	15	NA	NA	NA	NA	
1902-02-16	16	55	NA	NA	30.12	
1902-02-16	17	NA	NA	NA	NA	
1902-02-16	18	NA	NA	NA	NA	
1902-02-16	19	NA	NA	NA	NA	
1902-02-16	20	53	NA	NA	30.10	
1902-02-16	21	NA	NA	NA	NA	
1902-02-16	22	NA	NA	NA	NA	
1902-02-16	23	NA	NA	NA	NA	
1902-02-16	24	50	NA	NA	30.08	
1902-02-17	 1	NA	NA	NA	NA	
1902-02-17	 2	NA	NA	NA	NA	
1902-02-17	 3	NA	NA	NA	NA	
1902-02-17	 4	53	NA	NA	30.06	
1902-02-17	 5	NA	NA	NA	NA	
1902-02-17	 6	NA	NA	NA	NA	
1902-02-17	 7	NA	NA	NA	NA	
1902-02-17	 8	53	NA	NA	30.10	
1902-02-17	 9	NA	NA	NA	NA	
1902-02-17	10	NA	NA	NA	NA	
1902-02-17	11	NA	NA	NA	NA	
1902-02-17	12	55	NA	NA	30.12	
1902-02-17	13	NA	NA	NA	NA	
1902-02-17	14	NA	NA	NA	NA	
1902-02-17	15	NA	NA	NA	NA	
1902-02-17	16	55	NA	NA	30.13	
1902-02-17	17	NA	NA	NA	NA	
1902-02-17	18	NA	NA	NA	NA	
1902-02-17	19	NA	NA	NA	NA	
1902-02-17	20	52	NA	NA	30.14	
1902-02-17	21	NA	NA	NA	NA	
1902-02-17	22	NA	NA	NA	NA	
1902-02-17	23	NA	NA	NA	NA	
1902-02-17	24	49	NA	NA	30.15	
1902-02-18	 1	NA	NA	NA	NA	
1902-02-18	 2	NA	NA	NA	NA	
1902-02-18	 3	NA	NA	NA	NA	
1902-02-18	 4	46	NA	NA	30.11	
1902-02-18	 5	NA	NA	NA	NA	
1902-02-18	 6	NA	NA	NA	NA	
1902-02-18	 7	NA	NA	NA	NA	
1902-02-18	 8	47	NA	NA	30.12	
1902-02-18	 9	NA	NA	NA	NA	
1902-02-18	10	NA	NA	NA	NA	
1902-02-18	11	NA	NA	NA	NA	
1902-02-18	12	52	NA	NA	30.14	
1902-02-18	13	NA	NA	NA	NA	
1902-02-18	14	NA	NA	NA	NA	
1902-02-18	15	NA	NA	NA	NA	
1902-02-18	16	54	NA	NA	30.07	
1902-02-18	17	NA	NA	NA	NA	
1902-02-18	18	NA	NA	NA	NA	
1902-02-18	19	NA	NA	NA	NA	
1902-02-18	20	54	NA	NA	30.08	
1902-02-18	21	NA	NA	NA	NA	
1902-02-18	22	NA	NA	NA	NA	
1902-02-18	23	NA	NA	NA	NA	
1902-02-18	24	52	NA	NA	30.08	
1902-02-19	 1	NA	NA	NA	NA	
1902-02-19	 2	NA	NA	NA	NA	
1902-02-19	 3	NA	NA	NA	NA	
1902-02-19	 4	50	NA	NA	30.08	
1902-02-19	 5	NA	NA	NA	NA	
1902-02-19	 6	NA	NA	NA	NA	
1902-02-19	 7	NA	NA	NA	NA	
1902-02-19	 8	50	NA	NA	30.06	
1902-02-19	 9	NA	NA	NA	NA	
1902-02-19	10	NA	NA	NA	NA	
1902-02-19	11	NA	NA	NA	NA	
1902-02-19	12	57	NA	NA	30.06	
1902-02-19	13	NA	NA	NA	NA	
1902-02-19	14	NA	NA	NA	NA	
1902-02-19	15	NA	NA	NA	NA	
1902-02-19	16	65	NA	NA	30.04	
1902-02-19	17	NA	NA	NA	NA	
1902-02-19	18	NA	NA	NA	NA	
1902-02-19	19	NA	NA	NA	NA	
1902-02-19	20	55	NA	NA	30.02	
1902-02-19	21	NA	NA	NA	NA	
1902-02-19	22	NA	NA	NA	NA	
1902-02-19	23	NA	NA	NA	NA	
1902-02-19	24	56	NA	NA	30.02	
1902-02-20	 1	NA	NA	NA	NA	
1902-02-20	 2	NA	NA	NA	NA	
1902-02-20	 3	NA	NA	NA	NA	
1902-02-20	 4	56	NA	NA	30.00	
1902-02-20	 5	NA	NA	NA	NA	
1902-02-20	 6	NA	NA	NA	NA	
1902-02-20	 7	NA	NA	NA	NA	
1902-02-20	 8	54	NA	NA	30.04	
1902-02-20	 9	NA	NA	NA	NA	
1902-02-20	10	NA	NA	NA	NA	
1902-02-20	11	NA	NA	NA	NA	
1902-02-20	12	53	NA	NA	30.08	
1902-02-20	13	NA	NA	NA	NA	
1902-02-20	14	NA	NA	NA	NA	
1902-02-20	15	NA	NA	NA	NA	
1902-02-20	16	55	NA	NA	30.05	
1902-02-20	17	NA	NA	NA	NA	
1902-02-20	18	NA	NA	NA	NA	
1902-02-20	19	NA	NA	NA	NA	
1902-02-20	20	56	NA	NA	30.04	
1902-02-20	21	NA	NA	NA	NA	
1902-02-20	22	NA	NA	NA	NA	
1902-02-20	23	NA	NA	NA	NA	
1902-02-20	24	57	NA	NA	30.05	
1902-02-21	 1	NA	NA	NA	NA	
1902-02-21	 2	NA	NA	NA	NA	
1902-02-21	 3	NA	NA	NA	NA	
1902-02-21	 4	55	NA	NA	29.92	
1902-02-21	 5	NA	NA	NA	NA	
1902-02-21	 6	NA	NA	NA	NA	
1902-02-21	 7	NA	NA	NA	NA	
1902-02-21	 8	55	NA	NA	29.85	
1902-02-21	 9	NA	NA	NA	NA	
1902-02-21	10	NA	NA	NA	NA	
1902-02-21	11	NA	NA	NA	NA	
1902-02-21	12	55	NA	NA	29.76	
1902-02-21	13	NA	NA	NA	NA	
1902-02-21	14	NA	NA	NA	NA	
1902-02-21	15	NA	NA	NA	NA	
1902-02-21	16	56	NA	NA	29.64	
1902-02-21	17	NA	NA	NA	NA	
1902-02-21	18	NA	NA	NA	NA	
1902-02-21	19	NA	NA	NA	NA	
1902-02-21	20	53	NA	NA	29.65	
1902-02-21	21	NA	NA	NA	NA	
1902-02-21	22	NA	NA	NA	NA	
1902-02-21	23	NA	NA	NA	NA	
1902-02-21	24	50	NA	NA	29.70	
1902-02-22	 1	NA	NA	NA	NA	
1902-02-22	 2	NA	NA	NA	NA	
1902-02-22	 3	NA	NA	NA	NA	
1902-02-22	 4	50	NA	NA	29.78	
1902-02-22	 5	NA	NA	NA	NA	
1902-02-22	 6	NA	NA	NA	NA	
1902-02-22	 7	NA	NA	NA	NA	
1902-02-22	 8	50	NA	NA	29.84	
1902-02-22	 9	NA	NA	NA	NA	
1902-02-22	10	NA	NA	NA	NA	
1902-02-22	11	NA	NA	NA	NA	
1902-02-22	12	55	NA	NA	29.92	
1902-02-22	13	NA	NA	NA	NA	
1902-02-22	14	NA	NA	NA	NA	
1902-02-22	15	NA	NA	NA	NA	
1902-02-22	16	64	NA	NA	29.95	
1902-02-22	17	NA	NA	NA	NA	
1902-02-22	18	NA	NA	NA	NA	
1902-02-22	19	NA	NA	NA	NA	
1902-02-22	20	55	NA	NA	29.99	
1902-02-22	21	NA	NA	NA	NA	
1902-02-22	22	NA	NA	NA	NA	
1902-02-22	23	NA	NA	NA	NA	
1902-02-22	24	54	NA	NA	30.02	
1902-02-23	 1	NA	NA	NA	NA	
1902-02-23	 2	NA	NA	NA	NA	
1902-02-23	 3	NA	NA	NA	NA	
1902-02-23	 4	54	NA	NA	29.99	
1902-02-23	 5	NA	NA	NA	NA	
1902-02-23	 6	NA	NA	NA	NA	
1902-02-23	 7	NA	NA	NA	NA	
1902-02-23	 8	54	NA	NA	29.96	
1902-02-23	 9	NA	NA	NA	NA	
1902-02-23	10	NA	NA	NA	NA	
1902-02-23	11	NA	NA	NA	NA	
1902-02-23	12	55	NA	NA	29.90	
1902-02-23	13	NA	NA	NA	NA	
1902-02-23	14	NA	NA	NA	NA	
1902-02-23	15	NA	NA	NA	NA	
1902-02-23	16	55	NA	NA	29.85	
1902-02-23	17	NA	NA	NA	NA	
1902-02-23	18	NA	NA	NA	NA	
1902-02-23	19	NA	NA	NA	NA	
1902-02-23	20	53	NA	NA	29.85	
1902-02-23	21	NA	NA	NA	NA	
1902-02-23	22	NA	NA	NA	NA	
1902-02-23	23	NA	NA	NA	NA	
1902-02-23	24	53	NA	NA	29.85	
1902-02-24	 1	NA	NA	NA	NA	
1902-02-24	 2	NA	NA	NA	NA	
1902-02-24	 3	NA	NA	NA	NA	
1902-02-24	 4	54	NA	NA	29.76	
1902-02-24	 5	NA	NA	NA	NA	
1902-02-24	 6	NA	NA	NA	NA	
1902-02-24	 7	NA	NA	NA	NA	
1902-02-24	 8	55	NA	NA	29.79	
1902-02-24	 9	NA	NA	NA	NA	
1902-02-24	10	NA	NA	NA	NA	
1902-02-24	11	NA	NA	NA	NA	
1902-02-24	12	55	NA	NA	29.77	
1902-02-24	13	NA	NA	NA	NA	
1902-02-24	14	NA	NA	NA	NA	
1902-02-24	15	NA	NA	NA	NA	
1902-02-24	16	57	NA	NA	29.79	
1902-02-24	17	NA	NA	NA	NA	
1902-02-24	18	NA	NA	NA	NA	
1902-02-24	19	NA	NA	NA	NA	
1902-02-24	20	54	NA	NA	29.84	
1902-02-24	21	NA	NA	NA	NA	
1902-02-24	22	NA	NA	NA	NA	
1902-02-24	23	NA	NA	NA	NA	
1902-02-24	24	55	NA	NA	29.85	
1902-02-25	 1	NA	NA	NA	NA	
1902-02-25	 2	NA	NA	NA	NA	
1902-02-25	 3	NA	NA	NA	NA	
1902-02-25	 4	54	NA	NA	29.79	
1902-02-25	 5	NA	NA	NA	NA	
1902-02-25	 6	NA	NA	NA	NA	
1902-02-25	 7	NA	NA	NA	NA	
1902-02-25	 8	53	NA	NA	29.55	
1902-02-25	 9	NA	NA	NA	NA	
1902-02-25	10	NA	NA	NA	NA	
1902-02-25	11	NA	NA	NA	NA	
1902-02-25	12	56	NA	NA	29.53	
1902-02-25	13	NA	NA	NA	NA	
1902-02-25	14	NA	NA	NA	NA	
1902-02-25	15	NA	NA	NA	NA	
1902-02-25	16	60	NA	NA	29.60	
1902-02-25	17	NA	NA	NA	NA	
1902-02-25	18	NA	NA	NA	NA	
1902-02-25	19	NA	NA	NA	NA	
1902-02-25	20	56	NA	NA	29.60	
1902-02-25	21	NA	NA	NA	NA	
1902-02-25	22	NA	NA	NA	NA	
1902-02-25	23	NA	NA	NA	NA	
1902-02-25	24	55	NA	NA	29.62	
1902-02-26	 1	NA	NA	NA	NA	
1902-02-26	 2	NA	NA	NA	NA	
1902-02-26	 3	NA	NA	NA	NA	
1902-02-26	 4	52	NA	NA	29.71	
1902-02-26	 5	NA	NA	NA	NA	
1902-02-26	 6	NA	NA	NA	NA	
1902-02-26	 7	NA	NA	NA	NA	
1902-02-26	 8	53	NA	NA	29.85	
1902-02-26	 9	NA	NA	NA	NA	
1902-02-26	10	NA	NA	NA	NA	
1902-02-26	11	NA	NA	NA	NA	
1902-02-26	12	59	NA	NA	29.94	
1902-02-26	13	NA	NA	NA	NA	
1902-02-26	14	NA	NA	NA	NA	
1902-02-26	15	NA	NA	NA	NA	
1902-02-26	16	57	NA	NA	29.94	
1902-02-26	17	NA	NA	NA	NA	
1902-02-26	18	NA	NA	NA	NA	
1902-02-26	19	NA	NA	NA	NA	
1902-02-26	20	56	NA	NA	29.92	
1902-02-26	21	NA	NA	NA	NA	
1902-02-26	22	NA	NA	NA	NA	
1902-02-26	23	NA	NA	NA	NA	
1902-02-26	24	56	NA	NA	29.94	
1902-02-27	 1	NA	NA	NA	NA	
1902-02-27	 2	NA	NA	NA	NA	
1902-02-27	 3	NA	NA	NA	NA	
1902-02-27	 4	56	NA	NA	29.88	
1902-02-27	 5	NA	NA	NA	NA	
1902-02-27	 6	NA	NA	NA	NA	
1902-02-27	 7	NA	NA	NA	NA	
1902-02-27	 8	55	NA	NA	29.89	
1902-02-27	 9	NA	NA	NA	NA	
1902-02-27	10	NA	NA	NA	NA	
1902-02-27	11	NA	NA	NA	NA	
1902-02-27	12	55	NA	NA	29.92	
1902-02-27	13	NA	NA	NA	NA	
1902-02-27	14	NA	NA	NA	NA	
1902-02-27	15	NA	NA	NA	NA	
1902-02-27	16	56	NA	NA	29.95	
1902-02-27	17	NA	NA	NA	NA	
1902-02-27	18	NA	NA	NA	NA	
1902-02-27	19	NA	NA	NA	NA	
1902-02-27	20	53	NA	NA	29.98	
1902-02-27	21	NA	NA	NA	NA	
1902-02-27	22	NA	NA	NA	NA	
1902-02-27	23	NA	NA	NA	NA	
1902-02-27	24	52	NA	NA	30.02	
1902-02-28	 1	NA	NA	NA	NA	
1902-02-28	 2	NA	NA	NA	NA	
1902-02-28	 3	NA	NA	NA	NA	
1902-02-28	 4	50	NA	NA	30.00	
1902-02-28	 5	NA	NA	NA	NA	
1902-02-28	 6	NA	NA	NA	NA	
1902-02-28	 7	NA	NA	NA	NA	
1902-02-28	 8	50	NA	NA	30.05	
1902-02-28	 9	NA	NA	NA	NA	
1902-02-28	10	NA	NA	NA	NA	
1902-02-28	11	NA	NA	NA	NA	
1902-02-28	12	54	NA	NA	30.09	
1902-02-28	13	NA	NA	NA	NA	
1902-02-28	14	NA	NA	NA	NA	
1902-02-28	15	NA	NA	NA	NA	
1902-02-28	16	55	NA	NA	30.04	
1902-02-28	17	NA	NA	NA	NA	
1902-02-28	18	NA	NA	NA	NA	
1902-02-28	19	NA	NA	NA	NA	
1902-02-28	20	51	NA	NA	30.02	
1902-02-28	21	NA	NA	NA	NA	
1902-02-28	22	NA	NA	NA	NA	
1902-02-28	23	NA	NA	NA	NA	
1902-02-28	24	47	NA	NA	30.01	
1902-03-01	 1	NA	NA	NA	NA	
1902-03-01	 2	NA	NA	NA	NA	
1902-03-01	 3	NA	NA	NA	NA	
1902-03-01	 4	51	NA	NA	29.92	
1902-03-01	 5	NA	NA	NA	NA	
1902-03-01	 6	NA	NA	NA	NA	
1902-03-01	 7	NA	NA	NA	NA	
1902-03-01	 8	50	NA	NA	29.88	
1902-03-01	 9	NA	NA	NA	NA	
1902-03-01	10	NA	NA	NA	NA	
1902-03-01	11	NA	NA	NA	NA	
1902-03-01	12	52	NA	NA	29.80	
1902-03-01	13	NA	NA	NA	NA	
1902-03-01	14	NA	NA	NA	NA	
1902-03-01	15	NA	NA	NA	NA	
1902-03-01	16	52	NA	NA	29.45	
1902-03-01	17	NA	NA	NA	NA	
1902-03-01	18	NA	NA	NA	NA	
1902-03-01	19	NA	NA	NA	NA	
1902-03-01	20	54	NA	NA	29.37	
1902-03-01	21	NA	NA	NA	NA	
1902-03-01	22	NA	NA	NA	NA	
1902-03-01	23	NA	NA	NA	NA	
1902-03-01	24	49	NA	NA	29.70	
1902-03-02	 1	NA	NA	NA	NA	
1902-03-02	 2	NA	NA	NA	NA	
1902-03-02	 3	NA	NA	NA	NA	
1902-03-02	 4	48	NA	NA	29.78	
1902-03-02	 5	NA	NA	NA	NA	
1902-03-02	 6	NA	NA	NA	NA	
1902-03-02	 7	NA	NA	NA	NA	
1902-03-02	 8	47	NA	NA	29.92	
1902-03-02	 9	NA	NA	NA	NA	
1902-03-02	10	NA	NA	NA	NA	
1902-03-02	11	NA	NA	NA	NA	
1902-03-02	12	52	NA	NA	30.06	
1902-03-02	13	NA	NA	NA	NA	
1902-03-02	14	NA	NA	NA	NA	
1902-03-02	15	NA	NA	NA	NA	
1902-03-02	16	50	NA	NA	30.06	
1902-03-02	17	NA	NA	NA	NA	
1902-03-02	18	NA	NA	NA	NA	
1902-03-02	19	NA	NA	NA	NA	
1902-03-02	20	49	NA	NA	30.10	
1902-03-02	21	NA	NA	NA	NA	
1902-03-02	22	NA	NA	NA	NA	
1902-03-02	23	NA	NA	NA	NA	
1902-03-02	24	45	NA	NA	30.16	
1902-03-03	 1	NA	NA	NA	NA	
1902-03-03	 2	NA	NA	NA	NA	
1902-03-03	 3	NA	NA	NA	NA	
1902-03-03	 4	43	NA	NA	30.22	
1902-03-03	 5	NA	NA	NA	NA	
1902-03-03	 6	NA	NA	NA	NA	
1902-03-03	 7	NA	NA	NA	NA	
1902-03-03	 8	43	NA	NA	30.28	
1902-03-03	 9	NA	NA	NA	NA	
1902-03-03	10	NA	NA	NA	NA	
1902-03-03	11	NA	NA	NA	NA	
1902-03-03	12	49	NA	NA	30.29	
1902-03-03	13	NA	NA	NA	NA	
1902-03-03	14	NA	NA	NA	NA	
1902-03-03	15	NA	NA	NA	NA	
1902-03-03	16	53	NA	NA	30.42	
1902-03-03	17	NA	NA	NA	NA	
1902-03-03	18	NA	NA	NA	NA	
1902-03-03	19	NA	NA	NA	NA	
1902-03-03	20	47	NA	NA	30.41	
1902-03-03	21	NA	NA	NA	NA	
1902-03-03	22	NA	NA	NA	NA	
1902-03-03	23	NA	NA	NA	NA	
1902-03-03	24	43	NA	NA	30.44	
1902-03-04	 1	NA	NA	NA	NA	
1902-03-04	 2	NA	NA	NA	NA	
1902-03-04	 3	NA	NA	NA	NA	
1902-03-04	 4	47	NA	NA	30.42	
1902-03-04	 5	NA	NA	NA	NA	
1902-03-04	 6	NA	NA	NA	NA	
1902-03-04	 7	NA	NA	NA	NA	
1902-03-04	 8	47	NA	NA	30.40	
1902-03-04	 9	NA	NA	NA	NA	
1902-03-04	10	NA	NA	NA	NA	
1902-03-04	11	NA	NA	NA	NA	
1902-03-04	12	50	NA	NA	30.36	
1902-03-04	13	NA	NA	NA	NA	
1902-03-04	14	NA	NA	NA	NA	
1902-03-04	15	NA	NA	NA	NA	
1902-03-04	16	56	NA	NA	30.23	
1902-03-04	17	NA	NA	NA	NA	
1902-03-04	18	NA	NA	NA	NA	
1902-03-04	19	NA	NA	NA	NA	
1902-03-04	20	50	NA	NA	30.16	
1902-03-04	21	NA	NA	NA	NA	
1902-03-04	22	NA	NA	NA	NA	
1902-03-04	23	NA	NA	NA	NA	
1902-03-04	24	48	NA	NA	30.11	
1902-03-05	 1	NA	NA	NA	NA	
1902-03-05	 2	NA	NA	NA	NA	
1902-03-05	 3	NA	NA	NA	NA	
1902-03-05	 4	46	NA	NA	29.99	
1902-03-05	 5	NA	NA	NA	NA	
1902-03-05	 6	NA	NA	NA	NA	
1902-03-05	 7	NA	NA	NA	NA	
1902-03-05	 8	46	NA	NA	29.90	
1902-03-05	 9	NA	NA	NA	NA	
1902-03-05	10	NA	NA	NA	NA	
1902-03-05	11	NA	NA	NA	NA	
1902-03-05	12	50	NA	NA	29.82	
1902-03-05	13	NA	NA	NA	NA	
1902-03-05	14	NA	NA	NA	NA	
1902-03-05	15	NA	NA	NA	NA	
1902-03-05	16	53	NA	NA	29.65	
1902-03-05	17	NA	NA	NA	NA	
1902-03-05	18	NA	NA	NA	NA	
1902-03-05	19	NA	NA	NA	NA	
1902-03-05	20	48	NA	NA	29.61	
1902-03-05	21	NA	NA	NA	NA	
1902-03-05	22	NA	NA	NA	NA	
1902-03-05	23	NA	NA	NA	NA	
1902-03-05	24	49	NA	NA	29.65	
1902-03-06	 1	NA	NA	NA	NA	
1902-03-06	 2	NA	NA	NA	NA	
1902-03-06	 3	NA	NA	NA	NA	
1902-03-06	 4	47	NA	NA	29.70	
1902-03-06	 5	NA	NA	NA	NA	
1902-03-06	 6	NA	NA	NA	NA	
1902-03-06	 7	NA	NA	NA	NA	
1902-03-06	 8	49	NA	NA	29.79	
1902-03-06	 9	NA	NA	NA	NA	
1902-03-06	10	NA	NA	NA	NA	
1902-03-06	11	NA	NA	NA	NA	
1902-03-06	12	54	NA	NA	29.98	
1902-03-06	13	NA	NA	NA	NA	
1902-03-06	14	NA	NA	NA	NA	
1902-03-06	15	NA	NA	NA	NA	
1902-03-06	16	57	NA	NA	30.01	
1902-03-06	17	NA	NA	NA	NA	
1902-03-06	18	NA	NA	NA	NA	
1902-03-06	19	NA	NA	NA	NA	
1902-03-06	20	57	NA	NA	30.07	
1902-03-06	21	NA	NA	NA	NA	
1902-03-06	22	NA	NA	NA	NA	
1902-03-06	23	NA	NA	NA	NA	
1902-03-06	24	50	NA	NA	30.08	
1902-03-07	 1	NA	NA	NA	NA	
1902-03-07	 2	NA	NA	NA	NA	
1902-03-07	 3	NA	NA	NA	NA	
1902-03-07	 4	50	NA	NA	30.04	
1902-03-07	 5	NA	NA	NA	NA	
1902-03-07	 6	NA	NA	NA	NA	
1902-03-07	 7	NA	NA	NA	NA	
1902-03-07	 8	49	NA	NA	30.04	
1902-03-07	 9	NA	NA	NA	NA	
1902-03-07	10	NA	NA	NA	NA	
1902-03-07	11	NA	NA	NA	NA	
1902-03-07	12	47	NA	NA	30.04	
1902-03-07	13	NA	NA	NA	NA	
1902-03-07	14	NA	NA	NA	NA	
1902-03-07	15	NA	NA	NA	NA	
1902-03-07	16	59	NA	NA	29.98	
1902-03-07	17	NA	NA	NA	NA	
1902-03-07	18	NA	NA	NA	NA	
1902-03-07	19	NA	NA	NA	NA	
1902-03-07	20	55	NA	NA	29.93	
1902-03-07	21	NA	NA	NA	NA	
1902-03-07	22	NA	NA	NA	NA	
1902-03-07	23	NA	NA	NA	NA	
1902-03-07	24	55	NA	NA	29.87	
1902-03-08	 1	NA	NA	NA	NA	
1902-03-08	 2	NA	NA	NA	NA	
1902-03-08	 3	NA	NA	NA	NA	
1902-03-08	 4	55	NA	NA	29.82	
1902-03-08	 5	NA	NA	NA	NA	
1902-03-08	 6	NA	NA	NA	NA	
1902-03-08	 7	NA	NA	NA	NA	
1902-03-08	 8	56	NA	NA	29.89	
1902-03-08	 9	NA	NA	NA	NA	
1902-03-08	10	NA	NA	NA	NA	
1902-03-08	11	NA	NA	NA	NA	
1902-03-08	12	59	NA	NA	29.94	
1902-03-08	13	NA	NA	NA	NA	
1902-03-08	14	NA	NA	NA	NA	
1902-03-08	15	NA	NA	NA	NA	
1902-03-08	16	55	NA	NA	29.92	
1902-03-08	17	NA	NA	NA	NA	
1902-03-08	18	NA	NA	NA	NA	
1902-03-08	19	NA	NA	NA	NA	
1902-03-08	20	49	NA	NA	29.92	
1902-03-08	21	NA	NA	NA	NA	
1902-03-08	22	NA	NA	NA	NA	
1902-03-08	23	NA	NA	NA	NA	
1902-03-08	24	47	NA	NA	29.93	
1902-03-09	 1	NA	NA	NA	NA	
1902-03-09	 2	NA	NA	NA	NA	
1902-03-09	 3	NA	NA	NA	NA	
1902-03-09	 4	46	NA	NA	29.96	
1902-03-09	 5	NA	NA	NA	NA	
1902-03-09	 6	NA	NA	NA	NA	
1902-03-09	 7	NA	NA	NA	NA	
1902-03-09	 8	47	NA	NA	30.04	
1902-03-09	 9	NA	NA	NA	NA	
1902-03-09	10	NA	NA	NA	NA	
1902-03-09	11	NA	NA	NA	NA	
1902-03-09	12	54	NA	NA	30.08	
1902-03-09	13	NA	NA	NA	NA	
1902-03-09	14	NA	NA	NA	NA	
1902-03-09	15	NA	NA	NA	NA	
1902-03-09	16	55	NA	NA	30.10	
1902-03-09	17	NA	NA	NA	NA	
1902-03-09	18	NA	NA	NA	NA	
1902-03-09	19	NA	NA	NA	NA	
1902-03-09	20	52	NA	NA	30.15	
1902-03-09	21	NA	NA	NA	NA	
1902-03-09	22	NA	NA	NA	NA	
1902-03-09	23	NA	NA	NA	NA	
1902-03-09	24	49	NA	NA	30.16	
1902-03-10	 1	NA	NA	NA	NA	
1902-03-10	 2	NA	NA	NA	NA	
1902-03-10	 3	NA	NA	NA	NA	
1902-03-10	 4	49	NA	NA	30.17	
1902-03-10	 5	NA	NA	NA	NA	
1902-03-10	 6	NA	NA	NA	NA	
1902-03-10	 7	NA	NA	NA	NA	
1902-03-10	 8	46	NA	NA	30.20	
1902-03-10	 9	NA	NA	NA	NA	
1902-03-10	10	NA	NA	NA	NA	
1902-03-10	11	NA	NA	NA	NA	
1902-03-10	12	52	NA	NA	30.22	
1902-03-10	13	NA	NA	NA	NA	
1902-03-10	14	NA	NA	NA	NA	
1902-03-10	15	NA	NA	NA	NA	
1902-03-10	16	60	NA	NA	30.20	
1902-03-10	17	NA	NA	NA	NA	
1902-03-10	18	NA	NA	NA	NA	
1902-03-10	19	NA	NA	NA	NA	
1902-03-10	20	52	NA	NA	30.20	
1902-03-10	21	NA	NA	NA	NA	
1902-03-10	22	NA	NA	NA	NA	
1902-03-10	23	NA	NA	NA	NA	
1902-03-10	24	48	NA	NA	30.20	
1902-03-11	 1	NA	NA	NA	NA	
1902-03-11	 2	NA	NA	NA	NA	
1902-03-11	 3	NA	NA	NA	NA	
1902-03-11	 4	46	NA	NA	30.17	
1902-03-11	 5	NA	NA	NA	NA	
1902-03-11	 6	NA	NA	NA	NA	
1902-03-11	 7	NA	NA	NA	NA	
1902-03-11	 8	51	NA	NA	30.20	
1902-03-11	 9	NA	NA	NA	NA	
1902-03-11	10	NA	NA	NA	NA	
1902-03-11	11	NA	NA	NA	NA	
1902-03-11	12	55	NA	NA	30.20	
1902-03-11	13	NA	NA	NA	NA	
1902-03-11	14	NA	NA	NA	NA	
1902-03-11	15	NA	NA	NA	NA	
1902-03-11	16	57	NA	NA	30.16	
1902-03-11	17	NA	NA	NA	NA	
1902-03-11	18	NA	NA	NA	NA	
1902-03-11	19	NA	NA	NA	NA	
1902-03-11	20	54	NA	NA	30.16	
1902-03-11	21	NA	NA	NA	NA	
1902-03-11	22	NA	NA	NA	NA	
1902-03-11	23	NA	NA	NA	NA	
1902-03-11	24	52	NA	NA	30.16	
1902-03-12	 1	NA	NA	NA	NA	
1902-03-12	 2	NA	NA	NA	NA	
1902-03-12	 3	NA	NA	NA	NA	
1902-03-12	 4	49	NA	NA	30.16	
1902-03-12	 5	NA	NA	NA	NA	
1902-03-12	 6	NA	NA	NA	NA	
1902-03-12	 7	NA	NA	NA	NA	
1902-03-12	 8	52	NA	NA	30.16	
1902-03-12	 9	NA	NA	NA	NA	
1902-03-12	10	NA	NA	NA	NA	
1902-03-12	11	NA	NA	NA	NA	
1902-03-12	12	57	NA	NA	30.19	
1902-03-12	13	NA	NA	NA	NA	
1902-03-12	14	NA	NA	NA	NA	
1902-03-12	15	NA	NA	NA	NA	
1902-03-12	16	56	NA	NA	30.12	
1902-03-12	17	NA	NA	NA	NA	
1902-03-12	18	NA	NA	NA	NA	
1902-03-12	19	NA	NA	NA	NA	
1902-03-12	20	52	NA	NA	30.18	
1902-03-12	21	NA	NA	NA	NA	
1902-03-12	22	NA	NA	NA	NA	
1902-03-12	23	NA	NA	NA	NA	
1902-03-12	24	50	NA	NA	30.15	
1902-03-13	 1	NA	NA	NA	NA	
1902-03-13	 2	NA	NA	NA	NA	
1902-03-13	 3	NA	NA	NA	NA	
1902-03-13	 4	50	NA	NA	30.00	
1902-03-13	 5	NA	NA	NA	NA	
1902-03-13	 6	NA	NA	NA	NA	
1902-03-13	 7	NA	NA	NA	NA	
1902-03-13	 8	49	NA	NA	30.02	
1902-03-13	 9	NA	NA	NA	NA	
1902-03-13	10	NA	NA	NA	NA	
1902-03-13	11	NA	NA	NA	NA	
1902-03-13	12	51	NA	NA	30.01	
1902-03-13	13	NA	NA	NA	NA	
1902-03-13	14	NA	NA	NA	NA	
1902-03-13	15	NA	NA	NA	NA	
1902-03-13	16	52	NA	NA	30.00	
1902-03-13	17	NA	NA	NA	NA	
1902-03-13	18	NA	NA	NA	NA	
1902-03-13	19	NA	NA	NA	NA	
1902-03-13	20	49	NA	NA	30.00	
1902-03-13	21	NA	NA	NA	NA	
1902-03-13	22	NA	NA	NA	NA	
1902-03-13	23	NA	NA	NA	NA	
1902-03-13	24	NA	NA	47	30.00	
1902-03-14	 1	NA	NA	NA	NA	
1902-03-14	 2	NA	NA	NA	NA	
1902-03-14	 3	NA	NA	NA	NA	
1902-03-14	 4	42	NA	NA	30.04	
1902-03-14	 5	NA	NA	NA	NA	
1902-03-14	 6	NA	NA	NA	NA	
1902-03-14	 7	NA	NA	NA	NA	
1902-03-14	 8	48	NA	NA	30.09	
1902-03-14	 9	NA	NA	NA	NA	
1902-03-14	10	NA	NA	NA	NA	
1902-03-14	11	NA	NA	NA	NA	
1902-03-14	12	54	NA	NA	30.10	
1902-03-14	13	NA	NA	NA	NA	
1902-03-14	14	NA	NA	NA	NA	
1902-03-14	15	NA	NA	NA	NA	
1902-03-14	16	53	NA	NA	30.17	
1902-03-14	17	NA	NA	NA	NA	
1902-03-14	18	NA	NA	NA	NA	
1902-03-14	19	NA	NA	NA	NA	
1902-03-14	20	50	NA	NA	30.17	
1902-03-14	21	NA	NA	NA	NA	
1902-03-14	22	NA	NA	NA	NA	
1902-03-14	23	NA	NA	NA	NA	
1902-03-14	24	42	NA	NA	30.18	
1902-03-15	 1	NA	NA	NA	NA	
1902-03-15	 2	NA	NA	NA	NA	
1902-03-15	 3	NA	NA	NA	NA	
1902-03-15	 4	50	NA	NA	30.18	
1902-03-15	 5	NA	NA	NA	NA	
1902-03-15	 6	NA	NA	NA	NA	
1902-03-15	 7	NA	NA	NA	NA	
1902-03-15	 8	50	NA	NA	30.23	
1902-03-15	 9	NA	NA	NA	NA	
1902-03-15	10	NA	NA	NA	NA	
1902-03-15	11	NA	NA	NA	NA	
1902-03-15	12	54	NA	NA	30.28	
1902-03-15	13	NA	NA	NA	NA	
1902-03-15	14	NA	NA	NA	NA	
1902-03-15	15	NA	NA	NA	NA	
1902-03-15	16	61	NA	NA	30.22	
1902-03-15	17	NA	NA	NA	NA	
1902-03-15	18	NA	NA	NA	NA	
1902-03-15	19	NA	NA	NA	NA	
1902-03-15	20	53	NA	NA	30.22	
1902-03-15	21	NA	NA	NA	NA	
1902-03-15	22	NA	NA	NA	NA	
1902-03-15	23	NA	NA	NA	NA	
1902-03-15	24	49	NA	NA	30.25	
1902-03-16	 1	NA	NA	NA	NA	
1902-03-16	 2	NA	NA	NA	NA	
1902-03-16	 3	NA	NA	NA	NA	
1902-03-16	 4	48	NA	NA	30.22	
1902-03-16	 5	NA	NA	NA	NA	
1902-03-16	 6	NA	NA	NA	NA	
1902-03-16	 7	NA	NA	NA	NA	
1902-03-16	 8	49	NA	NA	30.26	
1902-03-16	 9	NA	NA	NA	NA	
1902-03-16	10	NA	NA	NA	NA	
1902-03-16	11	NA	NA	NA	NA	
1902-03-16	12	53	NA	NA	30.28	
1902-03-16	13	NA	NA	NA	NA	
1902-03-16	14	NA	NA	NA	NA	
1902-03-16	15	NA	NA	NA	NA	
1902-03-16	16	66	NA	NA	30.22	
1902-03-16	17	NA	NA	NA	NA	
1902-03-16	18	NA	NA	NA	NA	
1902-03-16	19	NA	NA	NA	NA	
1902-03-16	20	52	NA	NA	30.21	
1902-03-16	21	NA	NA	NA	NA	
1902-03-16	22	NA	NA	NA	NA	
1902-03-16	23	NA	NA	NA	NA	
1902-03-16	24	48	NA	NA	30.26	
1902-03-17	 1	NA	NA	NA	NA	
1902-03-17	 2	NA	NA	NA	NA	
1902-03-17	 3	NA	NA	NA	NA	
1902-03-17	 4	46	NA	NA	30.18	
1902-03-17	 5	NA	NA	NA	NA	
1902-03-17	 6	NA	NA	NA	NA	
1902-03-17	 7	NA	NA	NA	NA	
1902-03-17	 8	46	NA	NA	30.18	
1902-03-17	 9	NA	NA	NA	NA	
1902-03-17	10	NA	NA	NA	NA	
1902-03-17	11	NA	NA	NA	NA	
1902-03-17	12	52	NA	NA	30.16	
1902-03-17	13	NA	NA	NA	NA	
1902-03-17	14	NA	NA	NA	NA	
1902-03-17	15	NA	NA	NA	NA	
1902-03-17	16	57	NA	NA	30.11	
1902-03-17	17	NA	NA	NA	NA	
1902-03-17	18	NA	NA	NA	NA	
1902-03-17	19	NA	NA	NA	NA	
1902-03-17	20	52	NA	NA	30.05	
1902-03-17	21	NA	NA	NA	NA	
1902-03-17	22	NA	NA	NA	NA	
1902-03-17	23	NA	NA	NA	NA	
1902-03-17	24	47	NA	NA	30.02	
1902-03-18	 1	NA	NA	NA	NA	
1902-03-18	 2	NA	NA	NA	NA	
1902-03-18	 3	NA	NA	NA	NA	
1902-03-18	 4	48	NA	NA	29.94	
1902-03-18	 5	NA	NA	NA	NA	
1902-03-18	 6	NA	NA	NA	NA	
1902-03-18	 7	NA	NA	NA	NA	
1902-03-18	 8	51	NA	NA	29.90	
1902-03-18	 9	NA	NA	NA	NA	
1902-03-18	10	NA	NA	NA	NA	
1902-03-18	11	NA	NA	NA	NA	
1902-03-18	12	54	NA	NA	29.83	
1902-03-18	13	NA	NA	NA	NA	
1902-03-18	14	NA	NA	NA	NA	
1902-03-18	15	NA	NA	NA	NA	
1902-03-18	16	53	NA	NA	29.76	
1902-03-18	17	NA	NA	NA	NA	
1902-03-18	18	NA	NA	NA	NA	
1902-03-18	19	NA	NA	NA	NA	
1902-03-18	20	48	NA	NA	29.76	
1902-03-18	21	NA	NA	NA	NA	
1902-03-18	22	NA	NA	NA	NA	
1902-03-18	23	NA	NA	NA	NA	
1902-03-18	24	49	NA	NA	29.76	
1902-03-19	 1	NA	NA	NA	NA	
1902-03-19	 2	NA	NA	NA	NA	
1902-03-19	 3	NA	NA	NA	NA	
1902-03-19	 4	46	NA	NA	29.80	
1902-03-19	 5	NA	NA	NA	NA	
1902-03-19	 6	NA	NA	NA	NA	
1902-03-19	 7	NA	NA	NA	NA	
1902-03-19	 8	45	NA	NA	29.88	
1902-03-19	 9	NA	NA	NA	NA	
1902-03-19	10	NA	NA	NA	NA	
1902-03-19	11	NA	NA	NA	NA	
1902-03-19	12	51	NA	NA	29.97	
1902-03-19	13	NA	NA	NA	NA	
1902-03-19	14	NA	NA	NA	NA	
1902-03-19	15	NA	NA	NA	NA	
1902-03-19	16	54	NA	NA	29.99	
1902-03-19	17	NA	NA	NA	NA	
1902-03-19	18	NA	NA	NA	NA	
1902-03-19	19	NA	NA	NA	NA	
1902-03-19	20	47	NA	NA	30.00	
1902-03-19	21	NA	NA	NA	NA	
1902-03-19	22	NA	NA	NA	NA	
1902-03-19	23	NA	NA	NA	NA	
1902-03-19	24	45	NA	NA	30.02	
1902-03-20	 1	NA	NA	NA	NA	
1902-03-20	 2	NA	NA	NA	NA	
1902-03-20	 3	NA	NA	NA	NA	
1902-03-20	 4	44	NA	NA	30.02	
1902-03-20	 5	NA	NA	NA	NA	
1902-03-20	 6	NA	NA	NA	NA	
1902-03-20	 7	NA	NA	NA	NA	
1902-03-20	 8	48	NA	NA	30.09	
1902-03-20	 9	NA	NA	NA	NA	
1902-03-20	10	NA	NA	NA	NA	
1902-03-20	11	NA	NA	NA	NA	
1902-03-20	12	54	NA	NA	30.12	
1902-03-20	13	NA	NA	NA	NA	
1902-03-20	14	NA	NA	NA	NA	
1902-03-20	15	NA	NA	NA	NA	
1902-03-20	16	56	NA	NA	30.11	
1902-03-20	17	NA	NA	NA	NA	
1902-03-20	18	NA	NA	NA	NA	
1902-03-20	19	NA	NA	NA	NA	
1902-03-20	20	49	NA	NA	30.12	
1902-03-20	21	NA	NA	NA	NA	
1902-03-20	22	NA	NA	NA	NA	
1902-03-20	23	NA	NA	NA	NA	
1902-03-20	24	47	NA	NA	30.11	
1902-03-21	 1	NA	NA	NA	NA	
1902-03-21	 2	NA	NA	NA	NA	
1902-03-21	 3	NA	NA	NA	NA	
1902-03-21	 4	44	NA	NA	30.08	
1902-03-21	 5	NA	NA	NA	NA	
1902-03-21	 6	NA	NA	NA	NA	
1902-03-21	 7	NA	NA	NA	NA	
1902-03-21	 8	45	NA	NA	30.08	
1902-03-21	 9	NA	NA	NA	NA	
1902-03-21	10	NA	NA	NA	NA	
1902-03-21	11	NA	NA	NA	NA	
1902-03-21	12	52	NA	NA	30.05	
1902-03-21	13	NA	NA	NA	NA	
1902-03-21	14	NA	NA	NA	NA	
1902-03-21	15	NA	NA	NA	NA	
1902-03-21	16	55	NA	NA	30.00	
1902-03-21	17	NA	NA	NA	NA	
1902-03-21	18	NA	NA	NA	NA	
1902-03-21	19	NA	NA	NA	NA	
1902-03-21	20	48	NA	NA	29.94	
1902-03-21	21	NA	NA	NA	NA	
1902-03-21	22	NA	NA	NA	NA	
1902-03-21	23	NA	NA	NA	NA	
1902-03-21	24	46	NA	NA	29.94	
1902-03-22	 1	NA	NA	NA	NA	
1902-03-22	 2	NA	NA	NA	NA	
1902-03-22	 3	NA	NA	NA	NA	
1902-03-22	 4	46	NA	NA	29.91	
1902-03-22	 5	NA	NA	NA	NA	
1902-03-22	 6	NA	NA	NA	NA	
1902-03-22	 7	NA	NA	NA	NA	
1902-03-22	 8	44	NA	NA	29.94	
1902-03-22	 9	NA	NA	NA	NA	
1902-03-22	10	NA	NA	NA	NA	
1902-03-22	11	NA	NA	NA	NA	
1902-03-22	12	52	NA	NA	29.96	
1902-03-22	13	NA	NA	NA	NA	
1902-03-22	14	NA	NA	NA	NA	
1902-03-22	15	NA	NA	NA	NA	
1902-03-22	16	54	NA	NA	29.92	
1902-03-22	17	NA	NA	NA	NA	
1902-03-22	18	NA	NA	NA	NA	
1902-03-22	19	NA	NA	NA	NA	
1902-03-22	20	50	NA	NA	29.90	
1902-03-22	21	NA	NA	NA	NA	
1902-03-22	22	NA	NA	NA	NA	
1902-03-22	23	NA	NA	NA	NA	
1902-03-22	24	50	NA	NA	29.85	
1902-03-23	 1	NA	NA	NA	NA	
1902-03-23	 2	NA	NA	NA	NA	
1902-03-23	 3	NA	NA	NA	NA	
1902-03-23	 4	48	NA	NA	29.74	
1902-03-23	 5	NA	NA	NA	NA	
1902-03-23	 6	NA	NA	NA	NA	
1902-03-23	 7	NA	NA	NA	NA	
1902-03-23	 8	47	NA	NA	29.79	
1902-03-23	 9	NA	NA	NA	NA	
1902-03-23	10	NA	NA	NA	NA	
1902-03-23	11	NA	NA	NA	NA	
1902-03-23	12	50	NA	NA	29.81	
1902-03-23	13	NA	NA	NA	NA	
1902-03-23	14	NA	NA	NA	NA	
1902-03-23	15	NA	NA	NA	NA	
1902-03-23	16	48	NA	NA	29.80	
1902-03-23	17	NA	NA	NA	NA	
1902-03-23	18	NA	NA	NA	NA	
1902-03-23	19	NA	NA	NA	NA	
1902-03-23	20	48	NA	NA	29.78	
1902-03-23	21	NA	NA	NA	NA	
1902-03-23	22	NA	NA	NA	NA	
1902-03-23	23	NA	NA	NA	NA	
1902-03-23	24	48	NA	NA	29.78	
1902-03-24	 1	NA	NA	NA	NA	
1902-03-24	 2	NA	NA	NA	NA	
1902-03-24	 3	NA	NA	NA	NA	
1902-03-24	 4	43	NA	NA	29.78	
1902-03-24	 5	NA	NA	NA	NA	
1902-03-24	 6	NA	NA	NA	NA	
1902-03-24	 7	NA	NA	NA	NA	
1902-03-24	 8	45	NA	NA	29.86	
1902-03-24	 9	NA	NA	NA	NA	
1902-03-24	10	NA	NA	NA	NA	
1902-03-24	11	NA	NA	NA	NA	
1902-03-24	12	54	NA	NA	29.87	
1902-03-24	13	NA	NA	NA	NA	
1902-03-24	14	NA	NA	NA	NA	
1902-03-24	15	NA	NA	NA	NA	
1902-03-24	16	NA	NA	NA	29.87	
1902-03-24	17	NA	NA	NA	NA	
1902-03-24	18	NA	NA	NA	NA	
1902-03-24	19	NA	NA	NA	NA	
1902-03-24	20	51	NA	NA	29.88	
1902-03-24	21	NA	NA	NA	NA	
1902-03-24	22	NA	NA	NA	NA	
1902-03-24	23	NA	NA	NA	NA	
1902-03-24	24	48	NA	NA	29.89	
1902-03-25	 1	NA	NA	NA	NA	
1902-03-25	 2	NA	NA	NA	NA	
1902-03-25	 3	NA	NA	NA	NA	
1902-03-25	 4	49	NA	NA	29.89	
1902-03-25	 5	NA	NA	NA	NA	
1902-03-25	 6	NA	NA	NA	NA	
1902-03-25	 7	NA	NA	NA	NA	
1902-03-25	 8	50	NA	NA	29.91	
1902-03-25	 9	NA	NA	NA	NA	
1902-03-25	10	NA	NA	NA	NA	
1902-03-25	11	NA	NA	NA	NA	
1902-03-25	12	49	NA	NA	29.94	
1902-03-25	13	NA	NA	NA	NA	
1902-03-25	14	NA	NA	NA	NA	
1902-03-25	15	NA	NA	NA	NA	
1902-03-25	16	53	NA	NA	29.92	
1902-03-25	17	NA	NA	NA	NA	
1902-03-25	18	NA	NA	NA	NA	
1902-03-25	19	NA	NA	NA	NA	
1902-03-25	20	49	NA	NA	29.97	
1902-03-25	21	NA	NA	NA	NA	
1902-03-25	22	NA	NA	NA	NA	
1902-03-25	23	NA	NA	NA	NA	
1902-03-25	24	48	NA	NA	29.99	
1902-03-26	 1	NA	NA	NA	NA	
1902-03-26	 2	NA	NA	NA	NA	
1902-03-26	 3	NA	NA	NA	NA	
1902-03-26	 4	43	NA	NA	29.98	
1902-03-26	 5	NA	NA	NA	NA	
1902-03-26	 6	NA	NA	NA	NA	
1902-03-26	 7	NA	NA	NA	NA	
1902-03-26	 8	49	NA	NA	30.03	
1902-03-26	 9	NA	NA	NA	NA	
1902-03-26	10	NA	NA	NA	NA	
1902-03-26	11	NA	NA	NA	NA	
1902-03-26	12	58	NA	NA	30.05	
1902-03-26	13	NA	NA	NA	NA	
1902-03-26	14	NA	NA	NA	NA	
1902-03-26	15	NA	NA	NA	NA	
1902-03-26	16	65	NA	NA	30.03	
1902-03-26	17	NA	NA	NA	NA	
1902-03-26	18	NA	NA	NA	NA	
1902-03-26	19	NA	NA	NA	NA	
1902-03-26	20	64	NA	NA	30.05	
1902-03-26	21	NA	NA	NA	NA	
1902-03-26	22	NA	NA	NA	NA	
1902-03-26	23	NA	NA	NA	NA	
1902-03-26	24	56	NA	NA	30.05	
1902-03-27	 1	NA	NA	NA	NA	
1902-03-27	 2	NA	NA	NA	NA	
1902-03-27	 3	NA	NA	NA	NA	
1902-03-27	 4	53	NA	NA	30.04	
1902-03-27	 5	NA	NA	NA	NA	
1902-03-27	 6	NA	NA	NA	NA	
1902-03-27	 7	NA	NA	NA	NA	
1902-03-27	 8	51	NA	NA	30.08	
1902-03-27	 9	NA	NA	NA	NA	
1902-03-27	10	NA	NA	NA	NA	
1902-03-27	11	NA	NA	NA	NA	
1902-03-27	12	63	NA	NA	30.10	
1902-03-27	13	NA	NA	NA	NA	
1902-03-27	14	NA	NA	NA	NA	
1902-03-27	15	NA	NA	NA	NA	
1902-03-27	16	65	NA	NA	30.06	
1902-03-27	17	NA	NA	NA	NA	
1902-03-27	18	NA	NA	NA	NA	
1902-03-27	19	NA	NA	NA	NA	
1902-03-27	20	62	NA	NA	30.07	
1902-03-27	21	NA	NA	NA	NA	
1902-03-27	22	NA	NA	NA	NA	
1902-03-27	23	NA	NA	NA	NA	
1902-03-27	24	57	NA	NA	30.06	
1902-03-28	 1	NA	NA	NA	NA	
1902-03-28	 2	NA	NA	NA	NA	
1902-03-28	 3	NA	NA	NA	NA	
1902-03-28	 4	55	NA	NA	30.03	
1902-03-28	 5	NA	NA	NA	NA	
1902-03-28	 6	NA	NA	NA	NA	
1902-03-28	 7	NA	NA	NA	NA	
1902-03-28	 8	55	NA	NA	30.06	
1902-03-28	 9	NA	NA	NA	NA	
1902-03-28	10	NA	NA	NA	NA	
1902-03-28	11	NA	NA	NA	NA	
1902-03-28	12	62	NA	NA	30.00	
1902-03-28	13	NA	NA	NA	NA	
1902-03-28	14	NA	NA	NA	NA	
1902-03-28	15	NA	NA	NA	NA	
1902-03-28	16	61	NA	NA	30.02	
1902-03-28	17	NA	NA	NA	NA	
1902-03-28	18	NA	NA	NA	NA	
1902-03-28	19	NA	NA	NA	NA	
1902-03-28	20	61	NA	NA	30.02	
1902-03-28	21	NA	NA	NA	NA	
1902-03-28	22	NA	NA	NA	NA	
1902-03-28	23	NA	NA	NA	NA	
1902-03-28	24	62	NA	NA	30.00	
1902-03-29	 1	NA	NA	NA	NA	
1902-03-29	 2	NA	NA	NA	NA	
1902-03-29	 3	NA	NA	NA	NA	
1902-03-29	 4	46	NA	NA	30.02	
1902-03-29	 5	NA	NA	NA	NA	
1902-03-29	 6	NA	NA	NA	NA	
1902-03-29	 7	NA	NA	NA	NA	
1902-03-29	 8	51	NA	NA	30.09	
1902-03-29	 9	NA	NA	NA	NA	
1902-03-29	10	NA	NA	NA	NA	
1902-03-29	11	NA	NA	NA	NA	
1902-03-29	12	54	NA	NA	30.09	
1902-03-29	13	NA	NA	NA	NA	
1902-03-29	14	NA	NA	NA	NA	
1902-03-29	15	NA	NA	NA	NA	
1902-03-29	16	54	NA	NA	30.04	
1902-03-29	17	NA	NA	NA	NA	
1902-03-29	18	NA	NA	NA	NA	
1902-03-29	19	NA	NA	NA	NA	
1902-03-29	20	54	NA	NA	30.00	
1902-03-29	21	NA	NA	NA	NA	
1902-03-29	22	NA	NA	NA	NA	
1902-03-29	23	NA	NA	NA	NA	
1902-03-29	24	53	NA	NA	30.1	
1902-03-30	 1	NA	NA	NA	NA	
1902-03-30	 2	NA	NA	NA	NA	
1902-03-30	 3	NA	NA	NA	NA	
1902-03-30	 4	46	NA	NA	30.02	
1902-03-30	 5	NA	NA	NA	NA	
1902-03-30	 6	NA	NA	NA	NA	
1902-03-30	 7	NA	NA	NA	NA	
1902-03-30	 8	51	NA	NA	30.04	
1902-03-30	 9	NA	NA	NA	NA	
1902-03-30	10	NA	NA	NA	NA	
1902-03-30	11	NA	NA	NA	NA	
1902-03-30	12	54	NA	NA	30.04	
1902-03-30	13	NA	NA	NA	NA	
1902-03-30	14	NA	NA	NA	NA	
1902-03-30	15	NA	NA	NA	NA	
1902-03-30	16	56	NA	NA	30.05	
1902-03-30	17	NA	NA	NA	NA	
1902-03-30	18	NA	NA	NA	NA	
1902-03-30	19	NA	NA	NA	NA	
1902-03-30	20	54	NA	NA	30.07	
1902-03-30	21	NA	NA	NA	NA	
1902-03-30	22	NA	NA	NA	NA	
1902-03-30	23	NA	NA	NA	NA	
1902-03-30	24	53	NA	NA	30.06	
1902-03-31	 1	NA	NA	NA	NA	
1902-03-31	 2	NA	NA	NA	NA	
1902-03-31	 3	NA	NA	NA	NA	
1902-03-31	 4	46	NA	NA	30.05	
1902-03-31	 5	NA	NA	NA	NA	
1902-03-31	 6	NA	NA	NA	NA	
1902-03-31	 7	NA	NA	NA	NA	
1902-03-31	 8	48	NA	NA	30.03	
1902-03-31	 9	NA	NA	NA	NA	
1902-03-31	10	NA	NA	NA	NA	
1902-03-31	11	NA	NA	NA	NA	
1902-03-31	12	53	NA	NA	30.00	
1902-03-31	13	NA	NA	NA	NA	
1902-03-31	14	NA	NA	NA	NA	
1902-03-31	15	NA	NA	NA	NA	
1902-03-31	16	55	NA	NA	29.94	
1902-03-31	17	NA	NA	NA	NA	
1902-03-31	18	NA	NA	NA	NA	
1902-03-31	19	NA	NA	NA	NA	
1902-03-31	20	50	NA	NA	29.89	
1902-03-31	21	NA	NA	NA	NA	
1902-03-31	22	NA	NA	NA	NA	
1902-03-31	23	NA	NA	NA	NA	
1902-03-31	24	48	NA	NA	29.80	
1902-04-01	 1	NA	NA	NA	NA	
1902-04-01	 2	NA	NA	NA	NA	
1902-04-01	 3	NA	NA	NA	NA	
1902-04-01	 4	55	NA	NA	29.74	
1902-04-01	 5	NA	NA	NA	NA	
1902-04-01	 6	NA	NA	NA	NA	
1902-04-01	 7	NA	NA	NA	NA	
1902-04-01	 8	52	NA	NA	29.71	
1902-04-01	 9	NA	NA	NA	NA	
1902-04-01	10	NA	NA	NA	NA	
1902-04-01	11	NA	NA	NA	NA	
1902-04-01	12	50	NA	NA	29.72	
1902-04-01	13	NA	NA	NA	NA	
1902-04-01	14	NA	NA	NA	NA	
1902-04-01	15	NA	NA	NA	NA	
1902-04-01	16	55	NA	NA	29.82	
1902-04-01	17	NA	NA	NA	NA	
1902-04-01	18	NA	NA	NA	NA	
1902-04-01	19	NA	NA	NA	NA	
1902-04-01	20	49	NA	NA	29.87	
1902-04-01	21	NA	NA	NA	NA	
1902-04-01	22	NA	NA	NA	NA	
1902-04-01	23	NA	NA	NA	NA	
1902-04-01	24	47	NA	NA	29.96	
1902-04-02	 1	NA	NA	NA	NA	
1902-04-02	 2	NA	NA	NA	NA	
1902-04-02	 3	NA	NA	NA	NA	
1902-04-02	 4	45	NA	NA	29.96	
1902-04-02	 5	NA	NA	NA	NA	
1902-04-02	 6	NA	NA	NA	NA	
1902-04-02	 7	NA	NA	NA	NA	
1902-04-02	 8	50	NA	NA	30.03	
1902-04-02	 9	NA	NA	NA	NA	
1902-04-02	10	NA	NA	NA	NA	
1902-04-02	11	NA	NA	NA	NA	
1902-04-02	12	60	NA	NA	30.05	
1902-04-02	13	NA	NA	NA	NA	
1902-04-02	14	NA	NA	NA	NA	
1902-04-02	15	NA	NA	NA	NA	
1902-04-02	16	61	NA	NA	29.99	
1902-04-02	17	NA	NA	NA	NA	
1902-04-02	18	NA	NA	NA	NA	
1902-04-02	19	NA	NA	NA	NA	
1902-04-02	20	57	NA	NA	30.00	
1902-04-02	21	NA	NA	NA	NA	
1902-04-02	22	NA	NA	NA	NA	
1902-04-02	23	NA	NA	NA	NA	
1902-04-02	24	56	NA	NA	30.01	
1902-04-03	 1	NA	NA	NA	NA	
1902-04-03	 2	NA	NA	NA	NA	
1902-04-03	 3	NA	NA	NA	NA	
1902-04-03	 4	50	NA	NA	30.01	
1902-04-03	 5	NA	NA	NA	NA	
1902-04-03	 6	NA	NA	NA	NA	
1902-04-03	 7	NA	NA	NA	NA	
1902-04-03	 8	57	NA	NA	30.03	
1902-04-03	 9	NA	NA	NA	NA	
1902-04-03	10	NA	NA	NA	NA	
1902-04-03	11	NA	NA	NA	NA	
1902-04-03	12	60	NA	NA	30.12	
1902-04-03	13	NA	NA	NA	NA	
1902-04-03	14	NA	NA	NA	NA	
1902-04-03	15	NA	NA	NA	NA	
1902-04-03	16	64	NA	NA	30.15	
1902-04-03	17	NA	NA	NA	NA	
1902-04-03	18	NA	NA	NA	NA	
1902-04-03	19	NA	NA	NA	NA	
1902-04-03	20	56	NA	NA	30.16	
1902-04-03	21	NA	NA	NA	NA	
1902-04-03	22	NA	NA	NA	NA	
1902-04-03	23	NA	NA	NA	NA	
1902-04-03	24	55	NA	NA	30.19	
1902-04-04	 1	NA	NA	NA	NA	
1902-04-04	 2	NA	NA	NA	NA	
1902-04-04	 3	NA	NA	NA	NA	
1902-04-04	 4	64	NA	NA	30.19	
1902-04-04	 5	NA	NA	NA	NA	
1902-04-04	 6	NA	NA	NA	NA	
1902-04-04	 7	NA	NA	NA	NA	
1902-04-04	 8	63	NA	NA	30.18	
1902-04-04	 9	NA	NA	NA	NA	
1902-04-04	10	NA	NA	NA	NA	
1902-04-04	11	NA	NA	NA	NA	
1902-04-04	12	70	NA	NA	30.19	
1902-04-04	13	NA	NA	NA	NA	
1902-04-04	14	NA	NA	NA	NA	
1902-04-04	15	NA	NA	NA	NA	
1902-04-04	16	76	NA	NA	30.14	
1902-04-04	17	NA	NA	NA	NA	
1902-04-04	18	NA	NA	NA	NA	
1902-04-04	19	NA	NA	NA	NA	
1902-04-04	20	66	NA	NA	30.10	
1902-04-04	21	NA	NA	NA	NA	
1902-04-04	22	NA	NA	NA	NA	
1902-04-04	23	NA	NA	NA	NA	
1902-04-04	24	63	NA	NA	30.07	
1902-04-05	 1	NA	NA	NA	NA	
1902-04-05	 2	NA	NA	NA	NA	
1902-04-05	 3	NA	NA	NA	NA	
1902-04-05	 4	56	NA	NA	30.04	
1902-04-05	 5	NA	NA	NA	NA	
1902-04-05	 6	NA	NA	NA	NA	
1902-04-05	 7	NA	NA	NA	NA	
1902-04-05	 8	56	NA	NA	30.08	
1902-04-05	 9	NA	NA	NA	NA	
1902-04-05	10	NA	NA	NA	NA	
1902-04-05	11	NA	NA	NA	NA	
1902-04-05	12	42	NA	NA	30.08	
1902-04-05	13	NA	NA	NA	NA	
1902-04-05	14	NA	NA	NA	NA	
1902-04-05	15	NA	NA	NA	NA	
1902-04-05	16	61	NA	NA	30.04	
1902-04-05	17	NA	NA	NA	NA	
1902-04-05	18	NA	NA	NA	NA	
1902-04-05	19	NA	NA	NA	NA	
1902-04-05	20	57	NA	NA	30.00	
1902-04-05	21	NA	NA	NA	NA	
1902-04-05	22	NA	NA	NA	NA	
1902-04-05	23	NA	NA	NA	NA	
1902-04-05	24	51	NA	NA	30.00	
1902-04-06	 1	NA	NA	NA	NA	
1902-04-06	 2	NA	NA	NA	NA	
1902-04-06	 3	NA	NA	NA	NA	
1902-04-06	 4	58	NA	NA	29.96	
1902-04-06	 5	NA	NA	NA	NA	
1902-04-06	 6	NA	NA	NA	NA	
1902-04-06	 7	NA	NA	NA	NA	
1902-04-06	 8	62	NA	NA	29.96	
1902-04-06	 9	NA	NA	NA	NA	
1902-04-06	10	NA	NA	NA	NA	
1902-04-06	11	NA	NA	NA	NA	
1902-04-06	12	63	NA	NA	30.05	
1902-04-06	13	NA	NA	NA	NA	
1902-04-06	14	NA	NA	NA	NA	
1902-04-06	15	NA	NA	NA	NA	
1902-04-06	16	63	NA	NA	29.76	
1902-04-06	17	NA	NA	NA	NA	
1902-04-06	18	NA	NA	NA	NA	
1902-04-06	19	NA	NA	NA	NA	
1902-04-06	20	63	NA	NA	29.76	
1902-04-06	21	NA	NA	NA	NA	
1902-04-06	22	NA	NA	NA	NA	
1902-04-06	23	NA	NA	NA	NA	
1902-04-06	24	53	NA	NA	29.85	
1902-04-07	 1	NA	NA	NA	NA	
1902-04-07	 2	NA	NA	NA	NA	
1902-04-07	 3	NA	NA	NA	NA	
1902-04-07	 4	53	NA	NA	29.90	
1902-04-07	 5	NA	NA	NA	NA	
1902-04-07	 6	NA	NA	NA	NA	
1902-04-07	 7	NA	NA	NA	NA	
1902-04-07	 8	53	NA	NA	30.08	
1902-04-07	 9	NA	NA	NA	NA	
1902-04-07	10	NA	NA	NA	NA	
1902-04-07	11	NA	NA	NA	NA	
1902-04-07	12	69	NA	NA	30.08	
1902-04-07	13	NA	NA	NA	NA	
1902-04-07	14	NA	NA	NA	NA	
1902-04-07	15	NA	NA	NA	NA	
1902-04-07	16	62	NA	NA	30.15	
1902-04-07	17	NA	NA	NA	NA	
1902-04-07	18	NA	NA	NA	NA	
1902-04-07	19	NA	NA	NA	NA	
1902-04-07	20	64	NA	NA	30.09	
1902-04-07	21	NA	NA	NA	NA	
1902-04-07	22	NA	NA	NA	NA	
1902-04-07	23	NA	NA	NA	NA	
1902-04-07	24	59	NA	NA	30.20	
1902-04-08	 1	NA	NA	NA	NA	
1902-04-08	 2	NA	NA	NA	NA	
1902-04-08	 3	NA	NA	NA	NA	
1902-04-08	 4	58	NA	NA	30.20	
1902-04-08	 5	NA	NA	NA	NA	
1902-04-08	 6	NA	NA	NA	NA	
1902-04-08	 7	NA	NA	NA	NA	
1902-04-08	 8	59	NA	NA	30.26	
1902-04-08	 9	NA	NA	NA	NA	
1902-04-08	10	NA	NA	NA	NA	
1902-04-08	11	NA	NA	NA	NA	
1902-04-08	12	62	NA	NA	30.30	
1902-04-08	13	NA	NA	NA	NA	
1902-04-08	14	NA	NA	NA	NA	
1902-04-08	15	NA	NA	NA	NA	
1902-04-08	16	69	NA	NA	30.30	
1902-04-08	17	NA	NA	NA	NA	
1902-04-08	18	NA	NA	NA	NA	
1902-04-08	19	NA	NA	NA	NA	
1902-04-08	20	60	NA	NA	30.22	
1902-04-08	21	NA	NA	NA	NA	
1902-04-08	22	NA	NA	NA	NA	
1902-04-08	23	NA	NA	NA	NA	
1902-04-08	24	57	NA	NA	30.20	
1902-04-09	 1	NA	NA	NA	NA	
1902-04-09	 2	NA	NA	NA	NA	
1902-04-09	 3	NA	NA	NA	NA	
1902-04-09	 4	57	NA	NA	30.28	
1902-04-09	 5	NA	NA	NA	NA	
1902-04-09	 6	NA	NA	NA	NA	
1902-04-09	 7	NA	NA	NA	NA	
1902-04-09	 8	57	NA	NA	30.29	
1902-04-09	 9	NA	NA	NA	NA	
1902-04-09	10	NA	NA	NA	NA	
1902-04-09	11	NA	NA	NA	NA	
1902-04-09	12	55	NA	NA	30.26	
1902-04-09	13	NA	NA	NA	NA	
1902-04-09	14	NA	NA	NA	NA	
1902-04-09	15	NA	NA	NA	NA	
1902-04-09	16	60	NA	NA	30.18	
1902-04-09	17	NA	NA	NA	NA	
1902-04-09	18	NA	NA	NA	NA	
1902-04-09	19	NA	NA	NA	NA	
1902-04-09	20	53	NA	NA	30.15	
1902-04-09	21	NA	NA	NA	NA	
1902-04-09	22	NA	NA	NA	NA	
1902-04-09	23	NA	NA	NA	NA	
1902-04-09	24	50	NA	NA	30.10	
1902-04-10	 1	NA	NA	NA	NA	
1902-04-10	 2	NA	NA	NA	NA	
1902-04-10	 3	NA	NA	NA	NA	
1902-04-10	 4	48	NA	NA	30.07	
1902-04-10	 5	NA	NA	NA	NA	
1902-04-10	 6	NA	NA	NA	NA	
1902-04-10	 7	NA	NA	NA	NA	
1902-04-10	 8	51	NA	NA	30.05	
1902-04-10	 9	NA	NA	NA	NA	
1902-04-10	10	NA	NA	NA	NA	
1902-04-10	11	NA	NA	NA	NA	
1902-04-10	12	59	NA	NA	30.04	
1902-04-10	13	NA	NA	NA	NA	
1902-04-10	14	NA	NA	NA	NA	
1902-04-10	15	NA	NA	NA	NA	
1902-04-10	16	56	NA	NA	30.04	
1902-04-10	17	NA	NA	NA	NA	
1902-04-10	18	NA	NA	NA	NA	
1902-04-10	19	NA	NA	NA	NA	
1902-04-10	20	51	NA	NA	30.04	
1902-04-10	21	NA	NA	NA	NA	
1902-04-10	22	NA	NA	NA	NA	
1902-04-10	23	NA	NA	NA	NA	
1902-04-10	24	49	NA	NA	30.06	
1902-04-11	 1	NA	NA	NA	NA	
1902-04-11	 2	NA	NA	NA	NA	
1902-04-11	 3	NA	NA	NA	NA	
1902-04-11	 4	59	NA	NA	30.04	
1902-04-11	 5	NA	NA	NA	NA	
1902-04-11	 6	NA	NA	NA	NA	
1902-04-11	 7	NA	NA	NA	NA	
1902-04-11	 8	60	NA	NA	30.16	
1902-04-11	 9	NA	NA	NA	NA	
1902-04-11	10	NA	NA	NA	NA	
1902-04-11	11	NA	NA	NA	NA	
1902-04-11	12	61	NA	NA	30.19	
1902-04-11	13	NA	NA	NA	NA	
1902-04-11	14	NA	NA	NA	NA	
1902-04-11	15	NA	NA	NA	NA	
1902-04-11	16	63	NA	NA	30.18	
1902-04-11	17	NA	NA	NA	NA	
1902-04-11	18	NA	NA	NA	NA	
1902-04-11	19	NA	NA	NA	NA	
1902-04-11	20	60	NA	NA	30.20	
1902-04-11	21	NA	NA	NA	NA	
1902-04-11	22	NA	NA	NA	NA	
1902-04-11	23	NA	NA	NA	NA	
1902-04-11	24	59	NA	NA	30.19	
1902-04-12	 1	NA	NA	NA	NA	
1902-04-12	 2	NA	NA	NA	NA	
1902-04-12	 3	NA	NA	NA	NA	
1902-04-12	 4	56	NA	NA	30.18	
1902-04-12	 5	NA	NA	NA	NA	
1902-04-12	 6	NA	NA	NA	NA	
1902-04-12	 7	NA	NA	NA	NA	
1902-04-12	 8	58	NA	NA	30.19	
1902-04-12	 9	NA	NA	NA	NA	
1902-04-12	10	NA	NA	NA	NA	
1902-04-12	11	NA	NA	NA	NA	
1902-04-12	12	67	NA	NA	30.19	
1902-04-12	13	NA	NA	NA	NA	
1902-04-12	14	NA	NA	NA	NA	
1902-04-12	15	NA	NA	NA	NA	
1902-04-12	16	66	NA	NA	30.12	
1902-04-12	17	NA	NA	NA	NA	
1902-04-12	18	NA	NA	NA	NA	
1902-04-12	19	NA	NA	NA	NA	
1902-04-12	20	61	NA	NA	30.10	
1902-04-12	21	NA	NA	NA	NA	
1902-04-12	22	NA	NA	NA	NA	
1902-04-12	23	NA	NA	NA	NA	
1902-04-12	24	59	NA	NA	30.10	
1902-04-13	 1	NA	NA	NA	NA	
1902-04-13	 2	NA	NA	NA	NA	
1902-04-13	 3	NA	NA	NA	NA	
1902-04-13	 4	56	NA	NA	30.06	
1902-04-13	 5	NA	NA	NA	NA	
1902-04-13	 6	NA	NA	NA	NA	
1902-04-13	 7	NA	NA	NA	NA	
1902-04-13	 8	59	NA	NA	30.06	
1902-04-13	 9	NA	NA	NA	NA	
1902-04-13	10	NA	NA	NA	NA	
1902-04-13	11	NA	NA	NA	NA	
1902-04-13	12	64	NA	NA	30.06	
1902-04-13	13	NA	NA	NA	NA	
1902-04-13	14	NA	NA	NA	NA	
1902-04-13	15	NA	NA	NA	NA	
1902-04-13	16	72	NA	NA	30.02	
1902-04-13	17	NA	NA	NA	NA	
1902-04-13	18	NA	NA	NA	NA	
1902-04-13	19	NA	NA	NA	NA	
1902-04-13	20	69	NA	NA	30.05	
1902-04-13	21	NA	NA	NA	NA	
1902-04-13	22	NA	NA	NA	NA	
1902-04-13	23	NA	NA	NA	NA	
1902-04-13	24	67	NA	NA	29.98	
1902-04-14	 1	NA	NA	NA	NA	
1902-04-14	 2	NA	NA	NA	NA	
1902-04-14	 3	NA	NA	NA	NA	
1902-04-14	 4	65	NA	NA	29.99	
1902-04-14	 5	NA	NA	NA	NA	
1902-04-14	 6	NA	NA	NA	NA	
1902-04-14	 7	NA	NA	NA	NA	
1902-04-14	 8	59	NA	NA	29.94	
1902-04-14	 9	NA	NA	NA	NA	
1902-04-14	10	NA	NA	NA	NA	
1902-04-14	11	NA	NA	NA	NA	
1902-04-14	12	68	NA	NA	29.95	
1902-04-14	13	NA	NA	NA	NA	
1902-04-14	14	NA	NA	NA	NA	
1902-04-14	15	NA	NA	NA	NA	
1902-04-14	16	72	NA	NA	29.97	
1902-04-14	17	NA	NA	NA	NA	
1902-04-14	18	NA	NA	NA	NA	
1902-04-14	19	NA	NA	NA	NA	
1902-04-14	20	59	NA	NA	29.89	
1902-04-14	21	NA	NA	NA	NA	
1902-04-14	22	NA	NA	NA	NA	
1902-04-14	23	NA	NA	NA	NA	
1902-04-14	24	58	NA	NA	29.98	
1902-04-15	 1	NA	NA	NA	NA	
1902-04-15	 2	NA	NA	NA	NA	
1902-04-15	 3	NA	NA	NA	NA	
1902-04-15	 4	56	NA	NA	29.90	
1902-04-15	 5	NA	NA	NA	NA	
1902-04-15	 6	NA	NA	NA	NA	
1902-04-15	 7	NA	NA	NA	NA	
1902-04-15	 8	59	NA	NA	29.90	
1902-04-15	 9	NA	NA	NA	NA	
1902-04-15	10	NA	NA	NA	NA	
1902-04-15	11	NA	NA	NA	NA	
1902-04-15	12	56	NA	NA	29.99	
1902-04-15	13	NA	NA	NA	NA	
1902-04-15	14	NA	NA	NA	NA	
1902-04-15	15	NA	NA	NA	NA	
1902-04-15	16	59	NA	NA	30.00	
1902-04-15	17	NA	NA	NA	NA	
1902-04-15	18	NA	NA	NA	NA	
1902-04-15	19	NA	NA	NA	NA	
1902-04-15	20	57	NA	NA	30.00	
1902-04-15	21	NA	NA	NA	NA	
1902-04-15	22	NA	NA	NA	NA	
1902-04-15	23	NA	NA	NA	NA	
1902-04-15	24	57	NA	NA	30.01	
1902-04-16	 1	NA	NA	NA	NA	
1902-04-16	 2	NA	NA	NA	NA	
1902-04-16	 3	NA	NA	NA	NA	
1902-04-16	 4	56	NA	NA	30.03	
1902-04-16	 5	NA	NA	NA	NA	
1902-04-16	 6	NA	NA	NA	NA	
1902-04-16	 7	NA	NA	NA	NA	
1902-04-16	 8	62	NA	NA	30.10	
1902-04-16	 9	NA	NA	NA	NA	
1902-04-16	10	NA	NA	NA	NA	
1902-04-16	11	NA	NA	NA	NA	
1902-04-16	12	60	NA	NA	30.10	
1902-04-16	13	NA	NA	NA	NA	
1902-04-16	14	NA	NA	NA	NA	
1902-04-16	15	NA	NA	NA	NA	
1902-04-16	16	64	NA	NA	30.10	
1902-04-16	17	NA	NA	NA	NA	
1902-04-16	18	NA	NA	NA	NA	
1902-04-16	19	NA	NA	NA	NA	
1902-04-16	20	59	NA	NA	30.10	
1902-04-16	21	NA	NA	NA	NA	
1902-04-16	22	NA	NA	NA	NA	
1902-04-16	23	NA	NA	NA	NA	
1902-04-16	24	61	NA	NA	30.12	
1902-04-17	 1	NA	NA	NA	NA	
1902-04-17	 2	NA	NA	NA	NA	
1902-04-17	 3	NA	NA	NA	NA	
1902-04-17	 4	62	NA	NA	30.09	
1902-04-17	 5	NA	NA	NA	NA	
1902-04-17	 6	NA	NA	NA	NA	
1902-04-17	 7	NA	NA	NA	NA	
1902-04-17	 8	64	NA	NA	30.12	
1902-04-17	 9	NA	NA	NA	NA	
1902-04-17	10	NA	NA	NA	NA	
1902-04-17	11	NA	NA	NA	NA	
1902-04-17	12	62	NA	NA	30.11	
1902-04-17	13	NA	NA	NA	NA	
1902-04-17	14	NA	NA	NA	NA	
1902-04-17	15	NA	NA	NA	NA	
1902-04-17	16	64	NA	NA	30.09	
1902-04-17	17	NA	NA	NA	NA	
1902-04-17	18	NA	NA	NA	NA	
1902-04-17	19	NA	NA	NA	NA	
1902-04-17	20	58	NA	NA	30.08	
1902-04-17	21	NA	NA	NA	NA	
1902-04-17	22	NA	NA	NA	NA	
1902-04-17	23	NA	NA	NA	NA	
1902-04-17	24	62	NA	NA	30.04	
1902-04-18	 1	NA	NA	NA	NA	
1902-04-18	 2	NA	NA	NA	NA	
1902-04-18	 3	NA	NA	NA	NA	
1902-04-18	 4	64	NA	NA	29.99	
1902-04-18	 5	NA	NA	NA	NA	
1902-04-18	 6	NA	NA	NA	NA	
1902-04-18	 7	NA	NA	NA	NA	
1902-04-18	 8	69	NA	NA	29.95	
1902-04-18	 9	NA	NA	NA	NA	
1902-04-18	10	NA	NA	NA	NA	
1902-04-18	11	NA	NA	NA	NA	
1902-04-18	12	66	NA	NA	29.98	
1902-04-18	13	NA	NA	NA	NA	
1902-04-18	14	NA	NA	NA	NA	
1902-04-18	15	NA	NA	NA	NA	
1902-04-18	16	64	NA	NA	30.03	
1902-04-18	17	NA	NA	NA	NA	
1902-04-18	18	NA	NA	NA	NA	
1902-04-18	19	NA	NA	NA	NA	
1902-04-18	20	62	NA	NA	30.00	
1902-04-18	21	NA	NA	NA	NA	
1902-04-18	22	NA	NA	NA	NA	
1902-04-18	23	NA	NA	NA	NA	
1902-04-18	24	60	NA	NA	29.99	
1902-04-19	 1	NA	NA	NA	NA	
1902-04-19	 2	NA	NA	NA	NA	
1902-04-19	 3	NA	NA	NA	NA	
1902-04-19	 4	60	NA	NA	29.92	
1902-04-19	 5	NA	NA	NA	NA	
1902-04-19	 6	NA	NA	NA	NA	
1902-04-19	 7	NA	NA	NA	NA	
1902-04-19	 8	56	NA	NA	29.92	
1902-04-19	 9	NA	NA	NA	NA	
1902-04-19	10	NA	NA	NA	NA	
1902-04-19	11	NA	NA	NA	NA	
1902-04-19	12	62	NA	NA	29.99	
1902-04-19	13	NA	NA	NA	NA	
1902-04-19	14	NA	NA	NA	NA	
1902-04-19	15	NA	NA	NA	NA	
1902-04-19	16	65	NA	NA	29.85	
1902-04-19	17	NA	NA	NA	NA	
1902-04-19	18	NA	NA	NA	NA	
1902-04-19	19	NA	NA	NA	NA	
1902-04-19	20	64	NA	NA	29.82	
1902-04-19	21	NA	NA	NA	NA	
1902-04-19	22	NA	NA	NA	NA	
1902-04-19	23	NA	NA	NA	NA	
1902-04-19	24	64	NA	NA	29.84	
1902-04-20	 1	NA	NA	NA	NA	
1902-04-20	 2	NA	NA	NA	NA	
1902-04-20	 3	NA	NA	NA	NA	
1902-04-20	 4	65	NA	NA	29.82	
1902-04-20	 5	NA	NA	NA	NA	
1902-04-20	 6	NA	NA	NA	NA	
1902-04-20	 7	NA	NA	NA	NA	
1902-04-20	 8	64	NA	NA	29.83	
1902-04-20	 9	NA	NA	NA	NA	
1902-04-20	10	NA	NA	NA	NA	
1902-04-20	11	NA	NA	NA	NA	
1902-04-20	12	64	NA	NA	29.87	
1902-04-20	13	NA	NA	NA	NA	
1902-04-20	14	NA	NA	NA	NA	
1902-04-20	15	NA	NA	NA	NA	
1902-04-20	16	64	NA	NA	29.86	
1902-04-20	17	NA	NA	NA	NA	
1902-04-20	18	NA	NA	NA	NA	
1902-04-20	19	NA	NA	NA	NA	
1902-04-20	20	60	NA	NA	29.86	
1902-04-20	21	NA	NA	NA	NA	
1902-04-20	22	NA	NA	NA	NA	
1902-04-20	23	NA	NA	NA	NA	
1902-04-20	24	60	NA	NA	29.88	
1902-04-21	 1	NA	NA	NA	NA	
1902-04-21	 2	NA	NA	NA	NA	
1902-04-21	 3	NA	NA	NA	NA	
1902-04-21	 4	64	NA	NA	29.90	
1902-04-21	 5	NA	NA	NA	NA	
1902-04-21	 6	NA	NA	NA	NA	
1902-04-21	 7	NA	NA	NA	NA	
1902-04-21	 8	57	NA	NA	29.93	
1902-04-21	 9	NA	NA	NA	NA	
1902-04-21	10	NA	NA	NA	NA	
1902-04-21	11	NA	NA	NA	NA	
1902-04-21	12	61	NA	NA	29.98	
1902-04-21	13	NA	NA	NA	NA	
1902-04-21	14	NA	NA	NA	NA	
1902-04-21	15	NA	NA	NA	NA	
1902-04-21	16	64	NA	NA	30.00	
1902-04-21	17	NA	NA	NA	NA	
1902-04-21	18	NA	NA	NA	NA	
1902-04-21	19	NA	NA	NA	NA	
1902-04-21	20	66	NA	NA	30.05	
1902-04-21	21	NA	NA	NA	NA	
1902-04-21	22	NA	NA	NA	NA	
1902-04-21	23	NA	NA	NA	NA	
1902-04-21	24	67	NA	NA	30.08	
1902-04-22	 1	NA	NA	NA	NA	
1902-04-22	 2	NA	NA	NA	NA	
1902-04-22	 3	NA	NA	NA	NA	
1902-04-22	 4	67	NA	NA	30.10	
1902-04-22	 5	NA	NA	NA	NA	
1902-04-22	 6	NA	NA	NA	NA	
1902-04-22	 7	NA	NA	NA	NA	
1902-04-22	 8	65	NA	NA	30.12	
1902-04-22	 9	NA	NA	NA	NA	
1902-04-22	10	NA	NA	NA	NA	
1902-04-22	11	NA	NA	NA	NA	
1902-04-22	12	65	NA	NA	30.14	
1902-04-22	13	NA	NA	NA	NA	
1902-04-22	14	NA	NA	NA	NA	
1902-04-22	15	NA	NA	NA	NA	
1902-04-22	16	65	NA	NA	30.15	
1902-04-22	17	NA	NA	NA	NA	
1902-04-22	18	NA	NA	NA	NA	
1902-04-22	19	NA	NA	NA	NA	
1902-04-22	20	58	NA	NA	30.10	
1902-04-22	21	NA	NA	NA	NA	
1902-04-22	22	NA	NA	NA	NA	
1902-04-22	23	NA	NA	NA	NA	
1902-04-22	24	64	NA	NA	30.10	
1902-04-23	 1	NA	NA	NA	NA	
1902-04-23	 2	NA	NA	NA	NA	
1902-04-23	 3	NA	NA	NA	NA	
1902-04-23	 4	64	NA	NA	30.11	
1902-04-23	 5	NA	NA	NA	NA	
1902-04-23	 6	NA	NA	NA	NA	
1902-04-23	 7	NA	NA	NA	NA	
1902-04-23	 8	68	NA	NA	12	
1902-04-23	 9	NA	NA	NA	NA	
1902-04-23	10	NA	NA	NA	NA	
1902-04-23	11	NA	NA	NA	NA	
1902-04-23	12	68	NA	NA	.08	
1902-04-23	13	NA	NA	NA	NA	
1902-04-23	14	NA	NA	NA	NA	
1902-04-23	15	NA	NA	NA	NA	
1902-04-23	16	81	NA	NA	.01	
1902-04-23	17	NA	NA	NA	NA	
1902-04-23	18	NA	NA	NA	NA	
1902-04-23	19	NA	NA	NA	NA	
1902-04-23	20	78	NA	NA	29.99	
1902-04-23	21	NA	NA	NA	NA	
1902-04-23	22	NA	NA	NA	NA	
1902-04-23	23	NA	NA	NA	NA	
1902-04-23	24	79	NA	NA	29.78	
1902-04-24	 1	NA	NA	NA	NA	
1902-04-24	 2	NA	NA	NA	NA	
1902-04-24	 3	NA	NA	NA	NA	
1902-04-24	 4	79	NA	NA	29.92	
1902-04-24	 5	NA	NA	NA	NA	
1902-04-24	 6	NA	NA	NA	NA	
1902-04-24	 7	NA	NA	NA	NA	
1902-04-24	 8	79	NA	NA	29.97	
1902-04-24	 9	NA	NA	NA	NA	
1902-04-24	10	NA	NA	NA	NA	
1902-04-24	11	NA	NA	NA	NA	
1902-04-24	12	89	NA	NA	30.02	
1902-04-24	13	NA	NA	NA	NA	
1902-04-24	14	NA	NA	NA	NA	
1902-04-24	15	NA	NA	NA	NA	
1902-04-24	16	84	NA	NA	30.02	
1902-04-24	17	NA	NA	NA	NA	
1902-04-24	18	NA	NA	NA	NA	
1902-04-24	19	NA	NA	NA	NA	
1902-04-24	20	63	NA	NA	30.02	
1902-04-24	21	NA	NA	NA	NA	
1902-04-24	22	NA	NA	NA	NA	
1902-04-24	23	NA	NA	NA	NA	
1902-04-24	24	62	NA	NA	30.05	
1902-04-25	 1	NA	NA	NA	NA	
1902-04-25	 2	NA	NA	NA	NA	
1902-04-25	 3	NA	NA	NA	NA	
1902-04-25	 4	62	NA	NA	30.04	
1902-04-25	 5	NA	NA	NA	NA	
1902-04-25	 6	NA	NA	NA	NA	
1902-04-25	 7	NA	NA	NA	NA	
1902-04-25	 8	60	NA	NA	30.12	
1902-04-25	 9	NA	NA	NA	NA	
1902-04-25	10	NA	NA	NA	NA	
1902-04-25	11	NA	NA	NA	NA	
1902-04-25	12	55	NA	NA	30.10	
1902-04-25	13	NA	NA	NA	NA	
1902-04-25	14	NA	NA	NA	NA	
1902-04-25	15	NA	NA	NA	NA	
1902-04-25	16	62	NA	NA	30.09	
1902-04-25	17	NA	NA	NA	NA	
1902-04-25	18	NA	NA	NA	NA	
1902-04-25	19	NA	NA	NA	NA	
1902-04-25	20	56	NA	NA	30.10	
1902-04-25	21	NA	NA	NA	NA	
1902-04-25	22	NA	NA	NA	NA	
1902-04-25	23	NA	NA	NA	NA	
1902-04-25	24	51	NA	NA	30.12	
1902-04-26	 1	NA	NA	NA	NA	
1902-04-26	 2	NA	NA	NA	NA	
1902-04-26	 3	NA	NA	NA	NA	
1902-04-26	 4	62	NA	NA	30.06	
1902-04-26	 5	NA	NA	NA	NA	
1902-04-26	 6	NA	NA	NA	NA	
1902-04-26	 7	NA	NA	NA	NA	
1902-04-26	 8	69	NA	NA	30.04	
1902-04-26	 9	NA	NA	NA	NA	
1902-04-26	10	NA	NA	NA	NA	
1902-04-26	11	NA	NA	NA	NA	
1902-04-26	12	58	NA	NA	30.02	
1902-04-26	13	NA	NA	NA	NA	
1902-04-26	14	NA	NA	NA	NA	
1902-04-26	15	NA	NA	NA	NA	
1902-04-26	16	55	NA	NA	30.04	
1902-04-26	17	NA	NA	NA	NA	
1902-04-26	18	NA	NA	NA	NA	
1902-04-26	19	NA	NA	NA	NA	
1902-04-26	20	54	NA	NA	29.92	
1902-04-26	21	NA	NA	NA	NA	
1902-04-26	22	NA	NA	NA	NA	
1902-04-26	23	NA	NA	NA	NA	
1902-04-26	24	45	NA	NA	29.92	
1902-04-26	 1	NA	NA	NA	NA	
1902-04-26	 2	NA	NA	NA	NA	
1902-04-26	 3	NA	NA	NA	NA	
1902-04-26	 4	NA	NA	NA	NA	
1902-04-26	 5	NA	NA	NA	NA	
1902-04-26	 6	NA	NA	NA	NA	
1902-04-26	 7	NA	NA	NA	NA	
1902-04-26	 8	NA	NA	NA	NA	
1902-04-26	 9	NA	NA	NA	NA	
1902-04-26	10	NA	NA	NA	NA	
1902-04-26	11	NA	NA	NA	NA	
1902-04-26	12	NA	NA	NA	NA	
1902-04-26	13	NA	NA	NA	NA	
1902-04-26	14	NA	NA	NA	NA	
1902-04-26	15	NA	NA	NA	NA	
1902-04-26	16	NA	NA	NA	NA	
1902-04-26	17	NA	NA	NA	NA	
1902-04-26	18	NA	NA	NA	NA	
1902-04-26	19	NA	NA	NA	NA	
1902-04-26	20	NA	NA	NA	NA	
1902-04-26	21	NA	NA	NA	NA	
1902-04-26	22	NA	NA	NA	NA	
1902-04-26	23	NA	NA	NA	NA	
1902-04-26	24	NA	NA	NA	NA	
1902-04-26	 1	NA	NA	NA	NA	
1902-04-26	 2	NA	NA	NA	NA	
1902-04-26	 3	NA	NA	NA	NA	
1902-04-26	 4	NA	NA	NA	NA	
1902-04-26	 5	NA	NA	NA	NA	
1902-04-26	 6	NA	NA	NA	NA	
1902-04-26	 7	NA	NA	NA	NA	
1902-04-26	 8	NA	NA	NA	NA	
1902-04-26	 9	NA	NA	NA	NA	
1902-04-26	10	NA	NA	NA	NA	
1902-04-26	11	NA	NA	NA	NA	
1902-04-26	12	NA	NA	NA	NA	
1902-04-26	13	NA	NA	NA	NA	
1902-04-26	14	NA	NA	NA	NA	
1902-04-26	15	NA	NA	NA	NA	
1902-04-26	16	NA	NA	NA	NA	
1902-04-26	17	NA	NA	NA	NA	
1902-04-26	18	NA	NA	NA	NA	
1902-04-26	19	NA	NA	NA	NA	
1902-04-26	20	NA	NA	NA	NA	
1902-04-26	21	NA	NA	NA	NA	
1902-04-26	22	NA	NA	NA	NA	
1902-04-26	23	NA	NA	NA	NA	
1902-04-26	24	NA	NA	NA	NA	
1902-04-26	 1	NA	NA	NA	NA	
1902-04-26	 2	NA	NA	NA	NA	
1902-04-26	 3	NA	NA	NA	NA	
1902-04-26	 4	NA	NA	NA	NA	
1902-04-26	 5	NA	NA	NA	NA	
1902-04-26	 6	NA	NA	NA	NA	
1902-04-26	 7	NA	NA	NA	NA	
1902-04-26	 8	NA	NA	NA	NA	
1902-04-26	 9	NA	NA	NA	NA	
1902-04-26	10	NA	NA	NA	NA	
1902-04-26	11	NA	NA	NA	NA	
1902-04-26	12	NA	NA	NA	NA	
1902-04-26	13	NA	NA	NA	NA	
1902-04-26	14	NA	NA	NA	NA	
1902-04-26	15	NA	NA	NA	NA	
1902-04-26	16	NA	NA	NA	NA	
1902-04-26	17	NA	NA	NA	NA	
1902-04-26	18	NA	NA	NA	NA	
1902-04-26	19	NA	NA	NA	NA	
1902-04-26	20	NA	NA	NA	NA	
1902-04-26	21	NA	NA	NA	NA	
1902-04-26	22	NA	NA	NA	NA	
1902-04-26	23	NA	NA	NA	NA	
1902-04-26	24	NA	NA	NA	NA	
1902-04-26	 1	NA	NA	NA	NA	
1902-04-26	 2	NA	NA	NA	NA	
1902-04-26	 3	NA	NA	NA	NA	
1902-04-26	 4	NA	NA	NA	NA	
1902-04-26	 5	NA	NA	NA	NA	
1902-04-26	 6	NA	NA	NA	NA	
1902-04-26	 7	NA	NA	NA	NA	
1902-04-26	 8	NA	NA	NA	NA	
1902-04-26	 9	NA	NA	NA	NA	
1902-04-26	10	NA	NA	NA	NA	
1902-04-26	11	NA	NA	NA	NA	
1902-04-26	12	NA	NA	NA	NA	
1902-04-26	13	NA	NA	NA	NA	
1902-04-26	14	NA	NA	NA	NA	
1902-04-26	15	NA	NA	NA	NA	
1902-04-26	16	NA	NA	NA	NA	
1902-04-26	17	NA	NA	NA	NA	
1902-04-26	18	NA	NA	NA	NA	
1902-04-26	19	NA	NA	NA	NA	
1902-04-26	20	NA	NA	NA	NA	
1902-04-26	21	NA	NA	NA	NA	
1902-04-26	22	NA	NA	NA	NA	
1902-04-26	23	NA	NA	NA	NA	
1902-04-26	24	NA	NA	NA	NA	
1902-04-26	 1	NA	NA	NA	NA	
1902-04-26	 2	NA	NA	NA	NA	
1902-04-26	 3	NA	NA	NA	NA	
1902-04-26	 4	NA	NA	NA	NA	
1902-04-26	 5	NA	NA	NA	NA	
1902-04-26	 6	NA	NA	NA	NA	
1902-04-26	 7	NA	NA	NA	NA	
1902-04-26	 8	NA	NA	NA	NA	
1902-04-26	 9	NA	NA	NA	NA	
1902-04-26	10	NA	NA	NA	NA	
1902-04-26	11	NA	NA	NA	NA	
1902-04-26	12	NA	NA	NA	NA	
1902-04-26	13	NA	NA	NA	NA	
1902-04-26	14	NA	NA	NA	NA	
1902-04-26	15	NA	NA	NA	NA	
1902-04-26	16	NA	NA	NA	NA	
1902-04-26	17	NA	NA	NA	NA	
1902-04-26	18	NA	NA	NA	NA	
1902-04-26	19	NA	NA	NA	NA	
1902-04-26	20	NA	NA	NA	NA	
1902-04-26	21	NA	NA	NA	NA	
1902-04-26	22	NA	NA	NA	NA	
1902-04-26	23	NA	NA	NA	NA	
1902-04-26	24	NA	NA	NA	NA	
1902-04-26	 1	NA	NA	NA	NA	
1902-04-26	 2	NA	NA	NA	NA	
1902-04-26	 3	NA	NA	NA	NA	
1902-04-26	 4	NA	NA	NA	NA	
1902-04-26	 5	NA	NA	NA	NA	
1902-04-26	 6	NA	NA	NA	NA	
1902-04-26	 7	NA	NA	NA	NA	
1902-04-26	 8	NA	NA	NA	NA	
1902-04-26	 9	NA	NA	NA	NA	
1902-04-26	10	NA	NA	NA	NA	
1902-04-26	11	NA	NA	NA	NA	
1902-04-26	12	NA	NA	NA	NA	
1902-04-26	13	NA	NA	NA	NA	
1902-04-26	14	NA	NA	NA	NA	
1902-04-26	15	NA	NA	NA	NA	
1902-04-26	16	NA	NA	NA	NA	
1902-04-26	17	NA	NA	NA	NA	
1902-04-26	18	NA	NA	NA	NA	
1902-04-26	19	NA	NA	NA	NA	
1902-04-26	20	NA	NA	NA	NA	
1902-04-26	21	NA	NA	NA	NA	
1902-04-26	22	NA	NA	NA	NA	
1902-04-26	23	NA	NA	NA	NA	
1902-04-26	24	NA	NA	NA	NA	
1902-04-26	 1	NA	NA	NA	NA	
1902-04-26	 2	NA	NA	NA	NA	
1902-04-26	 3	NA	NA	NA	NA	
1902-04-26	 4	NA	NA	NA	NA	
1902-04-26	 5	NA	NA	NA	NA	
1902-04-26	 6	NA	NA	NA	NA	
1902-04-26	 7	NA	NA	NA	NA	
1902-04-26	 8	NA	NA	NA	NA	
1902-04-26	 9	NA	NA	NA	NA	
1902-04-26	10	NA	NA	NA	NA	
1902-04-26	11	NA	NA	NA	NA	
1902-04-26	12	NA	NA	NA	NA	
1902-04-26	13	NA	NA	NA	NA	
1902-04-26	14	NA	NA	NA	NA	
1902-04-26	15	NA	NA	NA	NA	
1902-04-26	16	NA	NA	NA	NA	
1902-04-26	17	NA	NA	NA	NA	
1902-04-26	18	NA	NA	NA	NA	
1902-04-26	19	NA	NA	NA	NA	
1902-04-26	20	NA	NA	NA	NA	
1902-04-26	21	NA	NA	NA	NA	
1902-04-26	22	NA	NA	NA	NA	
1902-04-26	23	NA	NA	NA	NA	
1902-04-26	24	NA	NA	NA	NA	
1902-04-26	 1	NA	NA	NA	NA	
1902-04-26	 2	NA	NA	NA	NA	
1902-04-26	 3	NA	NA	NA	NA	
1902-04-26	 4	NA	NA	NA	NA	
1902-04-26	 5	NA	NA	NA	NA	
1902-04-26	 6	NA	NA	NA	NA	
1902-04-26	 7	NA	NA	NA	NA	
1902-04-26	 8	NA	NA	NA	NA	
1902-04-26	 9	NA	NA	NA	NA	
1902-04-26	10	NA	NA	NA	NA	
1902-04-26	11	NA	NA	NA	NA	
1902-04-26	12	NA	NA	NA	NA	
1902-04-26	13	NA	NA	NA	NA	
1902-04-26	14	NA	NA	NA	NA	
1902-04-26	15	NA	NA	NA	NA	
1902-04-26	16	NA	NA	NA	NA	
1902-04-26	17	NA	NA	NA	NA	
1902-04-26	18	NA	NA	NA	NA	
1902-04-26	19	NA	NA	NA	NA	
1902-04-26	20	NA	NA	NA	NA	
1902-04-26	21	NA	NA	NA	NA	
1902-04-26	22	NA	NA	NA	NA	
1902-04-26	23	NA	NA	NA	NA	
1902-04-26	24	NA	NA	NA	NA	
1902-04-26	 1	NA	NA	NA	NA	
1902-04-26	 2	NA	NA	NA	NA	
1902-04-26	 3	NA	NA	NA	NA	
1902-04-26	 4	NA	NA	NA	NA	
1902-04-26	 5	NA	NA	NA	NA	
1902-04-26	 6	NA	NA	NA	NA	
1902-04-26	 7	NA	NA	NA	NA	
1902-04-26	 8	NA	NA	NA	NA	
1902-04-26	 9	NA	NA	NA	NA	
1902-04-26	10	NA	NA	NA	NA	
1902-04-26	11	NA	NA	NA	NA	
1902-04-26	12	NA	NA	NA	NA	
1902-04-26	13	NA	NA	NA	NA	
1902-04-26	14	NA	NA	NA	NA	
1902-04-26	15	NA	NA	NA	NA	
1902-04-26	16	NA	NA	NA	NA	
1902-04-26	17	NA	NA	NA	NA	
1902-04-26	18	NA	NA	NA	NA	
1902-04-26	19	NA	NA	NA	NA	
1902-04-26	20	NA	NA	NA	NA	
1902-04-26	21	NA	NA	NA	NA	
1902-04-26	22	NA	NA	NA	NA	
1902-04-26	23	NA	NA	NA	NA	
1902-04-26	24	NA	NA	NA	NA	
1902-04-26	 1	NA	NA	NA	NA	
1902-04-26	 2	NA	NA	NA	NA	
1902-04-26	 3	NA	NA	NA	NA	
1902-04-26	 4	NA	NA	NA	NA	
1902-04-26	 5	NA	NA	NA	NA	
1902-04-26	 6	NA	NA	NA	NA	
1902-04-26	 7	NA	NA	NA	NA	
1902-04-26	 8	NA	NA	NA	NA	
1902-04-26	 9	NA	NA	NA	NA	
1902-04-26	10	NA	NA	NA	NA	
1902-04-26	11	NA	NA	NA	NA	
1902-04-26	12	NA	NA	NA	NA	
1902-04-26	13	NA	NA	NA	NA	
1902-04-26	14	NA	NA	NA	NA	
1902-04-26	15	NA	NA	NA	NA	
1902-04-26	16	NA	NA	NA	NA	
1902-04-26	17	NA	NA	NA	NA	
1902-04-26	18	NA	NA	NA	NA	
1902-04-26	19	NA	NA	NA	NA	
1902-04-26	20	NA	NA	NA	NA	
1902-04-26	21	NA	NA	NA	NA	
1902-04-26	22	NA	NA	NA	NA	
1902-04-26	23	NA	NA	NA	NA	
1902-04-26	24	NA	NA	NA	NA	
1902-04-26	 1	NA	NA	NA	NA	
1902-04-26	 2	NA	NA	NA	NA	
1902-04-26	 3	NA	NA	NA	NA	
1902-04-26	 4	NA	NA	NA	NA	
1902-04-26	 5	NA	NA	NA	NA	
1902-04-26	 6	NA	NA	NA	NA	
1902-04-26	 7	NA	NA	NA	NA	
1902-04-26	 8	NA	NA	NA	NA	
1902-04-26	 9	NA	NA	NA	NA	
1902-04-26	10	NA	NA	NA	NA	
1902-04-26	11	NA	NA	NA	NA	
1902-04-26	12	NA	NA	NA	NA	
1902-04-26	13	NA	NA	NA	NA	
1902-04-26	14	NA	NA	NA	NA	
1902-04-26	15	NA	NA	NA	NA	
1902-04-26	16	NA	NA	NA	NA	
1902-04-26	17	NA	NA	NA	NA	
1902-04-26	18	NA	NA	NA	NA	
1902-04-26	19	NA	NA	NA	NA	
1902-04-26	20	NA	NA	NA	NA	
1902-04-26	21	NA	NA	NA	NA	
1902-04-26	22	NA	NA	NA	NA	
1902-04-26	23	NA	NA	NA	NA	
1902-04-26	24	NA	NA	NA	NA	
1902-04-26	 1	NA	NA	NA	NA	
1902-04-26	 2	NA	NA	NA	NA	
1902-04-26	 3	NA	NA	NA	NA	
1902-04-26	 4	NA	NA	NA	NA	
1902-04-26	 5	NA	NA	NA	NA	
1902-04-26	 6	NA	NA	NA	NA	
1902-04-26	 7	NA	NA	NA	NA	
1902-04-26	 8	NA	NA	NA	NA	
1902-04-26	 9	NA	NA	NA	NA	
1902-04-26	10	NA	NA	NA	NA	
1902-04-26	11	NA	NA	NA	NA	
1902-04-26	12	NA	NA	NA	NA	
1902-04-26	13	NA	NA	NA	NA	
1902-04-26	14	NA	NA	NA	NA	
1902-04-26	15	NA	NA	NA	NA	
1902-04-26	16	NA	NA	NA	NA	
1902-04-26	17	NA	NA	NA	NA	
1902-04-26	18	NA	NA	NA	NA	
1902-04-26	19	NA	NA	NA	NA	
1902-04-26	20	NA	NA	NA	NA	
1902-04-26	21	NA	NA	NA	NA	
1902-04-26	22	NA	NA	NA	NA	
1902-04-26	23	NA	NA	NA	NA	
1902-04-26	24	NA	NA	NA	NA	
1902-04-26	 1	NA	NA	NA	NA	
1902-04-26	 2	NA	NA	NA	NA	
1902-04-26	 3	NA	NA	NA	NA	
1902-04-26	 4	NA	NA	70	30.08	
1902-04-26	 5	NA	NA	NA	NA	
1902-04-26	 6	NA	NA	NA	NA	
1902-04-26	 7	NA	NA	NA	NA	
1902-04-26	 8	66	NA	3008	0	
1902-04-26	 9	NA	NA	NA	NA	
1902-04-26	10	NA	NA	NA	NA	
1902-04-26	11	NA	NA	NA	NA	
1902-04-26	12	NA	NA	70	30.09	
1902-04-26	13	NA	NA	NA	NA	
1902-04-26	14	NA	NA	NA	NA	
1902-04-26	15	NA	NA	NA	NA	
1902-04-26	16	60	55	63	29.99	
1902-04-26	17	NA	NA	NA	NA	
1902-04-26	18	NA	NA	NA	NA	
1902-04-26	19	NA	NA	NA	NA	
1902-04-26	20	54	55	76	29.99	
1902-04-26	21	NA	NA	NA	NA	
1902-04-26	22	NA	NA	NA	NA	
1902-04-26	23	NA	NA	NA	NA	
1902-04-26	24	55	50	56	29.95	
