          NA	 1	35	33	45	30.28	
          NA	 2	35	33	44	30.28	
          NA	 3	35	34	42	30.26	
          NA	 4	34	34	42	30.26	
          NA	 5	34	34	43	30.26	
          NA	 6	34	34	43	30.26	
          NA	 7	34	34	43	30.26	
          NA	 8	43	34	43	30.26	
          NA	 9	45	34	43	30.26	
          NA	10	47	34	44	30.24	
          NA	11	53	34	50	30.26	
          NA	12	52	34	52	30.26	
          NA	13	52	34	52	30.26	
          NA	14	52	34	52	30.26	
          NA	15	52	34	52	30.26	
          NA	16	52	34	52	30.26	
          NA	17	56	34	55	30.22	
          NA	18	52	34	50	30.20	
          NA	19	52	34	50	30.20	
          NA	20	39	34	49	30.14	
          NA	21	39	34	45	30.14	
          NA	22	39	33	44	30.12	
          NA	23	36	33	48	30.12	
          NA	24	36	33	44	30.12	
          NA	 1	NA	NA	NA	NA	
          NA	 2	NA	NA	NA	NA	
          NA	 3	NA	NA	NA	NA	
          NA	 4	NA	NA	NA	NA	
          NA	 5	NA	NA	NA	NA	
          NA	 6	NA	NA	NA	NA	
          NA	 7	NA	NA	NA	NA	
          NA	 8	NA	NA	NA	NA	
          NA	 9	NA	NA	NA	NA	
          NA	10	NA	NA	NA	NA	
          NA	11	NA	NA	NA	NA	
          NA	12	NA	NA	NA	NA	
          NA	13	NA	NA	NA	NA	
          NA	14	NA	NA	NA	NA	
          NA	15	NA	NA	NA	NA	
          NA	16	NA	NA	NA	NA	
          NA	17	NA	NA	NA	NA	
          NA	18	NA	NA	NA	NA	
          NA	19	NA	NA	NA	NA	
          NA	20	NA	NA	NA	NA	
          NA	21	NA	NA	NA	NA	
          NA	22	NA	NA	NA	NA	
          NA	23	NA	NA	NA	NA	
          NA	24	NA	NA	NA	NA	
          NA	 1	NA	NA	NA	NA	
          NA	 2	NA	NA	NA	NA	
          NA	 3	NA	NA	NA	NA	
          NA	 4	NA	NA	NA	NA	
          NA	 5	NA	NA	NA	NA	
          NA	 6	NA	NA	NA	NA	
          NA	 7	NA	NA	NA	NA	
          NA	 8	NA	NA	NA	NA	
          NA	 9	NA	NA	NA	NA	
          NA	10	NA	NA	NA	NA	
          NA	11	NA	NA	NA	NA	
          NA	12	NA	NA	NA	NA	
          NA	13	NA	NA	NA	NA	
          NA	14	NA	NA	NA	NA	
          NA	15	NA	NA	NA	NA	
          NA	16	NA	NA	NA	NA	
          NA	17	NA	NA	NA	NA	
          NA	18	NA	NA	NA	NA	
          NA	19	NA	NA	NA	NA	
          NA	20	NA	NA	NA	NA	
          NA	21	NA	NA	NA	NA	
          NA	22	NA	NA	NA	NA	
          NA	23	NA	NA	NA	NA	
          NA	24	NA	NA	NA	NA	
          NA	 1	NA	NA	NA	NA	
          NA	 2	NA	NA	NA	NA	
          NA	 3	NA	NA	NA	NA	
          NA	 4	NA	NA	NA	NA	
          NA	 5	NA	NA	NA	NA	
          NA	 6	NA	NA	NA	NA	
          NA	 7	NA	NA	NA	NA	
          NA	 8	NA	NA	NA	NA	
          NA	 9	NA	NA	NA	NA	
          NA	10	NA	NA	NA	NA	
          NA	11	NA	NA	NA	NA	
          NA	12	NA	NA	NA	NA	
          NA	13	NA	NA	NA	NA	
          NA	14	NA	NA	NA	NA	
          NA	15	NA	NA	NA	NA	
          NA	16	NA	NA	NA	NA	
          NA	17	NA	NA	NA	NA	
          NA	18	NA	NA	NA	NA	
          NA	19	NA	NA	NA	NA	
          NA	20	NA	NA	NA	NA	
          NA	21	NA	NA	NA	NA	
          NA	22	NA	NA	NA	NA	
          NA	23	NA	NA	NA	NA	
          NA	24	NA	NA	NA	NA	
          NA	 1	30	30	41	30.02	
          NA	 2	31	30	41	30.04	
          NA	 3	31	30	41	30.06	
          NA	 4	32	30	41	30.08	
          NA	 5	32	30	41	30.10	
          NA	 6	32	30	41	30.11	
          NA	 7	33	30	41	30.12	
          NA	 8	34	30	42	30.16	
          NA	 9	35	30	42	30.16	
          NA	10	36	30	42	30.20	
          NA	11	38	30	42	30.20	
          NA	12	36	30	40	30.18	
          NA	13	36	30	40	30.20	
          NA	14	36	40	40	30.20	
          NA	15	36	30	42	30.22	
          NA	16	36	30	42	30.22	
          NA	17	33	30	33	30.22	
          NA	18	33	30	42	30.22	
          NA	19	32	30	42	30.24	
          NA	20	32	30	42	30.24	
          NA	21	26	30	38	30.24	
          NA	22	24	30	34	30.29	
          NA	23	20	30	30	30.25	
          NA	24	19	30	30	30.23	
          NA	 1	NA	NA	NA	NA	
          NA	 2	43	44	NA	29.80	
          NA	 3	NA	NA	NA	NA	
          NA	 4	44	43	NA	29.80	
          NA	 5	NA	NA	NA	NA	
          NA	 6	43	44	NA	29.77	
          NA	 7	NA	NA	NA	NA	
          NA	 8	45	44	NA	29.79	
          NA	 9	NA	NA	NA	NA	
          NA	10	47	43	NA	29.78	
          NA	11	NA	NA	NA	NA	
          NA	12	47	43	NA	29.78	
          NA	13	NA	NA	NA	NA	
          NA	14	45	45	NA	29.80	
          NA	15	NA	NA	NA	NA	
          NA	16	44	45	NA	29.82	
          NA	17	NA	NA	NA	NA	
          NA	18	44	44	NA	29.83	
          NA	19	NA	NA	NA	NA	
          NA	20	43	44	NA	29.84	
          NA	21	NA	NA	NA	NA	
          NA	22	41	43	NA	29.90	
          NA	23	NA	NA	NA	NA	
          NA	24	40	43	NA	29.94	
          NA	 1	NA	NA	NA	NA	
          NA	 2	38	44	NA	29.74	
          NA	 3	NA	NA	NA	NA	
          NA	 4	39	44	NA	29.74	
          NA	 5	NA	NA	NA	NA	
          NA	 6	40	44	NA	29.74	
          NA	 7	NA	NA	NA	NA	
          NA	 8	39	44	NA	29.74	
          NA	 9	NA	NA	NA	NA	
          NA	10	42	40	NA	29.77	
          NA	11	NA	NA	NA	NA	
          NA	12	45	38	NA	29.77	
          NA	13	NA	NA	NA	NA	
          NA	14	50	40	NA	29.72	
          NA	15	NA	NA	NA	NA	
          NA	16	47	40	NA	29.70	
          NA	17	NA	NA	NA	NA	
          NA	18	47	42	NA	29.69	
          NA	19	NA	NA	NA	NA	
          NA	20	44	40	NA	29.68	
          NA	21	NA	NA	NA	NA	
          NA	22	44	40	NA	29.68	
          NA	23	NA	NA	NA	NA	
          NA	24	44	38	NA	29.64	
          NA	 1	NA	NA	NA	NA	
          NA	 2	NA	NA	NA	NA	
          NA	 3	NA	NA	NA	NA	
          NA	 4	NA	NA	NA	NA	
          NA	 5	NA	NA	NA	NA	
          NA	 6	NA	NA	NA	NA	
          NA	 7	NA	NA	NA	NA	
          NA	 8	NA	NA	NA	NA	
          NA	 9	NA	NA	NA	NA	
          NA	10	NA	NA	NA	NA	
          NA	11	NA	NA	NA	NA	
          NA	12	NA	NA	NA	NA	
          NA	13	NA	NA	NA	NA	
          NA	14	NA	NA	NA	NA	
          NA	15	NA	NA	NA	NA	
          NA	16	NA	NA	NA	NA	
          NA	17	NA	NA	NA	NA	
          NA	18	NA	NA	NA	NA	
          NA	19	NA	NA	NA	NA	
          NA	20	NA	NA	NA	NA	
          NA	21	NA	NA	NA	NA	
          NA	22	NA	NA	NA	NA	
          NA	23	NA	NA	NA	NA	
          NA	24	NA	NA	NA	NA	
          NA	 1	43	NA	NA	30.13	
          NA	 2	43	41	NA	30.13	
          NA	 3	43	NA	NA	30.12	
          NA	 4	44	44	NA	30.14	
          NA	 5	42	NA	NA	30.13	
          NA	 6	42	NA	NA	30.10	
          NA	 7	42	NA	NA	30.08	
          NA	 8	43	NA	NA	30.06	
          NA	 9	42	NA	NA	30.07	
          NA	10	42	41	NA	30.09	
          NA	11	42	NA	NA	30.10	
          NA	12	43	41	NA	30.09	
          NA	13	44	NA	NA	30.05	
          NA	14	44	41	NA	30.04	
          NA	15	45	NA	NA	30.03	
          NA	16	45	41	NA	30.01	
          NA	17	43	NA	NA	29.98	
          NA	18	43	41	NA	29.97	
          NA	19	44	NA	NA	29.93	
          NA	20	44	41	NA	29.90	
          NA	21	44	NA	NA	29.88	
          NA	22	44	41	NA	29.88	
          NA	23	44	NA	NA	29.85	
          NA	24	44	41	NA	29.84	
          NA	 1	52	NA	NA	30.15	
          NA	 2	53	NA	NA	30.15	
          NA	 3	54	NA	NA	30.15	
          NA	 4	54	NA	NA	30.15	
          NA	 5	52	NA	NA	30.15	
          NA	 6	52	NA	NA	30.14	
          NA	 7	55	NA	NA	30.14	
          NA	 8	55	NA	NA	30.15	
          NA	 9	55	NA	NA	30.15	
          NA	10	58	NA	NA	30.16	
          NA	11	61	NA	NA	30.18	
          NA	12	60	NA	NA	30.18	
          NA	13	63	NA	NA	30.13	
          NA	14	64	NA	NA	30.05	
          NA	15	65	NA	NA	30.06	
          NA	16	65	NA	NA	30.04	
          NA	17	67	NA	NA	30.02	
          NA	18	63	NA	NA	30.04	
          NA	19	59	NA	NA	30.08	
          NA	20	58	NA	NA	30.10	
          NA	21	62	NA	NA	30.11	
          NA	22	62	NA	NA	30.12	
          NA	23	59	NA	NA	30.12	
          NA	24	59	NA	NA	30.12	
