  01/04/1922	        NA	        NA	        NA	        NA	                       NA	                       NA	
  08/04/1922	        NA	        NA	        NA	        NA	                       NA	                       NA	
  08/04/1922	        NA	        NA	        NA	        NA	                       NA	                       NA	
  08/04/1922	        NA	        NA	      42.4	     -71.1	    navy yard boston mass	                   boston	
  08/04/1922	        NA	        NA	        NA	        NA	                       NA	                       NA	
  09/04/1922	        NA	        NA	      42.4	     -71.1	pier 6 navy yard boston mass	                   boston	
  09/04/1922	        NA	        NA	        NA	        NA	                       NA	                       NA	
  10/04/1922	        NA	        NA	      42.4	     -71.1	pier 6 navy yard boston mass	                   boston	
  10/04/1922	        NA	        NA	        NA	        NA	                       NA	                       NA	
  11/04/1922	        NA	        NA	      42.4	     -71.1	pier 6 navy yard boston mass	                   boston	
  11/04/1922	        NA	        NA	        NA	        NA	                       NA	                       NA	
  13/04/1922	        NA	        NA	      42.4	     -71.1	pier 6 boston navy yard boston mass	                   boston	
  13/04/1922	        NA	        NA	        NA	        NA	                       NA	                       NA	
  14/04/1922	        NA	        NA	      42.4	     -71.1	pier 6 boston navy yard boston mass	                   boston	
  14/04/1922	        NA	        NA	        NA	        NA	                       NA	                       NA	
  15/04/1922	        NA	        NA	      42.4	     -71.1	at pier 6 navy yard boston mass	                   boston	
  15/04/1922	        NA	        NA	        NA	        NA	                       NA	                       NA	
  16/04/1922	        NA	        NA	      42.4	     -71.1	at pier 6 navy yard boston mass	                   boston	
  16/04/1922	        NA	        NA	        NA	        NA	                       NA	                       NA	
  17/04/1922	        NA	        NA	      42.4	     -71.1	  boston navy yard pier 6	                   boston	
  17/04/1922	        NA	        NA	        NA	        NA	                       NA	                       NA	
  18/04/1922	        NA	        NA	      42.4	     -71.1	  boston navy yard pier 6	                   boston	
  18/04/1922	        NA	        NA	        NA	        NA	                       NA	                       NA	
  19/04/1922	        NA	        NA	      42.4	     -71.1	         boston navy yard	                   boston	
  19/04/1922	        NA	        NA	        NA	        NA	                       NA	                       NA	
  20/04/1922	        NA	        NA	      42.4	     -71.1	 us navy yard boston mass	                   boston	
  20/04/1922	        NA	        NA	        NA	        NA	                       NA	                       NA	
  21/04/1922	        NA	        NA	      42.4	     -71.1	     boston naval station	                   boston	
  21/04/1922	        NA	        NA	        NA	        NA	                       NA	                       NA	
  23/04/1922	   40 00 N	   72 55 W	      40.0	     -75.2	from boston mass to philadelphia pa	             philadelphia	
  25/04/1922	        NA	        NA	      40.0	     -75.2	alongside dock  cramps shipyard at philadelphia pa	             philadelphia	
  25/04/1922	        NA	        NA	        NA	        NA	                       NA	                       NA	
  26/04/1922	        NA	        NA	      40.0	     -75.2	alongside dock  cramps shipyard at philadelphia pa	             philadelphia	
  26/04/1922	        NA	        NA	        NA	        NA	                       NA	                       NA	
  27/04/1922	        NA	        NA	      40.0	     -75.2	alongside slipway at crampo shipyard philadelphia pa	             philadelphia	
  27/04/1922	        NA	        NA	        NA	        NA	                       NA	                       NA	
  28/04/1922	        NA	        NA	      40.0	     -75.2	alongside slipway  cramps shipyard philadelphia pa	             philadelphia	
  28/04/1922	        NA	        NA	        NA	        NA	                       NA	                       NA	
  29/04/1922	        NA	        NA	      40.0	     -75.2	alongside slipway  cramps shipyard philadelphia pa	             philadelphia	
  29/04/1922	        NA	        NA	        NA	        NA	                       NA	                       NA	
  30/04/1922	        NA	        NA	      40.0	     -75.2	alongside slipway  cramps shipyard philadelphia pa	             philadelphia	
  30/04/1922	        NA	        NA	        NA	        NA	                       NA	                       NA	
  01/05/1922	        NA	        NA	      40.0	     -75.2	alongside slipway  cramps shipyard philadelphia pa	             philadelphia	
  01/05/1922	        NA	        NA	        NA	        NA	                       NA	                       NA	
  02/05/1922	        NA	        NA	      40.0	     -75.2	alongside slipway  cramps shipyard philadelphia pa	             philadelphia	
  02/05/1922	        NA	        NA	        NA	        NA	                       NA	                       NA	
  03/05/1922	        NA	        NA	      40.0	     -75.2	alongside slipway  cramps shipyard at philadelphia pa	             philadelphia	
  03/05/1922	        NA	        NA	        NA	        NA	                       NA	                       NA	
  04/05/1922	        NA	        NA	      40.0	     -75.2	alongside slipway  cramps shipyard at philadelphia pa	             philadelphia	
  04/05/1922	        NA	        NA	        NA	        NA	                       NA	                       NA	
  05/05/1922	        NA	        NA	      40.0	     -75.2	alongside slipway  cramps shipyard philadelphia pa	             philadelphia	
  05/05/1922	        NA	        NA	        NA	        NA	                       NA	                       NA	
  06/05/1922	        NA	        NA	      40.0	     -75.2	alongside slipway  cramps shipyard philadelphia pa	             philadelphia	
  06/05/1922	        NA	        NA	        NA	        NA	                       NA	                       NA	
  07/05/1922	        NA	        NA	      40.0	     -75.2	alongside slipway  cramps shipyard philadelphia pa	             philadelphia	
  07/05/1922	        NA	        NA	        NA	        NA	                       NA	                       NA	
  08/05/1922	        NA	        NA	      40.0	     -75.2	alongside slipway  cramps shipyard philadelphia pa	             philadelphia	
  08/05/1922	        NA	        NA	        NA	        NA	                       NA	                       NA	
  09/05/1922	        NA	        NA	      40.0	     -75.2	at cramps shipyard philadelphia pa	             philadelphia	
  09/05/1922	        NA	        NA	        NA	        NA	                       NA	                       NA	
  10/05/1922	        NA	        NA	      40.0	     -75.2	at cramps shipyard philadelphia pa	             philadelphia	
  10/05/1922	        NA	        NA	        NA	        NA	                       NA	                       NA	
  11/05/1922	        NA	        NA	      40.0	     -75.2	at cramps shipyard philadelphia pa	             philadelphia	
  11/05/1922	        NA	        NA	        NA	        NA	                       NA	                       NA	
  12/05/1922	        NA	        NA	      40.0	     -75.2	at cramps shipyard philadelphia pa	             philadelphia	
  12/05/1922	        NA	        NA	        NA	        NA	                       NA	                       NA	
  13/05/1922	        NA	        NA	      40.0	     -75.2	at cramps shipyard philadelphia pa	             philadelphia	
  13/05/1922	        NA	        NA	        NA	        NA	                       NA	                       NA	
  14/05/1922	        NA	        NA	      40.0	     -75.2	at cramps shipyard philadelphia pa	             philadelphia	
  14/05/1922	        NA	        NA	        NA	        NA	                       NA	                       NA	
  15/05/1922	        NA	        NA	      40.0	     -75.2	at cramps shipyard philadelphia pa	             philadelphia	
  15/05/1922	        NA	        NA	        NA	        NA	                       NA	                       NA	
  16/05/1922	        NA	        NA	      40.0	     -75.2	at cramps shipyard philadelphia pa	             philadelphia	
  16/05/1922	        NA	        NA	        NA	        NA	                       NA	                       NA	
  17/05/1922	        NA	        NA	      40.0	     -75.2	at cramps shipyard philadelphia pa	             philadelphia	
  17/05/1922	        NA	        NA	        NA	        NA	                       NA	                       NA	
  18/05/1922	        NA	        NA	      40.0	     -75.2	at cramps shipyard philadelphia pa	             philadelphia	
  18/05/1922	        NA	        NA	        NA	        NA	                       NA	                       NA	
  19/05/1922	        NA	        NA	      40.0	     -75.2	at cramps shipyard philadelphia pa	             philadelphia	
  19/05/1922	        NA	        NA	        NA	        NA	                       NA	                       NA	
  20/05/1922	        NA	        NA	      40.0	     -75.2	at cramps shipyard philadelphia pa	             philadelphia	
  21/05/1922	        NA	        NA	      40.0	     -75.2	at cramps shipyard philadelphia pa	             philadelphia	
  21/05/1922	        NA	        NA	        NA	        NA	                       NA	                       NA	
  22/05/1922	        NA	        NA	      40.0	     -75.2	at cramps shipyard philadelphia pa	             philadelphia	
  22/05/1922	        NA	        NA	        NA	        NA	                       NA	                       NA	
  23/05/1922	        NA	        NA	      40.0	     -75.2	at cramps shipyard philadelphia pa	             philadelphia	
  23/05/1922	        NA	        NA	        NA	        NA	                       NA	                       NA	
  24/05/1922	        NA	        NA	      40.0	     -75.2	at cramps shipyard philadelphia pa	             philadelphia	
  24/05/1922	        NA	        NA	        NA	        NA	                       NA	                       NA	
  25/05/1922	        NA	        NA	      40.0	     -75.2	at cramps shipyard philadelphia pa	             philadelphia	
  25/05/1922	        NA	        NA	        NA	        NA	                       NA	                       NA	
  26/05/1922	        NA	        NA	      40.0	     -75.2	at cramps shipyard philadelphia pa	             philadelphia	
  26/05/1922	        NA	        NA	        NA	        NA	                       NA	                       NA	
  27/05/1922	        NA	        NA	      40.0	     -75.2	at cramps shipyard philadelphia pa	             philadelphia	
  27/05/1922	        NA	        NA	        NA	        NA	                       NA	                       NA	
  28/05/1922	        NA	        NA	      40.0	     -75.2	at cramps drydock philadelphia pa	             philadelphia	
  28/05/1922	        NA	        NA	        NA	        NA	                       NA	                       NA	
  29/05/1922	        NA	        NA	      40.0	     -75.2	at cramps drydock philadelphia pa	             philadelphia	
  29/05/1922	        NA	        NA	        NA	        NA	                       NA	                       NA	
  30/05/1922	        NA	        NA	      40.0	     -75.2	at cramps drydock philadelphia pa	             philadelphia	
  30/05/1922	        NA	        NA	        NA	        NA	                       NA	                       NA	
  31/05/1922	        NA	        NA	      40.0	     -75.2	at cramps drydock philadelphia pa	             philadelphia	
  31/05/1922	        NA	        NA	        NA	        NA	                       NA	                       NA	
  01/06/1922	        NA	        NA	      40.0	     -75.2	at cramps drydock philadelphia pa	             philadelphia	
  01/06/1922	        NA	        NA	        NA	        NA	                       NA	                       NA	
  02/06/1922	        NA	        NA	      40.0	     -75.2	at cramps drydock philadelphia pa	             philadelphia	
  02/06/1922	        NA	        NA	        NA	        NA	                       NA	                       NA	
  03/06/1922	        NA	        NA	      40.0	     -75.2	at cramps drydock philadelphia pa	             philadelphia	
  03/06/1922	        NA	        NA	        NA	        NA	                       NA	                       NA	
  04/06/1922	        NA	        NA	      40.0	     -75.2	at cramps drydock philadelphia pa	             philadelphia	
  04/06/1922	        NA	        NA	        NA	        NA	                       NA	                       NA	
  05/06/1922	        NA	        NA	      40.0	     -75.2	at cramps drydock philadelphia pa	             philadelphia	
  05/06/1922	        NA	        NA	        NA	        NA	                       NA	                       NA	
  06/06/1922	        NA	        NA	      40.0	     -75.2	at cramps drydock philadelphia pa	             philadelphia	
  06/06/1922	        NA	        NA	        NA	        NA	                       NA	                       NA	
  07/06/1922	        NA	        NA	      40.0	     -75.2	at cramps drydock philadelphia pa	             philadelphia	
  07/06/1922	        NA	        NA	        NA	        NA	                       NA	                       NA	
  08/06/1922	        NA	        NA	      40.0	     -75.2	at cramps drydock philadelphia pa	             philadelphia	
  08/06/1922	        NA	        NA	        NA	        NA	                       NA	                       NA	
  09/06/1922	        NA	        NA	      40.0	     -75.2	at cramps drydock philadelphia pa	             philadelphia	
  09/06/1922	        NA	        NA	        NA	        NA	                       NA	                       NA	
  10/06/1922	        NA	        NA	      40.0	     -75.2	at cramps drydock philadelphia pa	             philadelphia	
  10/06/1922	        NA	        NA	        NA	        NA	                       NA	                       NA	
  11/06/1922	        NA	        NA	      40.0	     -75.2	at cramps drydock philadelphia pa	             philadelphia	
  11/06/1922	        NA	        NA	        NA	        NA	                       NA	                       NA	
  12/06/1922	        NA	        NA	      40.0	     -75.2	at cramps drydock philadelphia pa	             philadelphia	
  12/06/1922	        NA	        NA	        NA	        NA	                       NA	                       NA	
  13/06/1922	        NA	        NA	      40.0	     -75.2	at cramps drydock philadelphia pa	             philadelphia	
  13/06/1922	        NA	        NA	        NA	        NA	                       NA	                       NA	
  14/06/1922	        NA	        NA	      40.0	     -75.2	at cramps shipyard philadelphia pa	             philadelphia	
  14/06/1922	        NA	        NA	        NA	        NA	                       NA	                       NA	
  15/06/1922	        NA	        NA	      40.0	     -75.2	at cramps shipyard philadelphia pa	             philadelphia	
  15/06/1922	        NA	        NA	        NA	        NA	                       NA	                       NA	
  16/06/1922	        NA	        NA	      40.0	     -75.2	at cramps shipyard philadelphia pa	             philadelphia	
  16/06/1922	        NA	        NA	        NA	        NA	                       NA	                       NA	
  17/06/1922	        NA	        NA	      40.0	     -75.2	at cramps shipyard philadelphia pa	             philadelphia	
  17/06/1922	        NA	        NA	        NA	        NA	                       NA	                       NA	
  18/06/1922	        NA	        NA	      40.0	     -75.2	at cramps shipyard philadelphia pa	             philadelphia	
  18/06/1922	        NA	        NA	        NA	        NA	                       NA	                       NA	
  19/06/1922	        NA	        NA	      40.0	     -75.2	at cramps shipyard philadelphia pa	             philadelphia	
  19/06/1922	        NA	        NA	        NA	        NA	                       NA	                       NA	
  20/06/1922	        NA	        NA	      40.0	     -75.2	at cramps shipyard philadelphia pa	             philadelphia	
  20/06/1922	        NA	        NA	        NA	        NA	                       NA	                       NA	
  21/06/1922	        NA	        NA	      40.0	     -75.2	at cramps shipyard philadelphia pa	             philadelphia	
  21/06/1922	        NA	        NA	        NA	        NA	                       NA	                       NA	
  22/06/1922	        NA	        NA	      40.0	     -75.2	at cramps shipyard philadelphia pa	             philadelphia	
  22/06/1922	        NA	        NA	        NA	        NA	                       NA	                       NA	
  22/06/1922	        NA	        NA	      40.0	     -75.2	at cramps shipyard philadelphia pa	             philadelphia	
  22/06/1922	        NA	        NA	        NA	        NA	                       NA	                       NA	
  23/06/1922	        NA	        NA	      40.0	     -75.2	at cramps shipyard philadelphia pa	             philadelphia	
  23/06/1922	        NA	        NA	        NA	        NA	                       NA	                       NA	
  24/06/1922	        NA	        NA	      40.0	     -75.2	at cramps shipyard philadelphia pa	             philadelphia	
  24/06/1922	        NA	        NA	        NA	        NA	                       NA	                       NA	
  25/06/1922	        NA	        NA	      40.0	     -75.2	at cramps shipyard philadelphia pa	             philadelphia	
  25/06/1922	        NA	        NA	        NA	        NA	                       NA	                       NA	
  26/06/1922	        NA	        NA	      40.0	     -75.2	at cramps shipyard philadelphia pa	             philadelphia	
  26/06/1922	        NA	        NA	        NA	        NA	                       NA	                       NA	
  27/06/1922	        NA	        NA	      40.0	     -75.2	at cramps shipyard philadelphia pa	             philadelphia	
  27/06/1922	        NA	        NA	        NA	        NA	                       NA	                       NA	
  30/06/1922	        NA	        NA	        NA	        NA	                       NA	                       NA	
  01/07/1922	        NA	        NA	      40.0	     -75.2	kensington shipyard philadelphia pa	             philadelphia	
  01/07/1922	        NA	        NA	        NA	        NA	                       NA	                       NA	
  01/07/1922	        NA	        NA	        NA	        NA	                       NA	                       NA	
  01/07/1922	        NA	        NA	        NA	        NA	                       NA	                       NA	
  01/07/1922	        NA	        NA	        NA	        NA	                       NA	                       NA	
  01/07/1922	        NA	        NA	        NA	        NA	                       NA	                       NA	
  01/07/1922	        NA	        NA	        NA	        NA	                       NA	                       NA	
  01/07/1922	        NA	        NA	        NA	        NA	                       NA	                       NA	
  01/07/1922	        NA	        NA	        NA	        NA	                       NA	                       NA	
  01/07/1922	        NA	        NA	        NA	        NA	                       NA	                       NA	
  01/07/1922	        NA	        NA	        NA	        NA	                       NA	                       NA	
  01/07/1922	        NA	        NA	        NA	        NA	                       NA	                       NA	
  01/07/1922	        NA	        NA	      40.0	     -75.2	kensington shipyard philadelphia pa	             philadelphia	
  01/07/1922	        NA	        NA	        NA	        NA	                       NA	                       NA	
  02/07/1922	        NA	        NA	      40.0	     -75.2	kensington shipyard philadelphia pa	             philadelphia	
  02/07/1922	        NA	        NA	        NA	        NA	                       NA	                       NA	
  03/07/1922	        NA	        NA	      40.0	     -75.2	kensington shipyard philadelphia pa	             philadelphia	
  03/07/1922	        NA	        NA	        NA	        NA	                       NA	                       NA	
  03/07/1922	        NA	        NA	      40.0	     -75.2	kensington shipyard philadelphia pa	             philadelphia	
  03/07/1922	        NA	        NA	        NA	        NA	                       NA	                       NA	
  04/07/1922	        NA	        NA	      40.0	     -75.2	kensington shipyard philadelphia pa	             philadelphia	
  04/07/1922	        NA	        NA	        NA	        NA	                       NA	                       NA	
  05/07/1922	        NA	        NA	      40.0	     -75.2	kensington shipyard philadelphia pa	             philadelphia	
  05/07/1922	        NA	        NA	        NA	        NA	                       NA	                       NA	
  06/07/1922	        NA	        NA	      40.0	     -75.2	kensington shipyard philadelphia pa	             philadelphia	
  06/07/1922	        NA	        NA	        NA	        NA	                       NA	                       NA	
  07/07/1922	        NA	        NA	      40.0	     -75.2	alongside at kensington shipyard philadelphia pa	             philadelphia	
  07/07/1922	        NA	        NA	        NA	        NA	                       NA	                       NA	
  08/07/1922	        NA	        NA	      40.0	     -75.2	alongside kensington shipyard philadelphia pa	             philadelphia	
  08/07/1922	        NA	        NA	        NA	        NA	                       NA	                       NA	
  09/07/1922	        NA	        NA	      40.0	     -75.2	alongside kensington shipyard philadelphia pa	             philadelphia	
  09/07/1922	        NA	        NA	        NA	        NA	                       NA	                       NA	
  10/07/1922	        NA	        NA	      40.0	     -75.2	alongside kensington shipyard philadelphia pa	             philadelphia	
  10/07/1922	        NA	        NA	        NA	        NA	                       NA	                       NA	
  11/07/1922	        NA	        NA	      40.0	     -75.2	alongside kensington shipyard philadelphia pa	             philadelphia	
  11/07/1922	        NA	        NA	        NA	        NA	                       NA	                       NA	
  12/07/1922	        NA	        NA	      40.0	     -75.2	kensington shipyard philadelphia pa	             philadelphia	
  12/07/1922	        NA	        NA	        NA	        NA	                       NA	                       NA	
  13/07/1922	        NA	        NA	      40.0	     -75.2	alongside kensington shipyard philadelphia pa	             philadelphia	
  13/07/1922	        NA	        NA	        NA	        NA	                       NA	                       NA	
  14/07/1922	        NA	        NA	      40.0	     -75.2	alongside kensington shipyard philadelphia pa	             philadelphia	
  14/07/1922	        NA	        NA	        NA	        NA	                       NA	                       NA	
  15/07/1922	        NA	        NA	      40.0	     -75.2	alongside kensington shipyard philadelphia pa	             philadelphia	
  15/07/1922	        NA	        NA	        NA	        NA	                       NA	                       NA	
  16/07/1922	        NA	        NA	      40.0	     -75.2	alongside kensington shipyard philadelphia pa	             philadelphia	
  16/07/1922	        NA	        NA	        NA	        NA	                       NA	                       NA	
  17/07/1922	        NA	        NA	      40.0	     -75.2	kensington shipyard philadelphia pa	             philadelphia	
  17/07/1922	        NA	        NA	        NA	        NA	                       NA	                       NA	
  18/07/1922	        NA	        NA	      40.0	     -75.2	alongside kensington shipyard philadelphia pa	             philadelphia	
  18/07/1922	        NA	        NA	        NA	        NA	                       NA	                       NA	
  19/07/1922	        NA	        NA	      40.0	     -75.2	alongside kensington shipyard philadelphia pa	             philadelphia	
  19/07/1922	        NA	        NA	        NA	        NA	                       NA	                       NA	
  20/07/1922	        NA	        NA	      40.0	     -75.2	alongside kensington shipyard philadelphia pa	             philadelphia	
  20/07/1922	        NA	        NA	        NA	        NA	                       NA	                       NA	
  21/07/1922	        NA	        NA	      40.0	     -75.2	alongside kensington shipyard philadelphia pa	             philadelphia	
  21/07/1922	        NA	        NA	        NA	        NA	                       NA	                       NA	
  22/07/1922	        NA	        NA	      40.0	     -75.2	alongside kensington shipyard philadelphia pa	             philadelphia	
  22/07/1922	        NA	        NA	        NA	        NA	                       NA	                       NA	
  23/07/1922	        NA	        NA	      40.0	     -75.2	alongside kensington shipyard philadelphia pa	             philadelphia	
  23/07/1922	        NA	        NA	        NA	        NA	                       NA	                       NA	
  24/07/1922	        NA	        NA	      40.0	     -75.2	alongside kensington shipyard philadelphia pa	             philadelphia	
  24/07/1922	        NA	        NA	        NA	        NA	                       NA	                       NA	
  25/07/1922	        NA	        NA	      40.0	     -75.2	alongside pier 98 philadelphia pa	             philadelphia	
  25/07/1922	        NA	        NA	        NA	        NA	                       NA	                       NA	
  26/07/1922	        NA	        NA	      40.0	     -75.2	alongside pier 98 philadelphia pa	             philadelphia	
  26/07/1922	        NA	        NA	        NA	        NA	                       NA	                       NA	
  27/07/1922	        NA	        NA	      40.0	     -75.2	alongside pier 98 philadelphia pa	             philadelphia	
  27/07/1922	        NA	        NA	        NA	        NA	                       NA	                       NA	
  28/07/1922	        NA	        NA	      40.0	     -75.2	alongside pier 98 south philadelphia pa	             philadelphia	
  28/07/1922	        NA	        NA	        NA	        NA	                       NA	                       NA	
  29/07/1922	        NA	        NA	      40.0	     -75.2	alongside pier 98 south philadelphia pa	             philadelphia	
  29/07/1922	        NA	        NA	        NA	        NA	                       NA	                       NA	
  30/07/1922	        NA	        NA	      40.0	     -75.2	alongside pier 98 philadelphia pa	             philadelphia	
  30/07/1922	        NA	        NA	        NA	        NA	                       NA	                       NA	
  31/07/1922	        NA	        NA	      40.0	     -75.2	alongside pier 98 south philadelphia pa	             philadelphia	
  31/07/1922	        NA	        NA	        NA	        NA	                       NA	                       NA	
  01/08/1922	        NA	        NA	      40.0	     -75.2	alongside pier 98 south philadelphia pa	             philadelphia	
  01/08/1922	        NA	        NA	        NA	        NA	                       NA	                       NA	
  02/08/1922	        NA	        NA	      40.0	     -75.2	alongside pier 98 philadelphia pa	             philadelphia	
  02/08/1922	        NA	        NA	        NA	        NA	                       NA	                       NA	
  03/08/1922	        NA	        NA	        NA	        NA	  alongside pier 98 south	                       NA	
  03/08/1922	        NA	        NA	        NA	        NA	                       NA	                       NA	
  04/08/1922	        NA	        NA	      40.0	     -75.2	alongside pier 98 philadelphia pa	             philadelphia	
  04/08/1922	        NA	        NA	        NA	        NA	                       NA	                       NA	
  05/08/1922	        NA	        NA	      40.0	     -75.2	alongside pier 98 philadelphia pa	             philadelphia	
  05/08/1922	        NA	        NA	        NA	        NA	                       NA	                       NA	
  06/08/1922	        NA	        NA	      40.0	     -75.2	alongside kensington shipyard philadelphia pa	             philadelphia	
  06/08/1922	        NA	        NA	        NA	        NA	                       NA	                       NA	
  07/08/1922	        NA	        NA	      40.0	     -75.2	alongside east wharf at cramps dry dock philadelphia pa	             philadelphia	
  07/08/1922	        NA	        NA	        NA	        NA	                       NA	                       NA	
  08/08/1922	        NA	        NA	      40.0	     -75.2	alongside cramps shipyard philadelphia pa	             philadelphia	
  08/08/1922	        NA	        NA	        NA	        NA	                       NA	                       NA	
  09/08/1922	   39 23 N	   75 28 W	      40.0	     -75.2	alongside pier 5 navy yard philadelphia pa	             philadelphia	
  09/08/1922	        NA	        NA	        NA	        NA	                       NA	                       NA	
  10/08/1922	   36 51 N	   76 18 W	      36.9	     -76.3	enroute philadelphia pa to norfolk va	           n o b  norfolk	
  10/08/1922	        NA	        NA	        NA	        NA	                       NA	                       NA	
  21/08/1922	        NA	        NA	        NA	        NA	                       NA	                       NA	
  28/08/1922	        NA	        NA	        NA	        NA	                       NA	                       NA	
  29/08/1922	        NA	        NA	      37.0	     -76.3	alongside berth e pier 2 hampton roads navy yard supply base	            hampton roads	
  29/08/1922	        NA	        NA	        NA	        NA	                       NA	                       NA	
  03/09/1922	        NA	        NA	      38.9	     -77.0	            washington dc	            washington dc	
  03/09/1922	        NA	        NA	        NA	        NA	                       NA	                       NA	
  04/09/1922	        NA	        NA	      38.9	     -77.0	alongside lighthouse dock washington dc	            washington dc	
  04/09/1922	        NA	        NA	        NA	        NA	                       NA	                       NA	
  05/09/1922	        NA	        NA	      38.9	     -77.0	alongside lighthouse dock washington dc	            washington dc	
  05/09/1922	        NA	        NA	        NA	        NA	                       NA	                       NA	
  06/09/1922	        NA	        NA	      38.9	     -77.0	alongside lighthouse wharf at washington dc	            washington dc	
  06/09/1922	        NA	        NA	        NA	        NA	                       NA	                       NA	
  07/09/1922	        NA	        NA	      38.9	     -77.0	alongside lighthouse dock washington dc	            washington dc	
  07/09/1922	        NA	        NA	        NA	        NA	                       NA	                       NA	
  08/09/1922	        NA	        NA	      38.9	     -77.0	alongside lighthouse wharf at washington dc	            washington dc	
  08/09/1922	        NA	        NA	        NA	        NA	                       NA	                       NA	
  09/09/1922	        NA	        NA	      38.9	     -77.0	alongside lighthouse pier washington dc	            washington dc	
  09/09/1922	        NA	        NA	        NA	        NA	                       NA	                       NA	
  10/09/1922	        NA	        NA	      38.9	     -77.0	            washington dc	            washington dc	
  10/09/1922	        NA	        NA	        NA	        NA	                       NA	                       NA	
  11/09/1922	        NA	        NA	      38.9	     -77.0	alongside lighthouse dock washington dc	            washington dc	
  11/09/1922	        NA	        NA	        NA	        NA	                       NA	                       NA	
  12/09/1922	        NA	        NA	      38.9	     -77.0	            washington dc	            washington dc	
  12/09/1922	        NA	        NA	        NA	        NA	                       NA	                       NA	
  21/09/1922	        NA	        NA	        NA	        NA	                       NA	                       NA	
  22/09/1922	        NA	        NA	      37.0	     -76.3	alongside pier 2 naval operating base hampton roads va	            hampton roads	
  22/09/1922	        NA	        NA	        NA	        NA	                       NA	                       NA	
  23/09/1922	   36 55 N	   74 58 W	      37.0	     -76.3	at anchor off old point comfort hampton roads va	            hampton roads	
  23/09/1922	        NA	        NA	        NA	        NA	                       NA	                       NA	
  24/09/1922	   36 21 N	   71 18 W	        NA	        NA	at sea enroute norfolk va to colon panama	                       NA	
  24/09/1922	        NA	        NA	        NA	        NA	                       NA	                       NA	
  25/09/1922	     33 41	   71 22 W	        NA	        NA	at sea enroute norfolk va to colon panama	                       NA	
  25/09/1922	        NA	        NA	        NA	        NA	                       NA	                       NA	
  26/09/1922	   30 28 N	   71 32 W	        NA	        NA	enroute norfolk va to colon panama at sea	                       NA	
  26/09/1922	        NA	        NA	        NA	        NA	                       NA	                       NA	
  27/09/1922	   27 36 N	   71 24 W	        NA	        NA	enroute from norfolk va to colon panama	                       NA	
  27/09/1922	        NA	        NA	        NA	        NA	                       NA	                       NA	
  28/09/1922	   25 02 N	   73 03 W	        NA	        NA	enroute norfolk va to colon panama	                       NA	
  28/09/1922	        NA	        NA	        NA	        NA	                       NA	                       NA	
  29/09/1922	     23 07	     74 10	        NA	        NA	enroute from norfolk va to colon panama	                       NA	
  29/09/1922	        NA	        NA	        NA	        NA	                       NA	                       NA	
  30/09/1922	     20 34	     73 49	        NA	        NA	enroute from norfolk va to colon panama	                       NA	
  30/09/1922	        NA	        NA	        NA	        NA	                       NA	                       NA	
  01/10/1922	        NA	        NA	        NA	        NA	enroute from norfolk va to colon panama	                       NA	
  01/10/1922	        NA	        NA	        NA	        NA	dame marie lt bear 185o true	                       NA	
  02/10/1922	     20 34	     73 49	        NA	        NA	enroute norfolk va to colon panama	                       NA	
  02/10/1922	        NA	        NA	        NA	        NA	                       NA	                       NA	
  03/10/1922	   12 55 N	   76 46 W	        NA	        NA	enroute norfolk va to colon panama	                       NA	
  03/10/1922	        NA	        NA	        NA	        NA	                       NA	                       NA	
  04/10/1922	   10 35 N	   78 38 W	        NA	        NA	enroute norfolk va to colon panama	                       NA	
  04/10/1922	        NA	        NA	        NA	        NA	                       NA	                       NA	
  05/10/1922	   09 50 N	   79 40 W	        NA	        NA	enroute norfolk va to colon panama	                       NA	
  05/10/1922	        NA	        NA	        NA	        NA	                       NA	                       NA	
  06/10/1922	        NA	        NA	        NA	        NA	                       NA	                       NA	
  07/10/1922	        NA	        NA	       8.9	     -79.6	alongside pier 16  balboa canal zone	                   balboa	
  07/10/1922	        NA	        NA	        NA	        NA	                       NA	                       NA	
  08/10/1922	        NA	        NA	       8.9	     -79.6	alongside pier 16 at balboa canal zone	                   balboa	
  08/10/1922	        NA	        NA	        NA	        NA	                       NA	                       NA	
  09/10/1922	        NA	        NA	       8.9	     -79.6	pier 16 balboa panama canal zone	             panama canal	
  09/10/1922	        NA	        NA	        NA	        NA	                       NA	                       NA	
  10/10/1922	        NA	        NA	       8.9	     -79.6	alongside pier 16 balboa cz	                   balboa	
  10/10/1922	        NA	        NA	        NA	        NA	                       NA	                       NA	
  11/10/1922	        NA	        NA	       8.9	     -79.6	alongside pier 16 balboa cz	                   balboa	
  11/10/1922	        NA	        NA	        NA	        NA	                       NA	                       NA	
  12/10/1922	        NA	        NA	       8.9	     -79.6	alongside pier 16 balboa cz	                   balboa	
  12/10/1922	        NA	        NA	        NA	        NA	                       NA	                       NA	
  13/10/1922	        NA	        NA	       8.9	     -79.6	      at balboa panama cz	                   balboa	
  13/10/1922	        NA	        NA	        NA	        NA	                       NA	                       NA	
  13/10/1922	        NA	        NA	        NA	        NA	                       NA	                       NA	
  13/10/1922	        NA	        NA	        NA	        NA	                       NA	                       NA	
  13/10/1922	        NA	        NA	        NA	        NA	                       NA	                       NA	
  13/10/1922	        NA	        NA	        NA	        NA	                       NA	                       NA	
  13/10/1922	        NA	        NA	        NA	        NA	                       NA	                       NA	
  13/10/1922	        NA	        NA	        NA	        NA	                       NA	                       NA	
  13/10/1922	        NA	        NA	        NA	        NA	                       NA	                       NA	
  13/10/1922	        NA	        NA	        NA	        NA	                       NA	                       NA	
  13/10/1922	        NA	        NA	        NA	        NA	                       NA	                       NA	
  13/10/1922	        NA	        NA	        NA	        NA	                       NA	                       NA	
  13/10/1922	        NA	        NA	        NA	        NA	                       NA	                       NA	
  13/10/1922	        NA	        NA	        NA	        NA	                       NA	                       NA	
  13/10/1922	        NA	        NA	        NA	        NA	                       NA	                       NA	
  13/10/1922	        NA	        NA	        NA	        NA	                       NA	                       NA	
  13/10/1922	        NA	        NA	        NA	        NA	                       NA	                       NA	
  13/10/1922	        NA	        NA	        NA	        NA	                       NA	                       NA	
  14/10/1922	   06 43 N	   79 32 W	      32.7	    -117.2	at sea balboa cz to san diego cal	            san diego usa	
  14/10/1922	        NA	        NA	        NA	        NA	                       NA	                       NA	
  15/10/1922	   06 31 N	   82 50 W	      32.7	    -117.2	at sea balboa cz to san diego cal	            san diego usa	
  15/10/1922	        NA	        NA	        NA	        NA	                       NA	                       NA	
  16/10/1922	   06 55 N	   84 34 W	      32.7	    -117.2	at sea balboa cz to san diego cal	            san diego usa	
  16/10/1922	        NA	        NA	        NA	        NA	                       NA	                       NA	
  17/10/1922	   08 37 N	   86 42 W	      32.7	    -117.2	at sea balboa cz to san diego cal	            san diego usa	
  17/10/1922	        NA	        NA	        NA	        NA	                       NA	                       NA	
  18/10/1922	   10 17 N	   88 53 W	      32.7	    -117.2	at sea balboa cz to san diego cal	            san diego usa	
  18/10/1922	        NA	        NA	        NA	        NA	                       NA	                       NA	
  19/10/1922	     11 49	     92 04	      32.7	    -117.2	at sea balboa cz to san diego cal	            san diego usa	
  19/10/1922	        NA	        NA	        NA	        NA	                       NA	                       NA	
  20/10/1922	     12 37	     95 29	      32.7	    -117.2	enroute balboa cz to san diego cal	            san diego usa	
  20/10/1922	        NA	        NA	        NA	        NA	                       NA	                       NA	
  21/10/1922	   14 13 N	   98 54 W	      32.7	    -117.2	enroute balboa cz to san diego cal	            san diego usa	
  21/10/1922	        NA	        NA	        NA	        NA	                       NA	                       NA	
  22/10/1922	   15 49 N	  102 22 W	      32.7	    -117.2	enroute balboa cz to san diego cal	            san diego usa	
  22/10/1922	        NA	        NA	        NA	        NA	                       NA	                       NA	
  23/10/1922	   17 23 N	  105 52 W	      32.7	    -117.2	enroute balboa cz to san diego cal	            san diego usa	
  23/10/1922	        NA	        NA	        NA	        NA	                       NA	                       NA	
  24/10/1922	   19 34 N	  109 14 W	      32.7	    -117.2	enroute balboa cz to san diego cal	            san diego usa	
  24/10/1922	        NA	        NA	        NA	        NA	                       NA	                       NA	
  25/10/1922	   21 58 N	  112 33 W	      32.7	    -117.2	enroute balboa cz to san diego cal	            san diego usa	
  25/10/1922	        NA	        NA	        NA	        NA	                       NA	                       NA	
  26/10/1922	     24 50	    115 04	      32.7	    -117.2	enroute balboa cz to san diego cal	            san diego usa	
  26/10/1922	        NA	        NA	        NA	        NA	alyin rocks sighted bearing 285o true	                       NA	
  27/10/1922	   27 36 N	    116 49	      32.7	    -117.2	enroute balboa cz to san diego cal	            san diego usa	
  27/10/1922	        NA	        NA	        NA	        NA	                       NA	                       NA	
  28/10/1922	   30 39 N	  117 46 W	      32.7	    -117.2	enroute balboa cz to san diego cal	            san diego usa	
  28/10/1922	        NA	        NA	        NA	        NA	                       NA	                       NA	
  30/10/1922	        NA	        NA	      32.7	    -117.2	            san diego cal	            san diego usa	
  30/10/1922	        NA	        NA	        NA	        NA	                       NA	                       NA	
  31/10/1922	        NA	        NA	      32.7	    -117.2	            san diego cal	            san diego usa	
  31/10/1922	        NA	        NA	        NA	        NA	                       NA	                       NA	
  01/11/1922	        NA	        NA	      33.7	    -118.3	alongside kirchoff lumber dock san pedro cal	          san pedro calif	
  01/11/1922	        NA	        NA	        NA	        NA	                       NA	                       NA	
  02/11/1922	        NA	        NA	      33.7	    -118.3	alongside kirchoff lumber dock san pedro cal	          san pedro calif	
  02/11/1922	        NA	        NA	        NA	        NA	                       NA	                       NA	
  02/11/1922	        NA	        NA	        NA	        NA	                       NA	                       NA	
  02/11/1922	        NA	        NA	        NA	        NA	                       NA	                       NA	
  03/11/1922	        NA	        NA	      33.7	    -118.3	alongside kirchoff lumber dock san pedro cal	          san pedro calif	
  03/11/1922	        NA	        NA	        NA	        NA	                       NA	                       NA	
  04/11/1922	        NA	        NA	      33.7	    -118.3	alongside terminal dock san pedro calif	          san pedro calif	
  04/11/1922	        NA	        NA	        NA	        NA	                       NA	                       NA	
  05/11/1922	        NA	        NA	      32.7	    -117.2	alongside municipal pier san diego cal	            san diego usa	
  05/11/1922	        NA	        NA	        NA	        NA	                       NA	                       NA	
  06/11/1922	        NA	        NA	      32.7	    -117.2	alongside municipal pier san diego cal	            san diego usa	
  06/11/1922	        NA	        NA	        NA	        NA	                       NA	                       NA	
  07/11/1922	        NA	        NA	      32.7	    -117.2	alongside municipal pier san diego calif	            san diego usa	
  07/11/1922	        NA	        NA	        NA	        NA	                       NA	                       NA	
  08/11/1922	        NA	        NA	      32.7	    -117.2	alongside municipal pier san diego calif	            san diego usa	
  08/11/1922	        NA	        NA	        NA	        NA	                       NA	                       NA	
  09/11/1922	        NA	        NA	      32.7	    -117.2	alongside municipal pier san diego calif	            san diego usa	
  09/11/1922	        NA	        NA	        NA	        NA	                       NA	                       NA	
  10/11/1922	        NA	        NA	      32.7	    -117.2	alongside municipal pier san diego calif	            san diego usa	
  10/11/1922	        NA	        NA	        NA	        NA	                       NA	                       NA	
  11/11/1922	        NA	        NA	      32.7	    -117.2	at anchor berth 20 san diego calif	        g berth san diego	
  11/11/1922	        NA	        NA	        NA	        NA	                       NA	                       NA	
  12/11/1922	        NA	        NA	      32.7	    -117.2	at anchor berth 9 san diego calif	        g berth san diego	
  12/11/1922	        NA	        NA	        NA	        NA	                       NA	                       NA	
  13/11/1922	        NA	        NA	      32.7	    -117.2	at anchor berth 9 san diego calif	        g berth san diego	
  13/11/1922	        NA	        NA	        NA	        NA	                       NA	                       NA	
  14/11/1922	        NA	        NA	      32.7	    -117.2	at anchor berth 9 san diego harbor	        g berth san diego	
  14/11/1922	        NA	        NA	        NA	        NA	                       NA	                       NA	
  15/11/1922	        NA	        NA	      32.7	    -117.2	          san diego calif	        g berth san diego	
  15/11/1922	        NA	        NA	        NA	        NA	                       NA	                       NA	
  18/11/1922	        NA	        NA	        NA	        NA	                       NA	                       NA	
  19/11/1922	        NA	        NA	      32.7	    -117.2	alongside sprecklis coal wharf san diego cal	            san diego usa	
  19/11/1922	        NA	        NA	        NA	        NA	                       NA	                       NA	
  20/11/1922	        NA	        NA	      32.7	    -117.2	alongside spreckles wharf san diego cal	            san diego usa	
  20/11/1922	        NA	        NA	        NA	        NA	                       NA	                       NA	
  21/11/1922	        NA	        NA	      32.7	    -117.2	alongside spreckles wharf san diego cal	            san diego usa	
  21/11/1922	        NA	        NA	        NA	        NA	                       NA	                       NA	
  25/11/1922	        NA	        NA	        NA	        NA	                       NA	                       NA	
  26/11/1922	        NA	        NA	      32.7	    -117.2	anchor san diego harbor and alongside municipal pier san diego cal	            san diego usa	
  26/11/1922	        NA	        NA	        NA	        NA	                       NA	                       NA	
  27/11/1922	        NA	        NA	      32.7	    -117.2	alongside municipal pier san diego cal	            san diego usa	
  27/11/1922	        NA	        NA	        NA	        NA	                       NA	                       NA	
  28/11/1922	        NA	        NA	        NA	        NA	                       NA	                       NA	
  29/11/1922	        NA	        NA	      32.7	    -117.2	alongside santa fe wharf san diego cal	            san diego usa	
  29/11/1922	        NA	        NA	        NA	        NA	                       NA	                       NA	
  30/11/1922	        NA	        NA	      32.7	    -117.2	alongside santa fe wharf san diego cal	            san diego usa	
  30/11/1922	        NA	        NA	        NA	        NA	                       NA	                       NA	
  01/12/1922	        NA	        NA	      32.7	    -117.2	alongside santa fe dock san diego calif	            san diego usa	
  01/12/1922	        NA	        NA	        NA	        NA	                       NA	                       NA	
  02/12/1922	        NA	        NA	        NA	        NA	  at sea off la jolla cal	                       NA	
  02/12/1922	        NA	        NA	        NA	        NA	                       NA	                       NA	
  03/12/1922	        NA	        NA	      32.7	    -117.2	alongside santa fe wharf wharf san diego cal	            san diego usa	
  03/12/1922	        NA	        NA	        NA	        NA	                       NA	                       NA	
  04/12/1922	        NA	        NA	      32.7	    -117.2	alongside santa fe wharf san diego calif	            san diego usa	
  04/12/1922	        NA	        NA	        NA	        NA	                       NA	                       NA	
  05/12/1922	        NA	        NA	      32.7	    -117.2	alongside santa fe wharf san diego calif	            san diego usa	
  05/12/1922	        NA	        NA	        NA	        NA	                       NA	                       NA	
  06/12/1922	        NA	        NA	      32.7	    -117.2	alongside coal dock near quarantine sta san diego calif	            san diego usa	
  06/12/1922	        NA	        NA	        NA	        NA	                       NA	                       NA	
  07/12/1922	        NA	        NA	      32.7	    -117.2	at anchor just north of ballast pt san diego calif	            san diego usa	
  07/12/1922	        NA	        NA	        NA	        NA	                       NA	                       NA	
  08/12/1922	        NA	        NA	      32.7	    -117.2	alongside navy coal dock san diego bay calif	            san diego usa	
  08/12/1922	        NA	        NA	        NA	        NA	                       NA	                       NA	
  09/12/1922	        NA	        NA	      32.7	    -117.2	alongside santa fe wharf san diego cal	            san diego usa	
  09/12/1922	        NA	        NA	        NA	        NA	                       NA	                       NA	
  10/12/1922	        NA	        NA	      32.7	    -117.2	alongside santa fe wharf san diego calif	            san diego usa	
  10/12/1922	        NA	        NA	        NA	        NA	                       NA	                       NA	
  11/12/1922	        NA	        NA	      32.7	    -117.2	alongside santa fe wharf san diego calif	            san diego usa	
  11/12/1922	        NA	        NA	        NA	        NA	                       NA	                       NA	
  12/12/1922	        NA	        NA	      32.7	    -117.2	alongside quarantine dock san diego bay calif	            san diego usa	
  12/12/1922	        NA	        NA	        NA	        NA	                       NA	                       NA	
  13/12/1922	        NA	        NA	      32.7	    -117.2	alongside us quarantine dock san diego bay calif	            san diego usa	
  13/12/1922	        NA	        NA	        NA	        NA	                       NA	                       NA	
  14/12/1922	        NA	        NA	      32.7	    -117.2	alongside us quarantine dock san diego bay calif	            san diego usa	
  14/12/1922	        NA	        NA	        NA	        NA	                       NA	                       NA	
  15/12/1922	        NA	        NA	      32.7	    -117.2	alongside standard oil dock san diego calif	            san diego usa	
  15/12/1922	        NA	        NA	        NA	        NA	                       NA	                       NA	
  16/12/1922	        NA	        NA	      32.7	    -117.2	alongside quarantine station dock san diego cal	            san diego usa	
  16/12/1922	        NA	        NA	        NA	        NA	                       NA	                       NA	
  17/12/1922	        NA	        NA	      32.7	    -117.2	santa fe wharf san diego california	            san diego usa	
  17/12/1922	        NA	        NA	        NA	        NA	                       NA	                       NA	
  18/12/1922	        NA	        NA	      32.7	    -117.2	alongside santa fe east wharf san diego calif	            san diego usa	
  18/12/1922	        NA	        NA	        NA	        NA	                       NA	                       NA	
  19/12/1922	        NA	        NA	      32.7	    -117.2	alongside us quarantine dock san diego bay calif	            san diego usa	
  19/12/1922	        NA	        NA	        NA	        NA	                 la jolla	                       NA	
  23/12/1922	        NA	        NA	        NA	        NA	                       NA	                       NA	
  24/12/1922	        NA	        NA	      32.7	    -117.2	alongside santa fe wharf san diego calif	            san diego usa	
  24/12/1922	        NA	        NA	        NA	        NA	                       NA	                       NA	
  25/12/1922	        NA	        NA	      32.7	    -117.2	     san diego california	            san diego usa	
  25/12/1922	        NA	        NA	        NA	        NA	                       NA	                       NA	
  26/12/1922	        NA	        NA	      32.7	    -117.2	alongside east santa fe wharf san diego cal	            san diego usa	
  26/12/1922	        NA	        NA	        NA	        NA	                       NA	                       NA	
  27/12/1922	        NA	        NA	      32.7	    -117.2	alongside east santa fe wharf san diego cal	            san diego usa	
  27/12/1922	        NA	        NA	        NA	        NA	                       NA	                       NA	
  28/12/1922	        NA	        NA	      32.7	    -117.2	alongside east santa fe wharf san diego calif	            san diego usa	
  28/12/1922	        NA	        NA	        NA	        NA	                       NA	                       NA	
  29/12/1922	        NA	        NA	        NA	        NA	                       NA	                       NA	
  30/12/1922	        NA	        NA	      32.7	    -117.2	alongside east santa fe wharf san diego cal	            san diego usa	
  30/12/1922	        NA	        NA	        NA	        NA	                       NA	                       NA	
  31/12/1922	        NA	        NA	      32.7	    -117.2	alongside east santa fe wharf san diego cal	            san diego usa	
  31/12/1922	        NA	        NA	        NA	        NA	                       NA	                       NA	
