  01/01/1923	        NA	        NA	      32.7	    -117.2	alongside east santa fe wharf san diego calif	            san diego usa	
  01/01/1923	        NA	        NA	        NA	        NA	                       NA	                       NA	
  01/01/1923	        NA	        NA	        NA	        NA	                       NA	                       NA	
  01/01/1923	        NA	        NA	        NA	        NA	                       NA	                       NA	
  01/01/1923	        NA	        NA	        NA	        NA	                       NA	                       NA	
  01/01/1923	        NA	        NA	        NA	        NA	                       NA	                       NA	
  01/01/1923	        NA	        NA	        NA	        NA	                       NA	                       NA	
  01/01/1923	        NA	        NA	        NA	        NA	                       NA	                       NA	
  01/01/1923	        NA	        NA	        NA	        NA	                       NA	                       NA	
  01/01/1923	        NA	        NA	        NA	        NA	                       NA	                       NA	
  01/01/1923	        NA	        NA	        NA	        NA	                       NA	                       NA	
  01/01/1923	        NA	        NA	        NA	        NA	                       NA	                       NA	
  01/01/1923	        NA	        NA	        NA	        NA	                       NA	                       NA	
  01/01/1923	        NA	        NA	        NA	        NA	                       NA	                       NA	
  01/01/1923	        NA	        NA	        NA	        NA	                       NA	                       NA	
  01/01/1923	        NA	        NA	        NA	        NA	                       NA	                       NA	
  01/01/1923	        NA	        NA	      32.7	    -117.2	alongside east santa fe wharf san diego calif	            san diego usa	
  01/01/1923	        NA	        NA	        NA	        NA	                       NA	                       NA	
  02/01/1923	        NA	        NA	      32.7	    -117.2	alongside west santa fe wharf san diego calif	            san diego usa	
  05/01/1923	        NA	        NA	        NA	        NA	                       NA	                       NA	
  06/01/1923	        NA	        NA	      32.7	    -117.2	alongside east santa fe wharf san diego cal	            san diego usa	
  06/01/1923	        NA	        NA	        NA	        NA	                       NA	                       NA	
  07/01/1923	        NA	        NA	      32.7	    -117.2	alongside east santa fe wharf san diego cal	            san diego usa	
  07/01/1923	        NA	        NA	        NA	        NA	                       NA	                       NA	
  08/01/1923	        NA	        NA	      32.7	    -117.2	alongside east santa fe wharf san diego calif	            san diego usa	
  08/01/1923	        NA	        NA	        NA	        NA	                       NA	                       NA	
  09/01/1923	        NA	        NA	      32.7	    -117.2	enroute san diego calif to san clemente island	            san diego usa	
  09/01/1923	        NA	        NA	        NA	        NA	                       NA	                       NA	
  13/01/1923	        NA	        NA	      32.7	    -117.2	alongside east santa fe wharf san diego calif	            san diego usa	
  13/01/1923	        NA	        NA	        NA	        NA	                       NA	                       NA	
  14/01/1923	        NA	        NA	      32.7	    -117.2	alongside east santa fe wharf san diego cal	            san diego usa	
  14/01/1923	        NA	        NA	        NA	        NA	                       NA	                       NA	
  15/01/1923	        NA	        NA	      32.7	    -117.2	alongside santa fe wharf san diego calif	            san diego usa	
  15/01/1923	        NA	        NA	        NA	        NA	                       NA	                       NA	
  17/01/1923	        NA	        NA	        NA	        NA	at anchor se end san clemente island	                       NA	
  17/01/1923	        NA	        NA	      32.7	    -117.2	sante fe wharf east pier san diego cal	            san diego usa	
  19/01/1923	        NA	        NA	      32.5	    -119.2	at anchor on cortez bank south of buoy e	              cortez bank	
  20/01/1923	        NA	        NA	      32.5	    -119.2	at anchor on cortez bank south of buoy e	              cortez bank	
  21/01/1923	        NA	        NA	      32.7	    -117.2	at anchor inside ballast point san diego calif	            san diego usa	
  21/01/1923	        NA	        NA	      32.7	    -117.2	east santa fe wharf san diego calif	            san diego usa	
  22/01/1923	        NA	        NA	      32.7	    -117.2	alongside santa fe wharf san diego calif	            san diego usa	
  22/01/1923	        NA	        NA	        NA	        NA	                       NA	                       NA	
  23/01/1923	        NA	        NA	      32.7	    -117.2	ewunte san diego calif to cashs bank calif	            san diego usa	
  24/01/1923	        NA	        NA	      32.5	    -119.2	at anchor off buoy e cortez bank calif	              cortez bank	
  24/01/1923	        NA	        NA	        NA	        NA	                       NA	                       NA	
  25/01/1923	        NA	        NA	      32.5	    -119.2	at anchor near bouy e cortez bank	              cortez bank	
  25/01/1923	        NA	        NA	        NA	        NA	                       NA	                       NA	
  26/01/1923	        NA	        NA	      32.5	    -119.2	at anchor near bouy a cortez bank calif	              cortez bank	
  26/01/1923	        NA	        NA	        NA	        NA	                       NA	                       NA	
  27/01/1923	        NA	        NA	      32.7	    -117.2	at sea underway to san diego cal	            san diego usa	
  27/01/1923	        NA	        NA	      32.7	    -117.2	            san diego bay	            san diego usa	
  28/01/1923	        NA	        NA	      32.7	    -117.2	alongside east pier santa fe dock san diego cal	            san diego usa	
  28/01/1923	        NA	        NA	        NA	        NA	                       NA	                       NA	
  29/01/1923	        NA	        NA	      32.7	    -117.2	east santa fe wharf san diego calif	            san diego usa	
  29/01/1923	        NA	        NA	        NA	        NA	                       NA	                       NA	
  30/01/1923	   32 06 N	  118 20 W	      41.1	      37.3	at sea underway to working grounds	                     unye	
  30/01/1923	        NA	        NA	        NA	        NA	                       NA	                       NA	
  31/01/1923	        NA	        NA	      32.5	    -119.2	at swa about 30 mi se of cortes bank off s california	              cortez bank	
  31/01/1923	        NA	        NA	        NA	        NA	                       NA	                       NA	
  01/02/1923	        NA	        NA	      32.5	    -119.2	at anchor near buoy e cortes bank	              cortez bank	
  01/02/1923	        NA	        NA	        NA	        NA	                       NA	                       NA	
  02/02/1923	        NA	        NA	      32.5	    -119.2	at anchor near buoy e cortes bank	              cortez bank	
  02/02/1923	        NA	        NA	        NA	        NA	                       NA	                       NA	
  04/02/1923	        NA	        NA	      32.7	    -117.2	alongside east pier santa fe docks san diego cal	            san diego usa	
  04/02/1923	        NA	        NA	        NA	        NA	                       NA	                       NA	
  05/02/1923	        NA	        NA	      32.7	    -117.2	east santa fe pier san diego calif	            san diego usa	
  05/02/1923	        NA	        NA	        NA	        NA	                       NA	                       NA	
  06/02/1923	        NA	        NA	        NA	        NA	                       NA	                       NA	
  07/02/1923	        NA	        NA	      32.5	    -119.2	at anchor near buoy b cortes bank s calif	              cortez bank	
  07/02/1923	        NA	        NA	        NA	        NA	                       NA	                       NA	
  08/02/1923	        NA	        NA	      32.5	    -119.2	at anchor near buoy b cortes bank s calif	              cortez bank	
  08/02/1923	        NA	        NA	        NA	        NA	                       NA	                       NA	
  09/02/1923	        NA	        NA	      32.7	    -117.2	at sea underway to san diego cal	            san diego usa	
  09/02/1923	        NA	        NA	        NA	        NA	                       NA	                       NA	
  10/02/1923	        NA	        NA	      32.7	    -117.2	alongside santa fe wharf san diego cal	            san diego usa	
  10/02/1923	        NA	        NA	        NA	        NA	                       NA	                       NA	
  11/02/1923	        NA	        NA	      32.7	    -117.2	alongside east santa fe wharf san diego	                san diego	
  11/02/1923	        NA	        NA	        NA	        NA	                       NA	                       NA	
  12/02/1923	        NA	        NA	      32.7	    -117.2	alongside east santa fe wharf san diego	                san diego	
  12/02/1923	        NA	        NA	        NA	        NA	                       NA	                       NA	
  13/02/1923	        NA	        NA	      32.7	    -117.2	alongside east santa fe pier san diego calif	            san diego usa	
  13/02/1923	        NA	        NA	        NA	        NA	                       NA	                       NA	
  14/02/1923	        NA	        NA	        NA	        NA	                       NA	                       NA	
  15/02/1923	        NA	        NA	      32.7	    -117.2	alongside santa fe wharf san diego calif	            san diego usa	
  15/02/1923	        NA	        NA	        NA	        NA	                       NA	                       NA	
  16/02/1923	        NA	        NA	      32.7	    -117.2	at east santa fe wha san diego cal	            san diego usa	
  16/02/1923	        NA	        NA	        NA	        NA	                       NA	                       NA	
  17/02/1923	        NA	        NA	      32.7	    -117.2	at east santa fe wharf san diego calif	            san diego usa	
  17/02/1923	        NA	        NA	        NA	        NA	                       NA	                       NA	
  20/02/1923	        NA	        NA	        NA	        NA	                       NA	                       NA	
  21/02/1923	        NA	        NA	      37.8	    -122.4	enroute san diego calif to san francisco calif	        san francisco bay	
  21/02/1923	        NA	        NA	        NA	        NA	                       NA	                       NA	
  22/02/1923	        NA	        NA	      37.8	    -122.4	enroute san diego calif to san francisco cal	        san francisco bay	
  22/02/1923	        NA	        NA	        NA	        NA	                       NA	                       NA	
  23/02/1923	        NA	        NA	      37.8	    -122.4	alongside main iron works wharf china basin san francisco cal	        san francisco bay	
  23/02/1923	        NA	        NA	        NA	        NA	                       NA	                       NA	
  24/02/1923	        NA	        NA	      37.8	    -122.4	alongside main iron works wharf china basin san francisco	            san francisco	
  24/02/1923	        NA	        NA	        NA	        NA	                       NA	                       NA	
  25/02/1923	        NA	        NA	      37.8	    -122.4	alongside main iron works wharf china basin san francisco cal	        san francisco bay	
  25/02/1923	        NA	        NA	        NA	        NA	                       NA	                       NA	
  26/02/1923	        NA	        NA	      37.8	    -122.4	alongside main iron works wharf china basin san francisco cal	        san francisco bay	
  26/02/1923	        NA	        NA	        NA	        NA	                       NA	                       NA	
  27/02/1923	        NA	        NA	      37.8	    -122.4	alongside main iron works wharf china basin san francisco	            san francisco	
  27/02/1923	        NA	        NA	        NA	        NA	                       NA	                       NA	
  28/02/1923	        NA	        NA	      37.8	    -122.4	alongside main iron works china basin san francisco cal	        san francisco bay	
  28/02/1923	        NA	        NA	        NA	        NA	                       NA	                       NA	
  01/03/1923	        NA	        NA	      37.8	    -122.4	alongside main iron works wharf san francisco cal	        san francisco bay	
  01/03/1923	        NA	        NA	        NA	        NA	                       NA	                       NA	
  02/03/1923	        NA	        NA	      37.8	    -122.4	alongside china basin wharf san francisco cal	        san francisco bay	
  02/03/1923	        NA	        NA	        NA	        NA	                       NA	                       NA	
  03/03/1923	        NA	        NA	      37.8	    -122.4	alongside china basin wharf san francisco cal	        san francisco bay	
  03/03/1923	        NA	        NA	        NA	        NA	                       NA	                       NA	
  04/03/1923	        NA	        NA	      37.8	    -122.4	alongside china basin wharf san francisco cal	        san francisco bay	
  04/03/1923	        NA	        NA	        NA	        NA	                       NA	                       NA	
  05/03/1923	        NA	        NA	      37.8	    -122.4	alongside china basin wharf san francisco	            san francisco	
  05/03/1923	        NA	        NA	        NA	        NA	                       NA	                       NA	
  06/03/1923	        NA	        NA	      37.8	    -122.4	alongside wharf china basin san francisco cal	        san francisco bay	
  06/03/1923	        NA	        NA	        NA	        NA	                       NA	                       NA	
  07/03/1923	        NA	        NA	      37.8	    -122.4	alongside china basin wharf san francisco cal	        san francisco bay	
  07/03/1923	        NA	        NA	        NA	        NA	                       NA	                       NA	
  08/03/1923	        NA	        NA	      37.8	    -122.4	alongside china basin wharf san francisco cal	        san francisco bay	
  08/03/1923	        NA	        NA	        NA	        NA	                       NA	                       NA	
  09/03/1923	        NA	        NA	      37.8	    -122.3	alongside wharf at moores shipyard oakland california	                  oakland	
  09/03/1923	        NA	        NA	        NA	        NA	                       NA	                       NA	
  10/03/1923	        NA	        NA	      37.8	    -122.3	alongside wharf at moores wharf oakland cal	                  oakland	
  10/03/1923	        NA	        NA	        NA	        NA	                       NA	                       NA	
  12/03/1923	        NA	        NA	      37.8	    -122.3	alongside wharf at moores wharf oakland calif	                  oakland	
  12/03/1923	        NA	        NA	        NA	        NA	                       NA	                       NA	
  13/03/1923	        NA	        NA	      37.8	    -122.3	alongside wharf moores shipyard oakland california	                  oakland	
  13/03/1923	        NA	        NA	        NA	        NA	                       NA	                       NA	
  14/03/1923	        NA	        NA	      37.8	    -122.3	hauled out on moore drydock oakland calif	                  oakland	
  14/03/1923	        NA	        NA	        NA	        NA	                       NA	                       NA	
  15/03/1923	        NA	        NA	      37.8	    -122.3	alongside wharf at moores wharf oakland calif	                  oakland	
  15/03/1923	        NA	        NA	        NA	        NA	                       NA	                       NA	
  16/03/1923	        NA	        NA	      37.8	    -122.3	alongside wharf moores shipyard oakland calif	                  oakland	
  16/03/1923	        NA	        NA	        NA	        NA	                       NA	                       NA	
  17/03/1923	        NA	        NA	      37.8	    -122.3	alongside wharf at moores wharf oakland calif	                  oakland	
  17/03/1923	        NA	        NA	        NA	        NA	                       NA	                       NA	
  18/03/1923	        NA	        NA	      37.8	    -122.3	alongside wharf at moores shipyard oakland calif	                  oakland	
  18/03/1923	        NA	        NA	        NA	        NA	                       NA	                       NA	
  19/03/1923	        NA	        NA	      37.8	    -122.3	alongside wharf at moores shipbuilding co oakland calif	                  oakland	
  19/03/1923	        NA	        NA	        NA	        NA	                       NA	                       NA	
  20/03/1923	        NA	        NA	      37.8	    -122.3	alongside wharf at moores shipyard oakland calif	                  oakland	
  20/03/1923	        NA	        NA	        NA	        NA	                       NA	                       NA	
  21/03/1923	        NA	        NA	      37.8	    -122.3	alongside wharf at moores wharf oakland calif	                  oakland	
  21/03/1923	        NA	        NA	        NA	        NA	                       NA	                       NA	
  22/03/1923	        NA	        NA	      37.8	    -122.3	alongside wharf at moores shipyard oakland california	                  oakland	
  22/03/1923	        NA	        NA	        NA	        NA	                       NA	                       NA	
  23/03/1923	        NA	        NA	      37.8	    -122.3	alongside wharf at moores shipyard oakland calif	                  oakland	
  23/03/1923	        NA	        NA	        NA	        NA	                       NA	                       NA	
  24/03/1923	        NA	        NA	      37.8	    -122.3	alongside wharf at moores shipyard oakland calif	                  oakland	
  24/03/1923	        NA	        NA	        NA	        NA	                       NA	                       NA	
  25/03/1923	        NA	        NA	      37.8	    -122.3	alongside wharf at moores shipyard oakland calif	                  oakland	
  25/03/1923	        NA	        NA	        NA	        NA	                       NA	                       NA	
  26/03/1923	        NA	        NA	      37.8	    -122.3	alongside wharf at moores shipyard oakland cal	                  oakland	
  26/03/1923	        NA	        NA	        NA	        NA	                       NA	                       NA	
  27/03/1923	        NA	        NA	      37.8	    -122.3	alongside wharf at moores shipyard oakland calif	                  oakland	
  27/03/1923	        NA	        NA	        NA	        NA	                       NA	                       NA	
  28/03/1923	        NA	        NA	      37.8	    -122.4	alongside main iron works wharf san francisco cal	        san francisco bay	
  28/03/1923	        NA	        NA	        NA	        NA	                       NA	                       NA	
  29/03/1923	        NA	        NA	      37.8	    -122.4	alongside main iron works wharf china basin san francisco cal	        san francisco bay	
  29/03/1923	        NA	        NA	        NA	        NA	                       NA	                       NA	
  30/03/1923	        NA	        NA	      37.8	    -122.4	alongside main iron works wharf china basin san francisco calif	        san francisco bay	
  30/03/1923	        NA	        NA	        NA	        NA	                       NA	                       NA	
  31/03/1923	        NA	        NA	      37.8	    -122.4	alongside wharf main iron wks china basin san francisco cal	        san francisco bay	
  31/03/1923	        NA	        NA	        NA	        NA	                       NA	                       NA	
  01/04/1923	        NA	        NA	      37.8	    -122.4	alongside main iron works wharf china basin san francisco cal	        san francisco bay	
  01/04/1923	        NA	        NA	        NA	        NA	                       NA	                       NA	
  01/04/1923	        NA	        NA	        NA	        NA	                       NA	                       NA	
  01/04/1923	        NA	        NA	        NA	        NA	                       NA	                       NA	
  01/04/1923	        NA	        NA	        NA	        NA	                       NA	                       NA	
  01/04/1923	        NA	        NA	        NA	        NA	                       NA	                       NA	
  01/04/1923	        NA	        NA	        NA	        NA	                       NA	                       NA	
  01/04/1923	        NA	        NA	        NA	        NA	                       NA	                       NA	
  01/04/1923	        NA	        NA	        NA	        NA	                       NA	                       NA	
  01/04/1923	        NA	        NA	        NA	        NA	                       NA	                       NA	
  01/04/1923	        NA	        NA	        NA	        NA	                       NA	                       NA	
  01/04/1923	        NA	        NA	        NA	        NA	                       NA	                       NA	
  01/04/1923	        NA	        NA	        NA	        NA	                       NA	                       NA	
  01/04/1923	        NA	        NA	        NA	        NA	                       NA	                       NA	
  01/04/1923	        NA	        NA	      37.8	    -122.4	alongside main iron works wharf san francisco cal	        san francisco bay	
  01/04/1923	        NA	        NA	        NA	        NA	                       NA	                       NA	
  02/04/1923	        NA	        NA	      37.8	    -122.4	alongside main iron works wharf china basin san francisco calif	        san francisco bay	
  02/04/1923	        NA	        NA	        NA	        NA	                       NA	                       NA	
  03/04/1923	        NA	        NA	      37.8	    -122.4	alongside main iron works wharf china basin san francisco	            san francisco	
  03/04/1923	        NA	        NA	        NA	        NA	                       NA	                       NA	
  04/04/1923	        NA	        NA	      37.8	    -122.4	alongside main iron works wharf san francisco calif	        san francisco bay	
  04/04/1923	        NA	        NA	        NA	        NA	                       NA	                       NA	
  05/04/1923	        NA	        NA	      37.8	    -122.4	alongside main iron works wharf china basin san francisco calif	        san francisco bay	
  05/04/1923	        NA	        NA	        NA	        NA	pt reyes light on stbd bow	                       NA	
  06/04/1923	   40 53 N	  124 20 W	      37.8	    -122.4	at sea underway from san francisco cal to seattle 	        san francisco bay	
  07/04/1923	   45 18 N	  124 16 W	      37.8	    -122.4	at sea underway from san francisco cal to seattle wash	        san francisco bay	
  08/04/1923	     48 11	    122 47	      47.6	    -122.3	at sea underway from san francisco calif to seattle wash	        san francisco bay	
  08/04/1923	        NA	        NA	      47.6	    -122.3	stacy street wharf seattle	                  seattle	
  09/04/1923	        NA	        NA	      47.6	    -122.3	alongside stay st wharf seattle wash	                  seattle	
  09/04/1923	        NA	        NA	        NA	        NA	                       NA	                       NA	
  10/04/1923	        NA	        NA	      47.6	    -122.3	alongside stay street wharf seattle 	                  seattle	
  10/04/1923	        NA	        NA	        NA	        NA	                       NA	                       NA	
  11/04/1923	        NA	        NA	      47.6	    -122.3	alongside stacy st wharf seattle wm	                  seattle	
  11/04/1923	        NA	        NA	        NA	        NA	                       NA	                       NA	
  12/04/1923	        NA	        NA	      47.6	    -122.3	alongside stacy st wharf seattle washington	                  seattle	
  12/04/1923	        NA	        NA	        NA	        NA	                       NA	                       NA	
  13/04/1923	        NA	        NA	      47.6	    -122.3	alongside stacy st wharf seattle wash	                  seattle	
  13/04/1923	        NA	        NA	        NA	        NA	                       NA	                       NA	
  14/04/1923	        NA	        NA	      47.6	    -122.3	at stacy st dock seattle wn	                  seattle	
  14/04/1923	        NA	        NA	        NA	        NA	                       NA	                       NA	
  15/04/1923	        NA	        NA	      47.6	    -122.3	stacy street wharf seattle wash	                  seattle	
  15/04/1923	        NA	        NA	        NA	        NA	                       NA	                       NA	
  16/04/1923	        NA	        NA	      47.6	    -122.3	stacy street wharf seattle wash	                  seattle	
  16/04/1923	        NA	        NA	        NA	        NA	                       NA	                       NA	
  17/04/1923	        NA	        NA	      47.6	    -122.3	stacy street wharf seattle wash	                  seattle	
  17/04/1923	        NA	        NA	        NA	        NA	                       NA	                       NA	
  18/04/1923	        NA	        NA	      47.6	    -122.3	stacy street dock seattle wash	                  seattle	
  18/04/1923	        NA	        NA	        NA	        NA	                       NA	                       NA	
  19/04/1923	        NA	        NA	      47.6	    -122.3	stacy street wharf seattle wash	                  seattle	
  19/04/1923	        NA	        NA	        NA	        NA	                       NA	                       NA	
  20/04/1923	        NA	        NA	      47.6	    -122.3	stacy street wharf seattle wash	                  seattle	
  20/04/1923	        NA	        NA	        NA	        NA	                       NA	                       NA	
  21/04/1923	   48 16 N	  122 55 W	        NA	        NA	at sea underway from port twonsend wash to ketchikan alaska	                       NA	
  21/04/1923	        NA	        NA	        NA	        NA	145am lime kilt pt lt abm	                       NA	
  22/04/1923	   50 29 N	  126 08 W	        NA	        NA	at sea underway from port twonsend wash to ketchikan alaska	                       NA	
  23/04/1923	   51 52 N	  127 56 W	      48.1	    -122.8	underway port townsend to ketchikan	            port townsend	
  24/04/1923	   53 57 N	  130 12 W	      48.1	    -122.8	underway port townsend to ketchikan	            port townsend	
  25/04/1923	        NA	        NA	      55.4	    -131.7	at anchor off ketchikan aaa	                ketchikan	
  25/04/1923	        NA	        NA	        NA	        NA	    san juan fish co dock	                       NA	
  26/04/1923	        NA	        NA	      55.4	    -131.7	alongside dock ketchikan alaska	                ketchikan	
  26/04/1923	        NA	        NA	        NA	        NA	                       NA	                       NA	
  27/04/1923	        NA	        NA	      55.4	    -131.7	alongside uss surveyor off wharf at ketchikan alaska	                ketchikan	
  27/04/1923	        NA	        NA	        NA	        NA	                       NA	                       NA	
  28/04/1923	        NA	        NA	      55.4	    -131.7	alongside uss surveyor at coal dock at ketchikan alaska	                ketchikan	
  28/04/1923	        NA	        NA	        NA	        NA	                       NA	                       NA	
  29/04/1923	        NA	        NA	      55.4	    -131.7	alongside uss surveyor at northland dock ketchikan alaska	                ketchikan	
  29/04/1923	        NA	        NA	        NA	        NA	                       NA	                       NA	
  30/04/1923	        NA	        NA	      55.4	    -131.7	alongside of surveyor at anchor ketchikan alaska	                ketchikan	
  30/04/1923	        NA	        NA	        NA	        NA	                       NA	                       NA	
  01/05/1923	        NA	        NA	      55.4	    -131.7	at anchor ketchikan alaska	                ketchikan	
  01/05/1923	        NA	        NA	        NA	        NA	                       NA	                       NA	
  02/05/1923	        NA	        NA	      55.4	    -131.7	  at anchor ketchikan hbr	                ketchikan	
  02/05/1923	        NA	        NA	        NA	        NA	                       NA	                       NA	
  03/05/1923	        NA	        NA	      55.4	    -131.7	at anchor ketchikan harbour alaska	                ketchikan	
  03/05/1923	        NA	        NA	        NA	        NA	                       NA	                       NA	
  04/05/1923	        NA	        NA	      55.4	    -131.7	at anchor off ketchikan alaska	                ketchikan	
  06/05/1923	   56 04 N	  133 53 W	      35.7	      -0.6	at anchor near pt colpoys alaska	                     oran	
  06/05/1923	        NA	        NA	        NA	        NA	                       NA	                       NA	
  07/05/1923	   58 12 N	  135 26 W	      55.4	    -131.7	underway between ketchikan alaska and hoonah alaska	                ketchikan	
  07/05/1923	        NA	        NA	        NA	        NA	                       NA	                       NA	
  08/05/1923	   59 33 N	  140 50 W	      41.1	      37.3	underway between hoonah alaska and latouche alaska	                     unye	
  08/05/1923	        NA	        NA	        NA	        NA	                       NA	                       NA	
  09/05/1923	   60 19 N	  147 34 W	      41.1	      37.3	underway between hoonah alaska and latouche alaska	                     unye	
  09/05/1923	        NA	        NA	        NA	        NA	                       NA	                       NA	
  11/05/1923	        NA	        NA	        NA	        NA	                       NA	                       NA	
  12/05/1923	   59 11 N	  150 20 W	      22.6	      59.5	 at anchor sunny cove aaa	                      sur	
  12/05/1923	        NA	        NA	        NA	        NA	                       NA	                       NA	
  14/05/1923	        NA	        NA	        NA	        NA	at anchor 12 mi sw wooded i alaska	                       NA	
  14/05/1923	        NA	        NA	        NA	        NA	                       NA	                       NA	
  15/05/1923	        NA	        NA	      57.8	    -152.4	      at anchor wooded is	                   kodiak	
  15/05/1923	        NA	        NA	        NA	        NA	                       NA	                       NA	
  16/05/1923	        NA	        NA	        NA	        NA	   at anchor off uyak aaa	                       NA	
  16/05/1923	        NA	        NA	        NA	        NA	                       NA	                       NA	
  17/05/1923	   57 28 N	  154 42 W	        NA	        NA	   at anchor off uyak aaa	                       NA	
  18/05/1923	     55 22	    160 15	      55.1	    -162.3	underway between uyak alaska  kings cove alaska	                king cove	
  19/05/1923	     55 01	    162 26	      55.1	    -162.3	at anchor in kings cove alaska	                king cove	
  19/05/1923	        NA	        NA	      54.8	    -163.4	cannery wharf of p e harris  co in false pass	               false pass	
  20/05/1923	        NA	        NA	      54.8	    -163.4	alongside harris dock false pass aaa	               false pass	
  20/05/1923	        NA	        NA	        NA	        NA	                       NA	                       NA	
  21/05/1923	        NA	        NA	      54.8	    -163.4	alongside harris dock false pass alaska	               false pass	
  21/05/1923	        NA	        NA	        NA	        NA	                       NA	                       NA	
  22/05/1923	        NA	        NA	      54.8	    -163.4	harris dock false pass aaa	               false pass	
  22/05/1923	        NA	        NA	        NA	        NA	                       NA	                       NA	
  23/05/1923	        NA	        NA	      54.8	    -163.4	alongside harris co dock false pass aaa	               false pass	
  23/05/1923	        NA	        NA	        NA	        NA	                       NA	                       NA	
  24/05/1923	        NA	        NA	      54.8	    -163.4	alongside harris co dock false pass aaa	               false pass	
  24/05/1923	        NA	        NA	        NA	        NA	                       NA	                       NA	
  25/05/1923	        NA	        NA	      54.8	    -163.4	alongside harris cannery wharf false pass alaska	               false pass	
  25/05/1923	        NA	        NA	        NA	        NA	                       NA	                       NA	
  26/05/1923	        NA	        NA	      54.8	    -163.4	alongside harris cannery wharf false pass aaa	               false pass	
  26/05/1923	        NA	        NA	        NA	        NA	                       NA	                       NA	
  27/05/1923	        NA	        NA	      54.8	    -163.4	alongside harris cannery wharf false pass alaska	               false pass	
  27/05/1923	        NA	        NA	        NA	        NA	                       NA	                       NA	
  28/05/1923	        NA	        NA	      54.8	    -163.4	 at anchor off false pass	               false pass	
  28/05/1923	        NA	        NA	        NA	        NA	                       NA	                       NA	
  29/05/1923	        NA	        NA	      54.8	    -163.4	alongside cannery wharf false pass aaa	               false pass	
  29/05/1923	        NA	        NA	        NA	        NA	                       NA	                       NA	
  30/05/1923	        NA	        NA	        NA	        NA	at anchor 12 mile west of ikatan pt alaska	                       NA	
  30/05/1923	        NA	        NA	        NA	        NA	                       NA	                       NA	
  31/05/1923	        NA	        NA	        NA	        NA	anchor 15 mile south of kenmore hd morzhovoi bay	                       NA	
  31/05/1923	        NA	        NA	        NA	        NA	                       NA	                       NA	
  01/06/1923	        NA	        NA	        NA	        NA	                       NA	                       NA	
  02/06/1923	        NA	        NA	      54.8	    -163.4	alongside c e harris  cos dock false pass alaska	               false pass	
  02/06/1923	        NA	        NA	        NA	        NA	                       NA	                       NA	
  03/06/1923	        NA	        NA	      54.8	    -163.4	alongside false pass cannery wharf	               false pass	
  03/06/1923	        NA	        NA	        NA	        NA	                       NA	                       NA	
  04/06/1923	        NA	        NA	      54.8	    -163.4	alongside harrid co dock false pass aaa	               false pass	
  04/06/1923	        NA	        NA	        NA	        NA	                       NA	                       NA	
  06/06/1923	        NA	        NA	        NA	        NA	                       NA	                       NA	
  07/06/1923	        NA	        NA	      55.1	    -162.3	  at anchor king cove aaa	                king cove	
  07/06/1923	        NA	        NA	        NA	        NA	                       NA	                       NA	
  08/06/1923	        NA	        NA	      55.1	    -162.3	at anchor kings cove sw alaska	                king cove	
  08/06/1923	        NA	        NA	        NA	        NA	                       NA	                       NA	
  09/06/1923	        NA	        NA	      54.8	    -163.4	tied up at harris dock false pass	               false pass	
  10/06/1923	        NA	        NA	      54.8	    -163.4	alongside pe harris dock false pass aaa	               false pass	
  10/06/1923	        NA	        NA	        NA	        NA	                       NA	                       NA	
  11/06/1923	        NA	        NA	      54.8	    -163.4	alongside dock false pass aaa	               false pass	
  11/06/1923	        NA	        NA	      54.8	    -163.4	alongside dock false pass	               false pass	
  12/06/1923	        NA	        NA	      55.1	    -162.3	  at anchor king cove aaa	                king cove	
  12/06/1923	        NA	        NA	        NA	        NA	                       NA	                       NA	
  13/06/1923	        NA	        NA	      54.8	    -163.4	alongside pe harris dock false pass alaska	               false pass	
  13/06/1923	        NA	        NA	        NA	        NA	                       NA	                       NA	
  14/06/1923	        NA	        NA	      54.8	    -163.4	alongside pe harris dock false pass alaska	               false pass	
  14/06/1923	        NA	        NA	        NA	        NA	                       NA	                       NA	
  15/06/1923	        NA	        NA	      54.8	    -163.4	alongside pe harris dock false pass	               false pass	
  15/06/1923	        NA	        NA	        NA	        NA	                       NA	                       NA	
  16/06/1923	        NA	        NA	      54.8	    -163.4	alongside pe harris dock false pass alaska	               false pass	
  16/06/1923	        NA	        NA	        NA	        NA	                       NA	                       NA	
  17/06/1923	        NA	        NA	        NA	        NA	                       NA	                       NA	
  18/06/1923	        NA	        NA	      54.8	    -163.4	at anchor off false pass aaa	               false pass	
  18/06/1923	        NA	        NA	        NA	        NA	                       NA	                       NA	
  19/06/1923	        NA	        NA	        NA	        NA	at anchor off ikatan head s w alaska	                       NA	
  19/06/1923	        NA	        NA	        NA	        NA	                       NA	                       NA	
  20/06/1923	        NA	        NA	        NA	        NA	       on working grounds	                       NA	
  20/06/1923	        NA	        NA	        NA	        NA	                       NA	                       NA	
  22/06/1923	        NA	        NA	        NA	        NA	at anchor off kenmore head	                       NA	
  22/06/1923	        NA	        NA	        NA	        NA	                       NA	                       NA	
  23/06/1923	        NA	        NA	        NA	        NA	at anchor off kenmore head	                       NA	
  23/06/1923	        NA	        NA	        NA	        NA	                       NA	                       NA	
  24/06/1923	        NA	        NA	      54.8	    -163.4	                   alaska	               false pass	
  24/06/1923	        NA	        NA	        NA	        NA	                       NA	                       NA	
  25/06/1923	        NA	        NA	      54.8	    -163.4	alongside harris dock false pass alaska	               false pass	
  25/06/1923	        NA	        NA	        NA	        NA	                       NA	                       NA	
  26/06/1923	        NA	        NA	      54.8	    -163.4	harris  co dock false pass aaa	               false pass	
  26/06/1923	        NA	        NA	        NA	        NA	                       NA	                       NA	
  27/06/1923	        NA	        NA	        NA	        NA	at anchor off unimak i alaska	                       NA	
  27/06/1923	        NA	        NA	        NA	        NA	                       NA	                       NA	
  28/06/1923	        NA	        NA	      54.8	    -163.4	harris dock false pass aaa	               false pass	
  28/06/1923	        NA	        NA	        NA	        NA	                       NA	                       NA	
  29/06/1923	        NA	        NA	      53.9	    -166.5	underway false pass to dutch i harbor alaska	             dutch harbor	
  29/06/1923	        NA	        NA	        NA	        NA	                       NA	                       NA	
  30/06/1923	        NA	        NA	      53.9	    -166.5	alongside oil dock dutch harbor alaska	             dutch harbor	
  30/06/1923	        NA	        NA	      54.8	    -163.4	alongside dock false pass	               false pass	
  30/06/1923	        NA	        NA	        NA	        NA	                       NA	                       NA	
  30/06/1923	        NA	        NA	        NA	        NA	                       NA	                       NA	
  30/06/1923	        NA	        NA	        NA	        NA	                       NA	                       NA	
  30/06/1923	        NA	        NA	        NA	        NA	                       NA	                       NA	
  30/06/1923	        NA	        NA	        NA	        NA	                       NA	                       NA	
  30/06/1923	        NA	        NA	        NA	        NA	                       NA	                       NA	
  30/06/1923	        NA	        NA	        NA	        NA	                       NA	                       NA	
  30/06/1923	        NA	        NA	        NA	        NA	                       NA	                       NA	
  30/06/1923	        NA	        NA	        NA	        NA	                       NA	                       NA	
  30/06/1923	        NA	        NA	        NA	        NA	                       NA	                       NA	
  30/06/1923	        NA	        NA	        NA	        NA	                       NA	                       NA	
  30/06/1923	        NA	        NA	        NA	        NA	                       NA	                       NA	
  01/07/1923	        NA	        NA	      54.8	    -163.4	alongside harris cannery dock false pass aaa	               false pass	
  01/07/1923	        NA	        NA	        NA	        NA	                       NA	                       NA	
  02/07/1923	     55 41	    162 47	      54.8	    -163.4	alongside harris dock false pass asa	               false pass	
  02/07/1923	        NA	        NA	        NA	        NA	                       NA	                       NA	
  03/07/1923	     54 42	    162 52	      55.1	    -162.3	at anchor kings cove alaska	                king cove	
  03/07/1923	        NA	        NA	        NA	        NA	                       NA	                       NA	
  04/07/1923	        NA	        NA	      54.8	    -163.4	alongside harris dock false pass asa	               false pass	
  04/07/1923	        NA	        NA	        NA	        NA	                       NA	                       NA	
  05/07/1923	        NA	        NA	      54.8	    -163.4	               false pass	               false pass	
  05/07/1923	        NA	        NA	        NA	        NA	                       NA	                       NA	
  06/07/1923	        NA	        NA	      54.8	    -163.4	alongside harris dock false pass aaa	               false pass	
  06/07/1923	        NA	        NA	        NA	        NA	                       NA	                       NA	
  07/07/1923	        NA	        NA	      54.8	    -163.4	alongside harris dock false pass alaska	               false pass	
  07/07/1923	        NA	        NA	        NA	        NA	                       NA	                       NA	
  08/07/1923	        NA	        NA	      54.8	    -163.4	alongside harris dock false pass aaa	               false pass	
  08/07/1923	        NA	        NA	        NA	        NA	                       NA	                       NA	
  09/07/1923	     54 38	    162 46	      55.0	    -163.4	        at false pass aaa	               false pass	
  09/07/1923	        NA	        NA	        NA	        NA	                       NA	                       NA	
  10/07/1923	     54 41	    162 53	      54.7	    -163.1	on the working grounds off cape pankof	              cape pankof	
  10/07/1923	        NA	        NA	        NA	        NA	                       NA	                       NA	
  11/07/1923	   54 50 N	  162 54 W	        NA	        NA	at anchor east anchor cove ikatan pen alaska	                       NA	
  11/07/1923	        NA	        NA	        NA	        NA	                       NA	                       NA	
  12/07/1923	   54 55 N	  162 46 W	        NA	        NA	  at anchor morzhovoi bay	                       NA	
  12/07/1923	        NA	        NA	        NA	        NA	                       NA	                       NA	
  13/07/1923	   54 35 N	  162 53 W	      54.8	    -163.4	at anchor off harris dock false pass aaa	               false pass	
  13/07/1923	        NA	        NA	        NA	        NA	                       NA	                       NA	
  14/07/1923	        NA	        NA	      54.8	    -163.4	alongside harris dock false pass alaska	               false pass	
  14/07/1923	        NA	        NA	        NA	        NA	                       NA	                       NA	
  15/07/1923	        NA	        NA	      54.8	    -163.4	alongside harris dock false pass	               false pass	
  15/07/1923	        NA	        NA	        NA	        NA	                       NA	                       NA	
  16/07/1923	        NA	        NA	      54.8	    -163.4	alongside harris dock false pass alaska	               false pass	
  16/07/1923	        NA	        NA	        NA	        NA	                       NA	                       NA	
  17/07/1923	        NA	        NA	      54.8	    -163.4	alongside dock at false pass sw alaska	               false pass	
  17/07/1923	        NA	        NA	        NA	        NA	                       NA	                       NA	
  18/07/1923	        NA	        NA	        NA	        NA	at anchor e anchor cove  on working grounds	                       NA	
  18/07/1923	        NA	        NA	        NA	        NA	                       NA	                       NA	
   20/07/1923	        NA	        NA	        NA	        NA	                       NA	                       NA	
  21/07/1923	        NA	        NA	      54.8	    -163.4	on working grounds off morzhovi bay  off false pass	               false pass	
  21/07/1923	        NA	        NA	        NA	        NA	                       NA	                       NA	
  22/07/1923	        NA	        NA	      54.8	    -163.4	alongside dock false pass sw alaska	               false pass	
  22/07/1923	        NA	        NA	        NA	        NA	                       NA	                       NA	
  23/07/1923	        NA	        NA	      54.7	    -163.1	on working grounds locaility cape pankhoff sw alaska	              cape pankof	
  23/07/1923	        NA	        NA	        NA	        NA	                       NA	                       NA	
  23/07/1923	        NA	        NA	        NA	        NA	                   alaska	                       NA	
  23/07/1923	        NA	        NA	        NA	        NA	                       NA	                       NA	
  24/07/1923	        NA	        NA	      54.7	    -163.1	on working grounds localcity of cape pankhoff sw alaska	              cape pankof	
  24/07/1923	        NA	        NA	        NA	        NA	                       NA	                       NA	
  27/07/1923	        NA	        NA	        NA	        NA	                       NA	                       NA	
  28/07/1923	        NA	        NA	      54.8	    -163.4	alongside dock false pass sw alaska	               false pass	
  28/07/1923	        NA	        NA	        NA	        NA	                       NA	                       NA	
  29/07/1923	        NA	        NA	      54.8	    -163.4	alongise dock false pass sw alaska	               false pass	
  29/07/1923	        NA	        NA	        NA	        NA	                       NA	                       NA	
  30/07/1923	        NA	        NA	      54.8	    -163.4	on working grounds locality of false pass s w alaska	               false pass	
  30/07/1923	        NA	        NA	        NA	        NA	                       NA	                       NA	
  31/07/1923	        NA	        NA	      54.8	    -163.4	on working grounds locality of false pass sw alaska	               false pass	
  31/07/1923	        NA	        NA	        NA	        NA	                       NA	                       NA	
  01/08/1923	        NA	        NA	        NA	        NA	                       NA	                       NA	
  02/08/1923	        NA	        NA	      55.1	    -162.3	on working grounds locality of kings cove sw alaska	                king cove	
  02/08/1923	        NA	        NA	        NA	        NA	                       NA	                       NA	
  03/08/1923	        NA	        NA	      55.1	    -162.3	on working grounds locality of kings cove sw alaska	                king cove	
  03/08/1923	        NA	        NA	        NA	        NA	                       NA	                       NA	
  04/08/1923	        NA	        NA	      54.8	    -163.4	on working grounds locality of false pass sw alaska	               false pass	
  04/08/1923	        NA	        NA	        NA	        NA	                       NA	                       NA	
  05/08/1923	        NA	        NA	      54.8	    -163.4	alongside harris dock false pass alaska	               false pass	
  05/08/1923	        NA	        NA	        NA	        NA	                       NA	                       NA	
  06/08/1923	        NA	        NA	      54.8	    -163.4	alongside harris dock false pass ana	               false pass	
  06/08/1923	        NA	        NA	        NA	        NA	                       NA	                       NA	
  07/08/1923	        NA	        NA	        NA	        NA	at anchor on working grounds off panlsof head	                       NA	
  07/08/1923	        NA	        NA	        NA	        NA	                       NA	                       NA	
  08/08/1923	        NA	        NA	        NA	        NA	                       NA	                       NA	
  09/08/1923	        NA	        NA	        NA	        NA	                       NA	                       NA	
  10/08/1923	        NA	        NA	        NA	        NA	  at anchor off kabuch pt	                       NA	
  10/08/1923	        NA	        NA	        NA	        NA	                       NA	                       NA	
  11/08/1923	        NA	        NA	      54.8	    -163.4	alongside harris wharf false pass aaa	               false pass	
  11/08/1923	        NA	        NA	        NA	        NA	                       NA	                       NA	
  12/08/1923	        NA	        NA	      54.8	    -163.4	alongside cannery wharf  false pass aaa	               false pass	
  12/08/1923	        NA	        NA	        NA	        NA	                       NA	                       NA	
  13/08/1923	        NA	        NA	      54.8	    -163.4	alongside harris dock false pass alaska	               false pass	
  13/08/1923	        NA	        NA	        NA	        NA	                       NA	                       NA	
  14/08/1923	        NA	        NA	        NA	        NA	at anchor off egg i sw alaska	                       NA	
  14/08/1923	        NA	        NA	        NA	        NA	                       NA	                       NA	
  14/08/1923	        NA	        NA	        NA	        NA	at anchor off egg i s w alaska	                       NA	
  14/08/1923	        NA	        NA	        NA	        NA	                       NA	                       NA	
  15/08/1923	        NA	        NA	        NA	        NA	                       NA	                       NA	
  16/08/1923	        NA	        NA	        NA	        NA	at anchor south of kenmore head morzhovoi bay aaa	                       NA	
  16/08/1923	        NA	        NA	        NA	        NA	                       NA	                       NA	
  17/08/1923	        NA	        NA	      54.0	    -166.6	at anchor at working grounds off boiler point morzhovoi bay	              eider point	
  17/08/1923	        NA	        NA	        NA	        NA	                       NA	                       NA	
  18/08/1923	        NA	        NA	      54.0	    -166.6	at anchor off boiler point morzhovoi bay aaa	              eider point	
  18/08/1923	        NA	        NA	        NA	        NA	                       NA	                       NA	
  19/08/1923	        NA	        NA	      54.8	    -163.4	alongside pe harris cannery dock false pass aaa	               false pass	
  19/08/1923	        NA	        NA	        NA	        NA	                       NA	                       NA	
  20/08/1923	        NA	        NA	      53.9	    -166.5	at anchor outside dutch harbor alaska	             dutch harbor	
  20/08/1923	        NA	        NA	        NA	        NA	                       NA	                       NA	
  21/08/1923	        NA	        NA	      53.9	    -166.5	alongside dock dutch harbor	             dutch harbor	
  21/08/1923	        NA	        NA	        NA	        NA	                       NA	                       NA	
  22/08/1923	        NA	        NA	      53.9	    -166.5	alongside u s s algonquin unalaska aaa	             unalaska bay	
  22/08/1923	        NA	        NA	        NA	        NA	                       NA	                       NA	
  25/08/1923	        NA	        NA	        NA	        NA	                       NA	                       NA	
  26/08/1923	        NA	        NA	      54.8	    -163.4	alongside pe harris  co dock false pass aaa	               false pass	
  26/08/1923	        NA	        NA	        NA	        NA	                       NA	                       NA	
  27/08/1923	        NA	        NA	      54.8	    -163.4	alongside p e harris cannery dock false pass	               false pass	
  27/08/1923	        NA	        NA	        NA	        NA	                       NA	                       NA	
  28/08/1923	        NA	        NA	      54.8	    -163.4	alongside pe harris dock false pass	               false pass	
  28/08/1923	        NA	        NA	        NA	        NA	                       NA	                       NA	
  30/08/1923	        NA	        NA	        NA	        NA	                       NA	                       NA	
  31/08/1923	        NA	        NA	      54.8	    -163.4	alongside harris cannery wharf false pass aaa	               false pass	
  31/08/1923	        NA	        NA	        NA	        NA	                       NA	                       NA	
  01/09/1923	        NA	        NA	        NA	        NA	at anchor lenard hbr cold bay s w alaska	                       NA	
  01/09/1923	        NA	        NA	        NA	        NA	                       NA	                       NA	
  02/09/1923	        NA	        NA	      54.8	    -163.4	alongside pe harris dock false pass alaska	               false pass	
  02/09/1923	        NA	        NA	        NA	        NA	                       NA	                       NA	
  03/09/1923	        NA	        NA	      54.8	    -163.4	alongside pe harris dock false pass alaska	               false pass	
  03/09/1923	        NA	        NA	        NA	        NA	                       NA	                       NA	
  04/09/1923	        NA	        NA	      54.8	    -163.4	alongside pe harris dock false pass alaska	               false pass	
  04/09/1923	        NA	        NA	        NA	        NA	                       NA	                       NA	
  05/09/1923	        NA	        NA	      54.8	    -163.4	alongside pe harris dock false pass alaska	               false pass	
  05/09/1923	        NA	        NA	        NA	        NA	                       NA	                       NA	
  06/09/1923	        NA	        NA	        NA	        NA	                       NA	                       NA	
  07/09/1923	        NA	        NA	        NA	        NA	at anchor off kabuch pt sw alaska	                       NA	
  07/09/1923	        NA	        NA	        NA	        NA	                       NA	                       NA	
  08/09/1923	        NA	        NA	        NA	        NA	                       NA	                       NA	
  09/09/1923	        NA	        NA	      54.8	    -163.4	alongside dock false pass	               false pass	
  09/09/1923	        NA	        NA	        NA	        NA	                       NA	                       NA	
  10/09/1923	        NA	        NA	      54.8	    -163.4	alongside harris wharf false pass aaa	               false pass	
  10/09/1923	        NA	        NA	        NA	        NA	                       NA	                       NA	
  11/09/1923	        NA	        NA	      54.8	    -163.4	alongside harris cannery dock false pass alaska	               false pass	
  11/09/1923	        NA	        NA	        NA	        NA	                       NA	                       NA	
  12/09/1923	        NA	        NA	      54.8	    -163.4	alongside pe harris dock false pass alaska	               false pass	
  12/09/1923	        NA	        NA	        NA	        NA	                       NA	                       NA	
  13/09/1923	        NA	        NA	      54.8	    -163.4	alongside p e harris dock false pass ass	               false pass	
  13/09/1923	        NA	        NA	        NA	        NA	                       NA	                       NA	
  14/09/1923	        NA	        NA	        NA	        NA	at anchor 1 mile ne of thin pt black buoy	                       NA	
  14/09/1923	        NA	        NA	        NA	        NA	                       NA	                       NA	
  15/09/1923	        NA	        NA	      55.0	    -162.6	at anchor on working grounds 5 mi w of thin point alaska	               thin point	
  15/09/1923	        NA	        NA	        NA	        NA	                       NA	                       NA	
  16/09/1923	        NA	        NA	      54.8	    -163.4	alonside p e harris dock false pass alaska	               false pass	
  16/09/1923	        NA	        NA	        NA	        NA	                       NA	                       NA	
  17/09/1923	        NA	        NA	      54.8	    -163.4	alongside harris dock false pass aaa	               false pass	
  17/09/1923	        NA	        NA	        NA	        NA	                       NA	                       NA	
  18/09/1923	        NA	        NA	      55.0	    -162.6	at anchor off thin point sw alaska	               thin point	
  18/09/1923	        NA	        NA	        NA	        NA	                       NA	                       NA	
  21/09/1923	        NA	        NA	        NA	        NA	                       NA	                       NA	
  22/09/1923	        NA	        NA	      53.9	    -166.5	cold bay  enroute to dutch harbor sw alaska	             dutch harbor	
  22/09/1923	        NA	        NA	        NA	        NA	                       NA	                       NA	
  23/09/1923	        NA	        NA	      53.9	    -166.5	enroute king cove to dutch harbor	             dutch harbor	
  23/09/1923	        NA	        NA	        NA	        NA	                       NA	                       NA	
  24/09/1923	        NA	        NA	      53.9	    -166.5	   at anchor unalaska aaa	             unalaska bay	
  24/09/1923	        NA	        NA	        NA	        NA	                       NA	                       NA	
  25/09/1923	        NA	        NA	      53.9	    -166.5	                sw alaska	             dutch harbor	
  25/09/1923	        NA	        NA	        NA	        NA	                       NA	                       NA	
 26/09/1923	        NA	        NA	        NA	        NA	                       NA	                       NA	
  27/09/1923	        NA	        NA	        NA	        NA	at anchor on working grounds	                       NA	
  27/09/1923	        NA	        NA	        NA	        NA	                       NA	                       NA	
  28/09/1923	        NA	        NA	        NA	        NA	     at anchor lenard hbr	                       NA	
  28/09/1923	        NA	        NA	        NA	        NA	                       NA	                       NA	
  29/09/1923	        NA	        NA	      55.1	    -162.3	at anchor in kings cove sw alaska	                king cove	
  29/09/1923	        NA	        NA	        NA	        NA	                       NA	                       NA	
  30/09/1923	        NA	        NA	      54.8	    -163.4	alongside harris dock false pass	               false pass	
  30/09/1923	        NA	        NA	        NA	        NA	                       NA	                       NA	
  30/09/1923	        NA	        NA	        NA	        NA	                       NA	                       NA	
  30/09/1923	        NA	        NA	        NA	        NA	                       NA	                       NA	
  30/09/1923	        NA	        NA	        NA	        NA	                       NA	                       NA	
  30/09/1923	        NA	        NA	        NA	        NA	                       NA	                       NA	
  30/09/1923	        NA	        NA	        NA	        NA	                       NA	                       NA	
  30/09/1923	        NA	        NA	        NA	        NA	                       NA	                       NA	
  30/09/1923	        NA	        NA	        NA	        NA	                       NA	                       NA	
  30/09/1923	        NA	        NA	        NA	        NA	                       NA	                       NA	
  30/09/1923	        NA	        NA	        NA	        NA	                       NA	                       NA	
  30/09/1923	        NA	        NA	        NA	        NA	                       NA	                       NA	
  30/09/1923	        NA	        NA	        NA	        NA	                       NA	                       NA	
  30/09/1923	        NA	        NA	        NA	        NA	                       NA	                       NA	
  01/10/1923	        NA	        NA	      54.8	    -163.4	     false pass sw alaska	               false pass	
  01/10/1923	        NA	        NA	        NA	        NA	                       NA	                       NA	
  02/10/1923	   55 01 N	  162 02 W	      35.7	      -0.6	at anchor n side of ikatan bay 500 yds off fish trap	                     oran	
  02/10/1923	        NA	        NA	        NA	        NA	                       NA	                       NA	
  03/10/1923	     55 10	    155 48	      54.8	    -163.4	enroute false pass to seattle	               false pass	
  03/10/1923	        NA	        NA	        NA	        NA	                       NA	                       NA	
  04/10/1923	     54 25	    149 43	      54.8	    -163.4	enroute false pass to seattle	               false pass	
  04/10/1923	        NA	        NA	        NA	        NA	                       NA	                       NA	
  05/10/1923	     53 27	    144 30	      54.8	    -163.4	enroute false pass to seattle	               false pass	
  05/10/1923	        NA	        NA	        NA	        NA	                       NA	                       NA	
  06/10/1923	     53 24	    138 50	      54.8	    -163.4	enroute false pass to seattle	               false pass	
  06/10/1923	        NA	        NA	        NA	        NA	                       NA	                       NA	
  07/10/1923	   51 02 N	  133 33 W	      54.8	    -163.4	enroute false pass alaska to seattle wn	               false pass	
  07/10/1923	        NA	        NA	        NA	        NA	                       NA	                       NA	
  08/10/1923	     49 23	    128 40	      47.6	    -163.4	enroute fake pass alaska to seattle wn	               false pass	
  08/10/1923	        NA	        NA	        NA	        NA	                       NA	                       NA	
  09/10/1923	        NA	        NA	        NA	        NA	                       NA	                       NA	
  10/10/1923	        NA	        NA	      47.6	    -122.3	alongside str discoverer at bell st dock seattle	                  seattle	
  10/10/1923	        NA	        NA	        NA	        NA	                       NA	                       NA	
  11/10/1923	        NA	        NA	      47.6	    -122.3	alongside wharf 8 seattle wash	                  seattle	
  11/10/1923	        NA	        NA	        NA	        NA	                       NA	                       NA	
  12/10/1923	        NA	        NA	      47.6	    -122.3	alongside pier 8 seattle wn	                  seattle	
  12/10/1923	        NA	        NA	        NA	        NA	                       NA	                       NA	
  13/10/1923	        NA	        NA	      47.6	    -122.3	alongside pier 8 seattle wash	                  seattle	
  13/10/1923	        NA	        NA	        NA	        NA	                       NA	                       NA	
  14/10/1923	        NA	        NA	      47.6	    -122.3	alongside pier 8 seattle wash	                  seattle	
  14/10/1923	        NA	        NA	        NA	        NA	                       NA	                       NA	
  15/10/1923	        NA	        NA	      47.6	    -122.3	alongside pier 8 seattle washington	                  seattle	
  15/10/1923	        NA	        NA	        NA	        NA	                       NA	                       NA	
  16/10/1923	        NA	        NA	      47.6	    -122.3	                  seattle	                  seattle	
  16/10/1923	        NA	        NA	        NA	        NA	                       NA	                       NA	
  17/10/1923	        NA	        NA	        NA	        NA	                       NA	                       NA	
  18/10/1923	        NA	        NA	      47.6	    -122.3	alongside str discoverer at connecticut st dock seattle	                  seattle	
  18/10/1923	        NA	        NA	        NA	        NA	                       NA	                       NA	
  19/10/1923	        NA	        NA	      47.6	    -122.3	alongside connecticut st dock seattle	                  seattle	
  19/10/1923	        NA	        NA	        NA	        NA	                       NA	                       NA	
  20/10/1923	        NA	        NA	      47.6	    -122.3	alongside connecticut st dock seattle	                  seattle	
  20/10/1923	        NA	        NA	        NA	        NA	                       NA	                       NA	
  21/10/1923	        NA	        NA	      47.6	    -122.3	alongside conn st dock seattle wash	                  seattle	
  21/10/1923	        NA	        NA	        NA	        NA	                       NA	                       NA	
  22/10/1923	        NA	        NA	      47.6	    -122.3	alongside conn st dock seattle wash	                  seattle	
  22/10/1923	        NA	        NA	        NA	        NA	                       NA	                       NA	
  23/10/1923	        NA	        NA	      47.6	    -122.3	alongside todd shipyard dock west seattle	                  seattle	
  23/10/1923	        NA	        NA	        NA	        NA	                       NA	                       NA	
  24/10/1923	        NA	        NA	      47.6	    -122.3	on dry dock at todds shipyard seattle wash	                  seattle	
  24/10/1923	        NA	        NA	        NA	        NA	                       NA	                       NA	
  25/10/1923	        NA	        NA	        NA	        NA	on dry dock todds shipyards	                       NA	
  25/10/1923	        NA	        NA	        NA	        NA	                       NA	                       NA	
  26/10/1923	        NA	        NA	        NA	        NA	                       NA	                       NA	
  27/10/1923	        NA	        NA	      47.6	    -122.3	alongside str discovered conn st dock seattle	                  seattle	
  27/10/1923	        NA	        NA	        NA	        NA	                       NA	                       NA	
  28/10/1923	        NA	        NA	      47.6	    -122.3	alongside connecticut st wharf  seattle wash	                  seattle	
  28/10/1923	        NA	        NA	        NA	        NA	                       NA	                       NA	
  29/10/1923	        NA	        NA	      47.6	    -122.3	alongside uss discoverer at connecticut st dock seattle wn	                  seattle	
  29/10/1923	        NA	        NA	        NA	        NA	                       NA	                       NA	
  30/10/1923	        NA	        NA	        NA	        NA	                       NA	                       NA	
  31/10/1923	        NA	        NA	      47.6	    -122.3	alongside connecticut st wharf seattle wash	                  seattle	
  31/10/1923	        NA	        NA	        NA	        NA	                       NA	                       NA	
  01/11/1923	        NA	        NA	      47.6	    -122.3	alongside connecticut st wharf  seattle wash	                  seattle	
  01/11/1923	        NA	        NA	        NA	        NA	                       NA	                       NA	
  02/11/1923	        NA	        NA	      47.6	    -122.3	alongside str discovered conn st dock seattle wn	                  seattle	
  02/11/1923	        NA	        NA	        NA	        NA	                       NA	                       NA	
  03/11/1923	        NA	        NA	      47.6	    -122.3	alongside str discoverer at conn st dock seattle wash	                  seattle	
  03/11/1923	        NA	        NA	        NA	        NA	                       NA	                       NA	
  04/11/1923	        NA	        NA	        NA	        NA	                       NA	                       NA	
  05/11/1923	        NA	        NA	      47.6	    -122.3	alongside connecticut st wharf seattle wash	                  seattle	
  05/11/1923	        NA	        NA	        NA	        NA	                       NA	                       NA	
  06/11/1923	   Seattle	        NA	      47.6	    -122.3	alongside str discoverer conn st seattle wash	                  seattle	
  06/11/1923	        NA	        NA	        NA	        NA	                       NA	                       NA	
  07/11/1923	        NA	        NA	      47.6	    -122.3	                  seattle	                  seattle	
  07/11/1923	        NA	        NA	        NA	        NA	                       NA	                       NA	
  08/11/1923	        NA	        NA	        NA	        NA	                       NA	                       NA	
  09/11/1923	        NA	        NA	        NA	        NA	                       NA	                       NA	
  10/11/1923	        NA	        NA	      47.6	    -122.3	alongside conn st dock seattle wash	                  seattle	
  10/11/1923	        NA	        NA	        NA	        NA	                       NA	                       NA	
  11/11/1923	        NA	        NA	      47.6	    -122.3	alongside conn st dock seattle wash	                  seattle	
  11/11/1923	        NA	        NA	        NA	        NA	                       NA	                       NA	
  12/11/1923	        NA	        NA	      47.6	    -122.3	alongside conn st dock seattle wn	                  seattle	
  12/11/1923	        NA	        NA	        NA	        NA	                       NA	                       NA	
  13/11/1923	        NA	        NA	      47.6	    -122.3	alongside connecticut st wharf seattle wash	                  seattle	
  13/11/1923	        NA	        NA	        NA	        NA	                       NA	                       NA	
  14/11/1923	        NA	        NA	      47.6	    -122.3	alongside conn st dock seattle wash	                  seattle	
  14/11/1923	        NA	        NA	        NA	        NA	                       NA	                       NA	
  14/11/1923	        NA	        NA	      47.6	    -122.3	alongside conn st dock seattle wash	                  seattle	
  14/11/1923	        NA	        NA	        NA	        NA	                       NA	                       NA	
  15/11/1923	        NA	        NA	      47.6	    -122.3	alongside connecticut st dock seattle wash	                  seattle	
  15/11/1923	        NA	        NA	        NA	        NA	                       NA	                       NA	
  16/11/1923	        NA	        NA	      47.6	    -122.3	alongside connecticut st dock seattle wn	                  seattle	
  16/11/1923	        NA	        NA	        NA	        NA	                       NA	                       NA	
  17/11/1923	        NA	        NA	      47.6	    -122.3	alongside connecticut st dock seattle wn	                  seattle	
  17/11/1923	        NA	        NA	        NA	        NA	                       NA	                       NA	
  18/11/1923	        NA	        NA	      47.6	    -122.3	alongside connecticut st dock seattle wn	                  seattle	
  18/11/1923	        NA	        NA	        NA	        NA	                       NA	                       NA	
  19/11/1923	        NA	        NA	      47.6	    -122.3	alongside connecticut st dock seattle wn	                  seattle	
  19/11/1923	        NA	        NA	        NA	        NA	                       NA	                       NA	
  20/11/1923	        NA	        NA	      47.6	    -122.3	alongside connecticut st dock seattle wn	                  seattle	
  20/11/1923	        NA	        NA	        NA	        NA	                       NA	                       NA	
  21/11/1923	        NA	        NA	      47.6	    -122.3	alongside connecticut st wharf seattle wash	                  seattle	
  21/11/1923	        NA	        NA	        NA	        NA	                       NA	                       NA	
  22/11/1923	        NA	        NA	      47.6	    -122.3	alongside connecticut st dock seattle wn	                  seattle	
  22/11/1923	        NA	        NA	        NA	        NA	                       NA	                       NA	
  23/11/1923	        NA	        NA	      47.6	    -122.3	alongside connecticut st dock seattle wn	                  seattle	
  23/11/1923	        NA	        NA	        NA	        NA	                       NA	                       NA	
  24/11/1923	        NA	        NA	      47.6	    -122.3	alongside conn st dock seattle wash	                  seattle	
  24/11/1923	        NA	        NA	        NA	        NA	                       NA	                       NA	
  24/11/1923	        NA	        NA	      47.6	    -122.3	alongside conn st dock seattle wash	                  seattle	
  24/11/1923	        NA	        NA	        NA	        NA	                       NA	                       NA	
  25/11/1923	        NA	        NA	      47.6	    -122.3	alongside conn st dock seattle wash	                  seattle	
  25/11/1923	        NA	        NA	        NA	        NA	                       NA	                       NA	
  26/11/1923	        NA	        NA	      47.6	    -122.3	alongside connecticut st wharf seattle wash	                  seattle	
  26/11/1923	        NA	        NA	        NA	        NA	                       NA	                       NA	
  27/11/1923	        NA	        NA	      47.6	    -122.3	alongside connecticut st dock seattle wn	                  seattle	
  27/11/1923	        NA	        NA	        NA	        NA	                       NA	                       NA	
  28/11/1923	        NA	        NA	      47.6	    -122.3	alongside connecticut st dock seattle wn	                  seattle	
  28/11/1923	        NA	        NA	        NA	        NA	                       NA	                       NA	
  29/11/1923	        NA	        NA	      47.6	    -122.3	alongside connecticut st dock seattle wash	                  seattle	
  29/11/1923	        NA	        NA	        NA	        NA	                       NA	                       NA	
  30/11/1923	        NA	        NA	      47.6	    -122.3	alongside conn st dock seattle wn	                  seattle	
  30/11/1923	        NA	        NA	        NA	        NA	                       NA	                       NA	
  01/12/1923	        NA	        NA	      47.6	    -122.3	alongside connecticut st dock seattle wn	                  seattle	
  01/12/1923	        NA	        NA	        NA	        NA	                       NA	                       NA	
  02/12/1923	        NA	        NA	      47.6	    -122.3	alongside connecticut st dock seattle wn	                  seattle	
  02/12/1923	        NA	        NA	        NA	        NA	                       NA	                       NA	
  03/12/1923	        NA	        NA	      47.6	    -122.3	alongisde connecticut st wharf  seattle wash 	                  seattle	
  03/12/1923	        NA	        NA	        NA	        NA	                       NA	                       NA	
  04/12/1923	        NA	        NA	      47.6	    -122.3	alongside connecticut st dock seattle wn	                  seattle	
  04/12/1923	        NA	        NA	        NA	        NA	                       NA	                       NA	
  05/12/1923	        NA	        NA	      47.6	    -122.3	alongside connecticut st dock seattle wn	                  seattle	
  05/12/1923	        NA	        NA	        NA	        NA	                       NA	                       NA	
  06/12/1923	        NA	        NA	      47.6	    -122.3	alongside connecticut st dock seattle wn	                  seattle	
  06/12/1923	        NA	        NA	        NA	        NA	                       NA	                       NA	
  07/12/1923	        NA	        NA	      47.6	    -122.3	alongside connecticut st dock seattle wash	                  seattle	
  07/12/1923	        NA	        NA	        NA	        NA	                       NA	                       NA	
  08/12/1923	        NA	        NA	      47.6	    -122.3	alongside connecticut st dock seattle wash	                  seattle	
  08/12/1923	        NA	        NA	        NA	        NA	                       NA	                       NA	
  09/12/1923	        NA	        NA	      47.6	    -122.3	alongside connecticut st dock seattle wn	                  seattle	
  09/12/1923	        NA	        NA	        NA	        NA	                       NA	                       NA	
  10/12/1923	        NA	        NA	      47.6	    -122.3	alongside connecticut st dock seattle wn	                  seattle	
  10/12/1923	        NA	        NA	        NA	        NA	                       NA	                       NA	
  11/12/1923	        NA	        NA	      47.6	    -122.3	alongside connecticut st dock seattle wash	                  seattle	
  11/12/1923	        NA	        NA	        NA	        NA	                       NA	                       NA	
  12/12/1923	        NA	        NA	      47.6	    -122.3	alongside connecticut st wharf seattle wash	                  seattle	
  12/12/1923	        NA	        NA	        NA	        NA	                       NA	                       NA	
  13/12/1923	        NA	        NA	      47.6	    -122.3	alongside connecticut st dock seattle wash	                  seattle	
  13/12/1923	        NA	        NA	        NA	        NA	                       NA	                       NA	
  14/12/1923	        NA	        NA	      47.6	    -122.3	alongside connecticut st dock seattle wash	                  seattle	
  14/12/1923	        NA	        NA	        NA	        NA	                       NA	                       NA	
  15/12/1923	        NA	        NA	      47.6	    -122.3	             seattle wash	                  seattle	
  15/12/1923	        NA	        NA	        NA	        NA	                       NA	                       NA	
  16/12/1923	        NA	        NA	      47.6	    -122.3	             seattle wash	                  seattle	
  16/12/1923	        NA	        NA	        NA	        NA	                       NA	                       NA	
  17/12/1923	        NA	        NA	      47.6	    -122.3	               seattle wn	                  seattle	
  17/12/1923	        NA	        NA	        NA	        NA	                       NA	                       NA	
  18/12/1923	        NA	        NA	      47.6	    -122.3	alongside connecticut st dock seattle wash	                  seattle	
  18/12/1923	        NA	        NA	        NA	        NA	                       NA	                       NA	
  19/12/1923	        NA	        NA	      47.6	    -122.3	alongside connecticut st dock seattle wn	                  seattle	
  19/12/1923	        NA	        NA	        NA	        NA	                       NA	                       NA	
  20/12/1923	        NA	        NA	      47.6	    -122.3	alongside connecticut st dock seattle wash	                  seattle	
  20/12/1923	        NA	        NA	        NA	        NA	                       NA	                       NA	
  21/12/1923	        NA	        NA	      47.6	    -122.3	alongside connecticut st dock seattle wash	                  seattle	
  21/12/1923	        NA	        NA	        NA	        NA	                       NA	                       NA	
  22/12/1923	        NA	        NA	      47.6	    -122.3	alongside connecticut st dock seattle wash	                  seattle	
  22/12/1923	        NA	        NA	        NA	        NA	                       NA	                       NA	
  23/12/1923	        NA	        NA	      47.6	    -122.3	alongside connecticut st dock seattle wash	                  seattle	
  23/12/1923	        NA	        NA	        NA	        NA	                       NA	                       NA	
  24/12/1923	        NA	        NA	      47.6	    -122.3	alongside connecticut st dock seattle wn	                  seattle	
  24/12/1923	        NA	        NA	        NA	        NA	                       NA	                       NA	
  25/12/1923	        NA	        NA	      47.6	    -122.3	alongside connecticut st dock seattle wash	                  seattle	
  25/12/1923	        NA	        NA	        NA	        NA	                       NA	                       NA	
  26/12/1923	        NA	        NA	      47.6	    -122.3	alongside connecticut st dock seattle wash	                  seattle	
  26/12/1923	        NA	        NA	        NA	        NA	                       NA	                       NA	
  27/12/1923	        NA	        NA	      47.6	    -122.3	alongside connecticut st dock seattle wn	                  seattle	
  27/12/1923	        NA	        NA	        NA	        NA	                       NA	                       NA	
  28/12/1923	        NA	        NA	      47.6	    -122.3	alongside conn st dock seattle wash	                  seattle	
  28/12/1923	        NA	        NA	        NA	        NA	                       NA	                       NA	
  29/12/1923	        NA	        NA	      47.6	    -122.3	alongside connecticut st dock seattle wash	                  seattle	
  29/12/1923	        NA	        NA	        NA	        NA	                       NA	                       NA	
  30/12/1923	        NA	        NA	      47.6	    -122.3	alongside connecticut st dock seattle wn	                  seattle	
  30/12/1923	        NA	        NA	        NA	        NA	                       NA	                       NA	
  31/12/1923	        NA	        NA	      47.6	    -122.3	alongside connecticut st dock seattle wash	                  seattle	
  31/12/1923	        NA	        NA	        NA	        NA	                       NA	                       NA	
  31/12/1923	        NA	        NA	        NA	        NA	                       NA	                       NA	
  31/12/1923	        NA	        NA	        NA	        NA	                       NA	                       NA	
  31/12/1923	        NA	        NA	        NA	        NA	                       NA	                       NA	
  31/12/1923	        NA	        NA	        NA	        NA	                       NA	                       NA	
  31/12/1923	        NA	        NA	        NA	        NA	                       NA	                       NA	
  31/12/1923	        NA	        NA	        NA	        NA	                       NA	                       NA	
  31/12/1923	        NA	        NA	        NA	        NA	                       NA	                       NA	
  31/12/1923	        NA	        NA	        NA	        NA	                       NA	                       NA	
  31/12/1923	        NA	        NA	        NA	        NA	                       NA	                       NA	
  31/12/1923	        NA	        NA	        NA	        NA	                       NA	                       NA	
  31/12/1923	        NA	        NA	        NA	        NA	                       NA	                       NA	
  31/12/1923	        NA	        NA	        NA	        NA	                       NA	                       NA	
  31/12/1923	        NA	        NA	        NA	        NA	                       NA	                       NA	
  31/12/1923	        NA	        NA	        NA	        NA	                       NA	                       NA	
