  01/01/1925	        NA	        NA	      33.7	    -118.3	alongside municipal dock san pedro calif	          san pedro calif	
  01/01/1925	        NA	        NA	        NA	        NA	                       NA	                       NA	
  02/01/1925	        NA	        NA	        NA	        NA	                       NA	                       NA	
  03/01/1925	        NA	        NA	      33.7	    -118.3	berth 92 municipal dock san pedro calif	          san pedro calif	
  03/01/1925	        NA	        NA	        NA	        NA	                       NA	                       NA	
  04/01/1925	        NA	        NA	      33.7	    -118.3	          san pedro calif	          san pedro calif	
  04/01/1925	        NA	        NA	        NA	        NA	                       NA	                       NA	
  05/01/1925	        NA	        NA	      33.7	    -118.3	          san pedro calif	          san pedro calif	
  05/01/1925	        NA	        NA	        NA	        NA	                       NA	                       NA	
  10/01/1925	        NA	        NA	      33.7	    -118.3	alongside str jude municipal dock san pedro calif	          san pedro calif	
  10/01/1925	        NA	        NA	        NA	        NA	                       NA	                       NA	
  11/01/1925	        NA	        NA	      33.7	    -118.3	alongside ship guide at berth 92 san pedro calif	          san pedro calif	
  11/01/1925	        NA	        NA	        NA	        NA	                       NA	                       NA	
  12/01/1925	        NA	        NA	      33.7	    -118.3	alongside str guide municipal dock san pedro calif	          san pedro calif	
  12/01/1925	        NA	        NA	        NA	        NA	                       NA	                       NA	
  17/01/1925	        NA	        NA	      33.7	    -118.3	          san pedro calif	          san pedro calif	
  17/01/1925	        NA	        NA	        NA	        NA	                san pedro	                       NA	
  18/01/1925	        NA	        NA	      33.7	    -118.3	alongside municipal dock san pedro calif	          san pedro calif	
  18/01/1925	        NA	        NA	        NA	        NA	                       NA	                       NA	
  19/01/1925	        NA	        NA	      33.7	    -118.3	alongside berth 92 san pedro calif	          san pedro calif	
  19/01/1925	        NA	        NA	        NA	        NA	                san pedro	                       NA	
  24/01/1925	        NA	        NA	      33.7	    -118.3	alongside municipal dock san pedro calif	          san pedro calif	
  24/01/1925	        NA	        NA	        NA	        NA	                san pedro	                       NA	
  25/01/1925	        NA	        NA	      33.7	    -118.3	alongside usc  gs guide at municipal dock san pedro cal	          san pedro calif	
  25/01/1925	        NA	        NA	        NA	        NA	                       NA	                       NA	
  26/01/1925	        NA	        NA	      33.7	    -118.3	alongside dock at berth 92 san pedro california	          san pedro calif	
  26/01/1925	        NA	        NA	        NA	        NA	                       NA	                       NA	
  27/01/1925	        NA	        NA	      33.7	    -118.3	alongside dock  berth 92 san pedro calif	          san pedro calif	
  30/01/1925	        NA	        NA	        NA	        NA	                san pedro	                       NA	
  31/01/1925	        NA	        NA	      33.7	    -118.3	municiple dock san pedro cal	          san pedro calif	
  31/01/1925	        NA	        NA	        NA	        NA	                       NA	                       NA	
  01/02/1925	        NA	        NA	      33.7	    -118.3	     sam pedro california	          san pedro calif	
  01/02/1925	        NA	        NA	        NA	        NA	                       NA	                       NA	
  02/02/1925	        NA	        NA	      33.7	    -118.3	berth 92 municipal dock san pedro calif	          san pedro calif	
  02/02/1925	        NA	        NA	        NA	        NA	                       NA	                       NA	
  03/02/1925	        NA	        NA	      33.7	    -118.3	berth 92 municipal dock san pedro calif	          san pedro calif	
  03/02/1925	        NA	        NA	        NA	        NA	                       NA	                       NA	
  04/02/1925	        NA	        NA	      33.7	    -118.3	berth  92 municipal dock san pedro calif	          san pedro calif	
  04/02/1925	        NA	        NA	        NA	        NA	                       NA	                       NA	
  05/02/1925	        NA	        NA	      33.7	    -118.3	municipal dock berth  92 san pedro calif	          san pedro calif	
  05/02/1925	        NA	        NA	        NA	        NA	                       NA	                       NA	
  06/02/1925	        NA	        NA	      33.7	    -118.3	municiple dock san pedro calif	          san pedro calif	
  06/02/1925	        NA	        NA	        NA	        NA	                       NA	                       NA	
  07/02/1925	        NA	        NA	      33.7	    -118.3	municipal dock berth 92 san pedro calif	          san pedro calif	
  07/02/1925	        NA	        NA	        NA	        NA	                       NA	                       NA	
  08/02/1925	        NA	        NA	      33.7	    -118.3	berth  92 municipal dock san pedro calif	          san pedro calif	
  08/02/1925	        NA	        NA	        NA	        NA	                       NA	                       NA	
  09/02/1925	        NA	        NA	      33.7	    -118.3	berth  92 municipal dock san pedro calif	          san pedro calif	
  14/02/1925	        NA	        NA	      33.7	    -118.3	berth  92 municipal dock san pedro calif	          san pedro calif	
  14/02/1925	        NA	        NA	        NA	        NA	                       NA	                       NA	
  15/02/1925	        NA	        NA	      33.7	    -118.3	berth  92 municipal dock san pedro calif	          san pedro calif	
  15/02/1925	        NA	        NA	        NA	        NA	                       NA	                       NA	
  16/02/1925	        NA	        NA	      33.7	    -118.3	at berth 92 municipal dock san pedro calif ship laying alongside dock	          san pedro calif	
  18/02/1925	        NA	        NA	        NA	        NA	                san pedro	                       NA	
  19/02/1925	        NA	        NA	      33.7	    -118.3	     san pedro california	          san pedro calif	
  19/02/1925	        NA	        NA	        NA	        NA	                       NA	                       NA	
  20/02/1925	        NA	        NA	      33.7	    -118.3	berth  92 san pedro calif	          san pedro calif	
  20/02/1925	        NA	        NA	        NA	        NA	                       NA	                       NA	
  21/02/1925	        NA	        NA	      33.7	    -118.3	berth  92 municipal dock san pedro calif	          san pedro calif	
  24/02/1925	        NA	        NA	      37.8	    -122.4	alongside china basin dock san francisco calif	        san francisco bay	
  24/02/1925	        NA	        NA	        NA	        NA	                       NA	                       NA	
  25/02/1925	        NA	        NA	      37.8	    -122.4	alongside china basin wharf san francisco cal	        san francisco bay	
  25/02/1925	        NA	        NA	        NA	        NA	                       NA	                       NA	
  26/02/1925	        NA	        NA	      37.8	    -122.4	alongside dock at china basin san francisco california	        san francisco bay	
  26/02/1925	        NA	        NA	        NA	        NA	                       NA	                       NA	
  27/02/1925	        NA	        NA	      37.8	    -122.4	alongside dock at china basin san francisco bay calif	        san francisco bay	
  27/02/1925	        NA	        NA	        NA	        NA	                       NA	                       NA	
  28/02/1925	        NA	        NA	      37.8	    -122.4	alongside dock at china basin san francisco bay calif	        san francisco bay	
  28/02/1925	        NA	        NA	        NA	        NA	                       NA	                       NA	
  01/03/1925	        NA	        NA	      37.8	    -122.4	alongside china basin dock san francisco calif	        san francisco bay	
  01/03/1925	        NA	        NA	        NA	        NA	                       NA	                       NA	
  02/03/1925	        NA	        NA	      37.8	    -122.3	enroute san francisco to oakland  alongside dock at oakland cal	                  oakland	
  02/03/1925	        NA	        NA	      37.8	    -122.3	            oakland creek	                  oakland	
  03/03/1925	        NA	        NA	      37.8	    -122.3	alongside municipal dock foot of jackson st oakland cal	                  oakland	
  03/03/1925	        NA	        NA	        NA	        NA	                       NA	                       NA	
  04/03/1925	        NA	        NA	      37.8	    -122.3	alongside dock foot of jackson st oakland calif	                  oakland	
  04/03/1925	        NA	        NA	        NA	        NA	                       NA	                       NA	
  05/03/1925	        NA	        NA	      37.8	    -122.3	alongside dock foot of jackson st oakland calif	                  oakland	
  05/03/1925	        NA	        NA	        NA	        NA	                       NA	                       NA	
  06/03/1925	        NA	        NA	      37.8	    -122.3	alongside dock at foot of jackson st oakland calif	                  oakland	
  06/03/1925	        NA	        NA	        NA	        NA	                       NA	                       NA	
  07/03/1925	        NA	        NA	      37.8	    -122.3	alongside municipal dock jackson st oakland calif	                  oakland	
  07/03/1925	        NA	        NA	        NA	        NA	                       NA	                       NA	
  08/03/1925	        NA	        NA	      37.8	    -122.3	alongside municipal dock jackson st oakland cal	                  oakland	
  08/03/1925	        NA	        NA	        NA	        NA	                       NA	                       NA	
  09/03/1925	        NA	        NA	      37.8	    -122.3	alongside municipal dock oakland calif	                  oakland	
  09/03/1925	        NA	        NA	        NA	        NA	                       NA	                       NA	
  10/03/1925	        NA	        NA	      37.8	    -122.3	alongside muncipal dock foot of jackson st oakland calif	                  oakland	
  10/03/1925	        NA	        NA	        NA	        NA	                       NA	                       NA	
  11/03/1925	        NA	        NA	      37.8	    -122.3	alongside municipal dock foot of jackson st oakland calif	                  oakland	
  11/03/1925	        NA	        NA	        NA	        NA	                       NA	                       NA	
  12/03/1925	        NA	        NA	      37.8	    -122.3	alongside municipal dock at oakland cal	                  oakland	
  12/03/1925	        NA	        NA	        NA	        NA	                       NA	                       NA	
  13/03/1925	        NA	        NA	      37.8	    -122.3	alongside municipal dock jackson st oakland cal	                  oakland	
  13/03/1925	        NA	        NA	        NA	        NA	                       NA	                       NA	
  14/03/1925	        NA	        NA	      37.8	    -122.3	alongside municipal dock foot of jackson st oakland calif	                  oakland	
  14/03/1925	        NA	        NA	        NA	        NA	                       NA	                       NA	
  15/03/1925	        NA	        NA	      37.8	    -122.3	alongside municipal dock foot of jackson st oakland calif	                  oakland	
  15/03/1925	        NA	        NA	        NA	        NA	                       NA	                       NA	
  16/03/1925	        NA	        NA	      37.8	    -122.3	alongside municipal dock ft of jackson st oakland calif	                  oakland	
  16/03/1925	        NA	        NA	        NA	        NA	                       NA	                       NA	
  17/03/1925	        NA	        NA	      37.8	    -122.3	alongside municipal dock ft of jackson st oakland cal	                  oakland	
  17/03/1925	        NA	        NA	        NA	        NA	                       NA	                       NA	
  18/03/1925	        NA	        NA	      37.8	    -122.3	alongside municipal dock at oakland calif	                  oakland	
  18/03/1925	        NA	        NA	        NA	        NA	                       NA	                       NA	
  19/03/1925	        NA	        NA	      37.8	    -122.3	alongside municipal dock jackson st oakland calif	                  oakland	
  19/03/1925	        NA	        NA	        NA	        NA	                       NA	                       NA	
  20/03/1925	        NA	        NA	      37.8	    -122.3	alongside municipal dock jackson st oakland	                  oakland	
  20/03/1925	        NA	        NA	        NA	        NA	                       NA	                       NA	
  21/03/1925	        NA	        NA	      37.8	    -122.3	alongside municipal dock ft of jackson st oakland calif	                  oakland	
  21/03/1925	        NA	        NA	        NA	        NA	                       NA	                       NA	
  22/03/1925	        NA	        NA	      37.8	    -122.3	alongside municipal dock oakland calif	                  oakland	
  22/03/1925	        NA	        NA	        NA	        NA	                       NA	                       NA	
  23/03/1925	        NA	        NA	      37.8	    -122.3	alongside municipal dock oakland calif	                  oakland	
  23/03/1925	        NA	        NA	        NA	        NA	                       NA	                       NA	
  24/03/1925	        NA	        NA	      37.8	    -122.3	alongside municipal dock oakland calif	                  oakland	
  24/03/1925	        NA	        NA	        NA	        NA	                       NA	                       NA	
  25/03/1925	        NA	        NA	      37.8	    -122.3	comdg alongside municipal dock oakland calif	                  oakland	
  25/03/1925	        NA	        NA	        NA	        NA	                       NA	                       NA	
  26/03/1925	        NA	        NA	      37.8	    -122.3	alongside municipal dock oakland calif	                  oakland	
  26/03/1925	        NA	        NA	      37.8	    -122.3	       oakland california	                  oakland	
  27/03/1925	        NA	        NA	      37.8	    -122.3	alongside municipal dock ft of jackson st oakland calif	                  oakland	
  27/03/1925	        NA	        NA	        NA	        NA	                       NA	                       NA	
  28/03/1925	        NA	        NA	      37.8	    -122.3	                  oakland	                  oakland	
  28/03/1925	        NA	        NA	        NA	        NA	                       NA	                       NA	
  29/03/1925	        NA	        NA	      37.8	    -122.3	alongside municipal dock oakland calif	                  oakland	
  29/03/1925	        NA	        NA	        NA	        NA	                       NA	                       NA	
  30/03/1925	        NA	        NA	      37.8	    -122.3	municipal dock foot of jackson st oakland cal	                  oakland	
  30/03/1925	        NA	        NA	        NA	        NA	                       NA	                       NA	
  31/03/1925	        NA	        NA	      37.8	    -122.3	alongside municipal dock foot of jackson st oakland cal	                  oakland	
  31/03/1925	        NA	        NA	        NA	        NA	                       NA	                       NA	
  31/03/1925	        NA	        NA	        NA	        NA	                       NA	                       NA	
  31/03/1925	        NA	        NA	        NA	        NA	                       NA	                       NA	
  31/03/1925	        NA	        NA	        NA	        NA	                       NA	                       NA	
  31/03/1925	        NA	        NA	        NA	        NA	                       NA	                       NA	
  31/03/1925	        NA	        NA	        NA	        NA	                       NA	                       NA	
  31/03/1925	        NA	        NA	        NA	        NA	                       NA	                       NA	
  31/03/1925	        NA	        NA	        NA	        NA	                       NA	                       NA	
  31/03/1925	        NA	        NA	        NA	        NA	                       NA	                       NA	
  31/03/1925	        NA	        NA	        NA	        NA	                       NA	                       NA	
  31/03/1925	        NA	        NA	        NA	        NA	                       NA	                       NA	
  01/04/1925	        NA	        NA	      37.8	    -122.3	alongside municipal pier oakland cal	                  oakland	
  01/04/1925	        NA	        NA	        NA	        NA	                       NA	                       NA	
  02/04/1925	        NA	        NA	      37.8	    -122.3	alongside municipal dock oakland calif	                  oakland	
  02/04/1925	        NA	        NA	        NA	        NA	                       NA	                       NA	
  03/04/1925	        NA	        NA	      37.8	    -122.3	alongside municipal dock oakland calif	                  oakland	
  03/04/1925	        NA	        NA	        NA	        NA	                       NA	                       NA	
  04/04/1925	        NA	        NA	      37.8	    -122.3	alongside municipal dock jackson st oakland	                  oakland	
  04/04/1925	        NA	        NA	        NA	        NA	                       NA	                       NA	
  05/04/1925	        NA	        NA	      37.8	    -122.3	alongside municipal dock jackson st oakland	                  oakland	
  05/04/1925	        NA	        NA	        NA	        NA	                       NA	                       NA	
  06/04/1925	        NA	        NA	      37.8	    -122.3	alongside municipal dock jackson st oakland cal	                  oakland	
  06/04/1925	        NA	        NA	        NA	        NA	                       NA	                       NA	
  07/04/1925	   40 53 N	  124 20 W	      37.8	    -122.4	at sea underway from san francisco cal to seattle 	        [Fudged from 1923]	
  08/04/1925	   45 18 N	  124 16 W	      37.8	    -122.4	at sea underway from san francisco cal to seattle wash	        [Fudged from 1923]	
  09/04/1925	     48 11	    122 47	      47.6	    -122.3	at sea underway from san francisco calif to seattle wash	        [Fudged from 1923]
  10/04/1925	        NA	        NA	      47.6	    -122.3	 bell street dock seattle	                  seattle	
  11/04/1925	        NA	        NA	      47.6	    -122.3	alongside bell st wharf seattle wn	                  seattle	
  11/04/1925	        NA	        NA	        NA	        NA	                       NA	                       NA	
  12/04/1925	        NA	        NA	      47.6	    -122.3	alongside bell st dock seattle wn	                  seattle	
  12/04/1925	        NA	        NA	        NA	        NA	                       NA	                       NA	
  13/04/1925	        NA	        NA	      47.6	    -122.3	alongside bell street dock seattle wash	                  seattle	
  13/04/1925	        NA	        NA	        NA	        NA	                       NA	                       NA	
  14/04/1925	        NA	        NA	      47.6	    -122.3	alongside bell st dock seattle washington	                  seattle	
  14/04/1925	        NA	        NA	        NA	        NA	                       NA	                       NA	
  15/04/1925	        NA	        NA	      47.6	    -122.3	alongside the bell street wharf seattle washington	                  seattle	
  15/04/1925	        NA	        NA	        NA	        NA	                       NA	                       NA	
  16/04/1925	        NA	        NA	      48.1	    -122.8	at anchor off port townsend wn	            port townsend	
  16/04/1925	        NA	        NA	        NA	        NA	                       NA	                       NA	
  17/04/1925	        NA	        NA	      48.1	    -122.8	alongside quarantine dock port townsend wash	            port townsend	
  17/04/1925	        NA	        NA	      48.1	    -122.8	alongside quarantine dock port townsend wash	            port townsend	
  18/04/1925	        NA	        NA	      50.5	    -126.1	         johnstone strait	         johnstone strait	
  20/04/1925	        NA	        NA	      54.6	    -130.7	         holliday passage	         holliday passage	
  21/04/1925	        NA	        NA	      55.4	    -131.7	alongside admiral line dock ketchikan alaska	                ketchikan	
  21/04/1925	        NA	        NA	        NA	        NA	                       NA	                       NA	
  22/04/1925	        NA	        NA	      56.5	    -132.4	         wrangell narrows	                 wrangell	
  24/04/1925	   58 12 N	  142 19 W	      58.2	    -136.6	enroute cape spence to koshvik i	             cape spencer	
  24/04/1925	        NA	        NA	        NA	        NA	                       NA	                       NA	
  27/04/1925	        NA	        NA	        NA	        NA	                       NA	                       NA	
  28/04/1925	        NA	        NA	      57.8	    -152.4	at anchor uyak bay kodiak id	                   kodiak	
  28/04/1925	        NA	        NA	        NA	        NA	          castle cape abm	                       NA	
  29/04/1925	        NA	        NA	        NA	        NA	          cape devine abm	                       NA	
  30/04/1925	        NA	        NA	      55.2	    -160.6	       baralof bay alaska	              baralof bay	
  01/05/1925	        NA	        NA	      54.8	    -163.4	  false pass cannery dock	               false pass	
  01/05/1925	        NA	        NA	        NA	        NA	                       NA	                       NA	
  02/05/1925	        NA	        NA	      54.8	    -163.4	alongside false pass cannery pier	               false pass	
  02/05/1925	        NA	        NA	        NA	        NA	                       NA	                       NA	
  03/05/1925	        NA	        NA	      54.8	    -163.4	alongside pe harris cannery dock false pass unimak id alasksa	               false pass	
  03/05/1925	        NA	        NA	        NA	        NA	                       NA	                       NA	
  04/05/1925	        NA	        NA	      54.8	    -163.4	alongside dock pe harris cannery false pass aaa	               false pass	
  04/05/1925	        NA	        NA	        NA	        NA	                       NA	                       NA	
  05/05/1925	        NA	        NA	      54.8	    -163.4	        false pass alaska	               false pass	
  05/05/1925	        NA	        NA	        NA	        NA	                       NA	                       NA	
  06/05/1925	        NA	        NA	      54.8	    -163.4	alongside docks false pass cannery sw alaska	               false pass	
  06/05/1925	        NA	        NA	        NA	        NA	                       NA	                       NA	
  07/05/1925	        NA	        NA	      54.8	    -163.4	        false pass alaska	               false pass	
  07/05/1925	        NA	        NA	        NA	        NA	                       NA	                       NA	
  08/05/1925	        NA	        NA	      54.8	    -163.4	               false pass	               false pass	
  08/05/1925	        NA	        NA	        NA	        NA	                       NA	                       NA	
  09/05/1925	        NA	        NA	      54.8	    -163.4	        false pass alaska	               false pass	
  09/05/1925	        NA	        NA	        NA	        NA	                       NA	                       NA	
  10/05/1925	        NA	        NA	      54.8	    -163.4	alongside dock pe harris cannery false pass aaa	               false pass	
  10/05/1925	        NA	        NA	        NA	        NA	                       NA	                       NA	
  11/05/1925	        NA	        NA	      54.8	    -163.4	               false pass	               false pass	
  11/05/1925	        NA	        NA	        NA	        NA	                       NA	                       NA	
  12/05/1925	        NA	        NA	      54.8	    -163.4	alongside cannery dock false pass sw alaska	               false pass	
  12/05/1925	        NA	        NA	        NA	        NA	                       NA	                       NA	
  13/05/1925	        NA	        NA	      54.8	    -163.4	     false pass sw alaska	               false pass	
  13/05/1925	        NA	        NA	        NA	        NA	                       NA	                       NA	
  14/05/1925	        NA	        NA	      54.8	    -163.4	     false pass sw alaska	               false pass	
  14/05/1925	        NA	        NA	        NA	        NA	                       NA	                       NA	
  15/05/1925	        NA	        NA	      54.8	    -163.4	               false pass	               false pass	
  15/05/1925	        NA	        NA	        NA	        NA	                       NA	                       NA	
  16/05/1925	        NA	        NA	      54.8	    -163.4	        false pass alaska	               false pass	
  16/05/1925	        NA	        NA	        NA	        NA	                       NA	                       NA	
  17/05/1925	        NA	        NA	      54.8	    -163.4	        false pass alaska	               false pass	
  17/05/1925	        NA	        NA	        NA	        NA	                       NA	                       NA	
  18/05/1925	        NA	        NA	      54.8	    -163.4	        false pass alaska	               false pass	
  18/05/1925	        NA	        NA	        NA	        NA	                       NA	                       NA	
  20/05/1925	        NA	        NA	        NA	        NA	                       NA	                       NA	
  21/05/1925	        NA	        NA	        NA	        NA	at anchor ikatan bay sw alaska	                       NA	
  21/05/1925	        NA	        NA	      55.1	    -162.3	anchored off king cove cannery	                king cove	
  22/05/1925	        NA	        NA	      55.1	    -162.3	moored off king cove cannery sw alaska	                king cove	
  22/05/1925	        NA	        NA	        NA	        NA	                       NA	                       NA	
  23/05/1925	        NA	        NA	      55.1	    -162.3	at anchor in king cove alaska	                king cove	
  23/05/1925	        NA	        NA	      54.8	    -163.4	               false pass	               false pass	
  24/05/1925	        NA	        NA	      54.8	    -163.4	alongside dock false pass cannery	               false pass	
  24/05/1925	        NA	        NA	        NA	        NA	                       NA	                       NA	
  25/05/1925	        NA	        NA	      54.8	    -163.4	               false pass	               false pass	
  25/05/1925	        NA	        NA	        NA	        NA	                       NA	                       NA	
  26/05/1925	        NA	        NA	      54.8	    -163.4	               false pass	               false pass	
  26/05/1925	        NA	        NA	        NA	        NA	                       NA	                       NA	
  29/05/1925	        NA	        NA	        NA	        NA	anchor ikatan bay sw alaska	                       NA	
  29/05/1925	        NA	        NA	      54.8	    -163.4	  false pass cannery dock	               false pass	
  30/05/1925	        NA	        NA	      54.8	    -163.4	alongside dock false pass cannery sw alaska	               false pass	
  30/05/1925	        NA	        NA	        NA	        NA	                       NA	                       NA	
  31/05/1925	        NA	        NA	      54.8	    -163.4	               false pass	               false pass	
  31/05/1925	        NA	        NA	        NA	        NA	                       NA	                       NA	
  01/06/1925	        NA	        NA	      54.8	    -163.4	               false pass	               false pass	
  01/06/1925	        NA	        NA	        NA	        NA	                       NA	                       NA	
  02/06/1925	        NA	        NA	      54.8	    -163.4	               false pass	               false pass	
  02/06/1925	        NA	        NA	        NA	        NA	                       NA	                       NA	
  03/06/1925	        NA	        NA	      55.1	    -162.3	anchor king cove sw alaska	                king cove	
  03/06/1925	        NA	        NA	        NA	        NA	                       NA	                       NA	
  05/06/1925	        NA	        NA	        NA	        NA	                       NA	                       NA	
  06/06/1925	        NA	        NA	      55.0	    -162.6	at anchor off triangulation low thin point cove sw alaska	               thin point	
  07/06/1925	        NA	        NA	      54.8	    -163.4	at anchor sw of bird dock false pass sw alaska	               false pass	
  07/06/1925	        NA	        NA	        NA	        NA	                       NA	                       NA	
  08/06/1925	        NA	        NA	      54.8	    -163.4	alongside false pass cannery sw alaska	               false pass	
  08/06/1925	        NA	        NA	        NA	        NA	                       NA	                       NA	
  09/06/1925	        NA	        NA	      54.8	    -163.4	anchored off bird rock false pass sw alaska	               false pass	
  09/06/1925	        NA	        NA	        NA	        NA	                       NA	                       NA	
  10/06/1925	        NA	        NA	      54.8	    -163.4	     false pass sw alaska	               false pass	
  10/06/1925	        NA	        NA	        NA	        NA	               ikatan bay	                       NA	
  11/06/1925	        NA	        NA	      54.8	    -163.4	     false pass sw alaska	               false pass	
  11/06/1925	        NA	        NA	        NA	        NA	               ikatan bay	                       NA	
  12/06/1925	        NA	        NA	      54.8	    -163.4	  false pass cannery dock	               false pass	
  13/06/1925	        NA	        NA	      54.8	    -163.4	               false pass	               false pass	
  13/06/1925	        NA	        NA	        NA	        NA	                       NA	                       NA	
  14/06/1925	        NA	        NA	      54.8	    -163.4	               false pass	               false pass	
  14/06/1925	        NA	        NA	        NA	        NA	                       NA	                       NA	
  15/06/1925	        NA	        NA	      54.8	    -163.4	false pass cannery sw alaska	               false pass	
  15/06/1925	        NA	        NA	        NA	        NA	                       NA	                       NA	
  16/06/1925	        NA	        NA	      55.1	    -162.3	                king cove	                king cove	
  17/06/1925	        NA	        NA	      55.1	    -162.3	         king cove alaska	                king cove	
  17/06/1925	        NA	        NA	        NA	        NA	                       NA	                       NA	
  18/06/1925	        NA	        NA	      55.0	    -162.6	thin point cove sw alaska	               thin point	
  19/06/1925	        NA	        NA	      55.0	    -162.6	   thin point cove alaska	               thin point	
  19/06/1925	        NA	        NA	        NA	        NA	                       NA	                       NA	
  20/06/1925	        NA	        NA	        NA	        NA	                       NA	                       NA	
  21/06/1925	        NA	        NA	      54.8	    -163.4	false pass cannery sw alaska	               false pass	
  21/06/1925	        NA	        NA	        NA	        NA	                       NA	                       NA	
  22/06/1925	        NA	        NA	      54.8	    -163.4	false pass cannery dock sw alaska	               false pass	
  22/06/1925	        NA	        NA	        NA	        NA	                       NA	                       NA	
  23/06/1925	        NA	        NA	      54.8	    -163.4	false pass cannery sw alaska	               false pass	
  23/06/1925	        NA	        NA	        NA	        NA	                       NA	                       NA	
  24/06/1925	        NA	        NA	      55.1	    -162.3	                king cove	                king cove	
  25/06/1925	        NA	        NA	      55.1	    -162.3	     kings cove sw alaska	                king cove	
  25/06/1925	        NA	        NA	        NA	        NA	                       NA	                       NA	
  26/06/1925	        NA	        NA	      54.8	    -163.4	               false pass	               false pass	
  27/06/1925	        NA	        NA	      54.8	    -163.4	        false pass alaska	               false pass	
  27/06/1925	        NA	        NA	        NA	        NA	                       NA	                       NA	
  28/06/1925	        NA	        NA	      54.8	    -163.4	        false pass alaska	               false pass	
  28/06/1925	        NA	        NA	        NA	        NA	                       NA	                       NA	
  29/06/1925	        NA	        NA	      54.8	    -163.4	     false pass sw alaska	               false pass	
  29/06/1925	        NA	        NA	        NA	        NA	                       NA	                       NA	
  30/06/1925	        NA	        NA	      54.8	    -163.4	     false pass sw alaska	               false pass	
  30/06/1925	        NA	        NA	      55.1	    -162.3	                king cove	                king cove	
  30/06/1925	        NA	        NA	        NA	        NA	                       NA	                       NA	
  30/06/1925	        NA	        NA	        NA	        NA	                       NA	                       NA	
  30/06/1925	        NA	        NA	        NA	        NA	                       NA	                       NA	
  30/06/1925	        NA	        NA	        NA	        NA	                       NA	                       NA	
  30/06/1925	        NA	        NA	        NA	        NA	                       NA	                       NA	
  30/06/1925	        NA	        NA	        NA	        NA	                       NA	                       NA	
  30/06/1925	        NA	        NA	        NA	        NA	                       NA	                       NA	
  30/06/1925	        NA	        NA	        NA	        NA	                       NA	                       NA	
  30/06/1925	        NA	        NA	        NA	        NA	                       NA	                       NA	
  30/06/1925	        NA	        NA	        NA	        NA	                       NA	                       NA	
  30/06/1925	        NA	        NA	        NA	        NA	                       NA	                       NA	
  30/06/1925	        NA	        NA	        NA	        NA	                       NA	                       NA	
  30/06/1925	        NA	        NA	        NA	        NA	                       NA	                       NA	
  30/06/1925	        NA	        NA	        NA	        NA	                       NA	                       NA	
  01/07/1925	        NA	        NA	      55.1	    -162.3	     kings cove sw alaska	                king cove	
  01/07/1925	        NA	        NA	        NA	        NA	                       NA	                       NA	
  02/07/1925	        NA	        NA	        NA	        NA	     bulhofsky bay alaska	                       NA	
  02/07/1925	        NA	        NA	        NA	        NA	                       NA	                       NA	
  03/07/1925	        NA	        NA	      55.1	    -162.3	                king cove	                king cove	
  04/07/1925	        NA	        NA	      55.1	    -162.3	at anchor king cove sw alaska	                king cove	
  04/07/1925	        NA	        NA	        NA	        NA	                       NA	                       NA	
  05/07/1925	        NA	        NA	      55.1	    -162.3	at anchor king cove sw alaska	                king cove	
  05/07/1925	        NA	        NA	        NA	        NA	                       NA	                       NA	
  06/07/1925	        NA	        NA	      55.1	    -162.3	at anchor king cove sw alaska	                king cove	
  06/07/1925	        NA	        NA	        NA	        NA	                       NA	                       NA	
  07/07/1925	        NA	        NA	      55.1	    -162.3	at anchor king cove sw alaska	                king cove	
  07/07/1925	        NA	        NA	        NA	        NA	                       NA	                       NA	
  08/07/1925	        NA	        NA	        NA	        NA	                       NA	                       NA	
  09/07/1925	        NA	        NA	      55.0	    -162.3	fox island anchorage  deer i passage  sw alaska	             deer passage	
  10/07/1925	        NA	        NA	      55.2	    -160.6	             squaw harbor	             squaw harbor	
  11/07/1925	        NA	        NA	      55.2	    -160.6	squaw harbor unga island s w alaska	             squaw harbor	
  11/07/1925	        NA	        NA	        NA	        NA	                       NA	                       NA	
  12/07/1925	        NA	        NA	      55.2	    -160.6	squaw harbor unga island s w alaska	             squaw harbor	
  12/07/1925	        NA	        NA	        NA	        NA	                       NA	                       NA	
  13/07/1925	        NA	        NA	      55.2	    -160.6	alongside cannery dock barolof bay unga island	              baralof bay	
  13/07/1925	        NA	        NA	        NA	        NA	                       NA	                       NA	
  14/07/1925	        NA	        NA	        NA	        NA	at anchor belkofsky bay sw alaska	                       NA	
  14/07/1925	        NA	        NA	      54.8	    -163.4	               false pass	               false pass	
  15/07/1925	        NA	        NA	      56.0	    -160.6	enrout false pass to port moller alaska	              port moller	
  15/07/1925	        NA	        NA	        NA	        NA	                       NA	                       NA	
  16/07/1925	        NA	        NA	        NA	        NA	                       NA	                       NA	
  18/07/1925	        NA	        NA	        NA	        NA	                       NA	                       NA	
  19/07/1925	        NA	        NA	      57.1	    -170.3	at anchor off st paul id alaska	                  st paul	
  19/07/1925	        NA	        NA	        NA	        NA	                       NA	                       NA	
  20/07/1925	   55 22 N	  166 58 W	      56.6	    -169.6	enroute st george id to unimak pass aaa	                st george	
  20/07/1925	        NA	        NA	        NA	        NA	                       NA	                       NA	
  21/07/1925	        NA	        NA	      55.1	    -162.3	en route from st george id to king cove alaska	                king cove	
  21/07/1925	        NA	        NA	      55.1	    -162.3	                king cove	                king cove	
  22/07/1925	        NA	        NA	        NA	        NA	                       NA	                       NA	
  23/07/1925	        NA	        NA	      55.1	    -162.3	enroute king cove to seward alaska	                king cove	
  23/07/1925	        NA	        NA	        NA	        NA	                       NA	                       NA	
  24/07/1925	        NA	        NA	      57.8	    -152.4	            kodiak harbor	                   kodiak	
  25/07/1925	        NA	        NA	      57.8	    -152.4	enroute kodiak to seward alaska	                   kodiak	
  25/07/1925	        NA	        NA	        NA	        NA	                rugged id	                       NA	
  26/07/1925	        NA	        NA	      60.1	    -149.4	            seward alaska	                   seward	
  26/07/1925	        NA	        NA	        NA	        NA	                       NA	                       NA	
  27/07/1925	        NA	        NA	      60.1	    -149.4	alongside seward city dock sw alaska	                   seward	
  27/07/1925	        NA	        NA	        NA	        NA	                       NA	                       NA	
  30/07/1925	        NA	        NA	      55.1	    -162.3	                king cove	                king cove	
  31/07/1925	        NA	        NA	      55.1	    -162.3	     kings cove sw alaska	                king cove	
  31/07/1925	        NA	        NA	        NA	        NA	                       NA	                       NA	
  01/08/1925	        NA	        NA	      55.1	    -162.3	     kings cove sw alaska	                king cove	
  01/08/1925	        NA	        NA	        NA	        NA	                       NA	                       NA	
  02/08/1925	        NA	        NA	      55.1	    -162.3	     kings cove sw alaska	                king cove	
  02/08/1925	        NA	        NA	        NA	        NA	                       NA	                       NA	
  03/08/1925	        NA	        NA	      55.1	    -162.3	            king cove aaa	                king cove	
  03/08/1925	        NA	        NA	      54.8	    -163.4	       false pass narrows	               false pass	
  04/08/1925	        NA	        NA	      54.8	    -163.4	    false pass cannary id	               false pass	
  07/08/1925	        NA	        NA	        NA	        NA	                       NA	                       NA	
  08/08/1925	        NA	        NA	      55.1	    -162.3	      king cove anchorage	                king cove	
  09/08/1925	        NA	        NA	      55.1	    -162.3	at anchor in king cove alaska	                king cove	
  09/08/1925	        NA	        NA	        NA	        NA	                       NA	                       NA	
  10/08/1925	        NA	        NA	      55.1	    -162.3	     kings cove sw alaska	                king cove	
  10/08/1925	        NA	        NA	      55.1	    -162.3	                king cove	                king cove	
  11/08/1925	        NA	        NA	      55.1	    -162.3	at anchor in king cove alaska	                king cove	
  13/08/1925	        NA	        NA	        NA	        NA	            belkofsky bay	                       NA	
  14/08/1925	        NA	        NA	        NA	        NA	  belkofsky bay sw alaska	                       NA	
  14/08/1925	        NA	        NA	        NA	        NA	                       NA	                       NA	
  15/08/1925	        NA	        NA	      55.1	    -162.3	                king cove	                king cove	
  16/08/1925	        NA	        NA	      55.1	    -162.3	at anchor in king cove sw alaska	                king cove	
  16/08/1925	        NA	        NA	        NA	        NA	                       NA	                       NA	
  17/08/1925	        NA	        NA	      55.1	    -162.3	alongside cannery dock king cove sw alaska	                king cove	
  18/08/1925	        NA	        NA	        NA	        NA	                       NA	                       NA	
  20/08/1925	        NA	        NA	        NA	        NA	                       NA	                       NA	
  21/08/1925	        NA	        NA	      55.1	    -161.9	           iliasik island	           iliaski island	
  22/08/1925	        NA	        NA	        NA	        NA	                       NA	                       NA	
  23/08/1925	        NA	        NA	      55.1	    -162.3	     kings cove sw alaska	                king cove	
  23/08/1925	        NA	        NA	        NA	        NA	                       NA	                       NA	
  23/08/1925	        NA	        NA	      55.1	    -162.3	at anchor in king cove alaska	                king cove	
  23/08/1925	        NA	        NA	        NA	        NA	                       NA	                       NA	
  24/08/1925	        NA	        NA	      55.1	    -162.3	     kings cove sw alaska	                king cove	
  26/08/1925	        NA	        NA	        NA	        NA	at anchor belkofsky bay sw alaska	                       NA	
  26/08/1925	        NA	        NA	      55.1	    -162.3	                king cove	                king cove	
  27/08/1925	        NA	        NA	      55.1	    -162.3	at anchor in king cove sw alaska	                king cove	
  27/08/1925	        NA	        NA	        NA	        NA	                       NA	                       NA	
  28/08/1925	        NA	        NA	        NA	        NA	                       NA	                       NA	
  29/08/1925	        NA	        NA	      55.1	    -162.3	      king cove anchorage	                king cove	
  30/08/1925	        NA	        NA	      55.2	    -160.6	alongside dock at cannery paf squaw harbor sw aaa	             squaw harbor	
  30/08/1925	        NA	        NA	      55.2	    -160.6	             squaw harbor	             squaw harbor	
  31/08/1925	        NA	        NA	      55.2	    -160.6	alongside dock squaw harbor sw alaska	             squaw harbor	
  31/08/1925	        NA	        NA	        NA	        NA	                       NA	                       NA	
  01/09/1925	        NA	        NA	      55.2	    -160.6	   squaw harbor sw alaska	             squaw harbor	
  01/09/1925	        NA	        NA	        NA	        NA	                       NA	                       NA	
  05/09/1925	        NA	        NA	        NA	        NA	                       NA	                       NA	
  06/09/1925	        NA	        NA	      55.2	    -160.6	   squaw harbor sw alaska	             squaw harbor	
  06/09/1925	        NA	        NA	        NA	        NA	                       NA	                       NA	
  07/09/1925	        NA	        NA	      55.2	    -160.6	alongside dock squaw harbor sw alaska	             squaw harbor	
  07/09/1925	        NA	        NA	        NA	        NA	                       NA	                       NA	
  08/09/1925	        NA	        NA	      55.2	    -160.6	    baralof bay sw alaska	              baralof bay	
  08/09/1925	        NA	        NA	        NA	        NA	                       NA	                       NA	
  09/09/1925	        NA	        NA	      55.0	    -160.6	at sea en route squaw hb to dutch hb	             squaw harbor	
  09/09/1925	        NA	        NA	      53.9	    -166.5	        dutch harbor dock	             dutch harbor	
  09/09/1925	        NA	        NA	        NA	        NA	                       NA	                       NA	
  09/09/1925	        NA	        NA	        NA	        NA	                       NA	                       NA	
  10/09/1925	        NA	        NA	      53.9	    -166.5	      dutch harbor alaska	             dutch harbor	
  10/09/1925	        NA	        NA	        NA	        NA	                       NA	                       NA	
  12/09/1925	        NA	        NA	        NA	        NA	                       NA	                       NA	
  13/09/1925	        NA	        NA	      55.2	    -160.6	    baralof bay sw alaska	              baralof bay	
  13/09/1925	        NA	        NA	        NA	        NA	                       NA	                       NA	
  14/09/1925	        NA	        NA	      55.2	    -160.6	alongside wharf barolof bay alaska	              baralof bay	
  14/09/1925	        NA	        NA	        NA	        NA	                       NA	                       NA	
  19/09/1925	        NA	        NA	      54.8	    -163.4	               false pass	               false pass	
  20/09/1925	        NA	        NA	      54.8	    -163.4	alongside cannery dock false pass sw alaska	               false pass	
  20/09/1925	        NA	        NA	        NA	        NA	                       NA	                       NA	
  21/09/1925	        NA	        NA	      54.8	    -163.4	     false pass sw alaska	               false pass	
  21/09/1925	        NA	        NA	        NA	        NA	                       NA	                       NA	
  22/09/1925	        NA	        NA	      54.8	    -163.4	alongside cannery dock false pass sw alaska	               false pass	
  22/09/1925	        NA	        NA	        NA	        NA	                       NA	                       NA	
  23/09/1925	        NA	        NA	      54.8	    -163.4	en route false pass sw alaska to seattle washington	               false pass	
  23/09/1925	        NA	        NA	        NA	        NA	                       NA	                       NA	
  24/09/1925	   55 05 N	  156 25 W	      54.8	    -163.4	enroute false pass seattle	               false pass	
  24/09/1925	        NA	        NA	        NA	        NA	                       NA	                       NA	
  25/09/1925	   54 46 N	  151 32 W	      54.8	    -163.4	enroute false pass seattle	               false pass	
  25/09/1925	        NA	        NA	        NA	        NA	                       NA	                       NA	
  26/09/1925	        NA	        NA	        NA	        NA	                       NA	                       NA	
  27/09/1925	   53 11 N	  139 46 W	      54.8	    -163.4	enroute false pass seattle	               false pass	
  27/09/1925	        NA	        NA	        NA	        NA	                       NA	                       NA	
  01/10/1925	        NA	        NA	      47.6	    -122.3	               seattle wn	                  seattle	
  02/10/1925	        NA	        NA	      47.6	    -122.3	alongside bell street wharf seattle wash	                  seattle	
  02/10/1925	        NA	        NA	        NA	        NA	                       NA	                       NA	
  03/10/1925	        NA	        NA	      47.6	    -122.3	alongside bell street wharf seattle wash	                  seattle	
  03/10/1925	        NA	        NA	        NA	        NA	                       NA	                       NA	
  04/10/1925	        NA	        NA	      47.6	    -122.3	alongside bell street dock seattle wash	                  seattle	
  04/10/1925	        NA	        NA	        NA	        NA	                       NA	                       NA	
  05/10/1925	        NA	        NA	      47.6	    -122.3	                  seattle	                  seattle	
  05/10/1925	        NA	        NA	        NA	        NA	                       NA	                       NA	
  06/10/1925	        NA	        NA	      47.6	    -122.3	alongside bell street dock seattle wash	                  seattle	
  06/10/1925	        NA	        NA	        NA	        NA	                       NA	                       NA	
  07/10/1925	     48 11	    122 47	      47.6	    -122.3	at sea underway from san francisco calif to seattle wash	        [Fudged from 1923]
  08/10/1925	   45 18 N	  124 16 W	      37.8	    -122.4	at sea underway from san francisco cal to seattle wash	        [Fudged from 1923]	
  09/10/1925	   40 53 N	  124 20 W	      37.8	    -122.4	at sea underway from san francisco cal to seattle 	        [Fudged from 1923]	
  11/10/1925	        NA	        NA	      37.8	    -122.3	                  oakland	                  oakland	
  11/10/1925	        NA	        NA	        NA	        NA	                       NA	                       NA	
  12/10/1925	        NA	        NA	      37.8	    -122.3	alongside sante fe pier oakland estuary	                  oakland	
  12/10/1925	        NA	        NA	        NA	        NA	                       NA	                       NA	
  13/10/1925	        NA	        NA	      37.8	    -122.3	                  oakland	                  oakland	
  13/10/1925	        NA	        NA	        NA	        NA	                       NA	                       NA	
  14/10/1925	        NA	        NA	      37.8	    -122.3	alongside sante fe dock oakland calif	                  oakland	
  14/10/1925	        NA	        NA	        NA	        NA	                       NA	                       NA	
  15/10/1925	        NA	        NA	      37.8	    -122.3	alongside sante fe dock oakland calif	                  oakland	
  15/10/1925	        NA	        NA	        NA	        NA	                       NA	                       NA	
  16/10/1925	        NA	        NA	      37.8	    -122.3	jackson street dock oakland calif	                  oakland	
  16/10/1925	        NA	        NA	        NA	        NA	                       NA	                       NA	
  17/10/1925	        NA	        NA	      37.8	    -122.3	alongside sante fe pier oakland cal	                  oakland	
  17/10/1925	        NA	        NA	        NA	        NA	                       NA	                       NA	
  18/10/1925	        NA	        NA	      37.8	    -122.3	            oakland calif	                  oakland	
  18/10/1925	        NA	        NA	        NA	        NA	                       NA	                       NA	
  19/10/1925	        NA	        NA	      37.8	    -122.3	            oakland calif	                  oakland	
  19/10/1925	        NA	        NA	        NA	        NA	                       NA	                       NA	
  21/10/1925	        NA	        NA	      37.8	    -122.2	alongside dock general engr co almeda cal	                  alameda	
  21/10/1925	        NA	        NA	        NA	        NA	                       NA	                       NA	
  22/10/1925	        NA	        NA	      37.8	    -122.2	in dry dock general engineering co almeda cal	                  alameda	
  22/10/1925	        NA	        NA	        NA	        NA	                       NA	                       NA	
  23/10/1925	        NA	        NA	      37.8	    -122.2	alongside dock of general engineering co almeda calif	                  alameda	
  23/10/1925	        NA	        NA	        NA	        NA	                       NA	                       NA	
  24/10/1925	        NA	        NA	      37.8	    -122.2	alongside dock of general engineering co almeda calif	                  alameda	
  24/10/1925	        NA	        NA	        NA	        NA	                       NA	                       NA	
  25/10/1925	        NA	        NA	      37.8	    -122.2	alongside dock of general engineering co almeda calif	                  alameda	
  25/10/1925	        NA	        NA	        NA	        NA	                       NA	                       NA	
  26/10/1925	        NA	        NA	      37.8	    -122.2	alongside dock of general engineering co almeda calif	                  alameda	
  26/10/1925	        NA	        NA	        NA	        NA	                       NA	                       NA	
  27/10/1925	        NA	        NA	      37.8	    -122.2	alongside dock of general engineering co almeda calif	                  alameda	
  27/10/1925	        NA	        NA	        NA	        NA	                       NA	                       NA	
  28/10/1925	        NA	        NA	      37.8	    -122.2	alongside dock of general engineering co almeda calif	                  alameda	
  28/10/1925	        NA	        NA	        NA	        NA	                       NA	                       NA	
  29/10/1925	        NA	        NA	      37.8	    -122.2	alongside dock of general engineering co almeda calif	                  alameda	
  29/10/1925	        NA	        NA	        NA	        NA	                       NA	                       NA	
  30/10/1925	        NA	        NA	      37.8	    -122.2	alongside dock general engr co almeda cal	                  alameda	
  30/10/1925	        NA	        NA	        NA	        NA	                       NA	                       NA	
  31/10/1925	        NA	        NA	      37.8	    -122.2	              alameda cal	                  alameda	
  31/10/1925	        NA	        NA	        NA	        NA	                       NA	                       NA	
  01/11/1925	        NA	        NA	      37.8	    -122.2	at general engineering cos ship yard almeda	                  alameda	
  01/11/1925	        NA	        NA	        NA	        NA	                       NA	                       NA	
  02/11/1925	        NA	        NA	      37.8	    -122.2	alongside dock general engr co almeda cal	                  alameda	
  02/11/1925	        NA	        NA	        NA	        NA	                       NA	                       NA	
  03/11/1925	        NA	        NA	      37.8	    -122.2	alongside dock general engr co almeda cal	                  alameda	
  03/11/1925	        NA	        NA	        NA	        NA	                       NA	                       NA	
  04/11/1925	        NA	        NA	      37.8	    -122.2	alongside dock general engr co almeda cal	                  alameda	
  04/11/1925	        NA	        NA	        NA	        NA	                       NA	                       NA	
  05/11/1925	        NA	        NA	      37.8	    -122.2	              alameda cal	                  alameda	
  05/11/1925	        NA	        NA	        NA	        NA	                       NA	                       NA	
  06/11/1925	        NA	        NA	      37.8	    -122.2	                  alameda	                  alameda	
  06/11/1925	        NA	        NA	        NA	        NA	                       NA	                       NA	
  07/11/1925	        NA	        NA	      37.8	    -122.2	alongside dock of general engineering co almeda calif	                  alameda	
  07/11/1925	        NA	        NA	        NA	        NA	                       NA	                       NA	
  08/11/1925	        NA	        NA	      37.8	    -122.3	            oakland calif	                  oakland	
  08/11/1925	        NA	        NA	        NA	        NA	                       NA	                       NA	
  09/11/1925	        NA	        NA	      37.8	    -122.2	alongside dock of general engineering co almeda calif	                  alameda	
  09/11/1925	        NA	        NA	        NA	        NA	                       NA	                       NA	
  10/11/1925	        NA	        NA	      37.8	    -122.2	alongside dock of general engineering co almeda calif	                  alameda	
  13/11/1925	        NA	        NA	      33.7	    -118.3	alongside pier 92 san pedro calif	          san pedro calif	
  13/11/1925	        NA	        NA	        NA	        NA	                       NA	                       NA	
  14/11/1925	        NA	        NA	      33.7	    -118.3	alongside pier 92 san pedro calif	          san pedro calif	
  14/11/1925	        NA	        NA	        NA	        NA	                       NA	                       NA	
  15/11/1925	        NA	        NA	      33.7	    -118.3	at berth 72 san pedro california	          san pedro calif	
  15/11/1925	        NA	        NA	        NA	        NA	                       NA	                       NA	
  16/11/1925	        NA	        NA	      33.7	    -118.3	                san pedro	          san pedro calif	
  16/11/1925	        NA	        NA	        NA	        NA	                       NA	                       NA	
  17/11/1925	        NA	        NA	      33.7	    -118.3	alongside municipal pier  berth 90 san pedro cal	          san pedro calif	
  18/11/1925	        NA	        NA	        NA	        NA	      on working grounds 	                       NA	
  18/11/1925	        NA	        NA	        NA	        NA	                       NA	                       NA	
  19/11/1925	        NA	        NA	        NA	        NA	       on working grounds	                       NA	
  19/11/1925	        NA	        NA	        NA	        NA	                       NA	                       NA	
  20/11/1925	        NA	        NA	      33.7	    -118.3	enroute working grounds to san pedro california	          san pedro calif	
  20/11/1925	        NA	        NA	        NA	        NA	                san pedro	                       NA	
  21/11/1925	        NA	        NA	      33.7	    -118.3	at berth 92 san pedro calif	          san pedro calif	
  21/11/1925	        NA	        NA	        NA	        NA	                       NA	                       NA	
  22/11/1925	        NA	        NA	      33.7	    -118.3	berth 92 municipal docks san pedro cal	          san pedro calif	
  22/11/1925	        NA	        NA	        NA	        NA	                       NA	                       NA	
  25/11/1925	        NA	        NA	        NA	        NA	                       NA	                       NA	
  26/11/1925	        NA	        NA	      33.7	    -118.3	alongside dock 92 san pedro calif	          san pedro calif	
  26/11/1925	        NA	        NA	        NA	        NA	                       NA	                       NA	
  27/11/1925	        NA	        NA	      33.7	    -118.3	     san pedro california	          san pedro calif	
  27/11/1925	        NA	        NA	        NA	        NA	                       NA	                       NA	
  28/11/1925	        NA	        NA	      33.7	    -118.3	alongside municipal dock berth 92 san pedro cal	          san pedro calif	
  28/11/1925	        NA	        NA	        NA	        NA	                       NA	                       NA	
  29/11/1925	        NA	        NA	      33.7	    -118.3	alongside pier 92 san pedro calif	          san pedro calif	
  29/11/1925	        NA	        NA	        NA	        NA	                       NA	                       NA	
  30/11/1925	        NA	        NA	      33.7	    -118.3	alongside pier 92 san pedro calif	          san pedro calif	
  30/11/1925	        NA	        NA	        NA	        NA	                       NA	                       NA	
  01/12/1925	        NA	        NA	      33.7	    -118.3	alongside dock 92 san pedro calif	          san pedro calif	
  01/12/1925	        NA	        NA	        NA	        NA	                       NA	                       NA	
  04/12/1925	        NA	        NA	        NA	        NA	                san pedro	                       NA	
  05/12/1925	        NA	        NA	      33.7	    -118.3	alongside municipal dock berth 92 san pedro cal	          san pedro calif	
  05/12/1925	        NA	        NA	        NA	        NA	                       NA	                       NA	
  06/12/1925	        NA	        NA	      33.7	    -118.3	                san pedro	          san pedro calif	
  06/12/1925	        NA	        NA	        NA	        NA	                       NA	                       NA	
  07/12/1925	        NA	        NA	      33.7	    -118.3	alongside pier 92 san pedro calif	          san pedro calif	
  07/12/1925	        NA	        NA	        NA	        NA	                       NA	                       NA	
  08/12/1925	        NA	        NA	      33.7	    -118.3	berth 92 municipal docks san pedro cal	          san pedro calif	
  08/12/1925	        NA	        NA	        NA	        NA	                       NA	                       NA	
  09/12/1925	        NA	        NA	      33.7	    -118.3	     san pedro california	          san pedro calif	
  12/12/1925	        NA	        NA	        NA	        NA	                       NA	                       NA	
  13/12/1925	        NA	        NA	      33.7	    -118.3	berth 92 municipal docks san pedro cal	          san pedro calif	
  13/12/1925	        NA	        NA	        NA	        NA	                       NA	                       NA	
  14/12/1925	        NA	        NA	      33.7	    -118.3	alongside dock 92 san pedro calif	          san pedro calif	
  14/12/1925	        NA	        NA	        NA	        NA	                       NA	                       NA	
  15/12/1925	        NA	        NA	      33.7	    -118.3	alongside berth 92 san pedro calif	          san pedro calif	
  15/12/1925	        NA	        NA	        NA	        NA	    south of santa rosa i	                       NA	
  18/12/1925	        NA	        NA	        NA	        NA	                       NA	                       NA	
  19/12/1925	        NA	        NA	      33.7	    -118.3	alongside municipal pier  berth 92 san pedro cal	          san pedro calif	
  19/12/1925	        NA	        NA	        NA	        NA	                       NA	                       NA	
  20/12/1925	        NA	        NA	      33.7	    -118.3	alongside berth 92 san pedro calif	          san pedro calif	
  20/12/1925	        NA	        NA	        NA	        NA	                       NA	                       NA	
  21/12/1925	        NA	        NA	      33.7	    -118.3	alongside berth 92 san pedro calif	          san pedro calif	
  21/12/1925	        NA	        NA	        NA	        NA	                       NA	                       NA	
  23/12/1925	        NA	        NA	        NA	        NA	                       NA	                       NA	
  24/12/1925	        NA	        NA	      33.7	    -118.3	alongside berth 92 san pedro calif	          san pedro calif	
  24/12/1925	        NA	        NA	        NA	        NA	                       NA	                       NA	
  25/12/1925	        NA	        NA	      33.7	    -118.3	          san pedro calif	          san pedro calif	
  25/12/1925	        NA	        NA	        NA	        NA	                       NA	                       NA	
  26/12/1925	        NA	        NA	      33.7	    -118.3	alongside dock 92 san pedro calif	          san pedro calif	
  26/12/1925	        NA	        NA	        NA	        NA	                       NA	                       NA	
  27/12/1925	        NA	        NA	      33.7	    -118.3	alongside berth 92 san pedro calif	          san pedro calif	
  27/12/1925	        NA	        NA	        NA	        NA	                       NA	                       NA	
  28/12/1925	        NA	        NA	        NA	        NA	on way to working grounds santa cruz id cal	                       NA	
  31/12/1925	        NA	        NA	        NA	        NA	                       NA	                       NA	
  31/12/1925	        NA	        NA	        NA	        NA	                       NA	                       NA	
  31/12/1925	        NA	        NA	        NA	        NA	                       NA	                       NA	
  31/12/1925	        NA	        NA	        NA	        NA	                       NA	                       NA	
  31/12/1925	        NA	        NA	        NA	        NA	                       NA	                       NA	
  31/12/1925	        NA	        NA	        NA	        NA	                       NA	                       NA	
  31/12/1925	        NA	        NA	        NA	        NA	                       NA	                       NA	
  31/12/1925	        NA	        NA	        NA	        NA	                       NA	                       NA	
  31/12/1925	        NA	        NA	        NA	        NA	                       NA	                       NA	
  31/12/1925	        NA	        NA	        NA	        NA	                       NA	                       NA	
  31/12/1925	        NA	        NA	        NA	        NA	                       NA	                       NA	
  31/12/1925	        NA	        NA	        NA	        NA	                       NA	                       NA	
  31/12/1925	        NA	        NA	        NA	        NA	                       NA	                       NA	
  31/12/1925	        NA	        NA	        NA	        NA	                       NA	                       NA	
  31/12/1925	        NA	        NA	        NA	        NA	                       NA	                       NA	
