  01/01/1926	        NA	        NA	      33.7	    -118.3	alongside dock 92 san pedro calif	          san pedro calif	
  01/01/1926	        NA	        NA	        NA	        NA	                       NA	                       NA	
  02/01/1926	        NA	        NA	      33.7	    -118.3	alongside dock 92 san pedro calif	          san pedro calif	
  02/01/1926	        NA	        NA	        NA	        NA	                       NA	                       NA	
  03/01/1926	        NA	        NA	      33.7	    -118.3	alongside dock 92 san pedro calif	          san pedro calif	
  03/01/1926	        NA	        NA	        NA	        NA	                       NA	                       NA	
  04/01/1926	        NA	        NA	      33.7	    -118.3	alongside berth 92 san pedro calif	          san pedro calif	
  04/01/1926	        NA	        NA	        NA	        NA	                       NA	                       NA	
  09/01/1926	        NA	        NA	        NA	        NA	                       NA	                       NA	
  10/01/1926	        NA	        NA	      33.7	    -118.3	alongside berth 92 san pedro calif	          san pedro calif	
  10/01/1926	        NA	        NA	        NA	        NA	                       NA	                       NA	
  11/01/1926	        NA	        NA	      33.7	    -118.3	alongside dock 92 san pedro calif	          san pedro calif	
  11/01/1926	        NA	        NA	        NA	        NA	                       NA	                       NA	
  15/01/1926	        NA	        NA	        NA	        NA	                       NA	                       NA	
  16/01/1926	        NA	        NA	      33.7	    -118.3	     san pedro california	          san pedro calif	
  16/01/1926	        NA	        NA	        NA	        NA	                       NA	                       NA	
  17/01/1926	        NA	        NA	      33.7	    -118.3	  dock 92 san pedro calif	          san pedro calif	
  17/01/1926	        NA	        NA	        NA	        NA	                       NA	                       NA	
  18/01/1926	        NA	        NA	      33.7	    -118.3	   berth 92 san pedro cal	          san pedro calif	
  18/01/1926	        NA	        NA	        NA	        NA	                       NA	                       NA	
  22/01/1926	        NA	        NA	        NA	        NA	                       NA	                       NA	
  23/01/1926	        NA	        NA	      33.7	    -118.3	alongside berth 92 san pedro calif	          san pedro calif	
  23/01/1926	        NA	        NA	        NA	        NA	                       NA	                       NA	
  23/01/1926	        NA	        NA	        NA	        NA	                       NA	                       NA	
  23/01/1926	        NA	        NA	        NA	        NA	                       NA	                       NA	
  23/01/1926	        NA	        NA	        NA	        NA	                       NA	                       NA	
  23/01/1926	        NA	        NA	        NA	        NA	                       NA	                       NA	
  23/01/1926	        NA	        NA	        NA	        NA	                       NA	                       NA	
  23/01/1926	        NA	        NA	        NA	        NA	                       NA	                       NA	
  23/01/1926	        NA	        NA	        NA	        NA	                       NA	                       NA	
  23/01/1926	        NA	        NA	        NA	        NA	                       NA	                       NA	
  23/01/1926	        NA	        NA	        NA	        NA	                       NA	                       NA	
  23/01/1926	        NA	        NA	        NA	        NA	                       NA	                       NA	
  24/01/1926	        NA	        NA	      33.7	    -118.3	alongside dock  san pedro calif	          san pedro calif	
  24/01/1926	        NA	        NA	        NA	        NA	                       NA	                       NA	
  25/01/1926	        NA	        NA	      33.7	    -118.3	alongside berth 92 san pedro calif	          san pedro calif	
  25/01/1926	        NA	        NA	        NA	        NA	                       NA	                       NA	
  26/01/1926	        NA	        NA	        NA	        NA	                       NA	                       NA	
  29/01/1926	        NA	        NA	        NA	        NA	                       NA	                       NA	
  30/01/1926	        NA	        NA	      33.7	    -118.3	at berth 92 san pedro calif	          san pedro calif	
  30/01/1926	        NA	        NA	        NA	        NA	                       NA	                       NA	
  31/01/1926	        NA	        NA	      33.7	    -118.3	alongside dock 92 san pedro calif	          san pedro calif	
  31/01/1926	        NA	        NA	        NA	        NA	                       NA	                       NA	
  01/02/1926	        NA	        NA	      33.7	    -118.3	 berth 92 san pedro calif	          san pedro calif	
  01/02/1926	        NA	        NA	        NA	        NA	                       NA	                       NA	
  02/02/1926	        NA	        NA	      33.7	    -118.3	alongside municipal dock berth 92 san pedro cal	          san pedro calif	
  02/02/1926	        NA	        NA	        NA	        NA	                       NA	                       NA	
  03/02/1926	        NA	        NA	      33.7	    -118.3	berth 92 municipal docks san pedro cal	          san pedro calif	
  03/02/1926	        NA	        NA	        NA	        NA	                       NA	                       NA	
  03/02/1926	        NA	        NA	      33.7	    -118.3	alongside dock 92 san pedro calif	          san pedro calif	
  03/02/1926	        NA	        NA	        NA	        NA	                       NA	                       NA	
  06/02/1926	        NA	        NA	        NA	        NA	en route between santa cruz id  san pedro	                       NA	
  06/02/1926	        NA	        NA	        NA	        NA	                       NA	                       NA	
  07/02/1926	        NA	        NA	      33.7	    -118.3	alongside pier 92 san pedro calif	          san pedro calif	
  07/02/1926	        NA	        NA	        NA	        NA	                       NA	                       NA	
 12/02/1926	        NA	        NA	        NA	        NA	                       NA	                       NA	
  13/02/1926	        NA	        NA	      33.7	    -118.3	alongside berth 92 san pedro calif	          san pedro calif	
  13/02/1926	        NA	        NA	        NA	        NA	                       NA	                       NA	
  14/02/1926	        NA	        NA	      33.7	    -118.3	alongside pier 92 san pedro calif	          san pedro calif	
  14/02/1926	        NA	        NA	        NA	        NA	                       NA	                       NA	
  15/02/1926	        NA	        NA	      33.7	    -118.3	alongside municipal dock berth 92 san pedro cal	          san pedro calif	
  15/02/1926	        NA	        NA	        NA	        NA	                       NA	                       NA	
  16/02/1926	        NA	        NA	      33.7	    -118.3	alongside dock 92 san pedro calif	          san pedro calif	
  16/02/1926	        NA	        NA	        NA	        NA	                       NA	                       NA	
  19/02/1926	        NA	        NA	        NA	        NA	                       NA	                       NA	
  20/02/1926	        NA	        NA	      33.7	    -118.3	underway santa rosa is to san pedro cal	          san pedro calif	
  20/02/1926	        NA	        NA	        NA	        NA	                       NA	                       NA	
  21/02/1926	        NA	        NA	      33.7	    -118.3	alongside municipal dock berth 92 san pedro cal	          san pedro calif	
  21/02/1926	        NA	        NA	        NA	        NA	                       NA	                       NA	
  22/02/1926	        NA	        NA	      33.7	    -118.3	alongside dock 92 san pedro calif	          san pedro calif	
  22/02/1926	        NA	        NA	        NA	        NA	                       NA	                       NA	
  23/02/1926	        NA	        NA	      33.7	    -118.3	at berth 92 san pedro calif	          san pedro calif	
  23/02/1926	        NA	        NA	        NA	        NA	                       NA	                       NA	
  27/02/1926	        NA	        NA	        NA	        NA	                       NA	                       NA	
  28/02/1926	        NA	        NA	      33.7	    -118.3	          san pedro calif	          san pedro calif	
  28/02/1926	        NA	        NA	        NA	        NA	                       NA	                       NA	
  01/03/1926	        NA	        NA	      33.7	    -118.3	alongside pier 92 san pedro calif	          san pedro calif	
  01/03/1926	        NA	        NA	        NA	        NA	                       NA	                       NA	
  05/03/1926	        NA	        NA	        NA	        NA	                       NA	                       NA	
  06/03/1926	        NA	        NA	      33.7	    -118.3	municiple dock berth 94 san pedro cal	          san pedro calif	
  06/03/1926	        NA	        NA	        NA	        NA	                       NA	                       NA	
  07/03/1926	        NA	        NA	      33.7	    -118.3	municipal dock berth 94 san pedro calif	          san pedro calif	
  07/03/1926	        NA	        NA	        NA	        NA	                       NA	                       NA	
  08/03/1926	        NA	        NA	      33.7	    -118.3	municipal dock san pedro calif	          san pedro calif	
  08/03/1926	        NA	        NA	        NA	        NA	                       NA	                       NA	
  12/03/1926	        NA	        NA	        NA	        NA	at anchor off santa barbara id underway and alongside municipal dock berth 92 san pedro california	                       NA	
  12/03/1926	        NA	        NA	        NA	        NA	                       NA	                       NA	
  13/03/1926	        NA	        NA	      33.7	    -118.3	alongside dock 92 san pedro calif	          san pedro calif	
  13/03/1926	        NA	        NA	        NA	        NA	                       NA	                       NA	
  14/03/1926	        NA	        NA	      33.7	    -118.3	berth 92 municipal docks san pedro cal	          san pedro calif	
  14/03/1926	        NA	        NA	        NA	        NA	                       NA	                       NA	
  15/03/1926	        NA	        NA	      33.7	    -118.3	alongside berth 92 san pedro calif	          san pedro calif	
  15/03/1926	        NA	        NA	        NA	        NA	                       NA	                       NA	
  17/03/1926	        NA	        NA	        NA	        NA	                       NA	                       NA	
  19/03/1926	        NA	        NA	        NA	        NA	                       NA	                       NA	
  20/03/1926	        NA	        NA	      33.7	    -118.3	at berth 92 san pedro calif	          san pedro calif	
  20/03/1926	        NA	        NA	        NA	        NA	                       NA	                       NA	
  21/03/1926	        NA	        NA	      33.7	    -118.3	alongside berth 92 san pedro calif	          san pedro calif	
  21/03/1926	        NA	        NA	        NA	        NA	                       NA	                       NA	
  22/03/1926	        NA	        NA	      33.7	    -118.3	alongside berth 92 san pedro calif	          san pedro calif	
  22/03/1926	        NA	        NA	        NA	        NA	                       NA	                       NA	
  23/03/1926	        NA	        NA	        NA	        NA	at anchor off santa rosa is cal	                       NA	
  23/03/1926	        NA	        NA	        NA	        NA	                       NA	                       NA	
  26/03/1926	        NA	        NA	        NA	        NA	                       NA	                       NA	
  27/03/1926	        NA	        NA	      33.7	    -118.3	under way for san pedro california	          san pedro calif	
  27/03/1926	        NA	        NA	      33.7	    -118.3	          san pedro calif	          san pedro calif	
  27/03/1926	        NA	        NA	        NA	        NA	                       NA	                       NA	
  27/03/1926	        NA	        NA	        NA	        NA	                       NA	                       NA	
  28/03/1926	        NA	        NA	      33.7	    -118.3	            san pedro cal	          san pedro calif	
  28/03/1926	        NA	        NA	        NA	        NA	                       NA	                       NA	
  29/03/1926	        NA	        NA	      33.7	    -118.3	alongside berth 92 san pedro calif	          san pedro calif	
  29/03/1926	        NA	        NA	        NA	        NA	                       NA	                       NA	
  30/03/1926	        NA	        NA	      33.7	    -118.3	alongside berth 92 san pedro calif	          san pedro calif	
  30/03/1926	        NA	        NA	        NA	        NA	                       NA	                       NA	
  02/04/1926	        NA	        NA	        NA	        NA	                       NA	                       NA	
  03/04/1926	        NA	        NA	      33.7	    -118.3	underway san nicolo id to san pedro calif	          san pedro calif	
  03/04/1926	        NA	        NA	        NA	        NA	                       NA	                       NA	
  04/04/1926	        NA	        NA	      33.7	    -118.3	alongside pier 92 san pedro calif	          san pedro calif	
  04/04/1926	        NA	        NA	        NA	        NA	                       NA	                       NA	
  05/04/1926	        NA	        NA	      33.7	    -118.3	alongside municipal dock berth 92 san pedro cal	          san pedro calif	
  05/04/1926	        NA	        NA	        NA	        NA	                       NA	                       NA	
  06/04/1926	        NA	        NA	      33.7	    -118.3	alongside berth 92 san pedro calif	          san pedro calif	
  06/04/1926	        NA	        NA	        NA	        NA	                       NA	                       NA	
  09/04/1926	        NA	        NA	        NA	        NA	                       NA	                       NA	
  10/04/1926	        NA	        NA	        NA	        NA	                       NA	                       NA	
  11/04/1926	        NA	        NA	      33.7	    -118.3	alongside municipal dock berth 92 san pedro cal	          san pedro calif	
  11/04/1926	        NA	        NA	        NA	        NA	                       NA	                       NA	
  12/04/1926	        NA	        NA	      33.7	    -118.3	alongside pier 92 san pedro calif	          san pedro calif	
  12/04/1926	        NA	        NA	        NA	        NA	                       NA	                       NA	
  15/04/1926	        NA	        NA	        NA	        NA	                       NA	                       NA	
  16/04/1926	        NA	        NA	        NA	        NA	                       NA	                       NA	
  17/04/1926	        NA	        NA	      33.7	    -118.3	alongside berth 92 san pedro calif	          san pedro calif	
  17/04/1926	        NA	        NA	        NA	        NA	                       NA	                       NA	
  18/04/1926	        NA	        NA	      33.7	    -118.3	alongside berth 92 san pedro calif	          san pedro calif	
  18/04/1926	        NA	        NA	        NA	        NA	                       NA	                       NA	
  19/04/1926	        NA	        NA	      33.7	    -118.3	at berth 92 san pedro calif	          san pedro calif	
  19/04/1926	        NA	        NA	        NA	        NA	                       NA	                       NA	
  20/04/1926	        NA	        NA	      37.8	    -122.4	enroute san pedro cal to san francisco calif	        san francisco bay	
  20/04/1926	        NA	        NA	        NA	        NA	                       NA	                       NA	
  21/04/1926	        NA	        NA	      37.8	    -122.4	enroute san pedro to san francisco cal	        san francisco bay	
  21/04/1926	        NA	        NA	        NA	        NA	         pt montana light	                       NA	
  22/04/1926	        NA	        NA	      37.8	    -122.3	            oakland calif	                  oakland	
  22/04/1926	        NA	        NA	        NA	        NA	                       NA	                       NA	
  23/04/1926	        NA	        NA	      37.8	    -122.3	            oakland calif	                  oakland	
  23/04/1926	        NA	        NA	        NA	        NA	                       NA	                       NA	
  24/04/1926	        NA	        NA	      37.8	    -122.3	              oakland cal	                  oakland	
  24/04/1926	        NA	        NA	        NA	        NA	                       NA	                       NA	
  25/04/1926	        NA	        NA	      37.8	    -122.3	santa fr dock jackson st oakland cal	                  oakland	
  25/04/1926	        NA	        NA	        NA	        NA	                       NA	                       NA	
  26/04/1926	        NA	        NA	      37.8	    -122.3	jackson st docks oakland california	                  oakland	
  26/04/1926	        NA	        NA	        NA	        NA	                       NA	                       NA	
  27/04/1926	        NA	        NA	      37.8	    -122.3	santa fe dock oakland calif	                  oakland	
  27/04/1926	        NA	        NA	        NA	        NA	                       NA	                       NA	
  28/04/1926	        NA	        NA	      37.8	    -122.3	santa fe dock oakland calif	                  oakland	
  28/04/1926	        NA	        NA	        NA	        NA	                       NA	                       NA	
  29/04/1926	        NA	        NA	      37.8	    -122.3	santa fe dock oakland cal	                  oakland	
  29/04/1926	        NA	        NA	        NA	        NA	                       NA	                       NA	
  30/04/1926	        NA	        NA	      37.8	    -122.3	santa fe dock jackson st oakland calif	                  oakland	
  30/04/1926	        NA	        NA	        NA	        NA	                       NA	                       NA	
  01/05/1926	        NA	        NA	      37.8	    -122.3	jackson st docks oakland california	                  oakland	
  01/05/1926	        NA	        NA	        NA	        NA	                       NA	                       NA	
  02/05/1926	        NA	        NA	      37.8	    -122.3	santa fe dock oakland calif	                  oakland	
  02/05/1926	        NA	        NA	        NA	        NA	                       NA	                       NA	
  03/05/1926	        NA	        NA	      37.8	    -122.3	santa fe dock oakland calif	                  oakland	
  03/05/1926	        NA	        NA	        NA	        NA	                       NA	                       NA	
  04/05/1926	        NA	        NA	      37.8	    -122.3	santa fe dock oakland calif	                  oakland	
  04/05/1926	        NA	        NA	        NA	        NA	                       NA	                       NA	
  04/05/1926	        NA	        NA	        NA	        NA	                       NA	                       NA	
  04/05/1926	        NA	        NA	        NA	        NA	                       NA	                       NA	
  05/05/1926	        NA	        NA	      37.8	    -122.3	santa fe dock jackson st oakland calif	                  oakland	
  05/05/1926	        NA	        NA	        NA	        NA	                       NA	                       NA	
  06/05/1926	        NA	        NA	      37.8	    -122.3	alongside sante fe dock oakland calif	                  oakland	
  06/05/1926	        NA	        NA	        NA	        NA	                       NA	                       NA	
  07/05/1926	        NA	        NA	      37.8	    -122.3	alongside sante fe dock oakland calif	                  oakland	
  07/05/1926	        NA	        NA	        NA	        NA	                       NA	                       NA	
  07/05/1926	        NA	        NA	        NA	        NA	                       NA	                       NA	
  07/05/1926	        NA	        NA	        NA	        NA	                       NA	                       NA	
  08/05/1926	        NA	        NA	      37.8	    -122.2	alongside general engineering co dock alameda cal	                  alameda	
  08/05/1926	        NA	        NA	        NA	        NA	                       NA	                       NA	
  09/05/1926	        NA	        NA	      37.8	    -122.2	on marine railway general engineering co alameda cal	                  alameda	
  09/05/1926	        NA	        NA	        NA	        NA	                       NA	                       NA	
  11/05/1926	        NA	        NA	      37.8	    -122.2	                  alameda	                  alameda	
  11/05/1926	        NA	        NA	        NA	        NA	                       NA	                       NA	
  12/05/1926	        NA	        NA	      37.8	    -122.2	in dry dock at general engineering co yard alameda cal	                  alameda	
  12/05/1926	        NA	        NA	        NA	        NA	                       NA	                       NA	
  13/05/1926	        NA	        NA	      37.8	    -122.2	                  alameda	                  alameda	
  13/05/1926	        NA	        NA	        NA	        NA	                       NA	                       NA	
  14/05/1926	        NA	        NA	      37.8	    -122.2	alongside general engineering co dock alameda cal	                  alameda	
  14/05/1926	        NA	        NA	        NA	        NA	                       NA	                       NA	
  15/05/1926	        NA	        NA	      37.8	    -122.2	alongside general engineering co dock alameda cal	                  alameda	
  15/05/1926	        NA	        NA	        NA	        NA	                       NA	                       NA	
  16/05/1926	        NA	        NA	      37.8	    -122.2	alongside general engineering co dock alameda cal	                  alameda	
  16/05/1926	        NA	        NA	        NA	        NA	                       NA	                       NA	
  17/05/1926	        NA	        NA	      37.8	    -122.2	alongside general engineering co dock alameda cal	                  alameda	
  17/05/1926	        NA	        NA	        NA	        NA	                       NA	                       NA	
  18/05/1926	        NA	        NA	      37.8	    -122.2	              alameda cal	                  alameda	
  18/05/1926	        NA	        NA	        NA	        NA	                       NA	                       NA	
  19/05/1926	        NA	        NA	      37.8	    -122.2	alongside wharf of genl engr co dock alameda	                  alameda	
  19/05/1926	        NA	        NA	        NA	        NA	                       NA	                       NA	
  20/05/1926	        NA	        NA	      37.8	    -122.2	alongside general engineering co dock alameda cal	                  alameda	
  20/05/1926	        NA	        NA	        NA	        NA	                       NA	                       NA	
  21/05/1926	        NA	        NA	      37.8	    -122.2	alongside general engineering co dock alameda cal	                  alameda	
  21/05/1926	        NA	        NA	        NA	        NA	                       NA	                       NA	
  22/05/1926	        NA	        NA	      37.8	    -122.2	alongside general engineering co dock alameda cal	                  alameda	
  22/05/1926	        NA	        NA	        NA	        NA	                       NA	                       NA	
  23/05/1926	        NA	        NA	      37.8	    -122.2	alongside general engineering co dock alameda cal	                  alameda	
  23/05/1926	        NA	        NA	        NA	        NA	                       NA	                       NA	
  24/05/1926	        NA	        NA	      37.8	    -122.2	                  alameda	                  alameda	
  24/05/1926	        NA	        NA	        NA	        NA	                       NA	                       NA	
  25/05/1926	        NA	        NA	      37.8	    -122.2	alongside general engineering co dock alameda cal	                  alameda	
  25/05/1926	        NA	        NA	        NA	        NA	                       NA	                       NA	
  26/05/1926	        NA	        NA	      37.8	    -122.2	alongside dock general engr co almeda cal	                  alameda	
  26/05/1926	        NA	        NA	        NA	        NA	                       NA	                       NA	
   29/05/1926	        NA	        NA	        NA	        NA	                       NA	                       NA	
  30/05/1926	        NA	        NA	      46.2	    -123.8	    pier 3 astoria oregon	                  astoria	
  30/05/1926	        NA	        NA	        NA	        NA	                       NA	                       NA	
  31/05/1926	        NA	        NA	      46.2	    -123.8	    pier 3 astoria oregon	                  astoria	
  31/05/1926	        NA	        NA	        NA	        NA	                       NA	                       NA	
  01/06/1926	        NA	        NA	      46.2	    -123.8	    pier 3 astoria oregon	                  astoria	
  01/06/1926	        NA	        NA	        NA	        NA	                       NA	                       NA	
  02/06/1926	        NA	        NA	      46.2	    -123.8	    pier 3 astoria oregon	                  astoria	
  02/06/1926	        NA	        NA	        NA	        NA	                       NA	                       NA	
  03/06/1926	        NA	        NA	      46.2	    -123.8	    pier 3 astoria oregon	                  astoria	
  03/06/1926	        NA	        NA	        NA	        NA	                       NA	                       NA	
  04/06/1926	        NA	        NA	      46.2	    -123.8	    pier 3 astoria oregon	                  astoria	
  04/06/1926	        NA	        NA	        NA	        NA	                       NA	                       NA	
  05/06/1926	        NA	        NA	      46.2	    -123.8	    pier 3 astoria oregon	                  astoria	
  05/06/1926	        NA	        NA	        NA	        NA	                       NA	                       NA	
  06/06/1926	        NA	        NA	      46.2	    -123.8	    pier 3 astoria oregon	                  astoria	
  06/06/1926	        NA	        NA	        NA	        NA	                       NA	                       NA	
  07/06/1926	        NA	        NA	      46.2	    -123.8	                  astoria	                  astoria	
  07/06/1926	        NA	        NA	        NA	        NA	                       NA	                       NA	
  08/06/1926	        NA	        NA	      46.2	    -123.8	    pier 3 astoria oregon	                  astoria	
  08/06/1926	        NA	        NA	        NA	        NA	                       NA	                       NA	
  09/06/1926	        NA	        NA	      46.2	    -123.8	    pier 3 astoria oregon	                  astoria	
  09/06/1926	        NA	        NA	        NA	        NA	                       NA	                       NA	
 11/06/1926	        NA	        NA	        NA	        NA	                       NA	                       NA	
  12/06/1926	        NA	        NA	      46.2	    -123.8	    pier 3 astoria oregon	                  astoria	
  12/06/1926	        NA	        NA	        NA	        NA	                       NA	                       NA	
  13/06/1926	        NA	        NA	      46.2	    -123.8	    pier 3 astoria oregon	                  astoria	
  13/06/1926	        NA	        NA	        NA	        NA	                       NA	                       NA	
  14/06/1926	        NA	        NA	      46.2	    -123.8	    pier 3 astoria oregon	                  astoria	
  14/06/1926	        NA	        NA	        NA	        NA	                       NA	                       NA	
  18/06/1926	        NA	        NA	        NA	        NA	                       NA	                       NA	
  19/06/1926	        NA	        NA	      46.2	    -123.8	    pier 3 astoria oregon	                  astoria	
  19/06/1926	        NA	        NA	        NA	        NA	                       NA	                       NA	
  20/06/1926	        NA	        NA	      46.2	    -123.8	    pier 3 astoria oregon	                  astoria	
  20/06/1926	        NA	        NA	        NA	        NA	                       NA	                       NA	
  21/06/1926	        NA	        NA	      46.2	    -123.8	    pier 3 astoria oregon	                  astoria	
  21/06/1926	        NA	        NA	        NA	        NA	                       NA	                       NA	
  26/06/1926	        NA	        NA	      46.2	    -123.8	           astoria oregon	                  astoria	
  26/06/1926	        NA	        NA	        NA	        NA	                       NA	                       NA	
  27/06/1926	        NA	        NA	      46.2	    -123.8	           astoria oregon	                  astoria	
  27/06/1926	        NA	        NA	        NA	        NA	                       NA	                       NA	
  28/06/1926	        NA	        NA	      46.2	    -123.8	           astoria oregon	                  astoria	
  28/06/1926	        NA	        NA	        NA	        NA	                       NA	                       NA	
  29/06/1926	        NA	        NA	      46.2	    -123.8	           astoria oregon	                  astoria	
  30/06/1926	        NA	        NA	        NA	        NA	at anchor off carnahan ore	                       NA	
  30/06/1926	        NA	        NA	        NA	        NA	                       NA	                       NA	
  30/06/1926	        NA	        NA	        NA	        NA	                       NA	                       NA	
  30/06/1926	        NA	        NA	        NA	        NA	                       NA	                       NA	
  30/06/1926	        NA	        NA	        NA	        NA	                       NA	                       NA	
  30/06/1926	        NA	        NA	        NA	        NA	                       NA	                       NA	
  30/06/1926	        NA	        NA	        NA	        NA	                       NA	                       NA	
  30/06/1926	        NA	        NA	        NA	        NA	                       NA	                       NA	
  30/06/1926	        NA	        NA	        NA	        NA	                       NA	                       NA	
  30/06/1926	        NA	        NA	        NA	        NA	                       NA	                       NA	
  30/06/1926	        NA	        NA	        NA	        NA	                       NA	                       NA	
  30/06/1926	        NA	        NA	        NA	        NA	                       NA	                       NA	
  30/06/1926	        NA	        NA	        NA	        NA	                       NA	                       NA	
  30/06/1926	        NA	        NA	        NA	        NA	                       NA	                       NA	
  02/07/1926	        NA	        NA	        NA	        NA	                       NA	                       NA	
  03/07/1926	        NA	        NA	      46.2	    -123.8	           astoria oregon	                  astoria	
  03/07/1926	        NA	        NA	        NA	        NA	                       NA	                       NA	
  04/07/1926	        NA	        NA	      46.2	    -123.8	pier 3 municipal dock astoria oregon	                  astoria	
  04/07/1926	        NA	        NA	        NA	        NA	                       NA	                       NA	
  05/07/1926	        NA	        NA	      46.2	    -123.8	    pier 3 astoria oregon	                  astoria	
  05/07/1926	        NA	        NA	        NA	        NA	                       NA	                       NA	
  06/07/1926	        NA	        NA	      46.2	    -123.8	    pier 3 astoria oregon	                  astoria	
  06/07/1926	        NA	        NA	        NA	        NA	                       NA	                       NA	
  07/07/1926	        NA	        NA	        NA	        NA	                       NA	                       NA	
  08/07/1926	        NA	        NA	        NA	        NA	                       NA	                       NA	
  09/07/1926	        NA	        NA	        NA	        NA	at anchor in working grounds	                       NA	
  09/07/1926	        NA	        NA	        NA	        NA	                       NA	                       NA	
  10/07/1926	        NA	        NA	      46.2	    -123.8	    pier 3 astoria oregon	                  astoria	
  10/07/1926	        NA	        NA	        NA	        NA	                       NA	                       NA	
  11/07/1926	        NA	        NA	      46.2	    -123.8	    pier 3 astoria oregon	                  astoria	
  11/07/1926	        NA	        NA	        NA	        NA	                       NA	                       NA	
  12/07/1926	        NA	        NA	      46.2	    -123.8	    pier 3 astoria oregon	                  astoria	
  12/07/1926	        NA	        NA	        NA	        NA	                       NA	                       NA	
  16/07/1926	        NA	        NA	        NA	        NA	                       NA	                       NA	
  17/07/1926	        NA	        NA	      46.2	    -123.8	    pier 3 astoria oregon	                  astoria	
  17/07/1926	        NA	        NA	        NA	        NA	                       NA	                       NA	
  18/07/1926	        NA	        NA	      46.2	    -123.8	           astoria oregon	                  astoria	
  18/07/1926	        NA	        NA	        NA	        NA	                       NA	                       NA	
  19/07/1926	        NA	        NA	      46.2	    -123.8	    pier 3 astoria oregon	                  astoria	
  19/07/1926	        NA	        NA	        NA	        NA	                       NA	                       NA	
  20/07/1926	        NA	        NA	        NA	        NA	                       NA	                       NA	
  21/07/1926	        NA	        NA	      46.2	    -123.8	    pier 3 astoria oregon	                  astoria	
  21/07/1926	        NA	        NA	        NA	        NA	                       NA	                       NA	
  22/05/1926	        NA	        NA	      46.2	    -123.8	    pier 3 astoria oregon	                  astoria	
  22/05/1926	        NA	        NA	        NA	        NA	                       NA	                       NA	
  24/07/1926	        NA	        NA	      46.2	    -123.8	           astoria oregon	                  astoria	
  24/07/1926	        NA	        NA	        NA	        NA	                       NA	                       NA	
  25/07/1926	        NA	        NA	      46.2	    -123.8	    pier 3 astoria oregon	                  astoria	
  25/07/1926	        NA	        NA	        NA	        NA	                       NA	                       NA	
  26/07/1926	        NA	        NA	      46.2	    -123.8	    pier 3 astoria oregon	                  astoria	
  26/07/1926	        NA	        NA	        NA	        NA	                       NA	                       NA	
  27/07/1926	        NA	        NA	      46.2	    -123.8	    pier 3 astoria oregon	                  astoria	
  27/07/1926	        NA	        NA	        NA	        NA	                       NA	                       NA	
  30/07/1926	        NA	        NA	        NA	        NA	                       NA	                       NA	
  31/07/1926	        NA	        NA	      46.2	    -123.8	    pier 3 astoria oregon	                  astoria	
  31/07/1926	        NA	        NA	        NA	        NA	                       NA	                       NA	
  01/08/1926	        NA	        NA	      46.2	    -123.8	    pier 3 astoria oregon	                  astoria	
  01/08/1926	        NA	        NA	        NA	        NA	                       NA	                       NA	
  02/08/1926	        NA	        NA	      46.2	    -123.8	                  astoria	                  astoria	
  02/08/1926	        NA	        NA	        NA	        NA	                       NA	                       NA	
  03/08/1926	        NA	        NA	        NA	        NA	                       NA	                       NA	
  06/08/1926	        NA	        NA	        NA	        NA	                       NA	                       NA	
  07/08/1926	        NA	        NA	      46.2	    -123.8	    pier 3 astoria oregon	                  astoria	
  07/08/1926	        NA	        NA	        NA	        NA	                       NA	                       NA	
  08/08/1926	        NA	        NA	      46.2	    -123.8	    pier 3 astoria oregon	                  astoria	
  08/08/1926	        NA	        NA	        NA	        NA	                       NA	                       NA	
  09/08/1926	        NA	        NA	      46.2	    -123.8	    pier 3 astoria oregon	                  astoria	
  09/08/1926	        NA	        NA	        NA	        NA	                       NA	                       NA	
  11/08/1926	     46 02	    124 00	        NA	        NA	                       NA	                       NA	
  13/08/1926	        NA	        NA	      46.2	    -123.8	              astoria ore	                  astoria	
  14/08/1926	        NA	        NA	      46.2	    -123.8	           astoria oregon	                  astoria	
  14/08/1926	        NA	        NA	        NA	        NA	                       NA	                       NA	
  15/08/1926	        NA	        NA	      46.2	    -123.8	              astoria ore	                  astoria	
  15/08/1926	        NA	        NA	        NA	        NA	                       NA	                       NA	
  16/08/1926	        NA	        NA	      46.2	    -123.8	              astoria ore	                  astoria	
  17/08/1926	        NA	        NA	        NA	        NA	                       NA	                       NA	
  18/08/1926	        NA	        NA	      46.2	    -123.8	    pier 3 astoria oregon	                  astoria	
  18/08/1926	        NA	        NA	        NA	        NA	                       NA	                       NA	
  19/08/1926	        NA	        NA	      46.2	    -123.8	    pier 3 astoria oregon	                  astoria	
  20/08/1926	        NA	        NA	      46.2	    -123.8	           astoria oregon	                  astoria	
  21/08/1926	        NA	        NA	      46.2	    -123.8	    pier 3 astoria oregon	                  astoria	
  21/08/1926	        NA	        NA	        NA	        NA	                       NA	                       NA	
  22/08/1926	        NA	        NA	      46.2	    -123.8	           astoria oregon	                  astoria	
  22/08/1926	        NA	        NA	        NA	        NA	                       NA	                       NA	
  23/08/1926	        NA	        NA	      46.2	    -123.8	    pier 3 astoria oregon	                  astoria	
  23/08/1926	        NA	        NA	        NA	        NA	                       NA	                       NA	
  27/08/1926	        NA	        NA	        NA	        NA	                       NA	                       NA	
  28/08/1926	        NA	        NA	      46.2	    -123.8	    pier 3 astoria oregon	                  astoria	
  28/08/1926	        NA	        NA	        NA	        NA	                       NA	                       NA	
  29/08/1926	        NA	        NA	      46.2	    -123.8	    pier 3 astoria oregon	                  astoria	
  29/08/1926	        NA	        NA	        NA	        NA	                       NA	                       NA	
  30/08/1926	        NA	        NA	      46.2	    -123.8	    pier 3 astoria oregon	                  astoria	
  30/08/1926	        NA	        NA	        NA	        NA	                       NA	                       NA	
  31/08/1926	        NA	        NA	      46.2	    -123.8	    pier 3 astoria oregon	                  astoria	
  31/08/1926	        NA	        NA	        NA	        NA	                       NA	                       NA	
  01/09/1926	        NA	        NA	        NA	        NA	                       NA	                       NA	
  02/09/1926	     46 01	    125 09	        NA	        NA	                       NA	                       NA	
  02/09/1926	        NA	        NA	        NA	        NA	                       NA	                       NA	
  03/09/1926	        NA	        NA	      46.2	    -123.8	                  astoria	                  astoria	
  04/09/1926	        NA	        NA	      46.2	    -123.8	    pier 3 astoria oregon	                  astoria	
  04/09/1926	        NA	        NA	        NA	        NA	                       NA	                       NA	
  05/09/1926	        NA	        NA	      46.2	    -123.8	    pier 3 astoria oregon	                  astoria	
  05/09/1926	        NA	        NA	        NA	        NA	                       NA	                       NA	
  06/09/1926	        NA	        NA	      46.2	    -123.8	    pier 3 astoria oregon	                  astoria	
  06/09/1926	        NA	        NA	        NA	        NA	                       NA	                       NA	
  07/09/1926	        NA	        NA	      46.2	    -123.8	    pier 3 astoria oregon	                  astoria	
  07/09/1926	        NA	        NA	        NA	        NA	                       NA	                       NA	
  10/09/1926	        NA	        NA	      46.2	    -123.8	                  astoria	                  astoria	
  11/09/1926	        NA	        NA	      46.2	    -123.8	                  astoria	                  astoria	
  11/09/1926	        NA	        NA	        NA	        NA	                       NA	                       NA	
  12/09/1926	        NA	        NA	      46.2	    -123.8	    pier 3 astoria oregon	                  astoria	
  12/09/1926	        NA	        NA	        NA	        NA	                       NA	                       NA	
  13/09/1926	        NA	        NA	      46.2	    -123.8	    pier 3 astoria oregon	                  astoria	
  13/09/1926	        NA	        NA	        NA	        NA	                       NA	                       NA	
  14/09/1926	     46 00	    124 39	        NA	        NA	                       NA	                       NA	
  14/09/1926	        NA	        NA	        NA	        NA	                       NA	                       NA	
  15/09/1926	     45 46	  124 57 W	        NA	        NA	                       NA	                       NA	
  15/09/1926	        NA	        NA	        NA	        NA	                       NA	                       NA	
  17/09/1926	        NA	        NA	      46.2	    -123.8	                  astoria	                  astoria	
  18/09/1926	        NA	        NA	      46.2	    -123.8	           astoria oregon	                  astoria	
  18/09/1926	        NA	        NA	        NA	        NA	                       NA	                       NA	
  19/09/1926	        NA	        NA	      46.2	    -123.8	              astoria ore	                  astoria	
  19/09/1926	        NA	        NA	        NA	        NA	                       NA	                       NA	
  20/09/1926	        NA	        NA	      46.2	    -123.8	    pier 3 astoria oregon	                  astoria	
  20/09/1926	        NA	        NA	        NA	        NA	                       NA	                       NA	
  24/09/1926	        NA	        NA	      46.2	    -123.8	              astoria ore	                  astoria	
  25/09/1926	        NA	        NA	      46.2	    -123.8	    pier 3 astoria oregon	                  astoria	
  25/09/1926	        NA	        NA	        NA	        NA	                       NA	                       NA	
  26/09/1926	        NA	        NA	      46.2	    -123.8	    pier 3 astoria oregon	                  astoria	
  26/09/1926	        NA	        NA	        NA	        NA	                       NA	                       NA	
  27/09/1926	        NA	        NA	      46.2	    -123.8	    pier 3 astoria oregon	                  astoria	
  27/09/1926	        NA	        NA	        NA	        NA	                       NA	                       NA	
  28/09/1926	   45 59 N	  124 38 W	        NA	        NA	                       NA	                       NA	
  28/09/1926	        NA	        NA	        NA	        NA	                       NA	                       NA	
  29/09/1926	        NA	        NA	      46.2	    -123.8	    pier 3 astoria oregon	                  astoria	
  29/09/1926	     45 48	    124 38	        NA	        NA	                       NA	                       NA	
  30/09/1926	   45 48 N	  124 38 W	        NA	        NA	                       NA	                       NA	
  30/09/1926	        NA	        NA	      46.2	    -123.8	                  astoria	                  astoria	
  30/09/1926	        NA	        NA	        NA	        NA	                       NA	                       NA	
  30/09/1926	        NA	        NA	        NA	        NA	                       NA	                       NA	
  30/09/1926	        NA	        NA	        NA	        NA	                       NA	                       NA	
  30/09/1926	        NA	        NA	        NA	        NA	                       NA	                       NA	
  30/09/1926	        NA	        NA	        NA	        NA	                       NA	                       NA	
  30/09/1926	        NA	        NA	        NA	        NA	                       NA	                       NA	
  30/09/1926	        NA	        NA	        NA	        NA	                       NA	                       NA	
  30/09/1926	        NA	        NA	        NA	        NA	                       NA	                       NA	
  30/09/1926	        NA	        NA	        NA	        NA	                       NA	                       NA	
  30/09/1926	        NA	        NA	        NA	        NA	                       NA	                       NA	
  30/09/1926	        NA	        NA	        NA	        NA	                       NA	                       NA	
  30/09/1926	        NA	        NA	        NA	        NA	                       NA	                       NA	
  01/10/1926	        NA	        NA	      46.2	    -123.8	    pier 3 astoria oregon	                  astoria	
  01/10/1926	        NA	        NA	        NA	        NA	                       NA	                       NA	
  02/10/1926	        NA	        NA	      46.2	    -123.8	    pier 3 astoria oregon	                  astoria	
  02/10/1926	        NA	        NA	        NA	        NA	                       NA	                       NA	
  03/10/1926	        NA	        NA	      46.2	    -123.8	    pier 3 astoria oregon	                  astoria	
  03/10/1926	        NA	        NA	        NA	        NA	                       NA	                       NA	
  04/10/1926	        NA	        NA	      46.2	    -123.8	    pier 3 astoria oregon	                  astoria	
  04/10/1926	     45 40	    124 29	        NA	        NA	                       NA	                       NA	
  05/10/1926	   45 40 N	  124 30 W	        NA	        NA	                       NA	                       NA	
  05/10/1926	        NA	        NA	        NA	        NA	                       NA	                       NA	
  06/10/1926	        NA	        NA	      46.2	    -123.8	           astoria oregon	                  astoria	
  07/10/1926	        NA	        NA	      46.2	    -123.8	    pier 3 astoria oregon	                  astoria	
  07/10/1926	        NA	        NA	        NA	        NA	                       NA	                       NA	
  08/10/1926	        NA	        NA	      46.2	    -123.8	    pier 3 astoria oregon	                  astoria	
  08/10/1926	        NA	        NA	        NA	        NA	                       NA	                       NA	
  09/10/1926	        NA	        NA	      46.2	    -123.8	    pier 3 astoria oregon	                  astoria	
  09/10/1926	        NA	        NA	        NA	        NA	                       NA	                       NA	
  10/10/1926	        NA	        NA	      46.2	    -123.8	    pier 3 astoria oregon	                  astoria	
  10/10/1926	        NA	        NA	        NA	        NA	                       NA	                       NA	
  11/10/1926	        NA	        NA	      46.2	    -123.8	    pier 3 astoria oregon	                  astoria	
  11/10/1926	        NA	        NA	        NA	        NA	                       NA	                       NA	
  12/10/1926	        NA	        NA	      46.2	    -123.8	    pier 3 astoria oregon	                  astoria	
  12/10/1926	        NA	        NA	        NA	        NA	                       NA	                       NA	
  13/10/1926	        NA	        NA	      46.2	    -123.8	    pier 3 astoria oregon	                  astoria	
  13/10/1926	     45 49	    124 24	        NA	        NA	                       NA	                       NA	
  14/10/1926	   45 49 N	    124 24	        NA	        NA	                       NA	                       NA	
  14/10/1926	        NA	        NA	        NA	        NA	                       NA	                       NA	
  15/10/1926	        NA	        NA	      46.2	    -123.8	    pier 3 astoria oregon	                  astoria	
  15/10/1926	        NA	        NA	        NA	        NA	                       NA	                       NA	
  16/10/1926	        NA	        NA	      46.2	    -123.8	    pier 3 astoria oregon	                  astoria	
  16/10/1926	        NA	        NA	        NA	        NA	                       NA	                       NA	
  17/10/1926	        NA	        NA	      46.2	    -123.8	    pier 3 astoria oregon	                  astoria	
  17/10/1926	        NA	        NA	        NA	        NA	                       NA	                       NA	
  18/10/1926	        NA	        NA	      46.2	    -123.8	    pier 3 astoria oregon	                  astoria	
  18/10/1926	        NA	        NA	        NA	        NA	                       NA	                       NA	
  22/10/1926	        NA	        NA	      46.2	    -123.8	                  astoria	                  astoria	
  23/10/1926	        NA	        NA	      46.2	    -123.8	              astoria ore	                  astoria	
  23/10/1926	        NA	        NA	        NA	        NA	                       NA	                       NA	
  24/10/1926	        NA	        NA	      46.2	    -123.8	           astoria oregon	                  astoria	
  24/10/1926	        NA	        NA	        NA	        NA	                       NA	                       NA	
  25/10/1926	        NA	        NA	      46.2	    -123.8	           astoria oregon	                  astoria	
  25/10/1926	        NA	        NA	        NA	        NA	                       NA	                       NA	
  26/10/1926	        NA	        NA	      46.2	    -123.8	              astoria ore	                  astoria	
  26/10/1926	        NA	        NA	        NA	        NA	                       NA	                       NA	
  27/10/1926	        NA	        NA	      46.2	    -123.8	           astoria oregon	                  astoria	
  27/10/1926	        NA	        NA	        NA	        NA	                       NA	                       NA	
  29/10/1926	        NA	        NA	        NA	        NA	                       NA	                       NA	
  30/10/1926	        NA	        NA	      46.2	    -123.8	           astoria oregon	                  astoria	
  30/10/1926	        NA	        NA	        NA	        NA	                       NA	                       NA	
  31/10/1926	        NA	        NA	      46.2	    -123.8	           astoria oregon	                  astoria	
  31/10/1926	        NA	        NA	        NA	        NA	                       NA	                       NA	
  01/11/1926	        NA	        NA	      46.2	    -123.8	           astoria oregon	                  astoria	
  01/11/1926	        NA	        NA	        NA	        NA	                       NA	                       NA	
  02/11/1926	        NA	        NA	        NA	        NA	            clatsop beach	                       NA	
  02/11/1926	        NA	        NA	        NA	        NA	                       NA	                       NA	
  05/11/1926	        NA	        NA	        NA	        NA	                       NA	                       NA	
  06/11/1926	        NA	        NA	      46.2	    -123.8	    pier 3 astoria oregon	                  astoria	
  06/11/1926	        NA	        NA	        NA	        NA	                       NA	                       NA	
  07/11/1926	        NA	        NA	      46.2	    -123.8	    pier 3 astoria oregon	                  astoria	
  07/11/1926	        NA	        NA	        NA	        NA	                       NA	                       NA	
  08/11/1926	        NA	        NA	      46.2	    -123.8	    pier 3 astoria oregon	                  astoria	
  08/11/1926	        NA	        NA	        NA	        NA	                       NA	                       NA	
  09/11/1926	        NA	        NA	      46.2	    -123.8	    pier 3 astoria oregon	                  astoria	
  09/11/1926	        NA	        NA	        NA	        NA	                       NA	                       NA	
  10/11/1926	        NA	        NA	        NA	        NA	                       NA	                       NA	
  11/11/1926	        NA	        NA	      46.2	    -123.8	                  astoria	                  astoria	
  11/11/1926	        NA	        NA	        NA	        NA	                       NA	                       NA	
  12/11/1926	        NA	        NA	      46.2	    -123.8	    pier 3 astoria oregon	                  astoria	
  12/11/1926	        NA	        NA	        NA	        NA	                       NA	                       NA	
  13/11/1926	        NA	        NA	      46.2	    -123.8	    pier 3 astoria oregon	                  astoria	
  13/11/1926	        NA	        NA	        NA	        NA	                       NA	                       NA	
  14/11/1926	        NA	        NA	      46.2	    -123.8	    pier 3 astoria oregon	                  astoria	
  14/11/1926	        NA	        NA	        NA	        NA	                       NA	                       NA	
  15/11/1926	        NA	        NA	      46.2	    -123.8	    pier 3 astoria oregon	                  astoria	
  15/11/1926	        NA	        NA	        NA	        NA	                       NA	                       NA	
  16/11/1926	        NA	        NA	      46.2	    -123.8	    pier 3 astoria oregon	                  astoria	
  16/11/1926	        NA	        NA	        NA	        NA	                       NA	                       NA	
  17/11/1926	        NA	        NA	        NA	        NA	at anchor 133 miles n of cape meares lh	                       NA	
  17/11/1926	        NA	        NA	        NA	        NA	                       NA	                       NA	
  18/11/1926	        NA	        NA	        NA	        NA	                       NA	                       NA	
  19/11/1926	        NA	        NA	        NA	        NA	                       NA	                       NA	
  20/11/1926	        NA	        NA	      46.2	    -123.8	    pier 3 astoria oregon	                  astoria	
  20/11/1926	        NA	        NA	        NA	        NA	                       NA	                       NA	
  21/11/1926	        NA	        NA	      46.2	    -123.8	    pier 3 astoria oregon	                  astoria	
  21/11/1926	        NA	        NA	        NA	        NA	                       NA	                       NA	
  22/11/1926	        NA	        NA	      46.2	    -123.8	    pier 3 astoria oregon	                  astoria	
  22/11/1926	        NA	        NA	        NA	        NA	                       NA	                       NA	
  23/11/1926	        NA	        NA	      46.2	    -123.8	    pier 3 astoria oregon	                  astoria	
  23/11/1926	        NA	        NA	        NA	        NA	                       NA	                       NA	
  24/11/1926	        NA	        NA	      46.2	    -123.8	    pier 3 astoria oregon	                  astoria	
  24/11/1926	        NA	        NA	        NA	        NA	                       NA	                       NA	
  25/11/1926	        NA	        NA	      46.2	    -123.8	    pier 3 astoria oregon	                  astoria	
  25/11/1926	        NA	        NA	        NA	        NA	                       NA	                       NA	
  26/11/1926	        NA	        NA	      46.2	    -123.8	    pier 3 astoria oregon	                  astoria	
  26/11/1926	        NA	        NA	        NA	        NA	                       NA	                       NA	
  27/11/1926	        NA	        NA	      46.2	    -123.8	    pier 3 astoria oregon	                  astoria	
  27/11/1926	        NA	        NA	        NA	        NA	                       NA	                       NA	
  28/11/1926	        NA	        NA	      46.2	    -123.8	    pier 3 astoria oregon	                  astoria	
  28/11/1926	        NA	        NA	        NA	        NA	                       NA	                       NA	
  29/11/1926	        NA	        NA	      46.2	    -123.8	    pier 3 astoria oregon	                  astoria	
  29/11/1926	        NA	        NA	        NA	        NA	                       NA	                       NA	
  30/11/1926	        NA	        NA	      46.2	    -123.8	    pier 3 astoria oregon	                  astoria	
  30/11/1926	        NA	        NA	        NA	        NA	                       NA	                       NA	
  01/12/1926	        NA	        NA	      46.2	    -123.8	    pier 3 astoria oregon	                  astoria	
  01/12/1926	        NA	        NA	        NA	        NA	                       NA	                       NA	
  02/12/1926	        NA	        NA	      46.2	    -123.8	    pier 3 astoria oregon	                  astoria	
  02/12/1926	        NA	        NA	        NA	        NA	                       NA	                       NA	
  03/12/1926	        NA	        NA	      46.2	    -123.8	    pier 3 astoria oregon	                  astoria	
  03/12/1926	        NA	        NA	        NA	        NA	                       NA	                       NA	
  04/12/1926	        NA	        NA	      46.2	    -123.8	    pier 3 astoria oregon	                  astoria	
  04/12/1926	        NA	        NA	        NA	        NA	                       NA	                       NA	
  05/12/1926	        NA	        NA	      46.2	    -123.8	    pier 3 astoria oregon	                  astoria	
  05/12/1926	        NA	        NA	        NA	        NA	                       NA	                       NA	
  06/12/1926	        NA	        NA	      46.2	    -123.8	    pier 3 astoria oregon	                  astoria	
  06/12/1926	        NA	        NA	        NA	        NA	                       NA	                       NA	
  07/12/1926	        NA	        NA	      46.2	    -123.8	           astoria oregon	                  astoria	
  07/12/1926	        NA	        NA	        NA	        NA	                       NA	                       NA	
  10/12/1926	        NA	        NA	      37.8	    -122.3	santa fe dock jackson st oakland cal	                  oakland	
  10/12/1926	        NA	        NA	        NA	        NA	                       NA	                       NA	
  11/12/1926	        NA	        NA	      37.8	    -122.3	santa fe docks jackson st oakland cal	                  oakland	
  11/12/1926	        NA	        NA	        NA	        NA	                       NA	                       NA	
  12/12/1926	        NA	        NA	      37.8	    -122.3	santa fe dock oakland calif	                  oakland	
  12/12/1926	        NA	        NA	        NA	        NA	                       NA	                       NA	
  13/12/1926	        NA	        NA	      37.8	    -122.3	santa fe dock oakland calif	                  oakland	
  13/12/1926	        NA	        NA	        NA	        NA	                       NA	                       NA	
  14/12/1926	        NA	        NA	      37.8	    -122.3	santa fe dock jackson st oakland calif	                  oakland	
  14/12/1926	        NA	        NA	        NA	        NA	                       NA	                       NA	
  15/12/1926	        NA	        NA	      37.8	    -122.3	santa fe dock jackson st oakland cal	                  oakland	
  15/12/1926	        NA	        NA	        NA	        NA	                       NA	                       NA	
  16/12/1926	        NA	        NA	      37.8	    -122.3	santa fe dock oakland calif	                  oakland	
  16/12/1926	        NA	        NA	        NA	        NA	                       NA	                       NA	
  17/12/1926	        NA	        NA	      37.8	    -122.3	santa fe dock oakland calif	                  oakland	
  17/12/1926	        NA	        NA	        NA	        NA	                       NA	                       NA	
  18/12/1926	        NA	        NA	      37.8	    -122.3	santa fe dock oakland cal	                  oakland	
  18/12/1926	        NA	        NA	        NA	        NA	                       NA	                       NA	
  19/12/1926	        NA	        NA	      37.8	    -122.3	santa fe docks jackson st oakland cal	                  oakland	
  19/12/1926	        NA	        NA	        NA	        NA	                       NA	                       NA	
  20/12/1926	        NA	        NA	      37.8	    -122.3	santa fe dock oakland calif	                  oakland	
  20/12/1926	        NA	        NA	        NA	        NA	                       NA	                       NA	
  21/12/1926	        NA	        NA	      37.8	    -122.3	santa fe dock oakland cal	                  oakland	
  21/12/1926	        NA	        NA	        NA	        NA	                       NA	                       NA	
  22/12/1926	        NA	        NA	      37.8	    -122.3	santa fe docks jackson st oakland cal	                  oakland	
  22/12/1926	        NA	        NA	        NA	        NA	                       NA	                       NA	
  23/12/1926	        NA	        NA	      37.8	    -122.3	santa fe dock oakland cal	                  oakland	
  23/12/1926	        NA	        NA	        NA	        NA	                       NA	                       NA	
  24/12/1926	        NA	        NA	      37.8	    -122.3	santa fe docks oakland cal	                  oakland	
  24/12/1926	        NA	        NA	        NA	        NA	                       NA	                       NA	
  25/12/1926	        NA	        NA	      37.8	    -122.3	santa fe dock oakland calif	                  oakland	
  25/12/1926	        NA	        NA	        NA	        NA	                       NA	                       NA	
  26/12/1926	        NA	        NA	      37.8	    -122.3	santa fe docks oakland cal	                  oakland	
  26/12/1926	        NA	        NA	        NA	        NA	                       NA	                       NA	
  27/12/1926	        NA	        NA	      37.8	    -122.3	santa fe dock oakland calif	                  oakland	
  27/12/1926	        NA	        NA	        NA	        NA	                       NA	                       NA	
  28/12/1926	        NA	        NA	      37.8	    -122.3	santa fe docks oakland cal	                  oakland	
  28/12/1926	        NA	        NA	        NA	        NA	                       NA	                       NA	
  29/12/1926	        NA	        NA	      37.8	    -122.3	santa fe dock oakland calif	                  oakland	
  29/12/1926	        NA	        NA	        NA	        NA	                       NA	                       NA	
  30/12/1926	        NA	        NA	      37.8	    -122.3	santa fe dock oakland cal	                  oakland	
  30/12/1926	        NA	        NA	        NA	        NA	                       NA	                       NA	
  31/12/1926	        NA	        NA	      37.8	    -122.3	alongside sante fe dock oakland calif	                  oakland	
  31/12/1926	        NA	        NA	        NA	        NA	                       NA	                       NA	
  31/12/1926	        NA	        NA	        NA	        NA	                       NA	                       NA	
  31/12/1926	        NA	        NA	        NA	        NA	                       NA	                       NA	
  31/12/1926	        NA	        NA	        NA	        NA	                       NA	                       NA	
  31/12/1926	        NA	        NA	        NA	        NA	                       NA	                       NA	
  31/12/1926	        NA	        NA	        NA	        NA	                       NA	                       NA	
  31/12/1926	        NA	        NA	        NA	        NA	                       NA	                       NA	
  31/12/1926	        NA	        NA	        NA	        NA	                       NA	                       NA	
  31/12/1926	        NA	        NA	        NA	        NA	                       NA	                       NA	
  31/12/1926	        NA	        NA	        NA	        NA	                       NA	                       NA	
  31/12/1926	        NA	        NA	        NA	        NA	                       NA	                       NA	
  31/12/1926	        NA	        NA	        NA	        NA	                       NA	                       NA	
  31/12/1926	        NA	        NA	        NA	        NA	                       NA	                       NA	
