  01/04/1927	        NA	        NA	      37.8	    -122.3	alongside sante fe dock oakland calif	                  oakland	
  01/04/1927	        NA	        NA	        NA	        NA	                       NA	                       NA	
  02/04/1927	        NA	        NA	      37.8	    -122.3	alongside sante fe wharf oakland calif	                  oakland	
  02/04/1927	        NA	        NA	        NA	        NA	                       NA	                       NA	
  03/04/1927	        NA	        NA	      37.8	    -122.3	alongside sante fe dock oakland calif	                  oakland	
  03/04/1927	        NA	        NA	        NA	        NA	                       NA	                       NA	
  04/04/1927	        NA	        NA	      37.8	    -122.3	alongside sante fe dock oakland calif	                  oakland	
  04/04/1927	        NA	        NA	        NA	        NA	                       NA	                       NA	
  05/04/1927	        NA	        NA	      37.8	    -122.3	alongside sante fe dock oakland calif	                  oakland	
  05/04/1927	        NA	        NA	        NA	        NA	                       NA	                       NA	
  06/04/1927	        NA	        NA	      37.8	    -122.3	alongside sante fe dock oakland calif	                  oakland	
  06/04/1927	        NA	        NA	        NA	        NA	                       NA	                       NA	
  07/04/1927	        NA	        NA	      37.8	    -122.3	alongside sante fe dock oakland calif	                  oakland	
  07/04/1927	        NA	        NA	        NA	        NA	                       NA	                       NA	
  08/04/1927	        NA	        NA	      37.8	    -122.3	alongside sante fe wharf oakland calif	                  oakland	
  08/04/1927	        NA	        NA	        NA	        NA	                       NA	                       NA	
  09/04/1927	        NA	        NA	      37.8	    -122.3	       oakland california	                  oakland	
  09/04/1927	        NA	        NA	        NA	        NA	                       NA	                       NA	
  10/04/1927	        NA	        NA	      37.8	    -122.3	alongside sante fe dock oakland calif	                  oakland	
  10/04/1927	        NA	        NA	        NA	        NA	                       NA	                       NA	
  11/04/1927	        NA	        NA	      37.8	    -122.3	alongside sante fe dock oakland calif	                  oakland	
  11/04/1927	        NA	        NA	        NA	        NA	                       NA	                       NA	
  12/04/1927	        NA	        NA	      37.8	    -122.3	alongside sante fe wharf oakland calif	                  oakland	
  12/04/1927	        NA	        NA	        NA	        NA	                       NA	                       NA	
  13/04/1927	        NA	        NA	      37.8	    -122.3	alongside sante fe dock oakland calif	                  oakland	
  13/04/1927	        NA	        NA	        NA	        NA	                       NA	                       NA	
  14/04/1927	        NA	        NA	      37.8	    -122.3	alongside sante fe dock oakland calif	                  oakland	
  14/04/1927	        NA	        NA	        NA	        NA	                       NA	                       NA	
  15/04/1927	        NA	        NA	      37.8	    -122.3	alongside sante fe wharf oakland calif	                  oakland	
  15/04/1927	        NA	        NA	        NA	        NA	                       NA	                       NA	
  15/04/1927	        NA	        NA	        NA	        NA	                       NA	                       NA	
  15/04/1927	        NA	        NA	        NA	        NA	                       NA	                       NA	
  16/04/1927	        NA	        NA	      37.8	    -122.3	alongside sante fe dock oakland calif	                  oakland	
  16/04/1927	        NA	        NA	        NA	        NA	                       NA	                       NA	
  17/04/1927	        NA	        NA	      37.8	    -122.3	alongside sante fe dock oakland calif	                  oakland	
  17/04/1927	        NA	        NA	        NA	        NA	                       NA	                       NA	
  18/04/1927	        NA	        NA	      37.8	    -122.3	alongside sante fe dock oakland calif	                  oakland	
  18/04/1927	        NA	        NA	        NA	        NA	                       NA	                       NA	
  19/04/1927	        NA	        NA	      37.8	    -122.4	underway san francisco calif to astoria ore	        san francisco bay	
  19/04/1927	        NA	        NA	        NA	        NA	                       NA	                       NA	
  20/04/1927	   40 53 N	  124 20 W	      37.8	    -122.4	at sea underway from san francisco cal to seattle 	        [Fudged from 1923]	
  21/04/1927	   45 18 N	  124 16 W	      37.8	    -122.4	at sea underway from san francisco cal to seattle wash	        [Fudged from 1923]	
  22/04/1927	        NA	        NA	      46.2	    -123.8	    pier 3 astoria oregon	                  astoria	
  22/04/1927	        NA	        NA	        NA	        NA	                       NA	                       NA	
  23/04/1927	        NA	        NA	      46.2	    -123.8	    pier 3 astoria oregon	                  astoria	
  23/04/1927	        NA	        NA	        NA	        NA	                       NA	                       NA	
  24/04/1927	        NA	        NA	      46.2	    -123.8	    pier 3 astoria oregon	                  astoria	
  24/04/1927	        NA	        NA	        NA	        NA	                       NA	                       NA	
  25/04/1927	        NA	        NA	      46.2	    -123.8	    pier 3 astoria oregon	                  astoria	
  25/04/1927	        NA	        NA	        NA	        NA	                       NA	                       NA	
  26/04/1927	        NA	        NA	      46.2	    -123.8	    pier 3 astoria oregon	                  astoria	
  29/04/1927	        NA	        NA	        NA	        NA	                       NA	                       NA	
  30/04/1927	        NA	        NA	      46.2	    -123.8	    pier 3 astoria oregon	                  astoria	
  30/04/1927	        NA	        NA	        NA	        NA	                       NA	                       NA	
  01/05/1927	        NA	        NA	      46.2	    -123.8	           astoria oregon	                  astoria	
  01/05/1927	        NA	        NA	        NA	        NA	                       NA	                       NA	
  02/05/1927	        NA	        NA	      46.2	    -123.8	           astoria oregon	                  astoria	
  02/05/1927	        NA	        NA	        NA	        NA	                       NA	                       NA	
  03/05/1927	        NA	        NA	      46.2	    -123.8	           astoria oregon	                  astoria	
  03/05/1927	        NA	        NA	        NA	        NA	                       NA	                       NA	
  04/05/1927	        NA	        NA	      46.2	    -123.8	           astoria oregon	                  astoria	
  04/05/1927	        NA	        NA	        NA	        NA	                       NA	                       NA	
  07/05/1927	        NA	        NA	        NA	        NA	                       NA	                       NA	
  08/05/1927	        NA	        NA	      46.2	    -123.8	    pier 3 astoria oregon	                  astoria	
  08/05/1927	        NA	        NA	        NA	        NA	                       NA	                       NA	
  09/05/1927	        NA	        NA	      46.2	    -123.8	    pier 3 astoria oregon	                  astoria	
  09/05/1927	        NA	        NA	        NA	        NA	                       NA	                       NA	
  10/05/1927	        NA	        NA	      46.2	    -123.8	    pier 3 astoria oregon	                  astoria	
  10/05/1927	        NA	        NA	        NA	        NA	                       NA	                       NA	
  11/05/1927	        NA	        NA	        NA	        NA	                       NA	                       NA	
  12/05/1927	        NA	        NA	      46.2	    -123.8	    pier 3 astoria oregon	                  astoria	
  12/05/1927	        NA	        NA	        NA	        NA	                       NA	                       NA	
  13/05/1927	        NA	        NA	      46.2	    -123.8	    pier 3 astoria oregon	                  astoria	
  13/05/1927	        NA	        NA	        NA	        NA	                       NA	                       NA	
  14/05/1927	        NA	        NA	      46.2	    -123.8	    pier 3 astoria oregon	                  astoria	
  14/05/1927	        NA	        NA	        NA	        NA	                       NA	                       NA	
  15/05/1927	        NA	        NA	      46.2	    -123.8	    pier 3 astoria oregon	                  astoria	
  15/05/1927	        NA	        NA	        NA	        NA	                       NA	                       NA	
  16/05/1927	        NA	        NA	      46.2	    -123.8	    pier 3 astoria oregon	                  astoria	
  16/05/1927	        NA	        NA	        NA	        NA	                       NA	                       NA	
  17/05/1927	        NA	        NA	        NA	        NA	                       NA	                       NA	
  18/05/1927	        NA	        NA	      46.2	    -123.8	    pier 3 astoria oregon	                  astoria	
  18/05/1927	        NA	        NA	        NA	        NA	                       NA	                       NA	
  19/05/1927	        NA	        NA	      46.2	    -123.8	    pier 3 astoria oregon	                  astoria	
  19/05/1927	        NA	        NA	        NA	        NA	                       NA	                       NA	
  20/05/1927	        NA	        NA	      46.2	    -123.8	    pier 3 astoria oregon	                  astoria	
  20/05/1927	        NA	        NA	        NA	        NA	                       NA	                       NA	
  21/05/1927	        NA	        NA	        NA	        NA	                       NA	                       NA	
  22/05/1927	        NA	        NA	      46.2	    -123.8	    pier 3 astoria oregon	                  astoria	
  22/05/1927	        NA	        NA	        NA	        NA	                       NA	                       NA	
  22/05/1927	        NA	        NA	        NA	        NA	                       NA	                       NA	
  22/05/1927	        NA	        NA	        NA	        NA	                       NA	                       NA	
  23/05/1927	        NA	        NA	      46.2	    -123.8	    pier 3 astoria oregon	                  astoria	
  23/05/1927	        NA	        NA	        NA	        NA	                       NA	                       NA	
  27/05/1927	        NA	        NA	        NA	        NA	                       NA	                       NA	
  28/05/1927	        NA	        NA	      46.2	    -123.8	    pier 3 astoria oregon	                  astoria	
  28/05/1927	        NA	        NA	        NA	        NA	                       NA	                       NA	
  29/05/1927	        NA	        NA	      46.2	    -123.8	    pier 3 astoria oregon	                  astoria	
  29/05/1927	        NA	        NA	        NA	        NA	                       NA	                       NA	
  30/05/1927	        NA	        NA	      46.2	    -123.8	    pier 3 astoria oregon	                  astoria	
  30/05/1927	        NA	        NA	        NA	        NA	                       NA	                       NA	
  31/05/1927	        NA	        NA	      46.2	    -123.8	    pier 3 astoria oregon	                  astoria	
  31/05/1927	        NA	        NA	        NA	        NA	                       NA	                       NA	
 03/06/1927	        NA	        NA	      46.2	    -123.8	           astoria oregon	                  astoria	
  04/06/1927	        NA	        NA	      46.2	    -123.8	              astoria ore	                  astoria	
  04/06/1927	        NA	        NA	        NA	        NA	                       NA	                       NA	
  05/06/1927	        NA	        NA	      46.2	    -123.8	           astoria oregon	                  astoria	
  05/06/1927	        NA	        NA	        NA	        NA	                       NA	                       NA	
  06/06/1927	        NA	        NA	      46.2	    -123.8	    pier 3 astoria oregon	                  astoria	
  06/06/1927	        NA	        NA	        NA	        NA	                       NA	                       NA	
  07/06/1927	        NA	        NA	      46.2	    -123.8	    pier 3 astoria oregon	                  astoria	
  07/06/1927	        NA	        NA	        NA	        NA	                       NA	                       NA	
  08/06/1927	        NA	        NA	      46.2	    -123.8	    pier 3 astoria oregon	                  astoria	
  08/06/1927	        NA	        NA	        NA	        NA	                       NA	                       NA	
  09/06/1927	        NA	        NA	        NA	        NA	                       NA	                       NA	
  10/06/1927	        NA	        NA	      46.2	    -123.8	    pier 3 astoria oregon	                  astoria	
  10/06/1927	        NA	        NA	        NA	        NA	                       NA	                       NA	
  11/06/1927	        NA	        NA	      46.2	    -123.8	    pier 3 astoria oregon	                  astoria	
  11/06/1927	        NA	        NA	        NA	        NA	                       NA	                       NA	
  12/06/1927	        NA	        NA	      46.2	    -123.8	    pier 3 astoria oregon	                  astoria	
  12/06/1927	        NA	        NA	        NA	        NA	                       NA	                       NA	
  13/06/1927	        NA	        NA	      46.2	    -123.8	    pier 3 astoria oregon	                  astoria	
  13/06/1927	        NA	        NA	        NA	        NA	                       NA	                       NA	
  14/06/1927	        NA	        NA	      46.2	    -123.8	    pier 3 astoria oregon	                  astoria	
  14/06/1927	        NA	        NA	        NA	        NA	                       NA	                       NA	
  17/06/1927	        NA	        NA	        NA	        NA	                       NA	                       NA	
  18/06/1927	        NA	        NA	      46.2	    -123.8	    pier 3 astoria oregon	                  astoria	
  18/06/1927	        NA	        NA	        NA	        NA	                       NA	                       NA	
  19/06/1927	        NA	        NA	      46.2	    -123.8	    pier 3 astoria oregon	                  astoria	
  19/06/1927	        NA	        NA	        NA	        NA	                       NA	                       NA	
  20/06/1927	        NA	        NA	      46.2	    -123.8	    pier 3 astoria oregon	                  astoria	
  20/06/1927	        NA	        NA	        NA	        NA	                       NA	                       NA	
  24/06/1927	        NA	        NA	        NA	        NA	                       NA	                       NA	
  25/06/1927	        NA	        NA	      46.2	    -123.8	    pier 3 astoria oregon	                  astoria	
  25/06/1927	        NA	        NA	        NA	        NA	                       NA	                       NA	
  26/06/1927	        NA	        NA	      46.2	    -123.8	    pier 3 astoria oregon	                  astoria	
  26/06/1927	        NA	        NA	        NA	        NA	                       NA	                       NA	
  27/06/1927	        NA	        NA	      46.2	    -123.8	           astoria oregon	                  astoria	
  27/06/1927	        NA	        NA	        NA	        NA	                       NA	                       NA	
  28/06/1927	        NA	        NA	      46.2	    -123.8	    pier 3 astoria oregon	                  astoria	
  28/06/1927	        NA	        NA	        NA	        NA	                       NA	                       NA	
  29/06/1927	        NA	        NA	      46.2	    -123.8	    pier 3 astoria oregon	                  astoria	
  29/06/1927	        NA	        NA	        NA	        NA	                       NA	                       NA	
  30/06/1927	        NA	        NA	      46.2	    -123.8	    pier 3 astoria oregon	                  astoria	
  30/06/1927	        NA	        NA	        NA	        NA	                       NA	                       NA	
  30/06/1927	        NA	        NA	        NA	        NA	                       NA	                       NA	
  30/06/1927	        NA	        NA	        NA	        NA	                       NA	                       NA	
  30/06/1927	        NA	        NA	        NA	        NA	                       NA	                       NA	
  30/06/1927	        NA	        NA	        NA	        NA	                       NA	                       NA	
  30/06/1927	        NA	        NA	        NA	        NA	                       NA	                       NA	
  30/06/1927	        NA	        NA	        NA	        NA	                       NA	                       NA	
  30/06/1927	        NA	        NA	        NA	        NA	                       NA	                       NA	
  30/06/1927	        NA	        NA	        NA	        NA	                       NA	                       NA	
  30/06/1927	        NA	        NA	        NA	        NA	                       NA	                       NA	
  30/06/1927	        NA	        NA	        NA	        NA	                       NA	                       NA	
  30/06/1927	        NA	        NA	        NA	        NA	                       NA	                       NA	
  30/06/1927	        NA	        NA	        NA	        NA	                       NA	                       NA	
  01/07/1927	        NA	        NA	      46.2	    -123.8	    pier 3 astoria oregon	                  astoria	
  01/07/1927	        NA	        NA	        NA	        NA	                       NA	                       NA	
  02/07/1927	        NA	        NA	      46.2	    -123.8	    pier 3 astoria oregon	                  astoria	
  02/07/1927	        NA	        NA	        NA	        NA	                       NA	                       NA	
  03/07/1927	        NA	        NA	      46.2	    -123.8	    pier 3 astoria oregon	                  astoria	
  03/07/1927	        NA	        NA	        NA	        NA	                       NA	                       NA	
  04/07/1927	        NA	        NA	      46.2	    -123.8	    pier 3 astoria oregon	                  astoria	
  04/07/1927	        NA	        NA	        NA	        NA	                       NA	                       NA	
  05/07/1927	        NA	        NA	      46.2	    -123.8	           astoria oregon	                  astoria	
  05/07/1927	        NA	        NA	        NA	        NA	                       NA	                       NA	
  06/07/1927	        NA	        NA	        NA	        NA	                       NA	                       NA	
  08/07/1927	        NA	        NA	        NA	        NA	                       NA	                       NA	
  09/07/1927	        NA	        NA	      46.2	    -123.8	           astoria oregon	                  astoria	
  09/07/1927	        NA	        NA	        NA	        NA	                       NA	                       NA	
  10/07/1927	        NA	        NA	      46.2	    -123.8	           astoria oregon	                  astoria	
  10/07/1927	        NA	        NA	        NA	        NA	                       NA	                       NA	
  11/07/1927	        NA	        NA	      46.2	    -123.8	           astoria oregon	                  astoria	
  11/07/1927	        NA	        NA	        NA	        NA	                       NA	                       NA	
  12/07/1927	        NA	        NA	      46.2	    -123.8	           astoria oregon	                  astoria	
  12/07/1927	        NA	        NA	        NA	        NA	                       NA	                       NA	
  13/07/1927	        NA	        NA	      46.2	    -123.8	           astoria oregon	                  astoria	
  13/07/1927	        NA	        NA	        NA	        NA	                       NA	                       NA	
  14/07/1927	        NA	        NA	      46.2	    -123.8	           astoria oregon	                  astoria	
  14/07/1927	        NA	        NA	        NA	        NA	                       NA	                       NA	
  15/07/1927	        NA	        NA	        NA	        NA	                       NA	                       NA	
  16/07/1927	        NA	        NA	      46.2	    -123.8	    pier 3 astoria oregon	                  astoria	
  16/07/1927	        NA	        NA	        NA	        NA	                       NA	                       NA	
  17/07/1927	        NA	        NA	      46.2	    -123.8	    pier 3 astoria oregon	                  astoria	
  17/07/1927	        NA	        NA	        NA	        NA	                       NA	                       NA	
  18/07/1927	        NA	        NA	      46.2	    -123.8	    pier 3 astoria oregon	                  astoria	
  18/07/1927	        NA	        NA	        NA	        NA	                       NA	                       NA	
  21/07/1927	        NA	        NA	        NA	        NA	                       NA	                       NA	
  22/07/1927	        NA	        NA	      46.2	    -123.8	    pier 3 astoria oregon	                  astoria	
  22/07/1927	        NA	        NA	        NA	        NA	                       NA	                       NA	
  23/07/1927	        NA	        NA	      46.2	    -123.8	    pier 3 astoria oregon	                  astoria	
  23/07/1927	        NA	        NA	        NA	        NA	                       NA	                       NA	
  24/07/1927	        NA	        NA	      46.2	    -123.8	    pier 3 astoria oregon	                  astoria	
  24/07/1927	        NA	        NA	        NA	        NA	                       NA	                       NA	
  25/07/1927	        NA	        NA	      46.2	    -123.8	    pier 3 astoria oregon	                  astoria	
  25/07/1927	        NA	        NA	        NA	        NA	                       NA	                       NA	
  30/07/1927	        NA	        NA	        NA	        NA	                       NA	                       NA	
  31/07/1927	        NA	        NA	      46.2	    -123.8	    pier 3 astoria oregon	                  astoria	
  31/07/1927	        NA	        NA	        NA	        NA	                       NA	                       NA	
  01/08/1927	        NA	        NA	      46.2	    -123.8	    pier 3 astoria oregon	                  astoria	
  01/08/1927	        NA	        NA	        NA	        NA	                       NA	                       NA	
  03/08/1927	        NA	        NA	        NA	        NA	                       NA	                       NA	
  04/08/1927	        NA	        NA	        NA	        NA	         cape kiwanda ore	                       NA	
  04/08/1927	        NA	        NA	        NA	        NA	                       NA	                       NA	
  05/08/1927	        NA	        NA	      46.2	    -123.8	           astoria oregon	                  astoria	
  05/08/1927	        NA	        NA	        NA	        NA	                       NA	                       NA	
  06/08/1927	        NA	        NA	      46.2	    -123.8	    pier 3 astoria oregon	                  astoria	
  06/08/1927	        NA	        NA	        NA	        NA	                       NA	                       NA	
  07/08/1927	        NA	        NA	      46.2	    -123.8	    pier 3 astoria oregon	                  astoria	
  07/08/1927	        NA	        NA	        NA	        NA	                       NA	                       NA	
  08/08/1927	        NA	        NA	      46.2	    -123.8	    pier 3 astoria oregon	                  astoria	
  08/08/1927	        NA	        NA	        NA	        NA	                       NA	                       NA	
  12/08/1927	        NA	        NA	        NA	        NA	                       NA	                       NA	
  13/08/1927	        NA	        NA	      46.2	    -123.8	    pier 3 astoria oregon	                  astoria	
  13/08/1927	        NA	        NA	        NA	        NA	                       NA	                       NA	
  14/08/1927	        NA	        NA	      46.2	    -123.8	    pier 3 astoria oregon	                  astoria	
  14/08/1927	        NA	        NA	        NA	        NA	                       NA	                       NA	
  15/08/1927	        NA	        NA	      46.2	    -123.8	    pier 3 astoria oregon	                  astoria	
  15/08/1927	        NA	        NA	        NA	        NA	                       NA	                       NA	
  18/08/1927	        NA	        NA	        NA	        NA	                       NA	                       NA	
  19/08/1927	        NA	        NA	      46.2	    -123.8	on working grounds offshore at cape meares  at astoria ore	                  astoria	
  19/08/1927	        NA	        NA	        NA	        NA	                       NA	                       NA	
  20/08/1927	        NA	        NA	      46.2	    -123.8	    pier 3 astoria oregon	                  astoria	
  20/08/1927	        NA	        NA	        NA	        NA	                       NA	                       NA	
  21/08/1927	        NA	        NA	      46.2	    -123.8	    pier 3 astoria oregon	                  astoria	
  21/08/1927	        NA	        NA	        NA	        NA	                       NA	                       NA	
  22/08/1927	        NA	        NA	      46.2	    -123.8	    pier 3 astoria oregon	                  astoria	
  22/08/1927	        NA	        NA	        NA	        NA	                       NA	                       NA	
 26/08/1927	        NA	        NA	        NA	        NA	                       NA	                       NA	
  27/08/1927	        NA	        NA	      46.2	    -123.8	    pier 3 astoria oregon	                  astoria	
  27/08/1927	        NA	        NA	        NA	        NA	                       NA	                       NA	
  28/08/1927	        NA	        NA	      46.2	    -123.8	    pier 3 astoria oregon	                  astoria	
  28/08/1927	        NA	        NA	        NA	        NA	                       NA	                       NA	
  29/08/1927	        NA	        NA	      46.2	    -123.8	pier 1 port of astoria oregon	                  astoria	
  29/08/1927	        NA	        NA	        NA	        NA	                       NA	                       NA	
  30/08/1927	        NA	        NA	        NA	        NA	                       NA	                       NA	
  31/08/1927	        NA	        NA	        NA	        NA	                       NA	                       NA	
  01/09/1927	        NA	        NA	      46.2	    -123.8	pier 3 port dock astoria oregon	                  astoria	
  01/09/1927	        NA	        NA	        NA	        NA	                       NA	                       NA	
  02/09/1927	        NA	        NA	      46.2	    -123.8	pier 1 port of astoria oregon	                  astoria	
  02/09/1927	        NA	        NA	        NA	        NA	                       NA	                       NA	
  03/09/1927	        NA	        NA	      46.2	    -123.8	pier 3 port dock astoria oregon	                  astoria	
  03/09/1927	        NA	        NA	        NA	        NA	                       NA	                       NA	
  04/09/1927	        NA	        NA	      46.2	    -123.8	    pier 3 astoria oregon	                  astoria	
  04/09/1927	        NA	        NA	        NA	        NA	                       NA	                       NA	
  05/09/1927	        NA	        NA	      46.2	    -123.8	    pier 3 astoria oregon	                  astoria	
  05/09/1927	        NA	        NA	        NA	        NA	                       NA	                       NA	
  06/09/1927	        NA	        NA	      46.2	    -123.8	    pier 3 astoria oregon	                  astoria	
  06/09/1927	        NA	        NA	        NA	        NA	                       NA	                       NA	
  07/09/1927	        NA	        NA	      46.2	    -123.8	astoria enroute to and on the working grounds	                  astoria	
  07/09/1927	        NA	        NA	        NA	        NA	                       NA	                       NA	
  09/09/1927	        NA	        NA	        NA	        NA	                       NA	                       NA	
  10/09/1927	        NA	        NA	      46.2	    -123.8	at anchor off desdemona light and moored at pier  3 port of astoria	                  astoria	
  10/09/1927	        NA	        NA	        NA	        NA	                       NA	                       NA	
  11/09/1927	        NA	        NA	      46.2	    -123.8	    pier 3 astoria oregon	                  astoria	
  11/09/1927	        NA	        NA	        NA	        NA	                       NA	                       NA	
  12/09/1927	        NA	        NA	      46.2	    -123.8	    pier 3 astoria oregon	                  astoria	
  12/09/1927	        NA	        NA	        NA	        NA	                       NA	                       NA	
  13/09/1927	        NA	        NA	      46.2	    -123.8	pier 3 astoria oregon and on working grounds	                  astoria	
  13/09/1927	        NA	        NA	        NA	        NA	                       NA	                       NA	
  17/09/1927	        NA	        NA	        NA	        NA	                       NA	                       NA	
  18/09/1927	        NA	        NA	      46.2	    -123.8	pier 3 port dock astoria oregon	                  astoria	
  18/09/1927	        NA	        NA	        NA	        NA	                       NA	                       NA	
  19/09/1927	        NA	        NA	      46.2	    -123.8	    pier 3 astoria oregon	                  astoria	
  19/09/1927	        NA	        NA	        NA	        NA	                       NA	                       NA	
  20/09/1927	        NA	        NA	      46.2	    -123.8	    pier 3 astoria oregon	                  astoria	
  20/09/1927	        NA	        NA	        NA	        NA	                       NA	                       NA	
  24/09/1927	        NA	        NA	        NA	        NA	                       NA	                       NA	
  25/09/1927	        NA	        NA	      46.2	    -123.8	pier 3 port dock astoria oregon	                  astoria	
  25/09/1927	        NA	        NA	        NA	        NA	                       NA	                       NA	
  26/09/1927	        NA	        NA	      46.2	    -123.8	    pier 3 astoria oregon	                  astoria	
  26/09/1927	        NA	        NA	        NA	        NA	                       NA	                       NA	
  27/09/1927	        NA	        NA	      46.2	    -123.8	    pier 3 astoria oregon	                  astoria	
  27/09/1927	        NA	        NA	        NA	        NA	                       NA	                       NA	
  28/09/1927	        NA	        NA	      46.2	    -123.8	    pier 1 astoria oregon	                  astoria	
  28/09/1927	        NA	        NA	        NA	        NA	                       NA	                       NA	
  29/09/1927	        NA	        NA	      46.2	    -123.8	pier 3 port dock astoria oregon	                  astoria	
  29/09/1927	        NA	        NA	        NA	        NA	                       NA	                       NA	
  30/09/1927	        NA	        NA	      46.2	    -123.8	pier 3 port dock astoria oregon	                  astoria	
  30/09/1927	        NA	        NA	        NA	        NA	                       NA	                       NA	
  30/09/1927	        NA	        NA	        NA	        NA	                       NA	                       NA	
  30/09/1927	        NA	        NA	        NA	        NA	                       NA	                       NA	
  30/09/1927	        NA	        NA	        NA	        NA	                       NA	                       NA	
  30/09/1927	        NA	        NA	        NA	        NA	                       NA	                       NA	
  30/09/1927	        NA	        NA	        NA	        NA	                       NA	                       NA	
  30/09/1927	        NA	        NA	        NA	        NA	                       NA	                       NA	
  30/09/1927	        NA	        NA	        NA	        NA	                       NA	                       NA	
  30/09/1927	        NA	        NA	        NA	        NA	                       NA	                       NA	
  30/09/1927	        NA	        NA	        NA	        NA	                       NA	                       NA	
  30/09/1927	        NA	        NA	        NA	        NA	                       NA	                       NA	
  30/09/1927	        NA	        NA	        NA	        NA	                       NA	                       NA	
  30/09/1927	        NA	        NA	        NA	        NA	                       NA	                       NA	
  01/01/1927	        NA	        NA	      37.8	    -122.3	alongside sante fe dock oakland calif	                  oakland	
  01/01/1927	        NA	        NA	        NA	        NA	                       NA	                       NA	
  02/01/1927	        NA	        NA	      37.8	    -122.3	alongside sante fe dock oakland calif	                  oakland	
  02/01/1927	        NA	        NA	        NA	        NA	                       NA	                       NA	
  03/01/1927	        NA	        NA	      37.8	    -122.3	alongside sante fe dock oakland calif	                  oakland	
  03/01/1927	        NA	        NA	        NA	        NA	                       NA	                       NA	
  04/01/1927	        NA	        NA	      38.1	    -122.3	mare island navy yard calif	              mare island	
  04/01/1927	        NA	        NA	        NA	        NA	                       NA	                       NA	
  05/01/1927	        NA	        NA	        NA	        NA	                       NA	                       NA	
  06/01/1927	        NA	        NA	        NA	        NA	                       NA	                       NA	
  07/01/1927	        NA	        NA	      38.1	    -122.3	    mare island navy yard	              mare island	
  07/01/1927	        NA	        NA	        NA	        NA	                       NA	                       NA	
  08/01/1927	        NA	        NA	      38.1	    -122.3	    mare island navy yard	              mare island	
  08/01/1927	        NA	        NA	        NA	        NA	                       NA	                       NA	
  09/01/1927	        NA	        NA	        NA	        NA	                       NA	                       NA	
  10/01/1927	        NA	        NA	        NA	        NA	                       NA	                       NA	
  11/01/1927	        NA	        NA	      38.1	    -122.3	mare island navy yard calif	              mare island	
  11/01/1927	        NA	        NA	        NA	        NA	                       NA	                       NA	
  12/01/1927	        NA	        NA	      38.1	    -122.3	navy yard mare island calif	              mare island	
  12/01/1927	        NA	        NA	      37.8	    -122.3	            oakland calif	                  oakland	
  13/01/1927	        NA	        NA	      37.8	    -122.3	santa fe docks jackson st oakland cal	                  oakland	
  13/01/1927	        NA	        NA	        NA	        NA	                       NA	                       NA	
  17/01/1927	        NA	        NA	      37.8	    -122.3	santa fe docks oakland calif	                  oakland	
  17/01/1927	        NA	        NA	        NA	        NA	                       NA	                       NA	
  15/01/1927	        NA	        NA	      37.8	    -122.3	santa fe dock jackson st oakland calif	                  oakland	
  15/01/1927	        NA	        NA	        NA	        NA	                       NA	                       NA	
  16/01/1927	        NA	        NA	      37.8	    -122.3	santa fe dock oakland cal	                  oakland	
  16/01/1927	        NA	        NA	        NA	        NA	                       NA	                       NA	
  17/01/1927	        NA	        NA	      37.8	    -122.3	santa fe docks jackson st oakland calif	                  oakland	
  17/01/1927	        NA	        NA	        NA	        NA	                       NA	                       NA	
  18/01/1927	        NA	        NA	      37.8	    -122.3	santa fe dock oakland calif	                  oakland	
  18/01/1927	        NA	        NA	        NA	        NA	                       NA	                       NA	
  19/01/1927	        NA	        NA	      37.8	    -122.3	santa fe dock jackson st oakland calif	                  oakland	
  19/01/1927	        NA	        NA	        NA	        NA	                       NA	                       NA	
  20/01/1927	        NA	        NA	      37.8	    -122.3	santa fe dock oakland calif	                  oakland	
  20/01/1927	        NA	        NA	        NA	        NA	                       NA	                       NA	
  21/01/1927	        NA	        NA	      37.8	    -122.3	santa fe docks oakland cal	                  oakland	
  21/01/1927	        NA	        NA	        NA	        NA	                       NA	                       NA	
  22/01/1927	        NA	        NA	      37.8	    -122.3	santa fe dock oakland calif	                  oakland	
  22/01/1927	        NA	        NA	        NA	        NA	                       NA	                       NA	
  23/01/1927	        NA	        NA	      37.8	    -122.3	santa fe dock jackson st oakland calif	                  oakland	
  23/01/1927	        NA	        NA	        NA	        NA	                       NA	                       NA	
  24/01/1927	        NA	        NA	      37.8	    -122.3	alongside sante fe dock oakland calif	                  oakland	
  24/01/1927	        NA	        NA	        NA	        NA	                       NA	                       NA	
  25/01/1927	        NA	        NA	      37.8	    -122.3	alongside sante fe dock oakland calif	                  oakland	
  25/01/1927	        NA	        NA	        NA	        NA	                       NA	                       NA	
  26/01/1927	        NA	        NA	      37.8	    -122.3	alongside sante fe dock oakland calif	                  oakland	
  26/01/1927	        NA	        NA	        NA	        NA	                       NA	                       NA	
  27/01/1927	        NA	        NA	      37.8	    -122.3	alongside sante fe dock oakland calif	                  oakland	
  27/01/1927	        NA	        NA	        NA	        NA	                       NA	                       NA	
  28/01/1927	        NA	        NA	      37.8	    -122.3	            oakland calif	                  oakland	
  28/01/1927	        NA	        NA	        NA	        NA	                       NA	                       NA	
  29/01/1927	        NA	        NA	      37.8	    -122.3	alongside sante fe dock oakland calif	                  oakland	
  29/01/1927	        NA	        NA	        NA	        NA	                       NA	                       NA	
  30/01/1927	        NA	        NA	      37.8	    -122.3	alongside sante fe dock oakland calif	                  oakland	
  30/01/1927	        NA	        NA	        NA	        NA	                       NA	                       NA	
  31/01/1927	        NA	        NA	      37.8	    -122.3	alongside sante fe dock oakland calif	                  oakland	
  31/01/1927	        NA	        NA	        NA	        NA	                       NA	                       NA	
  01/02/1927	        NA	        NA	      37.8	    -122.3	alongside sante fe dock oakland calif	                  oakland	
  01/02/1927	        NA	        NA	        NA	        NA	                       NA	                       NA	
  03/02/1927	        NA	        NA	      37.8	    -122.3	alongside sante fe dock oakland calif	                  oakland	
  03/02/1927	        NA	        NA	        NA	        NA	                       NA	                       NA	
  02/02/1927	        NA	        NA	      37.8	    -122.3	alongside sante fe dock oakland calif	                  oakland	
  02/02/1927	        NA	        NA	        NA	        NA	                       NA	                       NA	
  02/02/1927	        NA	        NA	        NA	        NA	                       NA	                       NA	
  02/02/1927	        NA	        NA	        NA	        NA	                       NA	                       NA	
  04/02/1927	        NA	        NA	      37.8	    -122.3	alongside sante fe dock oakland calif	                  oakland	
  04/02/1927	        NA	        NA	        NA	        NA	                       NA	                       NA	
  05/02/1927	        NA	        NA	      37.8	    -122.3	alongside sante fe dock oakland calif	                  oakland	
  05/02/1927	        NA	        NA	        NA	        NA	                       NA	                       NA	
  06/02/1927	        NA	        NA	      37.8	    -122.3	alongside sante fe dock oakland calif	                  oakland	
  06/02/1927	        NA	        NA	        NA	        NA	                       NA	                       NA	
  07/02/1927	        NA	        NA	      37.8	    -122.3	alongside sante fe dock oakland calif	                  oakland	
  07/02/1927	        NA	        NA	        NA	        NA	                       NA	                       NA	
  08/02/1927	        NA	        NA	      37.8	    -122.3	alongside sante fe dock oakland calif	                  oakland	
  08/02/1927	        NA	        NA	        NA	        NA	                       NA	                       NA	
  09/02/1927	        NA	        NA	      37.8	    -122.3	alongside sante fe dock oakland calif	                  oakland	
  09/02/1927	        NA	        NA	        NA	        NA	                       NA	                       NA	
  10/02/1927	        NA	        NA	      37.8	    -122.3	alongside sante fe dock oakland calif	                  oakland	
  10/02/1927	        NA	        NA	        NA	        NA	                       NA	                       NA	
  11/02/1927	        NA	        NA	      37.8	    -122.3	alongside sante fe dock oakland calif	                  oakland	
  11/02/1927	        NA	        NA	        NA	        NA	                       NA	                       NA	
  12/02/1927	        NA	        NA	      37.8	    -122.3	alongside sante fe dock oakland calif	                  oakland	
  12/02/1927	        NA	        NA	        NA	        NA	                       NA	                       NA	
  13/02/1927	        NA	        NA	      37.8	    -122.3	alongside sante fe dock oakland calif	                  oakland	
  13/02/1927	        NA	        NA	        NA	        NA	                       NA	                       NA	
  14/02/1927	        NA	        NA	      37.8	    -122.3	alongside sante fe dock oakland calif	                  oakland	
  14/02/1927	        NA	        NA	        NA	        NA	                       NA	                       NA	
  15/02/1927	        NA	        NA	      37.8	    -122.3	alongside sante fe dock oakland calif	                  oakland	
  15/02/1927	        NA	        NA	        NA	        NA	                       NA	                       NA	
  15/02/1927	        NA	        NA	      37.8	    -122.3	alongside sante fe dock oakland calif	                  oakland	
  15/02/1927	        NA	        NA	        NA	        NA	                       NA	                       NA	
  16/02/1927	        NA	        NA	      37.8	    -122.3	                  oakland	                  oakland	
  16/02/1927	        NA	        NA	        NA	        NA	                       NA	                       NA	
  17/02/1927	        NA	        NA	      37.8	    -122.3	alongside sante fe dock oakland calif	                  oakland	
  17/02/1927	        NA	        NA	        NA	        NA	                       NA	                       NA	
  18/02/1927	        NA	        NA	      37.8	    -122.3	alongside sante fe dock oakland calif	                  oakland	
  18/02/1927	        NA	        NA	        NA	        NA	                       NA	                       NA	
  19/02/1927	        NA	        NA	      37.8	    -122.3	alongside sante fe dock oakland calif	                  oakland	
  19/02/1927	        NA	        NA	        NA	        NA	                       NA	                       NA	
  20/02/1927	        NA	        NA	      37.8	    -122.3	alongside sante fe dock oakland calif	                  oakland	
  20/02/1927	        NA	        NA	        NA	        NA	                       NA	                       NA	
  21/02/1927	        NA	        NA	      37.8	    -122.3	alongside sante fe dock oakland calif	                  oakland	
  21/02/1927	        NA	        NA	        NA	        NA	                       NA	                       NA	
  22/02/1927	        NA	        NA	      37.8	    -122.3	alongside sante fe dock oakland calif	                  oakland	
  22/02/1927	        NA	        NA	        NA	        NA	                       NA	                       NA	
  23/02/1927	        NA	        NA	      37.8	    -122.3	alongside sante fe dock oakland calif	                  oakland	
  23/02/1927	        NA	        NA	        NA	        NA	                       NA	                       NA	
  24/02/1927	        NA	        NA	      37.8	    -122.3	alongside sante fe dock oakland calif	                  oakland	
  24/02/1927	        NA	        NA	        NA	        NA	                       NA	                       NA	
  25/02/1927	        NA	        NA	      37.8	    -122.3	alongside sante fe dock oakland calif	                  oakland	
  25/02/1927	        NA	        NA	        NA	        NA	                       NA	                       NA	
  26/02/1927	        NA	        NA	      37.8	    -122.3	alongside sante fe dock oakland calif	                  oakland	
  26/02/1927	        NA	        NA	        NA	        NA	                       NA	                       NA	
  27/02/1927	        NA	        NA	      37.8	    -122.3	alongside sante fe dock oakland calif	                  oakland	
  27/02/1927	        NA	        NA	        NA	        NA	                       NA	                       NA	
  28/02/1927	        NA	        NA	      37.8	    -122.3	alongside sante fe dock oakland calif	                  oakland	
  28/02/1927	        NA	        NA	        NA	        NA	                       NA	                       NA	
  01/03/1927	        NA	        NA	      37.8	    -122.3	       oakland california	                  oakland	
  01/03/1927	        NA	        NA	        NA	        NA	                       NA	                       NA	
  02/03/1927	        NA	        NA	      37.8	    -122.3	alongside sante fe dock oakland calif	                  oakland	
  02/03/1927	        NA	        NA	        NA	        NA	                       NA	                       NA	
  03/03/1927	        NA	        NA	      37.8	    -122.3	alongside sante fe dock oakland calif	                  oakland	
  03/03/1927	        NA	        NA	        NA	        NA	                       NA	                       NA	
  04/03/1927	        NA	        NA	      37.8	    -122.3	alongside sante fe dock oakland calif	                  oakland	
  04/03/1927	        NA	        NA	        NA	        NA	                       NA	                       NA	
  05/03/1927	        NA	        NA	      37.8	    -122.3	alongside sante fe dock oakland calif	                  oakland	
  05/03/1927	        NA	        NA	        NA	        NA	                       NA	                       NA	
  06/03/1927	        NA	        NA	      37.8	    -122.3	alongside sante fe dock oakland calif	                  oakland	
  06/03/1927	        NA	        NA	        NA	        NA	                       NA	                       NA	
  07/03/1927	        NA	        NA	      37.8	    -122.3	alongside sante fe dock oakland calif	                  oakland	
  07/03/1927	        NA	        NA	        NA	        NA	                       NA	                       NA	
  07/03/1927	        NA	        NA	        NA	        NA	                       NA	                       NA	
  07/03/1927	        NA	        NA	        NA	        NA	                       NA	                       NA	
  08/03/1927	        NA	        NA	      37.8	    -122.3	alongside sante fe dock oakland calif	                  oakland	
  08/03/1927	        NA	        NA	        NA	        NA	                       NA	                       NA	
  09/03/1927	        NA	        NA	      37.8	    -122.3	alongside sante fe dock oakland calif	                  oakland	
  09/03/1927	        NA	        NA	        NA	        NA	                       NA	                       NA	
  10/03/1927	        NA	        NA	      37.8	    -122.3	alongside sante fe dock oakland calif	                  oakland	
  10/03/1927	        NA	        NA	        NA	        NA	                       NA	                       NA	
  11/03/1927	        NA	        NA	      37.8	    -122.3	alongside sante fe dock oakland calif	                  oakland	
  11/03/1927	        NA	        NA	        NA	        NA	                       NA	                       NA	
  12/03/1927	        NA	        NA	      37.8	    -122.3	alongside sante fe dock oakland calif	                  oakland	
  12/03/1927	        NA	        NA	        NA	        NA	                       NA	                       NA	
  13/03/1927	        NA	        NA	      37.8	    -122.3	alongside sante fe dock oakland calif	                  oakland	
  13/03/1927	        NA	        NA	        NA	        NA	                       NA	                       NA	
  14/03/1927	        NA	        NA	      37.8	    -122.3	alongside sante fe dock oakland calif	                  oakland	
  14/03/1927	        NA	        NA	        NA	        NA	                       NA	                       NA	
  15/03/1927	        NA	        NA	      37.8	    -122.3	alongside sante fe dock oakland calif	                  oakland	
  15/03/1927	        NA	        NA	        NA	        NA	                       NA	                       NA	
  16/03/1927	        NA	        NA	      37.8	    -122.3	alongside sante fe dock oakland calif	                  oakland	
  16/03/1927	        NA	        NA	        NA	        NA	                       NA	                       NA	
  17/03/1927	        NA	        NA	      37.8	    -122.3	alongside sante fe dock oakland calif	                  oakland	
  17/03/1927	        NA	        NA	        NA	        NA	                       NA	                       NA	
  18/03/1927	        NA	        NA	      37.8	    -122.3	alongside sante fe dock oakland calif	                  oakland	
  18/03/1927	        NA	        NA	        NA	        NA	                       NA	                       NA	
  19/03/1927	        NA	        NA	      37.8	    -122.3	alongside sante fe dock oakland calif	                  oakland	
  19/03/1927	        NA	        NA	        NA	        NA	                       NA	                       NA	
  20/03/1927	        NA	        NA	      37.8	    -122.3	alongside sante fe dock oakland calif	                  oakland	
  20/03/1927	        NA	        NA	        NA	        NA	                       NA	                       NA	
  21/03/1927	        NA	        NA	      37.8	    -122.3	alongside sante fe dock oakland calif	                  oakland	
  21/03/1927	        NA	        NA	        NA	        NA	                       NA	                       NA	
  22/03/1927	        NA	        NA	      37.8	    -122.3	alongside sante fe dock oakland calif	                  oakland	
  22/03/1927	        NA	        NA	        NA	        NA	                       NA	                       NA	
  23/03/1927	        NA	        NA	      37.8	    -122.3	alongside sante fe dock oakland calif	                  oakland	
  23/03/1927	        NA	        NA	        NA	        NA	                       NA	                       NA	
  24/03/1927	        NA	        NA	      37.8	    -122.3	alongside sante fe dock oakland calif	                  oakland	
  24/03/1927	        NA	        NA	        NA	        NA	                       NA	                       NA	
  25/03/1927	        NA	        NA	      37.8	    -122.3	alongside sante fe dock oakland calif	                  oakland	
  25/03/1927	        NA	        NA	        NA	        NA	                       NA	                       NA	
  26/03/1927	        NA	        NA	      37.8	    -122.3	alongside sante fe dock oakland calif	                  oakland	
  26/03/1927	        NA	        NA	        NA	        NA	                       NA	                       NA	
  27/03/1927	        NA	        NA	      37.8	    -122.3	alongside sante fe dock oakland calif	                  oakland	
  27/03/1927	        NA	        NA	        NA	        NA	                       NA	                       NA	
  28/03/1927	        NA	        NA	      37.8	    -122.3	alongside sante fe dock oakland calif	                  oakland	
  28/03/1927	        NA	        NA	        NA	        NA	                       NA	                       NA	
  29/03/1927	        NA	        NA	      37.8	    -122.3	alongside sante fe dock oakland calif	                  oakland	
  29/03/1927	        NA	        NA	        NA	        NA	                       NA	                       NA	
  30/03/1927	        NA	        NA	      37.8	    -122.3	alongside sante fe dock oakland calif	                  oakland	
  30/03/1927	        NA	        NA	        NA	        NA	                       NA	                       NA	
  31/03/1927	        NA	        NA	      37.8	    -122.3	                  oakland	                  oakland	
  31/03/1927	        NA	        NA	        NA	        NA	                       NA	                       NA	
  31/03/1927	        NA	        NA	        NA	        NA	                       NA	                       NA	
  31/03/1927	        NA	        NA	        NA	        NA	                       NA	                       NA	
  31/03/1927	        NA	        NA	        NA	        NA	                       NA	                       NA	
  31/03/1927	        NA	        NA	        NA	        NA	                       NA	                       NA	
  15/11/1927	        NA	        NA	      37.8	    -122.3	       oakland california	                  oakland	
  15/11/1927	        NA	        NA	        NA	        NA	                       NA	                       NA	
  16/11/1927	        NA	        NA	      37.8	    -122.3	alongside sante fe dock oakland calif	                  oakland	
  16/11/1927	        NA	        NA	        NA	        NA	                       NA	                       NA	
  17/11/1927	        NA	        NA	      37.8	    -122.3	alongside sante fe dock oakland calif	                  oakland	
  17/11/1927	        NA	        NA	        NA	        NA	                       NA	                       NA	
  18/11/1927	        NA	        NA	      37.8	    -122.3	alongside sante fe dock oakland calif	                  oakland	
  18/11/1927	        NA	        NA	        NA	        NA	                       NA	                       NA	
  19/11/1927	        NA	        NA	      37.8	    -122.3	alongside sante fe dock oakland calif	                  oakland	
  19/11/1927	        NA	        NA	        NA	        NA	                       NA	                       NA	
  20/11/1927	        NA	        NA	      37.8	    -122.3	alongside sante fe dock oakland calif	                  oakland	
  20/11/1927	        NA	        NA	        NA	        NA	                       NA	                       NA	
  21/11/1927	        NA	        NA	      37.8	    -122.3	alongside sante fe dock oakland calif	                  oakland	
  21/11/1927	        NA	        NA	        NA	        NA	                       NA	                       NA	
  22/11/1927	        NA	        NA	      37.8	    -122.3	alongside sante fe dock oakland calif	                  oakland	
  22/11/1927	        NA	        NA	        NA	        NA	                       NA	                       NA	
  23/11/1927	        NA	        NA	      37.8	    -122.3	alongside sante fe dock oakland calif	                  oakland	
  23/11/1927	        NA	        NA	        NA	        NA	                       NA	                       NA	
  24/11/1927	        NA	        NA	      37.8	    -122.3	       oakland california	                  oakland	
  24/11/1927	        NA	        NA	        NA	        NA	                       NA	                       NA	
  25/11/1927	        NA	        NA	      37.8	    -122.3	alongside sante fe dock oakland calif	                  oakland	
  25/11/1927	        NA	        NA	        NA	        NA	                       NA	                       NA	
  26/11/1927	        NA	        NA	      37.8	    -122.3	santa fe docks oakland calif	                  oakland	
  26/11/1927	        NA	        NA	        NA	        NA	                       NA	                       NA	
  27/11/1927	        NA	        NA	      37.8	    -122.3	santa fe docks oakland calif	                  oakland	
  27/11/1927	        NA	        NA	        NA	        NA	                       NA	                       NA	
  28/11/1927	        NA	        NA	      37.8	    -122.3	santa fe docks oakland calif	                  oakland	
  28/11/1927	        NA	        NA	        NA	        NA	                       NA	                       NA	
  29/11/1927	        NA	        NA	      37.8	    -122.3	santa fe docks oakland calif	                  oakland	
  29/11/1927	        NA	        NA	        NA	        NA	                       NA	                       NA	
  30/11/1927	        NA	        NA	      37.8	    -122.3	santa fe dock oakland calif	                  oakland	
  30/11/1927	        NA	        NA	        NA	        NA	                       NA	                       NA	
  01/12/1927	        NA	        NA	      37.8	    -122.3	santa fe docks oakland calif	                  oakland	
  01/12/1927	        NA	        NA	        NA	        NA	                       NA	                       NA	
  02/12/1927	        NA	        NA	      37.8	    -122.3	santa fe docks oakland calif	                  oakland	
  02/12/1927	        NA	        NA	        NA	        NA	                       NA	                       NA	
  03/12/1927	        NA	        NA	      37.8	    -122.3	santa fe docks oakland california	                  oakland	
  03/12/1927	        NA	        NA	        NA	        NA	                       NA	                       NA	
  04/12/1927	        NA	        NA	      37.8	    -122.3	santa fe docks oakland calif	                  oakland	
  04/12/1927	        NA	        NA	        NA	        NA	                       NA	                       NA	
  05/12/1927	        NA	        NA	      37.8	    -122.3	santa fe docks oakland calif	                  oakland	
  05/12/1927	        NA	        NA	        NA	        NA	                       NA	                       NA	
  06/12/1927	        NA	        NA	      37.8	    -122.3	santa fe docks oakland calif	                  oakland	
  06/12/1927	        NA	        NA	        NA	        NA	                       NA	                       NA	
  07/12/1927	        NA	        NA	      37.8	    -122.3	santa fe docks oakland calif	                  oakland	
  07/12/1927	        NA	        NA	        NA	        NA	                       NA	                       NA	
  08/12/1927	        NA	        NA	      37.8	    -122.3	santa fe docks oakland calif	                  oakland	
  08/12/1927	        NA	        NA	        NA	        NA	                       NA	                       NA	
  09/12/1927	        NA	        NA	      37.8	    -122.3	alongside sante fe dock oakland calif	                  oakland	
  09/12/1927	        NA	        NA	        NA	        NA	                       NA	                       NA	
  10/12/1927	        NA	        NA	      37.8	    -122.3	alongside santa fe dock oakland calif	                  oakland	
  10/12/1927	        NA	        NA	        NA	        NA	                       NA	                       NA	
  11/12/1927	        NA	        NA	      37.8	    -122.3	alongside santa fe dock oakland calif	                  oakland	
  11/12/1927	        NA	        NA	        NA	        NA	                       NA	                       NA	
  12/12/1927	        NA	        NA	      37.8	    -122.3	alongside santa fe dock oakland calif	                  oakland	
  12/12/1927	        NA	        NA	        NA	        NA	                       NA	                       NA	
  13/12/1927	        NA	        NA	      37.8	    -122.3	alongside santa fe dock oakland calif	                  oakland	
  13/12/1927	        NA	        NA	        NA	        NA	                       NA	                       NA	
  14/12/1927	        NA	        NA	      37.8	    -122.3	                  oakland	                  oakland	
  14/12/1927	        NA	        NA	        NA	        NA	                       NA	                       NA	
  15/12/1927	        NA	        NA	      37.8	    -122.3	alongside santa fe dock oakland calif	                  oakland	
  15/12/1927	        NA	        NA	        NA	        NA	                       NA	                       NA	
  16/12/1927	        NA	        NA	      37.8	    -122.3	alongside santa fe dock oakland calif	                  oakland	
  16/12/1927	        NA	        NA	        NA	        NA	                       NA	                       NA	
  17/12/1927	        NA	        NA	      37.8	    -122.3	       oakland california	                  oakland	
  17/12/1927	        NA	        NA	        NA	        NA	                       NA	                       NA	
  18/12/1927	        NA	        NA	      37.8	    -122.3	alongside santa fe dock oakland calif	                  oakland	
  18/12/1927	        NA	        NA	        NA	        NA	                       NA	                       NA	
  19/12/1927	        NA	        NA	      37.8	    -122.3	alongside santa fe dock oakland calif	                  oakland	
  19/12/1927	        NA	        NA	        NA	        NA	                       NA	                       NA	
  20/12/1927	        NA	        NA	      37.8	    -122.3	alongside santa fe dock oakland calif	                  oakland	
  20/12/1927	        NA	        NA	        NA	        NA	                       NA	                       NA	
  21/12/1927	        NA	        NA	      37.8	    -122.3	alongside santa fe dock oakland calif	                  oakland	
  21/12/1927	        NA	        NA	        NA	        NA	                       NA	                       NA	
  22/12/1927	        NA	        NA	      37.8	    -122.3	alongside santa fe dock oakland calif	                  oakland	
  22/12/1927	        NA	        NA	        NA	        NA	                       NA	                       NA	
  23/12/1927	        NA	        NA	      37.8	    -122.3	alongside santa fe dock oakland calif	                  oakland	
  23/12/1927	        NA	        NA	        NA	        NA	                       NA	                       NA	
  24/12/1927	        NA	        NA	      37.8	    -122.3	alongside santa fe dock oakland calif	                  oakland	
  24/12/1927	        NA	        NA	        NA	        NA	                       NA	                       NA	
  25/12/1927	        NA	        NA	      37.8	    -122.3	alongside santa fe dock oakland calif	                  oakland	
  25/12/1927	        NA	        NA	        NA	        NA	                       NA	                       NA	
  26/12/1927	        NA	        NA	      37.8	    -122.3	alongside santa fe dock oakland calif	                  oakland	
  26/12/1927	        NA	        NA	        NA	        NA	                       NA	                       NA	
  27/12/1927	        NA	        NA	      37.8	    -122.3	       oakland california	                  oakland	
  27/12/1927	        NA	        NA	        NA	        NA	                       NA	                       NA	
  28/12/1927	        NA	        NA	      37.8	    -122.3	alongside santa fe dock oakland calif	                  oakland	
  28/12/1927	        NA	        NA	        NA	        NA	                       NA	                       NA	
  29/12/1927	        NA	        NA	      37.8	    -122.3	alongside santa fe dock oakland calif	                  oakland	
  29/12/1927	        NA	        NA	        NA	        NA	                       NA	                       NA	
  30/12/1927	        NA	        NA	      37.8	    -122.3	alongside santa fe dock oakland calif	                  oakland	
  30/12/1927	        NA	        NA	        NA	        NA	                       NA	                       NA	
  31/12/1927	        NA	        NA	      37.8	    -122.3	alongside santa fe dock oakland calif	                  oakland	
  31/12/1927	        NA	        NA	        NA	        NA	                       NA	                       NA	
  31/12/1927	        NA	        NA	        NA	        NA	                       NA	                       NA	
  31/12/1927	        NA	        NA	        NA	        NA	                       NA	                       NA	
  31/12/1927	        NA	        NA	        NA	        NA	                       NA	                       NA	
  31/12/1927	        NA	        NA	        NA	        NA	                       NA	                       NA	
  31/12/1927	        NA	        NA	        NA	        NA	                       NA	                       NA	
  31/12/1927	        NA	        NA	        NA	        NA	                       NA	                       NA	
  31/12/1927	        NA	        NA	        NA	        NA	                       NA	                       NA	
  31/12/1927	        NA	        NA	        NA	        NA	                       NA	                       NA	
  31/12/1927	        NA	        NA	        NA	        NA	                       NA	                       NA	
  31/12/1927	        NA	        NA	        NA	        NA	                       NA	                       NA	
  31/12/1927	        NA	        NA	        NA	        NA	                       NA	                       NA	
  31/12/1927	        NA	        NA	        NA	        NA	                       NA	                       NA	
  01/10/1927	        NA	        NA	      46.2	    -123.8	pier 3 port dock astoria oregon	                  astoria	
  01/10/1927	        NA	        NA	        NA	        NA	                       NA	                       NA	
  02/10/1927	        NA	        NA	      46.2	    -123.8	pier 3 port dock astoria oregon	                  astoria	
  02/10/1927	        NA	        NA	        NA	        NA	                       NA	                       NA	
  03/10/1927	        NA	        NA	      46.2	    -123.8	pier 3 port dock astoria oregon	                  astoria	
  03/10/1927	        NA	        NA	        NA	        NA	                       NA	                       NA	
  04/10/1927	        NA	        NA	      46.2	    -123.8	pier 3 port dock astoria oregon	                  astoria	
  04/10/1927	        NA	        NA	        NA	        NA	                       NA	                       NA	
  08/10/1927	        NA	        NA	        NA	        NA	                       NA	                       NA	
  09/10/1927	        NA	        NA	      46.2	    -123.8	pier 3 port dock astoria oregon	                  astoria	
  09/10/1927	        NA	        NA	        NA	        NA	                       NA	                       NA	
  10/10/1927	        NA	        NA	      46.2	    -123.8	pier 3 port dock astoria oregon	                  astoria	
  10/10/1927	        NA	        NA	        NA	        NA	                       NA	                       NA	
  11/10/1927	        NA	        NA	      46.2	    -123.8	pier 3 port of astoria oregon	                  astoria	
  11/10/1927	        NA	        NA	        NA	        NA	                       NA	                       NA	
  12/10/1927	        NA	        NA	      46.2	    -123.8	pier 3 port dock astoria oregon	                  astoria	
  12/10/1927	        NA	        NA	        NA	        NA	                       NA	                       NA	
  15/10/1927	        NA	        NA	        NA	        NA	                       NA	                       NA	
  16/10/1927	        NA	        NA	      46.2	    -123.8	    pier 3 astoria oregon	                  astoria	
  16/10/1927	        NA	        NA	        NA	        NA	                       NA	                       NA	
  17/10/1927	        NA	        NA	      46.2	    -123.8	    pier 3 astoria oregon	                  astoria	
  17/10/1927	        NA	        NA	        NA	        NA	                       NA	                       NA	
  18/10/1927	        NA	        NA	      46.2	    -123.8	at pier 3 port of astoria oregon	                  astoria	
  18/10/1927	        NA	        NA	        NA	        NA	                       NA	                       NA	
  19/10/1927	        NA	        NA	      46.2	    -123.8	alongside pier 3 astoria ore	                  astoria	
  19/10/1927	        NA	        NA	        NA	        NA	                       NA	                       NA	
  20/10/1927	        NA	        NA	      46.2	    -123.8	    pier 3 astoria oregon	                  astoria	
  20/10/1927	        NA	        NA	        NA	        NA	                       NA	                       NA	
  21/10/1927	        NA	        NA	      46.2	    -123.8	    pier 3 astoria oregon	                  astoria	
  21/10/1927	        NA	        NA	        NA	        NA	                       NA	                       NA	
  22/10/1927	        NA	        NA	      46.2	    -123.8	    pier 3 astoria oregon	                  astoria	
  22/10/1927	        NA	        NA	        NA	        NA	                       NA	                       NA	
  23/10/1927	        NA	        NA	      46.2	    -123.8	    pier 3 astoria oregon	                  astoria	
  23/10/1927	        NA	        NA	        NA	        NA	                       NA	                       NA	
  24/10/1927	        NA	        NA	      46.2	    -123.8	    pier 3 astoria oregon	                  astoria	
  24/10/1927	        NA	        NA	        NA	        NA	                       NA	                       NA	
  25/10/1927	        NA	        NA	      46.2	    -123.8	    pier 3 astoria oregon	                  astoria	
  25/10/1927	        NA	        NA	        NA	        NA	                       NA	                       NA	
  26/10/1927	        NA	        NA	      46.2	    -123.8	    pier 3 astoria oregon	                  astoria	
  26/10/1927	        NA	        NA	        NA	        NA	                       NA	                       NA	
  27/10/1927	        NA	        NA	      46.2	    -123.8	    pier 3 astoria oregon	                  astoria	
  27/10/1927	        NA	        NA	        NA	        NA	                       NA	                       NA	
  28/10/1927	        NA	        NA	      46.2	    -123.8	    pier 3 astoria oregon	                  astoria	
  28/10/1927	        NA	        NA	        NA	        NA	                       NA	                       NA	
  29/10/1927	        NA	        NA	      46.2	    -123.8	    pier 3 astoria oregon	                  astoria	
  29/10/1927	        NA	        NA	        NA	        NA	                       NA	                       NA	
  30/10/1927	        NA	        NA	      46.2	    -123.8	    pier 3 astoria oregon	                  astoria	
  30/10/1927	        NA	        NA	        NA	        NA	                       NA	                       NA	
  31/10/1927	        NA	        NA	      46.2	    -123.8	    pier 3 astoria oregon	                  astoria	
  31/10/1927	        NA	        NA	        NA	        NA	                       NA	                       NA	
  01/11/1927	        NA	        NA	      46.2	    -123.8	    pier 3 astoria oregon	                  astoria	
  01/11/1927	        NA	        NA	        NA	        NA	                       NA	                       NA	
  02/11/1927	        NA	        NA	      46.2	    -123.8	    pier 3 astoria oregon	                  astoria	
  02/11/1927	        NA	        NA	        NA	        NA	                       NA	                       NA	
  03/11/1927	   40 53 N	  124 20 W	      37.8	    -122.4	at sea underway from san francisco cal to seattle 	        [Fudged from 1923]	
  03/11/1927	        NA	        NA	        NA	        NA	                       NA	                       NA	
  04/11/1927	        NA	        NA	      37.8	    -122.3	                  oakland	                  oakland	
  04/11/1927	        NA	        NA	        NA	        NA	                       NA	                       NA	
  05/11/1927	        NA	        NA	      37.8	    -122.3	alongside santa fe dock oakland calif	                  oakland	
  05/11/1927	        NA	        NA	        NA	        NA	                       NA	                       NA	
  06/11/1927	        NA	        NA	      37.8	    -122.3	alongside santa fe dock jackson street oakland calif	                  oakland	
  06/11/1927	        NA	        NA	        NA	        NA	                       NA	                       NA	
  07/11/1927	        NA	        NA	      37.8	    -122.3	alongside santa fe dock oakland calif	                  oakland	
  07/11/1927	        NA	        NA	        NA	        NA	                       NA	                       NA	
  08/11/1927	        NA	        NA	      37.8	    -122.3	alongside santa fe dock oakland calif	                  oakland	
  08/11/1927	        NA	        NA	        NA	        NA	                       NA	                       NA	
  09/11/1927	        NA	        NA	      37.8	    -122.3	santa fe dock oakland calif	                  oakland	
  09/11/1927	        NA	        NA	        NA	        NA	                       NA	                       NA	
  10/11/1927	        NA	        NA	      37.8	    -122.3	santa fe dock oakland calif	                  oakland	
  10/11/1927	        NA	        NA	        NA	        NA	                       NA	                       NA	
  11/11/1927	        NA	        NA	      37.8	    -122.3	santa fe dock oakland calif	                  oakland	
  11/11/1927	        NA	        NA	        NA	        NA	                       NA	                       NA	
  12/11/1927	        NA	        NA	      37.8	    -122.3	santa fe dock oakland calif	                  oakland	
  12/11/1927	        NA	        NA	        NA	        NA	                       NA	                       NA	
  13/11/1927	        NA	        NA	      37.8	    -122.3	santa fe dock oakland calif	                  oakland	
  13/11/1927	        NA	        NA	        NA	        NA	                       NA	                       NA	
  14/11/1927	        NA	        NA	      37.8	    -122.3	santa fe dock oakland calif	                  oakland	
  14/11/1927	        NA	        NA	        NA	        NA	                       NA	                       NA	
  14/11/1927	        NA	        NA	        NA	        NA	                       NA	                       NA	
  14/11/1927	        NA	        NA	        NA	        NA	                       NA	                       NA	
  14/11/1927	        NA	        NA	        NA	        NA	                       NA	                       NA	
  14/11/1927	        NA	        NA	        NA	        NA	                       NA	                       NA	
  14/11/1927	        NA	        NA	        NA	        NA	                       NA	                       NA	
  14/11/1927	        NA	        NA	        NA	        NA	                       NA	                       NA	
  14/11/1927	        NA	        NA	        NA	        NA	                       NA	                       NA	
  14/11/1927	        NA	        NA	        NA	        NA	                       NA	                       NA	
