  01/01/1929	        NA	        NA	      37.8	    -122.3	santa fe docks oakland calif	                  oakland	
  01/01/1929	        NA	        NA	        NA	        NA	                       NA	                       NA	
  01/01/1929	        NA	        NA	        NA	        NA	                       NA	                       NA	
  01/01/1929	        NA	        NA	        NA	        NA	                       NA	                       NA	
  01/01/1929	        NA	        NA	        NA	        NA	                       NA	                       NA	
  01/01/1929	        NA	        NA	        NA	        NA	                       NA	                       NA	
  02/01/1929	        NA	        NA	      37.8	    -122.3	santa fe docks oakland calif	                  oakland	
  02/01/1929	        NA	        NA	        NA	        NA	                       NA	                       NA	
  03/01/1929	        NA	        NA	      37.8	    -122.3	santa fe docks oakland calif	                  oakland	
  04/01/1929	        NA	        NA	      37.8	    -122.3	santa fe docks oakland calif	                  oakland	
  04/01/1929	        NA	        NA	        NA	        NA	                       NA	                       NA	
  05/01/1929	        NA	        NA	      37.8	    -122.3	santa fe docks oakland calif	                  oakland	
  05/01/1929	        NA	        NA	        NA	        NA	                       NA	                       NA	
  06/01/1929	        NA	        NA	      37.8	    -122.3	santa fe docks oakland calif	                  oakland	
  06/01/1929	        NA	        NA	        NA	        NA	                       NA	                       NA	
  07/01/1929	        NA	        NA	      37.8	    -122.3	santa fe docks oakland calif	                  oakland	
  07/01/1929	        NA	        NA	        NA	        NA	                       NA	                       NA	
  08/01/1929	        NA	        NA	      37.8	    -122.3	santa fe docks oakland calif	                  oakland	
  08/01/1929	        NA	        NA	        NA	        NA	                       NA	                       NA	
  08/01/1929	        NA	        NA	      37.8	    -122.3	santa fe docks oakland calif	                  oakland	
  08/01/1929	        NA	        NA	        NA	        NA	                       NA	                       NA	
  09/01/1929	        NA	        NA	      37.8	    -122.3	santa fe docks oakland calif	                  oakland	
  09/01/1929	        NA	        NA	        NA	        NA	                       NA	                       NA	
  10/01/1929	        NA	        NA	      37.8	    -122.3	santa fe docks oakland calif	                  oakland	
  10/01/1929	        NA	        NA	        NA	        NA	                       NA	                       NA	
  10/01/1929	        NA	        NA	      37.8	    -122.3	santa fe docks oakland calif	                  oakland	
  10/01/1929	        NA	        NA	        NA	        NA	                       NA	                       NA	
  11/01/1929	        NA	        NA	      37.8	    -122.3	santa fe docks oakland calif	                  oakland	
  11/01/1929	        NA	        NA	        NA	        NA	                       NA	                       NA	
  12/01/1929	        NA	        NA	      37.8	    -122.3	santa fe docks oakland calif	                  oakland	
  12/01/1929	        NA	        NA	        NA	        NA	                       NA	                       NA	
  13/01/1929	        NA	        NA	      37.8	    -122.3	santa fe docks oakland calif	                  oakland	
  13/01/1929	        NA	        NA	        NA	        NA	                       NA	                       NA	
  14/01/1929	        NA	        NA	      37.8	    -122.3	santa fe docks oakland calif	                  oakland	
  14/01/1929	        NA	        NA	        NA	        NA	                       NA	                       NA	
  15/01/1929	        NA	        NA	      37.8	    -122.3	santa fe docks oakland calif	                  oakland	
  15/01/1929	        NA	        NA	        NA	        NA	                       NA	                       NA	
  16/01/1929	        NA	        NA	      37.8	    -122.3	santa fe docks oakland calif	                  oakland	
  16/01/1929	        NA	        NA	        NA	        NA	                       NA	                       NA	
  17/01/1929	        NA	        NA	      37.8	    -122.3	santa fe docks oakland calif	                  oakland	
  17/01/1929	        NA	        NA	        NA	        NA	                       NA	                       NA	
  18/01/1929	        NA	        NA	      37.8	    -122.3	santa fe docks oakland calif	                  oakland	
  18/01/1929	        NA	        NA	        NA	        NA	                       NA	                       NA	
  19/01/1929	        NA	        NA	      37.8	    -122.3	santa fe docks oakland calif	                  oakland	
  19/01/1929	        NA	        NA	        NA	        NA	                       NA	                       NA	
  20/01/1929	        NA	        NA	      37.8	    -122.3	santa fe docks oakland calif	                  oakland	
  20/01/1929	        NA	        NA	        NA	        NA	                       NA	                       NA	
  21/01/1929	        NA	        NA	      37.8	    -122.3	santa fe docks oakland calif	                  oakland	
  21/01/1929	        NA	        NA	        NA	        NA	                       NA	                       NA	
  22/01/1929	        NA	        NA	      37.8	    -122.3	santa fe docks oakland calif	                  oakland	
  22/01/1929	        NA	        NA	        NA	        NA	                       NA	                       NA	
  23/01/1929	        NA	        NA	      37.8	    -122.3	santa fe docks oakland calif	                  oakland	
  23/01/1929	        NA	        NA	        NA	        NA	                       NA	                       NA	
  24/01/1929	        NA	        NA	      37.8	    -122.3	santa fe docks oakland calif	                  oakland	
  24/01/1929	        NA	        NA	        NA	        NA	                       NA	                       NA	
  25/01/1929	        NA	        NA	      37.8	    -122.3	santa fe docks oakland calif	                  oakland	
  25/01/1929	        NA	        NA	        NA	        NA	                       NA	                       NA	
  26/01/1929	        NA	        NA	      37.8	    -122.3	santa fe docks oakland calif	                  oakland	
  26/01/1929	        NA	        NA	        NA	        NA	                       NA	                       NA	
  27/01/1929	        NA	        NA	      37.8	    -122.3	santa fe docks oakland calif	                  oakland	
  27/01/1929	        NA	        NA	        NA	        NA	                       NA	                       NA	
  28/01/1929	        NA	        NA	      37.8	    -122.3	santa fe docks oakland calif	                  oakland	
  28/01/1929	        NA	        NA	        NA	        NA	                       NA	                       NA	
  29/01/1929	        NA	        NA	      37.8	    -122.3	santa fe docks oakland calif	                  oakland	
  29/01/1929	        NA	        NA	        NA	        NA	                       NA	                       NA	
  30/01/1929	        NA	        NA	      37.8	    -122.3	santa fe docks oakland calif	                  oakland	
  30/01/1929	        NA	        NA	        NA	        NA	                       NA	                       NA	
  31/01/1929	        NA	        NA	      37.8	    -122.3	santa fe docks oakland calif	                  oakland	
  31/01/1929	        NA	        NA	        NA	        NA	                       NA	                       NA	
  01/02/1929	        NA	        NA	      37.8	    -122.3	santa fe docks oakland calif	                  oakland	
  01/02/1929	        NA	        NA	        NA	        NA	                       NA	                       NA	
  02/02/1929	        NA	        NA	      37.8	    -122.3	santa fe docks oakland calif	                  oakland	
  02/02/1929	        NA	        NA	        NA	        NA	                       NA	                       NA	
  03/02/1929	        NA	        NA	      37.8	    -122.3	santa fe docks oakland calif	                  oakland	
  03/02/1929	        NA	        NA	        NA	        NA	                       NA	                       NA	
  04/02/1929	        NA	        NA	      37.8	    -122.3	santa fe docks oakland calif	                  oakland	
  05/02/1929	        NA	        NA	      37.8	    -122.3	santa fe docks oakland calif	                  oakland	
  05/02/1929	        NA	        NA	        NA	        NA	                       NA	                       NA	
  06/02/1929	        NA	        NA	      37.8	    -122.3	santa fe docks oakland calif	                  oakland	
  06/02/1929	        NA	        NA	        NA	        NA	                       NA	                       NA	
  07/02/1929	        NA	        NA	      37.8	    -122.3	santa fe docks oakland calif	                  oakland	
  07/02/1929	        NA	        NA	        NA	        NA	                       NA	                       NA	
  08/02/1929	        NA	        NA	      37.8	    -122.3	santa fe rr dock oakland calif	                  oakland	
  08/02/1929	        NA	        NA	        NA	        NA	                       NA	                       NA	
  09/02/1929	        NA	        NA	      37.8	    -122.3	santa fe docks oakland calif	                  oakland	
  09/02/1929	        NA	        NA	        NA	        NA	                       NA	                       NA	
  10/02/1929	        NA	        NA	      37.8	    -122.3	santa fe docks oakland calif	                  oakland	
  10/02/1929	        NA	        NA	        NA	        NA	                       NA	                       NA	
  11/02/1929	        NA	        NA	      37.8	    -122.3	santa fe docks oakland calif	                  oakland	
  11/02/1929	        NA	        NA	        NA	        NA	                       NA	                       NA	
  12/02/1929	        NA	        NA	      37.8	    -122.3	santa fe docks jackson street oakland calif	                  oakland	
  12/06/1929	        NA	        NA	        NA	        NA	                       NA	                       NA	
  13/02/1929	        NA	        NA	      37.8	    -122.3	santa fe docks oakland california	                  oakland	
  13/02/1929	        NA	        NA	        NA	        NA	                       NA	                       NA	
  14/02/1929	        NA	        NA	      37.8	    -122.3	santa fe dock oakland california	                  oakland	
  14/02/1929	        NA	        NA	        NA	        NA	                       NA	                       NA	
  15/02/1929	        NA	        NA	      37.8	    -122.3	santa fe dock oakland california	                  oakland	
  15/02/1929	        NA	        NA	        NA	        NA	                       NA	                       NA	
  16/02/1929	        NA	        NA	      37.8	    -122.3	santa fe dock oakland california	                  oakland	
  16/02/1929	        NA	        NA	        NA	        NA	                       NA	                       NA	
  17/02/1929	        NA	        NA	      37.8	    -122.3	santa fe dock oakland california	                  oakland	
  17/02/1929	        NA	        NA	        NA	        NA	                       NA	                       NA	
  18/02/1929	        NA	        NA	      37.8	    -122.3	santa fe dock oakland calif	                  oakland	
  18/02/1929	        NA	        NA	        NA	        NA	                       NA	                       NA	
  19/02/1929	        NA	        NA	      37.8	    -122.3	santa fe dock oakland calif	                  oakland	
  19/02/1929	        NA	        NA	        NA	        NA	                       NA	                       NA	
  20/02/1929	        NA	        NA	      37.8	    -122.3	santa fe dock jackson st oakland calif	                  oakland	
  20/02/1929	        NA	        NA	        NA	        NA	                       NA	                       NA	
  21/02/1929	        NA	        NA	      37.8	    -122.3	santa fe dock oakland california	                  oakland	
  21/02/1929	        NA	        NA	        NA	        NA	                       NA	                       NA	
  22/02/1929	        NA	        NA	      37.8	    -122.3	santa fe dock jackson st oakland calif	                  oakland	
  22/09/1929	        NA	        NA	        NA	        NA	                       NA	                       NA	
  23/02/1929	        NA	        NA	      37.8	    -122.3	santa fe dock oakland calif	                  oakland	
  23/02/1929	        NA	        NA	        NA	        NA	                       NA	                       NA	
  24/02/1929	        NA	        NA	      37.8	    -122.3	santa fe docks oakland california	                  oakland	
  24/02/1929	        NA	        NA	        NA	        NA	                       NA	                       NA	
  25/02/1929	        NA	        NA	      37.8	    -122.3	santa fe dock oakland calif	                  oakland	
  25/02/1929	        NA	        NA	        NA	        NA	                       NA	                       NA	
  26/02/1929	        NA	        NA	      37.8	    -122.3	santa fe docks oakland calif	                  oakland	
  26/02/1929	        NA	        NA	        NA	        NA	                       NA	                       NA	
  27/02/1929	        NA	        NA	      37.8	    -122.3	santa fe docks oakland calif	                  oakland	
  27/02/1929	        NA	        NA	        NA	        NA	                       NA	                       NA	
  28/02/1929	        NA	        NA	      37.8	    -122.3	santa fe docks oakland calif	                  oakland	
  28/02/1929	        NA	        NA	        NA	        NA	                       NA	                       NA	
  01/03/1929	        NA	        NA	      37.8	    -122.3	santa fe docks oakland calif	                  oakland	
  01/03/1929	        NA	        NA	        NA	        NA	                       NA	                       NA	
  02/03/1929	        NA	        NA	      37.8	    -122.3	santa fe docks oakland calif	                  oakland	
  02/03/1929	        NA	        NA	        NA	        NA	                       NA	                       NA	
  03/03/1929	        NA	        NA	      37.8	    -122.3	santa fe dock oakland calif	                  oakland	
  03/03/1929	        NA	        NA	        NA	        NA	                       NA	                       NA	
  04/03/1929	        NA	        NA	      37.8	    -122.3	santa fe docks oakland calif	                  oakland	
  04/03/1929	        NA	        NA	        NA	        NA	                       NA	                       NA	
  05/03/1929	        NA	        NA	      37.8	    -122.3	santa fe docks oakland calif	                  oakland	
  05/03/1929	        NA	        NA	        NA	        NA	                       NA	                       NA	
  06/03/1929	        NA	        NA	      37.8	    -122.3	santa fe docks oakland calif	                  oakland	
  06/03/1929	        NA	        NA	        NA	        NA	                       NA	                       NA	
  07/03/1929	        NA	        NA	      37.8	    -122.3	santa fe docks oakland calif	                  oakland	
  07/03/1929	        NA	        NA	        NA	        NA	                       NA	                       NA	
  08/03/1929	        NA	        NA	      37.8	    -122.3	santa fe docks oakland calif	                  oakland	
  08/04/1929	        NA	        NA	        NA	        NA	                       NA	                       NA	
  09/03/1929	        NA	        NA	      37.8	    -122.3	santa fe docks oakland calif	                  oakland	
  09/03/1929	        NA	        NA	        NA	        NA	                       NA	                       NA	
  10/03/1929	        NA	        NA	      37.8	    -122.3	                  oakland	                  oakland	
  10/03/1929	        NA	        NA	        NA	        NA	                       NA	                       NA	
  11/03/1929	        NA	        NA	      37.8	    -122.3	santa fe docks oakland calif	                  oakland	
  11/03/1929	        NA	        NA	        NA	        NA	                       NA	                       NA	
  12/03/1929	        NA	        NA	      37.8	    -122.3	                  oakland	                  oakland	
  12/03/1929	        NA	        NA	        NA	        NA	                       NA	                       NA	
  13/03/1929	        NA	        NA	      37.8	    -122.3	santa fe docks oakland calif	                  oakland	
  13/03/1929	        NA	        NA	        NA	        NA	                       NA	                       NA	
  14/03/1929	        NA	        NA	      37.8	    -122.3	santa fe docks oakland calif	                  oakland	
  14/03/1929	        NA	        NA	        NA	        NA	                       NA	                       NA	
  15/03/1929	        NA	        NA	      37.8	    -122.3	santa fe docks oakland calif	                  oakland	
  15/03/1929	        NA	        NA	        NA	        NA	                       NA	                       NA	
  16/03/1929	        NA	        NA	      37.8	    -122.3	santa fe docks oakland calif	                  oakland	
  16/03/1929	        NA	        NA	        NA	        NA	                       NA	                       NA	
  17/03/1929	        NA	        NA	      37.8	    -122.3	santa fe docks oakland calif	                  oakland	
  17/03/1929	        NA	        NA	        NA	        NA	                       NA	                       NA	
  18/03/1929	        NA	        NA	      37.8	    -122.3	santa fe docks oakland calif	                  oakland	
  18/03/1929	        NA	        NA	        NA	        NA	                       NA	                       NA	
  19/03/1929	        NA	        NA	      37.8	    -122.3	santa fe docks oakland calif	                  oakland	
  19/03/1929	        NA	        NA	        NA	        NA	                       NA	                       NA	
  20/03/1929	        NA	        NA	      37.8	    -122.3	santa fe docks oakland calif	                  oakland	
  20/03/1929	        NA	        NA	        NA	        NA	                       NA	                       NA	
  21/03/1929	        NA	        NA	      37.8	    -122.3	santa fe docks oakland calif	                  oakland	
  21/03/1929	        NA	        NA	        NA	        NA	                       NA	                       NA	
  22/03/1929	        NA	        NA	      37.8	    -122.3	santa fe dock oakland calif	                  oakland	
  22/03/1929	        NA	        NA	        NA	        NA	                       NA	                       NA	
  23/03/1929	        NA	        NA	      37.8	    -122.3	santa fe dock oakland calif	                  oakland	
  23/03/1929	        NA	        NA	        NA	        NA	                       NA	                       NA	
  24/03/1929	        NA	        NA	      37.8	    -122.3	alongside dock general company oakland cal	                  oakland	
  24/03/1929	        NA	        NA	        NA	        NA	                       NA	                       NA	
  25/03/1929	        NA	        NA	      37.8	    -122.3	alongside general engineering dock oakland cal	                  oakland	
  25/03/1929	        NA	        NA	        NA	        NA	                       NA	                       NA	
  26/03/1929	        NA	        NA	      37.8	    -122.3	alongside general engineering dock oakland cal	                  oakland	
  26/03/1929	        NA	        NA	        NA	        NA	                       NA	                       NA	
  27/03/1929	        NA	        NA	      37.8	    -122.3	       oakland california	                  oakland	
  27/03/1929	        NA	        NA	        NA	        NA	                       NA	                       NA	
  28/03/1929	        NA	        NA	      37.8	    -122.3	alongside general engineering dock oakland cal	                  oakland	
  28/03/1929	        NA	        NA	        NA	        NA	                       NA	                       NA	
  29/03/1929	        NA	        NA	      37.8	    -122.3	alongside general engineering dock oakland cal	                  oakland	
  29/03/1929	        NA	        NA	        NA	        NA	                       NA	                       NA	
  30/03/1929	        NA	        NA	      37.8	    -122.3	       oakland california	                  oakland	
  30/03/1929	        NA	        NA	        NA	        NA	                       NA	                       NA	
  31/03/1929	        NA	        NA	      37.8	    -122.3	alongside general engineering  dry dock oakland cal	                  oakland	
  31/03/1929	        NA	        NA	        NA	        NA	                       NA	                       NA	
  31/03/1929	        NA	        NA	        NA	        NA	                       NA	                       NA	
  31/03/1929	        NA	        NA	        NA	        NA	                       NA	                       NA	
  31/03/1929	        NA	        NA	        NA	        NA	                       NA	                       NA	
  31/03/1929	        NA	        NA	        NA	        NA	                       NA	                       NA	
  31/03/1929	        NA	        NA	        NA	        NA	                       NA	                       NA	
  31/03/1929	        NA	        NA	        NA	        NA	                       NA	                       NA	
  31/03/1929	        NA	        NA	        NA	        NA	                       NA	                       NA	
  31/03/1929	        NA	        NA	        NA	        NA	                       NA	                       NA	
  31/03/1929	        NA	        NA	        NA	        NA	                       NA	                       NA	
  31/03/1929	        NA	        NA	        NA	        NA	                       NA	                       NA	
  31/03/1929	        NA	        NA	        NA	        NA	                       NA	                       NA	
  31/03/1929	        NA	        NA	        NA	        NA	                       NA	                       NA	
  31/03/1929	        NA	        NA	        NA	        NA	                       NA	                       NA	
  31/03/1929	        NA	        NA	        NA	        NA	                       NA	                       NA	
  31/03/1929	        NA	        NA	        NA	        NA	                       NA	                       NA	
  31/03/1929	        NA	        NA	        NA	        NA	                       NA	                       NA	
  31/03/1929	        NA	        NA	        NA	        NA	                       NA	                       NA	
  31/03/1929	        NA	        NA	        NA	        NA	                       NA	                       NA	
  08/04/1929	        NA	        NA	        NA	        NA	                       NA	                       NA	
  01/04/1929	        NA	        NA	      37.8	    -122.3	general engineering and dd co oakland california	                  oakland	
  01/04/1929	        NA	        NA	        NA	        NA	                       NA	                       NA	
  02/04/1929	        NA	        NA	      37.8	    -122.3	general engineering and dd co oakland calif	                  oakland	
  02/04/1929	        NA	        NA	        NA	        NA	                       NA	                       NA	
  03/04/1929	        NA	        NA	      37.8	    -122.3	general engineering and dry dock co oakland california	                  oakland	
  03/04/1929	        NA	        NA	        NA	        NA	                       NA	                       NA	
  04/04/1929	        NA	        NA	      37.8	    -122.3	general engineering dock oakland cal	                  oakland	
  04/04/1929	        NA	        NA	        NA	        NA	                       NA	                       NA	
  05/04/1929	        NA	        NA	      37.8	    -122.3	general engineering dock oakland california	                  oakland	
  05/04/1929	        NA	        NA	        NA	        NA	                       NA	                       NA	
  06/04/1929	        NA	        NA	      37.8	    -122.3	general engineering dock oakland calif	                  oakland	
  06/04/1929	        NA	        NA	        NA	        NA	                       NA	                       NA	
  07/04/1929	        NA	        NA	      37.8	    -122.3	       oakland california	                  oakland	
  07/04/1929	        NA	        NA	        NA	        NA	                       NA	                       NA	
  08/04/1929	        NA	        NA	      37.8	    -122.3	general engineering dock oakland cal	                  oakland	
  08/04/1929	        NA	        NA	        NA	        NA	                       NA	                       NA	
  09/04/1929	        NA	        NA	      37.8	    -122.3	gen eng  dry dock co wharf oakland calif	                  oakland	
  09/04/1929	        NA	        NA	        NA	        NA	                       NA	                       NA	
  10/04/1929	        NA	        NA	      37.8	    -122.3	alongside general engineering  dry dock co wharf oakland cal	                  oakland	
  10/04/1929	        NA	        NA	        NA	        NA	                       NA	                       NA	
  11/04/1929	        NA	        NA	      37.8	    -122.3	alongside general engineering company oakland cal	                  oakland	
  11/04/1929	        NA	        NA	        NA	        NA	                       NA	                       NA	
  12/04/1929	        NA	        NA	      37.8	    -122.3	alongside general engineering dock oakland cal	                  oakland	
  12/04/1929	        NA	        NA	        NA	        NA	                       NA	                       NA	
  13/04/1929	        NA	        NA	      37.8	    -122.3	alongside general engineering dock oakland cal	                  oakland	
  13/04/1929	        NA	        NA	        NA	        NA	                       NA	                       NA	
  14/04/1929	        NA	        NA	      37.8	    -122.3	alongside general engineering dock oakland cal	                  oakland	
  14/04/1929	        NA	        NA	        NA	        NA	                       NA	                       NA	
  15/04/1929	        NA	        NA	      37.8	    -122.3	alongside general engineering dock oakland cal	                  oakland	
  15/04/1929	        NA	        NA	        NA	        NA	                       NA	                       NA	
  16/04/1929	        NA	        NA	      37.8	    -122.3	alongside general engineering  dry dock oakland cal	                  oakland	
  16/04/1929	        NA	        NA	        NA	        NA	                       NA	                       NA	
  17/04/1929	        NA	        NA	        NA	        NA	                       NA	                       NA	
  18/04/1929	        NA	        NA	      37.8	    -122.3	alongside general engineering dock oakland cal	                  oakland	
  18/04/1929	        NA	        NA	        NA	        NA	                       NA	                       NA	
  19/04/1929	        NA	        NA	        NA	        NA	                       NA	                       NA	
  20/04/1929	        NA	        NA	      37.8	    -122.3	alongside general engineering dock oakland cal	                  oakland	
  20/04/1929	        NA	        NA	        NA	        NA	                       NA	                       NA	
  21/04/1929	        NA	        NA	      37.8	    -122.3	alongside general engineering dock oakland cal	                  oakland	
  21/04/1929	        NA	        NA	        NA	        NA	                       NA	                       NA	
  22/04/1929	        NA	        NA	      37.8	    -122.3	alongside general engineering dock oakland cal	                  oakland	
  22/04/1929	        NA	        NA	        NA	        NA	                       NA	                       NA	
  23/04/1929	        NA	        NA	      37.8	    -122.3	alongside general engineering dock oakland cal	                  oakland	
  23/04/1929	        NA	        NA	        NA	        NA	                       NA	                       NA	
  24/04/1929	        NA	        NA	      37.8	    -122.3	            oakland calif	                  oakland	
  24/04/1929	        NA	        NA	        NA	        NA	                       NA	                       NA	
  25/04/1929	        NA	        NA	      37.8	    -122.3	       oakland california	                  oakland	
  25/04/1929	        NA	        NA	        NA	        NA	                       NA	                       NA	
  26/04/1929	        NA	        NA	      37.8	    -122.3	alongside general engineering dock oakland cal	                  oakland	
  26/04/1929	        NA	        NA	        NA	        NA	                       NA	                       NA	
  27/04/1929	        NA	        NA	      37.8	    -122.3	santa fe docks oakland calif	                  oakland	
  27/04/1929	        NA	        NA	        NA	        NA	                       NA	                       NA	
  28/04/1929	        NA	        NA	      37.8	    -122.3	santa fe docks oakland calif	                  oakland	
  28/04/1929	        NA	        NA	        NA	        NA	                       NA	                       NA	
  29/04/1929	        NA	        NA	      37.8	    -122.3	santa fe docks oakland calif	                  oakland	
  29/04/1929	        NA	        NA	        NA	        NA	                       NA	                       NA	
  30/04/1929	        NA	        NA	      37.8	    -122.3	santa fe docks oakland calif	                  oakland	
  30/04/1929	        NA	        NA	        NA	        NA	                       NA	                       NA	
  01/05/1929	        NA	        NA	      37.8	    -122.3	santa fe docks oakland calif	                  oakland	
  01/05/1929	        NA	        NA	        NA	        NA	                       NA	                       NA	
  02/05/1929	        NA	        NA	      37.8	    -122.3	santa fe docks oakland calif	                  oakland	
  02/05/1929	        NA	        NA	        NA	        NA	                       NA	                       NA	
  03/05/1929	        NA	        NA	      37.8	    -122.3	santa fe docks oakland calif	                  oakland	
  03/05/1929	        NA	        NA	        NA	        NA	                       NA	                       NA	
  04/05/1929	        NA	        NA	      37.8	    -122.3	santa fe docks oakland calif	                  oakland	
  04/05/1929	        NA	        NA	        NA	        NA	                       NA	                       NA	
  05/05/1929	        NA	        NA	      37.8	    -122.3	santa fe docks oakland calif	                  oakland	
  05/05/1929	        NA	        NA	        NA	        NA	                       NA	                       NA	
  06/05/1929	        NA	        NA	      37.8	    -122.3	santa fe docks oakland calif underway  estuary san francisco bay  pacific ocean to anchorage in drakes bay	                  oakland	
  05/05/1929	        NA	        NA	        NA	        NA	                       NA	                       NA	
  07/05/1929	        NA	        NA	        NA	        NA	                       NA	                       NA	
  09/05/1929	        NA	        NA	        NA	        NA	                       NA	                       NA	
  10/05/1929	        NA	        NA	      37.8	    -122.3	santa fe docks oakland calif	                  oakland	
  10/05/1929	        NA	        NA	        NA	        NA	                       NA	                       NA	
  11/05/1929	        NA	        NA	      37.8	    -122.3	santa fe docks oakland calif	                  oakland	
  10/05/1929	        NA	        NA	        NA	        NA	                       NA	                       NA	
  12/05/1929	        NA	        NA	      37.8	    -122.3	santa fe docks oakland calif	                  oakland	
  12/05/1929	        NA	        NA	        NA	        NA	                       NA	                       NA	
  13/05/1929	        NA	        NA	      37.8	    -122.3	alongside santa fe docks oakland calif  underway thru san francisco bay and pacific ocean to anchorage in drakes bay	                  oakland	
  13/05/1929	        NA	        NA	        NA	        NA	                       NA	                       NA	
  17/05/1929	        NA	        NA	        NA	        NA	                       NA	                       NA	
  18/05/1929	        NA	        NA	      37.8	    -122.3	santa fe docks oakland calif	                  oakland	
  18/05/1929	        NA	        NA	        NA	        NA	                       NA	                       NA	
  19/05/1929	        NA	        NA	      37.8	    -122.3	santa fe docks oakland calif	                  oakland	
  19/05/1929	        NA	        NA	        NA	        NA	                       NA	                       NA	
  20/05/1929	        NA	        NA	      37.8	    -122.3	alongside santa fe docks at oakland and later underway to working grounds	                  oakland	
  20/05/1929	        NA	        NA	        NA	        NA	                       NA	                       NA	
  24/05/1929	        NA	        NA	        NA	        NA	                       NA	                       NA	
  25/05/1929	        NA	        NA	      37.8	    -122.3	santa fe dock oakland california	                  oakland	
  25/05/1929	        NA	        NA	        NA	        NA	                       NA	                       NA	
  26/05/1929	        NA	        NA	      37.8	    -122.3	santa fe dock oakland calif	                  oakland	
  26/05/1929	        NA	        NA	        NA	        NA	                       NA	                       NA	
  27/05/1929	        NA	        NA	      37.8	    -122.3	santa fe dock oakland california	                  oakland	
  27/05/1929	        NA	        NA	        NA	        NA	                       NA	                       NA	
  28/05/1929	        NA	        NA	      37.8	    -122.3	santa fe docks oakland california	                  oakland	
  28/05/1929	        NA	        NA	        NA	        NA	                       NA	                       NA	
  29/05/1929	        NA	        NA	      37.8	    -122.3	santa fe dock oakland calif	                  oakland	
  29/05/1929	        NA	        NA	        NA	        NA	                       NA	                       NA	
  30/05/1929	        NA	        NA	      37.8	    -122.3	santa fe dock oakland cal	                  oakland	
  30/05/1929	        NA	        NA	        NA	        NA	                       NA	                       NA	
  31/05/1929	        NA	        NA	      37.8	    -122.3	santa fe dock jackson st oakland calif	                  oakland	
  31/05/1929	        NA	        NA	        NA	        NA	                       NA	                       NA	
  01/06/1929	        NA	        NA	      37.8	    -122.3	santa fe dock oakland california	                  oakland	
  01/06/1929	        NA	        NA	        NA	        NA	                       NA	                       NA	
  02/06/1929	        NA	        NA	      37.8	    -122.3	santa fe dock oakland calif	                  oakland	
  02/06/1929	        NA	        NA	        NA	        NA	                       NA	                       NA	
  03/06/1929	        NA	        NA	      37.8	    -122.3	santa fe docks oakland calif	                  oakland	
  03/06/1929	        NA	        NA	        NA	        NA	                       NA	                       NA	
  05/06/1929	        NA	        NA	        NA	        NA	                       NA	                       NA	
  06/06/1929	        NA	        NA	      38.1	    -122.3	alongside usn docks mare island calif  underway  san francisco bay to santa fe docks oakland calif	              mare island	
  06/06/1929	        NA	        NA	        NA	        NA	                       NA	                       NA	
  07/06/1929	        NA	        NA	      37.8	    -122.2	alongside santa fe dock at oakland calif and in dry dock at bethlehem  building corp at alameda calif	                  alameda	
  07/06/1929	        NA	        NA	        NA	        NA	                       NA	                       NA	
  08/06/1929	        NA	        NA	      37.8	    -122.3	santa fe docks oakland calif	                  oakland	
  08/06/1929	        NA	        NA	        NA	        NA	                       NA	                       NA	
  09/06/1929	        NA	        NA	      37.8	    -122.3	santa fe dock oakland calif	                  oakland	
  09/06/1929	        NA	        NA	        NA	        NA	                       NA	                       NA	
  10/06/1929	        NA	        NA	      37.8	    -122.3	alongside santa fe dock oakland underway sf bay alongside uss shirk  mare is ny dock	                  oakland	
  10/06/1929	        NA	        NA	        NA	        NA	                       NA	                       NA	
  11/06/1929	        NA	        NA	      38.1	    -122.3	alongside uss shirk mare island  underway to drakes bay at anchor drakes bay	              mare island	
  11/06/1929	        NA	        NA	        NA	        NA	                       NA	                       NA	
  14/06/1929	        NA	        NA	        NA	        NA	                       NA	                       NA	
  15/06/1929	        NA	        NA	      37.8	    -122.3	santa fe docks oakland calif	                  oakland	
  15/06/1929	        NA	        NA	        NA	        NA	                       NA	                       NA	
  16/06/1929	        NA	        NA	      37.8	    -122.3	santa fe docks oakland calif	                  oakland	
  16/06/1929	        NA	        NA	        NA	        NA	                       NA	                       NA	
  17/06/1929	        NA	        NA	      37.8	    -122.3	santa fe docks oakland calif	                  oakland	
  17/06/1929	        NA	        NA	        NA	        NA	                       NA	                       NA	
  18/06/1929	        NA	        NA	      37.8	    -122.3	santa fe docks oakland calif	                  oakland	
  18/06/1929	        NA	        NA	        NA	        NA	                       NA	                       NA	
  19/06/1929	        NA	        NA	      37.8	    -122.4	pier 35 san francisco cal	        san francisco bay	
  19/06/1929	        NA	        NA	        NA	        NA	                       NA	                       NA	
  21/06/1929	        NA	        NA	      37.8	    -122.3	drakes bay  underway for santa fe docks oakland calif	                  oakland	
  21/06/1929	        NA	        NA	        NA	        NA	                       NA	                       NA	
  22/06/1929	        NA	        NA	      37.8	    -122.3	santa fe docks oakland calif	                  oakland	
  22/06/1929	        NA	        NA	        NA	        NA	                       NA	                       NA	
  23/06/1929	        NA	        NA	      37.8	    -122.3	santa fe docks oakland calif	                  oakland	
  23/06/1929	        NA	        NA	        NA	        NA	                       NA	                       NA	
  24/06/1929	        NA	        NA	      37.8	    -122.3	santa fe docks oakland calif	                  oakland	
  24/06/1929	        NA	        NA	        NA	        NA	                       NA	                       NA	
  26/06/1929	        NA	        NA	      37.8	    -122.3	anchored in drakes bay  underway  alongside discoverer santa fe docks oakland calif	                  oakland	
  26/06/1929	        NA	        NA	        NA	        NA	                       NA	                       NA	
  27/06/1929	        NA	        NA	      37.8	    -122.3	santa fe docks oakland calif	                  oakland	
  27/06/1929	        NA	        NA	        NA	        NA	                       NA	                       NA	
  28/06/1929	        NA	        NA	      37.8	    -122.3	       oakland california	                  oakland	
  28/06/1929	   37 59 N	  122 58 W	      43.1	      16.7	position of wreck of ss hartwood	                     hvar	
  29/06/1929	        NA	        NA	      37.8	    -122.3	santa fe docks oakland calif	                  oakland	
  29/06/1929	        NA	        NA	        NA	        NA	                       NA	                       NA	
  30/06/1929	        NA	        NA	      37.8	    -122.3	santa fe docks oakland calif	                  oakland	
  30/06/1929	        NA	        NA	        NA	        NA	                       NA	                       NA	
  30/06/1929	        NA	        NA	        NA	        NA	                       NA	                       NA	
  30/06/1929	        NA	        NA	        NA	        NA	                       NA	                       NA	
  30/06/1929	        NA	        NA	        NA	        NA	                       NA	                       NA	
  30/06/1929	        NA	        NA	        NA	        NA	                       NA	                       NA	
  30/06/1929	        NA	        NA	        NA	        NA	                       NA	                       NA	
  30/06/1929	        NA	        NA	        NA	        NA	                       NA	                       NA	
  30/06/1929	        NA	        NA	        NA	        NA	                       NA	                       NA	
  30/06/1929	        NA	        NA	        NA	        NA	                       NA	                       NA	
  30/06/1929	        NA	        NA	        NA	        NA	                       NA	                       NA	
  30/06/1929	        NA	        NA	        NA	        NA	                       NA	                       NA	
  30/06/1929	        NA	        NA	        NA	        NA	                       NA	                       NA	
  30/06/1929	        NA	        NA	        NA	        NA	                       NA	                       NA	
  30/06/1929	        NA	        NA	        NA	        NA	                       NA	                       NA	
  30/06/1929	        NA	        NA	        NA	        NA	                       NA	                       NA	
  01/07/1929	        NA	        NA	      37.8	    -122.3	santa fe docks oakland california	                  oakland	
  01/07/1929	        NA	        NA	        NA	        NA	                       NA	                       NA	
  02/07/1929	        NA	        NA	      37.8	    -122.3	santa fe docks oakland calif	                  oakland	
  02/07/1929	        NA	        NA	        NA	        NA	                       NA	                       NA	
  03/07/1929	        NA	        NA	      37.8	    -122.3	santa fe docks oakland california	                  oakland	
  03/07/1929	        NA	        NA	        NA	        NA	                       NA	                       NA	
  04/07/1929	        NA	        NA	      37.8	    -122.3	santa fe dock oakland california	                  oakland	
  04/07/1929	        NA	        NA	        NA	        NA	                       NA	                       NA	
  05/07/1929	        NA	        NA	      37.8	    -122.3	santa fe docks oakland calif	                  oakland	
  05/07/1929	        NA	        NA	        NA	        NA	                       NA	                       NA	
  06/07/1929	        NA	        NA	      37.8	    -122.3	santa fe docks oakland california	                  oakland	
  06/07/1929	        NA	        NA	        NA	        NA	                       NA	                       NA	
  07/07/1929	        NA	        NA	      37.8	    -122.3	santa fe dock oakland california	                  oakland	
  07/07/1929	        NA	        NA	        NA	        NA	                       NA	                       NA	
  08/07/1929	        NA	        NA	      37.8	    -122.3	santa fe docks oakland calif	                  oakland	
  08/07/1929	        NA	        NA	        NA	        NA	                       NA	                       NA	
  12/07/1929	        NA	        NA	        NA	        NA	                       NA	                       NA	
  13/07/1929	        NA	        NA	      37.8	    -122.3	santa fe dock oakland calif	                  oakland	
  13/07/1929	        NA	        NA	        NA	        NA	                       NA	                       NA	
  14/07/1929	        NA	        NA	      37.8	    -122.3	santa fe docks oakland calif	                  oakland	
  14/07/1929	        NA	        NA	        NA	        NA	                       NA	                       NA	
  15/07/1929	        NA	        NA	      37.8	    -122.3	santa fe docks oakland calif	                  oakland	
  15/07/1929	        NA	        NA	        NA	        NA	                       NA	                       NA	
  19/07/1929	        NA	        NA	        NA	        NA	                       NA	                       NA	
  20/07/1929	        NA	        NA	      37.8	    -122.3	santa fe docks oakland california	                  oakland	
  20/07/1929	        NA	        NA	        NA	        NA	                       NA	                       NA	
  21/07/1929	        NA	        NA	      37.8	    -122.3	santa fe docks oakland calif	                  oakland	
  21/07/1929	        NA	        NA	        NA	        NA	                       NA	                       NA	
  22/07/1929	        NA	        NA	      37.8	    -122.3	santa fe docks oakland calif underway  estuary san francisco bay  pacific ocean to anchorage in drakes bay	                  oakland	
  22/07/1929	        NA	        NA	        NA	        NA	                       NA	                       NA	
  26/07/1929	        NA	        NA	        NA	        NA	                       NA	                       NA	
  27/07/1929	        NA	        NA	      37.8	    -122.3	santa fe docks oakland calif	                  oakland	
  27/07/1929	        NA	        NA	        NA	        NA	                       NA	                       NA	
  28/07/1929	        NA	        NA	      37.8	    -122.3	       oakland california	                  oakland	
  28/07/1929	        NA	        NA	        NA	        NA	                       NA	                       NA	
  29/07/1929	        NA	        NA	      37.8	    -122.3	santa fe docks oakland calif	                  oakland	
  29/07/1929	        NA	        NA	        NA	        NA	                       NA	                       NA	
  02/08/1929	        NA	        NA	        NA	        NA	                       NA	                       NA	
  03/08/1929	        NA	        NA	      37.8	    -122.3	santa fe docks oakland calif	                  oakland	
  03/08/1929	        NA	        NA	        NA	        NA	                       NA	                       NA	
  04/08/1929	        NA	        NA	      37.8	    -122.3	santa fe dock oakland calif	                  oakland	
  04/08/1929	        NA	        NA	        NA	        NA	                       NA	                       NA	
  05/08/1929	        NA	        NA	      37.8	    -122.3	santa fe docks oakland calif	                  oakland	
  05/08/1929	        NA	        NA	        NA	        NA	                       NA	                       NA	
  09/08/1929	        NA	        NA	        NA	        NA	                       NA	                       NA	
  10/08/1929	        NA	        NA	      37.8	    -122.3	santa fe docks oakland calif	                  oakland	
  10/08/1929	        NA	        NA	        NA	        NA	                       NA	                       NA	
  11/08/1929	        NA	        NA	      37.8	    -122.3	santa fe docks oakland calif	                  oakland	
  11/08/1929	        NA	        NA	        NA	        NA	                       NA	                       NA	
  12/08/1929	        NA	        NA	      37.8	    -122.3	santa fe dock oakland california	                  oakland	
  12/08/1929	        NA	        NA	        NA	        NA	                       NA	                       NA	
  13/08/1929	        NA	        NA	      37.8	    -122.3	santa fe docks oakland calif	                  oakland	
  13/08/1929	        NA	        NA	        NA	        NA	                       NA	                       NA	
  16/08/1929	        NA	        NA	        NA	        NA	                       NA	                       NA	
  17/08/1929	        NA	        NA	      37.8	    -122.3	       oakland california	                  oakland	
  17/08/1929	        NA	        NA	        NA	        NA	                       NA	                       NA	
  18/08/1929	        NA	        NA	      37.8	    -122.3	santa fe docks oakland calif	                  oakland	
  18/08/1929	        NA	        NA	        NA	        NA	                       NA	                       NA	
  19/08/1929	        NA	        NA	      37.8	    -122.3	santa fe wharves oakland calif	                  oakland	
  19/08/1929	        NA	        NA	        NA	        NA	                       NA	                       NA	
  19/08/1929	        NA	        NA	      37.8	    -122.3	santa fe wharves oakland calif	                  oakland	
  19/08/1929	        NA	        NA	        NA	        NA	                       NA	                       NA	
  23/08/1929	        NA	        NA	        NA	        NA	                       NA	                       NA	
  24/08/1929	        NA	        NA	      37.8	    -122.3	santa fe wharf oakland calif	                  oakland	
  24/08/1929	        NA	        NA	        NA	        NA	                       NA	                       NA	
  25/08/1929	        NA	        NA	      37.8	    -122.3	santa fe dock oakland calif	                  oakland	
  25/08/1929	        NA	        NA	        NA	        NA	                       NA	                       NA	
  26/08/1929	        NA	        NA	      37.8	    -122.3	santa fe docks oakland calif	                  oakland	
  26/08/1929	        NA	        NA	        NA	        NA	                       NA	                       NA	
  30/08/1929	        NA	        NA	        NA	        NA	                       NA	                       NA	
  31/08/1929	        NA	        NA	      37.8	    -122.3	santa fe docks oakland calif	                  oakland	
  31/08/1929	        NA	        NA	        NA	        NA	                       NA	                       NA	
  01/09/1929	        NA	        NA	      37.8	    -122.3	santa fe docks oakland calif underway  estuary san francisco bay  pacific ocean to anchorage in drakes bay	                  oakland	
  01/09/1929	        NA	        NA	        NA	        NA	                       NA	                       NA	
  02/09/1929	        NA	        NA	      37.8	    -122.3	santa fe dock oakland calif	                  oakland	
  02/09/1929	        NA	        NA	        NA	        NA	                       NA	                       NA	
  03/09/1929	        NA	        NA	      37.8	    -122.3	santa fe wharf oakland calif	                  oakland	
  03/09/1929	        NA	        NA	        NA	        NA	                       NA	                       NA	
  04/09/1929	        NA	        NA	      37.8	    -122.3	santa fe dock oakland california	                  oakland	
  04/09/1929	        NA	        NA	        NA	        NA	                       NA	                       NA	
  06/09/1929	        NA	        NA	        NA	        NA	                       NA	                       NA	
  07/09/1929	        NA	        NA	      37.8	    -122.3	santa fe dock oakland calif	                  oakland	
  07/09/1929	        NA	        NA	        NA	        NA	                       NA	                       NA	
  08/09/1929	        NA	        NA	      37.8	    -122.3	santa fe wharf oakland calif	                  oakland	
  08/09/1929	        NA	        NA	        NA	        NA	                       NA	                       NA	
  09/09/1929	        NA	        NA	      37.8	    -122.3	santa fe dock oakland calif	                  oakland	
  09/09/1929	        NA	        NA	        NA	        NA	                       NA	                       NA	
  10/09/1929	        NA	        NA	        NA	        NA	                       NA	                       NA	
  11/09/1929	        NA	        NA	        NA	        NA	                       NA	                       NA	
  13/09/1929	        NA	        NA	        NA	        NA	                       NA	                       NA	
  14/09/1929	        NA	        NA	      37.8	    -122.3	santa fe dock oakland calif	                  oakland	
  14/09/1929	        NA	        NA	        NA	        NA	                       NA	                       NA	
  15/09/1929	        NA	        NA	      37.8	    -122.3	       oakland california	                  oakland	
  15/09/1929	        NA	        NA	        NA	        NA	                       NA	                       NA	
  16/09/1929	        NA	        NA	      37.8	    -122.3	santa fe dock oakland calif	                  oakland	
  16/09/1929	        NA	        NA	        NA	        NA	                       NA	                       NA	
  20/09/1929	        NA	        NA	        NA	        NA	                       NA	                       NA	
  21/09/1929	        NA	        NA	      37.8	    -122.3	santa fe dock oakland calif	                  oakland	
  21/09/1929	        NA	        NA	        NA	        NA	                       NA	                       NA	
  22/09/1929	        NA	        NA	      37.8	    -122.3	                  oakland	                  oakland	
  22/09/1929	        NA	        NA	        NA	        NA	                       NA	                       NA	
  26/09/1929	        NA	        NA	        NA	        NA	                       NA	                       NA	
  27/09/1929	        NA	        NA	      37.8	    -122.3	anchored drakes bay calif  underway  alongside santa fe dock oakland california	                  oakland	
  27/09/1929	        NA	        NA	        NA	        NA	                       NA	                       NA	
  28/09/1929	        NA	        NA	      37.8	    -122.3	       oakland california	                  oakland	
  28/09/1929	        NA	        NA	        NA	        NA	                       NA	                       NA	
  29/09/1929	        NA	        NA	      37.8	    -122.3	santa fe dock oakland calif	                  oakland	
  29/09/1929	        NA	        NA	        NA	        NA	                       NA	                       NA	
  30/09/1929	        NA	        NA	      37.8	    -122.3	       oakland california	                  oakland	
  30/09/1929	        NA	        NA	        NA	        NA	                       NA	                       NA	
  30/09/1929	        NA	        NA	        NA	        NA	                       NA	                       NA	
  30/09/1929	        NA	        NA	        NA	        NA	                       NA	                       NA	
  30/09/1929	        NA	        NA	        NA	        NA	                       NA	                       NA	
  30/09/1929	        NA	        NA	        NA	        NA	                       NA	                       NA	
  30/09/1929	        NA	        NA	        NA	        NA	                       NA	                       NA	
  30/09/1929	        NA	        NA	        NA	        NA	                       NA	                       NA	
  30/09/1929	        NA	        NA	        NA	        NA	                       NA	                       NA	
  30/09/1929	        NA	        NA	        NA	        NA	                       NA	                       NA	
  30/09/1929	        NA	        NA	        NA	        NA	                       NA	                       NA	
  30/09/1929	        NA	        NA	        NA	        NA	                       NA	                       NA	
  30/09/1929	        NA	        NA	        NA	        NA	                       NA	                       NA	
  30/09/1929	        NA	        NA	        NA	        NA	                       NA	                       NA	
  04/10/1929	        NA	        NA	        NA	        NA	                       NA	                       NA	
  05/10/1929	        NA	        NA	      37.8	    -122.3	santa fe dock oakland california	                  oakland	
  05/10/1929	        NA	        NA	        NA	        NA	                       NA	                       NA	
  06/10/1929	        NA	        NA	      37.8	    -122.3	santa fe docks oakland california	                  oakland	
  06/10/1929	        NA	        NA	        NA	        NA	                       NA	                       NA	
  07/10/1929	        NA	        NA	      37.8	    -122.3	santa fe dock oakland calif	                  oakland	
  07/10/1929	        NA	        NA	        NA	        NA	                       NA	                       NA	
  07/10/1929	        NA	        NA	      37.8	    -122.3	santa fe dock oakland calif	                  oakland	
  07/10/1929	        NA	        NA	        NA	        NA	                       NA	                       NA	
  08/10/1929	        NA	        NA	      37.8	    -122.3	santa fe wharf oakland calif	                  oakland	
  08/10/1929	        NA	        NA	        NA	        NA	                       NA	                       NA	
  09/10/1929	        NA	        NA	      37.8	    -122.4	alongside pier 25 san francisco calif	        san francisco bay	
  09/10/1929	        NA	        NA	        NA	        NA	                       NA	                       NA	
  11/10/1929	        NA	        NA	        NA	        NA	                       NA	                       NA	
  11/10/1929	        NA	        NA	        NA	        NA	                       NA	                       NA	
  12/10/1929	        NA	        NA	      37.8	    -122.3	santa fe docks oakland calif	                  oakland	
  12/10/1929	        NA	        NA	        NA	        NA	                       NA	                       NA	
  13/10/1929	        NA	        NA	      37.8	    -122.3	santa fe wharf oakland calif	                  oakland	
  13/10/1929	        NA	        NA	        NA	        NA	                       NA	                       NA	
  14/10/1929	        NA	        NA	      37.8	    -122.3	santa fe dock oakland calif	                  oakland	
  14/10/1929	        NA	        NA	        NA	        NA	                       NA	                       NA	
  17/10/1929	        NA	        NA	        NA	        NA	                       NA	                       NA	
  18/10/1929	        NA	        NA	      38.1	    -122.3	mare island navy yard california	              mare island	
  18/10/1929	        NA	        NA	        NA	        NA	                       NA	                       NA	
  19/10/1929	        NA	        NA	      37.8	    -122.3	santa fe dock oakland calif	                  oakland	
  19/10/1929	        NA	        NA	        NA	        NA	                       NA	                       NA	
  20/10/1929	        NA	        NA	      37.8	    -122.3	santa fe dock oakland california	                  oakland	
  20/10/1929	        NA	        NA	        NA	        NA	                       NA	                       NA	
  21/10/1929	        NA	        NA	      37.8	    -122.3	santa fe wharf oakland calif	                  oakland	
  21/10/1929	        NA	        NA	        NA	        NA	                       NA	                       NA	
  23/10/1929	        NA	        NA	        NA	        NA	                       NA	                       NA	
  24/10/1929	        NA	        NA	      37.8	    -122.4	 san francisco california	        san francisco bay	
  24/10/1929	        NA	        NA	        NA	        NA	             mile rock lh	                       NA	
  25/10/1929	        NA	        NA	      37.8	    -122.4	pier 35 san francisco cal	        san francisco bay	
  26/10/1929	        NA	        NA	      37.8	    -122.3	santa fe wharf oakland calif	                  oakland	
  26/10/1929	        NA	        NA	        NA	        NA	                       NA	                       NA	
  27/10/1929	        NA	        NA	      37.8	    -122.3	santa fe dock oakland calif	                  oakland	
  27/10/1929	        NA	        NA	        NA	        NA	                       NA	                       NA	
  28/10/1929	        NA	        NA	      37.8	    -122.3	santa fe dock oakland california	                  oakland	
  28/10/1929	        NA	        NA	        NA	        NA	                       NA	                       NA	
  29/10/1929	        NA	        NA	      37.8	    -122.3	santa fe docks oakland california	                  oakland	
  01/11/1929	        NA	        NA	        NA	        NA	                       NA	                       NA	
  02/11/1929	        NA	        NA	      37.8	    -122.3	santa fe dock oakland california	                  oakland	
  02/11/1929	        NA	        NA	        NA	        NA	                       NA	                       NA	
  03/11/1929	        NA	        NA	      37.8	    -122.3	santa fe docks oakland calif underway  estuary san francisco bay  pacific ocean to anchorage in drakes bay	                  oakland	
  03/11/1929	        NA	        NA	        NA	        NA	                       NA	                       NA	
  04/11/1929	        NA	        NA	      37.8	    -122.3	santa fe dock oakland calif	                  oakland	
  04/11/1929	        NA	        NA	        NA	        NA	                       NA	                       NA	
  04/11/1929	        NA	        NA	      37.8	    -122.3	santa fe dock oakland calif	                  oakland	
  04/11/1929	        NA	        NA	        NA	        NA	                       NA	                       NA	
  05/11/1929	        NA	        NA	        NA	        NA	                       NA	                       NA	
  08/11/1929	        NA	        NA	        NA	        NA	                       NA	                       NA	
  09/11/1929	        NA	        NA	      37.8	    -122.3	santa fe dock oakland calif	                  oakland	
  09/11/1929	        NA	        NA	        NA	        NA	                       NA	                       NA	
  10/11/1929	        NA	        NA	      37.8	    -122.3	santa fe dock oakland california	                  oakland	
  10/11/1929	        NA	        NA	        NA	        NA	                       NA	                       NA	
  11/11/1929	        NA	        NA	      37.8	    -122.3	santa fe wharf oakland calif	                  oakland	
  11/11/1929	        NA	        NA	        NA	        NA	                       NA	                       NA	
  12/11/1929	        NA	        NA	      37.8	    -122.3	santa fe dock oakland calif	                  oakland	
  12/11/1929	        NA	        NA	        NA	        NA	                       NA	                       NA	
  13/11/1929	        NA	        NA	      37.8	    -122.3	santa fe dock oakland calif	                  oakland	
  13/11/1929	        NA	        NA	        NA	        NA	                       NA	                       NA	
  15/11/1929	        NA	        NA	        NA	        NA	                       NA	                       NA	
  16/11/1929	        NA	        NA	      37.8	    -122.3	santa fe dock oakland calif	                  oakland	
  16/11/1929	        NA	        NA	        NA	        NA	                       NA	                       NA	
  17/11/1929	        NA	        NA	      37.8	    -122.3	santa fe dock oakland calif	                  oakland	
  17/11/1929	        NA	        NA	        NA	        NA	                       NA	                       NA	
  18/11/1929	        NA	        NA	      37.8	    -122.3	santa fe dock oakland calif	                  oakland	
  18/11/1929	        NA	        NA	        NA	        NA	                       NA	                       NA	
  22/11/1929	        NA	        NA	        NA	        NA	                       NA	                       NA	
  23/11/1929	        NA	        NA	      37.8	    -122.3	santa fe wharf oakland calif	                  oakland	
  23/11/1929	        NA	        NA	        NA	        NA	                       NA	                       NA	
  24/11/1929	        NA	        NA	      37.8	    -122.3	santa fe dock oakland calif	                  oakland	
  24/11/1929	        NA	        NA	        NA	        NA	                       NA	                       NA	
  25/11/1929	        NA	        NA	      37.8	    -122.3	santa fe wharf oakland calif	                  oakland	
  25/11/1929	        NA	        NA	        NA	        NA	                       NA	                       NA	
  26/11/1929	        NA	        NA	      37.8	    -122.3	santa fe dock oakland calif	                  oakland	
  26/11/1929	        NA	        NA	        NA	        NA	                       NA	                       NA	
  27/11/1929	        NA	        NA	      37.8	    -122.3	santa fe dock oakland calif	                  oakland	
  27/11/1929	        NA	        NA	        NA	        NA	                       NA	                       NA	
  28/11/1929	        NA	        NA	      37.8	    -122.3	santa fe dock oakland calif	                  oakland	
  28/11/1929	        NA	        NA	        NA	        NA	                       NA	                       NA	
  29/11/1929	        NA	        NA	      37.8	    -122.3	santa fe dock oakland calif	                  oakland	
  29/11/1929	        NA	        NA	        NA	        NA	                       NA	                       NA	
  30/11/1929	        NA	        NA	      37.8	    -122.3	santa fe wharf oakland calif	                  oakland	
  30/11/1929	        NA	        NA	        NA	        NA	                       NA	                       NA	
  01/12/1929	        NA	        NA	      37.8	    -122.3	santa fe dock oakland calif	                  oakland	
  01/12/1929	        NA	        NA	        NA	        NA	                       NA	                       NA	
  02/12/1929	        NA	        NA	      37.8	    -122.3	santa fe dock oakland calif	                  oakland	
  02/12/1929	        NA	        NA	        NA	        NA	                       NA	                       NA	
  06/12/1929	        NA	        NA	        NA	        NA	                       NA	                       NA	
  07/12/1929	        NA	        NA	      37.8	    -122.3	santa fe dock oakland calif	                  oakland	
  07/12/1929	        NA	        NA	        NA	        NA	                       NA	                       NA	
  08/12/1929	        NA	        NA	      37.8	    -122.3	santa fe dock oakland calif	                  oakland	
  08/12/1929	        NA	        NA	        NA	        NA	                       NA	                       NA	
  09/12/1929	        NA	        NA	      37.8	    -122.3	santa fe dock oakland calif	                  oakland	
  09/12/1929	        NA	        NA	        NA	        NA	                       NA	                       NA	
  10/12/1929	        NA	        NA	      37.8	    -122.3	                  oakland	                  oakland	
  10/12/1929	        NA	        NA	        NA	        NA	                       NA	                       NA	
  11/12/1929	        NA	        NA	      37.8	    -122.3	santa fe docks oakland calif	                  oakland	
  11/12/1929	        NA	        NA	        NA	        NA	                       NA	                       NA	
  12/12/1929	        NA	        NA	      37.8	    -122.3	santa fe dock oakland calif	                  oakland	
  12/12/1929	        NA	        NA	        NA	        NA	                       NA	                       NA	
  13/12/1929	        NA	        NA	      37.8	    -122.3	santa fe dock oakland calif	                  oakland	
  13/12/1929	        NA	        NA	        NA	        NA	                       NA	                       NA	
  14/12/1929	        NA	        NA	      37.8	    -122.3	santa fe dock oakland calif	                  oakland	
  14/12/1929	        NA	        NA	        NA	        NA	                       NA	                       NA	
  15/12/1929	        NA	        NA	      37.8	    -122.3	santa fe wharf oakland calif	                  oakland	
  15/12/1929	        NA	        NA	        NA	        NA	                       NA	                       NA	
  16/12/1929	        NA	        NA	      37.8	    -122.3	santa fe dock oakland calif	                  oakland	
  16/12/1929	        NA	        NA	        NA	        NA	                       NA	                       NA	
  17/12/1929	        NA	        NA	      37.8	    -122.3	santa fe dock oakland calif	                  oakland	
  17/12/1929	        NA	        NA	        NA	        NA	                       NA	                       NA	
  18/12/1929	        NA	        NA	      37.8	    -122.3	santa fe dock oakland calif	                  oakland	
  18/12/1929	        NA	        NA	        NA	        NA	                       NA	                       NA	
  19/12/1929	        NA	        NA	      37.8	    -122.3	santa fe dock oakland calif	                  oakland	
  19/12/1929	        NA	        NA	        NA	        NA	                       NA	                       NA	
  20/12/1929	        NA	        NA	      37.8	    -122.3	santa fe dock oakland calif	                  oakland	
  20/12/1929	        NA	        NA	        NA	        NA	                       NA	                       NA	
  21/12/1929	        NA	        NA	      37.8	    -122.3	santa fe docks oakland calif	                  oakland	
  21/12/1929	        NA	        NA	        NA	        NA	                       NA	                       NA	
  22/12/1929	        NA	        NA	      37.8	    -122.3	santa fe dock oakland calif	                  oakland	
  22/12/1929	        NA	        NA	        NA	        NA	                       NA	                       NA	
  23/12/1929	        NA	        NA	      37.8	    -122.3	santa fe docks oakland calif	                  oakland	
  23/12/1929	        NA	        NA	        NA	        NA	                       NA	                       NA	
  24/12/1929	        NA	        NA	      37.8	    -122.3	santa fe wharf oakland calif	                  oakland	
  24/12/1929	        NA	        NA	        NA	        NA	                       NA	                       NA	
  25/12/1929	        NA	        NA	      37.8	    -122.3	santa fe wharf oakland calif	                  oakland	
  25/12/1929	        NA	        NA	        NA	        NA	                       NA	                       NA	
  26/12/1929	        NA	        NA	      37.8	    -122.3	santa fe dock oakland calif	                  oakland	
  26/12/1929	        NA	        NA	        NA	        NA	                       NA	                       NA	
  27/12/1929	        NA	        NA	      37.8	    -122.3	santa fe dock oakland calif	                  oakland	
  27/12/1929	        NA	        NA	        NA	        NA	                       NA	                       NA	
  28/12/1929	        NA	        NA	      37.8	    -122.3	santa fe dock oakland calif	                  oakland	
  28/12/1929	        NA	        NA	        NA	        NA	                       NA	                       NA	
  29/12/1929	        NA	        NA	      37.8	    -122.3	santa fe dock oakland calif	                  oakland	
  29/12/1929	        NA	        NA	        NA	        NA	                       NA	                       NA	
  30/12/1929	        NA	        NA	      37.8	    -122.3	santa fe dock oakland calif	                  oakland	
  30/12/1929	        NA	        NA	        NA	        NA	                       NA	                       NA	
  31/12/1929	        NA	        NA	      37.8	    -122.3	santa fe dock oakland calif	                  oakland	
  31/12/1929	        NA	        NA	        NA	        NA	                       NA	                       NA	
  01/01/1929	        NA	        NA	      37.8	    -122.3	santa fe dock oakland calif	                  oakland	
