  01/01/1931	        NA	        NA	      21.3	    -157.9	alongside pier 16 honolulu th	                 honolulu	
  01/01/1931	        NA	        NA	        NA	        NA	                       NA	                       NA	
  02/01/1931	        NA	        NA	      21.3	    -157.9	alongside pier 16 honolulu th	                 honolulu	
  02/01/1931	        NA	        NA	        NA	        NA	                       NA	                       NA	
  03/01/1931	        NA	        NA	      21.3	    -157.9	alongside pier 6 honolulu th	                 honolulu	
  03/01/1931	        NA	        NA	        NA	        NA	                       NA	                       NA	
  04/01/1931	        NA	        NA	      21.3	    -157.9	alongside pier 16 honolulu th	                 honolulu	
  04/01/1931	        NA	        NA	        NA	        NA	                       NA	                       NA	
  05/01/1931	        NA	        NA	      21.3	    -157.9	alongside pier 16 honolulu th	                 honolulu	
  05/01/1931	        NA	        NA	        NA	        NA	                       NA	                       NA	
  06/01/1931	        NA	        NA	      21.1	    -157.0	anchored 3 miles se of laau pt molokai th	                  molokai	
  06/01/1931	        NA	        NA	        NA	        NA	                       NA	                       NA	
  07/01/1931	        NA	        NA	      21.1	    -157.0	at anchor 3 miles east of laau pt molokai th	                  molokai	
  07/01/1931	        NA	        NA	        NA	        NA	                       NA	                       NA	
  08/01/1931	        NA	        NA	      21.1	    -157.0	anchored 2 miles north of laau molokai th	                  molokai	
  08/01/1931	        NA	        NA	        NA	        NA	                       NA	                       NA	
  09/01/1931	        NA	        NA	      21.1	    -157.0	at anchor 2 miles ne of laau point molokai th	                  molokai	
  09/01/1931	        NA	        NA	        NA	        NA	                       NA	                       NA	
  10/01/1931	        NA	        NA	      21.3	    -157.9	alongside pier 16 honolulu th	                 honolulu	
  10/01/1931	        NA	        NA	        NA	        NA	                       NA	                       NA	
  11/01/1931	        NA	        NA	      21.3	    -157.9	alongside pier 6 honolulu th	                 honolulu	
  11/01/1931	        NA	        NA	        NA	        NA	                       NA	                       NA	
  11/01/1931	        NA	        NA	        NA	        NA	                       NA	                       NA	
  11/01/1931	        NA	        NA	        NA	        NA	                       NA	                       NA	
  12/01/1931	        NA	        NA	      21.3	    -157.9	alongside pier 16 honolulu hawaii	                 honolulu	
  12/01/1931	        NA	        NA	        NA	        NA	                       NA	                       NA	
  17/01/1931	        NA	        NA	        NA	        NA	                       NA	                       NA	
  18/01/1931	        NA	        NA	      21.3	    -157.9	alongside pier 6 honolulu hawaii	                 honolulu	
  18/01/1931	        NA	        NA	        NA	        NA	                       NA	                       NA	
  19/01/1931	        NA	        NA	      21.3	    -157.9	alongside pier 6 honolulu hawaii	                 honolulu	
  19/01/1931	        NA	        NA	        NA	        NA	                       NA	                       NA	
  20/01/1931	        NA	        NA	      21.3	    -157.9	alongside pier 6 honolulu hawaii	                 honolulu	
  20/01/1931	        NA	        NA	        NA	        NA	                       NA	                       NA	
  21/01/1931	        NA	        NA	      21.3	    -157.9	alongside pier 6 honolulu hawaii	                 honolulu	
  21/01/1931	        NA	        NA	        NA	        NA	                       NA	                       NA	
  22/01/1931	        NA	        NA	      21.1	    -157.0	at anchor off kaunakakai molokai	                  molokai	
  22/01/1931	        NA	        NA	        NA	        NA	                       NA	                       NA	
  23/01/1931	        NA	        NA	      21.1	    -157.0	anchored off kamalo molokai	                  molokai	
  23/01/1931	        NA	        NA	        NA	        NA	                       NA	                       NA	
  24/01/1931	        NA	        NA	      21.1	    -157.0	anchored off kamalo molokai th	                  molokai	
  24/01/1931	        NA	        NA	        NA	        NA	                       NA	                       NA	
  27/01/1931	        NA	        NA	        NA	        NA	                       NA	                       NA	
  28/01/1931	        NA	        NA	      21.1	    -157.0	anchored off kamalo molokai th	                  molokai	
  28/01/1931	        NA	        NA	        NA	        NA	                       NA	                       NA	
  29/01/1931	        NA	        NA	      21.1	    -157.0	anchored off kaunakaki molokai th	                  molokai	
  29/01/1931	        NA	        NA	        NA	        NA	                       NA	                       NA	
  30/01/1931	        NA	        NA	      21.3	    -157.9	alongside pier 6 honolulu	                 honolulu	
  30/01/1931	        NA	        NA	        NA	        NA	                       NA	                       NA	
  31/01/1931	        NA	        NA	      21.3	    -157.9	alongside pier 6 honolulu	                 honolulu	
  31/01/1931	        NA	        NA	        NA	        NA	                       NA	                       NA	
  01/02/1931	        NA	        NA	      21.3	    -157.9	alongside pier 6 honolulu th	                 honolulu	
  01/02/1931	        NA	        NA	        NA	        NA	                       NA	                       NA	
  02/02/1931	        NA	        NA	      21.3	    -157.9	alongside pier 6 honolulu	                 honolulu	
  02/02/1931	        NA	        NA	        NA	        NA	                       NA	                       NA	
  03/02/1931	        NA	        NA	      21.3	    -157.9	alongside pier 6 honolulu th	                 honolulu	
  03/02/1931	        NA	        NA	        NA	        NA	                       NA	                       NA	
  04/02/1931	        NA	        NA	      21.1	    -157.0	anchored off kaunakakai molokai th	                  molokai	
  04/02/1931	        NA	        NA	        NA	        NA	                       NA	                       NA	
  06/02/1931	        NA	        NA	        NA	        NA	                       NA	                       NA	
  07/02/1931	        NA	        NA	      21.3	    -157.9	alongside pier 16 honolulu th	                 honolulu	
  07/02/1931	        NA	        NA	        NA	        NA	                       NA	                       NA	
  08/02/1931	        NA	        NA	      21.3	    -157.9	alongside pier 16 honolulu th	                 honolulu	
  08/02/1931	        NA	        NA	        NA	        NA	                       NA	                       NA	
  09/02/1931	        NA	        NA	      21.3	    -157.9	alongside pier 16 honolulu th	                 honolulu	
  11/02/1931	        NA	        NA	        NA	        NA	                       NA	                       NA	
  12/02/1931	        NA	        NA	        NA	        NA	at anchor in auau channel midway between maui and lanai th	                       NA	
  12/02/1931	        NA	        NA	        NA	        NA	                       NA	                       NA	
  13/02/1931	        NA	        NA	        NA	        NA	anchored in auau channel midway between maui and lanai th	                       NA	
  13/02/1931	        NA	        NA	        NA	        NA	                       NA	                       NA	
  14/02/1931	        NA	        NA	      21.3	    -157.9	alongside pier 6 honolulu	                 honolulu	
  14/02/1931	        NA	        NA	        NA	        NA	                       NA	                       NA	
  15/02/1931	        NA	        NA	      21.3	    -157.9	alongside pier 6 honolulu th	                 honolulu	
  15/02/1931	        NA	        NA	        NA	        NA	                       NA	                       NA	
  16/02/1931	        NA	        NA	      21.3	    -157.9	alongside pier 6 honolulu th	                 honolulu	
  16/02/1931	        NA	        NA	        NA	        NA	                       NA	                       NA	
  20/02/1931	        NA	        NA	      21.3	    -157.9	secured alongside pier 6 honolulu th	                 honolulu	
  21/02/1931	        NA	        NA	      21.3	    -157.9	alongside pier 6 honolulu th	                 honolulu	
  21/02/1931	        NA	        NA	        NA	        NA	                       NA	                       NA	
  22/02/1931	        NA	        NA	      21.3	    -157.9	alongside pier 6 honolulu	                 honolulu	
  22/02/1931	        NA	        NA	        NA	        NA	                       NA	                       NA	
  22/02/1931	        NA	        NA	      21.3	    -157.9	                 honolulu	                 honolulu	
  22/02/1931	        NA	        NA	        NA	        NA	                       NA	                       NA	
  23/02/1931	        NA	        NA	      21.3	    -157.9	alongside pier 6 honolulu hawaii	                 honolulu	
  23/02/1931	        NA	        NA	        NA	        NA	                       NA	                       NA	
  24/02/1931	        NA	        NA	      21.3	    -157.9	alongside pier 6 honolulu	                 honolulu	
  24/02/1931	        NA	        NA	        NA	        NA	                       NA	                       NA	
  25/02/1931	        NA	        NA	      21.3	    -157.9	alongside pier 6 honolulu th	                 honolulu	
  25/02/1931	        NA	        NA	        NA	        NA	                       NA	                       NA	
  26/02/1931	        NA	        NA	      21.3	    -157.9	alongside pier 6 honolulu th	                 honolulu	
  26/02/1931	        NA	        NA	        NA	        NA	                       NA	                       NA	
  27/02/1931	        NA	        NA	      21.3	    -157.9	alongside pier 6 honolulu th	                 honolulu	
  27/02/1931	        NA	        NA	        NA	        NA	                       NA	                       NA	
  28/02/1931	        NA	        NA	      21.3	    -157.9	alongside pier 6 honolulu th	                 honolulu	
  28/02/1931	        NA	        NA	        NA	        NA	                       NA	                       NA	
  01/03/1931	        NA	        NA	      21.3	    -157.9	alongside pier 6 honolulu th	                 honolulu	
  01/03/1931	        NA	        NA	        NA	        NA	                       NA	                       NA	
  02/03/1931	        NA	        NA	      21.3	    -157.9	alongside pier 6 honolulu th	                 honolulu	
  02/03/1931	        NA	        NA	        NA	        NA	                       NA	                       NA	
  03/03/1931	        NA	        NA	      21.1	    -157.0	  anchored off molokai th	                  molokai	
  03/03/1931	        NA	        NA	        NA	        NA	                       NA	                       NA	
  04/03/1931	        NA	        NA	      21.1	    -157.0	 at anchor off molokai th	                  molokai	
  04/03/1931	        NA	        NA	        NA	        NA	                       NA	                       NA	
  05/03/1931	        NA	        NA	      21.1	    -157.0	 at anchor off molokai th	                  molokai	
  05/03/1931	        NA	        NA	        NA	        NA	                       NA	                       NA	
  06/03/1931	        NA	        NA	      21.3	    -157.9	alongside pier 6 honolulu th	                 honolulu	
  06/03/1931	        NA	        NA	        NA	        NA	                       NA	                       NA	
  07/03/1931	        NA	        NA	      21.3	    -157.9	alongside pier 16 honolulu th	                 honolulu	
  07/03/1931	        NA	        NA	        NA	        NA	                       NA	                       NA	
  08/03/1931	        NA	        NA	      21.3	    -157.9	alongside pier 16 honolulu th	                 honolulu	
  08/03/1931	        NA	        NA	        NA	        NA	                       NA	                       NA	
  09/03/1931	        NA	        NA	      21.3	    -157.9	alongside pier 16 honolulu th	                 honolulu	
  09/03/1931	        NA	        NA	        NA	        NA	                       NA	                       NA	
  10/03/1931	        NA	        NA	        NA	        NA	                       NA	                       NA	
  11/03/1931	        NA	        NA	      21.3	    -157.9	underway honolulu to manila bay lanai th	                 honolulu	
  11/03/1931	        NA	        NA	        NA	        NA	                       NA	                       NA	
  13/03/1931	        NA	        NA	        NA	        NA	                       NA	                       NA	
  14/03/1931	        NA	        NA	      21.3	    -157.9	underway from manele bay lanai th to honolulu th	                 honolulu	
  14/03/1931	        NA	        NA	      21.3	    -157.9	alongside pier 7 at honolulu	                 honolulu	
  15/03/1931	        NA	        NA	      21.3	    -157.9	alongside pier 6 honolulu th	                 honolulu	
  15/03/1931	        NA	        NA	        NA	        NA	                       NA	                       NA	
  16/03/1931	        NA	        NA	      21.3	    -157.9	alongside pier 6 honolulu th	                 honolulu	
  16/03/1931	        NA	        NA	        NA	        NA	                       NA	                       NA	
  17/03/1931	        NA	        NA	      21.3	    -157.9	alongside pier 6 honolulu th	                 honolulu	
  17/03/1931	        NA	        NA	        NA	        NA	                       NA	                       NA	
  18/03/1931	        NA	        NA	      21.3	    -157.9	alongside pier 6 honolulu th	                 honolulu	
  18/03/1931	        NA	        NA	        NA	        NA	                       NA	                       NA	
  19/03/1931	        NA	        NA	      21.3	    -157.9	underway from honolulu to manele bay lanai	                 honolulu	
  19/03/1931	        NA	        NA	        NA	        NA	                       NA	                       NA	
  20/03/1931	        NA	        NA	        NA	        NA	                       NA	                       NA	
  21/03/1931	        NA	        NA	      21.3	    -157.9	from lanai th to hononlulu	                 honolulu	
  21/03/1931	        NA	        NA	        NA	        NA	                       NA	                       NA	
  22/03/1931	        NA	        NA	      21.3	    -157.9	alongside pier 6 honolulu th	                 honolulu	
  22/03/1931	        NA	        NA	        NA	        NA	                       NA	                       NA	
  23/03/1931	        NA	        NA	      21.3	    -157.9	alongside pier 6 honolulu th	                 honolulu	
  23/03/1931	        NA	        NA	        NA	        NA	                       NA	                       NA	
  24/03/1931	        NA	        NA	      21.3	    -157.9	alongside pier 6 honolulu th	                 honolulu	
  24/03/1931	        NA	        NA	        NA	        NA	                       NA	                       NA	
  25/03/1931	        NA	        NA	      21.3	    -157.9	alongside pier 2 honolulu th	                 honolulu	
  25/03/1931	        NA	        NA	        NA	        NA	                       NA	                       NA	
  26/03/1931	        NA	        NA	      21.3	    -157.9	alongside pier 2 honolulu th	                 honolulu	
  26/03/1931	        NA	        NA	        NA	        NA	                       NA	                       NA	
  27/03/1931	        NA	        NA	      21.3	    -157.9	alongside pier 2 honolulu th	                 honolulu	
  27/03/1931	        NA	        NA	        NA	        NA	                       NA	                       NA	
  28/03/1931	        NA	        NA	      21.3	    -157.9	alongside pier 3 honolulu th	                 honolulu	
  28/03/1931	        NA	        NA	        NA	        NA	                       NA	                       NA	
  29/03/1931	        NA	        NA	      21.3	    -157.9	alongside pier 3 honolulu th	                 honolulu	
  29/03/1931	        NA	        NA	        NA	        NA	                       NA	                       NA	
  30/03/1931	        NA	        NA	      21.3	    -157.9	alongside pier 3 honolulu th	                 honolulu	
  30/03/1931	        NA	        NA	        NA	        NA	                       NA	                       NA	
  30/03/1931	        NA	        NA	      21.3	    -157.9	       pier 3 honolulu th	                 honolulu	
  30/03/1931	        NA	        NA	        NA	        NA	                       NA	                       NA	
  31/03/1931	        NA	        NA	      21.3	    -157.9	alongside pier 3 honolulu hawaii	                 honolulu	
  31/03/1931	        NA	        NA	        NA	        NA	                       NA	                       NA	
  01/04/1931	        NA	        NA	        NA	        NA	                       NA	                       NA	
  01/04/1931	        NA	        NA	        NA	        NA	                       NA	                       NA	
  01/04/1931	        NA	        NA	        NA	        NA	                       NA	                       NA	
  01/04/1931	        NA	        NA	        NA	        NA	                       NA	                       NA	
  01/04/1931	        NA	        NA	        NA	        NA	                       NA	                       NA	
  01/04/1931	        NA	        NA	        NA	        NA	                       NA	                       NA	
  01/04/1931	        NA	        NA	        NA	        NA	                       NA	                       NA	
  01/04/1931	        NA	        NA	        NA	        NA	                       NA	                       NA	
  01/04/1931	        NA	        NA	        NA	        NA	                       NA	                       NA	
  01/04/1931	        NA	        NA	        NA	        NA	                       NA	                       NA	
  01/04/1931	        NA	        NA	        NA	        NA	                       NA	                       NA	
  01/04/1931	        NA	        NA	        NA	        NA	                       NA	                       NA	
  01/04/1931	        NA	        NA	        NA	        NA	                       NA	                       NA	
  01/04/1931	        NA	        NA	        NA	        NA	                       NA	                       NA	
  01/04/1931	        NA	        NA	        NA	        NA	                       NA	                       NA	
  01/04/1931	        NA	        NA	        NA	        NA	                       NA	                       NA	
  01/04/1931	        NA	        NA	      21.3	    -157.9	alongside pier 3 honolulu th	                 honolulu	
  01/04/1931	        NA	        NA	        NA	        NA	                       NA	                       NA	
  02/04/1931	        NA	        NA	      21.3	    -157.9	alongside pier 2 honolulu th	                 honolulu	
  02/04/1931	        NA	        NA	        NA	        NA	                       NA	                       NA	
  03/04/1931	        NA	        NA	      21.3	    -157.9	alongside pier 3 honolulu th	                 honolulu	
  03/04/1931	        NA	        NA	        NA	        NA	                       NA	                       NA	
  04/03/1931	        NA	        NA	      21.3	    -157.9	alongside pier 3 honolulu th	                 honolulu	
  04/03/1931	        NA	        NA	        NA	        NA	                       NA	                       NA	
  05/03/1931	        NA	        NA	      21.3	    -157.9	alongside pier 3 honolulu th	                 honolulu	
  05/03/1931	        NA	        NA	        NA	        NA	                       NA	                       NA	
  06/04/1931	        NA	        NA	      21.3	    -157.9	alongside pier 3 honolulu hawaii	                 honolulu	
  06/04/1931	        NA	        NA	        NA	        NA	                       NA	                       NA	
  06/04/1931	        NA	        NA	      21.3	    -157.9	                 honolulu	                 honolulu	
  06/04/1931	        NA	        NA	        NA	        NA	                       NA	                       NA	
  07/04/1931	        NA	        NA	      21.3	    -157.9	alongside pier 3 honolulu th	                 honolulu	
  07/04/1931	        NA	        NA	        NA	        NA	                       NA	                       NA	
  08/04/1931	        NA	        NA	      21.3	    -157.9	alongside pier 3 honolulu th	                 honolulu	
  08/04/1931	        NA	        NA	        NA	        NA	                       NA	                       NA	
  09/04/1931	        NA	        NA	      21.3	    -157.9	alongside pier 3 honolulu th	                 honolulu	
  09/04/1931	        NA	        NA	        NA	        NA	                       NA	                       NA	
  10/04/1931	        NA	        NA	      21.3	    -157.9	alongside pier 3 honolulu th	                 honolulu	
  10/04/1931	        NA	        NA	        NA	        NA	                       NA	                       NA	
  11/04/1931	        NA	        NA	      21.3	    -157.9	alongside pier 3 honolulu th	                 honolulu	
  11/04/1931	        NA	        NA	        NA	        NA	                       NA	                       NA	
  12/04/1931	        NA	        NA	      21.3	    -157.9	alongside pier 3 honolulu th	                 honolulu	
  12/04/1931	        NA	        NA	        NA	        NA	                       NA	                       NA	
  13/04/1931	        NA	        NA	      21.3	    -157.9	alongside pier 3 honolulu th	                 honolulu	
  13/04/1931	        NA	        NA	        NA	        NA	                       NA	                       NA	
  14/04/1931	        NA	        NA	      21.3	    -157.9	alongside pier 3 honoulu th	                 honolulu	
  14/04/1931	        NA	        NA	        NA	        NA	                       NA	                       NA	
  15/04/1931	        NA	        NA	      21.3	    -157.9	alongside pier 3 honoulu th	                 honolulu	
  15/04/1931	        NA	        NA	        NA	        NA	                       NA	                       NA	
  16/04/1931	        NA	        NA	      21.3	    -157.9	alongside pier 3 honoulu th	                 honolulu	
  16/04/1931	        NA	        NA	        NA	        NA	                       NA	                       NA	
  17/04/1931	        NA	        NA	      21.3	    -157.9	alongside pier 3 honoulu th	                 honolulu	
  17/04/1931	        NA	        NA	        NA	        NA	                       NA	                       NA	
  18/04/1931	        NA	        NA	      21.3	    -157.9	alongside pier 3 honoulu th	                 honolulu	
  18/04/1931	        NA	        NA	        NA	        NA	                       NA	                       NA	
  19/04/1931	        NA	        NA	      21.3	    -157.9	alongside pier 3 honoulu th	                 honolulu	
  19/04/1931	        NA	        NA	        NA	        NA	                       NA	                       NA	
  20/04/1931	        NA	        NA	      21.3	    -157.9	alongside pier 3 honoulu th	                 honolulu	
  20/04/1931	        NA	        NA	        NA	        NA	                       NA	                       NA	
  21/04/1931	        NA	        NA	      21.3	    -157.9	alongside pier 3 honoulu th	                 honolulu	
  21/04/1931	        NA	        NA	        NA	        NA	                       NA	                       NA	
  22/04/1931	        NA	        NA	      21.3	    -157.9	alongside pier 3 honoulu th	                 honolulu	
  22/04/1931	        NA	        NA	        NA	        NA	                       NA	                       NA	
  23/04/1931	        NA	        NA	      21.3	    -157.9	alongside pier 3 honoulu th	                 honolulu	
  23/04/1931	        NA	        NA	        NA	        NA	                       NA	                       NA	
  24/04/1931	        NA	        NA	      21.3	    -157.9	alongside pier 3 honoulu th	                 honolulu	
  24/04/1931	        NA	        NA	        NA	        NA	                       NA	                       NA	
  25/04/1931	        NA	        NA	      21.3	    -157.9	alongside pier 3 honoulu th	                 honolulu	
  25/04/1931	        NA	        NA	        NA	        NA	                       NA	                       NA	
  26/04/1931	        NA	        NA	      21.3	    -157.9	alongside pier 3 honoulu th	                 honolulu	
  26/04/1931	        NA	        NA	        NA	        NA	                       NA	                       NA	
  27/04/1931	        NA	        NA	      21.3	    -157.9	alongside pier 3 honoulu th	                 honolulu	
  27/04/1931	        NA	        NA	        NA	        NA	                       NA	                       NA	
  28/04/1931	        NA	        NA	      21.3	    -157.9	alongside pier 3 honoulu th	                 honolulu	
  28/04/1931	        NA	        NA	        NA	        NA	                       NA	                       NA	
  29/04/1931	        NA	        NA	      21.3	    -157.9	alongside pier 3 honoulu th	                 honolulu	
  29/04/1931	        NA	        NA	        NA	        NA	                       NA	                       NA	
  30/04/1931	        NA	        NA	      21.3	    -157.9	alongside pier 3 honoulu th	                 honolulu	
  30/04/1931	        NA	        NA	        NA	        NA	                       NA	                       NA	
  01/05/1931	        NA	        NA	      21.3	    -157.9	alongside pier 3 honoulu th	                 honolulu	
  01/05/1931	        NA	        NA	        NA	        NA	                       NA	                       NA	
  02/05/1931	        NA	        NA	      21.3	    -157.9	alongside pier 3 honoulu th	                 honolulu	
  02/05/1931	        NA	        NA	        NA	        NA	                       NA	                       NA	
  03/05/1931	        NA	        NA	      21.3	    -157.9	alongside pier 3 honoulu th	                 honolulu	
  03/05/1931	        NA	        NA	        NA	        NA	                       NA	                       NA	
  04/05/1931	        NA	        NA	      21.3	    -157.9	alongside pier 3 honoulu th	                 honolulu	
  04/05/1931	        NA	        NA	        NA	        NA	                       NA	                       NA	
  05/05/1931	        NA	        NA	      21.3	    -157.9	alongside pier 3 honoulu th	                 honolulu	
  05/05/1931	        NA	        NA	        NA	        NA	                       NA	                       NA	
  06/05/1931	        NA	        NA	      21.3	    -157.9	alongside pier 3 honoulu th	                 honolulu	
  06/05/1931	        NA	        NA	        NA	        NA	                       NA	                       NA	
  07/05/1931	        NA	        NA	      21.3	    -157.9	alongside pier 3 honoulu th	                 honolulu	
  07/05/1931	        NA	        NA	        NA	        NA	                       NA	                       NA	
  08/05/1931	        NA	        NA	      21.3	    -157.9	alongside pier 3 honoulu th	                 honolulu	
  08/05/1931	        NA	        NA	        NA	        NA	                       NA	                       NA	
  09/05/1931	        NA	        NA	      21.3	    -157.9	alongside pier 3 honoulu th	                 honolulu	
  09/05/1931	        NA	        NA	        NA	        NA	                       NA	                       NA	
  10/05/1931	        NA	        NA	      21.3	    -157.9	alongside pier 3 honolulu th	                 honolulu	
  10/05/1931	        NA	        NA	        NA	        NA	                       NA	                       NA	
  11/05/1931	        NA	        NA	      21.3	    -157.9	alongside pier 3 honolulu th	                 honolulu	
  11/05/1931	        NA	        NA	        NA	        NA	                       NA	                       NA	
  12/05/1931	        NA	        NA	      21.3	    -157.9	alongside pier 3 honolulu th	                 honolulu	
  12/05/1931	        NA	        NA	        NA	        NA	                       NA	                       NA	
  13/05/1931	        NA	        NA	      21.3	    -157.9	alongside pier 3 honolulu th	                 honolulu	
  13/05/1931	        NA	        NA	        NA	        NA	                       NA	                       NA	
  14/05/1931	        NA	        NA	      21.3	    -157.9	alongside pier 3 honolulu th	                 honolulu	
  14/05/1931	        NA	        NA	        NA	        NA	                       NA	                       NA	
  15/05/1931	        NA	        NA	      21.3	    -157.9	alongside pier 3 honolulu th	                 honolulu	
  15/05/1931	        NA	        NA	        NA	        NA	                       NA	                       NA	
  16/05/1931	        NA	        NA	      21.3	    -157.9	alongside pier 3 honolulu th	                 honolulu	
  16/05/1931	        NA	        NA	        NA	        NA	                       NA	                       NA	
  17/05/1931	        NA	        NA	      21.3	    -157.9	alongside pier 3 honolulu th	                 honolulu	
  17/05/1931	        NA	        NA	        NA	        NA	                       NA	                       NA	
  18/05/1931	        NA	        NA	      21.3	    -157.9	alongside pier 3 honolulu th	                 honolulu	
  18/05/1931	        NA	        NA	        NA	        NA	                       NA	                       NA	
  19/05/1931	        NA	        NA	      21.3	    -157.9	dry dock of outerisland steam nav co honolulu	                 honolulu	
  19/05/1931	        NA	        NA	        NA	        NA	                       NA	                       NA	
  20/05/1931	        NA	        NA	      21.3	    -157.9	dry dock at honolulu iron works	                 honolulu	
  20/05/1931	        NA	        NA	        NA	        NA	                       NA	                       NA	
  21/05/1931	        NA	        NA	      21.3	    -157.9	dry dock at honolulu iron works	                 honolulu	
  21/05/1931	        NA	        NA	        NA	        NA	                       NA	                       NA	
  22/05/1931	        NA	        NA	      21.3	    -157.9	alongside pier 3 honolulu hawaii	                 honolulu	
  22/05/1931	        NA	        NA	        NA	        NA	                       NA	                       NA	
  23/05/1931	        NA	        NA	      21.3	    -157.9	alongside pier 3 honolulu th	                 honolulu	
  23/05/1931	        NA	        NA	        NA	        NA	                       NA	                       NA	
  24/05/1931	        NA	        NA	      21.3	    -157.9	alongside pier 3 honolulu th	                 honolulu	
  24/05/1931	        NA	        NA	        NA	        NA	                       NA	                       NA	
  25/05/1931	        NA	        NA	      21.3	    -157.9	alongside pier 3 honolulu th	                 honolulu	
  25/05/1931	        NA	        NA	        NA	        NA	                       NA	                       NA	
  26/05/1931	        NA	        NA	      21.3	    -157.9	alongside pier 3 honolulu th	                 honolulu	
  26/05/1931	        NA	        NA	        NA	        NA	                       NA	                       NA	
  27/05/1931	        NA	        NA	      21.3	    -157.9	alongside pier 3 honolulu th	                 honolulu	
  27/05/1931	        NA	        NA	        NA	        NA	                       NA	                       NA	
  28/05/1931	        NA	        NA	      21.3	    -157.9	alongside pier 3 honolulu th	                 honolulu	
  28/05/1931	        NA	        NA	        NA	        NA	                       NA	                       NA	
  29/05/1931	        NA	        NA	      21.3	    -157.9	alongside pier 3 honolulu th	                 honolulu	
  29/05/1931	        NA	        NA	        NA	        NA	                       NA	                       NA	
  30/05/1931	        NA	        NA	      21.3	    -157.9	alongside pier 3 honolulu th	                 honolulu	
  30/05/1931	        NA	        NA	        NA	        NA	                       NA	                       NA	
  31/05/1931	        NA	        NA	      21.3	    -157.9	alongside pier 3 honolulu th	                 honolulu	
  31/05/1931	        NA	        NA	        NA	        NA	                       NA	                       NA	
  01/06/1931	        NA	        NA	      21.3	    -157.9	alongside pier 3 honolulu th	                 honolulu	
  01/06/1931	        NA	        NA	        NA	        NA	                       NA	                       NA	
  02/06/1931	        NA	        NA	      21.3	    -157.9	alongside pier 3 honolulu th	                 honolulu	
  02/06/1931	        NA	        NA	        NA	        NA	                       NA	                       NA	
  03/06/1931	        NA	        NA	      21.4	    -158.0	alongside dock pearl harbor navy yard	           pearl  harbour	
  03/06/1931	        NA	        NA	        NA	        NA	                       NA	                       NA	
  04/06/1931	        NA	        NA	      21.4	    -158.0	alongside dock pearl harbor navy yard th	           pearl  harbour	
  04/06/1931	        NA	        NA	        NA	        NA	                       NA	                       NA	
  05/06/1931	        NA	        NA	      21.4	    -158.0	alongside dock pearl harbor navy yard	           pearl  harbour	
  05/06/1931	        NA	        NA	        NA	        NA	                       NA	                       NA	
  10/06/1931	        NA	        NA	        NA	        NA	                       NA	                       NA	
  11/06/1931	        NA	        NA	      25.4	    -170.6	anchored off maro reef th	               moaro reef	
  11/06/1931	        NA	        NA	        NA	        NA	                       NA	                       NA	
  12/06/1931	        NA	        NA	      25.4	    -170.6	anchored off maro reef th	               moaro reef	
  12/06/1931	        NA	        NA	        NA	        NA	                       NA	                       NA	
  13/06/1931	        NA	        NA	      25.4	    -170.6	anchored off maro reef th	               moaro reef	
  13/06/1931	        NA	        NA	        NA	        NA	                       NA	                       NA	
  14/06/1931	        NA	        NA	      25.4	    -170.6	anchored off maro reef th	               moaro reef	
  14/06/1931	        NA	        NA	        NA	        NA	                       NA	                       NA	
  15/06/1931	        NA	        NA	      25.4	    -170.6	             maro reef th	               moaro reef	
  15/06/1931	        NA	        NA	        NA	        NA	                       NA	                       NA	
  16/06/1931	        NA	        NA	      25.4	    -170.6	             maro reef th	               moaro reef	
  16/06/1931	        NA	        NA	        NA	        NA	                       NA	                       NA	
  17/06/1931	        NA	        NA	      25.4	    -170.6	             maro reef th	               moaro reef	
  17/06/1931	        NA	        NA	        NA	        NA	                       NA	                       NA	
  18/06/1931	        NA	        NA	      25.4	    -170.6	             maro reef th	               moaro reef	
  18/06/1931	        NA	        NA	        NA	        NA	                       NA	                       NA	
  19/06/1931	        NA	        NA	      25.4	    -170.6	             maro reef th	               moaro reef	
  19/06/1931	        NA	        NA	        NA	        NA	                       NA	                       NA	
  20/06/1931	        NA	        NA	      25.4	    -170.6	             maro reef th	               moaro reef	
  20/06/1931	        NA	        NA	        NA	        NA	                       NA	                       NA	
  21/06/1931	        NA	        NA	      25.4	    -170.6	             maro reef th	               moaro reef	
  21/06/1931	        NA	        NA	        NA	        NA	                       NA	                       NA	
  26/06/1931	        NA	        NA	        NA	        NA	                       NA	                       NA	
  27/06/1931	        NA	        NA	      21.3	    -157.9	alongside pier 6 honolulu	                 honolulu	
  27/06/1931	        NA	        NA	        NA	        NA	                       NA	                       NA	
  28/06/1931	        NA	        NA	      21.3	    -157.9	alongside pier 6 honolulu	                 honolulu	
  28/06/1931	        NA	        NA	        NA	        NA	                       NA	                       NA	
  29/06/1931	        NA	        NA	      21.3	    -157.9	alongside pier 6 honolulu hawaii	                 honolulu	
  29/06/1931	        NA	        NA	        NA	        NA	                       NA	                       NA	
  30/06/1931	        NA	        NA	      21.3	    -157.9	alongside pier 6 honolulu th	                 honolulu	
  30/06/1931	        NA	        NA	        NA	        NA	                       NA	                       NA	
  30/06/1931	        NA	        NA	        NA	        NA	                       NA	                       NA	
  30/06/1931	        NA	        NA	        NA	        NA	                       NA	                       NA	
  30/06/1931	        NA	        NA	        NA	        NA	                       NA	                       NA	
  30/06/1931	        NA	        NA	        NA	        NA	                       NA	                       NA	
  30/06/1931	        NA	        NA	        NA	        NA	                       NA	                       NA	
  30/06/1931	        NA	        NA	        NA	        NA	                       NA	                       NA	
  30/06/1931	        NA	        NA	        NA	        NA	                       NA	                       NA	
  30/06/1931	        NA	        NA	        NA	        NA	                       NA	                       NA	
  30/06/1931	        NA	        NA	        NA	        NA	                       NA	                       NA	
  30/06/1931	        NA	        NA	        NA	        NA	                       NA	                       NA	
  30/06/1931	        NA	        NA	        NA	        NA	                       NA	                       NA	
  30/06/1931	        NA	        NA	        NA	        NA	                       NA	                       NA	
  01/07/1931	        NA	        NA	      21.3	    -157.9	alongside pier 6 honolulu hawaii	                 honolulu	
  01/07/1931	        NA	        NA	        NA	        NA	                       NA	                       NA	
  02/07/1931	        NA	        NA	      21.3	    -157.9	alongside pier 6 honolulu hawaii	                 honolulu	
  02/07/1931	        NA	        NA	        NA	        NA	                       NA	                       NA	
  03/07/1931	        NA	        NA	      21.3	    -157.9	alongside pier 6 honolulu hawaii	                 honolulu	
  03/07/1931	        NA	        NA	        NA	        NA	                       NA	                       NA	
  04/07/1931	        NA	        NA	      21.3	    -157.9	alongside pier 6 honolulu th	                 honolulu	
  04/07/1931	        NA	        NA	        NA	        NA	                       NA	                       NA	
  05/07/1931	        NA	        NA	      21.3	    -157.9	alongside pier 6 honolulu th	                 honolulu	
  05/07/1931	        NA	        NA	        NA	        NA	                       NA	                       NA	
  06/07/1931	        NA	        NA	      21.3	    -157.9	alongside pier 6 honolulu th	                 honolulu	
  06/07/1931	        NA	        NA	        NA	        NA	                       NA	                       NA	
  07/07/1931	        NA	        NA	        NA	        NA	                       NA	                       NA	
  07/07/1931	        NA	        NA	        NA	        NA	                       NA	                       NA	
  11/07/1931	        NA	        NA	        NA	        NA	                       NA	                       NA	
  12/07/1931	        NA	        NA	      25.4	    -170.6	running sounding line of maro reef th	               moaro reef	
  12/07/1931	        NA	        NA	        NA	        NA	                       NA	                       NA	
  13/07/1931	        NA	        NA	      25.4	    -170.6	anchored off maro reef th	               moaro reef	
  13/07/1931	        NA	        NA	        NA	        NA	                       NA	                       NA	
  14/07/1931	        NA	        NA	      25.4	    -170.6	anchored off maro reef th	               moaro reef	
  14/07/1931	        NA	        NA	        NA	        NA	                       NA	                       NA	
  15/07/1931	        NA	        NA	      25.4	    -170.6	running deep sea lines west of maro reef t h	               moaro reef	
  15/07/1931	        NA	        NA	        NA	        NA	                       NA	                       NA	
  16/07/1931	        NA	        NA	      25.4	    -170.6	at anchor off maro reef th	               moaro reef	
  16/07/1931	        NA	        NA	        NA	        NA	                       NA	                       NA	
  17/07/1931	        NA	        NA	      25.4	    -170.6	underway sounding line off maro reef th	               moaro reef	
  17/07/1931	        NA	        NA	        NA	        NA	                       NA	                       NA	
  18/07/1931	        NA	        NA	      25.4	    -170.6	anchored off maro reef th	               moaro reef	
  18/07/1931	        NA	        NA	        NA	        NA	                       NA	                       NA	
  19/07/1931	        NA	        NA	      25.4	    -170.6	anchored off maro reef th	               moaro reef	
  19/07/1931	        NA	        NA	        NA	        NA	                       NA	                       NA	
  20/07/1931	        NA	        NA	      25.4	    -170.6	             maro reef th	               moaro reef	
  20/07/1931	        NA	        NA	        NA	        NA	                       NA	                       NA	
  21/07/1931	        NA	        NA	      25.4	    -170.6	             maro reef th	               moaro reef	
  21/07/1931	        NA	        NA	        NA	        NA	                       NA	                       NA	
  22/07/1931	        NA	        NA	      25.4	    -170.6	             maro reef th	               moaro reef	
  22/07/1931	        NA	        NA	        NA	        NA	                       NA	                       NA	
  23/07/1931	        NA	        NA	      25.4	    -170.6	             maro reef th	               moaro reef	
  23/07/1931	        NA	        NA	        NA	        NA	                       NA	                       NA	
  24/07/1931	        NA	        NA	      25.4	    -170.6	             maro reef th	               moaro reef	
  24/07/1931	        NA	        NA	        NA	        NA	                       NA	                       NA	
  25/07/1931	        NA	        NA	      25.4	    -170.6	             maro reef th	               moaro reef	
  25/07/1931	        NA	        NA	        NA	        NA	                       NA	                       NA	
  26/07/1931	        NA	        NA	      25.4	    -170.6	             maro reef th	               moaro reef	
  26/07/1931	        NA	        NA	        NA	        NA	                       NA	                       NA	
  31/07/1931	        NA	        NA	        NA	        NA	                       NA	                       NA	
  01/08/1931	        NA	        NA	      21.3	    -157.9	alongside pier 6 honolulu th	                 honolulu	
  01/08/1931	        NA	        NA	        NA	        NA	                       NA	                       NA	
  02/08/1931	        NA	        NA	      21.3	    -157.9	alongside pier 6 honolulu th	                 honolulu	
  02/08/1931	        NA	        NA	        NA	        NA	                       NA	                       NA	
  03/08/1931	        NA	        NA	      21.3	    -157.9	alongside pier 6 honolulu th	                 honolulu	
  03/08/1931	        NA	        NA	        NA	        NA	                       NA	                       NA	
  04/08/1931	        NA	        NA	      21.3	    -157.9	alongside pier 6 honolulu th	                 honolulu	
  04/08/1931	        NA	        NA	        NA	        NA	                       NA	                       NA	
  05/08/1931	        NA	        NA	      21.3	    -157.9	alongside pier 6 honolulu th	                 honolulu	
  05/08/1931	        NA	        NA	        NA	        NA	                       NA	                       NA	
  06/08/1931	        NA	        NA	      21.3	    -157.9	alongside pier 6 honolulu th	                 honolulu	
  06/08/1931	        NA	        NA	        NA	        NA	                       NA	                       NA	
  07/08/1931	        NA	        NA	      21.3	    -157.9	alongside pier 6 honolulu th	                 honolulu	
  07/08/1931	        NA	        NA	        NA	        NA	                       NA	                       NA	
  08/08/1931	        NA	        NA	      21.3	    -157.9	alongside pier 6 honolulu th	                 honolulu	
  08/08/1931	        NA	        NA	        NA	        NA	                       NA	                       NA	
  09/08/1931	        NA	        NA	      21.3	    -157.9	alongside pier 6 honolulu th	                 honolulu	
  09/08/1931	        NA	        NA	        NA	        NA	                       NA	                       NA	
  10/08/1931	        NA	        NA	      21.3	    -157.9	alongside pier 6 honolulu th	                 honolulu	
  10/08/1931	        NA	        NA	        NA	        NA	                       NA	                       NA	
  11/08/1931	        NA	        NA	      21.3	    -157.9	alongside pier 6 honolulu th	                 honolulu	
  11/08/1931	        NA	        NA	        NA	        NA	                       NA	                       NA	
  12/08/1931	        NA	        NA	        NA	        NA	                       NA	                       NA	
  13/08/1931	   23 17 N	  165 12 W	      55.1	    -161.9	underway from honolulu th to lisianski island th	           iliaski island	
  13/08/1931	        NA	        NA	        NA	        NA	                       NA	                       NA	
  14/08/1931	   24 10 N	  168 40 W	      55.1	    -161.9	underway from honolulu th to lisianski island th	           iliaski island	
  14/08/1931	        NA	        NA	        NA	        NA	                       NA	                       NA	
  16/08/1931	        NA	        NA	        NA	        NA	                       NA	                       NA	
  17/08/1931	        NA	        NA	      26.1	    -174.0	at anchor 3 mi west of lisianski island	           iliaski island	
  17/08/1931	        NA	        NA	        NA	        NA	                       NA	                       NA	
  28/08/1931	        NA	        NA	        NA	        NA	                       NA	                       NA	
  29/08/1931	        NA	        NA	      26.1	    -174.0	anchored off lisianshi island th	           iliaski island	
  29/08/1931	        NA	        NA	        NA	        NA	                       NA	                       NA	
  03/09/1931	        NA	        NA	        NA	        NA	                       NA	                       NA	
  04/09/1931	        NA	        NA	      21.3	    -157.9	alongside pier 6 honolulu th	                 honolulu	
  04/09/1931	        NA	        NA	        NA	        NA	                       NA	                       NA	
  05/09/1931	        NA	        NA	      21.3	    -157.9	alongside pier 6 honolulu th	                 honolulu	
  05/09/1931	        NA	        NA	        NA	        NA	                       NA	                       NA	
  06/09/1931	        NA	        NA	      21.3	    -157.9	alongside pier 6 honolulu th	                 honolulu	
  06/09/1931	        NA	        NA	        NA	        NA	                       NA	                       NA	
  07/09/1931	        NA	        NA	      21.3	    -157.9	alongside pier 6 honolulu th	                 honolulu	
  07/09/1931	        NA	        NA	        NA	        NA	                       NA	                       NA	
  08/09/1931	        NA	        NA	      21.3	    -157.9	alongside pier 6 honolulu th	                 honolulu	
  08/09/1931	        NA	        NA	        NA	        NA	                       NA	                       NA	
  09/09/1931	        NA	        NA	      21.3	    -157.9	alongside pier 6 honolulu th	                 honolulu	
  09/09/1931	        NA	        NA	        NA	        NA	                       NA	                       NA	
  10/09/1931	        NA	        NA	      21.3	    -157.9	alongside pier 6 honolulu th	                 honolulu	
  10/09/1931	        NA	        NA	        NA	        NA	                       NA	                       NA	
  11/09/1931	        NA	        NA	      21.3	    -157.9	alongside pier  6 honolulu hawaii	                 honolulu	
  11/09/1931	        NA	        NA	        NA	        NA	                       NA	                       NA	
  12/09/1931	        NA	        NA	      21.3	    -157.9	alongside pier 6 honolulu th	                 honolulu	
  12/09/1931	        NA	        NA	        NA	        NA	                       NA	                       NA	
  13/09/1931	        NA	        NA	      21.3	    -157.9	alongside pier 6 honolulu th	                 honolulu	
  13/09/1931	        NA	        NA	        NA	        NA	                       NA	                       NA	
  14/09/1931	        NA	        NA	      21.3	    -157.9	alongside pier 6 honolulu th	                 honolulu	
  14/09/1931	        NA	        NA	        NA	        NA	                       NA	                       NA	
  15/09/1931	        NA	        NA	      21.3	    -157.9	alongside pier 6 honolulu th	                 honolulu	
  15/09/1931	        NA	        NA	        NA	        NA	                       NA	                       NA	
  16/09/1931	   18 58 N	  157 58 W	      55.1	    -161.9	underway from honolulu to lisianski island th	           iliaski island	
  16/09/1931	        NA	        NA	        NA	        NA	                       NA	                       NA	
  17/09/1931	     18 28	    161 34	      55.1	    -161.9	underway honolulu to lisianski island th	           iliaski island	
  17/09/1931	        NA	        NA	        NA	        NA	                       NA	                       NA	
  18/09/1931	   20 11 N	  165 15 W	      55.1	    -161.9	honolulu th to lisianski island	           iliaski island	
  18/09/1931	        NA	        NA	        NA	        NA	                       NA	                       NA	
  19/09/1931	   21 36 N	  167 56 W	      55.1	    -161.9	honolulu th to lisianski island	           iliaski island	
  19/09/1931	        NA	        NA	        NA	        NA	                       NA	                       NA	
  20/09/1931	   22 43 N	  170 13 W	      26.1	    -174.0	honolulu th to lisianski island	           iliaski island	
  20/09/1931	        NA	        NA	        NA	        NA	                       NA	                       NA	
  22/09/1931	        NA	        NA	        NA	        NA	                       NA	                       NA	
  23/09/1931	        NA	        NA	      26.1	    -174.0	anchored near buoy pete lisianski island th	           iliaski island	
  23/09/1931	        NA	        NA	        NA	        NA	                       NA	                       NA	
  29/09/1931	        NA	        NA	        NA	        NA	                       NA	                       NA	
  30/09/1931	        NA	        NA	      26.1	    -174.0	at ancor 12 milee of bouy sho lisianski id th	           iliaski island	
  30/09/1931	        NA	        NA	        NA	        NA	                       NA	                       NA	
  30/09/1931	        NA	        NA	        NA	        NA	                       NA	                       NA	
  30/09/1931	        NA	        NA	        NA	        NA	                       NA	                       NA	
  30/09/1931	        NA	        NA	        NA	        NA	                       NA	                       NA	
  30/09/1931	        NA	        NA	        NA	        NA	                       NA	                       NA	
  30/09/1931	        NA	        NA	        NA	        NA	                       NA	                       NA	
  30/09/1931	        NA	        NA	        NA	        NA	                       NA	                       NA	
  30/09/1931	        NA	        NA	        NA	        NA	                       NA	                       NA	
  30/09/1931	        NA	        NA	        NA	        NA	                       NA	                       NA	
  30/09/1931	        NA	        NA	        NA	        NA	                       NA	                       NA	
  30/09/1931	        NA	        NA	        NA	        NA	                       NA	                       NA	
  30/09/1931	        NA	        NA	        NA	        NA	                       NA	                       NA	
  30/09/1931	        NA	        NA	        NA	        NA	                       NA	                       NA	
  09/10/1931	        NA	        NA	        NA	        NA	                       NA	                       NA	
  10/10/1931	        NA	        NA	      26.1	    -174.0	anchored off lisianski island th	           iliaski island	
  10/10/1931	        NA	        NA	        NA	        NA	                       NA	                       NA	
  11/10/1931	        NA	        NA	        NA	        NA	                       NA	                       NA	
  12/10/1931	   25 10 N	  169 45 W	      55.1	    -161.9	underway from lisianski island to honolulu hawaii	           iliaski island	
  12/10/1931	        NA	        NA	        NA	        NA	                       NA	                       NA	
  13/10/1931	     23 37	    166 56	      55.1	    -161.9	underway from lisianski island to honolulu th	           iliaski island	
  13/10/1931	        NA	        NA	        NA	        NA	                       NA	                       NA	
  14/10/1931	     22 41	    163 33	      55.1	    -161.9	underway from lisianski island to honolulu th	           iliaski island	
  14/10/1931	        NA	        NA	        NA	        NA	                       NA	                       NA	
  16/10/1931	        NA	        NA	        NA	        NA	                       NA	                       NA	
  17/10/1931	        NA	        NA	      21.3	    -157.9	alongside pier 6 honolulu th	                 honolulu	
  17/10/1931	        NA	        NA	        NA	        NA	                       NA	                       NA	
  18/10/1931	        NA	        NA	      21.3	    -157.9	alongside pier 6 honolulu th	                 honolulu	
  18/10/1931	        NA	        NA	        NA	        NA	                       NA	                       NA	
  19/10/1931	        NA	        NA	      21.3	    -157.9	alongside pier 6 honolulu th	                 honolulu	
  19/10/1931	        NA	        NA	        NA	        NA	                       NA	                       NA	
  20/10/1931	        NA	        NA	      21.3	    -157.9	alongside pier 6 honolulu th	                 honolulu	
  20/10/1931	        NA	        NA	        NA	        NA	                       NA	                       NA	
  21/10/1931	        NA	        NA	      21.3	    -157.9	alongside pier 6 honolulu th	                 honolulu	
  21/10/1931	        NA	        NA	        NA	        NA	                       NA	                       NA	
  22/10/1931	        NA	        NA	      21.3	    -157.9	alongside pier 6 honolulu th	                 honolulu	
  22/10/1931	        NA	        NA	        NA	        NA	                       NA	                       NA	
  23/10/1931	        NA	        NA	      21.3	    -157.9	alongside pier 6 honolulu th	                 honolulu	
  23/10/1931	        NA	        NA	        NA	        NA	                       NA	                       NA	
  24/10/1931	        NA	        NA	      21.3	    -157.9	alongside pier 6 honolulu th	                 honolulu	
  24/10/1931	        NA	        NA	        NA	        NA	                       NA	                       NA	
  25/10/1931	        NA	        NA	      21.3	    -157.9	alongside pier 6 honolulu th	                 honolulu	
  25/10/1931	        NA	        NA	        NA	        NA	                       NA	                       NA	
  26/10/1931	        NA	        NA	      21.3	    -157.9	alongside pier 6 honolulu th	                 honolulu	
  26/10/1931	        NA	        NA	        NA	        NA	                       NA	                       NA	
  27/10/1931	        NA	        NA	      21.3	    -157.9	alongside pier 6 honolulu th	                 honolulu	
  27/10/1931	        NA	        NA	        NA	        NA	                       NA	                       NA	
  28/10/1931	        NA	        NA	      21.3	    -157.9	alongside pier 6 honolulu th	                 honolulu	
  28/10/1931	        NA	        NA	        NA	        NA	                       NA	                       NA	
  29/10/1931	        NA	        NA	      21.3	    -157.9	alongside pier 6 honolulu th	                 honolulu	
  29/10/1931	        NA	        NA	        NA	        NA	                       NA	                       NA	
  30/10/1931	        NA	        NA	      21.3	    -157.9	alongside pier 6 honolulu th	                 honolulu	
  30/10/1931	        NA	        NA	        NA	        NA	                       NA	                       NA	
  31/10/1931	        NA	        NA	      21.3	    -157.9	alongside pier 6 honolulu th	                 honolulu	
  31/10/1931	        NA	        NA	        NA	        NA	                       NA	                       NA	
  01/11/1931	        NA	        NA	      21.3	    -157.9	alongside pier 6 honolulu th	                 honolulu	
  01/11/1931	        NA	        NA	        NA	        NA	                       NA	                       NA	
  02/11/1931	        NA	        NA	      21.3	    -157.9	alongside pier 6 honolulu th	                 honolulu	
  02/11/1931	        NA	        NA	        NA	        NA	                       NA	                       NA	
  03/11/1931	   22 02 N	  161 24 W	      30.0	     112.4	en route to french frigate shoal th	                     hoia	
  03/11/1931	        NA	        NA	        NA	        NA	                       NA	                       NA	
  20/11/1931	        NA	        NA	        NA	        NA	                       NA	                       NA	
  21/11/1931	        NA	        NA	      21.3	    -157.9	alongside pier 16 honolulu th	                 honolulu	
  21/11/1931	        NA	        NA	        NA	        NA	                       NA	                       NA	
  22/11/1931	        NA	        NA	      21.3	    -157.9	alongside pier 16 honolulu th	                 honolulu	
  22/11/1931	        NA	        NA	        NA	        NA	                       NA	                       NA	
  23/11/1931	        NA	        NA	      21.3	    -157.9	alongside pier 16 honolulu th	                 honolulu	
  23/11/1931	        NA	        NA	        NA	        NA	                       NA	                       NA	
  24/11/1931	        NA	        NA	      21.3	    -157.9	alongside pier 16 honolulu th	                 honolulu	
  24/11/1931	        NA	        NA	        NA	        NA	                       NA	                       NA	
  25/11/1931	        NA	        NA	      21.3	    -157.9	alongside pier 16 honolulu th	                 honolulu	
  25/11/1931	        NA	        NA	        NA	        NA	                       NA	                       NA	
  26/11/1931	        NA	        NA	      21.3	    -157.9	alongside pier 16 honolulu th	                 honolulu	
  26/11/1931	        NA	        NA	        NA	        NA	                       NA	                       NA	
  27/11/1931	        NA	        NA	      21.3	    -157.9	alongside pier 16 honolulu th	                 honolulu	
  27/11/1931	        NA	        NA	        NA	        NA	                       NA	                       NA	
  28/11/1931	        NA	        NA	      21.3	    -157.9	alongside pier 16 honolulu th	                 honolulu	
  28/11/1931	        NA	        NA	        NA	        NA	                       NA	                       NA	
  29/11/1931	        NA	        NA	      21.3	    -157.9	alongside pier 16 honolulu th	                 honolulu	
  29/11/1931	        NA	        NA	        NA	        NA	                       NA	                       NA	
  30/11/1931	        NA	        NA	      21.3	    -157.9	alongside pier  5 honolulu th	                 honolulu	
  30/11/1931	        NA	        NA	        NA	        NA	                       NA	                       NA	
  01/12/1931	        NA	        NA	      21.3	    -157.9	alongside pier  5 honolulu th	                 honolulu	
  01/12/1931	        NA	        NA	        NA	        NA	                       NA	                       NA	
  02/12/1931	        NA	        NA	      21.3	    -157.9	alongside pier 5 honolulu th	                 honolulu	
  02/12/1931	        NA	        NA	        NA	        NA	                       NA	                       NA	
  03/12/1931	        NA	        NA	      21.3	    -157.9	alongside pier  5 honolulu th	                 honolulu	
  03/12/1931	        NA	        NA	        NA	        NA	                       NA	                       NA	
  04/12/1931	        NA	        NA	      21.3	    -157.9	alongside pier  5 honolulu th	                 honolulu	
  04/12/1931	        NA	        NA	        NA	        NA	                       NA	                       NA	
  05/12/1931	        NA	        NA	      21.3	    -157.9	alongside pier  5 honolulu th	                 honolulu	
  05/12/1931	        NA	        NA	        NA	        NA	                       NA	                       NA	
  06/12/1931	        NA	        NA	      21.3	    -157.9	alongside pier  5 honolulu th	                 honolulu	
  06/12/1931	        NA	        NA	        NA	        NA	                       NA	                       NA	
  07/12/1931	        NA	        NA	      21.3	    -157.9	alongside pier  5 honolulu th	                 honolulu	
  07/12/1931	        NA	        NA	        NA	        NA	                       NA	                       NA	
  11/12/1931	        NA	        NA	        NA	        NA	                       NA	                       NA	
  12/12/1931	        NA	        NA	      21.3	    -157.9	alongside pier  5 honolulu th	                 honolulu	
  12/12/1931	        NA	        NA	        NA	        NA	                       NA	                       NA	
  13/12/1931	        NA	        NA	      21.3	    -157.9	alongside pier 5 honolulu th	                 honolulu	
  13/12/1931	        NA	        NA	        NA	        NA	                       NA	                       NA	
  14/12/1931	        NA	        NA	      21.3	    -157.9	alongside pier 5 honolulu th	                 honolulu	
  14/12/1931	        NA	        NA	        NA	        NA	                       NA	                       NA	
  18/12/1931	        NA	        NA	        NA	        NA	                       NA	                       NA	
  19/12/1931	        NA	        NA	      21.3	    -157.9	alongside pier 6 honolulu hawaii	                 honolulu	
  19/12/1931	        NA	        NA	        NA	        NA	                       NA	                       NA	
  20/12/1931	        NA	        NA	      21.3	    -157.9	alongside pier 6 honolulu th	                 honolulu	
  20/12/1931	        NA	        NA	        NA	        NA	                       NA	                       NA	
  21/12/1931	        NA	        NA	      21.3	    -157.9	alongside pier 6 honolulu th	                 honolulu	
  21/12/1931	        NA	        NA	        NA	        NA	                       NA	                       NA	
  22/12/1931	        NA	        NA	      21.3	    -157.9	alongside pier 6 honolulu th	                 honolulu	
  22/12/1931	        NA	        NA	        NA	        NA	                       NA	                       NA	
  23/12/1931	        NA	        NA	      21.3	    -157.9	alongside pier 6 honolulu th	                 honolulu	
  23/12/1931	        NA	        NA	        NA	        NA	                       NA	                       NA	
  24/12/1931	        NA	        NA	      21.3	    -157.9	alongside pier 6 honolulu th	                 honolulu	
  24/12/1931	        NA	        NA	        NA	        NA	                       NA	                       NA	
  25/12/1931	        NA	        NA	      21.3	    -157.9	alongside pier 6 honolulu th	                 honolulu	
  25/12/1931	        NA	        NA	        NA	        NA	                       NA	                       NA	
  26/12/1931	        NA	        NA	      21.3	    -157.9	alongside pier 6 honolulu th	                 honolulu	
  26/12/1931	        NA	        NA	        NA	        NA	                       NA	                       NA	
  27/12/1931	        NA	        NA	      21.3	    -157.9	alongside pier 6 honolulu th	                 honolulu	
  27/12/1931	        NA	        NA	        NA	        NA	                       NA	                       NA	
  28/12/1931	        NA	        NA	      21.3	    -157.9	alongside pier 6 honolulu th	                 honolulu	
  28/12/1931	        NA	        NA	        NA	        NA	                       NA	                       NA	
  29/12/1931	        NA	        NA	      21.3	    -157.9	alongside pier 6 honolulu th	                 honolulu	
  29/12/1931	        NA	        NA	        NA	        NA	                       NA	                       NA	
  30/12/1931	        NA	        NA	      21.3	    -157.9	alongside pier 6 honolulu th	                 honolulu	
  30/12/1931	        NA	        NA	        NA	        NA	                       NA	                       NA	
  31/12/1931	        NA	        NA	      21.3	    -157.9	alongside pier 6 honolulu th	                 honolulu	
  31/12/1931	        NA	        NA	        NA	        NA	                       NA	                       NA	
  31/12/1931	        NA	        NA	        NA	        NA	                       NA	                       NA	
  31/12/1931	        NA	        NA	        NA	        NA	                       NA	                       NA	
  31/12/1931	        NA	        NA	        NA	        NA	                       NA	                       NA	
  31/12/1931	        NA	        NA	        NA	        NA	                       NA	                       NA	
  31/12/1931	        NA	        NA	        NA	        NA	                       NA	                       NA	
  31/12/1931	        NA	        NA	        NA	        NA	                       NA	                       NA	
  31/12/1931	        NA	        NA	        NA	        NA	                       NA	                       NA	
  31/12/1931	        NA	        NA	        NA	        NA	                       NA	                       NA	
  31/12/1931	        NA	        NA	        NA	        NA	                       NA	                       NA	
  31/12/1931	        NA	        NA	        NA	        NA	                       NA	                       NA	
  31/12/1931	        NA	        NA	        NA	        NA	                       NA	                       NA	
  31/12/1931	        NA	        NA	        NA	        NA	                       NA	                       NA	
