  01/01/1932	        NA	        NA	      21.3	    -157.9	alongside pier 6 honolulu th	                 honolulu	
  01/01/1932	        NA	        NA	        NA	        NA	                       NA	                       NA	
  02/01/1932	        NA	        NA	      21.3	    -157.9	alongside pier 6 honolulu th	                 honolulu	
  02/01/1932	        NA	        NA	        NA	        NA	                       NA	                       NA	
  03/01/1932	        NA	        NA	      21.3	    -157.9	alongside pier 6 honolulu th	                 honolulu	
  03/01/1932	        NA	        NA	        NA	        NA	                       NA	                       NA	
  04/01/1932	        NA	        NA	      21.3	    -157.9	alongside pier 6 honolulu th	                 honolulu	
  04/01/1932	        NA	        NA	        NA	        NA	                       NA	                       NA	
  05/01/1932	        NA	        NA	      21.3	    -157.9	underway from honolulu th to hilo th	                 honolulu	
  05/01/1932	        NA	        NA	        NA	        NA	                       NA	                       NA	
  06/01/1932	        NA	        NA	        NA	        NA	 alongside pier 1 hilo th	                       NA	
  06/01/1932	        NA	        NA	        NA	        NA	                       NA	                       NA	
  08/01/1932	        NA	        NA	        NA	        NA	                       NA	                       NA	
  09/01/1932	        NA	        NA	      21.3	    -157.9	alongside pier 7 honolulu th	                 honolulu	
  09/01/1932	        NA	        NA	        NA	        NA	                       NA	                       NA	
  10/01/1932	        NA	        NA	      21.3	    -157.9	alongside pier 7 honolulu th	                 honolulu	
  10/01/1932	        NA	        NA	        NA	        NA	                       NA	                       NA	
  11/01/1932	        NA	        NA	      21.3	    -157.9	alongside pier  7 honolulu th	                 honolulu	
  11/01/1932	        NA	        NA	        NA	        NA	                       NA	                       NA	
  12/01/1932	        NA	        NA	      21.3	    -157.9	underway from honolulu th to lahaina th	                 honolulu	
  12/01/1932	        NA	        NA	        NA	        NA	                       NA	                       NA	
  15/01/1932	        NA	        NA	        NA	        NA	                       NA	                       NA	
  16/01/1932	        NA	        NA	      21.3	    -157.9	alongside pier 7 honolulu hawaii	                 honolulu	
  16/01/1932	        NA	        NA	        NA	        NA	                       NA	                       NA	
  17/01/1932	        NA	        NA	      21.3	    -157.9	alongside pier 7 honolulu th	                 honolulu	
  17/01/1932	        NA	        NA	        NA	        NA	                       NA	                       NA	
  18/01/1932	        NA	        NA	      21.3	    -157.9	alongside pier  7 honolulu th	                 honolulu	
  18/01/1932	        NA	        NA	        NA	        NA	                       NA	                       NA	
  21/01/1932	        NA	        NA	        NA	        NA	                       NA	                       NA	
  22/01/1932	        NA	        NA	        NA	        NA	at anchor in maalaea bay maui th	                       NA	
  22/01/1932	        NA	        NA	        NA	        NA	                       NA	                       NA	
  23/01/1932	        NA	        NA	      21.3	    -157.9	alongside pier 6 honolulu th	                 honolulu	
  23/01/1932	        NA	        NA	        NA	        NA	                       NA	                       NA	
  24/01/1932	        NA	        NA	      21.3	    -157.9	alongside pier 6 honolulu th	                 honolulu	
  24/01/1932	        NA	        NA	        NA	        NA	                       NA	                       NA	
  25/01/1932	        NA	        NA	      21.3	    -157.9	alongside pier 6 honolulu th	                 honolulu	
  25/01/1932	        NA	        NA	        NA	        NA	                       NA	                       NA	
  29/01/1932	        NA	        NA	        NA	        NA	                       NA	                       NA	
  30/01/1932	        NA	        NA	      21.3	    -157.9	alongside pier 6 honolulu th	                 honolulu	
  30/01/1932	        NA	        NA	        NA	        NA	                       NA	                       NA	
  31/01/1932	        NA	        NA	      21.3	    -157.9	alongside pier 6 honolulu th	                 honolulu	
  31/01/1932	        NA	        NA	        NA	        NA	                       NA	                       NA	
  01/02/1932	        NA	        NA	      21.3	    -157.9	alongside pier 6 honolulu th	                 honolulu	
  01/02/1932	        NA	        NA	        NA	        NA	                       NA	                       NA	
  05/02/1932	        NA	        NA	        NA	        NA	                       NA	                       NA	
  06/02/1932	        NA	        NA	      21.3	    -157.9	alongside pier 6 honolulu th	                 honolulu	
  06/02/1932	        NA	        NA	        NA	        NA	                       NA	                       NA	
  07/02/1932	        NA	        NA	      21.3	    -157.9	alongside pier 6 honolulu th	                 honolulu	
  07/02/1932	        NA	        NA	        NA	        NA	                       NA	                       NA	
  08/02/1932	        NA	        NA	      21.3	    -157.9	alongside pier 6 honolulu th	                 honolulu	
  08/02/1932	        NA	        NA	        NA	        NA	                       NA	                       NA	
  09/02/1932	        NA	        NA	        NA	        NA	anchored in smugglers cove kahoolawe id th	                       NA	
  09/02/1932	        NA	        NA	        NA	        NA	                       NA	                       NA	
  11/02/1932	        NA	        NA	        NA	        NA	                       NA	                       NA	
  12/02/1932	        NA	        NA	        NA	        NA	at anchor in smugglers cove kahoolawe th	                       NA	
  12/02/1932	        NA	        NA	        NA	        NA	                       NA	                       NA	
  13/02/1932	        NA	        NA	      21.3	    -157.9	alongside pier  6 honolulu th	                 honolulu	
  13/02/1932	        NA	        NA	        NA	        NA	                       NA	                       NA	
  14/02/1932	        NA	        NA	      21.3	    -157.9	alongside pier  6 honolulu th	                 honolulu	
  14/02/1932	        NA	        NA	        NA	        NA	                       NA	                       NA	
  15/02/1932	        NA	        NA	      21.3	    -157.9	alongside pier  6 honolulu th	                 honolulu	
  15/02/1932	        NA	        NA	        NA	        NA	                       NA	                       NA	
  18/02/1932	        NA	        NA	        NA	        NA	                       NA	                       NA	
  19/02/1932	        NA	        NA	        NA	        NA	                       NA	                       NA	
  20/02/1932	        NA	        NA	      21.3	    -157.9	underway from kahoolawe to honolulu th	                 honolulu	
  20/02/1932	        NA	        NA	        NA	        NA	                       NA	                       NA	
  21/02/1932	        NA	        NA	      21.3	    -157.9	alongside pier 6 honolulu th	                 honolulu	
  21/02/1932	        NA	        NA	        NA	        NA	                       NA	                       NA	
  22/02/1932	        NA	        NA	      21.3	    -157.9	alongside pier 6 honolulu th	                 honolulu	
  22/02/1932	        NA	        NA	        NA	        NA	                       NA	                       NA	
  23/02/1932	        NA	        NA	      21.3	    -157.9	alongside pier 6 honolulu th	                 honolulu	
  23/02/1932	        NA	        NA	        NA	        NA	                       NA	                       NA	
  24/02/1932	        NA	        NA	        NA	        NA	anchored in smugglers cove kahoolawe th	                       NA	
  24/02/1932	        NA	        NA	        NA	        NA	                       NA	                       NA	
  25/02/1932	        NA	        NA	        NA	        NA	anchored in berks cove kahoolawe th	                       NA	
  25/02/1932	        NA	        NA	        NA	        NA	                       NA	                       NA	
  26/02/1932	        NA	        NA	        NA	        NA	                       NA	                       NA	
  27/02/1932	        NA	        NA	      21.3	    -157.9	underway working grounds to honolulu th	                 honolulu	
  27/02/1932	        NA	        NA	        NA	        NA	                       NA	                       NA	
  28/02/1932	        NA	        NA	      21.3	    -157.9	alongside pier 6 honolulu th	                 honolulu	
  28/02/1932	        NA	        NA	        NA	        NA	                       NA	                       NA	
  29/02/1932	        NA	        NA	      21.3	    -157.9	alongside pier 6 honolulu th	                 honolulu	
  29/02/1932	        NA	        NA	        NA	        NA	                       NA	                       NA	
  01/03/1932	        NA	        NA	        NA	        NA	                       NA	                       NA	
  02/03/1932	        NA	        NA	        NA	        NA	at anchor in smugglers cove kahoolawe th	                       NA	
  02/03/1932	        NA	        NA	        NA	        NA	                       NA	                       NA	
  03/03/1932	        NA	        NA	        NA	        NA	at anchor in smugglers cove kahoolawe th	                       NA	
  03/03/1932	        NA	        NA	        NA	        NA	                       NA	                       NA	
  04/03/1932	        NA	        NA	        NA	        NA	at anchor in smugglers cove kahoolawe th	                       NA	
  04/03/1932	        NA	        NA	        NA	        NA	                       NA	                       NA	
  20/03/1932	        NA	        NA	      21.3	    -157.9	alongside pier 6 honolulu hawaii	                 honolulu	
  20/03/1932	        NA	        NA	        NA	        NA	                       NA	                       NA	
  21/03/1932	   22 31 N	  154 25 W	      37.8	    -122.4	underway from honolulu to san francisco cal	        san francisco bay	
  21/03/1932	        NA	        NA	        NA	        NA	                       NA	                       NA	
  22/03/1932	   23 29 N	  150 35 W	      37.8	    -122.4	underway from honolulu to san francisco cal	        san francisco bay	
  22/03/1932	        NA	        NA	        NA	        NA	                       NA	                       NA	
  23/03/1932	   24 15 N	  147 05 W	      37.8	    -122.4	underway from honolulu to san francisco cal	        san francisco bay	
  23/03/1932	        NA	        NA	        NA	        NA	                       NA	                       NA	
  24/03/1932	   25 07 N	  143 30 W	      37.8	    -122.4	underway from honolulu to san francisco cal	        san francisco bay	
  24/03/1932	        NA	        NA	        NA	        NA	                       NA	                       NA	
  25/03/1932	   27 05 N	  140 16 W	      37.8	    -122.4	underway from honolulu to san francisco cal	        san francisco bay	
  25/03/1932	        NA	        NA	        NA	        NA	                       NA	                       NA	
  26/03/1932	     28 19	    136 29	      37.8	    -122.4	underway from honolulu to san francisco cal	        san francisco bay	
  26/03/1932	        NA	        NA	        NA	        NA	                       NA	                       NA	
  27/03/1932	   29 35 N	  132 43 W	      37.8	    -122.4	underway from honolulu to san francisco cal	        san francisco bay	
  27/03/1932	        NA	        NA	        NA	        NA	                       NA	                       NA	
  28/03/1932	   32 23 N	  130 48 W	      37.8	    -122.4	underway from honolulu to san francisco cal	        san francisco bay	
  28/03/1932	        NA	        NA	        NA	        NA	                       NA	                       NA	
  31/03/1932	        NA	        NA	        NA	        NA	                       NA	                       NA	
  31/03/1932	        NA	        NA	        NA	        NA	                       NA	                       NA	
  31/03/1932	        NA	        NA	        NA	        NA	                       NA	                       NA	
  31/03/1932	        NA	        NA	        NA	        NA	                       NA	                       NA	
  31/03/1932	        NA	        NA	        NA	        NA	                       NA	                       NA	
  31/03/1932	        NA	        NA	        NA	        NA	                       NA	                       NA	
  31/03/1932	        NA	        NA	        NA	        NA	                       NA	                       NA	
  31/03/1932	        NA	        NA	        NA	        NA	                       NA	                       NA	
  31/03/1932	        NA	        NA	        NA	        NA	                       NA	                       NA	
  31/03/1932	        NA	        NA	        NA	        NA	                       NA	                       NA	
  31/03/1932	        NA	        NA	        NA	        NA	                       NA	                       NA	
  31/03/1932	        NA	        NA	        NA	        NA	                       NA	                       NA	
  31/03/1932	        NA	        NA	        NA	        NA	                       NA	                       NA	
  01/04/1932	        NA	        NA	      37.8	    -122.3	alongside clay st pier oakland cal	                  oakland	
  01/04/1932	        NA	        NA	        NA	        NA	                       NA	                       NA	
  02/04/1932	        NA	        NA	      37.8	    -122.3	alongside clay st pier oakland calif	                  oakland	
  02/04/1932	        NA	        NA	        NA	        NA	                       NA	                       NA	
  03/04/1932	        NA	        NA	      37.8	    -122.3	alongside clay street pier oakland california	                  oakland	
  03/04/1932	        NA	        NA	        NA	        NA	                       NA	                       NA	
  04/04/1932	        NA	        NA	      37.8	    -122.3	alongside clay street pier oakland california	                  oakland	
  04/04/1932	        NA	        NA	        NA	        NA	                       NA	                       NA	
  05/04/1932	        NA	        NA	      37.8	    -122.3	alongside clay street pier oakland california	                  oakland	
  05/04/1932	        NA	        NA	        NA	        NA	                       NA	                       NA	
  06/04/1932	        NA	        NA	      37.8	    -122.3	alongside clay street pier oakland california	                  oakland	
  06/04/1932	        NA	        NA	        NA	        NA	                       NA	                       NA	
  07/04/1932	        NA	        NA	      37.8	    -122.3	alongside clay street pier oakland california	                  oakland	
  07/04/1932	        NA	        NA	        NA	        NA	                       NA	                       NA	
  08/04/1932	        NA	        NA	      37.8	    -122.3	alongside clay street pier oakland california	                  oakland	
  08/04/1932	        NA	        NA	        NA	        NA	                       NA	                       NA	
  09/04/1932	        NA	        NA	      37.8	    -122.3	alongside clay street pier oakland california	                  oakland	
  09/04/1932	        NA	        NA	        NA	        NA	                       NA	                       NA	
  10/04/1932	        NA	        NA	      37.8	    -122.3	alongside clay street pier oakland california	                  oakland	
  10/04/1932	        NA	        NA	        NA	        NA	                       NA	                       NA	
  11/04/1932	        NA	        NA	      37.8	    -122.3	alongside clay street pier oakland california	                  oakland	
  11/04/1932	        NA	        NA	        NA	        NA	                       NA	                       NA	
  12/04/1932	        NA	        NA	      37.8	    -122.3	alongside clay street pier oakland california	                  oakland	
  12/04/1932	        NA	        NA	        NA	        NA	                       NA	                       NA	
  13/04/1932	        NA	        NA	      37.8	    -122.3	alongside clay street pier oakland california	                  oakland	
  13/04/1932	        NA	        NA	        NA	        NA	                       NA	                       NA	
  14/04/1932	        NA	        NA	      37.8	    -122.3	alongside clay street pier oakland california	                  oakland	
  14/04/1932	        NA	        NA	        NA	        NA	                       NA	                       NA	
  15/04/1932	        NA	        NA	      37.8	    -122.3	alongside clay street pier oakland california	                  oakland	
  15/04/1932	        NA	        NA	        NA	        NA	                       NA	                       NA	
  16/04/1932	        NA	        NA	      37.8	    -122.3	alongside clay street pier oakland california	                  oakland	
  16/04/1932	        NA	        NA	        NA	        NA	                       NA	                       NA	
  17/04/1932	        NA	        NA	      37.8	    -122.3	alongside clay street pier oakland california	                  oakland	
  17/04/1932	        NA	        NA	        NA	        NA	                       NA	                       NA	
  17/04/1932	        NA	        NA	      37.8	    -122.3	 clay st pier oakland cal	                  oakland	
  17/04/1932	        NA	        NA	        NA	        NA	                       NA	                       NA	
  18/04/1932	        NA	        NA	      37.8	    -122.3	alongside clay street pier oakland california	                  oakland	
  18/04/1932	        NA	        NA	        NA	        NA	                       NA	                       NA	
  19/04/1932	        NA	        NA	      37.8	    -122.3	alongside clay street pier oakland california	                  oakland	
  19/04/1932	        NA	        NA	        NA	        NA	                       NA	                       NA	
  20/04/1932	        NA	        NA	      37.8	    -122.3	alongside clay street pier oakland california	                  oakland	
  20/04/1932	        NA	        NA	        NA	        NA	                       NA	                       NA	
  21/04/1932	        NA	        NA	      37.8	    -122.3	alongside clay street pier oakland california	                  oakland	
  21/04/1932	        NA	        NA	        NA	        NA	                       NA	                       NA	
  22/04/1932	        NA	        NA	      37.8	    -122.3	alongside clay street pier oakland california	                  oakland	
  22/04/1932	        NA	        NA	        NA	        NA	                       NA	                       NA	
  23/04/1932	        NA	        NA	      37.8	    -122.3	alongside clay street pier oakland california	                  oakland	
  23/04/1932	        NA	        NA	        NA	        NA	                       NA	                       NA	
  24/04/1932	        NA	        NA	      37.8	    -122.3	alongside clay street pier oakland california	                  oakland	
  24/04/1932	        NA	        NA	        NA	        NA	                       NA	                       NA	
  25/04/1932	        NA	        NA	      37.8	    -122.3	alongside clay street pier oakland california	                  oakland	
  25/04/1932	        NA	        NA	        NA	        NA	                       NA	                       NA	
  26/04/1932	        NA	        NA	      37.8	    -122.3	alongside clay street pier oakland california	                  oakland	
  26/04/1932	        NA	        NA	        NA	        NA	                       NA	                       NA	
  27/04/1932	        NA	        NA	      37.8	    -122.3	alongside clay street pier oakland california	                  oakland	
  27/04/1932	        NA	        NA	        NA	        NA	                       NA	                       NA	
  28/04/1932	        NA	        NA	      37.8	    -122.3	alongside clay street pier oakland california	                  oakland	
  28/04/1932	        NA	        NA	        NA	        NA	                       NA	                       NA	
  29/04/1932	        NA	        NA	      37.8	    -122.3	alongside clay street pier oakland california	                  oakland	
  29/04/1932	        NA	        NA	        NA	        NA	                       NA	                       NA	
  30/04/1932	        NA	        NA	      37.8	    -122.3	alongside clay street pier oakland california	                  oakland	
  30/04/1932	        NA	        NA	        NA	        NA	                       NA	                       NA	
  01/05/1932	        NA	        NA	      37.8	    -122.3	alongside clay street pier oakland california	                  oakland	
  01/05/1932	        NA	        NA	        NA	        NA	                       NA	                       NA	
  02/05/1932	        NA	        NA	      37.8	    -122.3	alongside clay street pier oakland california	                  oakland	
  02/05/1932	        NA	        NA	        NA	        NA	                       NA	                       NA	
  03/05/1932	        NA	        NA	      37.8	    -122.3	alongside clay street pier oakland california	                  oakland	
  03/05/1932	        NA	        NA	        NA	        NA	                       NA	                       NA	
  04/05/1932	        NA	        NA	      37.8	    -122.3	alongside clay street pier oakland california	                  oakland	
  04/05/1932	        NA	        NA	        NA	        NA	                       NA	                       NA	
  05/05/1932	        NA	        NA	      37.8	    -122.3	alongside clay street pier oakland california	                  oakland	
  05/05/1932	        NA	        NA	        NA	        NA	                       NA	                       NA	
  06/05/1932	        NA	        NA	      37.8	    -122.3	alongside clay street pier oakland california	                  oakland	
  06/05/1932	        NA	        NA	        NA	        NA	                       NA	                       NA	
  07/05/1932	        NA	        NA	      37.8	    -122.3	alongside clay street pier oakland california	                  oakland	
  07/05/1932	        NA	        NA	        NA	        NA	                       NA	                       NA	
  08/05/1932	        NA	        NA	      37.8	    -122.3	alongside clay street pier oakland california	                  oakland	
  08/05/1932	        NA	        NA	        NA	        NA	                       NA	                       NA	
  09/05/1932	        NA	        NA	      37.8	    -122.3	alongside clay street pier oakland california	                  oakland	
  09/05/1932	        NA	        NA	        NA	        NA	                       NA	                       NA	
  10/05/1932	        NA	        NA	      37.8	    -122.3	alongside clay street pier oakland california	                  oakland	
  10/05/1932	        NA	        NA	        NA	        NA	                       NA	                       NA	
  11/05/1932	        NA	        NA	      37.8	    -122.3	alongside clay street pier oakland california	                  oakland	
  11/05/1932	        NA	        NA	        NA	        NA	                       NA	                       NA	
  12/05/1932	        NA	        NA	      37.8	    -122.3	alongside clay street pier oakland california	                  oakland	
  12/05/1932	        NA	        NA	        NA	        NA	                       NA	                       NA	
  13/05/1932	        NA	        NA	      37.8	    -122.3	alongside clay street pier oakland california	                  oakland	
  13/05/1932	        NA	        NA	        NA	        NA	                       NA	                       NA	
  14/05/1932	        NA	        NA	      37.8	    -122.3	alongside clay street pier oakland california	                  oakland	
  14/05/1932	        NA	        NA	        NA	        NA	                       NA	                       NA	
  15/05/1932	        NA	        NA	      37.8	    -122.3	alongside clay street pier oakland california	                  oakland	
  15/05/1932	        NA	        NA	        NA	        NA	                       NA	                       NA	
  16/05/1932	        NA	        NA	      37.8	    -122.3	alongside clay street pier oakland california	                  oakland	
  16/05/1932	        NA	        NA	        NA	        NA	                       NA	                       NA	
  17/05/1932	        NA	        NA	      37.8	    -122.3	alongside clay street pier oakland california	                  oakland	
  17/05/1932	        NA	        NA	        NA	        NA	                       NA	                       NA	
  18/05/1932	        NA	        NA	      37.8	    -122.3	alongside clay street pier oakland california	                  oakland	
  18/05/1932	        NA	        NA	        NA	        NA	                       NA	                       NA	
  19/05/1932	        NA	        NA	      37.8	    -122.3	alongside clay street pier oakland california	                  oakland	
  19/05/1932	        NA	        NA	        NA	        NA	                       NA	                       NA	
  20/05/1932	        NA	        NA	      37.8	    -122.3	alongside clay street pier oakland california	                  oakland	
  20/05/1932	        NA	        NA	        NA	        NA	                       NA	                       NA	
  21/05/1932	        NA	        NA	      37.8	    -122.3	alongside clay street pier oakland california	                  oakland	
  21/05/1932	        NA	        NA	        NA	        NA	                       NA	                       NA	
  22/05/1932	        NA	        NA	      37.8	    -122.3	alongside clay street pier oakland california	                  oakland	
  22/05/1932	        NA	        NA	        NA	        NA	                       NA	                       NA	
  23/05/1932	        NA	        NA	      37.8	    -122.3	alongside clay street pier oakland california	                  oakland	
  23/05/1932	        NA	        NA	        NA	        NA	                       NA	                       NA	
  24/05/1932	        NA	        NA	      37.8	    -122.3	alongside clay street pier oakland california	                  oakland	
  24/05/1932	        NA	        NA	        NA	        NA	                       NA	                       NA	
  25/05/1932	        NA	        NA	      37.8	    -122.3	alongside clay street pier oakland california	                  oakland	
  25/05/1932	        NA	        NA	        NA	        NA	                       NA	                       NA	
  26/05/1932	        NA	        NA	      37.8	    -122.3	alongside clay street pier oakland california	                  oakland	
  26/05/1932	        NA	        NA	        NA	        NA	                       NA	                       NA	
  27/05/1932	        NA	        NA	      37.8	    -122.3	alongside clay street pier oakland california	                  oakland	
  27/05/1932	        NA	        NA	        NA	        NA	                       NA	                       NA	
  28/05/1932	        NA	        NA	      37.8	    -122.3	alongside clay street pier oakland california	                  oakland	
  28/05/1932	        NA	        NA	        NA	        NA	                       NA	                       NA	
  29/05/1932	        NA	        NA	      37.8	    -122.3	alongside clay street pier oakland california	                  oakland	
  29/05/1932	        NA	        NA	        NA	        NA	                       NA	                       NA	
  30/05/1932	        NA	        NA	      37.8	    -122.3	alongside clay street pier oakland california	                  oakland	
  30/05/1932	        NA	        NA	        NA	        NA	                       NA	                       NA	
  31/05/1932	        NA	        NA	      37.8	    -122.3	alongside clay street pier oakland california	                  oakland	
  31/05/1932	        NA	        NA	        NA	        NA	                       NA	                       NA	
  01/06/1932	        NA	        NA	      37.8	    -122.3	alongside clay street pier oakland california	                  oakland	
  01/06/1932	        NA	        NA	        NA	        NA	                       NA	                       NA	
  02/06/1932	        NA	        NA	      37.8	    -122.3	alongside clay street pier oakland california	                  oakland	
  02/06/1932	        NA	        NA	        NA	        NA	                       NA	                       NA	
  03/06/1932	        NA	        NA	      37.8	    -122.3	alongside clay street pier oakland california	                  oakland	
  03/06/1932	        NA	        NA	        NA	        NA	                       NA	                       NA	
  04/06/1932	        NA	        NA	      37.8	    -122.3	 clay st pier oakland cal	                  oakland	
  04/06/1932	        NA	        NA	        NA	        NA	                       NA	                       NA	
  05/06/1932	        NA	        NA	      37.8	    -122.3	alongside clay street pier oakland california	                  oakland	
  05/06/1932	        NA	        NA	        NA	        NA	                       NA	                       NA	
  06/06/1932	        NA	        NA	      37.8	    -122.3	alongside clay street pier oakland california	                  oakland	
  06/06/1932	        NA	        NA	        NA	        NA	                       NA	                       NA	
  07/06/1932	        NA	        NA	      37.8	    -122.3	alongside clay street pier oakland california	                  oakland	
  07/06/1932	        NA	        NA	        NA	        NA	                       NA	                       NA	
  08/06/1932	        NA	        NA	      37.8	    -122.3	alongside clay street pier oakland california	                  oakland	
  08/06/1932	        NA	        NA	        NA	        NA	                       NA	                       NA	
  09/06/1932	        NA	        NA	      37.8	    -122.3	alongside clay street pier oakland california	                  oakland	
  09/06/1932	        NA	        NA	        NA	        NA	                       NA	                       NA	
  10/06/1932	        NA	        NA	      37.8	    -122.3	alongside clay street pier oakland california	                  oakland	
  10/06/1932	        NA	        NA	        NA	        NA	                       NA	                       NA	
  11/06/1932	        NA	        NA	      37.8	    -122.3	alongside clay street pier oakland california	                  oakland	
  11/06/1932	        NA	        NA	        NA	        NA	                       NA	                       NA	
  12/06/1932	        NA	        NA	      37.8	    -122.3	alongside clay street pier oakland california	                  oakland	
  12/06/1932	        NA	        NA	        NA	        NA	                       NA	                       NA	
  13/06/1932	        NA	        NA	      37.8	    -122.3	alongside clay street pier oakland california	                  oakland	
  13/06/1932	        NA	        NA	        NA	        NA	                       NA	                       NA	
  14/06/1932	        NA	        NA	      37.8	    -122.3	alongside clay street pier oakland california	                  oakland	
  14/06/1932	        NA	        NA	        NA	        NA	                       NA	                       NA	
  15/06/1932	        NA	        NA	      37.8	    -122.3	alongside clay street pier oakland california	                  oakland	
  15/06/1932	        NA	        NA	        NA	        NA	                       NA	                       NA	
  16/06/1932	        NA	        NA	      37.8	    -122.3	alongside clay street pier oakland california	                  oakland	
  16/06/1932	        NA	        NA	        NA	        NA	                       NA	                       NA	
  17/06/1932	        NA	        NA	      37.8	    -122.3	alongside clay street pier oakland california	                  oakland	
  17/06/1932	        NA	        NA	        NA	        NA	                       NA	                       NA	
  18/06/1932	        NA	        NA	      37.8	    -122.3	alongside clay street pier oakland california	                  oakland	
  18/06/1932	        NA	        NA	        NA	        NA	                       NA	                       NA	
  19/06/1932	        NA	        NA	      37.8	    -122.3	alongside clay street pier oakland california	                  oakland	
  19/06/1932	        NA	        NA	        NA	        NA	                       NA	                       NA	
  19/06/1932	        NA	        NA	      37.8	    -122.3	 clay st pier oakland cal	                  oakland	
  19/06/1932	        NA	        NA	        NA	        NA	                       NA	                       NA	
  20/06/1932	        NA	        NA	      37.8	    -122.3	alongside clay street pier oakland california	                  oakland	
  20/06/1932	        NA	        NA	        NA	        NA	                       NA	                       NA	
  21/06/1932	        NA	        NA	      37.8	    -122.3	alongside clay street pier oakland california	                  oakland	
  21/06/1932	        NA	        NA	        NA	        NA	                       NA	                       NA	
  21/06/1932	        NA	        NA	      37.8	    -122.3	 clay st pier oakland cal	                  oakland	
  21/06/1932	        NA	        NA	        NA	        NA	                       NA	                       NA	
  22/06/1932	        NA	        NA	      37.8	    -122.3	alongside clay street pier oakland california	                  oakland	
  22/06/1932	        NA	        NA	        NA	        NA	                       NA	                       NA	
  23/06/1932	        NA	        NA	      37.8	    -122.3	alongside clay street pier oakland california	                  oakland	
  23/06/1932	        NA	        NA	        NA	        NA	                       NA	                       NA	
  24/06/1932	        NA	        NA	      37.8	    -122.3	alongside clay street pier oakland california	                  oakland	
  24/06/1932	        NA	        NA	        NA	        NA	                       NA	                       NA	
  25/06/1932	        NA	        NA	      37.8	    -122.3	alongside clay street pier oakland california	                  oakland	
  25/06/1932	        NA	        NA	        NA	        NA	                       NA	                       NA	
  26/06/1932	        NA	        NA	      37.8	    -122.3	alongside pier no 6 oakland california	                  oakland	
  26/06/1932	        NA	        NA	        NA	        NA	                       NA	                       NA	
  27/06/1932	        NA	        NA	      37.8	    -122.3	alongside clay street pier oakland california	                  oakland	
  27/06/1932	        NA	        NA	        NA	        NA	                       NA	                       NA	
  28/06/1932	        NA	        NA	      37.8	    -122.2	alongside dock bethlehem shipyard alameda california	                  alameda	
  28/06/1932	        NA	        NA	        NA	        NA	                       NA	                       NA	
  29/06/1932	        NA	        NA	      37.8	    -122.2	at bethlehem ship yards alameda california	                  alameda	
  29/06/1932	        NA	        NA	        NA	        NA	                       NA	                       NA	
  30/06/1932	        NA	        NA	      37.8	    -122.2	on drydock bethlehem ship yards alameda california	                  alameda	
  30/06/1932	        NA	        NA	        NA	        NA	                       NA	                       NA	
  30/06/1932	        NA	        NA	        NA	        NA	                       NA	                       NA	
  30/06/1932	        NA	        NA	        NA	        NA	                       NA	                       NA	
  30/06/1932	        NA	        NA	        NA	        NA	                       NA	                       NA	
  30/06/1932	        NA	        NA	        NA	        NA	                       NA	                       NA	
  30/06/1932	        NA	        NA	        NA	        NA	                       NA	                       NA	
  30/06/1932	        NA	        NA	        NA	        NA	                       NA	                       NA	
  30/06/1932	        NA	        NA	        NA	        NA	                       NA	                       NA	
  30/06/1932	        NA	        NA	        NA	        NA	                       NA	                       NA	
  30/06/1932	        NA	        NA	        NA	        NA	                       NA	                       NA	
  30/06/1932	        NA	        NA	        NA	        NA	                       NA	                       NA	
  30/06/1932	        NA	        NA	        NA	        NA	                       NA	                       NA	
  30/06/1932	        NA	        NA	        NA	        NA	                       NA	                       NA	
  01/07/1932	        NA	        NA	      37.8	    -122.2	on dry dock bethlehem ship yard alameda california	                  alameda	
  01/07/1932	        NA	        NA	        NA	        NA	                       NA	                       NA	
  02/07/1932	        NA	        NA	      37.8	    -122.2	on dry dock bethlehem ship yard alameda california	                  alameda	
  02/07/1932	        NA	        NA	        NA	        NA	                       NA	                       NA	
  03/07/1932	        NA	        NA	      37.8	    -122.2	on dry dock bethlehem ship yard alameda california	                  alameda	
  03/07/1932	        NA	        NA	        NA	        NA	                       NA	                       NA	
  04/07/1932	        NA	        NA	      37.8	    -122.2	on dry dock bethlehem ship yard alameda california	                  alameda	
  04/07/1932	        NA	        NA	        NA	        NA	                       NA	                       NA	
  05/07/1932	        NA	        NA	      37.8	    -122.2	on dry dock bethlehem ship yard alameda california	                  alameda	
  05/07/1932	        NA	        NA	        NA	        NA	                       NA	                       NA	
  06/07/1932	        NA	        NA	      37.8	    -122.3	alongside clay street pier oakland california	                  oakland	
  06/07/1932	        NA	        NA	        NA	        NA	                       NA	                       NA	
  07/07/1932	        NA	        NA	      37.8	    -122.3	alongside clay street pier oakland california	                  oakland	
  07/07/1932	        NA	        NA	        NA	        NA	                       NA	                       NA	
  08/07/1932	        NA	        NA	      37.8	    -122.3	alongside clay street pier oakland california	                  oakland	
  08/07/1932	        NA	        NA	        NA	        NA	                       NA	                       NA	
  09/07/1932	        NA	        NA	      37.8	    -122.3	alongside clay street pier oakland california	                  oakland	
  09/07/1932	        NA	        NA	        NA	        NA	                       NA	                       NA	
  10/07/1932	        NA	        NA	      37.8	    -122.3	alongside clay street pier oakland california	                  oakland	
  10/07/1932	        NA	        NA	        NA	        NA	                       NA	                       NA	
  11/07/1932	        NA	        NA	      37.8	    -122.3	alongside clay street pier oakland california	                  oakland	
  11/07/1932	        NA	        NA	        NA	        NA	                       NA	                       NA	
  12/07/1932	        NA	        NA	      37.8	    -122.3	alongside clay street pier oakland california	                  oakland	
  12/07/1932	        NA	        NA	        NA	        NA	                       NA	                       NA	
  13/07/1932	        NA	        NA	      37.8	    -122.3	alongside clay street pier oakland california	                  oakland	
  13/07/1932	        NA	        NA	        NA	        NA	                       NA	                       NA	
  14/07/1932	        NA	        NA	      37.8	    -122.3	alongside clay street pier oakland california	                  oakland	
  14/07/1932	        NA	        NA	        NA	        NA	                       NA	                       NA	
  15/07/1932	        NA	        NA	      37.8	    -122.3	alongside clay street pier oakland california	                  oakland	
  15/07/1932	        NA	        NA	        NA	        NA	                       NA	                       NA	
  16/07/1932	        NA	        NA	      37.8	    -122.3	alongside clay street pier oakland california	                  oakland	
  16/07/1932	        NA	        NA	        NA	        NA	                       NA	                       NA	
  17/07/1932	        NA	        NA	      37.8	    -122.3	alongside clay street pier oakland california	                  oakland	
  17/07/1932	        NA	        NA	        NA	        NA	                       NA	                       NA	
  18/07/1932	        NA	        NA	      37.8	    -122.3	alongside clay street pier oakland california	                  oakland	
  18/07/1932	        NA	        NA	        NA	        NA	                       NA	                       NA	
  19/07/1932	        NA	        NA	      37.8	    -122.3	alongside clay street pier oakland california	                  oakland	
  19/07/1932	        NA	        NA	        NA	        NA	                       NA	                       NA	
  20/07/1932	        NA	        NA	      37.8	    -122.3	alongside clay street pier oakland california	                  oakland	
  20/07/1932	        NA	        NA	        NA	        NA	                       NA	                       NA	
  21/07/1932	        NA	        NA	      37.8	    -122.3	alongside clay street pier oakland california	                  oakland	
  21/07/1932	        NA	        NA	        NA	        NA	                       NA	                       NA	
  22/07/1932	        NA	        NA	      37.8	    -122.3	alongside clay street pier oakland california	                  oakland	
  22/07/1932	        NA	        NA	        NA	        NA	                       NA	                       NA	
  23/07/1932	        NA	        NA	      37.8	    -122.3	alongside clay street pier oakland california	                  oakland	
  23/07/1932	        NA	        NA	        NA	        NA	                       NA	                       NA	
  24/07/1932	        NA	        NA	      37.8	    -122.3	alongside clay street pier oakland california	                  oakland	
  24/07/1932	        NA	        NA	        NA	        NA	                       NA	                       NA	
  25/07/1932	        NA	        NA	      37.8	    -122.3	alongside clay street pier oakland california	                  oakland	
  25/07/1932	        NA	        NA	        NA	        NA	                       NA	                       NA	
  26/07/1932	        NA	        NA	      37.8	    -122.3	alongside clay street pier oakland california	                  oakland	
  26/07/1932	        NA	        NA	        NA	        NA	                       NA	                       NA	
  27/07/1932	        NA	        NA	      37.8	    -122.3	alongside clay street pier oakland california	                  oakland	
  27/07/1932	        NA	        NA	        NA	        NA	                       NA	                       NA	
  28/07/1932	        NA	        NA	      37.8	    -122.3	alongside clay street pier oakland california	                  oakland	
  28/07/1932	        NA	        NA	        NA	        NA	                       NA	                       NA	
  29/07/1932	        NA	        NA	      37.8	    -122.3	alongside clay street pier oakland california	                  oakland	
  29/07/1932	        NA	        NA	        NA	        NA	                       NA	                       NA	
  30/07/1932	        NA	        NA	      37.8	    -122.3	alongside clay street pier oakland california	                  oakland	
  30/07/1932	        NA	        NA	        NA	        NA	                       NA	                       NA	
  31/07/1932	        NA	        NA	      37.8	    -122.3	alongside clay street pier oakland california	                  oakland	
  31/07/1932	        NA	        NA	        NA	        NA	                       NA	                       NA	
  01/08/1932	        NA	        NA	      37.8	    -122.3	alongside clay street pier oakland california	                  oakland	
  01/08/1932	        NA	        NA	        NA	        NA	                       NA	                       NA	
  02/08/1932	        NA	        NA	      37.8	    -122.3	alongside clay street pier oakland california	                  oakland	
  02/08/1932	        NA	        NA	        NA	        NA	                       NA	                       NA	
  03/08/1932	        NA	        NA	      37.8	    -122.3	alongside clay street pier oakland california	                  oakland	
  03/08/1932	        NA	        NA	        NA	        NA	                       NA	                       NA	
  04/08/1932	        NA	        NA	      37.8	    -122.3	alongside clay street pier oakland california	                  oakland	
  04/08/1932	        NA	        NA	        NA	        NA	                       NA	                       NA	
  05/08/1932	        NA	        NA	      37.8	    -122.3	alongside clay street pier oakland california	                  oakland	
  05/08/1932	        NA	        NA	        NA	        NA	                       NA	                       NA	
  06/08/1932	        NA	        NA	      37.8	    -122.3	alongside clay street pier oakland california	                  oakland	
  06/08/1932	        NA	        NA	        NA	        NA	                       NA	                       NA	
  07/08/1932	        NA	        NA	      37.8	    -122.3	alongside clay street pier oakland california	                  oakland	
  07/08/1932	        NA	        NA	        NA	        NA	                       NA	                       NA	
  08/08/1932	        NA	        NA	      37.8	    -122.3	alongside clay street pier oakland california	                  oakland	
  08/08/1932	        NA	        NA	        NA	        NA	                       NA	                       NA	
  09/08/1932	        NA	        NA	      37.8	    -122.3	alongside clay street pier oakland california	                  oakland	
  09/08/1932	        NA	        NA	        NA	        NA	                       NA	                       NA	
  10/08/1932	        NA	        NA	      37.8	    -122.3	alongside clay street pier oakland california	                  oakland	
  10/08/1932	        NA	        NA	        NA	        NA	                       NA	                       NA	
  11/08/1932	        NA	        NA	      37.8	    -122.3	alongside clay street pier oakland california	                  oakland	
  11/08/1932	        NA	        NA	        NA	        NA	                       NA	                       NA	
  12/08/1932	        NA	        NA	      37.8	    -122.3	alongside clay street pier oakland california	                  oakland	
  12/08/1932	        NA	        NA	        NA	        NA	                       NA	                       NA	
  13/08/1932	        NA	        NA	      37.8	    -122.3	alongside clay street pier oakland california	                  oakland	
  13/08/1932	        NA	        NA	        NA	        NA	                       NA	                       NA	
  14/08/1932	        NA	        NA	      37.8	    -122.3	alongside clay street pier oakland california	                  oakland	
  14/08/1932	        NA	        NA	        NA	        NA	                       NA	                       NA	
  15/08/1932	        NA	        NA	      37.8	    -122.3	alongside clay street pier oakland california	                  oakland	
  15/08/1932	        NA	        NA	        NA	        NA	                       NA	                       NA	
  16/08/1932	        NA	        NA	      37.8	    -122.3	alongside clay street pier oakland california	                  oakland	
  16/08/1932	        NA	        NA	        NA	        NA	                       NA	                       NA	
  17/09/1932	        NA	        NA	      37.8	    -122.3	alongside clay street pier oakland california	                  oakland	
  17/09/1932	        NA	        NA	        NA	        NA	                       NA	                       NA	
  18/08/1932	        NA	        NA	      37.8	    -122.3	alongside clay street pier oakland california	                  oakland	
  18/08/1932	        NA	        NA	        NA	        NA	                       NA	                       NA	
  19/08/1932	        NA	        NA	      37.8	    -122.3	alongside clay street pier oakland california	                  oakland	
  19/08/1932	        NA	        NA	        NA	        NA	                       NA	                       NA	
  20/08/1932	        NA	        NA	      37.8	    -122.3	alongside clay street pier oakland california	                  oakland	
  20/08/1932	        NA	        NA	        NA	        NA	                       NA	                       NA	
  21/08/1932	        NA	        NA	      37.8	    -122.3	alongside clay street pier oakland california	                  oakland	
  21/08/1932	        NA	        NA	        NA	        NA	                       NA	                       NA	
  22/08/1932	        NA	        NA	      37.8	    -122.3	alongside clay street pier oakland california	                  oakland	
  22/08/1932	        NA	        NA	        NA	        NA	                       NA	                       NA	
  23/08/1932	        NA	        NA	      37.8	    -122.3	alongside clay street pier oakland california	                  oakland	
  23/08/1932	        NA	        NA	        NA	        NA	                       NA	                       NA	
  24/08/1932	        NA	        NA	      37.8	    -122.3	alongside clay street pier oakland california	                  oakland	
  24/08/1932	        NA	        NA	        NA	        NA	                       NA	                       NA	
  25/08/1932	        NA	        NA	      37.8	    -122.3	alongside clay street pier oakland california	                  oakland	
  25/08/1932	        NA	        NA	        NA	        NA	                       NA	                       NA	
  26/08/1932	        NA	        NA	      37.8	    -122.3	 clay st pier oakland cal	                  oakland	
  26/08/1932	        NA	        NA	        NA	        NA	                       NA	                       NA	
  27/08/1932	        NA	        NA	      37.8	    -122.3	alongside clay street pier oakland california	                  oakland	
  27/08/1932	        NA	        NA	        NA	        NA	                       NA	                       NA	
  28/08/1932	        NA	        NA	      37.8	    -122.3	alongside clay street pier oakland california	                  oakland	
  28/08/1932	        NA	        NA	        NA	        NA	                       NA	                       NA	
  29/08/1932	        NA	        NA	      37.8	    -122.3	alongside clay street pier oakland california	                  oakland	
  29/08/1932	        NA	        NA	        NA	        NA	                       NA	                       NA	
  30/08/1932	        NA	        NA	      37.8	    -122.3	alongside clay street pier oakland california	                  oakland	
  30/08/1932	        NA	        NA	        NA	        NA	                       NA	                       NA	
  31/08/1932	        NA	        NA	      37.8	    -122.3	alongside clay street pier oakland california	                  oakland	
  31/08/1932	        NA	        NA	        NA	        NA	                       NA	                       NA	
  03/09/1932	        NA	        NA	      37.8	    -122.3	alongside clay street pier oakland california	                  oakland	
  03/09/1932	        NA	        NA	        NA	        NA	                       NA	                       NA	
  04/09/1932	        NA	        NA	      37.8	    -122.3	alongside clay street pier oakland california	                  oakland	
  04/09/1932	        NA	        NA	        NA	        NA	                       NA	                       NA	
  05/09/1932	        NA	        NA	      37.8	    -122.3	alongside clay street pier oakland california	                  oakland	
  05/09/1932	        NA	        NA	        NA	        NA	                       NA	                       NA	
  06/09/1932	        NA	        NA	      37.8	    -122.3	alongside clay street pier oakland california	                  oakland	
  06/09/1932	        NA	        NA	        NA	        NA	                       NA	                       NA	
  07/09/1932	        NA	        NA	      37.8	    -122.3	alongside clay street pier oakland california	                  oakland	
  07/09/1932	        NA	        NA	        NA	        NA	                       NA	                       NA	
  08/09/1932	        NA	        NA	      37.8	    -122.3	alongside clay street pier oakland california	                  oakland	
  08/09/1932	        NA	        NA	        NA	        NA	                       NA	                       NA	
  09/09/1932	        NA	        NA	      37.8	    -122.3	alongside clay street pier oakland california	                  oakland	
  09/09/1932	        NA	        NA	        NA	        NA	                       NA	                       NA	
  10/09/1932	        NA	        NA	      37.8	    -122.3	alongside clay street pier oakland california	                  oakland	
  10/09/1932	        NA	        NA	        NA	        NA	                       NA	                       NA	
  11/09/1932	        NA	        NA	      37.8	    -122.3	alongside clay street pier oakland california	                  oakland	
  11/09/1932	        NA	        NA	        NA	        NA	                       NA	                       NA	
  12/09/1932	        NA	        NA	      37.8	    -122.3	alongside clay street pier oakland california	                  oakland	
  12/09/1932	        NA	        NA	        NA	        NA	                       NA	                       NA	
  13/09/1932	        NA	        NA	      37.8	    -122.3	alongside clay street pier oakland california	                  oakland	
  13/09/1932	        NA	        NA	        NA	        NA	                       NA	                       NA	
  14/09/1932	        NA	        NA	      37.8	    -122.3	alongside clay street pier oakland california	                  oakland	
  14/09/1932	        NA	        NA	        NA	        NA	                       NA	                       NA	
  15/09/1932	        NA	        NA	      37.8	    -122.3	alongside clay street pier oakland california	                  oakland	
  15/09/1932	        NA	        NA	        NA	        NA	                       NA	                       NA	
  15/09/1932	        NA	        NA	      37.8	    -122.3	alongside clay st pier oakland cal	                  oakland	
  15/09/1932	        NA	        NA	        NA	        NA	                       NA	                       NA	
  16/09/1932	        NA	        NA	      37.8	    -122.3	alongside clay street pier oakland california	                  oakland	
  16/09/1932	        NA	        NA	        NA	        NA	                       NA	                       NA	
  17/09/1932	        NA	        NA	      37.8	    -122.3	alongside clay street pier oakland california	                  oakland	
  17/09/1932	        NA	        NA	        NA	        NA	                       NA	                       NA	
  18/09/1932	        NA	        NA	      37.8	    -122.3	alongside clay street pier oakland california	                  oakland	
  18/09/1932	        NA	        NA	        NA	        NA	                       NA	                       NA	
  19/09/1932	        NA	        NA	      37.8	    -122.3	alongside clay street pier oakland california	                  oakland	
  19/09/1932	        NA	        NA	        NA	        NA	                       NA	                       NA	
  20/09/1932	        NA	        NA	      37.8	    -122.3	alongside clay street pier oakland california	                  oakland	
  20/09/1932	        NA	        NA	        NA	        NA	                       NA	                       NA	
  21/09/1932	        NA	        NA	      37.8	    -122.3	alongside clay street pier oakland california	                  oakland	
  21/09/1932	        NA	        NA	        NA	        NA	                       NA	                       NA	
  22/09/1932	        NA	        NA	      37.8	    -122.3	alongside clay street pier oakland california	                  oakland	
  22/09/1932	        NA	        NA	        NA	        NA	                       NA	                       NA	
  23/09/1932	        NA	        NA	      37.8	    -122.3	alongside clay street pier oakland california	                  oakland	
  23/09/1932	        NA	        NA	        NA	        NA	                       NA	                       NA	
  24/09/1932	        NA	        NA	      37.8	    -122.3	alongside clay street pier oakland california	                  oakland	
  24/09/1932	        NA	        NA	        NA	        NA	                       NA	                       NA	
  25/09/1932	        NA	        NA	      37.8	    -122.3	alongside clay street pier oakland california	                  oakland	
  25/09/1932	        NA	        NA	        NA	        NA	                       NA	                       NA	
  26/09/1932	        NA	        NA	      37.8	    -122.3	alongside clay street pier oakland california	                  oakland	
  26/09/1932	        NA	        NA	        NA	        NA	                       NA	                       NA	
  27/09/1932	        NA	        NA	      37.8	    -122.3	alongside clay street pier oakland california	                  oakland	
  27/09/1932	        NA	        NA	        NA	        NA	                       NA	                       NA	
  28/09/1932	        NA	        NA	      37.8	    -122.3	alongside clay street pier oakland california	                  oakland	
  28/09/1932	        NA	        NA	        NA	        NA	                       NA	                       NA	
  29/09/1932	        NA	        NA	      37.8	    -122.3	alongside clay street pier oakland california	                  oakland	
  29/09/1932	        NA	        NA	        NA	        NA	                       NA	                       NA	
  30/09/1932	        NA	        NA	      37.8	    -122.3	alongside clay street pier oakland california	                  oakland	
  30/09/1932	        NA	        NA	        NA	        NA	                       NA	                       NA	
  01/09/1932	        NA	        NA	      37.8	    -122.3	alongside clay street pier oakland california	                  oakland	
  01/09/1932	        NA	        NA	        NA	        NA	                       NA	                       NA	
  02/09/1932	        NA	        NA	      37.8	    -122.3	alongside clay street pier oakland california	                  oakland	
  02/09/1932	        NA	        NA	        NA	        NA	                       NA	                       NA	
  02/09/1932	        NA	        NA	        NA	        NA	                       NA	                       NA	
  02/09/1932	        NA	        NA	        NA	        NA	                       NA	                       NA	
  02/09/1932	        NA	        NA	        NA	        NA	                       NA	                       NA	
  02/09/1932	        NA	        NA	        NA	        NA	                       NA	                       NA	
  02/09/1932	        NA	        NA	        NA	        NA	                       NA	                       NA	
  02/09/1932	        NA	        NA	        NA	        NA	                       NA	                       NA	
  02/09/1932	        NA	        NA	        NA	        NA	                       NA	                       NA	
  02/09/1932	        NA	        NA	        NA	        NA	                       NA	                       NA	
  02/09/1932	        NA	        NA	        NA	        NA	                       NA	                       NA	
  02/09/1932	        NA	        NA	        NA	        NA	                       NA	                       NA	
  02/09/1932	        NA	        NA	        NA	        NA	                       NA	                       NA	
  02/09/1932	        NA	        NA	        NA	        NA	                       NA	                       NA	
  02/09/1932	        NA	        NA	        NA	        NA	                       NA	                       NA	
  02/09/1932	        NA	        NA	        NA	        NA	                       NA	                       NA	
  01/10/1932	        NA	        NA	      37.8	    -122.3	alongside clay street pier oakland california	                  oakland	
  01/10/1932	        NA	        NA	        NA	        NA	                       NA	                       NA	
  02/10/1932	        NA	        NA	      37.8	    -122.3	alongside clay street pier oakland california	                  oakland	
  02/10/1932	        NA	        NA	        NA	        NA	                       NA	                       NA	
  03/10/1932	        NA	        NA	      37.8	    -122.3	alongside clay street pier oakland california	                  oakland	
  03/10/1932	        NA	        NA	        NA	        NA	                       NA	                       NA	
  04/10/1932	        NA	        NA	      37.8	    -122.3	alongside clay street pier oakland california	                  oakland	
  04/10/1932	        NA	        NA	        NA	        NA	                       NA	                       NA	
  05/10/1932	        NA	        NA	      37.8	    -122.3	alongside clay street pier oakland california	                  oakland	
  05/10/1932	        NA	        NA	        NA	        NA	                       NA	                       NA	
  06/10/1932	        NA	        NA	      37.8	    -122.3	alongside clay street pier oakland california	                  oakland	
  06/10/1932	        NA	        NA	        NA	        NA	                       NA	                       NA	
  07/10/1932	        NA	        NA	      37.8	    -122.3	alongside clay street pier oakland california	                  oakland	
  07/10/1932	        NA	        NA	        NA	        NA	                       NA	                       NA	
  08/10/1932	        NA	        NA	      37.8	    -122.3	alongside clay street pier oakland california	                  oakland	
  08/10/1932	        NA	        NA	        NA	        NA	                       NA	                       NA	
  09/10/1932	        NA	        NA	      37.8	    -122.3	alongside clay street pier oakland california	                  oakland	
  09/10/1932	        NA	        NA	        NA	        NA	                       NA	                       NA	
  10/10/1932	        NA	        NA	      37.8	    -122.3	alongside clay street pier oakland california	                  oakland	
  10/10/1932	        NA	        NA	        NA	        NA	                       NA	                       NA	
  11/10/1932	        NA	        NA	      37.8	    -122.3	alongside clay street pier oakland california	                  oakland	
  11/10/1932	        NA	        NA	        NA	        NA	                       NA	                       NA	
  12/10/1932	        NA	        NA	      37.8	    -122.3	alongside clay street pier oakland california	                  oakland	
  12/10/1932	        NA	        NA	        NA	        NA	                       NA	                       NA	
  13/10/1932	        NA	        NA	      37.8	    -122.3	alongside clay street pier oakland california	                  oakland	
  13/10/1932	        NA	        NA	        NA	        NA	                       NA	                       NA	
  14/10/1932	        NA	        NA	      37.8	    -122.3	alongside clay street pier oakland california	                  oakland	
  14/10/1932	        NA	        NA	        NA	        NA	                       NA	                       NA	
  15/10/1932	        NA	        NA	      37.8	    -122.3	alongside clay street pier oakland california	                  oakland	
  15/10/1932	        NA	        NA	        NA	        NA	                       NA	                       NA	
  16/10/1932	        NA	        NA	      37.8	    -122.3	alongside clay street pier oakland california	                  oakland	
  16/10/1932	        NA	        NA	        NA	        NA	                       NA	                       NA	
  17/10/1932	        NA	        NA	      37.8	    -122.3	alongside clay street pier oakland california	                  oakland	
  17/10/1932	        NA	        NA	        NA	        NA	                       NA	                       NA	
  18/10/1932	        NA	        NA	      37.8	    -122.3	alongside clay street pier oakland california	                  oakland	
  18/10/1932	        NA	        NA	        NA	        NA	                       NA	                       NA	
  19/10/1932	        NA	        NA	      37.8	    -122.3	alongside clay street pier oakland california	                  oakland	
  19/10/1932	        NA	        NA	        NA	        NA	                       NA	                       NA	
  20/10/1932	        NA	        NA	      37.8	    -122.3	alongside clay street pier oakland california	                  oakland	
  20/10/1932	        NA	        NA	        NA	        NA	                       NA	                       NA	
  21/10/1932	        NA	        NA	      37.8	    -122.3	alongside clay street pier oakland california	                  oakland	
  21/10/1932	        NA	        NA	        NA	        NA	                       NA	                       NA	
  22/10/1932	        NA	        NA	      37.8	    -122.3	alongside clay street pier oakland california	                  oakland	
  22/10/1932	        NA	        NA	        NA	        NA	                       NA	                       NA	
  23/10/1932	        NA	        NA	      37.8	    -122.3	alongside clay street pier oakland california	                  oakland	
  23/10/1932	        NA	        NA	        NA	        NA	                       NA	                       NA	
  24/10/1932	        NA	        NA	      37.8	    -122.3	alongside clay street pier oakland california	                  oakland	
  24/10/1932	        NA	        NA	        NA	        NA	                       NA	                       NA	
  25/10/1932	        NA	        NA	      37.8	    -122.3	alongside clay street pier oakland california	                  oakland	
  25/10/1932	        NA	        NA	        NA	        NA	                       NA	                       NA	
  26/10/1932	        NA	        NA	      37.8	    -122.3	alongside clay street pier oakland california	                  oakland	
  26/10/1932	        NA	        NA	        NA	        NA	                       NA	                       NA	
  27/10/1932	        NA	        NA	      37.8	    -122.3	alongside clay street pier oakland california	                  oakland	
  27/10/1932	        NA	        NA	        NA	        NA	                       NA	                       NA	
  28/10/1932	        NA	        NA	      37.8	    -122.3	alongside clay street pier oakland california	                  oakland	
  28/10/1932	        NA	        NA	        NA	        NA	                       NA	                       NA	
  29/10/1932	        NA	        NA	      37.8	    -122.3	alongside clay street pier oakland california	                  oakland	
  29/10/1932	        NA	        NA	        NA	        NA	                       NA	                       NA	
  30/10/1932	        NA	        NA	      37.8	    -122.3	alongside clay street pier oakland california	                  oakland	
  30/10/1932	        NA	        NA	        NA	        NA	                       NA	                       NA	
  31/10/1932	        NA	        NA	      37.8	    -122.3	alongside clay street pier oakland california	                  oakland	
  31/10/1932	        NA	        NA	        NA	        NA	                       NA	                       NA	
  01/11/1932	        NA	        NA	      37.8	    -122.3	alongside clay street pier oakland california	                  oakland	
  01/11/1932	        NA	        NA	        NA	        NA	                       NA	                       NA	
  02/11/1932	        NA	        NA	      37.8	    -122.3	alongside clay street pier oakland california	                  oakland	
  02/11/1932	        NA	        NA	        NA	        NA	                       NA	                       NA	
  03/11/1932	        NA	        NA	      37.8	    -122.3	alongside clay street pier oakland california	                  oakland	
  03/11/1932	        NA	        NA	        NA	        NA	                       NA	                       NA	
  04/11/1932	        NA	        NA	      37.8	    -122.3	alongside clay street pier oakland california	                  oakland	
  04/11/1932	        NA	        NA	        NA	        NA	                       NA	                       NA	
  05/11/1932	        NA	        NA	      37.8	    -122.3	alongside clay street pier oakland california	                  oakland	
  05/11/1932	        NA	        NA	        NA	        NA	                       NA	                       NA	
  06/11/1932	        NA	        NA	      37.8	    -122.3	alongside clay street pier oakland california	                  oakland	
  06/11/1932	        NA	        NA	        NA	        NA	                       NA	                       NA	
  07/11/1932	        NA	        NA	      37.8	    -122.3	alongside clay street pier oakland california	                  oakland	
  07/11/1932	        NA	        NA	        NA	        NA	                       NA	                       NA	
  08/11/1932	        NA	        NA	      37.8	    -122.3	alongside clay street pier oakland california	                  oakland	
  08/11/1932	        NA	        NA	        NA	        NA	                       NA	                       NA	
  09/11/1932	        NA	        NA	      37.8	    -122.3	alongside clay street pier oakland california	                  oakland	
  09/11/1932	        NA	        NA	        NA	        NA	                       NA	                       NA	
  10/11/1932	        NA	        NA	      37.8	    -122.3	alongside clay street pier oakland california	                  oakland	
  10/11/1932	        NA	        NA	        NA	        NA	                       NA	                       NA	
  11/11/1932	        NA	        NA	      37.8	    -122.3	alongside clay street pier oakland california	                  oakland	
  11/11/1932	        NA	        NA	        NA	        NA	                       NA	                       NA	
  12/11/1932	        NA	        NA	      37.8	    -122.3	alongside clay street pier oakland california	                  oakland	
  12/11/1932	        NA	        NA	        NA	        NA	                       NA	                       NA	
  13/11/1932	        NA	        NA	      37.8	    -122.3	alongside clay street pier oakland california	                  oakland	
  13/11/1932	        NA	        NA	        NA	        NA	                       NA	                       NA	
  14/11/1932	        NA	        NA	      37.8	    -122.3	alongside clay street pier oakland california	                  oakland	
  14/11/1932	        NA	        NA	        NA	        NA	                       NA	                       NA	
  15/11/1932	        NA	        NA	      37.8	    -122.3	alongside clay street pier oakland california	                  oakland	
  15/11/1932	        NA	        NA	        NA	        NA	                       NA	                       NA	
  16/11/1932	        NA	        NA	      37.8	    -122.3	alongside clay street pier oakland california	                  oakland	
  16/11/1932	        NA	        NA	        NA	        NA	                       NA	                       NA	
  17/11/1932	        NA	        NA	      37.8	    -122.3	alongside clay street pier oakland california	                  oakland	
  17/11/1932	        NA	        NA	        NA	        NA	                       NA	                       NA	
  18/11/1932	        NA	        NA	      37.8	    -122.3	alongside clay street pier oakland california	                  oakland	
  18/11/1932	        NA	        NA	        NA	        NA	                       NA	                       NA	
  19/11/1932	        NA	        NA	        NA	        NA	                       NA	                       NA	
  19/11/1932	        NA	        NA	        NA	        NA	                       NA	                       NA	
  20/11/1932	        NA	        NA	      37.8	    -122.3	alongside clay street pier oakland california	                  oakland	
  20/11/1932	        NA	        NA	        NA	        NA	                       NA	                       NA	
  21/11/1932	        NA	        NA	      37.8	    -122.3	alongside clay street pier oakland california	                  oakland	
  21/11/1932	        NA	        NA	        NA	        NA	                       NA	                       NA	
  22/11/1932	        NA	        NA	      37.8	    -122.3	alongside clay street pier oakland california	                  oakland	
  22/11/1932	        NA	        NA	        NA	        NA	                       NA	                       NA	
  23/11/1932	        NA	        NA	      37.8	    -122.3	alongside clay street pier oakland california	                  oakland	
  23/11/1932	        NA	        NA	        NA	        NA	                       NA	                       NA	
  24/11/1932	        NA	        NA	      37.8	    -122.3	alongside clay street pier oakland california	                  oakland	
  24/11/1932	        NA	        NA	        NA	        NA	                       NA	                       NA	
  25/11/1932	        NA	        NA	      37.8	    -122.3	alongside clay street pier oakland california	                  oakland	
  25/11/1932	        NA	        NA	        NA	        NA	                       NA	                       NA	
  26/11/1932	        NA	        NA	      37.8	    -122.3	alongside clay street pier oakland california	                  oakland	
  26/11/1932	        NA	        NA	        NA	        NA	                       NA	                       NA	
  27/11/1932	        NA	        NA	      37.8	    -122.3	alongside clay street pier oakland california	                  oakland	
  27/11/1932	        NA	        NA	        NA	        NA	                       NA	                       NA	
  28/11/1932	        NA	        NA	      37.8	    -122.3	alongside clay street pier oakland california	                  oakland	
  28/11/1932	        NA	        NA	        NA	        NA	                       NA	                       NA	
  30/11/1932	        NA	        NA	        NA	        NA	                       NA	                       NA	
  01/12/1932	        NA	        NA	      33.8	    -118.2	alongside pier 1 long beach california	               long beach	
  01/12/1932	        NA	        NA	        NA	        NA	                       NA	                       NA	
  02/12/1932	        NA	        NA	      33.8	    -118.2	alongside pier 1 long beach california	               long beach	
  02/12/1932	        NA	        NA	        NA	        NA	                       NA	                       NA	
  03/12/1932	        NA	        NA	      33.8	    -118.2	alongside pier 1 long beach california	               long beach	
  03/12/1932	        NA	        NA	        NA	        NA	                       NA	                       NA	
  04/12/1932	        NA	        NA	      33.8	    -118.2	alongside pier 1 long beach california	               long beach	
  04/12/1932	        NA	        NA	        NA	        NA	                       NA	                       NA	
  05/12/1932	        NA	        NA	      33.8	    -118.2	alongside pier 1 long beach california	               long beach	
  05/12/1932	        NA	        NA	        NA	        NA	                       NA	                       NA	
  06/12/1932	        NA	        NA	      33.8	    -118.2	underway long beach calif to san nicholas id	               long beach	
  06/12/1932	        NA	        NA	        NA	        NA	                       NA	                       NA	
  07/12/1932	        NA	        NA	        NA	        NA	                       NA	                       NA	
  09/12/1932	        NA	        NA	        NA	        NA	                       NA	                       NA	
  10/12/1932	        NA	        NA	      33.8	    -118.2	underway san nicholas isl to long beach california	               long beach	
  10/12/1932	     33 74	    118 21	      52.8	     173.3	entering long beach channel	             east channel	
  11/12/1932	        NA	        NA	      33.8	    -118.2	   pier  1 long beach cal	               long beach	
  11/12/1932	        NA	        NA	        NA	        NA	                       NA	                       NA	
  12/12/1932	        NA	        NA	      33.8	    -118.2	alongside pier 1 long beach california	               long beach	
  12/12/1932	        NA	        NA	        NA	        NA	                       NA	                       NA	
  13/12/1932	        NA	        NA	      33.8	    -118.2	alongside pier 1 long beach california	               long beach	
  13/12/1932	     33 74	    118 29	      43.7	     116.2	928 cc 243 san pedro lt on stb quarter	                     nice	
  20/12/1932	        NA	        NA	        NA	        NA	                       NA	                       NA	
  21/12/1932	        NA	        NA	      33.8	    -118.2	alongside pier 1 long beach california	               long beach	
  21/12/1932	        NA	        NA	        NA	        NA	                       NA	                       NA	
  22/12/1932	        NA	        NA	      33.8	    -118.2	alongside pier 1 long beach california	               long beach	
  22/12/1932	        NA	        NA	        NA	        NA	                       NA	                       NA	
  23/12/1932	        NA	        NA	      33.8	    -118.2	alongside pier 1 long beach california	               long beach	
  23/12/1932	        NA	        NA	        NA	        NA	                       NA	                       NA	
  24/12/1932	        NA	        NA	      33.8	    -118.2	alongside pier 1 long beach california	               long beach	
  24/12/1932	        NA	        NA	        NA	        NA	                       NA	                       NA	
  25/12/1932	        NA	        NA	      33.8	    -118.2	alongside pier 1 long beach california	               long beach	
  25/12/1932	        NA	        NA	        NA	        NA	                       NA	                       NA	
  26/12/1932	        NA	        NA	      33.8	    -118.2	alongside pier 1 long beach california	               long beach	
  26/12/1932	        NA	        NA	        NA	        NA	                       NA	                       NA	
  27/12/1932	        NA	        NA	      33.8	    -118.2	alongside pier 1 long beach california	               long beach	
  27/12/1932	        NA	        NA	        NA	        NA	                       NA	                       NA	
  28/12/1932	        NA	        NA	      33.8	    -118.2	alongside pier 1 long beach california	               long beach	
  28/12/1932	        NA	        NA	        NA	        NA	                       NA	                       NA	
  29/12/1932	        NA	        NA	      33.8	    -118.2	alongside pier 1 long beach california	               long beach	
  29/12/1932	        NA	        NA	        NA	        NA	                       NA	                       NA	
  30/12/1932	        NA	        NA	      33.8	    -118.2	alongside pier 1 long beach california	               long beach	
  30/12/1932	        NA	        NA	        NA	        NA	                       NA	                       NA	
  31/12/1932	        NA	        NA	      33.8	    -118.2	alongside pier 1 long beach california	               long beach	
  31/12/1932	        NA	        NA	        NA	        NA	                       NA	                       NA	
  31/12/1932	        NA	        NA	        NA	        NA	                       NA	                       NA	
  31/12/1932	        NA	        NA	        NA	        NA	                       NA	                       NA	
  31/12/1932	        NA	        NA	        NA	        NA	                       NA	                       NA	
  31/12/1932	        NA	        NA	        NA	        NA	                       NA	                       NA	
  31/12/1932	        NA	        NA	        NA	        NA	                       NA	                       NA	
  31/12/1932	        NA	        NA	        NA	        NA	                       NA	                       NA	
  31/12/1932	        NA	        NA	        NA	        NA	                       NA	                       NA	
  31/12/1932	        NA	        NA	        NA	        NA	                       NA	                       NA	
  31/12/1932	        NA	        NA	        NA	        NA	                       NA	                       NA	
  31/12/1932	        NA	        NA	        NA	        NA	                       NA	                       NA	
  31/12/1932	        NA	        NA	        NA	        NA	                       NA	                       NA	
  31/12/1932	        NA	        NA	        NA	        NA	                       NA	                       NA	
  31/12/1932	        NA	        NA	        NA	        NA	                       NA	                       NA	
  31/12/1932	        NA	        NA	        NA	        NA	                       NA	                       NA	
  31/12/1932	        NA	        NA	        NA	        NA	                       NA	                       NA	
  31/12/1932	        NA	        NA	        NA	        NA	                       NA	                       NA	
  31/12/1932	        NA	        NA	        NA	        NA	                       NA	                       NA	
  31/12/1932	        NA	        NA	        NA	        NA	                       NA	                       NA	
