          NA	        NA	        NA	      37.8	    -122.4	        san francisco cal	        san francisco bay	
  01/06/1890	        NA	        NA	      37.8	    -122.4	            san francisco	            san francisco	
  01/06/1890	        NA	        NA	      37.8	    -122.4	        san francisco cal	        san francisco bay	
  02/06/1890	        NA	        NA	      37.8	    -122.4	        san francisco cal	        san francisco bay	
  02/06/1890	     37 47	    122 18	      37.8	    -122.4	        san francisco cal	        san francisco bay	
  03/06/1890	        NA	        NA	      37.8	    -122.4	        san francisco cal	        san francisco bay	
  03/06/1890	        NA	        NA	      37.8	    -122.4	        san francisco cal	        san francisco bay	
  04/06/1890	        NA	        NA	      37.8	    -122.4	        san francisco cal	        san francisco bay	
  05/06/1890	        NA	        NA	      37.8	    -122.4	        san francisco cal	        san francisco bay	
  05/06/1890	   39 44 N	  124 15 W	        NA	        NA	                       NA	                       NA	
  09/06/1890	        NA	        NA	      47.6	    -122.3	                   at sea	                  seattle	
  09/06/1890	        NA	        NA	      47.6	    -122.3	       seattle washington	                  seattle	
  10/06/1890	        NA	        NA	      47.6	    -122.3	       seattle washington	                  seattle	
  10/06/1890	        NA	        NA	      47.6	    -122.3	       seattle washington	                  seattle	
  11/06/1890	        NA	        NA	      47.6	    -122.3	       seattle washington	                  seattle	
  11/06/1890	        NA	        NA	      47.6	    -122.3	       seattle washington	                  seattle	
  12/06/1890	        NA	        NA	      47.6	    -122.3	       seattle washington	                  seattle	
  12/06/1890	        NA	        NA	      47.6	    -122.3	       seattle washington	                  seattle	
  13/06/1890	        NA	        NA	      47.6	    -122.3	       seattle washington	                  seattle	
  13/06/1890	        NA	        NA	      47.6	    -122.3	       seattle washington	                  seattle	
  14/06/1890	        NA	        NA	      47.6	    -122.3	       seattle washington	                  seattle	
  14/06/1890	        NA	        NA	      47.3	    -122.4	        tacoma washington	                   tacoma	
  15/06/1890	        NA	        NA	      47.3	    -122.4	        tacoma washington	                   tacoma	
  15/06/1890	        NA	        NA	      47.6	    -122.3	       seattle washington	                  seattle	
  16/06/1890	        NA	        NA	      47.3	    -122.4	        tacoma washington	                   tacoma	
  16/06/1890	        NA	        NA	      47.6	    -122.3	       seattle washington	                  seattle	
  17/06/1890	        NA	        NA	      47.6	    -122.3	       seattle washington	                  seattle	
  17/06/1890	        NA	        NA	      47.6	    -122.3	       seattle washington	                  seattle	
  18/06/1890	        NA	        NA	      47.6	    -122.3	       seattle washington	                  seattle	
  18/06/1890	        NA	        NA	      47.6	    -122.3	       seattle washington	                  seattle	
  19/06/1890	        NA	        NA	      47.6	    -122.3	       seattle washington	                  seattle	
  19/06/1890	        NA	        NA	      47.6	    -122.3	       seattle washington	                  seattle	
  20/06/1890	        NA	        NA	      47.6	    -122.3	       seattle washington	                  seattle	
  20/06/1890	        NA	        NA	      47.6	    -122.3	       seattle washington	                  seattle	
  21/06/1890	        NA	        NA	      47.6	    -122.3	       seattle washington	                  seattle	
  21/06/1890	        NA	        NA	      47.6	    -122.3	       seattle washington	                  seattle	
  22/06/1890	        NA	        NA	      47.6	    -122.3	       seattle washington	                  seattle	
  22/06/1890	        NA	        NA	      47.6	    -122.3	       seattle washington	                  seattle	
  23/06/1890	        NA	        NA	      47.6	    -122.3	       seattle washington	                  seattle	
  23/06/1890	        NA	        NA	      47.6	    -122.3	       seattle washington	                  seattle	
  24/06/1890	        NA	        NA	      47.6	    -122.3	       seattle washington	                  seattle	
  24/06/1890	        NA	        NA	      47.6	    -122.3	       seattle washington	                  seattle	
  25/06/1890	        NA	        NA	      47.6	    -122.3	       seattle washington	                  seattle	
  25/06/1890	        NA	        NA	      47.6	    -122.3	       seattle washington	                  seattle	
  26/06/1890	        NA	        NA	      47.6	    -122.3	       seattle washington	                  seattle	
  26/06/1890	        NA	        NA	      47.6	    -122.3	       seattle washington	                  seattle	
  27/06/1890	        NA	        NA	      47.6	    -122.3	       seattle washington	                  seattle	
  27/06/1890	        NA	        NA	      48.1	    -122.8	 port townsend washington	            port townsend	
  28/06/1890	        NA	        NA	      48.1	    -122.8	 port townsend washington	            port townsend	
  28/06/1890	        NA	        NA	      48.1	    -122.8	 port townsend washington	            port townsend	
  29/06/1890	        NA	        NA	      48.1	    -122.8	 port townsend washington	            port townsend	
  29/06/1890	        NA	        NA	      48.1	    -122.8	 port townsend washington	            port townsend	
  30/06/1890	        NA	        NA	      48.1	    -122.8	 port townsend washington	            port townsend	
  30/06/1890	        NA	        NA	      48.1	    -122.8	 port townsend washington	            port townsend	
  01/07/1890	        NA	        NA	      48.1	    -122.8	 port townsend washington	            port townsend	
  01/07/1890	        NA	        NA	      48.1	    -122.8	 port townsend washington	            port townsend	
  02/07/1890	        NA	        NA	      48.1	    -122.8	 port townsend washington	            port townsend	
  02/07/1890	   48 49 N	  126 42 W	        NA	        NA	                       NA	                       NA	
   03/07/1890	   49 47 N	  131 54 W	        NA	        NA	                   at sea	                       NA	
  04/07/1890	        NA	        NA	        NA	        NA	                   at sea	                       NA	
  04/07/1890	   50 43 N	  137 15 W	        NA	        NA	                       NA	                       NA	
  05/07/1890	        NA	        NA	        NA	        NA	                   at sea	                       NA	
  05/07/1890	   51 41 N	  143 11 W	        NA	        NA	                       NA	                       NA	
  06/07/1890	        NA	        NA	        NA	        NA	                   at sea	                       NA	
  06/07/1890	   52 28 N	  147 24 W	        NA	        NA	                       NA	                       NA	
  07/07/1890	        NA	        NA	        NA	        NA	                   at sea	                       NA	
  07/07/1890	   53 41 N	  153 55 W	        NA	        NA	                       NA	                       NA	
  08/07/1890	        NA	        NA	        NA	        NA	                   at sea	                       NA	
  08/07/1890	   54 52 N	  158 57 W	        NA	        NA	                       NA	                       NA	
  09/07/1890	        NA	        NA	        NA	        NA	                   at sea	                       NA	
  15/07/1890	   55 38 N	  168 09 W	        NA	        NA	                       NA	                       NA	
  16/07/1890	   56 55 N	  170 03 W	        NA	        NA	                       NA	                       NA	
  17/07/1890	        NA	        NA	      57.1	    -170.3	           st paul island	           st paul island	
  18/07/1890	        NA	        NA	      57.1	    -170.3	           st paul island	           st paul island	
  18/07/1890	        NA	        NA	      56.6	    -169.6	garden cove st george island	         st george island	
  19/07/1890	        NA	        NA	      57.1	    -170.3	           st paul island	           st paul island	
  19/07/1890	        NA	        NA	      57.1	    -170.3	st paul island east landing	           st paul island	
  20/07/1890	        NA	        NA	      57.1	    -170.3	st paul island east anchorage	           st paul island	
  20/07/1890	        NA	        NA	      56.6	    -169.6	north anchorage st george island	         st george island	
  21/07/1890	        NA	        NA	      57.1	    -170.3	st paul island east anchorage	           st paul island	
  23/07/1890	        NA	        NA	        NA	        NA	         onnalaska alaska	                       NA	
  23/07/1890	        NA	        NA	      53.9	    -166.5	         ounalaska alaska	             unalaska bay	
  24/07/1890	        NA	        NA	      53.9	    -166.5	         onnalaska alaska	             unalaska bay	
  24/07/1890	   54 10 N	  160 30 W	        NA	        NA	                       NA	                       NA	
  25/07/1890	        NA	        NA	      53.9	    -166.5	         onnalaska alaska	             unalaska bay	
  25/07/1890	        NA	        NA	      54.2	    -165.9	north head akantan swxw 34	               north head	
  26/07/1890	        NA	        NA	      54.1	    -165.8	    akatan village alaska	                   akutan	
  26/07/1890	        NA	        NA	      53.9	    -166.5	       alakha head wxn 18	             ulakhta head	
  27/07/1890	        NA	        NA	        NA	        NA	         onnalaska alaska	                       NA	
  27/07/1890	   56 08 N	  168 55 W	        NA	        NA	                       NA	                       NA	
  29/07/1890	        NA	        NA	      56.6	    -169.6	garden cove st george island	         st george island	
  29/07/1890	        NA	        NA	      57.1	    -170.3	se anchorage ne point st paul island	           st paul island	
  30/07/1890	        NA	        NA	      57.1	    -170.3	se anchorage ne point st paul island	           st paul island	
  30/07/1890	        NA	        NA	      57.1	    -170.3	se anchorage ne point st paul island	           st paul island	
  31/07/1890	        NA	        NA	      57.1	    -170.3	se anchorage ne point st paul island	           st paul island	
  31/07/1890	        NA	        NA	      57.1	    -170.3	ne point st paul island ese  3	           st paul island	
  01/08/1890	        NA	        NA	      57.1	    -170.3	north side st paul island	           st paul island	
  01/08/1890	        NA	        NA	      57.1	    -170.3	se anchorage ne point st paul island	           st paul island	
  02/08/1890	        NA	        NA	      57.1	    -170.3	se anchorage ne point st paul island	           st paul island	
  02/08/1890	        NA	        NA	      57.1	    -170.3	sw anchorage st paul island	           st paul island	
  03/08/1890	        NA	        NA	      57.1	    -170.3	se anchorage st paul island	           st paul island	
  03/08/1890	        NA	        NA	      56.6	    -169.6	tolstoi point st george island	         st george island	
  04/08/1890	        NA	        NA	      57.1	    -170.3	sw anchorage st paul island	           st paul island	
  04/08/1890	        NA	        NA	      57.1	    -170.3	north side island st paul island	           st paul island	
  05/08/1890	        NA	        NA	      57.1	    -170.3	    sw bay st paul island	           st paul island	
  06/08/1890	        NA	        NA	      56.6	    -169.6	north anchorage st paul island	          north anchorage	
  06/08/1890	        NA	        NA	      57.1	    -170.3	ne anchorage st paul island	           st paul island	
  07/08/1890	        NA	        NA	      57.1	    -170.3	east anchorage st paul island	           st paul island	
  07/08/1890	   55 05 N	  168 55 W	        NA	        NA	                       NA	                       NA	
  10/08/1890	        NA	        NA	        NA	        NA	         onnalaska alaska	                       NA	
  10/08/1890	        NA	        NA	      53.9	    -166.5	         ounalaska alaska	             unalaska bay	
  11/08/1890	        NA	        NA	      53.9	    -166.5	         ounalaska alaska	             unalaska bay	
  11/08/1890	        NA	        NA	      53.9	    -166.5	         ounalaska alaska	             unalaska bay	
  12/08/1890	        NA	        NA	      53.9	    -166.5	         ounalaska alaska	             unalaska bay	
  12/08/1890	        03	        32	      54.0	    -166.7	     cape cheerful wnw  3	            cape cheerful	
  13/08/1890	        NA	        NA	      53.9	    -166.5	         ounalaska alaska	             unalaska bay	
  14/08/1890	        NA	        NA	      53.7	    -166.7	 makushin unalaska island	          unalaska island	
  14/08/1890	        NA	        NA	      56.6	    -169.6	off village st george island	         st george island	
  15/08/1890	        NA	        NA	      56.6	    -169.6	off village st george island	         st george island	
  16/08/1890	        NA	        NA	      56.6	    -169.6	off village st george island	         st george island	
  17/08/1890	        NA	        NA	      56.6	    -169.6	off village st george island	         st george island	
  17/08/1890	        NA	        NA	      56.6	    -169.8	dahuo point st george island sexe  8	             dalnoi point	
  18/08/1890	        NA	        NA	      56.6	    -169.6	off village st george island	         st george island	
  18/08/1890	        NA	        NA	      57.1	    -170.3	se anchorage ne pt st paul id	                  st paul	
  19/08/1890	        NA	        NA	      57.1	    -170.3	se anchorage ne pt st paul id	                  st paul	
  20/08/1890	        NA	        NA	      57.1	    -170.3	se anchorage ne pt st paul island	           st paul island	
  21/08/1890	        NA	        NA	      57.1	    -170.3	se anchorage ne point st paul island	           st paul island	
  21/08/1890	        NA	        NA	      57.1	    -170.3	    sw bay st paul island	           st paul island	
  22/08/1890	        NA	        NA	      57.1	    -170.3	east anchorage st paul island	           st paul island	
  22/08/1890	   57 00 N	  170 12 W	        NA	        NA	                       NA	                       NA	
  23/08/1890	        NA	        NA	      57.1	    -170.3	    sw bay st paul island	           st paul island	
  23/08/1890	        NA	        NA	      54.0	    -166.7	     cape cheerful sexs 4	            cape cheerful	
  24/08/1890	        NA	        NA	      53.9	    -166.5	         ounalaska alaska	             unalaska bay	
  25/08/1890	        NA	        NA	      53.9	    -166.5	         ounalaska alaska	             unalaska bay	
  26/08/1890	        NA	        NA	      53.9	    -166.5	         ounalaska alaska	             unalaska bay	
  28/08/1890	        NA	        NA	      57.1	    -170.3	        sw bay st paul id	                  st paul	
  29/08/1890	        NA	        NA	      56.6	    -169.6	north achorage st paul island	          north anchorage	
  29/08/1890	        NA	        NA	      57.1	    -170.3	        sw bay st paul id	                  st paul	
  30/08/1890	        NA	        NA	      56.6	    -169.6	off village st george island	         st george island	
  30/08/1890	        NA	        NA	      54.0	    -166.7	   cape cheerful se12s 21	            cape cheerful	
  31/08/1890	        NA	        NA	      53.9	    -166.5	         ounalaska alaska	             unalaska bay	
  01/09/1890	        NA	        NA	      53.9	    -166.5	         ounalaska alaska	             unalaska bay	
  01/09/1890	        NA	        NA	      53.9	    -166.5	         ounalaska alaska	             unalaska bay	
  02/09/1890	        NA	        NA	      53.9	    -166.5	         ounalaska alaska	             unalaska bay	
  02/09/1890	        NA	        NA	      53.9	    -166.5	         ounalaska alaska	             unalaska bay	
  03/09/1890	        NA	        NA	      53.9	    -166.5	         ounalaska alaska	             unalaska bay	
  03/09/1890	        NA	        NA	      53.9	    -166.5	         ounalaska alaska	             unalaska bay	
  04/09/1890	        NA	        NA	      53.9	    -166.5	        ann alaska alaska	             unalaska bay	
  04/09/1890	        NA	        NA	      53.9	    -166.5	         ounalaska alaska	             unalaska bay	
  05/09/1890	        NA	        NA	      53.9	    -166.5	         ounalaska alaska	             unalaska bay	
  05/09/1890	        NA	        NA	      53.9	    -166.5	         ounalaska alaska	             unalaska bay	
  06/09/1890	        NA	        NA	      53.9	    -166.5	         ounalaska alaska	             unalaska bay	
  06/09/1890	        NA	        NA	      53.9	    -166.5	         ounalaska alaska	             unalaska bay	
  07/09/1890	        NA	        NA	      53.9	    -166.5	         ounalaska alaska	             unalaska bay	
  08/09/1890	        NA	        NA	      53.9	    -166.5	         ounalaska alaska	             unalaska bay	
  08/09/1890	        NA	        NA	      53.9	    -166.5	         ounalaska alaska	             unalaska bay	
  09/09/1870	        NA	        NA	      53.9	    -166.5	         ounalaska alaska	             unalaska bay	
  10/09/1890	        NA	        NA	      53.9	    -166.5	         ounalaska alaska	             unalaska bay	
  11/09/1890	        NA	        NA	      53.9	    -166.5	         ounalaska alaska	             unalaska bay	
  12/09/1890	        NA	        NA	      54.1	    -165.8	    akoutan harbor alaska	                   akutan	
  13/09/1890	        NA	        NA	      54.1	    -165.8	    akoutan harbor alaska	                   akutan	
  13/09/1890	        NA	        NA	      55.1	    -161.9	          moss cape nnw 4	                moss cape	
  14/09/1890	        NA	        NA	      54.7	    -163.1	east anchorage cape pankoff	              cape pankof	
  15/09/1890	        NA	        NA	      57.4	    -152.3	  coal harbor unga island	              ugak island	
  15/09/1890	   55 22 N	  156 35 W	        NA	        NA	                     noon	                       NA	
  16/09/1890	        NA	        NA	      57.8	    -152.4	cape barnabar kadiak id nwxw  10	                   kodiak	
  17/09/1890	        NA	        NA	        NA	        NA	                   at sea	                       NA	
  18/09/1890	   57 39 N	  150 52 W	        NA	        NA	                     noon	                       NA	
  19/09/1890	   57 40 N	  148 10 W	        NA	        NA	                     noon	                       NA	
  20/09/1890	        NA	        NA	        NA	        NA	                   at sea	                       NA	
  20/09/1890	   57 22 N	  146 23 W	        NA	        NA	                     noon	                       NA	
  21/09/1890	        NA	        NA	        NA	        NA	                   at sea	                       NA	
  21/09/1890	   57 02 N	  140 48 W	        NA	        NA	                       NA	                       NA	
  22/09/1890	        NA	        NA	        NA	        NA	                   at sea	                       NA	
  23/09/1890	        NA	        NA	        NA	        NA	                   at sea	                       NA	
  23/09/1890	   56 53 N	  136 42 W	        NA	        NA	                       NA	                       NA	
  24/09/1890	        NA	        NA	        NA	        NA	                   at sea	                       NA	
  24/09/1890	        NA	        NA	      57.0	     -135.4	             sitka alaska	                    sitka	
  25/09/1890	        NA	        NA	        NA	        NA	                   at sea	                       NA	
  30/09/1890	        NA	        NA	      56.5	    -132.4	  wrangell narrows alaska	                 wrangell	
  01/10/1890	        NA	        NA	      56.5	    -132.4	off mouth of wrangell narrows alaska	                 wrangell	
  02/10/1890	        NA	        NA	      56.0	    -132.6	          clarence strait	          clarence strait	
  04/10/1890	        NA	        NA	      53.5	    -129.6	            lowe inlet bc	               lowe inlet	
   05/10/1890	        NA	        NA	    51.5  	    -127.9	safety cove calvert island bc	              safety cove	
   7/10/1890	        NA	        NA	    51.5  	    -127.9	           safety cove bc	              safety cove	
   7/10/1890	        NA	        NA	    50.0  	    -125.2	             cape  exn  9	               cape mudge	
  08/10/1890	        NA	        NA	    50.0  	    -125.3	           beaver cove bc	            chatham point	
  09/10/1890	        NA	        NA	      49.3	    -123.8	       straits of georgia	        strait of georgia	
  09/10/1890	        NA	        NA	      47.6	    -122.3	       seattle washington	                  seattle	
  10/10/1890	        NA	        NA	      47.6	    -122.3	       seattle washington	                  seattle	
  11/10/1890	        NA	        NA	      48.1	    -122.8	 port townsend washington	            port townsend	
  11/10/1890	   46 55 N	  125 12 W	        NA	        NA	                       NA	                       NA	
  12/10/1890	        NA	        NA	        NA	        NA	                   at sea	                       NA	
  12/10/1890	        NA	        NA	        NA	        NA	                       NA	                       NA	
  12/10/1890	        NA	        NA	        NA	        NA	                   at sea	                       NA	
  27/05/1891	        NA	        NA	        NA	        NA	                       NA	                       NA	
  27/05/1891	        NA	        NA	        NA	        NA	                       NA	                       NA	
  27/05/1891	        NA	        NA	        NA	        NA	                       NA	                       NA	
  27/05/1891	        NA	        NA	        NA	        NA	                       NA	                       NA	
  27/05/1891	        NA	        NA	        NA	        NA	                       NA	                       NA	
  27/05/1891	        NA	        NA	        NA	        NA	                       NA	                       NA	
  27/05/1891	        NA	        NA	        NA	        NA	                       NA	                       NA	
  27/05/1891	        NA	        NA	      37.8	    -122.4	        san francisco cal	        san francisco bay	
  27/05/1891	   39 22 N	  125 00 W	        NA	        NA	                   at 8pm	                       NA	
  28/05/1891	        NA	        NA	        NA	        NA	                   at sea	                       NA	
  28/05/1891	   40 36 N	  128 51 W	        NA	        NA	                       NA	                       NA	
  29/05/1891	        NA	        NA	        NA	        NA	                   at sea	                       NA	
  29/05/1891	   42 16 N	  132 04 W	        NA	        NA	                       NA	                       NA	
  30/05/1891	        NA	        NA	        NA	        NA	                   at sea	                       NA	
  30/05/1891	   43 47 N	  136 13 W	        NA	        NA	                       NA	                       NA	
  31/05/1891	        NA	        NA	        NA	        NA	                   at sea	                       NA	
  31/05/1891	   45 33 N	  140 25 W	        NA	        NA	                       NA	                       NA	
  01/06/1891	        NA	        NA	        NA	        NA	                   at sea	                       NA	
  01/06/1891	   47 17 N	  144 56 W	        NA	        NA	                       NA	                       NA	
  02/06/1891	        NA	        NA	        NA	        NA	                   at sea	                       NA	
  02/06/1891	   49 11 N	  147 52 W	        NA	        NA	                       NA	                       NA	
  03/06/1891	        NA	        NA	        NA	        NA	                   at sea	                       NA	
  03/06/1891	   50 04 N	  151 45 W	        NA	        NA	                       NA	                       NA	
  04/06/1891	        NA	        NA	        NA	        NA	                   at sea	                       NA	
  04/06/1891	   51 20 N	  154 53 W	        NA	        NA	                     8 pm	                       NA	
  05/06/1891	        NA	        NA	        NA	        NA	                   at sea	                       NA	
  05/06/1891	   53 17 N	  161 50 W	      22.2	     113.9	         position at 8 pm	                     taio	
  06/06/1891	        NA	        NA	        NA	        NA	                   at sea	                       NA	
  06/06/1891	   54 01 N	  164 56 W	        NA	        NA	                 i mackie	                       NA	
  07/06/1891	        NA	        NA	        NA	        NA	                   at sea	                       NA	
  06/06/1891	        NA	        NA	        NA	        NA	                       NA	                       NA	
  10/06/1891	        NA	        NA	      57.1	    -170.3	                   at sea	                  st paul	
  10/06/1891	        NA	        NA	      57.1	    -170.3	sw anchorage st paul id alaska	                  st paul	
  11/06/1891	        NA	        NA	      57.1	    -170.3	sw anchorage st paul island	                  st paul	
  11/06/1891	        NA	        NA	      57.1	    -170.3	sw anchorage st paul id alaska	                  st paul	
  12/06/1891	        NA	        NA	      57.1	    -170.3	  sw anchorage st paul id	                  st paul	
  12/06/1891	        NA	        NA	      57.1	    -170.3	sw anchorage st paul id alaska	                  st paul	
  13/06/1891	        NA	        NA	      57.1	    -170.3	  sw anchorage st paul id	                  st paul	
  13/06/1891	        NA	        NA	      57.1	    -170.3	sw anchorage st paul id alaska	                  st paul	
  14/06/1891	        NA	        NA	      57.1	    -170.3	  sw anchorage st paul id	                  st paul	
  14/06/1891	        NA	        NA	      56.6	    -169.6	off st george island village alaska	         st george island	
  15/06/1891	        NA	        NA	      57.1	    -170.3	sw anchorage st paul id alaska	                  st paul	
  15/06/1891	        NA	        NA	      57.1	    -170.3	sw anchorage st paul id alaska	                  st paul	
  16/06/1891	        NA	        NA	      57.1	    -170.3	ne pt st paul id by compass wsw  dist 2 miles	                  st paul	
  17/06/1891	        NA	        NA	      57.1	    -170.3	sw anchorage st paul id alaska	                  st paul	
  17/06/1891	        NA	        NA	      57.1	    -170.3	           st paul alaska	                  st paul	
  18/06/1891	        NA	        NA	      57.1	    -170.3	sw anchorage st paul id alaska	                  st paul	
  19/06/1891	        NA	        NA	      57.1	    -170.3	  se anchorage st paul id	                  st paul	
  19/06/1891	        NA	        NA	      53.9	    -166.5	 iliuliuk harbor unalaska	         illiuliuk harbor	
  20/06/1891	        NA	        NA	      53.9	    -166.5	          unalaska alaska	             unalaska bay	
  21/06/1891	        NA	        NA	      53.9	    -166.5	          unalaska alaska	             unalaska bay	
  21/06/1891	        NA	        NA	      53.9	    -166.5	          unalaska alaska	             unalaska bay	
  22/06/1891	        NA	        NA	      53.9	    -166.5	          unalaska alaska	             unalaska bay	
  22/06/1891	        NA	        NA	      53.9	    -166.5	          unalaska alaska	             unalaska bay	
  23/06/1891	        NA	        NA	      53.9	    -166.5	          unalaska alaska	             unalaska bay	
  23/06/1891	        NA	        NA	      53.9	    -166.5	          unalaska alaska	             unalaska bay	
  24/06/1891	        NA	        NA	      53.9	    -166.5	          unalaska alaska	             unalaska bay	
  25/06/1891	        NA	        NA	      57.1	    -170.3	east landing st paul id alaska	           st paul island	
  27/06/1891	        NA	        NA	      57.1	    -170.3	east landing st paul island alaska	           st paul island	
  28/06/1891	        NA	        NA	      57.1	    -170.3	east landing st paul id alaska	           st paul island	
  29/06/1891	        NA	        NA	      54.0	    -166.7	cape cheerfull se dist 6 miles	            cape cheerful	
  30/06/1891	        NA	        NA	        NA	        NA	                       NA	                       NA	
  01/07/1891	        NA	        NA	      53.9	    -166.5	          unalaska alaska	             unalaska bay	
  02/07/1891	        NA	        NA	      53.9	    -166.5	          unalaska alaska	             unalaska bay	
  02/07/1891	        NA	        NA	      53.9	    -166.5	          unalaska harbor	             unalaska bay	
  04/07/1891	        NA	        NA	      54.1	    -165.8	                acutan hr	                   akutan	
  06/07/1891	   54 21 N	  166 06 W	      54.1	    -165.8	                skutan hr	                   akutan	
  06/07/1891	   55 27 N	  165 46 W	        NA	        NA	                       NA	                       NA	
  07/07/1891	        NA	        NA	      54.0	    -166.7	 cape cheerful se 6 miles	            cape cheerful	
  09/07/1891	        NA	        NA	        NA	        NA	                 unalaska	                       NA	
  09/07/1891	        NA	        NA	        NA	        NA	                       NA	                       NA	
  10/07/1891	        NA	        NA	        NA	        NA	                 unalaska	                       NA	
  10/07/1891	   56 15 N	  166 00 W	        NA	        NA	                       NA	                       NA	
  11/07/1891	        NA	        NA	        NA	        NA	                       NA	                       NA	
  12/07/1891	        NA	        NA	        NA	        NA	            ou sw 3 miles	                       NA	
  13/07/1891	        NA	        NA	      57.1	    -170.3	off north side st paul island	           st paul island	
  13/07/1891	        NA	        NA	      57.1	    -170.3	off north side st paul island	           st paul island	
  13/07/1891	        NA	        NA	        NA	        NA	                       NA	                       NA	
  14/07/1891	        NA	        NA	      57.1	    -170.3	ne anchorage st paul island	           st paul island	
  14/07/1891	        NA	        NA	      57.1	    -170.3	sw anchorage st paul island	                  st paul	
  15/07/1891	        NA	        NA	      57.1	    -170.3	   ne anchorage st paul i	                  st paul	
  15/07/1891	   59 35 N	  171 30 W	        NA	        NA	                       NA	                       NA	
  16/07/1891	        NA	        NA	        NA	        NA	cape glory of russia wxn 2 miles	                       NA	
  17/07/1891	        NA	        NA	      60.4	    -172.7	         st mathew island	        st matthew island	
  17/07/1891	St. Mathew Isl	Helis Harbor	      60.4	    -172.7	thetis harbor st matthew island	        st matthew island	
  18/07/1891	        NA	        NA	      64.6	    -172.6	              hall island	             small island	
  18/07/1891	   59 35 N	  167 15 W	        NA	        NA	                       NA	                       NA	
  19/07/1891	        NA	        NA	      57.1	    -170.3	nw point st paul east 12 miles	                  st paul	
  21/07/1891	        NA	        NA	      57.1	    -170.3	         ne point st paul	                  st paul	
  22/07/1891	        NA	        NA	      57.1	    -170.3	sw anchorage st paul island	           st paul island	
  22/07/1891	        NA	        NA	      57.0	    -170.4	  otter island sw 4 miles	             otter island	
  23/07/1891	        NA	        NA	      57.1	    -170.3	  ne point st paul island	           st paul island	
  23/07/1891	   54 15 N	  166 40 W	        NA	        NA	                       NA	                       NA	
  24/07/1891	        NA	        NA	        NA	        NA	                       NA	                       NA	
  25/07/1891	        NA	        NA	        NA	        NA	                 unalaska	                       NA	
  26/07/1891	        NA	        NA	        NA	        NA	                 unalaska	                       NA	
  26/07/1891	        NA	        NA	        NA	        NA	                       NA	                       NA	
  27/07/1891	        NA	        NA	        NA	        NA	                 unalaska	                       NA	
  27/07/1891	   56 45 N	  170 40 W	        NA	        NA	                       NA	                       NA	
  28/07/1891	        NA	        NA	        NA	        NA	                 unalaska	                       NA	
  28/07/1891	   54 17 N	  172 30 W	        NA	        NA	                       NA	                       NA	
  29/07/1891	     56 45 N	  170 40 W	        NA	        NA	                     rush	                       NA	
  30/07/1891	St Paul Isd.	S.E. Anchorage	      57.1	    -170.3	 se anchorage st paul isd	           st paul island	
  31/07/1891	        NA	        NA	      57.1	    -170.3	   sw anchorage st paul i	                  st paul	
  31/07/1891	        NA	        NA	        NA	        NA	                       NA	                       NA	
  01/08/1891	        NA	        NA	        NA	        NA	            st george isd	                       NA	
  01/08/1891	        NA	        NA	        NA	        NA	                       NA	                       NA	
  02/08/1891	        NA	        NA	      56.6	    -169.6	         st george island	         st george island	
  02/08/1891	        NA	        NA	      57.1	    -170.3	rush hills st paul is east 6 miles	                  st paul	
  03/08/1891	        NA	        NA	      57.1	    -170.3	ne anchorage st paul island	           st paul island	
  04/08/1891	        NA	        NA	      57.1	    -170.3	ne anchorage st paul island	           st paul island	
  04/08/1891	        NA	        NA	        NA	        NA	                       NA	                       NA	
  05/08/1891	        NA	        NA	      57.1	    -170.3	           st paul island	           st paul island	
  05/08/1891	        NA	        02	      56.6	    -169.8	  dalnoi point nw 2 miles	             dalnoi point	
  06/08/1891	        NA	        NA	      57.1	    -170.3	    st paul isd se12e 3 m	                  st paul	
  09/08/1891	        NA	        NA	      57.1	    -170.3	              st paul isl	                  st paul	
  09/08/1891	        NA	        NA	      57.1	    -170.3	           st paul island	           st paul island	
  10/08/1891	     54 47	    167 55	        NA	        NA	               bering sea	                  behring	
  11/08/1891	        NA	        NA	      54.0	    -166.7	        maxushin mountain	            cape cheerful	
  11/08/1891	        NA	        NA	      53.9	    -166.5	          unalaska harbor	             unalaska bay	
  12/08/1891	        NA	        NA	        NA	        NA	                       NA	                       NA	
  15/08/1891	        NA	        NA	        NA	        NA	                       NA	                       NA	
  15/08/1891	   54 25 N	  167 10 W	        NA	        NA	                 unalaska	                    malta	
  16/08/1891	        NA	        NA	        NA	        NA	                       NA	                       NA	
  17/08/1891	        NA	        NA	        NA	        NA	                       NA	                       NA	
  17/08/1891	        NA	        NA	      57.1	    -170.3	     sw anchorage st paul	                  st paul	
  18/08/1891	        NA	        NA	        NA	        NA	                       NA	                       NA	
  18/08/1891	     57 34	    171 36	      57.1	    -170.3	sw anchorage st paul island	           st paul island	
  19/08/1891	        NA	        NA	        NA	        NA	                       NA	                       NA	
  19/08/1891	        05	        NA	      57.1	    -170.3	nw point st paul isd ene 5 miles	                  st paul	
  20/08/1891	        NA	        NA	        NA	        NA	                       NA	                       NA	
  20/08/1891	        NA	        NA	      57.1	    -170.3	     sw anchorage st paul	                  st paul	
  21/08/1891	        NA	        NA	        NA	        NA	                       NA	                       NA	
  22/08/1891	        NA	        NA	        NA	        NA	                       NA	                       NA	
  22/08/1891	        NA	        NA	      56.6	    -169.6	  sw bay st george island	         st george island	
  23/08/1891	        NA	        NA	        NA	        NA	                       NA	                       NA	
  23/08/1891	        NA	        NA	      56.6	    -169.6	  sw bay st george island	         st george island	
  24/08/1891	        NA	        NA	        NA	        NA	                       NA	                       NA	
  24/08/1891	     56 50	    169 45	      56.6	    -169.6	garden cove st george island	         st george island	
  25/08/1891	        NA	        NA	        NA	        NA	                       NA	                       NA	
  25/08/1891	     57 40	    170 04	        NA	        NA	                       NA	                       NA	
  26/08/1891	        NA	        NA	        NA	        NA	                       NA	                       NA	
  26/08/1891	   57 28 N	  170 17 W	        NA	        NA	                       NA	                       NA	
  27/08/1891	        NA	        NA	        NA	        NA	                       NA	                       NA	
  27/08/1891	        NA	        NA	      57.1	    -170.3	    walrus id wxn 4 miles	           st paul island	
  28/08/1891	        NA	        NA	        NA	        NA	                       NA	                       NA	
  28/08/1891	   55 37 N	  165 17 W	        NA	        NA	                  h green	                       NA	
  29/08/1891	        NA	        NA	        NA	        NA	                       NA	                       NA	
   2/09/1891	        NA	        NA	        NA	        NA	                 unalaska	                       NA	
  02/09/1891	        NA	        NA	        NA	        NA	                 unalaska	                       NA	
  02/09/1891	   54 31 N	  167 56 W	        NA	        NA	                       NA	                       NA	
  03/09/1891	        NA	        NA	        NA	        NA	                 unalaska	                       NA	
  04/09/1891	        NA	        NA	      53.8	    -167.0	        priest rock abeam	              priest rock	
  04/09/1891	        NA	        NA	        NA	        NA	                 unalaska	                       NA	
  05/09/1891	        NA	        NA	        NA	        NA	                       NA	                       NA	
  05/09/1891	        NA	        NA	      54.0	    -166.7	                 unalaska	            cape cheerful	
  06/09/1891	        NA	        NA	        NA	        NA	                       NA	                       NA	
  07/09/1891	        NA	        NA	        NA	        NA	                       NA	                       NA	
  08/09/1884	        NA	        NA	      57.1	    -170.3	  ne anchorage st paul is	                  st paul	
  08/09/1891	        NA	        NA	        NA	        NA	                       NA	                       NA	
  09/09/1891	        NA	        NA	        NA	        NA	                       NA	                       NA	
  10/09/1891	        NA	        NA	      56.6	    -169.6	         st george island	         st george island	
  10/09/1891	        NA	        NA	        NA	        NA	                       NA	                       NA	
  11/09/1891	     55 27	    170 15	        NA	        NA	                       NA	                       NA	
  11/09/1891	        NA	        NA	        NA	        NA	                       NA	                       NA	
  12/09/1891	        NA	        NA	        NA	        NA	                       NA	                       NA	
  13/09/1891	        NA	        NA	        NA	        NA	                 unalaska	                       NA	
  13/09/1891	        NA	        NA	        NA	        NA	                       NA	                       NA	
  14/09/1891	        NA	        NA	      54.2	    -165.9	                 unalaska	               north head	
  14/09/1891	        NA	        NA	      54.1	    -167.0	        priest rock abeam	              priest rock	
  15/09/1891	        NA	Makushin Pt	      53.4	    -167.6	        chernofski harbor	               chernofski	
  16/09/1891	        NA	        NA	      53.7	    -167.0	      cape makushin abeam	             makushin bay	
  16/09/1891	        NA	        NA	        NA	        NA	                 unalaska	                       NA	
  17/09/1891	        NA	        NA	        NA	        NA	                       NA	                       NA	
  17/09/1891	        NA	        NA	        NA	        NA	                 unalaska	                       NA	
  18/09/1891	        NA	        NA	        NA	        NA	                       NA	                       NA	
  18/09/1891	        NA	        NA	        NA	        NA	                 unalaska	                       NA	
  19/09/1891	        NA	        NA	        NA	        NA	                       NA	                       NA	
  19/09/1891	        NA	        NA	        NA	        NA	                 unalaska	                       NA	
  20/09/1891	        NA	        NA	        NA	        NA	                       NA	                       NA	
  20/09/1891	        NA	        NA	        NA	        NA	                 unalaska	                       NA	
  21/09/1891	        NA	        NA	        NA	        NA	                       NA	                       NA	
  21/09/1891	     53 43	    165 18	      53.9	    -166.5	          unalaska alaska	             unalaska bay	
  22/09/1891	        NA	        NA	        NA	        NA	                       NA	                       NA	
  22/09/1891	     52 19	  160 10 W	      53.9	       7.8	          unalaska alaska	                     bone	
  22/09/1891	        NA	        NA	        NA	        NA	                       NA	                       NA	
  22/09/1891	   50 33 N	  155 16 W	      36.9	       7.8	                  e oneil	                     bone	
  24/09/1891	        NA	        NA	        NA	        NA	                       NA	                       NA	
  24/09/1891	   48 48 N	  149 43 W	      36.9	       7.8	                  e oneil	                     bone	
  25/09/1891	        NA	        NA	        NA	        NA	                       NA	                       NA	
  25/09/1891	   47 01 N	  144 41 W	      36.9	       7.8	                  e oneil	                     bone	
  26/09/1891	        NA	        NA	        NA	        NA	                       NA	                       NA	
  26/09/1891	   45 32 N	  140 48 W	      36.9	       7.8	                  e oneil	                     bone	
  27/09/1891	        NA	        NA	        NA	        NA	                       NA	                       NA	
  27/09/1891	   44 19 N	  137 29 W	      36.9	       7.8	                  e oneil	                     bone	
  28/09/1891	        NA	        NA	        NA	        NA	                       NA	                       NA	
  28/09/1891	   42 38 N	  133 06 W	      36.9	       7.8	                  e oneil	                     bone	
  29/09/1891	        NA	        NA	        NA	        NA	                       NA	                       NA	
  29/09/1891	   40 45 N	  128 37 W	      36.9	       7.8	                  e oneil	                     bone	
  30/09/1891	        NA	        NA	        NA	        NA	                       NA	                       NA	
  01/10/1891	   38 50 N	  124 17 W	      36.9	       7.8	                  e oneil	                     bone	
  01/10/1891	        NA	        NA	        NA	        NA	                   at sea	                       NA	
  01/10/1891	        NA	        NA	      37.8	    -122.4	     san francisco harbor	        san francisco bay	
  02/10/1891	        NA	        NA	        NA	        NA	               drakes bay	                       NA	
  02/10/1891	        NA	        NA	      37.8	    -122.4	 san francisco california	        san francisco bay	
  03/10/1891	        NA	        NA	        NA	        NA	                       NA	                       NA	
  06/10/1891	        NA	        NA	      37.8	    -122.4	            san francisco	            san francisco	
  05/10/1891	        NA	        NA	        NA	        NA	                       NA	                       NA	
  08/10/1891	        NA	        NA	      37.8	    -122.4	      san francisco calif	        san francisco bay	
  07/10/1891	        NA	        NA	        NA	        NA	                       NA	                       NA	
  10/10/1891	        NA	        NA	      37.8	    -122.4	            san francisco	            san francisco	
  09/10/1891	        NA	        NA	        NA	        NA	                       NA	                       NA	
  12/10/1891	        NA	        NA	      37.8	    -122.4	        san francisco cal	        san francisco bay	
  11/10/1891	        NA	        NA	        NA	        NA	                       NA	                       NA	
  14/10/1891	        NA	        NA	      37.8	    -122.4	            san francisco	            san francisco	
  14/10/1891	        NA	        NA	        NA	        NA	                       NA	                       NA	
  15/10/1891	        NA	        NA	      37.8	    -122.4	        san francisco cal	        san francisco bay	
  15/10/1891	        NA	        NA	      37.8	    -122.4	            san francisco	            san francisco	
  10/10/1891	        NA	        NA	      37.8	    -122.4	            san francisco	            san francisco	
  17/10/1891	        NA	        NA	        NA	        NA	                       NA	                       NA	
  17/10/1891	        NA	        NA	      37.8	    -122.4	            san francisco	            san francisco	
  19/10/1891	        NA	        NA	        NA	        NA	                       NA	                       NA	
  19/10/1891	   38 58 N	  125 53 W	        NA	        NA	                       NA	                       NA	
  20/10/1891	        NA	        NA	        NA	        NA	                       NA	                       NA	
  20/10/1891	   40 40 N	  130 02 W	        NA	        NA	                       NA	                       NA	
  21/10/1891	        NA	        NA	        NA	        NA	                       NA	                       NA	
  21/10/1891	   42 15 N	  133 43 W	      25.4	      55.4	                   seaman	                    ajman	
  22/10/1891	        NA	        NA	        NA	        NA	                       NA	                       NA	
  22/10/1891	   43 53 N	  136 43 W	      37.8	    -122.4	            san francisco	            san francisco	
  23/10/1891	        NA	        NA	        NA	        NA	                       NA	                       NA	
  23/10/1891	   45 39 N	  139 14 W	      37.8	    -122.4	            san francisco	            san francisco	
  24/10/1891	        NA	        NA	        NA	        NA	                       NA	                       NA	
  24/10/1891	   47 26 N	  142 56 W	      -8.7	     115.2	nr sentsosn sea f mastland calif	                     bali	
  25/10/1891	        NA	        NA	        NA	        NA	                   at sea	                       NA	
  25/10/1891	   48 05 N	  144 21 W	      37.8	    -122.4	            san francisco	            san francisco	
  26/10/1891	        NA	        NA	        NA	        NA	                   at sea	                       NA	
  26/10/1891	   48 45 N	  144 21 W	        NA	        NA	                       42	                       NA	
  27/10/1891	        NA	        NA	        NA	        NA	                       NA	                       NA	
  27/10/1891	   49 44 N	  147 45 W	        NA	        NA	                       NA	                       NA	
  28/10/1891	        NA	        NA	        NA	        NA	                       NA	                       NA	
  28/10/1891	   51 55 N	  151 52 W	        NA	        NA	                       NA	                       NA	
  29/10/1891	        NA	        NA	        NA	        NA	                       NA	                       NA	
  29/10/1891	   53 56 N	  157 16 W	        NA	        NA	                       NA	                       NA	
  30/10/1891	        NA	        NA	        NA	        NA	                   at sea	                       NA	
  30/10/1891	   53 55 N	  163 21 W	        NA	        NA	                       NA	                       NA	
  01/11/1891	        NA	        NA	      53.9	    -166.5	          unalaska alaska	             unalaska bay	
  01/11/1891	        NA	        NA	      53.9	    -167.0	          unalaska alaska	              priest rock	
  01/11/1891	        NA	        NA	      53.9	    -166.5	                 unalaska	             unalaska bay	
  02/11/1891	        NA	        NA	        NA	        NA	                       NA	                       NA	
  02/11/1891	        NA	        NA	        NA	        NA	                 unalaska	                       NA	
  03/11/1891	        NA	        NA	        NA	        NA	                       NA	                       NA	
  03/11/1891	        NA	        NA	        NA	        NA	                 unalaska	                       NA	
  04/11/1891	        NA	        NA	        NA	        NA	                       NA	                       NA	
  05/11/1891	        NA	        NA	        NA	        NA	                 unalaska	                       NA	
  05/11/1891	        NA	        NA	      54.0	    -166.7	   cape cheerful unalaska	            cape cheerful	
  06/11/1891	        NA	        NA	        NA	        NA	                       NA	                       NA	
  06/11/1891	        NA	        NA	      56.6	    -169.6	st george island nwxw 14 w 13	         st george island	
  07/11/1891	        NA	        NA	        NA	        NA	                       NA	                       NA	
  07/11/1891	        NA	        NA	      56.6	    -169.5	 garden cove st george is	              garden cove	
  08/11/1891	        NA	        NA	        NA	        NA	                       NA	                       NA	
  09/11/1891	        NA	        NA	        NA	        NA	                       NA	                       NA	
  09/11/1891	        NA	        NA	      57.1	    -170.3	  ne anchorage st paul is	                  st paul	
  10/11/1891	        NA	        NA	        NA	        NA	                       NA	                       NA	
  10/11/1891	        NA	        NA	      57.1	    -170.3	 ne anchorage st paul isd	                  st paul	
  11/11/1891	        NA	        NA	        NA	        NA	                       NA	                       NA	
  11/11/1891	        NA	        NA	      56.6	    -169.6	south anchorage ne point st paul isd	          north anchorage	
  12/11/1891	        NA	        NA	        NA	        NA	                       NA	                       NA	
  12/11/1891	        NA	        NA	      57.1	    -170.3	 sw anchorage st paul isd	                  st paul	
  13/11/1891	        NA	        NA	        NA	        NA	                       NA	                       NA	
  13/11/1891	        NA	        NA	      57.1	    -170.3	 sw anchorage st paul isd	                  st paul	
  14/11/1891	        NA	        NA	        NA	        NA	                       NA	                       NA	
  14/11/1891	        NA	        NA	      57.1	    -170.3	  sw anchorage st paul is	                  st paul	
  15/11/1891	        NA	        NA	        NA	        NA	                       NA	                       NA	
  15/11/1891	        NA	        NA	      57.1	    -170.3	    north end st paul isd	                  st paul	
  16/11/1891	        NA	        NA	        NA	        NA	                       NA	                       NA	
  16/11/1891	        NA	        NA	      57.1	    -170.3	 ne anchorage st paul isd	           st paul island	
  17/11/1891	        NA	        NA	        NA	        NA	                       NA	                       NA	
  17/11/1891	        NA	        NA	      57.1	    -170.3	south side ne point st paul is	                  st paul	
  18/11/1891	        NA	        NA	        NA	        NA	                       NA	                       NA	
  18/11/1891	        NA	        NA	      57.1	    -170.3	     sw anchorage st paul	                  st paul	
  19/11/1891	        NA	        NA	        NA	        NA	                       NA	                       NA	
  19/11/1891	        NA	        NA	      57.1	    -170.3	 sw anchorage st paul isd	                  st paul	
  20/11/1891	        NA	        NA	        NA	        NA	                       NA	                       NA	
  20/11/1891	        NA	        NA	      57.1	    -170.3	     sw anchorage st paul	                  st paul	
  21/11/1891	        NA	        NA	        NA	        NA	                       NA	                       NA	
  21/11/1891	        NA	        NA	      57.1	    -170.3	 sw anchorage st paul isd	                  st paul	
  22/11/1891	        NA	        NA	        NA	        NA	                       NA	                       NA	
  22/11/1891	        NA	        NA	      57.1	    -170.3	 sw anchorage st paul isd	                  st paul	
  23/11/1891	        NA	        NA	        NA	        NA	                       NA	                       NA	
  23/11/1891	        NA	        NA	      57.1	    -170.3	     sw anchorage st paul	                  st paul	
  24/11/1891	        NA	        NA	        NA	        NA	                       NA	                       NA	
  24/11/1891	        NA	        NA	      57.1	    -170.3	     sw anchorage st paul	                  st paul	
  25/11/1891	        NA	        NA	        NA	        NA	                       NA	                       NA	
  25/11/1891	        NA	        NA	      57.1	    -170.3	  sw anchorage st paul is	                  st paul	
  26/11/1891	        NA	        NA	        NA	        NA	                       NA	                       NA	
  26/11/1891	        NA	        NA	      57.1	    -170.3	  sw anchorage st paul is	                  st paul	
  27/11/1891	        NA	        NA	        NA	        NA	                       NA	                       NA	
  27/11/1891	        NA	        NA	      57.1	    -170.3	se anchorage st paul island	           st paul island	
  28/11/1891	        NA	        NA	        NA	        NA	                       NA	                       NA	
  29/11/1891	        NA	        NA	        NA	        NA	                       NA	                       NA	
  29/11/1891	        NA	        NA	      56.6	    -169.5	garden cove st george isd	              garden cove	
  30/11/1891	        NA	        NA	        NA	        NA	                       NA	                       NA	
  30/11/1891	        NA	        NA	      56.6	    -169.5	garden cove st george isd	              garden cove	
  01/12/1891	        NA	        NA	        NA	        NA	                       NA	                       NA	
  02/12/1891	        NA	        NA	        NA	        NA	                       NA	                       NA	
  02/12/1891	        NA	        NA	        NA	        NA	                 unalaska	                       NA	
  04/12/1891	        NA	        NA	        NA	        NA	                       NA	                       NA	
  04/12/1891	   53 45 N	  165 32 W	      53.9	    -166.5	          unalaska alaska	             unalaska bay	
  05/12/1891	        NA	        NA	        NA	        NA	                       NA	                       NA	
  05/12/1891	   51 57 N	  160 21 W	        NA	        NA	                       NA	                       NA	
  06/12/1891	        NA	        NA	        NA	        NA	                       NA	                       NA	
  06/12/1891	   50 18 N	  155 08 W	        NA	        NA	                       NA	                       NA	
  07/12/1891	        NA	        NA	        NA	        NA	                       NA	                       NA	
  07/12/1891	   48 42 N	  149 35 W	        NA	        NA	                       NA	                       NA	
  08/12/1891	        NA	        NA	        NA	        NA	                       NA	                       NA	
  08/12/1891	   46 35 N	  144 01 W	        NA	        NA	                       NA	                       NA	
  09/12/1891	        NA	        NA	        NA	        NA	                       NA	                       NA	
  09/12/1891	   45 11 N	  140 57 W	        NA	        NA	                       NA	                       NA	
  10/12/1891	        NA	        NA	        NA	        NA	                       NA	                       NA	
  11/12/1891	   43 29 N	  137 00 W	        NA	        NA	                       NA	                       NA	
  11/12/1891	        NA	        NA	        NA	        NA	                       NA	                       NA	
  11/12/1891	   41 31 N	  132 30 W	        NA	        NA	                     rush	                       NA	
  12/12/1891	        NA	        NA	        NA	        NA	                       NA	                       NA	
  12/12/1891	   39 49 N	  128 10 W	        NA	        NA	                       NA	                       NA	
  13/12/1891	        NA	        NA	        NA	        NA	                       NA	                       NA	
  13/12/1891	   39 14 N	  124 13 W	        NA	        NA	                       NA	                       NA	
  14/12/1891	        NA	        NA	        NA	        NA	   pt anna abeam 45 miles	                       NA	
  14/12/1891	        NA	        NA	        NA	        NA	                     rush	                       NA	
  15/12/1891	        NA	        NA	      37.8	    -122.4	            san francisco	            san francisco	
