          NA	        NA	        NA	        NA	        NA	                       NA	                       NA	
  28/02/1916	        NA	        NA	      46.2	    -123.9	           astoria oregon	                      goa	
  28/02/1916	        NA	        NA	        NA	        NA	                       NA	                       NA	
 10/03/1916	        NA	        NA	      46.2	    -123.9	           astoria oregon	                      goa	
  10/03/1916	        NA	        NA	        NA	        NA	                       NA	                       NA	
  12/03/1916	        NA	        NA	      48.1	    -122.8	port townsend washington at anchor	            port townsend	
  13/03/1916	        NA	        NA	      48.1	    -122.8	 port townsend washington	            port townsend	
  14/03/1916	        NA	        NA	      47.6	    -122.6	navy yard puget sound wash	                bremerton	
  14/03/1916	        NA	        NA	        NA	        NA	                       NA	                       NA	
  18/03/1916	        NA	        NA	        NA	        NA	                       NA	                       NA	
  19/03/1916	        NA	        NA	      47.6	    -122.6	    puget sound navy yard	                    mashi	
  19/03/1916	        NA	        NA	      48.1	    -122.8	port townsend 335pm came to anchor	            port townsend	
  20/03/1916	        NA	        NA	      48.1	    -122.8	       port townsend wash	            port townsend	
  20/03/1916	        NA	        NA	        NA	        NA	                       NA	                       NA	
 22/03/1916	        NA	        NA	        NA	        NA	                       NA	                       NA	
  23/03/1916	        NA	        NA	      49.9	    -125.2	            oyster bay bc	               oyster bay	
  23/03/1916	        NA	        NA	        NA	        NA	                       NA	                       NA	
  24/03/1916	        NA	        NA	      50.6	    -126.9	             alert bay bc	                alert bay	
  24/03/1916	        NA	        NA	        NA	        NA	                       NA	                       NA	
  25/03/1916	        NA	        NA	      52.1	    -128.1	mcloughlin bay lama passage bc	           mcloughlin bay	
  25/03/1916	        NA	        NA	        NA	        NA	                       NA	                       NA	
  26/03/1916	        NA	        NA	      53.7	    -129.8	lowe inlet grenville channel bc	       greenville channel	
  26/03/1916	        NA	        NA	        NA	        NA	                       NA	                       NA	
  27/03/1916	        NA	        NA	        NA	        NA	                       NA	                       NA	
  28/03/1916	        NA	        NA	      56.5	    -132.6	         ketchikan alaska	                ketchikan	
  28/03/1916	        NA	        NA	        NA	        NA	                       NA	                       NA	
  29/03/1916	   56 41 N	  135 31 W	      56.5	    -132.4	          wrangell alaska	                 wrangell	
  29/03/1916	        NA	        NA	        NA	        NA	                       NA	                       NA	
  30/03/1916	        NA	        NA	        NA	        NA	                       NA	                       NA	
  31/03/1916	        NA	        NA	      57.0	    -135.4	             sitka alaska	                    sitka	
  31/03/1916	        NA	        NA	        NA	        NA	                       NA	                       NA	
  01/04/1916	   58 00 N	  137 14 W	      57.0	    -135.4	             sitka alaska	                    sitka	
  01/04/1916	        NA	        NA	        NA	        NA	                       NA	                       NA	
  04/01/1916	        NA	        NA	        NA	        NA	                       NA	                       NA	
  02/04/1916	   59 21 N	  139 38 W	      54.1	    -165.8	           yakutat alaska	                   akutan	
  02/04/1916	        NA	        NA	        NA	        NA	                       NA	                       NA	
  03/04/1916	        NA	        NA	      54.1	    -165.8	           yakutat alaska	                   akutan	
  03/04/1916	        NA	        NA	        NA	        NA	                       NA	                       NA	
  04/04/1916	   59 11 N	  140 19 W	      54.1	    -165.8	           yakutat alaska	                   akutan	
  04/04/1916	        NA	        NA	        NA	        NA	                       NA	                       NA	
  05/04/1916	   57 21 N	  136 15 W	      57.0	    -135.4	             sitka alaska	                    sitka	
  05/04/1916	   57 41 N	  136 24 W	      57.0	    -135.4	                    sitka	                    sitka	
  06/04/1916	        NA	        NA	      57.0	    -135.4	             sitka alaska	                    sitka	
  06/04/1916	        NA	        NA	        NA	        NA	                       NA	                       NA	
  06/04/1916	        NA	        NA	        NA	        NA	                       NA	                       NA	
  08/04/1916	        NA	        NA	      57.0	    -135.4	             sitka alaska	                    sitka	
  08/04/1916	        NA	        NA	        NA	        NA	                       NA	                       NA	
  09/04/1916	        NA	        NA	      57.0	    -135.4	        rodman bay alaska	                    sitka	
  09/04/1916	        NA	        NA	        NA	        NA	                       NA	                       NA	
  10/04/1916	        NA	        NA	      57.0	    -134.6	            rodman bay at	           chatham strait	
  10/04/1916	        NA	        NA	        NA	        NA	                       NA	                       NA	
  11/04/1916	        NA	        NA	        NA	        NA	                       NA	                       NA	
  11/04/1916	        NA	        NA	        NA	        NA	                       NA	                       NA	
  12/04/1916	        NA	        NA	      57.0	    -134.6	    chatham strait alaska	           chatham strait	
  12/04/1916	        NA	        NA	        NA	        NA	                       NA	                       NA	
  14/04/1916	        NA	        NA	        NA	        NA	                       NA	                       NA	
  15/04/1916	   53 50 N	  130 00 W	      29.9	      32.6	          port simpson bc	                   port t	
  15/04/1916	        NA	        NA	        NA	        NA	                       NA	                       NA	
  16/04/1916	   52 44 N	  128 33 W	      38.5	    -128.1	    coughlan anchorage bc	           mcloughlin bay	
  16/04/1916	        NA	        NA	      52.1	    -128.1	745 kincome point standing up frazier reach at end	           mcloughlin bay	
  17/04/1916	        NA	        NA	      52.1	    -128.1	        mclaughlin bay bc	           mcloughlin bay	
  17/04/1916	        NA	        NA	        NA	        NA	                       NA	                       NA	
  18/04/1916	   50 30 N	  126 38 W	    50.6  	    -126.9	             alert bay bc	                alert bay	
  18/04/1916	        NA	        NA	        NA	        NA	                       NA	                       NA	
  19/04/1916	        NA	        NA	        NA	        NA	                       NA	                       NA	
  20/04/1916	        NA	        NA	      47.6	    -122.6	puget sound navy yard wash	                bremerton	
  20/04/1916	        NA	        NA	        NA	        NA	                       NA	                       NA	
  21/04/1916	        NA	        NA	        NA	        NA	    puget sound navy yard	                       NA	
  21/04/1916	        NA	        NA	        NA	        NA	                       NA	                       NA	
  22/04/1916	        NA	        NA	        NA	        NA	navy yard puget sound wash	                       NA	
  22/04/1916	        NA	        NA	        NA	        NA	                       NA	                       NA	
  23/04/1916	        NA	        NA	        NA	        NA	    puget sound navy yard	                       NA	
  23/04/1916	        NA	        NA	        NA	        NA	                       NA	                       NA	
  24/04/1916	        NA	        NA	        NA	        NA	navy yard puget sound wash	                       NA	
  24/04/1916	        NA	        NA	        NA	        NA	                       NA	                       NA	
  25/04/1916	        NA	        NA	        NA	        NA	puget sound navy yard wash	                       NA	
  25/04/1916	        NA	        NA	        NA	        NA	                       NA	                       NA	
  26/04/1916	        NA	        NA	        NA	        NA	puget sound navy yard wash	                       NA	
  26/04/1916	        NA	        NA	        NA	        NA	                       NA	                       NA	
  26/04/1916	        NA	        NA	        NA	        NA	puget sound navy yard wash	                       NA	
  26/04/1916	        NA	        NA	        NA	        NA	                       NA	                       NA	
  28/04/1916	        NA	        NA	        NA	        NA	    puget sound navy yard	                       NA	
  28/04/1916	        NA	        NA	        NA	        NA	                       NA	                       NA	
  29/04/1916	        NA	        NA	        NA	        NA	    puget sound navy yard	                       NA	
  29/04/1916	        NA	        NA	        NA	        NA	                       NA	                       NA	
  30/04/1916	        NA	        NA	        NA	        NA	puget sound navy yard wash	                       NA	
  30/04/1916	        NA	        NA	        NA	        NA	                       NA	                       NA	
  01/05/1916	        NA	        NA	        NA	        NA	    puget sound navy yard	                       NA	
  01/05/1916	        NA	        NA	        NA	        NA	                       NA	                       NA	
  02/05/1916	        NA	        NA	        NA	        NA	    puget sound navy yard	                       NA	
  02/05/1916	        NA	        NA	        NA	        NA	                       NA	                       NA	
  03/05/1916	        NA	        NA	        NA	        NA	    puget sound navy yard	                       NA	
  03/05/1916	        NA	        NA	        NA	        NA	                       NA	                       NA	
  04/05/1916	        NA	        NA	        NA	        NA	    puget sound navy yard	                       NA	
  04/05/1916	        NA	        NA	        NA	        NA	                       NA	                       NA	
  05/05/1916	        NA	        NA	        NA	        NA	puget sound navy yard wash	                       NA	
  05/05/1916	        NA	        NA	        NA	        NA	                       NA	                       NA	
  06/05/1916	        NA	        NA	        NA	        NA	    puget sound navy yard	                       NA	
  06/05/1916	        NA	        NA	        NA	        NA	                       NA	                       NA	
  07/05/1916	        NA	        NA	        NA	        NA	    puget sound navy yard	                       NA	
  07/05/1916	        NA	        NA	        NA	        NA	                       NA	                       NA	
  08/05/1916	        NA	        NA	        NA	        NA	 puget sound navy yard wn	                       NA	
  08/05/1916	        NA	        NA	        NA	        NA	                       NA	                       NA	
  09/05/1916	        NA	        NA	        NA	        NA	    puget sound navy yard	                       NA	
  09/05/1916	        NA	        NA	        NA	        NA	                       NA	                       NA	
  10/05/1916	        NA	        NA	        NA	        NA	    puget sound navy yard	                       NA	
  10/05/1916	        NA	        NA	        NA	        NA	                       NA	                       NA	
  11/05/1916	        NA	        NA	        NA	        NA	    puget sound navy yard	                       NA	
  11/05/1916	        NA	        NA	        NA	        NA	                       NA	                       NA	
  12/05/1916	        NA	        NA	      47.6	    -122.6	    puget sound navy yard	                      sur	
  12/05/1916	        NA	        NA	        NA	        NA	                       NA	                       NA	
  13/05/1916	        NA	        NA	        NA	        NA	                       NA	                       NA	
  14/05/1916	   50 23 N	  125 45 W	    50.6  	    -126.9	          baynes sound bc	                alert bay	
  14/05/1916	        NA	        NA	        NA	        NA	                       NA	                       NA	
  15/05/1916	   50 57 N	  128 14 W	    50.6  	    -126.9	             alert bay bc	                alert bay	
  15/05/1916	        NA	        NA	        NA	        NA	                       NA	                       NA	
  16/05/1916	   51 52 N	  132 09 W	    56.2  	      -3.0	      north pacific ocean	                    forth	
  16/05/1916	        NA	        NA	        NA	        NA	                       NA	                       NA	
  17/05/1916	   55 20 N	  135 04 W	    56.2  	      -3.0	at sea north pacific ocean	                    forth	
  17/05/1916	        NA	        NA	        NA	        NA	                       NA	                       NA	
  18/05/1916	   57 32 N	  135 14 W	      57.0	    -135.4	             sitka alaska	                    sitka	
  19/05/1916	   58 12 N	  134 22 W	     -22.3	    -134.6	            juneau alaska	                    nunea	
  19/05/1916	        NA	        NA	        NA	        NA	                       NA	                       NA	
  20/05/1916	        NA	        NA	        NA	        NA	                       NA	                       NA	
  21/05/1916	   58 10 N	  136 45 W	        NA	        NA	  stephens passage alaska	                       NA	
  21/05/1916	        NA	        NA	        NA	        NA	                       NA	                       NA	
  22/05/1916	   58 05 N	  142 53 W	      57.0	    -144.0	           gulf of alaska	           gulf of alaska	
  22/05/1916	        NA	        NA	        NA	        NA	                       NA	                       NA	
  23/05/1916	   57 57 N	  149 07 W	      57.0	    -144.0	    at sea gulf of alaska	           gulf of alaska	
  23/05/1916	        NA	        NA	        NA	        NA	                       NA	                       NA	
  24/05/1916	   57 35 N	  151 20 W	      57.0	    -144.0	    at sea gulf of alaska	           gulf of alaska	
  24/05/1916	        NA	        NA	        NA	        NA	                       NA	                       NA	
  25/05/1916	        NA	        NA	      57.8	    -152.4	            kodiak alaska	                   kodiak	
  25/05/1916	        NA	        NA	        NA	        NA	                       NA	                       NA	
  26/05/1916	   57 17 N	  152 14 W	      57.8	    -152.4	            kodiak alaska	                   kodiak	
  26/05/1916	        NA	        NA	        NA	        NA	                       NA	                       NA	
  27/05/1916	   55 44 N	  158 02 W	    56.2  	      -3.0	at sea north pacific ocean	                    forth	
  27/05/1916	        NA	        NA	        NA	        NA	                       NA	                       NA	
  28/05/1916	   55 19 N	  159 34 W	      30.3	      -3.0	at sea north pacific ocean	              pook island	
  28/05/1916	        NA	        NA	        NA	        NA	                       NA	                       NA	
  30/05/1916	        NA	        NA	        NA	        NA	                       NA	                       NA	
  31/05/1916	   55 26 N	  160 42 W	      30.3	     115.1	inner iliasik island bight	              pook island	
  31/05/1916	        NA	        NA	        NA	        NA	                       NA	                       NA	
  01/06/1916	   54 34 N	  163 25 W	      55.1	    -161.9	inner iliasik island bight	     inner iliasik island	
  01/06/1916	        NA	        NA	        NA	        NA	                       NA	                       NA	
  02/06/1916	        NA	        NA	      53.9	    -166.5	          unalaska alaska	             unalaska bay	
  02/06/1916	        NA	        NA	        NA	        NA	                       NA	                       NA	
  03/06/1916	        NA	        NA	      53.9	    -166.5	          unalaska alaska	             unalaska bay	
  03/06/1916	        NA	        NA	        NA	        NA	                       NA	                       NA	
  04/06/1916	        NA	        NA	      53.9	    -166.5	          unalaska alaska	             unalaska bay	
  04/06/1916	        NA	        NA	        NA	        NA	                       NA	                       NA	
  05/06/1916	        NA	        NA	      53.9	    -166.5	          unalaska alaska	             unalaska bay	
  05/06/1916	        NA	        NA	        NA	        NA	                       NA	                       NA	
  06/06/1916	        NA	        NA	      53.9	    -166.5	          unalaska alaska	             unalaska bay	
  06/06/1916	        NA	        NA	        NA	        NA	                       NA	                       NA	
  07/06/1916	        NA	        NA	      53.9	    -166.5	          unalaska alaska	             unalaska bay	
  07/06/1916	        NA	        NA	        NA	        NA	                       NA	                       NA	
  08/06/1916	        NA	        NA	      53.9	    -166.5	          unalaska alaska	             unalaska bay	
  08/06/1916	        NA	        NA	        NA	        NA	                       NA	                       NA	
  09/06/1916	        NA	        NA	      53.9	    -166.5	          unalaska alaska	             unalaska bay	
  09/06/1916	        NA	        NA	        NA	        NA	                       NA	                       NA	
  10/06/1916	        NA	        NA	      53.9	    -166.5	          unalaska alaska	             unalaska bay	
  10/06/1916	        NA	        NA	        NA	        NA	                       NA	                       NA	
  11/06/1916	        NA	        NA	      53.9	    -166.5	          unalaska alaska	             unalaska bay	
  11/06/1916	        NA	        NA	        NA	        NA	                       NA	                       NA	
  12/06/1916	   53 57 N	  166 27 W	      53.9	    -166.5	          unalaska alaska	             unalaska bay	
  12/06/1916	        NA	        NA	        NA	        NA	                       NA	                       NA	
  13/06/1916	        NA	        NA	      54.1	    -165.8	            akutan alaska	                   akutan	
  13/06/1916	        NA	        NA	        NA	        NA	                       NA	                       NA	
  14/06/1916	        NA	        NA	      54.1	    -165.8	            akutan alaska	                   akutan	
  14/06/1916	        NA	        NA	        NA	        NA	                       NA	                       NA	
  15/06/1916	   54 20 N	  165 19 W	      54.1	    -165.8	            akutan alaska	                   akutan	
  15/06/1916	        NA	        NA	        NA	        NA	                       NA	                       NA	
  16/06/1916	   55 04 N	  160 24 W	    56.2  	      -3.0	at sea north pacific ocean	                    forth	
  16/06/1916	        NA	        NA	        NA	        NA	                       NA	                       NA	
  17/06/1916	   55 22 N	  160 19 W	      30.3	     115.1	humboldt harbor popof island alaska	              pook island	
  17/06/1916	        NA	        NA	        NA	        NA	                       NA	                       NA	
  18/06/1916	        NA	        NA	        NA	        NA	                       NA	                       NA	
  19/06/1916	   55 20 N	  161 18 W	      30.3	     115.1	dolgoi harbor dolgoi island	              gozo island	
  19/06/1916	        NA	        NA	        NA	        NA	                       NA	                       NA	
  20/06/1916	   55 05 N	  162 01 W	      43.1	      16.7	     dolgoi harbor alaska	                     hvar	
  20/06/1916	        NA	        NA	        NA	        NA	                belkofsky	                       NA	
  21/06/1916	   55 03 N	  162 18 W	     -18.1	    -162.3	west anchor cove ikatan pennisula	                king cove	
  21/06/1916	        NA	        NA	        NA	        NA	                       NA	                       NA	
  22/06/1916	   54 29 N	  162 49 W	     -18.1	     178.4	west anchor cove ikatan peninsula	                     suva	
  22/06/1916	        NA	        NA	        NA	        NA	                       NA	                       NA	
  23/06/1916	   55 22 N	  159 40 W	    56.2  	      -3.0	at sea north pacific ocean	                    forth	
  23/06/1916	        NA	        NA	        NA	        NA	                       NA	                       NA	
  24/06/1916	   55 03 N	  160 35 W	      54.2	    -165.6	humboldt harbor popof i alaska	              lost harbor	
  24/06/1916	        NA	        NA	        NA	        NA	                       NA	                       NA	
  25/06/1916	   54 09 N	  162 48 W	    56.2  	      -3.0	at sea north pacific ocean	                    forth	
  25/06/1916	        NA	        NA	        NA	        NA	                       NA	                       NA	
  26/06/1916	   56 10 N	  169 00 W	      55.0	     166.3	        at sea bering sea	                  behring	
  26/06/1916	        NA	        NA	        NA	        NA	                       NA	                       NA	
  27/06/1916	   56 40 N	  169 38 W	      57.1	    -170.3	tonki point st paul island	           st paul island	
  27/06/1916	        NA	        NA	        NA	        NA	                       NA	                       NA	
  28/06/1916	   57 14 N	  170 03 W	      57.1	    -170.3	  east landing st paul is	              east london	
  28/06/1916	        NA	        NA	        NA	        NA	                       NA	                       NA	
  29/06/1916	        NA	        NA	      57.1	    -170.3	off east landing st paul island	           st paul island	
  29/06/1916	        NA	        NA	        NA	        NA	                       NA	                       NA	
  30/06/1916	        NA	        NA	      57.1	    -170.3	off east landing st paul is	              east london	
  30/06/1916	        NA	        NA	        NA	        NA	                       NA	                       NA	
  01/07/1916	        NA	        NA	      57.1	    -170.3	east anchorage st paul island	           st paul island	
  01/07/1916	        NA	        NA	        NA	        NA	                       NA	                       NA	
  02/07/1916	   57 00 N	  170 06 W	      57.1	    -170.3	east anchorage st paul island	           st paul island	
  02/07/1916	        NA	        NA	        NA	        NA	                       NA	                       NA	
  03/07/1916	        NA	        NA	      56.6	    -169.6	north anchorage st george island	         st george island	
  03/07/1916	        NA	        NA	        NA	        NA	                       NA	                       NA	
  04/07/1916	        NA	        NA	      57.1	    -170.3	east anchorage st paul island	           st paul island	
  04/07/1916	        NA	        NA	        NA	        NA	                       NA	                       NA	
  05/07/1916	   55 38 N	  168 21 W	      57.1	    -170.3	east anchorage st paul island	         st george island	
  05/07/1916	        NA	        NA	        NA	        NA	                       NA	                       NA	
  06/07/1916	        NA	        NA	      53.9	    -166.5	          unalaska alaska	             unalaska bay	
  06/07/1916	        NA	        NA	        NA	        NA	                       NA	                       NA	
  07/07/1916	        NA	        NA	      53.9	    -166.5	          unalaska alaska	             unalaska bay	
  07/07/1916	        NA	        NA	        NA	        NA	                       NA	                       NA	
  08/07/1916	        NA	        NA	      53.9	    -166.5	          unalaska alaska	             unalaska bay	
  08/07/1916	        NA	        NA	        NA	        NA	                       NA	                       NA	
  09/07/1916	        NA	        NA	      53.9	    -166.5	          unalaska alaska	             unalaska bay	
  09/07/1916	        NA	        NA	        NA	        NA	                       NA	                       NA	
  10/07/1916	        NA	        NA	      53.9	    -166.5	          unalaska alaska	             unalaska bay	
  10/07/1916	        NA	        NA	        NA	        NA	                       NA	                       NA	
  16/07/1916	   56 48 N	  168 32 W	      55.0	     166.3	               bering sea	                  behring	
  16/07/1916	        NA	        NA	        NA	        NA	                       NA	                       NA	
  17/07/1916	   57 03 N	  170 15 W	      56.6	    -169.6	  st george island alaska	         st george island	
  17/07/1916	        NA	        NA	        NA	        NA	                       NA	                       NA	
  18/07/1916	   57 10 N	  170 47 W	      57.1	    -170.3	    st paul island alaska	           st paul island	
  18/07/1916	        NA	        NA	        NA	        NA	                       NA	                       NA	
  19/07/1916	   57 05 N	  170 10 W	      57.1	    -170.3	        bering sea alaska	                  behring	
  19/07/1916	        NA	        NA	        NA	        NA	                       NA	                       NA	
  20/07/1916	        NA	        NA	      56.6	    -169.6	    st paul island alaska	         st george island	
  20/07/1916	        NA	        NA	        NA	        NA	                       NA	                       NA	
  21/07/1916	        NA	        NA	      56.6	    -170.3	  st george island alaska	         st george island	
  21/07/1916	        NA	        NA	        NA	        NA	                       NA	                       NA	
  22/07/1916	        NA	        NA	      57.1	    -170.3	    st paul island alaska	           st paul island	
  22/07/1916	        NA	        NA	        NA	        NA	                       NA	                       NA	
  23/07/1916	        NA	        NA	      57.1	    -170.3	off east landing st paul is alaska	              east london	
  23/07/1916	        NA	        NA	        NA	        NA	                       NA	                       NA	
  24/07/1916	        NA	        NA	      57.1	    -170.3	north anchorage  st george is	          north anchorage	
  24/07/1916	        NA	        NA	        NA	        NA	                       NA	                       NA	
  25/07/1916	        NA	        NA	      56.6	    -169.8	  st george island alaska	             dalnoi point	
  25/07/1916	        NA	        NA	        NA	        NA	                       NA	                       NA	
  26/07/1916	   57 07 N	  169 55 W	      57.1	    -170.3	    st paul island alaska	           st paul island	
  26/07/1916	        NA	        NA	        NA	        NA	                       NA	                       NA	
  27/07/1916	   57 25 N	  170 12 W	      55.0	     166.3	        at sea bering sea	                  behring	
  27/07/1916	        NA	        NA	        NA	        NA	                       NA	                       NA	
  28/07/1916	        NA	        NA	      57.1	    -170.3	east anchorage st paul is	           st paul island	
  28/07/1916	        NA	        NA	        NA	        NA	                       NA	                       NA	
  29/07/1916	        NA	        NA	      57.1	    -170.3	east anchorage st paul is	           st paul island	
  29/07/1916	        NA	        NA	        NA	        NA	                       NA	                       NA	
  30/07/1916	        NA	        NA	      57.1	    -170.3	    st paul island alaska	         st george island	
  30/07/1916	        NA	        NA	        NA	        NA	                       NA	                       NA	
  31/07/1916	   56 12 N	  169 21 W	      56.6	    -169.6	  st george island alaska	         st george island	
  31/07/1916	        NA	        NA	        NA	        NA	                       NA	                       NA	
  01/08/1916	        NA	        NA	      53.9	    -166.5	          unalaska alaska	             unalaska bay	
  01/08/1916	        NA	        NA	        NA	        NA	                       NA	                       NA	
  02/08/1916	        NA	        NA	      53.9	    -166.5	          unalaska alaska	             unalaska bay	
  02/08/1916	        NA	        NA	        NA	        NA	                       NA	                       NA	
  03/08/1916	        NA	        NA	      53.9	    -166.5	          unalaska alaska	             unalaska bay	
  03/08/1916	        NA	        NA	        NA	        NA	                       NA	                       NA	
  04/08/1916	        NA	        NA	      53.9	    -166.5	          unalaska alaska	             unalaska bay	
  04/08/1916	        NA	        NA	        NA	        NA	                       NA	                       NA	
  05/08/1916	        NA	        NA	      53.9	    -166.5	          unalaska alaska	             unalaska bay	
  05/08/1916	        NA	        NA	        NA	        NA	                       NA	                       NA	
  06/08/1916	        NA	        NA	      53.9	    -166.5	          unalaska alaska	             unalaska bay	
  06/08/1916	        NA	        NA	        NA	        NA	                       NA	                       NA	
  07/08/1916	        NA	        NA	      53.9	    -166.5	          unalaska alaska	             unalaska bay	
  07/08/1916	        NA	        NA	        NA	        NA	                       NA	                       NA	
  08/08/1916	        NA	        NA	      53.9	    -165.6	          unalaska alaska	                akun head	
  08/08/1916	        NA	        NA	        NA	        NA	                       NA	                       NA	
  09/08/1916	   54 19 N	  165 25 W	      35.0	     138.5	         akun cove alaska	                     kune	
  09/08/1916	        NA	        NA	        NA	        NA	                       NA	                       NA	
  10/08/1916	   56 31 N	  161 05 W	      55.0	     166.3	        at sea bering sea	                  behring	
  10/08/1916	        NA	        NA	        NA	        NA	                       NA	                       NA	
  11/08/1916	   57 54 N	  159 17 W	      47.7	     -52.7	at sea bristol bay alaska	                  tor bay	
  11/08/1916	        NA	        NA	        NA	        NA	                       NA	                       NA	
  12/08/1916	   56 22 N	  162 09 W	      47.7	     -52.7	       at sea bristol bay	                  tor bay	
  12/08/1916	        NA	        NA	        NA	        NA	                       NA	                       NA	
  13/08/1916	   56 22 N	  167 29 W	      55.0	     166.3	        at sea bering sea	                  behring	
  13/08/1916	        NA	        NA	        NA	        NA	                       NA	                       NA	
  14/08/1916	        NA	        NA	      57.1	    -170.3	        at sea bering sea	           st paul island	
  14/08/1916	        NA	        NA	        NA	        NA	                       NA	                       NA	
  15/08/1916	        NA	        NA	      57.1	    -170.3	at anchor east landing st paul is	           st paul island	
  15/08/1916	        NA	        NA	        NA	        NA	                       NA	                       NA	
  16/08/1916	        NA	        NA	      57.1	    -170.3	 at anchor st paul island	           st paul island	
  16/08/1916	        NA	        NA	        NA	        NA	                       NA	                       NA	
  17/08/1916	        NA	        NA	      57.1	    -170.3	 at anchor st paul island	           st paul island	
  17/08/1916	        NA	        NA	        NA	        NA	                       NA	                       NA	
  18/08/1916	        NA	        NA	      57.1	    -170.3	 at anchor st paul island	           st paul island	
  18/08/1916	        NA	        NA	        NA	        NA	                       NA	                       NA	
  19/08/1916	        NA	        NA	      57.1	    -170.3	ne anchorage st paul island	           st paul island	
  19/08/1916	        NA	        NA	        NA	        NA	                       NA	                       NA	
  20/08/1916	        NA	        NA	      57.1	    -170.3	east anchorage st paul island	           st paul island	
  20/08/1916	        NA	        NA	        NA	        NA	                       NA	                       NA	
  21/08/1916	        NA	        NA	      57.1	    -170.3	 at anchor st paul island	           st paul island	
  21/08/1916	        NA	        NA	        NA	        NA	                       NA	                       NA	
  22/08/1916	   57 00 N	  170 05 W	      57.1	    -170.3	 at anchor st paul island	           st paul island	
  22/08/1916	        NA	        NA	        NA	        NA	                       NA	                       NA	
  23/08/1916	        NA	        NA	      56.6	    -169.6	at anchor st george island	          north anchorage	
  23/08/1916	        NA	        NA	        NA	        NA	                       NA	                       NA	
  24/08/1916	   56 47 N	  169 44 W	      56.6	    -169.6	at anchor st george island	         st george island	
  24/08/1916	        NA	        NA	        NA	        NA	                       NA	                       NA	
  25/08/1916	   57 06 N	  169 52 W	      57.1	    -170.3	 at anchor st paul island	           st paul island	
  25/08/1916	        NA	        NA	        NA	        NA	                       NA	                       NA	
  26/08/1916	   56 21 N	  169 31 W	      55.0	     166.3	        at sea bering sea	                  behring	
  26/08/1916	        NA	        NA	        NA	        NA	                       NA	                       NA	
  27/08/1916	        NA	        NA	      54.0	    -166.7	        at sea bering sea	            cape cheerful	
  27/08/1916	        NA	        NA	        NA	        NA	                       NA	                       NA	
  28/08/1916	        NA	        NA	      53.9	    -166.5	          unalaska alaska	             unalaska bay	
  28/08/1916	        NA	        NA	        NA	        NA	                       NA	                       NA	
  27/08/1916	        NA	        NA	      53.9	    -166.5	          unalaska alaska	             unalaska bay	
  27/08/1916	        NA	        NA	        NA	        NA	                       NA	                       NA	
  30/08/1916	        NA	        NA	      53.9	    -166.5	          unalaska alaska	             unalaska bay	
  30/08/1916	        NA	        NA	        NA	        NA	                       NA	                       NA	
  31/08/1916	        NA	        NA	      53.9	    -166.5	          unalaska alaska	             unalaska bay	
  31/08/1916	        NA	        NA	        NA	        NA	                       NA	                       NA	
  01/09/1916	        NA	        NA	      53.9	    -166.5	          unalaska alaska	             unalaska bay	
  01/09/1916	        NA	        NA	        NA	        NA	                       NA	                       NA	
  02/09/1916	        NA	        NA	      53.9	    -166.5	          unalaska alaska	             unalaska bay	
  02/09/1916	        NA	        NA	        NA	        NA	                       NA	                       NA	
  03/09/1916	   54 24 N	  167 02 W	      53.9	    -166.5	          unalaska alaska	             unalaska bay	
  03/09/1916	        NA	        NA	        NA	        NA	                       NA	                       NA	
  04/09/1916	   56 18 N	  169 17 W	      55.0	     166.3	        at sea bering sea	                  behring	
  04/09/1916	        NA	        NA	        NA	        NA	                       NA	                       NA	
  05/09/1916	   56 24 N	  168 57 W	      57.1	    -170.3	east landing st paul island	           st paul island	
  05/09/1916	        NA	        NA	        NA	        NA	                       NA	                       NA	
  06/09/1916	   55 02 N	  166 10 W	      55.0	     166.3	        at sea bering sea	                  behring	
  06/09/1916	        NA	        NA	        NA	        NA	                       NA	                       NA	
  07/09/1916	        NA	        NA	      55.1	    -162.3	    kings cove alaska pen	                king cove	
  07/09/1916	        NA	        NA	        NA	        NA	                       NA	                       NA	
  08/09/1916	   55 21 N	  158 50 W	      36.0	      14.2	dolgoi harbor dolgoi island	              gozo island	
  08/09/1916	        NA	        NA	        NA	        NA	                       NA	                       NA	
  09/09/1916	   55 31 N	  155 16 W	    56.2  	      -3.0	at sea north pacific ocean	                    forth	
  09/09/1916	        NA	        NA	        NA	        NA	                       NA	                       NA	
  10/09/1916	   55 52 N	  149 42 W	    56.2  	      -3.0	at sea north pacific ocean	                    forth	
  10/09/1916	        NA	        NA	        NA	        NA	                       NA	                       NA	
  11/09/1916	   56 22 N	  144 02 W	    56.2  	      -3.0	at sea north pacific ocean	                    forth	
  11/09/1916	        NA	        NA	        NA	        NA	                       NA	                       NA	
  12/09/1916	   56 57 N	  138 11 W	    56.2  	      -3.0	at sea north pacific ocean	                    forth	
  12/09/1916	        NA	        NA	        NA	        NA	                       NA	                       NA	
  13/09/1916	        NA	        NA	      57.0	    -135.4	             sitka alaska	                    sitka	
  13/09/1916	        NA	        NA	        NA	        NA	                       NA	                       NA	
  14/09/1916	        NA	        NA	      57.0	    -135.4	             sitka alaska	                    sitka	
  14/09/1916	        NA	        NA	        NA	        NA	                       NA	                       NA	
  15/09/1916	        NA	        NA	      57.0	    -135.4	             sitka alaska	                    sitka	
  15/09/1916	        NA	        NA	        NA	        NA	                       NA	                       NA	
  16/09/1916	   56 27 N	  135 24 W	      52.1	    -135.4	             sitka alaska	                    sitka	
  16/09/1916	        NA	        NA	        NA	        NA	                       NA	                       NA	
  01/10/1916	        NA	        NA	      48.1	    -122.8	puget sound navy yard washington	                    mashi	
  01/10/1916	        NA	        NA	        NA	        NA	                       NA	                       NA	
  02/10/1916	        NA	        NA	        NA	        NA	                       NA	                       NA	
  03/10/1916	   47 53 N	  124 45 W	      48.1	    -122.8	 port townsend washington	            port townsend	
  03/10/1916	        NA	        NA	        NA	        NA	                       NA	                       NA	
  04/10/1916	        NA	        NA	        NA	        NA	                       NA	                       NA	
  05/10/1916	        NA	        NA	      46.2	    -123.9	           astoria oregon	                      goa	
  05/10/1916	        NA	        NA	        NA	        NA	                       NA	                       NA	
  08/11/1916	        NA	        NA	        NA	        NA	                       NA	                       NA	
  09/11/1916	        NA	        NA	      46.2	    -123.9	           astoria oregon	                      goa	
  09/11/1916	        NA	        NA	        NA	        NA	                       NA	                       NA	
  10/11/1916	        NA	        NA	        NA	        NA	                       NA	                       NA	
  11/11/1916	        NA	        NA	      48.1	    -122.8	 port townsend washington	            port townsend	
  11/11/1916	        NA	        NA	        NA	        NA	                       NA	                       NA	
  12/11/1916	        NA	        NA	      48.1	    -122.8	 port townsend washington	            port townsend	
  12/11/1916	        NA	        NA	        NA	        NA	                       NA	                       NA	
  13/11/1916	        NA	        NA	      48.1	    -122.8	 port townsend washington	            port townsend	
  13/11/1916	        NA	        NA	        NA	        NA	                       NA	                       NA	
  14/11/1916	        NA	        NA	      48.1	    -122.8	 port townsend washington	            port townsend	
  14/11/1916	        NA	        NA	        NA	        NA	                       NA	                       NA	
  18/11/1916	        NA	        NA	        NA	        NA	                       NA	                       NA	
  19/11/1916	        NA	        NA	      47.6	    -122.3	       seattle washington	                  seattle	
  19/11/1916	        NA	        NA	        NA	        NA	                       NA	                       NA	
  20/11/1916	        NA	        NA	      47.6	    -122.3	       seattle washington	                  seattle	
  20/11/1916	        NA	        NA	        NA	        NA	                       NA	                       NA	
  22/11/1916	        NA	        NA	        NA	        NA	                       NA	                       NA	
  23/11/1916	        NA	        NA	      46.2	    -123.9	           astoria oregon	                      goa	
  23/11/1916	        NA	        NA	        NA	        NA	                       NA	                       NA	
  29/11/1916	        NA	        NA	        NA	        NA	                       NA	                       NA	
  30/11/1916	        NA	        NA	      46.2	    -123.9	           astoria oregon	                      goa	
  30/11/1916	        NA	        NA	        NA	        NA	                       NA	                       NA	
  01/12/1916	        NA	        NA	      46.2	    -123.9	              astoria ore	                  columbo	
  01/12/1916	        NA	        NA	        NA	        NA	                       NA	                       NA	
  04/12/1916	        NA	        NA	        NA	        NA	                       NA	                       NA	
  05/12/1916	        NA	        NA	      48.1	    -123.5	        port angeles wash	                   port t	
  05/12/1916	        NA	        NA	        NA	        NA	                       NA	                       NA	
  23/12/1916	        NA	        NA	        NA	        NA	                       NA	                       NA	
  24/12/1916	        NA	        NA	      48.1	    -123.5	  port angeles washington	                   port t	
  24/12/1916	        NA	        NA	        NA	        NA	                       NA	                       NA	
  25/12/1916	        NA	        NA	      47.6	    -122.3	       seattle washington	                  seattle	
  25/12/1916	        NA	        NA	        NA	        NA	                       NA	                       NA	
  26/12/1916	        NA	        NA	      47.6	    -122.3	       seattle washington	                  seattle	
  26/12/1916	        NA	        NA	        NA	        NA	                       NA	                       NA	
  27/12/1916	        NA	        NA	      47.6	    -122.3	       seattle washington	                  seattle	
  27/12/1916	        NA	        NA	        NA	        NA	                       NA	                       NA	
  28/12/1916	        NA	        NA	      47.6	    -122.3	       seattle washington	                  seattle	
  28/12/1916	        NA	        NA	        NA	        NA	                       NA	                       NA	
  29/12/1916	        NA	        NA	      48.1	    -123.5	  port angeles washington	                   port t	
  29/12/1916	        NA	        NA	        NA	        NA	                       NA	                       NA	
