Total pages: 5458 (3530 completed)
Total transcriptions: 13057
Total people: 1075
Total weather observations: 131838
Total characters: 3841677
Total type: 8647
Total wind_force: 131320
Total sea_temperature: 126666
Total height_1: 131262
Total port: 7097
Total cloud_code: 129758
Total air_temperature: 131333
Total fuel_ammount: 250
Total date: 5656
Total fuel_type: 256
Total lng_d: 1457
Total mention_type: 4213
Total longitude: 1543
Total bulb_temperature: 131247
Total event: 3977
Total animal_type: 2385
Total height_2: 1177
Total hour: 131710
Total animal_amount: 2265
Total wind_direction: 131265
Total mention_context: 4119
Total clear_sky: 130742
Total undefined: 12
Total latitude: 1547
Total weather_code: 130905
Total mention_name: 4163
Total fuel_additional_info: 136
Total lat_d: 1466
