Total pages: 4610 (4610 completed)
Total transcriptions: 14146
Total people: 573
Total weather observations: 151045
Total characters: 4049143
Total fuel_type: 216
Total hour: 150962
Total wind_direction: 150512
Total date: 6356
Total lng_d: 1941
Total fuel_ammount: 211
Total fuel_additional_info: 123
Total sea_temperature: 142397
Total undefined: 16
Total latitude: 2064
Total lat_d: 1977
Total height_1: 150734
Total animal_amount: 230
Total longitude: 2026
Total height_2: 18342
Total animal_type: 243
Total mention_context: 2311
Total clear_sky: 150088
Total weather_code: 150428
Total mention_name: 2374
Total event: 4747
Total port: 6834
Total bulb_temperature: 150429
Total cloud_code: 146548
Total wind_force: 150817
Total air_temperature: 150766
Total mention_type: 2404
Total type: 8696
