Total pages: 9074 (814 completed)
Total transcriptions: 3252
Total people: 301
Total weather observations: 32624
Total characters: 1462861
Total fuel_type: 73
Total hour: 31269
Total wind_direction: 31228
Total date: 1359
Total lng_d: 181
Total fuel_ammount: 62
Total fuel_additional_info: 30
Total sea_temperature: 30940
Total undefined: 8
Total latitude: 229
Total lat_d: 183
Total height_1: 31201
Total animal_amount: 11
Total longitude: 227
Total height_2: 167
Total animal_type: 11
Total mention_context: 1785
Total clear_sky: 30266
Total weather_code: 31051
Total mention_name: 1904
Total event: 1949
Total bulb_temperature: 31227
Total port: 2049
Total cloud_code: 30939
Total wind_force: 31226
Total air_temperature: 31224
Total mention_type: 1921
Total type: 2172
