Total pages: 20930 (20930 completed)
Total transcriptions: 47140
Total people: 410
Total weather observations: 349015
Total characters: 8872438
Total fuel_type: 3687
Total hour: 348497
Total wind_direction: 336116
Total date: 22957
Total lng_d: 6057
Total fuel_ammount: 3633
Total fuel_additional_info: 3427
Total sea_temperature: 169408
Total undefined: 1846
Total latitude: 6458
Total lat_d: 6265
Total height_1: 262769
Total animal_amount: 178
Total longitude: 6248
Total height_2: 71581
Total animal_type: 189
Total mention_context: 2612
Total clear_sky: 315260
Total weather_code: 326707
Total mention_name: 2947
Total bulb_temperature: 239136
Total port: 19489
Total event: 6441
Total air_temperature: 258633
Total wind_force: 333000
Total cloud_code: 306947
Total mention_type: 3008
Total type: 25922
