Total pages: 13148 (13148 completed)
Total transcriptions: 42423
Total people: 1212
Total weather observations: 387974
Total characters: 14765122
Total event: 9882
Total lng_d: 4719
Total fuel_additional_info: 591
Total lat_d: 4730
Total mention_context: 19179
Total longitude: 4969
Total date: 18124
Total sea_temperature: 87236
Total air_temperature: 381896
Total wind_direction: 385356
Total cloud_code: 378767
Total animal_amount: 102
Total height_1: 384593
Total mention_type: 19472
Total port: 18273
Total wind_force: 384383
Total height_2: 382792
Total fuel_ammount: 886
Total animal_type: 110
Total bulb_temperature: 379919
Total fuel_type: 928
Total weather_code: 385237
Total mention_name: 19382
Total hour: 387652
Total type: 22282
Total latitude: 4987
Total undefined: 2
Total clear_sky: 383034
