Total pages: 266 (266 completed)
Total transcriptions: 878
Total people: 27
Total weather observations: 9588
Total characters: 348656
Total fuel_type: 31
Total hour: 9572
Total wind_direction: 9535
Total date: 417
Total lng_d: 397
Total fuel_ammount: 30
Total fuel_additional_info: 11
Total sea_temperature: 9476
Total undefined: 84
Total latitude: 414
Total lat_d: 403
Total height_1: 8766
Total animal_amount: 4
Total height_2: 8684
Total longitude: 428
Total animal_type: 4
Total mention_context: 107
Total clear_sky: 9473
Total weather_code: 9545
Total mention_name: 118
Total event: 231
Total port: 430
Total bulb_temperature: 9543
Total cloud_code: 8586
Total wind_force: 9565
Total air_temperature: 9550
Total mention_type: 119
Total type: 865
