Total pages: 4992 (738 completed)
Total transcriptions: 7185
Total people: 379
Total weather observations: 66046
Total characters: 1689978
Total fuel_type: 41
Total hour: 65992
Total wind_direction: 65797
Total date: 2875
Total lng_d: 1305
Total fuel_ammount: 39
Total fuel_additional_info: 18
Total sea_temperature: 16240
Total undefined: 1
Total latitude: 1344
Total lat_d: 1302
Total height_1: 65809
Total animal_amount: 5
Total longitude: 1348
Total height_2: 65712
Total animal_type: 5
Total mention_context: 1132
Total clear_sky: 65160
Total weather_code: 65404
Total mention_name: 1204
Total event: 1205
Total port: 2137
Total bulb_temperature: 64916
Total air_temperature: 65737
Total wind_force: 65782
Total cloud_code: 64825
Total mention_type: 1212
Total type: 3494
