Total pages: 5572 (940 completed)
Total transcriptions: 3935
Total people: 73
Total weather observations: 39960
Total characters: 1471626
Total fuel_type: 19
Total hour: 39884
Total wind_direction: 37163
Total date: 3722
Total lng_d: 1601
Total fuel_ammount: 17
Total fuel_additional_info: 9
Total sea_temperature: 12346
Total latitude: 1725
Total lat_d: 1639
Total height_1: 8840
Total animal_amount: 7
Total height_2: 751
Total longitude: 1684
Total animal_type: 7
Total mention_context: 1749
Total clear_sky: 122
Total weather_code: 16227
Total mention_name: 1774
Total bulb_temperature: 95
Total port: 3336
Total event: 3969
Total cloud_code: 44
Total air_temperature: 21302
Total wind_force: 16942
Total mention_type: 1777
Total type: 5091
