Total pages: 5800 (1662 completed)
Total transcriptions: 5463
Total people: 324
Total weather observations: 54035
Total characters: 1752917
Total fuel_type: 49
Total hour: 53989
Total wind_direction: 53912
Total date: 2262
Total lng_d: 70
Total fuel_ammount: 36
Total fuel_additional_info: 35
Total sea_temperature: 7638
Total latitude: 129
Total lat_d: 77
Total height_1: 53914
Total animal_amount: 9
Total longitude: 118
Total height_2: 53620
Total animal_type: 10
Total mention_context: 2456
Total clear_sky: 53705
Total weather_code: 53873
Total mention_name: 3584
Total port: 2365
Total bulb_temperature: 47174
Total event: 2642
Total wind_force: 53905
Total cloud_code: 53582
Total air_temperature: 53890
Total mention_type: 3587
Total type: 2472
