Total pages: 4560 (1420 completed)
Total transcriptions: 7579
Total people: 346
Total weather observations: 65346
Total characters: 1473080
Total fuel_type: 707
Total hour: 65292
Total wind_direction: 64846
Total date: 3311
Total lng_d: 1331
Total fuel_ammount: 700
Total fuel_additional_info: 692
Total sea_temperature: 41721
Total undefined: 1
Total latitude: 1408
Total lat_d: 1349
Total height_1: 52554
Total animal_amount: 5
Total longitude: 1393
Total height_2: 43899
Total animal_type: 12
Total mention_context: 1225
Total clear_sky: 56275
Total weather_code: 64764
Total mention_name: 1297
Total event: 2791
Total bulb_temperature: 45698
Total port: 2133
Total cloud_code: 55996
Total wind_force: 63607
Total air_temperature: 64595
Total mention_type: 1315
Total type: 3614
