Total pages: 1552 (1552 completed)
Total transcriptions: 5481
Total people: 70
Total weather observations: 42982
Total characters: 2006974
Total fuel_type: 17
Total hour: 42973
Total wind_direction: 42885
Total date: 3317
Total lng_d: 972
Total fuel_ammount: 17
Total fuel_additional_info: 6
Total sea_temperature: 17522
Total undefined: 1123
Total latitude: 1045
Total lat_d: 1018
Total height_1: 42773
Total animal_amount: 206
Total longitude: 999
Total height_2: 22220
Total animal_type: 208
Total mention_context: 283
Total clear_sky: 42518
Total weather_code: 42714
Total mention_name: 317
Total bulb_temperature: 9551
Total event: 5972
Total port: 2006
Total air_temperature: 42600
Total wind_force: 42535
Total cloud_code: 42185
Total mention_type: 324
Total type: 3081
