Total pages: 580 (580 completed)
Total transcriptions: 2422
Total people: 22
Total weather observations: 12452
Total characters: 457644
Total fuel_type: 103
Total hour: 12444
Total wind_direction: 12405
Total date: 1197
Total lng_d: 357
Total fuel_ammount: 100
Total fuel_additional_info: 59
Total sea_temperature: 48
Total latitude: 378
Total lat_d: 357
Total height_1: 12370
Total animal_amount: 2
Total longitude: 378
Total height_2: 57
Total animal_type: 3
Total mention_context: 1376
Total clear_sky: 11846
Total weather_code: 12276
Total mention_name: 1387
Total event: 478
Total port: 1700
Total bulb_temperature: 12315
Total air_temperature: 12366
Total wind_force: 12415
Total cloud_code: 12053
Total mention_type: 1387
Total type: 2081
