Total pages: 27524 (15888 completed)
Total transcriptions: 45430
Total people: 107
Total weather observations: 391939
Total characters: 9413283
Total type: 23598
Total air_temperature: 342577
Total undefined: 8
Total port: 21952
Total mention_type: 3392
Total hour: 391910
Total fuel_type: 225
Total weather_code: 364783
Total wind_direction: 369649
Total height_1: 359273
Total event: 10672
Total sea_temperature: 41453
Total animal_amount: 26
Total date: 22051
Total mention_context: 3143
Total height_2: 336499
Total longitude: 1834
Total lng_d: 1729
Total clear_sky: 9955
Total cloud_code: 10061
Total fuel_additional_info: 125
Total mention_name: 3320
Total wind_force: 373862
Total bulb_temperature: 292233
Total lat_d: 1727
Total animal_type: 30
Total fuel_ammount: 223
Total latitude: 1829
