Total pages: 5804 (5804 completed)
Total transcriptions: 17666
Total people: 432
Total weather observations: 73952
Total characters: 2551296
Total cloud_code: 65307
Total animal_type: 309
Total fuel_type: 339
Total longitude: 1799
Total mention_context: 3672
Total date: 7663
Total event: 2280
Total clear_sky: 62963
Total port: 10217
Total sea_temperature: 35380
Total fuel_ammount: 328
Total lat_d: 1674
Total mention_name: 3837
Total height_1: 67174
Total mention_type: 3860
Total lng_d: 1671
Total wind_direction: 68466
Total latitude: 1813
Total fuel_additional_info: 173
Total wind_force: 73158
Total type: 12192
Total animal_amount: 309
Total height_2: 5987
Total weather_code: 72469
Total air_temperature: 66862
Total undefined: 28
Total hour: 71164
Total bulb_temperature: 58147
