Total pages: 10870 (10870 completed)
Total transcriptions: 33385
Total people: 89
Total weather observations: 182586
Total characters: 3921168
Total fuel_type: 260
Total hour: 182470
Total wind_direction: 179602
Total date: 15392
Total lng_d: 1359
Total fuel_ammount: 254
Total fuel_additional_info: 169
Total sea_temperature: 60749
Total latitude: 1394
Total lat_d: 1374
Total height_1: 178200
Total animal_amount: 1
Total height_2: 22203
Total longitude: 1379
Total animal_type: 1
Total mention_context: 2135
Total clear_sky: 13
Total weather_code: 180879
Total mention_name: 2182
Total bulb_temperature: 11128
Total port: 15047
Total event: 3932
Total cloud_code: 67
Total air_temperature: 179775
Total wind_force: 171477
Total mention_type: 2186
Total type: 16421
