Total pages: 382 (269 completed)
Total transcriptions: 1848
Total people: 53
Total weather observations: 19718
Total characters: 607671
Total fuel_type: 7
Total hour: 19706
Total wind_direction: 19686
Total date: 866
Total lng_d: 4
Total fuel_ammount: 7
Total fuel_additional_info: 5
Total sea_temperature: 16287
Total undefined: 92
Total latitude: 7
Total lat_d: 4
Total height_1: 19705
Total animal_amount: 70
Total longitude: 7
Total height_2: 19493
Total animal_type: 73
Total mention_context: 150
Total clear_sky: 19175
Total weather_code: 19669
Total mention_name: 152
Total event: 819
Total port: 729
Total bulb_temperature: 19704
Total cloud_code: 19082
Total wind_force: 19227
Total air_temperature: 19706
Total mention_type: 153
Total type: 738
