Total pages: 672 (672 completed)
Total transcriptions: 4143
Total people: 371
Total weather observations: 25174
Total characters: 608283
Total height_1: 11732
Total air_temperature: 11503
Total mention_type: 692
Total event: 954
Total clear_sky: 22188
Total cloud_code: 20056
Total latitude: 390
Total hour: 24976
Total fuel_type: 562
Total wind_direction: 23205
Total longitude: 388
Total type: 1755
Total bulb_temperature: 10372
Total fuel_additional_info: 418
Total mention_name: 679
Total height_2: 187
Total fuel_ammount: 536
Total lng_d: 365
Total lat_d: 363
Total mention_context: 667
Total date: 1557
Total animal_amount: 88
Total animal_type: 91
Total weather_code: 21651
Total wind_force: 23510
Total port: 1365
Total sea_temperature: 7950
