Total pages: 14150 (8132 completed)
Total transcriptions: 35304
Total people: 726
Total weather observations: 321415
Total characters: 8700612
Total fuel_ammount: 462
Total animal_type: 69
Total height_1: 312253
Total wind_direction: 317243
Total wind_force: 315354
Total hour: 321224
Total event: 5965
Total height_2: 286543
Total mention_type: 3689
Total cloud_code: 288993
Total undefined: 610
Total lat_d: 3067
Total fuel_additional_info: 292
Total date: 17728
Total type: 19053
Total latitude: 3157
Total sea_temperature: 103807
Total fuel_type: 481
Total mention_context: 3546
Total air_temperature: 302460
Total bulb_temperature: 300623
Total clear_sky: 311557
Total mention_name: 3657
Total animal_amount: 64
Total longitude: 3123
Total lng_d: 3036
Total port: 15908
Total weather_code: 316965
