Total pages: 189124 (110757 completed)
Total transcriptions: 364119
Total people: 4668
Total weather observations: 2901093
Total characters: 103060978
Total fuel_type: 9984
Total hour: 2894679
Total wind_direction: 2827063
Total date: 172185
Total lng_d: 43516
Total fuel_ammount: 9697
Total fuel_additional_info: 7985
Total sea_temperature: 1044061
Total undefined: 3821
Total latitude: 45999
Total lat_d: 44080
Total height_1: 2688716
Total animal_amount: 2832
Total longitude: 45428
Total height_2: 1758502
Total animal_type: 3031
Total mention_context: 106255
Total clear_sky: 2207623
Total weather_code: 2775110
Total mention_name: 109355
Total bulb_temperature: 2278685
Total event: 139267
Total port: 178517
Total cloud_code: 2194595
Total wind_force: 2767475
Total air_temperature: 2652676
Total mention_type: 109884
Total type: 222684
