Total pages: 13742 (11277 completed)
Total transcriptions: 37704
Total people: 99
Total weather observations: 168359
Total characters: 15516714
Total wind_direction: 153936
Total longitude: 6343
Total mention_name: 21898
Total animal_amount: 131
Total type: 39613
Total height_2: 353
Total fuel_type: 889
Total hour: 168317
Total air_temperature: 148538
Total latitude: 6349
Total lng_d: 6202
Total mention_type: 21910
Total weather_code: 154349
Total event: 25005
Total mention_context: 21758
Total sea_temperature: 12248
Total fuel_ammount: 864
Total height_1: 166708
Total wind_force: 149548
Total bulb_temperature: 139534
Total fuel_additional_info: 676
Total animal_type: 131
Total port: 33356
Total date: 15490
Total undefined: 47
Total lat_d: 6208
Total cloud_code: 144785
Total clear_sky: 144980
