Total pages: 672 (672 completed)
Total transcriptions: 2101
Total people: 39
Total weather observations: 10395
Total characters: 921903
Total fuel_ammount: 15
Total port: 2388
Total height_2: 45
Total fuel_additional_info: 14
Total mention_name: 1281
Total latitude: 813
Total weather_code: 10370
Total hour: 10390
Total cloud_code: 9971
Total wind_force: 9894
Total mention_type: 1283
Total fuel_type: 16
Total bulb_temperature: 10351
Total mention_context: 1263
Total lng_d: 773
Total clear_sky: 9435
Total height_1: 10366
Total wind_direction: 10034
Total air_temperature: 10374
Total type: 3085
Total animal_type: 1
Total date: 1053
Total event: 1689
Total longitude: 813
Total lat_d: 773
Total animal_amount: 1
Total sea_temperature: 6773
