Total pages: 14288 (14288 completed)
Total transcriptions: 43517
Total people: 400
Total weather observations: 432911
Total characters: 11164197
Total date: 22393
Total fuel_type: 576
Total type: 22129
Total latitude: 5190
Total hour: 432807
Total lat_d: 4971
Total height_2: 428171
Total wind_force: 418963
Total port: 17081
Total wind_direction: 432316
Total undefined: 1
Total longitude: 5159
Total bulb_temperature: 429103
Total air_temperature: 429679
Total height_1: 429484
Total sea_temperature: 71706
Total weather_code: 431412
Total lng_d: 4941
Total mention_context: 3323
Total fuel_ammount: 555
Total clear_sky: 364672
Total fuel_additional_info: 503
Total event: 4409
Total mention_name: 3499
Total cloud_code: 404463
Total mention_type: 3524
