Total pages: 20762 (11465 completed)
Total transcriptions: 36266
Total people: 755
Total weather observations: 366689
Total characters: 23112517
Total type: 25473
Total fuel_additional_info: 831
Total longitude: 5128
Total wind_direction: 364910
Total mention_type: 46768
Total event: 50273
Total lat_d: 4996
Total clear_sky: 356744
Total undefined: 3
Total port: 20383
Total mention_context: 46599
Total lng_d: 4958
Total hour: 366570
Total height_1: 362338
Total wind_force: 362986
Total animal_amount: 206
Total mention_name: 46711
Total weather_code: 362853
Total cloud_code: 350189
Total bulb_temperature: 346317
Total air_temperature: 346914
Total height_2: 359856
Total sea_temperature: 112075
Total latitude: 5165
Total fuel_ammount: 893
Total animal_type: 217
Total date: 16012
Total fuel_type: 914
