Total pages: 3714 (3714 completed)
Total transcriptions: 6587
Total people: 82
Total weather observations: 31111
Total characters: 1030728
Total fuel_type: 76
Total wind_direction: 22284
Total hour: 30976
Total date: 5493
Total lng_d: 840
Total fuel_ammount: 64
Total fuel_additional_info: 36
Total sea_temperature: 9027
Total undefined: 11
Total latitude: 909
Total lat_d: 870
Total height_1: 25282
Total animal_amount: 21
Total longitude: 878
Total height_2: 2764
Total animal_type: 24
Total mention_context: 610
Total clear_sky: 265
Total weather_code: 16952
Total mention_name: 632
Total port: 3272
Total event: 5439
Total bulb_temperature: 3711
Total air_temperature: 17885
Total wind_force: 16858
Total cloud_code: 966
Total mention_type: 637
Total type: 4141
