  01/01/1924	        NA	        NA	      47.6	    -122.3	alongside conn st dock seattle wash	                  seattle	
  01/01/1924	        NA	        NA	        NA	        NA	                       NA	                       NA	
  02/01/1924	        NA	        NA	      47.6	    -122.3	alongside conn st pier seattle wash	                  seattle	
  02/01/1924	        NA	        NA	        NA	        NA	                       NA	                       NA	
  03/01/1924	        NA	        NA	      47.6	    -122.3	alongside conn st dock seattle wash	                  seattle	
  03/01/1924	        NA	        NA	        NA	        NA	                       NA	                       NA	
  04/01/1924	        NA	        NA	      47.6	    -122.3	alongside connecticut st dock seattle wn	                  seattle	
  04/01/1924	        NA	        NA	        NA	        NA	                       NA	                       NA	
  05/01/1924	        NA	        NA	      47.6	    -122.3	alongside connecticut st dock seattle wash	                  seattle	
  05/01/1924	        NA	        NA	        NA	        NA	                       NA	                       NA	
  06/01/1924	        NA	        NA	      47.6	    -122.3	alongside connecticut st wharf seattle wash	                  seattle	
  06/01/1924	        NA	        NA	        NA	        NA	                       NA	                       NA	
  07/01/1924	        NA	        NA	      47.6	    -122.3	alongside connecticut st dock sattle wash	                  seattle	
  07/01/1924	        NA	        NA	        NA	        NA	                       NA	                       NA	
  08/01/1924	        NA	        NA	      47.6	    -122.3	alongside connecticut st dock seattle wn	                  seattle	
  08/01/1924	        NA	        NA	        NA	        NA	                       NA	                       NA	
  09/01/1924	        NA	        NA	      47.6	    -122.3	alongside connecticut st dock seattle wn	                  seattle	
  09/01/1924	        NA	        NA	        NA	        NA	                       NA	                       NA	
  10/01/1924	        NA	        NA	      47.6	    -122.3	alongside conn st dock seattle wash	                  seattle	
  10/01/1924	        NA	        NA	        NA	        NA	                       NA	                       NA	
  11/01/1924	        NA	        NA	      47.6	    -122.3	alongside connecticut st wharf seattle wash	                  seattle	
  11/01/1924	        NA	        NA	        NA	        NA	                       NA	                       NA	
  12/01/1924	        NA	        NA	      47.6	    -122.3	alongside connecticut st dock seattle wn	                  seattle	
  12/01/1924	        NA	        NA	        NA	        NA	                       NA	                       NA	
  13/01/1924	        NA	        NA	      47.6	    -122.3	alongside conn st dock seattle wash	                  seattle	
  13/01/1924	        NA	        NA	        NA	        NA	                       NA	                       NA	
  14/01/1924	        NA	        NA	      47.6	    -122.3	alongside connecticut st dock seattle wn	                  seattle	
  14/01/1924	        NA	        NA	        NA	        NA	                       NA	                       NA	
  15/01/1924	        NA	        NA	      47.6	    -122.3	                  seattle	                  seattle	
  15/01/1924	        NA	        NA	        NA	        NA	                       NA	                       NA	
  15/01/1924	        NA	        NA	      47.6	    -122.3	alongside connecticut st dock seattle wash	                  seattle	
  15/01/1924	        NA	        NA	        NA	        NA	                       NA	                       NA	
  16/01/1924	        NA	        NA	      47.6	    -122.3	alongside connecticut st dock seattle wn	                  seattle	
  16/01/1924	        NA	        NA	        NA	        NA	                       NA	                       NA	
  17/01/1924	        NA	        NA	      47.6	    -122.3	alongside connecticut st dock seattle wn	                  seattle	
  17/01/1924	        NA	        NA	        NA	        NA	                       NA	                       NA	
  18/01/1924	        NA	        NA	      47.6	    -122.3	alongside str discoverer at conn st wharf seattle wn	                  seattle	
  18/01/1924	        NA	        NA	        NA	        NA	                       NA	                       NA	
  19/01/1924	        NA	        NA	      47.6	    -122.3	alongside conneticut st dock seattle wash	                  seattle	
  19/01/1924	        NA	        NA	        NA	        NA	                       NA	                       NA	
  20/01/1924	        NA	        NA	      47.6	    -122.3	alongside str discoverer at conn st wharf seattle wn	                  seattle	
  20/01/1924	        NA	        NA	        NA	        NA	                       NA	                       NA	
  21/01/1924	        NA	        NA	      47.6	    -122.3	alongside conn st dock seattle wn	                  seattle	
  21/01/1924	        NA	        NA	        NA	        NA	                       NA	                       NA	
  22/01/1924	        NA	        NA	      47.6	    -122.3	alongside str discoverer off connecticut st wharf seattle wn	                  seattle	
  22/01/1924	        NA	        NA	        NA	        NA	                       NA	                       NA	
  22/01/1924	        NA	        NA	        NA	        NA	                       NA	                       NA	
  22/01/1924	        NA	        NA	        NA	        NA	                       NA	                       NA	
  23/01/1924	        NA	        NA	      47.6	    -122.3	alongside str discoverer connecticut st wharf seattle wn	                  seattle	
  23/01/1924	        NA	        NA	        NA	        NA	                       NA	                       NA	
  24/01/1924	        NA	        NA	      47.6	    -122.3	alongside str discoverer at connecticut st wharf seattle wn	                  seattle	
  24/01/1924	        NA	        NA	        NA	        NA	                       NA	                       NA	
  25/01/1924	        NA	        NA	      47.6	    -122.3	alongside str discoverer connecticut st wharf seattle wn	                  seattle	
  25/01/1924	        NA	        NA	        NA	        NA	                       NA	                       NA	
  26/01/1924	        NA	        NA	      47.6	    -122.3	alongside str discoverer connecticut st wharf seattle wn	                  seattle	
  26/01/1924	        NA	        NA	        NA	        NA	                       NA	                       NA	
  27/01/1924	        NA	        NA	      47.6	    -122.3	alongside str discoverer connecticut st wharf seattle wn	                  seattle	
  27/01/1924	        NA	        NA	        NA	        NA	                       NA	                       NA	
  28/01/1924	        NA	        NA	      47.6	    -122.3	alongside str discoverer connecticut st wharf seattle wn	                  seattle	
  28/01/1924	        NA	        NA	        NA	        NA	                       NA	                       NA	
  29/01/1924	        NA	        NA	      47.6	    -122.3	alongside connecticut st dock seattle wn	                  seattle	
  29/01/1924	        NA	        NA	        NA	        NA	                       NA	                       NA	
  30/01/1924	        NA	        NA	      47.6	    -122.3	alongside conneticut st dock seattle	                  seattle	
  30/01/1924	        NA	        NA	        NA	        NA	                       NA	                       NA	
  31/01/1924	        NA	        NA	      47.6	    -122.3	alongside conneticut st dock seattle	                  seattle	
  31/01/1924	        NA	        NA	        NA	        NA	                       NA	                       NA	
  02/02/1924	        NA	        NA	      47.6	    -122.3	alongside connecticut st dock sattle wash	                  seattle	
  02/02/1924	        NA	        NA	        NA	        NA	                       NA	                       NA	
  03/02/1924	        NA	        NA	      47.6	    -122.3	alongside connecticut st dock seattle wn	                  seattle	
  03/02/1924	        NA	        NA	        NA	        NA	                       NA	                       NA	
  04/02/1924	        NA	        NA	      47.6	    -122.3	alongside connecticut st dock sattle	                  seattle	
  04/02/1924	        NA	        NA	        NA	        NA	                       NA	                       NA	
  05/02/1924	        NA	        NA	      47.6	    -122.3	alongside connecticut st wharf seattle wash	                  seattle	
  05/02/1924	        NA	        NA	        NA	        NA	                       NA	                       NA	
  06/02/1924	        NA	        NA	      47.6	    -122.3	alongside connecticut st dock seattle wn	                  seattle	
  06/02/1924	        NA	        NA	        NA	        NA	                       NA	                       NA	
  07/02/1924	        NA	        NA	      47.6	    -122.3	alongside connecticut st dock seattle wn	                  seattle	
  07/02/1924	        NA	        NA	        NA	        NA	                       NA	                       NA	
  08/02/1924	        NA	        NA	      47.6	    -122.3	alongside conneticut st dock seattle wash	                  seattle	
  08/02/1924	        NA	        NA	        NA	        NA	                       NA	                       NA	
  09/02/1924	        NA	        NA	      47.6	    -122.3	alongside conneticut st dock seattle wash	                  seattle	
  09/02/1924	        NA	        NA	        NA	        NA	                       NA	                       NA	
  10/02/1924	        NA	        NA	      47.6	    -122.3	alongside conneticut st dock seattle wash	                  seattle	
  10/02/1924	        NA	        NA	        NA	        NA	                       NA	                       NA	
  11/02/1924	        NA	        NA	      47.6	    -122.3	alongside connecticut st dock seattle wn	                  seattle	
  11/02/1924	        NA	        NA	        NA	        NA	                       NA	                       NA	
  12/02/1924	        NA	        NA	      47.6	    -122.3	alongside connecticut st dock seattle wn	                  seattle	
  12/02/1924	        NA	        NA	        NA	        NA	                       NA	                       NA	
  13/02/1924	        NA	        NA	      47.6	    -122.3	alongside conneticut st wharf seattle wn	                  seattle	
  13/02/1924	        NA	        NA	        NA	        NA	                       NA	                       NA	
  14/02/1924	        NA	        NA	      47.6	    -122.3	alongside conneticut st dock seattle wash	                  seattle	
  14/02/1924	        NA	        NA	        NA	        NA	                       NA	                       NA	
  15/02/1924	        NA	        NA	      47.6	    -122.3	alongside connecticut st dock seattle wn	                  seattle	
  15/02/1924	        NA	        NA	        NA	        NA	                       NA	                       NA	
  16/02/1924	        NA	        NA	      47.6	    -122.3	alongside str discoverer london st dock seattle wash	                  seattle	
  16/02/1924	        NA	        NA	        NA	        NA	                       NA	                       NA	
  17/02/1924	        NA	        NA	      47.6	    -122.3	alongside str discoverer london st dock seattle wash	                  seattle	
  17/02/1924	        NA	        NA	        NA	        NA	                       NA	                       NA	
  18/02/1924	        NA	        NA	      47.6	    -122.3	alongside str discoverer london st dock seattle wn	                  seattle	
  18/02/1924	        NA	        NA	        NA	        NA	                       NA	                       NA	
  19/02/1924	        NA	        NA	      47.6	    -122.3	alongside str discoverer at lander st dock seattle wn	                  seattle	
  19/02/1924	        NA	        NA	        NA	        NA	                       NA	                       NA	
  20/02/1924	        NA	        NA	      47.6	    -122.3	alongside uss discoverer landers st dock seattle wn	                  seattle	
  20/02/1924	        NA	        NA	        NA	        NA	                       NA	                       NA	
  21/02/1924	        NA	        NA	      47.6	    -122.3	alongside uss discoverer landers st dock seattle wash	                  seattle	
  21/02/1924	        NA	        NA	        NA	        NA	                       NA	                       NA	
  22/02/1924	        NA	        NA	      47.6	    -122.3	alongside str discoverer at lander st dock seattle wn	                  seattle	
  22/02/1924	        NA	        NA	        NA	        NA	                       NA	                       NA	
  23/02/1924	        NA	        NA	      47.6	    -122.3	alongside str discoverer lander st dock seattle	                  seattle	
  23/02/1924	        NA	        NA	        NA	        NA	                       NA	                       NA	
  24/02/1924	        NA	        NA	      47.6	    -122.3	alongside str discoverer lander st dock seattle	                  seattle	
  24/02/1924	        NA	        NA	        NA	        NA	                       NA	                       NA	
  25/02/1924	        NA	        NA	      47.6	    -122.3	alongside str discoverer at lander st dock seattle wn	                  seattle	
  25/02/1924	        NA	        NA	        NA	        NA	                       NA	                       NA	
  26/02/1924	        NA	        NA	      47.6	    -122.3	alongside uss discoverer landers st dock seattle wn	                  seattle	
  26/02/1924	        NA	        NA	        NA	        NA	                       NA	                       NA	
  27/02/1924	        NA	        NA	      47.6	    -122.3	alongside uss discoverer at connecticut st dock seattle wn	                  seattle	
  27/02/1924	        NA	        NA	        NA	        NA	                       NA	                       NA	
  28/02/1924	        NA	        NA	      47.6	    -122.3	alongside uss discoverer lander st dock seattle wn	                  seattle	
  28/02/1924	        NA	        NA	        NA	        NA	                       NA	                       NA	
  29/02/1924	        NA	        NA	      47.6	    -122.3	alongside uss discoverer lander st dock seattle wash	                  seattle	
  29/02/1924	        NA	        NA	        NA	        NA	                       NA	                       NA	
  01/03/1924	        NA	        NA	      47.6	    -122.3	alongside str discoverer lander st dock seattle	                  seattle	
  01/03/1924	        NA	        NA	        NA	        NA	                       NA	                       NA	
  02/03/1924	        NA	        NA	      47.6	    -122.3	alongside str discoverer lander st dock seattle	                  seattle	
  02/03/1924	        NA	        NA	        NA	        NA	                       NA	                       NA	
  03/03/1924	        NA	        NA	      47.6	    -122.3	alongside str discoverer lander st dock seattle	                  seattle	
  03/03/1924	        NA	        NA	        NA	        NA	                       NA	                       NA	
  04/03/1924	        NA	        NA	      47.6	    -122.3	alongside str discoverer at lander st dock seattle wn	                  seattle	
  04/03/1924	        NA	        NA	        NA	        NA	                       NA	                       NA	
  05/03/1924	        NA	        NA	      47.6	    -122.3	alongside str discoverer stay st dock seattle wash	                  seattle	
  05/03/1924	        NA	        NA	        NA	        NA	                       NA	                       NA	
  06/03/1924	        NA	        NA	      47.6	    -122.3	alongside str surveyor bell st dock seattle wash	                  seattle	
  06/03/1924	        NA	        NA	        NA	        NA	                       NA	                       NA	
  07/03/1924	        NA	        NA	      47.6	    -122.3	alongside str surveyor bell st dock seattle wash	                  seattle	
  07/03/1924	        NA	        NA	        NA	        NA	                       NA	                       NA	
  08/03/1924	        NA	        NA	      47.6	    -122.3	alongside str surveyor bell st dock seattle wash	                  seattle	
  08/03/1924	        NA	        NA	        NA	        NA	                       NA	                       NA	
  09/03/1924	        NA	        NA	      47.6	    -122.3	alongside str surveyor bell st dock seattle wash	                  seattle	
  09/03/1924	        NA	        NA	        NA	        NA	                       NA	                       NA	
  10/03/1924	        NA	        NA	        NA	        NA	                       NA	                       NA	
  11/03/1924	        NA	        NA	      47.6	    -122.3	alongside str discoverer at lander st dock seattle wn	                  seattle	
  11/03/1924	        NA	        NA	        NA	        NA	                       NA	                       NA	
  12/03/1924	        NA	        NA	      47.6	    -122.3	alongside str discoverer lander st dock seattle	                  seattle	
  12/03/1924	        NA	        NA	        NA	        NA	                       NA	                       NA	
  13/03/1924	        NA	        NA	      47.6	    -122.3	alongside str discoverer lander st dock seattle wash	                  seattle	
  13/03/1924	        NA	        NA	        NA	        NA	                       NA	                       NA	
  14/03/1924	        NA	        NA	      47.6	    -122.3	alongside str discoverer at lander st dock seattle wn	                  seattle	
  14/03/1924	        NA	        NA	        NA	        NA	                       NA	                       NA	
  15/03/1924	        NA	        NA	      47.6	    -122.3	alongside uss discoverer lander st dock seattle wn	                  seattle	
  15/03/1924	        NA	        NA	        NA	        NA	                       NA	                       NA	
  16/03/1924	        NA	        NA	      47.6	    -122.3	alongside str discoverer landy st dock seattle wn	                  seattle	
  16/03/1924	        NA	        NA	        NA	        NA	                       NA	                       NA	
  17/03/1924	        NA	        NA	      47.6	    -122.3	alongside str discoverer at lander st dock seattle wn	                  seattle	
  17/03/1924	        NA	        NA	        NA	        NA	                       NA	                       NA	
  18/03/1924	        NA	        NA	      47.6	    -122.3	alongside str discoverer lander st dock seattle wash	                  seattle	
  18/03/1924	        NA	        NA	        NA	        NA	                       NA	                       NA	
  19/03/1924	        NA	        NA	      47.6	    -122.3	alongside str discoverer at lander st dock seattle wn	                  seattle	
  19/03/1924	        NA	        NA	        NA	        NA	                       NA	                       NA	
  20/03/1924	        NA	        NA	      47.6	    -122.3	alongside str discoverer at lander st dock seattle wn	                  seattle	
  20/03/1924	        NA	        NA	        NA	        NA	                       NA	                       NA	
  21/03/1924	        NA	        NA	      47.6	    -122.3	alongside str discoverer at lander st dock seattle wn	                  seattle	
  21/03/1924	        NA	        NA	        NA	        NA	                       NA	                       NA	
  21/03/1924	        NA	        NA	        NA	        NA	                       NA	                       NA	
  21/03/1924	        NA	        NA	        NA	        NA	                       NA	                       NA	
  21/03/1924	        NA	        NA	        NA	        NA	                       NA	                       NA	
  21/03/1924	        NA	        NA	        NA	        NA	                       NA	                       NA	
  22/03/1924	        NA	        NA	      47.6	    -122.3	alongside str discoverer at lander st dock seattle wn	                  seattle	
  22/03/1924	        NA	        NA	        NA	        NA	                       NA	                       NA	
  23/03/1924	        NA	        NA	      47.6	    -122.3	alongside str discoverer at lander st dock seattle wn	                  seattle	
  23/03/1924	        NA	        NA	        NA	        NA	                       NA	                       NA	
  24/03/1924	        NA	        NA	      47.6	    -122.3	alongside str discoverer lander st dock seattle	                  seattle	
  24/03/1924	        NA	        NA	        NA	        NA	                       NA	                       NA	
  25/03/1924	        NA	        NA	      47.6	    -122.5	alongside dock at winslow shipyard eagle harbor wn	                  winslow	
  25/03/1924	        NA	        NA	        NA	        NA	                       NA	                       NA	
  26/03/1924	        NA	        NA	      47.6	    -122.5	alongside dock at winslow shipyard eagle harbor wn	                  winslow	
  26/03/1924	        NA	        NA	        NA	        NA	                       NA	                       NA	
  27/03/1924	        NA	        NA	      47.6	    -122.5	alongside dock at winslow shipyard eagle harbor	                  winslow	
  27/03/1924	        NA	        NA	        NA	        NA	                       NA	                       NA	
  28/03/1924	        NA	        NA	      47.6	    -122.5	alongside dock at winslow shipyard eagle harbor wn	                  winslow	
  28/03/1924	        NA	        NA	        NA	        NA	                       NA	                       NA	
  29/03/1924	        NA	        NA	      47.6	    -122.5	alongside dock at winslow shipyard eagle harbor wn	                  winslow	
  29/03/1924	        NA	        NA	        NA	        NA	                       NA	                       NA	
  30/03/1924	        NA	        NA	      47.6	    -122.3	in drydock winslow ship yard eagle harbor seattle	                  seattle	
  30/03/1924	        NA	        NA	        NA	        NA	                       NA	                       NA	
  31/03/1924	        NA	        NA	      47.6	    -122.5	in dry dock at winslow shipyard eagle harbor wn	                  winslow	
  31/03/1924	        NA	        NA	        NA	        NA	                       NA	                       NA	
  31/03/1924	        NA	        NA	        NA	        NA	                       NA	                       NA	
  31/03/1924	        NA	        NA	        NA	        NA	                       NA	                       NA	
  31/03/1924	        NA	        NA	        NA	        NA	                       NA	                       NA	
  31/03/1924	        NA	        NA	        NA	        NA	                       NA	                       NA	
  31/03/1924	        NA	        NA	        NA	        NA	                       NA	                       NA	
  31/03/1924	        NA	        NA	        NA	        NA	                       NA	                       NA	
  31/03/1924	        NA	        NA	        NA	        NA	                       NA	                       NA	
  31/03/1924	        NA	        NA	        NA	        NA	                       NA	                       NA	
  31/03/1924	        NA	        NA	        NA	        NA	                       NA	                       NA	
  31/03/1924	        NA	        NA	        NA	        NA	                       NA	                       NA	
  31/03/1924	        NA	        NA	        NA	        NA	                       NA	                       NA	
  31/03/1924	        NA	        NA	        NA	        NA	                       NA	                       NA	
  31/03/1924	        NA	        NA	        NA	        NA	                       NA	                       NA	
  31/03/1924	        NA	        NA	        NA	        NA	                       NA	                       NA	
  01/04/1924	        NA	        NA	      47.6	    -122.5	in drydock winslow shipyard eagle harbor	                  winslow	
  01/04/1924	        NA	        NA	        NA	        NA	                       NA	                       NA	
  02/04/1924	        NA	        NA	      47.6	    -122.5	in drydock winslow ship yard eagle harbor wn	                  winslow	
  02/04/1924	        NA	        NA	        NA	        NA	                       NA	                       NA	
  03/04/1924	        NA	        NA	      47.6	    -122.5	in drydock eagle harbor ship yard winslow wn	                  winslow	
  03/04/1924	        NA	        NA	        NA	        NA	                       NA	                       NA	
  04/04/1924	        NA	        NA	      47.6	    -122.5	alongside dock winslow ship yard eagle hbr wn	                  winslow	
  04/04/1924	        NA	        NA	        NA	        NA	                       NA	                       NA	
  05/04/1924	        NA	        NA	      47.6	    -122.3	alongside str discoverer lander st dock seattle wn	                  seattle	
  05/04/1924	        NA	        NA	        NA	        NA	                       NA	                       NA	
  06/04/1924	        NA	        NA	      47.6	    -122.3	alongside str discoverer lander st dock seattle wn	                  seattle	
  06/04/1924	        NA	        NA	        NA	        NA	                       NA	                       NA	
  07/04/1924	        NA	        NA	      47.6	    -122.3	alongside dock landers st dock seattle wn	                  seattle	
  07/04/1924	        NA	        NA	        NA	        NA	                       NA	                       NA	
  08/04/1924	        NA	        NA	      47.6	    -122.3	alongside lander st dock seattle wn	                  seattle	
  08/04/1924	        NA	        NA	        NA	        NA	                       NA	                       NA	
  09/04/1924	        NA	        NA	      47.6	    -122.3	alongside lander st dock seattle wash	                  seattle	
  09/04/1924	        NA	        NA	        NA	        NA	                       NA	                       NA	
  10/04/1924	        NA	        NA	      47.6	    -122.3	alongside lander st dock seattle wash	                  seattle	
  10/04/1924	        NA	        NA	        NA	        NA	                       NA	                       NA	
  11/04/1924	        NA	        NA	      47.6	    -122.3	alongside lander st dock seattle wn	                  seattle	
  11/04/1924	        NA	        NA	        NA	        NA	                       NA	                       NA	
  12/04/1924	        NA	        NA	      47.6	    -122.3	alongside lander st dock seattle wash	                  seattle	
  12/04/1924	        NA	        NA	        NA	        NA	                       NA	                       NA	
  13/04/1924	        NA	        NA	      47.6	    -122.3	alongside landers st dock seattle wn	                  seattle	
  13/04/1924	        NA	        NA	        NA	        NA	                       NA	                       NA	
  14/04/1924	        NA	        NA	      47.6	    -122.3	alongside lander st dock seattle wn	                  seattle	
  14/04/1924	        NA	        NA	        NA	        NA	                       NA	                       NA	
  15/04/1924	        NA	        NA	      47.6	    -122.3	alongside str discoverer lander st dock seattle	                  seattle	
  15/04/1924	        NA	        NA	        NA	        NA	                       NA	                       NA	
  16/04/1924	     50 23	  125 49 W	      54.8	    -163.4	enroute from seattle to false pass alaska	               false pass	
  16/04/1924	        NA	        NA	        NA	        NA	                       NA	                       NA	
  17/04/1924	     52 52	  128 32 W	      54.8	    -163.4	enroute seattle wash to false pass alaska	               false pass	
  17/04/1924	        NA	        NA	        NA	        NA	                       NA	                       NA	
  18/04/1924	   53 59 N	  136 13 W	      54.8	    -163.4	enroute seattle wn to false pass alaska	               false pass	
  18/04/1924	        NA	        NA	        NA	        NA	                       NA	                       NA	
  19/04/1924	   55 30 N	  132 03 W	      54.8	    -163.4	enroute seattle wn to false pass alaska	               false pass	
  20/04/1924	   56 18 N	  133 36 W	      54.8	    -163.4	enroute seattle wash to false pass alaska	               false pass	
  20/04/1924	        NA	        NA	        NA	        NA	                       NA	                       NA	
  21/04/1924	   56 39 N	  138 19 W	      54.8	    -163.4	enroute seattle to false pass alaska	               false pass	
  21/04/1924	        NA	        NA	        NA	        NA	                       NA	                       NA	
  22/04/1924	     57 31	  142 57 W	      54.8	    -163.4	enroute seattle to false pass alaska	               false pass	
  22/04/1924	        NA	        NA	        NA	        NA	                       NA	                       NA	
  23/04/1924	     57 57	  151 13 W	      54.8	    -163.4	enroute seattle to false pass alaska	               false pass	
  24/04/1924	   57 56 N	  153 44 W	        NA	        NA	at anchor uzinki kodiak island alaska	                       NA	
  24/04/1924	        NA	        NA	        NA	        NA	                       NA	                       NA	
  25/04/1924	     56 33	  156 39 W	      38.5	     -28.6	at anchor at portage bay alaska	                    horta	
  25/04/1924	        NA	        NA	        NA	        NA	                       NA	                       NA	
  26/04/1924	   55 24 N	  160 18 W	        NA	        NA	                       NA	                       NA	
  27/04/1924	   55 14 N	  160 33 W	      54.8	    -163.4	enroute seattle wash to false pass alaska	               false pass	
  27/04/1924	        NA	        NA	      55.2	    -160.6	anchored in baralof bay squaw harbor	             squaw harbor	
  28/04/1924	   55 14 N	  160 33 W	      55.2	    -160.6	at anchor baralof bay asa	              baralof bay	
  28/04/1924	        NA	        NA	        NA	        NA	                       NA	                       NA	
  29/04/1924	     55 14	  160 33 W	      55.2	    -160.6	at anchor baulof bay unga isd asa	              baralof bay	
  29/04/1924	        NA	        NA	        NA	        NA	                       NA	                       NA	
  30/04/1924	   55 14 N	  160 33 W	      55.2	    -160.6	alongside dock at banalof bay alaska	              baralof bay	
  30/04/1924	        NA	        NA	        NA	        NA	                       NA	                       NA	
  01/05/1924	   55 47 N	  159 23 W	      55.2	    -160.6	alongside cannery dock at barolof bay sw aaa	              baralof bay	
  01/05/1924	        NA	        NA	        NA	        NA	                       NA	                       NA	
  02/05/1924	   56 10 N	  158 35 W	      34.2	     132.6	enroute kupreanof harbor to kuiukta bay alaska	                     kure	
  02/05/1924	        NA	        NA	        NA	        NA	                       NA	                       NA	
  03/05/1924	   55 01 N	  162 12 W	      54.8	    -163.4	enroute kupreanof hbr to false pass alaska	               false pass	
  03/05/1924	        NA	        NA	      54.8	    -163.4	secured alongside p18 harris cannery dock false pass alaska	               false pass	
  04/05/1924	        NA	        NA	      54.8	    -163.4	  false pass cannery dock	               false pass	
  04/05/1924	        NA	        NA	        NA	        NA	                       NA	                       NA	
  05/05/1924	        NA	        NA	      54.8	    -163.4	alongside p e harris cannery wharf false pass alaska	               false pass	
  05/05/1924	        NA	        NA	        NA	        NA	                       NA	                       NA	
  06/05/1924	        NA	        NA	      54.8	    -163.4	alongside p e harris cannery wharf false pass alaska	               false pass	
  06/05/1924	        NA	        NA	        NA	        NA	                       NA	                       NA	
  07/05/1924	        NA	        NA	      54.8	    -163.4	alongside cannery wharf false pass alaska	               false pass	
  07/05/1924	        NA	        NA	        NA	        NA	                       NA	                       NA	
  08/05/1924	        NA	        NA	      54.8	    -163.4	alongside cannery wharf at false pass alaska	               false pass	
  08/05/1924	        NA	        NA	        NA	        NA	                       NA	                       NA	
  09/05/1924	        NA	        NA	      54.8	    -163.4	alongside wharf at false pass alaska peninsula	               false pass	
  09/05/1924	        NA	        NA	        NA	        NA	                       NA	                       NA	
  10/05/1924	        NA	        NA	      54.8	    -163.4	alongside wharf at cannery false pass alaska	               false pass	
  10/05/1924	        NA	        NA	        NA	        NA	                       NA	                       NA	
  11/05/1924	        NA	        NA	      54.8	    -163.4	alongside wharf at false pass alaska	               false pass	
  11/05/1924	        NA	        NA	        NA	        NA	                       NA	                       NA	
  12/05/1924	        NA	        NA	      54.8	    -163.4	alongside wharf at false pass alaska	               false pass	
  12/05/1924	        NA	        NA	        NA	        NA	                       NA	                       NA	
  16/05/1924	        NA	        NA	        NA	        NA	                       NA	                       NA	
  17/05/1924	        NA	        NA	      55.1	    -162.3	at anchor in king cover alaskan peninsula	                king cove	
  17/05/1924	        NA	        NA	        NA	        NA	                       NA	                       NA	
  18/05/1924	        NA	        NA	      54.8	    -163.4	alongside wharf at false pass alaskan pensinsula	               false pass	
  18/05/1924	        NA	        NA	        NA	        NA	                       NA	                       NA	
  19/05/1924	        NA	        NA	      54.8	    -163.4	alongside wharf at false pass alaskan peninsula	               false pass	
  19/05/1924	        NA	        NA	        NA	        NA	                       NA	                       NA	
  22/05/1924	        NA	        NA	      55.1	    -162.3	anchored in king cove  cannery wharf	                king cove	
  23/05/1924	        NA	        NA	      55.1	    -162.3	at anchor in king cove cold bay alaska peninsula	                king cove	
  23/05/1924	        NA	        NA	      55.1	    -162.3	at anchor off pa cannery wharf king cove	                king cove	
  24/05/1924	        NA	        NA	      55.0	    -162.6	at anchor thin point alaskan peninsula	               thin point	
  24/05/1924	        NA	        NA	      54.8	    -163.4	false pass cannery  made fast to wharf at	               false pass	
  25/05/1924	        NA	        NA	      54.8	    -163.4	alongside wharf at false pass alaskan peninsula	               false pass	
  25/05/1924	        NA	        NA	        NA	        NA	                       NA	                       NA	
  26/05/1924	        NA	        NA	      54.8	    -163.4	alongside wharf at false pass alaskan peninsula	               false pass	
  26/05/1924	        NA	        NA	      54.8	    -163.4	canary wharf at false pass	               false pass	
  27/05/1924	        NA	        NA	      54.8	    -163.4	alongside wharf at false pass cannery alaskan peninsula	               false pass	
  29/05/1924	        NA	        NA	      54.8	    -163.4	off knoll point false pass	               false pass	
  30/05/1924	        NA	        NA	      54.8	    -163.4	at anchor in false pass alaska	               false pass	
  30/05/1924	        NA	        NA	      54.8	    -163.4	cannery wharf at false pass	               false pass	
  31/05/1924	        NA	        NA	      54.8	    -163.4	alongside cannery wharf at ffalse pass alaska	               false pass	
  31/05/1924	        NA	        NA	      54.8	    -163.4	cannery wharf at false pass	               false pass	
  01/06/1924	        NA	        NA	      54.8	    -163.4	alongside wharf at cannery false pass alaska	               false pass	
  01/06/1924	        NA	        NA	        NA	        NA	                       NA	                       NA	
  02/06/1924	        NA	        NA	      54.8	    -163.4	alongside cannery wharf false pass alaskan peninsula	               false pass	
  07/06/1924	        NA	        NA	      54.8	    -163.4	cannery wharf at false pass	               false pass	
  08/06/1924	        NA	        NA	      54.8	    -163.4	alongside cannery wharf false pass alaskan peninsula	               false pass	
  09/06/1924	        NA	        NA	      54.8	    -163.4	alongside wharf at false pass alaskan pen	               false pass	
  09/06/1924	        NA	        NA	        NA	        NA	                       NA	                       NA	
  10/06/1924	        NA	        NA	      54.8	    -163.4	alongside cannery wharf false pass sw alaska	               false pass	
  11/06/1924	        NA	        NA	      55.1	    -162.3	                king cove	                king cove	
  12/06/1924	        NA	        NA	      55.1	    -162.3	at anchor in king cove alaskan peninsula	                king cove	
  12/06/1924	        NA	        NA	        NA	        NA	                 cold bay	                       NA	
  12/06/1924	        NA	        NA	      55.1	    -162.3	         king cove alaska	                king cove	
  12/06/1924	        NA	        NA	        NA	        NA	                       NA	                       NA	
  14/06/1924	        NA	        NA	      54.8	    -163.4	 false pass cannery wharf	               false pass	
  15/06/1924	        NA	        NA	      54.8	    -163.4	alongside wharf at false pass alaskan peninsula	               false pass	
  15/06/1924	        NA	        NA	        NA	        NA	                       NA	                       NA	
  16/06/1924	        NA	        NA	      54.8	    -163.4	alongside cannery wharf false pass alaskan peninsula	               false pass	
  16/06/1924	        NA	        NA	        NA	        NA	                       NA	                       NA	
  17/06/1924	        NA	        NA	      54.8	    -163.4	alongside wharf at false pass alaskan peninsula	               false pass	
  17/06/1924	        NA	        NA	        NA	        NA	                       NA	                       NA	
  20/06/1924	        NA	        NA	      55.1	    -162.3	cannery wharf in king cove	                king cove	
  21/06/1924	        NA	        NA	      55.1	    -162.3	at anchor in king cove alaskan peninsula	                king cove	
  21/06/1924	        NA	        NA	      54.8	    -163.4	alongside cannery whrf at false pass	               false pass	
  22/06/1924	        NA	        NA	      54.8	    -163.4	alongside harris cannery false dock false pass alaska	               false pass	
  22/06/1924	        NA	        NA	      54.6	    -164.9	at anchor off cape sarichef unimak pass	            cape sarichef	
  23/06/1924	        NA	        NA	      53.9	    -166.5	enroute false pass to dutch harbor alaska	             dutch harbor	
  23/06/1924	        NA	        NA	      53.9	    -166.5	             dutch harbor	             dutch harbor	
  24/06/1924	        NA	        NA	      53.9	    -166.5	alongside str alqonquin at oil dock dutch harbor	             dutch harbor	
  24/06/1924	        NA	        NA	      54.8	    -163.4	               false pass	               false pass	
  25/06/1924	        NA	        NA	      54.8	    -163.4	at anchor in false pass alaskan peninsula	               false pass	
  27/06/1924	        NA	        NA	      55.0	    -162.6	about 15 miles nea of signal cliff on thin point	               thin point	
  28/06/1924	        NA	        NA	      55.0	    -162.6	at anchor thin point cold bay alaskan peninsula	               thin point	
  28/06/1924	        NA	        NA	      54.8	    -163.4	cannery wharf at false pass	               false pass	
  29/06/1924	        NA	        NA	      54.8	    -163.4	alongside wharf at false pass cannery alaskan peninsula	               false pass	
  29/06/1924	        NA	        NA	        NA	        NA	                       NA	                       NA	
  30/06/1924	        NA	        NA	      54.8	    -163.4	alongside wharf at false pass cannery alaskan pen	               false pass	
  30/06/1924	        NA	        NA	      55.1	    -162.3	                king cove	                king cove	
  30/06/1924	        NA	        NA	        NA	        NA	                       NA	                       NA	
  30/06/1924	        NA	        NA	        NA	        NA	                       NA	                       NA	
  30/06/1924	        NA	        NA	        NA	        NA	                       NA	                       NA	
  30/06/1924	        NA	        NA	        NA	        NA	                       NA	                       NA	
  30/06/1924	        NA	        NA	        NA	        NA	                       NA	                       NA	
  30/06/1924	        NA	        NA	        NA	        NA	                       NA	                       NA	
  30/06/1924	        NA	        NA	        NA	        NA	                       NA	                       NA	
  30/06/1924	        NA	        NA	        NA	        NA	                       NA	                       NA	
  30/06/1924	        NA	        NA	        NA	        NA	                       NA	                       NA	
  30/06/1924	        NA	        NA	        NA	        NA	                       NA	                       NA	
  30/06/1924	        NA	        NA	        NA	        NA	                       NA	                       NA	
  30/06/1924	        NA	        NA	        NA	        NA	                       NA	                       NA	
  30/06/1924	        NA	        NA	        NA	        NA	                       NA	                       NA	
  30/06/1924	        NA	        NA	        NA	        NA	                       NA	                       NA	
  01/07/1924	        NA	        NA	      55.1	    -162.3	at anchor in king cove alaskan peninsula	                king cove	
  03/07/1924	        NA	        NA	      54.8	    -163.4	cannery wharf at false pass	               false pass	
  04/07/1924	        NA	        NA	      54.8	    -163.4	alongside wharf at cannery false pass alaskan pen	               false pass	
  04/07/1924	        NA	        NA	        NA	        NA	                       NA	                       NA	
  05/07/1924	        NA	        NA	      54.8	    -163.4	               false pass	               false pass	
  05/07/1924	        NA	        NA	      54.8	    -163.4	cannery cove in false pass	               false pass	
  06/07/1924	        NA	        NA	      54.8	    -163.4	at anchor in false pass alaskan peninsula	               false pass	
  06/07/1924	        NA	        NA	        NA	        NA	                       NA	                       NA	
  07/07/1924	        NA	        NA	      54.8	    -163.4	at anchor in false pass alaskan peninsula	               false pass	
  07/07/1924	        NA	        NA	        NA	        NA	                       NA	                       NA	
  08/07/1924	        NA	        NA	      54.8	    -163.4	at anchor in false pass alaskan peninsula	               false pass	
  09/07/1924	        NA	        NA	      54.8	    -163.4	wharf at false pass cannery	               false pass	
  10/07/1924	        NA	        NA	      54.8	    -163.4	alongside wharf at false pass alaskan peninsula	               false pass	
  10/07/1924	        NA	        NA	        NA	        NA	                       NA	                       NA	
  11/07/1924	        NA	        NA	      54.8	    -163.4	alongside cannery wharf false pass alaskan peninsula	               false pass	
  11/07/1924	        NA	        NA	      54.8	    -163.4	               false pass	               false pass	
  12/07/1924	        NA	        NA	      54.8	    -163.4	at anchor in false pass sw alaska	               false pass	
  12/07/1924	        NA	        NA	      54.8	    -163.4	cannery wharf at false pass	               false pass	
  13/07/1924	        NA	        NA	      54.8	    -163.4	alongside cannery wharf at false pass sw alaska	               false pass	
  13/07/1924	        NA	        NA	        NA	        NA	                       NA	                       NA	
  14/07/1924	        NA	        NA	      54.8	    -163.4	alongside cannery wharf at false pass sw alaska	               false pass	
  15/07/1924	        NA	        NA	      54.8	    -163.4	       false pass cannery	               false pass	
  16/07/1924	        NA	        NA	      54.8	    -163.4	alongside wharf at false pass cannery sw alaska	               false pass	
  16/07/1924	        NA	        NA	      54.8	    -163.4	       false pass cannery	               false pass	
  17/07/1924	        NA	        NA	      54.8	    -163.4	at anchor in false pass sw alaska	               false pass	
  17/07/1924	        NA	        NA	      54.8	    -163.4	               false pass	               false pass	
  18/07/1924	        NA	        NA	      54.8	    -163.4	cannery wharf at false pass	               false pass	
  19/07/1924	        NA	        NA	      54.8	    -163.4	alongside cannery wharf at false pass sw alaska	               false pass	
  19/07/1924	        NA	        NA	        NA	        NA	                       NA	                       NA	
  20/07/1924	        NA	        NA	      54.8	    -163.4	alongside wharf at false pass cannery sw alaska	               false pass	
  20/07/1924	        NA	        NA	      55.1	    -162.3	cannery wharf in king cove	                king cove	
  21/07/1924	        NA	        NA	      55.1	    -162.3	at anchor in king cove alaskan peninsula	                king cove	
  21/07/1924	        NA	        NA	      55.1	    -162.3	                king cove	                king cove	
  22/07/1924	        NA	        NA	      55.1	    -162.3	at anchor in king cove alaskan peninsula	                king cove	
  22/07/1924	        NA	        NA	        NA	        NA	                       NA	                       NA	
  24/07/1924	        NA	        NA	      55.2	    -161.6	at anchor off ukoloni islandsw alaska	           ukolnoi island	
  24/07/1924	        NA	        NA	      55.2	    -161.6	at anchor off ukolni island	           ukolnoi island	
  25/07/1924	        NA	        NA	      55.5	    -161.5	at anchor in pavlof bay alaskan peninsula	               pavlof bay	
  26/07/1924	        NA	        NA	      55.5	    -161.5	at anchor in pavlof bay alaskan peninsula	               pavlof bay	
  26/07/1924	        NA	        NA	      55.1	    -162.3	                king cove	                king cove	
  27/07/1924	        NA	        NA	      55.1	    -162.3	at anchor in king cove alaskan peninsula	                king cove	
  28/07/1924	        NA	        NA	      55.1	    -162.3	alongside ss redwood in king cove alaskan peninsula	                king cove	
  29/07/1924	        NA	        NA	      55.5	    -161.5	at anchor in pavlof bay alaskan peninsula	               pavlof bay	
  29/07/1924	        NA	        NA	        NA	        NA	                       NA	                       NA	
  30/07/1924	        NA	        NA	      55.5	    -161.5	at anchor in pavlof bay alaskan peninsula	               pavlof bay	
  30/07/1924	        NA	        NA	      55.5	    -161.5	               pavlof bay	               pavlof bay	
  31/07/1924	        NA	        NA	      55.5	    -161.5	at anchor in pavlof bay alaskan peninsula	               pavlof bay	
  31/07/1924	        NA	        NA	      55.5	    -161.5	               pavlof bay	               pavlof bay	
  01/08/1924	        NA	        NA	      55.5	    -161.5	at anchor in pavlof bay alaskan peninsula	               pavlof bay	
  01/08/1924	        NA	        NA	      55.5	    -161.5	               pavlof bay	               pavlof bay	
  02/08/1924	        NA	        NA	      55.5	    -161.5	at anchor in pavlof bay alaskan peninsula	               pavlof bay	
  02/08/1924	        NA	        NA	      55.2	    -160.6	underway to squaw harbor passing about 2 miles off point ikatan	             squaw harbor	
  03/08/1924	        NA	        NA	        NA	        NA	         at anchor jude i	                       NA	
  04/08/1924	        NA	        NA	      55.2	    -160.6	alongside cannery wharf squaw harbor sw alaska	             squaw harbor	
  04/08/1924	        NA	        NA	      55.2	    -160.6	             squaw harbor	             squaw harbor	
  05/08/1924	        NA	        NA	      55.5	    -161.5	at anchor in pavlof bay alaskan peninsula	               pavlof bay	
  05/08/1924	        NA	        NA	        NA	        NA	                       NA	                       NA	
  06/08/1924	        NA	        NA	      55.5	    -161.5	at anchor in pavlof bay alaska peninsula	               pavlof bay	
  06/08/1924	        NA	        NA	      55.5	    -161.5	at anchor n x w of cape itkatan pavlof bay	               pavlof bay	
  07/08/1924	        NA	        NA	      55.5	    -161.5	at anchor in pavlof bay alaskan peninsula	               pavlof bay	
  07/08/1924	        NA	        NA	      55.5	    -161.5	  at anchor in pavlof bay	               pavlof bay	
  08/08/1924	        NA	        NA	      55.5	    -161.5	at anchor in pavlof bay alaskan peninsula	               pavlof bay	
  08/08/1924	        NA	        NA	      55.5	    -161.5	               pavlof bay	               pavlof bay	
  09/08/1924	        NA	        NA	      55.5	    -161.5	at anchor in pavlof bay alaskan peninsula	               pavlof bay	
  09/08/1924	        NA	        NA	      55.4	    -161.5	anchored in cove nw of cape tolstoi	             cape tolstoi	
  10/08/1924	        NA	        NA	      55.5	    -160.6	at anchor in pavlof bay alaskan peninsula	               pavlof bay	
  10/08/1924	        NA	        NA	        NA	        NA	                       NA	                       NA	
  10/08/1924	        NA	        NA	        NA	        NA	                       NA	                       NA	
  10/08/1924	        NA	        NA	      55.5	    -161.5	at anchor in pavlof bay alaskan peninsula	               pavlof bay	
  10/08/1924	        NA	        NA	        NA	        NA	                       NA	                       NA	
  11/08/1924	        NA	        NA	      55.1	    -162.3	at anchor in king cove alaska peninsula	                king cove	
  11/08/1924	        NA	        NA	      55.5	    -161.5	anchored about 1 mile south of settlement point pavlof bay	               pavlof bay	
  12/08/1924	        NA	        NA	      55.5	    -161.5	at anchor in pavlof bay alaskan peninsula	               pavlof bay	
  13/08/1924	        NA	        NA	      55.5	    -161.5	at anchor in pavlof bay alaskan peninsula	               pavlof bay	
  14/08/1924	        NA	        NA	      55.5	    -161.5	at anchor in pavlof bay alaskan peninsula	               pavlof bay	
  15/08/1924	        NA	        NA	      55.5	    -161.5	at anchor in pavlof bay alaskan peninsula	               pavlof bay	
  15/08/1924	        NA	        NA	      55.5	    -161.5	               pavlof bay	               pavlof bay	
  16/08/1924	        NA	        NA	      55.5	    -161.5	at anchor in pavlof bay alaskan peninsula	               pavlof bay	
  16/08/1924	        NA	        NA	        NA	        NA	                       NA	                       NA	
  17/08/1924	        NA	        NA	      55.5	    -161.5	at anchor in pavlof bay alaskan peninsula	               pavlof bay	
  17/08/1924	        NA	        NA	      55.5	    -161.5	  at anchor in pavlof bay	               pavlof bay	
  18/08/1924	        NA	        NA	      55.5	    -161.5	at anchor in pavlof bay alaskan peninsula	               pavlof bay	
  18/08/1924	        NA	        NA	        NA	        NA	                       NA	                       NA	
  19/08/1924	        NA	        NA	      55.5	    -161.5	at anchor in pavlof bay alaskan peninsula	               pavlof bay	
  19/08/1924	        NA	        NA	      55.1	    -162.3	                king cove	                king cove	
  20/08/1924	        NA	        NA	      53.9	    -166.5	under way for dutch harbor unalaska	             dutch harbor	
  20/08/1924	        NA	        NA	      53.9	    -166.5	             dutch harbor	             dutch harbor	
  21/08/1924	        NA	        NA	      53.9	    -166.5	alongside oil dock dutch harbor alaska	             dutch harbor	
  21/08/1924	        NA	        NA	      53.9	    -166.5	alongside oil dock at dutch harbor	             dutch harbor	
  22/08/1924	        NA	        NA	      53.9	    -166.5	enroute dutch harbor to false pass alaska	             dutch harbor	
  22/08/1924	        NA	        NA	      54.8	    -163.4	  cannery dock false pass	               false pass	
  23/08/1924	        NA	        NA	      54.8	    -163.4	alongside cannery wharf at false pass sw alaska	               false pass	
  23/08/1924	        NA	        NA	      55.1	    -162.3	cannery wharf at king cove	                king cove	
  24/08/1924	        NA	        NA	      55.1	    -162.3	alongside cannery wharf at king cove sw alaska	                king cove	
  24/08/1924	        NA	        NA	      55.5	    -161.5	               pavlof bay	               pavlof bay	
  25/08/1924	        NA	        NA	      55.5	    -161.5	at anchor in pavlof bay alaskan peninsula	               pavlof bay	
  26/08/1924	        NA	        NA	      55.5	    -161.5	at anchor in pavlof bay alaskan peninsula	               pavlof bay	
  27/08/1924	        NA	        NA	      55.5	    -161.5	at anchor in pavlof bay alaskan peninsula	               pavlof bay	
  27/08/1924	        NA	        NA	      55.5	    -161.5	    nw side of pavlof bay	               pavlof bay	
  28/08/1924	        NA	        NA	      55.5	    -161.5	at anchor in pavlof bay alaskan peninsula	               pavlof bay	
  29/08/1924	        NA	        NA	      55.5	    -161.5	at anchor in pavlof bay alaskan peninsula	               pavlof bay	
  30/08/1924	        NA	        NA	      55.5	    -161.5	at anchor in pavlof bay alaskan peninsula	               pavlof bay	
  30/08/1924	        NA	        NA	      55.5	    -161.5	  at anchor in pavlof bay	               pavlof bay	
  31/08/1924	        NA	        NA	      55.5	    -161.5	at anchor in pavlof bay alaskan peninsula	               pavlof bay	
  31/08/1924	        NA	        NA	        NA	        NA	                       NA	                       NA	
  01/09/1924	        NA	        NA	      55.5	    -161.5	at anchor in pavlof bay alaskan peninsula	               pavlof bay	
  01/09/1924	        NA	        NA	      55.5	    -161.5	               pavlof bay	               pavlof bay	
  02/09/1924	        NA	        NA	      55.5	    -161.5	at anchor in pavlof bay alaskan peninsula	               pavlof bay	
  02/09/1924	        NA	        NA	      55.5	    -161.5	at anchor off entrance to canoe bay in pavlof bay	               pavlof bay	
  03/09/1924	        NA	        NA	      55.5	    -161.5	at anchor in pavlof bay alaskan peninsula	               pavlof bay	
  03/09/1924	        NA	        NA	      55.5	    -161.5	anchor off triangulation point iron pavlof bay	               pavlof bay	
  04/09/1924	        NA	        NA	      55.5	    -161.5	at anchor in pavlof bay alaskan peninsula	               pavlof bay	
  05/09/1924	        NA	        NA	      55.5	    -161.5	at anchor in pavlof bay alaskan peninsula	               pavlof bay	
  05/09/1924	        NA	        NA	      55.5	    -161.5	at anchor off canoe pass in pavlof bay	               pavlof bay	
  06/09/1924	        NA	        NA	      55.5	    -161.5	at anchor in pavlof bay alaskan peninsula	               pavlof bay	
  06/09/1924	        NA	        NA	      55.5	    -161.5	at anchor off canoe pass in pavlof bay	               pavlof bay	
  07/09/1924	        NA	        NA	      55.1	    -162.3	alongside cannery wharf at king cove alaskan peninsula	                king cove	
  07/09/1924	        NA	        NA	      55.1	    -162.3	anchored in 14 fm about 05 mile off cannery wharf king cove	                king cove	
  08/09/1924	        NA	        NA	      55.5	    -161.5	en route king cove pavlof bay	               pavlof bay	
  08/09/1924	        NA	        NA	      55.4	    -161.5	       nw of cape tolstoi	             cape tolstoi	
  09/09/1924	        NA	        NA	      55.5	    -161.5	anchored in pavlof bay alaskan peninsula	               pavlof bay	
  10/09/1924	        NA	        NA	      55.5	    -161.5	at anchor in pavlof bay alaskan peninsula	               pavlof bay	
  10/09/1924	        NA	        NA	      55.5	    -161.5	anchored in 18 fm 60 fm chain off triangulation point grav east side of pavlof bay	               pavlof bay	
  11/09/1924	        NA	        NA	      55.5	    -161.5	at anchor in pavlof bay alaska peninsula	               pavlof bay	
  12/09/1924	        NA	        NA	      55.5	    -161.5	at anchor in pavlof bay alaska peninsula	               pavlof bay	
  12/09/1924	        NA	        NA	      55.5	    -161.5	at anchor off settlement point pavlof bay	               pavlof bay	
  13/09/1924	        NA	        NA	      55.5	    -161.5	at anchor in pavlof bay alaska peninsula	               pavlof bay	
  13/09/1924	        NA	        NA	      53.8	    -167.1	      head of volcano bay	              volcano bay	
  14/09/1924	        NA	        NA	      53.8	    -167.1	at anchor in volcano bay alaskan peninsula	              volcano bay	
  14/09/1924	        NA	        NA	      53.8	    -167.1	at anchor in head of volcano bay	              volcano bay	
  15/09/1924	        NA	        NA	      53.8	    -167.1	at anchor in volcano bay alaskan peninsula	              volcano bay	
  15/09/1924	        NA	        NA	      53.8	    -167.1	at anchor at head of volcano bay	              volcano bay	
  16/09/1924	        NA	        NA	      53.8	    -167.1	at anchor in volcano bay alaskan peninsula	              volcano bay	
  16/09/1924	        NA	        NA	      55.1	    -162.3	cannery wharf in king cove	                king cove	
  17/09/1924	        NA	        NA	      55.1	    -162.3	at anchor in king cove alaska peninsula	                king cove	
  18/09/1924	        NA	        NA	      54.8	    -163.4	cannery wharf at false pass	               false pass	
  19/09/1924	        NA	        NA	      54.8	    -163.4	alongside cannery wharf at false pass sw alaska	               false pass	
  19/09/1924	        NA	        NA	      54.8	    -163.4	 false pass cannery wharf	               false pass	
  20/09/1924	        NA	        NA	      54.8	    -163.4	alongside cannery wharf at false pass sw alaska	               false pass	
  20/09/1924	        NA	        NA	        NA	        NA	                       NA	                       NA	
  21/09/1924	        NA	        NA	      54.8	    -163.4	alongside cannery wharf at false pass sw alaska	               false pass	
  21/09/1924	        NA	        NA	      54.8	    -163.4	alongside wharf at false pass cannery	               false pass	
  22/09/1924	        NA	        NA	      54.8	    -163.4	alongside cannery wharf at false pass sw alaska	               false pass	
  22/09/1924	        NA	        NA	        NA	        NA	    head of morzhovoi bay	                       NA	
  23/09/1924	        NA	        NA	      54.0	    -166.6	anchored in lee of boiler point	              eider point	
  24/09/1924	        NA	        NA	      54.0	    -166.6	at anchor north of boiler point morzhovoi bay all day	              eider point	
  25/09/1924	        NA	        NA	      55.5	    -161.5	  east side of pavlof bay	               pavlof bay	
  26/09/1924	        NA	        NA	      55.5	    -161.5	at anchor in pavlof bay alaskan peninsula	               pavlof bay	
  26/09/1924	        NA	        NA	      55.4	    -161.5	at anchor nw of cape tolstoi	             cape tolstoi	
  27/09/1924	     55 04	  154 51 W	      47.6	    -122.3	at sea enroute sw alaska to seattle wn	                  seattle	
  27/09/1924	        NA	        NA	        NA	        NA	                       NA	                       NA	
  28/09/1924	   54 33 N	  148 18 W	      47.6	    -122.3	at sea enroute sw alaska to seattle wn	                  seattle	
  28/09/1924	        NA	        NA	        NA	        NA	                       NA	                       NA	
  29/09/1924	   53 34 N	  142 55 W	      47.6	    -122.3	at sea enroute sw alaska to seattle wash	                  seattle	
  29/09/1924	        NA	        NA	        NA	        NA	                       NA	                       NA	
  30/09/1924	   52 17 N	  139 22 W	      47.6	    -122.3	at sea enroute sw alaska to seattle wash	                  seattle	
  30/09/1924	        NA	        NA	        NA	        NA	                       NA	                       NA	
  30/09/1924	        NA	        NA	        NA	        NA	                       NA	                       NA	
  30/09/1924	        NA	        NA	        NA	        NA	                       NA	                       NA	
  30/09/1924	        NA	        NA	        NA	        NA	                       NA	                       NA	
  30/09/1924	        NA	        NA	        NA	        NA	                       NA	                       NA	
  30/09/1924	        NA	        NA	        NA	        NA	                       NA	                       NA	
  30/09/1924	        NA	        NA	        NA	        NA	                       NA	                       NA	
  30/09/1924	        NA	        NA	        NA	        NA	                       NA	                       NA	
  30/09/1924	        NA	        NA	        NA	        NA	                       NA	                       NA	
  30/09/1924	        NA	        NA	        NA	        NA	                       NA	                       NA	
  30/09/1924	        NA	        NA	        NA	        NA	                       NA	                       NA	
  30/09/1924	        NA	        NA	        NA	        NA	                       NA	                       NA	
  30/09/1924	        NA	        NA	        NA	        NA	                       NA	                       NA	
  30/09/1924	        NA	        NA	        NA	        NA	                       NA	                       NA	
  30/09/1924	        NA	        NA	        NA	        NA	                       NA	                       NA	
  01/10/1924	   50 50 N	  133 44 W	      47.6	    -122.3	at sea enroute sw alaska to seattle wn	                  seattle	
  01/10/1924	        NA	        NA	        NA	        NA	                       NA	                       NA	
  02/10/1924	   49 14 N	  127 56 W	      47.6	    -122.3	at sea enroute sw alaska to seattle wn	                  seattle	
  02/10/1924	        NA	        NA	        NA	        NA	                       NA	                       NA	
  03/10/1924	     47 44	  122 27 W	      47.6	    -122.3	at sea enroute sw alaska to seattle wn	                  seattle	
  03/10/1924	        NA	        NA	        NA	        NA	             bell st dock	                       NA	
  04/10/1924	        NA	        NA	      47.6	    -122.3	          at seattle wash	                  seattle	
  05/10/1924	        NA	        NA	      47.6	    -122.3	alongside dock at connecticut st seattle wn	                  seattle	
  06/10/1924	        NA	        NA	      47.6	    -122.3	alongside connecticut st dock seattle wn	                  seattle	
  06/10/1924	        NA	        NA	        NA	        NA	                       NA	                       NA	
  07/10/1924	        NA	        NA	      47.6	    -122.3	conneticutt st wharf seattle wn	                  seattle	
  08/10/1924	        NA	        NA	      47.6	    -122.3	alongside conneticut st wharf seattle wash	                  seattle	
  10/10/1924	     47 01	  124 50 W	      37.8	    -122.4	enroute from seattle wn to san franciscocal	        san francisco bay	
  11/10/1924	     42 41	  124 44 W	      37.8	    -122.4	enroute from seattle wn to san franciscocal	        san francisco bay	
  12/10/1924	   38 32 N	  123 32 W	      37.8	    -122.4	enroute from seattle wn to san franciscocal	        san francisco bay	
  13/10/1924	        NA	        NA	      37.8	    -122.4	at anchor san francisco bay	        san francisco bay	
  13/10/1924	        NA	        NA	      37.8	    -122.4	at anchor in san francisco bay	        san francisco bay	
  14/10/1924	        NA	        NA	      37.8	    -122.4	alongside pier  36 san francisco	            san francisco	
  14/10/1924	        NA	        NA	      37.8	    -122.4	alongside pier  36 san francisco	            san francisco	
  15/10/1924	        NA	        NA	      37.8	    -122.4	alongside pier  36 san francisco cal	            san francisco	
  16/10/1924	        NA	        NA	      37.8	    -122.4	alongside dock china basin san francisco cal	        san francisco bay	
  16/10/1924	        NA	        NA	      37.8	    -122.4	alongside dock in china basin san francisco bay	        san francisco bay	
  17/10/1924	        NA	        NA	      37.8	    -122.4	alongside dock china basin san francisco calif	        san francisco bay	
  17/10/1924	        NA	        NA	        NA	        NA	                       NA	                       NA	
  18/10/1924	        NA	        NA	      37.8	    -122.4	alongside dock china basin san francisco cal	        san francisco bay	
  19/10/1924	        NA	        NA	      37.8	    -122.4	alongside dock china basin san francisco calif	        san francisco bay	
  19/10/1924	        NA	        NA	        NA	        NA	                       NA	                       NA	
  20/10/1924	        NA	        NA	      37.8	    -122.4	alongside dock china basin san francisco calif	        san francisco bay	
  20/10/1924	        NA	        NA	        NA	        NA	                       NA	                       NA	
  21/10/1924	        NA	        NA	      37.8	    -122.4	alongside china basin dock san francisco cal	        san francisco bay	
  21/10/1924	        NA	        NA	        NA	        NA	                       NA	                       NA	
  22/10/1924	        NA	        NA	      37.8	    -122.4	alongside dock at china basin san francisco bay cal	        san francisco bay	
  22/10/1924	        NA	        NA	        NA	        NA	                       NA	                       NA	
  23/10/1924	        NA	        NA	      37.8	    -122.4	            san francisco	        san francisco bay	
  23/10/1924	        NA	        NA	        NA	        NA	                       NA	                       NA	
  24/10/1924	        NA	        NA	      37.8	    -122.4	alongside santa fe dock china basin san francisco cal	        san francisco bay	
  25/10/1924	        NA	        NA	      37.8	    -122.4	alongside dock china basin san francisco cal	        san francisco bay	
  25/10/1924	        NA	        NA	      37.8	    -122.4	alongside dock china basin san francisco calif	        san francisco bay	
  26/10/1924	        NA	        NA	      37.8	    -122.4	alongside dock china basin san francisco calif	        san francisco bay	
  26/10/1924	        NA	        NA	        NA	        NA	                       NA	                       NA	
  27/10/1924	        NA	        NA	      37.8	    -122.4	            san francisco	        san francisco bay	
  27/10/1924	        NA	        NA	        NA	        NA	                       NA	                       NA	
  28/10/1924	        NA	        NA	      37.8	    -122.4	alongside santa fe dock china basin san francisco cal	        san francisco bay	
  28/10/1924	        NA	        NA	        NA	        NA	                       NA	                       NA	
  29/10/1924	        NA	        NA	      37.8	    -122.4	            san francisco	        san francisco bay	
  29/10/1924	        NA	        NA	        NA	        NA	                       NA	                       NA	
  30/10/1924	        NA	        NA	      37.8	    -122.4	alongside santa fe dock china basin san francisco cal	        san francisco bay	
  30/10/1924	        NA	        NA	        NA	        NA	                       NA	                       NA	
  31/10/1924	        NA	        NA	      37.8	    -122.4	alongside dock china basin san francisco calif	        san francisco bay	
  31/10/1924	        NA	        NA	        NA	        NA	                       NA	                       NA	
  01/11/1924	        NA	        NA	      37.8	    -122.4	            san francisco	        san francisco bay	
  02/11/1924	        NA	        NA	      37.8	    -122.4	alongside china basin dock 3rd st san francisco calif	        san francisco bay	
  02/11/1924	        NA	        NA	        NA	        NA	                       NA	                       NA	
  03/11/1924	        NA	        NA	      37.8	    -122.4	alongside santa fe dock china basin san francisco cal	        san francisco bay	
  03/11/1924	        NA	        NA	        NA	        NA	                       NA	                       NA	
  04/11/1924	        NA	        NA	      38.1	    -122.3	alongside dock at mare island navy yard calif	              mare island	
  04/11/1924	        NA	        NA	        NA	        NA	                       NA	                       NA	
  06/11/1924	        NA	        NA	        NA	        NA	                       NA	                       NA	
  07/11/1924	        NA	        NA	      38.1	    -122.3	alongside eagle boat 34 mare island navy yard calif	              mare island	
  07/11/1924	        NA	        NA	        NA	        NA	                       NA	                       NA	
  08/11/1924	        NA	        NA	      38.1	    -122.3	alongside eagle boat 34 mare island navy yard	              mare island	
  08/11/1924	        NA	        NA	        NA	        NA	                       NA	                       NA	
  09/11/1924	        NA	        NA	      38.1	    -122.3	alongside eagle boat 34 mare island navy yard cal	              mare island	
  09/11/1924	        NA	        NA	        NA	        NA	                       NA	                       NA	
  10/11/1924	        NA	        NA	      38.1	    -122.3	alongside dock mare island navy yard calif	              mare island	
  10/11/1924	        NA	        NA	        NA	        NA	                       NA	                       NA	
  11/11/1924	        NA	        NA	        NA	        NA	                       NA	                       NA	
  12/11/1924	        NA	        NA	      37.8	    -122.4	            san francisco	            san francisco	
  12/11/1924	        NA	        NA	        NA	        NA	                       NA	                       NA	
  13/11/1924	        NA	        NA	      38.1	    -122.3	alongside eagle boat 34 mare island navy yard	              mare island	
  13/11/1924	        NA	        NA	        NA	        NA	                       NA	                       NA	
  14/11/1924	        NA	        NA	      38.1	    -122.3	in dry dock 2 mare island navy yard california	              mare island	
  14/11/1924	        NA	        NA	        NA	        NA	                       NA	                       NA	
  15/11/1924	        NA	        NA	      38.1	    -122.3	in dry dock 2 mare island navy yard california	              mare island	
  15/11/1924	        NA	        NA	        NA	        NA	                       NA	                       NA	
  16/11/1924	        NA	        NA	      38.1	    -122.3	in dry dock mare island navy yard california	              mare island	
  16/11/1924	        NA	        NA	        NA	        NA	                       NA	                       NA	
  17/11/1924	        NA	        NA	      38.1	    -122.3	in dry dock 2 mare island navy yard cal	              mare island	
  17/11/1924	        NA	        NA	      38.1	    -122.3	in dry dock at mare island navy yard	              mare island	
  18/11/1924	        NA	        NA	      38.1	    -122.3	in dry dock mare island navy yard calif	              mare island	
  18/11/1924	        NA	        NA	        NA	        NA	                       NA	                       NA	
  19/11/1924	        NA	        NA	      38.1	    -122.3	in dry dock 2 mare island navy yard	              mare island	
  19/11/1924	        NA	        NA	        NA	        NA	                       NA	                       NA	
  20/11/1924	        NA	        NA	      38.1	    -122.3	in dry dock 2 mare island navy yard california	              mare island	
  20/11/1924	        NA	        NA	        NA	        NA	                       NA	                       NA	
  21/11/1924	        NA	        NA	      38.1	    -122.3	in dry dock 2 mare island navy yard california	              mare island	
  21/11/1924	        NA	        NA	        NA	        NA	                       NA	                       NA	
  22/11/1924	        NA	        NA	      38.1	    -122.3	in drydock mare island navy yard california	              mare island	
  22/11/1924	        NA	        NA	        NA	        NA	                       NA	                       NA	
  23/11/1924	        NA	        NA	        NA	        NA	                       NA	                       NA	
  24/11/1924	        NA	        NA	      38.1	    -122.3	in dry dock 2 mare island navy yard	              mare island	
  24/11/1924	        NA	        NA	        NA	        NA	                       NA	                       NA	
  25/11/1924	        NA	        NA	      38.1	    -122.3	in dry dock 2 mare island navy yard	              mare island	
  25/11/1924	        NA	        NA	        NA	        NA	                       NA	                       NA	
  26/11/1924	        NA	        NA	      38.1	    -122.3	in drydock 2 mare island navy yard	              mare island	
  26/11/1924	        NA	        NA	        NA	        NA	                       NA	                       NA	
  27/11/1924	        NA	        NA	      38.1	    -122.3	in dry dock 2 mare island navy yard california	              mare island	
  27/11/1924	        NA	        NA	        NA	        NA	                       NA	                       NA	
  28/11/1924	        NA	        NA	        NA	        NA	                       NA	                       NA	
  29/11/1924	        NA	        NA	      38.1	    -122.3	in drydock no 2 mare island navy yard calif	              mare island	
  29/11/1924	        NA	        NA	        NA	        NA	                       NA	                       NA	
  30/11/1924	        NA	        NA	      38.1	    -122.3	in drydock 2 mare id navy yard	              mare island	
  30/11/1924	        NA	        NA	        NA	        NA	                       NA	                       NA	
  01/12/1924	        NA	        NA	      38.1	    -122.3	in drydock 2 mare island navy yard	              mare island	
  01/12/1924	        NA	        NA	        NA	        NA	                       NA	                       NA	
  02/12/1924	        NA	        NA	      38.1	    -122.3	in dry dock 2 mare island navy yard cal	              mare island	
  02/12/1924	        NA	        NA	        NA	        NA	                       NA	                       NA	
  03/12/1924	        NA	        NA	      38.1	    -122.3	in dry dock 2 mare island navy yard cal	              mare island	
  03/12/1924	        NA	        NA	        NA	        NA	                       NA	                       NA	
  04/12/1924	        NA	        NA	      38.1	    -122.3	in drydock 2 mare island navy yard calif	              mare island	
  04/12/1924	        NA	        NA	        NA	        NA	                       NA	                       NA	
  05/12/1924	        NA	        NA	      38.1	    -122.3	in drydock 2 mare island navy yard calif	              mare island	
  05/12/1924	        NA	        NA	        NA	        NA	                       NA	                       NA	
  11/12/1924	        NA	        NA	      37.8	    -122.4	alongside china basin dock san francisco	            san francisco	
  11/12/1924	        NA	        NA	        NA	        NA	                       NA	                       NA	
  12/12/1924	        NA	        NA	      37.8	    -122.4	alongside santa fe dock china basin san francisco calif	        san francisco bay	
  12/12/1924	        NA	        NA	        NA	        NA	                       NA	                       NA	
  13/12/1924	        NA	        NA	      37.8	    -122.4	alongsdie berth 8 china basin san francisco calif	        san francisco bay	
  13/12/1924	        NA	        NA	        NA	        NA	                       NA	                       NA	
  14/12/1924	        NA	        NA	      37.8	    -122.4	alongside berth 8 china basin san francisco calif	        san francisco bay	
  14/12/1924	        NA	        NA	        NA	        NA	                       NA	                       NA	
  15/12/1924	        NA	        NA	      37.8	    -122.4	alongside santa fe dock china basin san francisco calif	        san francisco bay	
  18/12/1924	        NA	        NA	        NA	        NA	                       NA	                       NA	
  19/12/1924	        NA	        NA	      33.7	    -118.3	     san pedro california	          san pedro calif	
  19/12/1924	        NA	        NA	        NA	        NA	                       NA	                       NA	
  20/12/1924	        NA	        NA	      33.7	    -118.3	alongside municipal terminal san pedro calif	          san pedro calif	
  20/12/1924	        NA	        NA	        NA	        NA	                       NA	                       NA	
  21/12/1924	        NA	        NA	      33.7	    -118.3	alongside municipal dock san pedro calif	          san pedro calif	
  21/12/1924	        NA	        NA	        NA	        NA	                       NA	                       NA	
  22/12/1924	        NA	        NA	      33.7	    -118.3	alongside municipal dock san pedro calif	          san pedro calif	
  22/12/1924	        NA	        NA	        NA	        NA	                       NA	                       NA	
  25/12/1924	        NA	        NA	      33.7	    -118.3	alongside municipal dock san pedro calif	          san pedro calif	
  25/12/1924	        NA	        NA	        NA	        NA	                       NA	                       NA	
  26/12/1924	        NA	        NA	      33.7	    -118.3	alongside municipal dock san pedro calif	          san pedro calif	
  26/12/1924	        NA	        NA	        NA	        NA	                       NA	                       NA	
  27/12/1924	        NA	        NA	      33.7	    -118.3	alongside municipal dock san pedro calif	          san pedro calif	
  27/12/1924	        NA	        NA	        NA	        NA	                       NA	                       NA	
  28/12/1924	        NA	        NA	      33.7	    -118.3	alongside municipal dock san pedro california	          san pedro calif	
  28/12/1924	        NA	        NA	        NA	        NA	                       NA	                       NA	
  29/12/1924	        NA	        NA	      33.7	    -118.3	commanding alongside municipal dock san pedro calif	          san pedro calif	
  29/12/1924	        NA	        NA	        NA	        NA	                       NA	                       NA	
  31/12/1924	        NA	        NA	        NA	        NA	                       NA	                       NA	
  31/12/1924	        NA	        NA	        NA	        NA	                       NA	                       NA	
  31/12/1924	        NA	        NA	        NA	        NA	                       NA	                       NA	
  31/12/1924	        NA	        NA	        NA	        NA	                       NA	                       NA	
  31/12/1924	        NA	        NA	        NA	        NA	                       NA	                       NA	
  31/12/1924	        NA	        NA	        NA	        NA	                       NA	                       NA	
  31/12/1924	        NA	        NA	        NA	        NA	                       NA	                       NA	
  31/12/1924	        NA	        NA	        NA	        NA	                       NA	                       NA	
  31/12/1924	        NA	        NA	        NA	        NA	                       NA	                       NA	
  31/12/1924	        NA	        NA	        NA	        NA	                       NA	                       NA	
  31/12/1924	        NA	        NA	        NA	        NA	                       NA	                       NA	
  31/12/1924	        NA	        NA	        NA	        NA	                       NA	                       NA	