  01/01/1930	        NA	        NA	      37.8	    -122.3	santa fe dock oakland calif	                  oakland	
  01/01/1930	        NA	        NA	        NA	        NA	                       NA	                       NA	
  01/01/1930	        NA	        NA	        NA	        NA	                       NA	                       NA	
  01/01/1930	        NA	        NA	        NA	        NA	                       NA	                       NA	
  01/01/1930	        NA	        NA	        NA	        NA	                       NA	                       NA	
  01/01/1930	        NA	        NA	        NA	        NA	                       NA	                       NA	
  01/01/1930	        NA	        NA	        NA	        NA	                       NA	                       NA	
  01/01/1930	        NA	        NA	        NA	        NA	                       NA	                       NA	
  01/01/1930	        NA	        NA	        NA	        NA	                       NA	                       NA	
  01/01/1930	        NA	        NA	        NA	        NA	                       NA	                       NA	
  01/01/1930	        NA	        NA	        NA	        NA	                       NA	                       NA	
  01/01/1930	        NA	        NA	        NA	        NA	                       NA	                       NA	
  01/01/1930	        NA	        NA	        NA	        NA	                       NA	                       NA	
  01/01/1930	        NA	        NA	        NA	        NA	                       NA	                       NA	
  01/01/1930	        NA	        NA	        NA	        NA	                       NA	                       NA	
  01/01/1930	        NA	        NA	        NA	        NA	                       NA	                       NA	
  01/01/1930	        NA	        NA	        NA	        NA	                       NA	                       NA	
  02/01/1930	        NA	        NA	      37.8	    -122.3	santa fe dock oakland calif	                  oakland	
  02/01/1930	        NA	        NA	        NA	        NA	                       NA	                       NA	
  03/01/1930	        NA	        NA	      37.8	    -122.3	santa fe wharf oakland calif	                  oakland	
  03/01/1930	        NA	        NA	        NA	        NA	                       NA	                       NA	
  04/01/1930	        NA	        NA	      37.8	    -122.3	       oakland california	                  oakland	
  04/01/1930	        NA	        NA	        NA	        NA	                       NA	                       NA	
  05/01/1930	        NA	        NA	      37.8	    -122.3	santa fe dock oakland calif	                  oakland	
  05/01/1930	        NA	        NA	        NA	        NA	                       NA	                       NA	
  05/01/1930	        NA	        NA	      37.8	    -122.3	santa fe dock oakland calif	                  oakland	
  05/01/1930	        NA	        NA	        NA	        NA	                       NA	                       NA	
  06/01/1930	        NA	        NA	      37.8	    -122.3	santa fe dock oakland calif	                  oakland	
  06/01/1930	        NA	        NA	        NA	        NA	                       NA	                       NA	
  07/01/1930	        NA	        NA	      37.8	    -122.3	santa fe dock oakland calif	                  oakland	
  07/01/1930	        NA	        NA	        NA	        NA	                       NA	                       NA	
  08/01/1930	        NA	        NA	      37.8	    -122.4	                  oakland	            san francisco	
  08/01/1930	        NA	        NA	        NA	        NA	                       NA	                       NA	
  09/01/1930	        NA	        NA	      37.8	    -122.4	bethlehem shipbldg corp san francisco	            san francisco	
  09/01/1930	        NA	        NA	        NA	        NA	                       NA	                       NA	
  10/01/1930	        NA	        NA	      37.8	    -122.3	santa fe dock oakland cal	                  oakland	
  10/01/1930	        NA	        NA	        NA	        NA	                       NA	                       NA	
  11/01/1930	        NA	        NA	      37.8	    -122.3	santa fe dock oakland calif	                  oakland	
  11/01/1930	        NA	        NA	        NA	        NA	                       NA	                       NA	
  12/01/1930	        NA	        NA	      37.8	    -122.3	santa fe docks oakland calif	                  oakland	
  12/01/1930	        NA	        NA	        NA	        NA	                       NA	                       NA	
  13/01/1930	        NA	        NA	      37.8	    -122.3	santa fe wharf oakland calif	                  oakland	
  13/01/1930	        NA	        NA	        NA	        NA	                       NA	                       NA	
  14/01/1930	        NA	        NA	      37.8	    -122.3	santa fe dock oakland calif	                  oakland	
  14/01/1930	        NA	        NA	        NA	        NA	                       NA	                       NA	
  15/01/1930	        NA	        NA	      37.8	    -122.3	santa fe dock oakland calif	                  oakland	
  15/01/1930	        NA	        NA	        NA	        NA	                       NA	                       NA	
  16/01/1930	        NA	        NA	      37.8	    -122.3	santa fe dock oakland calif	                  oakland	
  16/01/1930	        NA	        NA	        NA	        NA	                       NA	                       NA	
  17/01/1930	        NA	        NA	      37.8	    -122.3	santa fe dock oakland calif	                  oakland	
  17/01/1930	        NA	        NA	        NA	        NA	                       NA	                       NA	
  18/01/1930	        NA	        NA	      37.8	    -122.3	santa fe dock oakland calif	                  oakland	
  18/01/1930	        NA	        NA	        NA	        NA	                       NA	                       NA	
  19/01/1930	        NA	        NA	      37.8	    -122.3	santa fe wharf oakland calif	                  oakland	
  19/01/1930	        NA	        NA	        NA	        NA	                       NA	                       NA	
  20/01/1930	        NA	        NA	      37.8	    -122.3	alongside santa fe dock oakland calif  underway out to sea and return to santa fe dock	                  oakland	
  20/01/1930	        NA	        NA	        NA	        NA	                       NA	                       NA	
  21/01/1930	        NA	        NA	      37.8	    -122.3	santa fe dock oakland calif	                  oakland	
  21/01/1930	        NA	        NA	        NA	        NA	                       NA	                       NA	
  22/01/1930	        NA	        NA	      37.8	    -122.3	santa fe dock oakland calif	                  oakland	
  22/01/1930	        NA	        NA	        NA	        NA	                       NA	                       NA	
  23/01/1930	        NA	        NA	      37.8	    -122.3	santa fe dock oakland calif	                  oakland	
  23/01/1930	        NA	        NA	        NA	        NA	                       NA	                       NA	
  24/01/1930	        NA	        NA	      37.8	    -122.3	santa fe dock oakland calif	                  oakland	
  24/01/1930	        NA	        NA	        NA	        NA	                       NA	                       NA	
  25/01/1930	        NA	        NA	      37.8	    -122.3	santa fe wharf oakland calif	                  oakland	
  25/01/1930	        NA	        NA	        NA	        NA	                       NA	                       NA	
  26/01/1930	        NA	        NA	      37.8	    -122.3	santa fe dock oakland calif	                  oakland	
  26/01/1930	        NA	        NA	        NA	        NA	                       NA	                       NA	
  27/01/1930	        NA	        NA	      37.8	    -122.3	santa fe dock oakland calif	                  oakland	
  27/01/1930	        NA	        NA	        NA	        NA	                       NA	                       NA	
  28/01/1930	        NA	        NA	      37.8	    -122.3	santa fe docks oakland calif	                  oakland	
  28/01/1930	        NA	        NA	        NA	        NA	                       NA	                       NA	
  29/01/1930	        NA	        NA	      37.8	    -122.3	santa fe docks oakland calif	                  oakland	
  29/01/1930	        NA	        NA	        NA	        NA	                       NA	                       NA	
  30/01/1930	        NA	        NA	      37.8	    -122.3	santa fe dock oakland calif	                  oakland	
  30/01/1930	        NA	        NA	        NA	        NA	                       NA	                       NA	
  31/01/1930	        NA	        NA	      37.8	    -122.3	santa fe wharf oakland calif	                  oakland	
  31/01/1930	        NA	        NA	        NA	        NA	                       NA	                       NA	
  01/02/1930	        NA	        NA	      37.8	    -122.3	santa fe dock oakland calif	                  oakland	
  01/02/1930	        NA	        NA	        NA	        NA	                       NA	                       NA	
  02/02/1930	        NA	        NA	      37.8	    -122.3	santa fe dock oakland calif	                  oakland	
  02/02/1930	        NA	        NA	        NA	        NA	                       NA	                       NA	
  03/02/1930	        NA	        NA	      37.8	    -122.3	santa fe dock oakland calif	                  oakland	
  03/02/1930	        NA	        NA	        NA	        NA	                       NA	                       NA	
  04/02/1930	        NA	        NA	      37.8	    -122.3	santa fe dock oakland calif	                  oakland	
  04/02/1930	        NA	        NA	        NA	        NA	                       NA	                       NA	
  05/02/1930	        NA	        NA	      37.8	    -122.3	santa fe dock oakland calif	                  oakland	
  05/02/1930	        NA	        NA	        NA	        NA	                       NA	                       NA	
  06/02/1930	        NA	        NA	      37.8	    -122.3	santa fe wharf oakland calif	                  oakland	
  06/02/1930	        NA	        NA	        NA	        NA	                       NA	                       NA	
  07/02/1930	        NA	        NA	      37.8	    -122.3	santa fe dock oakland calif	                  oakland	
  07/02/1930	        NA	        NA	        NA	        NA	                       NA	                       NA	
  08/02/1930	        NA	        NA	      37.8	    -122.3	santa fe dock oakland calif	                  oakland	
  08/02/1930	        NA	        NA	        NA	        NA	                       NA	                       NA	
  09/02/1930	        NA	        NA	      37.8	    -122.3	santa fe dock oakland calif	                  oakland	
  09/02/1930	        NA	        NA	        NA	        NA	                       NA	                       NA	
  10/02/1930	        NA	        NA	      37.8	    -122.3	santa fe docks oakland calif	                  oakland	
  10/02/1930	        NA	        NA	        NA	        NA	                       NA	                       NA	
  11/02/1930	        NA	        NA	      37.8	    -122.3	santa fe dock oakland calif	                  oakland	
  11/02/1930	        NA	        NA	        NA	        NA	                       NA	                       NA	
  12/02/1930	        NA	        NA	      37.8	    -122.3	santa fe wharf oakland calif	                  oakland	
  12/02/1930	        NA	        NA	        NA	        NA	                       NA	                       NA	
  13/02/1930	        NA	        NA	      37.8	    -122.3	santa fe dock oakland calif	                  oakland	
  13/02/1930	        NA	        NA	        NA	        NA	                       NA	                       NA	
  14/02/1930	        NA	        NA	      37.8	    -122.3	santa fe dock oakland calif	                  oakland	
  14/02/1930	        NA	        NA	        NA	        NA	                       NA	                       NA	
  15/02/1930	        NA	        NA	      37.8	    -122.3	santa fe dock oakland calif	                  oakland	
  15/02/1930	        NA	        NA	        NA	        NA	                       NA	                       NA	
  16/02/1930	        NA	        NA	      37.8	    -122.3	santa fe dock oakland calif	                  oakland	
  16/02/1930	        NA	        NA	        NA	        NA	                       NA	                       NA	
  17/02/1930	        NA	        NA	      37.8	    -122.3	santa fe dock oakland calif	                  oakland	
  17/02/1930	        NA	        NA	        NA	        NA	                       NA	                       NA	
  18/02/1930	        NA	        NA	      37.8	    -122.3	santa fe wharf oakland calif	                  oakland	
  18/02/1930	        NA	        NA	        NA	        NA	                       NA	                       NA	
  19/02/1930	        NA	        NA	      37.8	    -122.3	santa fe dock oakland calif	                  oakland	
  19/02/1930	        NA	        NA	        NA	        NA	                       NA	                       NA	
  20/02/1930	        NA	        NA	      37.8	    -122.3	santa fe dock oakland calif	                  oakland	
  20/02/1930	        NA	        NA	        NA	        NA	                       NA	                       NA	
  21/02/1930	        NA	        NA	      37.8	    -122.3	santa fe dock oakland calif	                  oakland	
  21/02/1930	        NA	        NA	        NA	        NA	                       NA	                       NA	
  22/02/1930	        NA	        NA	      37.8	    -122.3	santa fe dock oakland calif	                  oakland	
  22/02/1930	        NA	        NA	        NA	        NA	                       NA	                       NA	
  23/02/1930	        NA	        NA	      37.8	    -122.3	santa fe dock oakland california	                  oakland	
  23/02/1930	        NA	        NA	        NA	        NA	                       NA	                       NA	
  24/02/1930	        NA	        NA	      37.8	    -122.3	santa fe wharf oakland calif	                  oakland	
  24/02/1930	        NA	        NA	        NA	        NA	                       NA	                       NA	
  25/02/1930	        NA	        NA	      37.8	    -122.3	santa fe dock oakland calif	                  oakland	
  25/02/1930	        NA	        NA	        NA	        NA	                       NA	                       NA	
  26/02/1930	        NA	        NA	      37.8	    -122.3	santa fe dock oakland california	                  oakland	
  26/02/1930	        NA	        NA	        NA	        NA	                       NA	                       NA	
  27/02/1930	        NA	        NA	      37.8	    -122.3	santa fe dock oakland calif	                  oakland	
  27/02/1930	        NA	        NA	        NA	        NA	                       NA	                       NA	
  28/02/1930	        NA	        NA	      37.8	    -122.3	santa fe dock oakland calif	                  oakland	
  28/02/1930	        NA	        NA	        NA	        NA	                       NA	                       NA	
  01/03/1930	        NA	        NA	      37.8	    -122.3	santa fe dock oakland calif	                  oakland	
  01/03/1930	        NA	        NA	        NA	        NA	                       NA	                       NA	
  02/03/1930	        NA	        NA	      37.8	    -122.3	santa fe wharf oakland calif	                  oakland	
  02/03/1930	        NA	        NA	        NA	        NA	                       NA	                       NA	
  03/03/1930	        NA	        NA	      37.8	    -122.3	santa fe dock oakland calif	                  oakland	
  03/03/1930	        NA	        NA	        NA	        NA	                       NA	                       NA	
  04/03/1930	        NA	        NA	      37.8	    -122.3	santa fe dock oakland calif	                  oakland	
  04/03/1930	        NA	        NA	        NA	        NA	                       NA	                       NA	
  05/03/1930	        NA	        NA	      37.8	    -122.3	santa fe dock oakland california	                  oakland	
  05/03/1930	        NA	        NA	        NA	        NA	                       NA	                       NA	
  06/03/1930	        NA	        NA	      38.1	    -122.3	navy yard mare island california	              mare island	
  06/03/1930	        NA	        NA	        NA	        NA	                       NA	                       NA	
  07/03/1930	        NA	        NA	      38.1	    -122.3	navy yard mare island california	              mare island	
  07/03/1930	        NA	        NA	        NA	        NA	                       NA	                       NA	
  08/03/1930	        NA	        NA	      38.1	    -122.3	mare island navy yard california	              mare island	
  08/03/1930	        NA	        NA	        NA	        NA	                       NA	                       NA	
  09/03/1930	        NA	        NA	      38.1	    -122.3	mare island navy yard california	              mare island	
  09/03/1930	        NA	        NA	        NA	        NA	                       NA	                       NA	
  10/03/1930	        NA	        NA	      38.1	    -122.3	navy yard mare island california	              mare island	
  10/03/1930	        NA	        NA	        NA	        NA	                       NA	                       NA	
  11/03/1930	        NA	        NA	      38.1	    -122.3	mare island navy yard california	              mare island	
  11/03/1930	        NA	        NA	        NA	        NA	                       NA	                       NA	
  12/03/1930	        NA	        NA	      38.1	    -122.3	mare island navy yard california	              mare island	
  12/03/1930	        NA	        NA	        NA	        NA	                       NA	                       NA	
  13/03/1930	        NA	        NA	      38.1	    -122.3	  mare id navy yard calif	              mare island	
  13/03/1930	        NA	        NA	        NA	        NA	                       NA	                       NA	
  14/03/1930	        NA	        NA	      38.1	    -122.3	mare island navy yard california	              mare island	
  14/03/1930	        NA	        NA	        NA	        NA	                       NA	                       NA	
  15/03/1930	        NA	        NA	      38.1	    -122.3	mare island navy yard california	              mare island	
  15/03/1930	        NA	        NA	        NA	        NA	                       NA	                       NA	
  16/03/1930	        NA	        NA	      38.1	    -122.3	  navy yard wharf mare id	              mare island	
  16/03/1930	        NA	        NA	        NA	        NA	                       NA	                       NA	
  17/03/1930	        NA	        NA	      38.1	    -122.3	navy yard mare island california	              mare island	
  17/03/1930	        NA	        NA	      37.8	    -122.3	santa fe dock oakland cal	                  oakland	
  18/03/1930	        NA	        NA	      37.8	    -122.3	santa fe dock oakland calif	                  oakland	
  18/03/1930	        NA	        NA	        NA	        NA	                       NA	                       NA	
  19/03/1930	        NA	        NA	      37.8	    -122.3	santa fe dock oakland calif	                  oakland	
  19/03/1930	        NA	        NA	        NA	        NA	                       NA	                       NA	
  20/03/1930	        NA	        NA	      37.8	    -122.3	santa fe dock oakland calif	                  oakland	
  20/03/1930	        NA	        NA	        NA	        NA	                       NA	                       NA	
  21/03/1930	        NA	        NA	      37.8	    -122.3	       oakland california	                  oakland	
  21/03/1930	        NA	        NA	        NA	        NA	                       NA	                       NA	
  22/03/1930	        NA	        NA	      37.8	    -122.3	jackson street dock oakland calif	                  oakland	
  22/03/1930	        NA	        NA	        NA	        NA	                       NA	                       NA	
  23/03/1930	        NA	        NA	      37.8	    -122.3	santa fe dock oakland calif	                  oakland	
  23/03/1930	        NA	        NA	        NA	        NA	                       NA	                       NA	
  24/03/1930	        NA	        NA	      37.8	    -122.3	santa fe dock oakland calif	                  oakland	
  24/03/1930	        NA	        NA	        NA	        NA	                       NA	                       NA	
  25/03/1930	        NA	        NA	      37.8	    -122.3	santa fe dock oakland calif	                  oakland	
  25/03/1930	        NA	        NA	        NA	        NA	                       NA	                       NA	
  26/03/1930	        NA	        NA	      37.8	    -122.3	santa fe dock oakland calif	                  oakland	
  26/03/1930	        NA	        NA	        NA	        NA	                       NA	                       NA	
  27/03/1930	        NA	        NA	      37.8	    -122.3	santa fe dock oakland calif	                  oakland	
  27/03/1930	        NA	        NA	        NA	        NA	                       NA	                       NA	
  28/03/1930	        NA	        NA	      37.8	    -122.3	santa fe dock oakland calif	                  oakland	
  28/03/1930	        NA	        NA	        NA	        NA	                       NA	                       NA	
  29/03/1930	        NA	        NA	      37.8	    -122.3	santa fe dock oakland calif	                  oakland	
  29/03/1930	        NA	        NA	        NA	        NA	                       NA	                       NA	
  30/03/1930	        NA	        NA	      37.8	    -122.3	jackson street dock oakland calif	                  oakland	
  30/03/1930	        NA	        NA	        NA	        NA	                       NA	                       NA	
  31/03/1930	        NA	        NA	      37.8	    -122.3	santa fe docks oakland calif	                  oakland	
  31/03/1930	        NA	        NA	        NA	        NA	                       NA	                       NA	
  31/03/1930	        NA	        NA	        NA	        NA	                       NA	                       NA	
  31/03/1930	        NA	        NA	        NA	        NA	                       NA	                       NA	
  31/03/1930	        NA	        NA	        NA	        NA	                       NA	                       NA	
  31/03/1930	        NA	        NA	        NA	        NA	                       NA	                       NA	
  31/03/1930	        NA	        NA	        NA	        NA	                       NA	                       NA	
  31/03/1930	        NA	        NA	        NA	        NA	                       NA	                       NA	
  31/03/1930	        NA	        NA	        NA	        NA	                       NA	                       NA	
  31/03/1930	        NA	        NA	        NA	        NA	                       NA	                       NA	
  31/03/1930	        NA	        NA	        NA	        NA	                       NA	                       NA	
  31/03/1930	        NA	        NA	        NA	        NA	                       NA	                       NA	
  31/03/1930	        NA	        NA	        NA	        NA	                       NA	                       NA	
  31/03/1930	        NA	        NA	        NA	        NA	                       NA	                       NA	
  31/03/1930	        NA	        NA	        NA	        NA	                       NA	                       NA	
  31/03/1930	        NA	        NA	        NA	        NA	                       NA	                       NA	
  31/03/1930	        NA	        NA	        NA	        NA	                       NA	                       NA	
  31/03/1930	        NA	        NA	        NA	        NA	                       NA	                       NA	
  02/04/1930	        NA	        NA	        NA	        NA	                       NA	                       NA	
  03/04/1930	     33 42	  135 14 W	      21.3	    -157.9	oakland calif to honolulu th	                 honolulu	
  03/04/1930	        NA	        NA	        NA	        NA	                       NA	                       NA	
  04/04/1930	     31 41	  139 50 W	      21.3	    -157.9	oakland calif to honolulu th	                 honolulu	
  04/04/1930	        NA	        NA	        NA	        NA	                       NA	                       NA	
  05/04/1930	   29 34 N	  144 13 W	      21.3	    -157.9	oakland calif to honolulu th	                 honolulu	
  05/04/1930	        NA	        NA	        NA	        NA	                       NA	                       NA	
  06/04/1930	     29 18	  148 32 W	      21.3	    -157.9	oakland calif to honolulu th	                 honolulu	
  06/04/1930	        NA	        NA	        NA	        NA	                       NA	                       NA	
  07/04/1930	     24 51	  152 14 W	      21.3	    -157.9	oakland calif to honolulu th	                 honolulu	
  07/04/1930	        NA	        NA	        NA	        NA	                       NA	                       NA	
  08/04/1930	     22 36	  155 43 W	      21.3	    -157.9	oakland calif to honolulu th	                 honolulu	
  08/04/1930	        NA	        NA	        NA	        NA	                       NA	                       NA	
  09/04/1930	        NA	        NA	        NA	        NA	                       NA	                       NA	
  10/04/1930	        NA	        NA	      21.3	    -157.9	                 honolulu	                 honolulu	
  10/04/1930	        NA	        NA	        NA	        NA	                       NA	                       NA	
  11/04/1930	        NA	        NA	      21.3	    -157.9	                 honolulu	                 honolulu	
  11/04/1930	        NA	        NA	        NA	        NA	                       NA	                       NA	
  11/04/1930	        NA	        NA	      21.3	    -157.9	      pier 16 honolulu th	                 honolulu	
  11/04/1930	        NA	        NA	        NA	        NA	                       NA	                       NA	
  12/04/1930	        NA	        NA	      21.3	    -157.9	                 honolulu	                 honolulu	
  12/04/1930	        NA	        NA	        NA	        NA	                       NA	                       NA	
  13/04/1930	        NA	        NA	      21.3	    -157.9	      pier 16 honolulu th	                 honolulu	
  13/04/1930	        NA	        NA	        NA	        NA	                       NA	                       NA	
  14/04/1930	        NA	        NA	      21.3	    -157.9	      pier 16 honolulu th	                 honolulu	
  14/04/1930	        NA	        NA	        NA	        NA	                       NA	                       NA	
  15/04/1930	        NA	        NA	      21.3	    -157.9	                 honolulu	                 honolulu	
  15/04/1930	        NA	        NA	        NA	        NA	                       NA	                       NA	
  16/04/1930	        NA	        NA	      21.3	    -157.9	                 honolulu	                 honolulu	
  16/04/1930	        NA	        NA	        NA	        NA	                       NA	                       NA	
  17/04/1930	        NA	        NA	      21.3	    -157.9	                 honolulu	                 honolulu	
  17/04/1930	        NA	        NA	        NA	        NA	                       NA	                       NA	
  18/04/1930	        NA	        NA	      21.3	    -157.9	                 honolulu	                 honolulu	
  18/04/1930	        NA	        NA	        NA	        NA	                       NA	                       NA	
  19/04/1930	        NA	        NA	      21.3	    -157.9	                 honolulu	                 honolulu	
  19/04/1930	        NA	        NA	        NA	        NA	                       NA	                       NA	
  20/04/1930	        NA	        NA	      21.3	    -157.9	                 honolulu	                 honolulu	
  20/04/1930	        NA	        NA	        NA	        NA	                       NA	                       NA	
  21/04/1930	        NA	        NA	      21.3	    -157.9	      pier 16 honolulu th	                 honolulu	
  21/04/1930	        NA	        NA	        NA	        NA	                       NA	                       NA	
  22/04/1930	        NA	        NA	      21.3	    -157.9	      pier 16 honolulu th	                 honolulu	
  22/04/1930	        NA	        NA	        NA	        NA	                       NA	                       NA	
  23/04/1930	        NA	        NA	      21.3	    -157.9	      pier 16 honolulu th	                 honolulu	
  23/04/1930	        NA	        NA	        NA	        NA	                       NA	                       NA	
  24/04/1930	        NA	        NA	      21.3	    -157.9	      pier 16 honolulu th	                 honolulu	
  24/04/1930	        NA	        NA	        NA	        NA	                       NA	                       NA	
  25/04/1930	        NA	        NA	      21.3	    -157.9	                 honolulu	                 honolulu	
  25/04/1930	        NA	        NA	        NA	        NA	                       NA	                       NA	
  26/04/1930	        NA	        NA	      21.3	    -157.9	                 honolulu	                 honolulu	
  26/04/1930	        NA	        NA	        NA	        NA	                       NA	                       NA	
  27/04/1930	        NA	        NA	      21.3	    -157.9	                 honolulu	                 honolulu	
  27/04/1930	        NA	        NA	        NA	        NA	                       NA	                       NA	
  28/04/1930	        NA	        NA	      21.3	    -157.9	                 honolulu	                 honolulu	
  28/04/1930	        NA	        NA	        NA	        NA	                       NA	                       NA	
  02/05/1930	        NA	        NA	        NA	        NA	                       NA	                       NA	
  14/05/1930	        NA	        NA	        NA	        NA	                       NA	                       NA	
  15/05/1930	        NA	        NA	      21.3	    -157.9	  underway to honolulu th	                 honolulu	
  15/05/1930	        NA	        NA	        NA	        NA	                       NA	                       NA	
  16/05/1930	        NA	        NA	      21.3	    -157.9	  underway to honolulu th	                 honolulu	
  16/05/1930	        NA	        NA	        NA	        NA	                       NA	                       NA	
  17/05/1930	        NA	        NA	      21.3	    -157.9	  underway to honolulu th	                 honolulu	
  17/05/1930	        NA	        NA	        NA	        NA	                       NA	                       NA	
  18/05/1930	        NA	        NA	      21.3	    -157.9	      pier 16 honolulu th	                 honolulu	
  18/05/1930	        NA	        NA	        NA	        NA	                       NA	                       NA	
  19/05/1930	        NA	        NA	      21.3	    -157.9	      pier 16 honolulu th	                 honolulu	
  19/05/1930	        NA	        NA	        NA	        NA	                       NA	                       NA	
  20/05/1930	        NA	        NA	      21.3	    -157.9	      pier 16 honolulu th	                 honolulu	
  20/05/1930	        NA	        NA	        NA	        NA	                       NA	                       NA	
  21/05/1930	        NA	        NA	      21.3	    -157.9	      pier 16 honolulu th	                 honolulu	
  21/05/1930	        NA	        NA	        NA	        NA	                       NA	                       NA	
  22/05/1930	        NA	        NA	      21.3	    -157.9	      pier 16 honolulu th	                 honolulu	
  22/05/1930	        NA	        NA	        NA	        NA	                       NA	                       NA	
  23/05/1930	        NA	        NA	      21.3	    -157.9	                 honolulu	                 honolulu	
  07/06/1930	        NA	        NA	        NA	        NA	                       NA	                       NA	
  14/06/1930	        NA	        NA	        NA	        NA	                       NA	                       NA	
  15/06/1930	        NA	        NA	      21.3	    -157.9	              honolulu th	                 honolulu	
  15/06/1930	        NA	        NA	        NA	        NA	                       NA	                       NA	
  16/06/1930	        NA	        NA	      21.3	    -157.9	              honolulu th	                 honolulu	
  16/06/1930	        NA	        NA	        NA	        NA	                       NA	                       NA	
  17/06/1930	        NA	        NA	      21.3	    -157.9	      pier 16 honolulu th	                 honolulu	
  17/06/1930	        NA	        NA	        NA	        NA	                       NA	                       NA	
  18/06/1930	        NA	        NA	      21.3	    -157.9	      pier 16 honolulu th	                 honolulu	
  18/06/1930	        NA	        NA	        NA	        NA	                       NA	                       NA	
  19/06/1930	        NA	        NA	      21.3	    -157.9	      pier 16 honolulu th	                 honolulu	
  19/06/1930	        NA	        NA	        NA	        NA	                       NA	                       NA	
  20/06/1930	        NA	        NA	      21.3	    -157.9	      pier 16 honolulu th	                 honolulu	
  20/06/1930	        NA	        NA	        NA	        NA	                       NA	                       NA	
  21/06/1930	        NA	        NA	      21.3	    -157.9	      pier 16 honolulu th	                 honolulu	
  21/06/1930	        NA	        NA	        NA	        NA	                       NA	                       NA	
  22/06/1930	        NA	        NA	      21.3	    -157.9	      pier 16 honolulu th	                 honolulu	
  22/06/1930	        NA	        NA	        NA	        NA	                       NA	                       NA	
  23/06/1930	        NA	        NA	      21.3	    -157.9	      pier 16 honolulu th	                 honolulu	
  23/06/1930	        NA	        NA	        NA	        NA	                       NA	                       NA	
  24/06/1930	        NA	        NA	      21.3	    -157.9	      pier 16 honolulu th	                 honolulu	
  24/06/1930	        NA	        NA	        NA	        NA	                       NA	                       NA	
  28/06/1930	        NA	        NA	        NA	        NA	                       NA	                       NA	
  29/06/1930	        NA	        NA	      25.6	    -169.5	            raita bank th	                     oban	
  29/06/1930	        NA	        NA	        NA	        NA	                       NA	                       NA	
  10/07/1930	        NA	        NA	        NA	        NA	                       NA	                       NA	
  11/07/1930	        NA	        NA	      25.6	    -169.5	            raita bank th	                     oban	
  11/07/1930	        NA	        NA	        NA	        NA	                       NA	                       NA	
  12/07/1930	        NA	        NA	      25.4	    -170.6	             maro reef th	               moaro reef	
  12/07/1930	        NA	        NA	        NA	        NA	                       NA	                       NA	
  13/07/1930	        NA	        NA	      25.4	    -170.6	  anchored near maro reef	               moaro reef	
  13/07/1930	        NA	        NA	        NA	        NA	                       NA	                       NA	
  14/07/1930	        NA	        NA	      25.4	    -170.6	             maro reef th	               moaro reef	
  14/07/1930	        NA	        NA	        NA	        NA	                       NA	                       NA	
  18/07/1930	        NA	        NA	        NA	        NA	                       NA	                       NA	
  19/07/1930	        NA	        NA	      21.3	    -157.9	       pier 6 honolulu th	                 honolulu	
  19/07/1930	        NA	        NA	        NA	        NA	                       NA	                       NA	
  20/07/1930	        NA	        NA	      21.3	    -157.9	       pier 6 honolulu th	                 honolulu	
  20/07/1930	        NA	        NA	        NA	        NA	                       NA	                       NA	
  21/07/1930	        NA	        NA	      21.3	    -157.9	alongside pier 6 honolulu th	                 honolulu	
  21/07/1930	        NA	        NA	        NA	        NA	                       NA	                       NA	
  22/07/1930	        NA	        NA	      21.3	    -157.9	alongside pier 6 honolulu th	                 honolulu	
  22/07/1930	        NA	        NA	        NA	        NA	                       NA	                       NA	
  23/07/1930	        NA	        NA	      21.3	    -157.9	alongside pier 6 honolulu th	                 honolulu	
  23/07/1930	        NA	        NA	        NA	        NA	                       NA	                       NA	
  24/07/1930	        NA	        NA	      21.3	    -157.9	alongside pier 6 honolulu th	                 honolulu	
  24/07/1930	        NA	        NA	        NA	        NA	                       NA	                       NA	
  25/07/1930	        NA	        NA	      21.3	    -157.9	alongside pier 6 honolulu th	                 honolulu	
  25/07/1930	        NA	        NA	        NA	        NA	                       NA	                       NA	
  26/07/1930	        NA	        NA	      21.3	    -157.9	alongside pier 6 honolulu th	                 honolulu	
  26/07/1930	        NA	        NA	        NA	        NA	                       NA	                       NA	
  27/07/1930	        NA	        NA	      21.3	    -157.9	alongside pier 6 honolulu th	                 honolulu	
  27/07/1930	        NA	        NA	        NA	        NA	                       NA	                       NA	
  28/07/1930	        NA	        NA	      21.3	    -157.9	alongside pier 6 honolulu th	                 honolulu	
  28/07/1930	        NA	        NA	        NA	        NA	                       NA	                       NA	
  02/08/1930	        NA	        NA	        NA	        NA	                       NA	                       NA	
  03/08/1930	        NA	        NA	      25.8	    -171.3	anchored off west side of laysan island th	                   laysan	
  03/08/1930	        NA	        NA	        NA	        NA	                       NA	                       NA	
  17/08/1930	        NA	        NA	        NA	        NA	                       NA	                       NA	
  18/08/1930	        NA	        NA	      25.8	    -171.3	at anchor laysan island th	             sange island	
  23/08/1930	        NA	        NA	        NA	        NA	                       NA	                       NA	
  24/08/1930	        NA	        NA	      21.3	    -157.9	       pier 5 honolulu th	                 honolulu	
  24/08/1930	        NA	        NA	        NA	        NA	                       NA	                       NA	
  25/08/1930	        NA	        NA	      21.3	    -157.9	       pier 5 honolulu th	                 honolulu	
  25/08/1930	        NA	        NA	        NA	        NA	                       NA	                       NA	
  26/08/1930	        NA	        NA	      21.3	    -157.9	alongside pier no 5 honolulu	                 honolulu	
  26/08/1930	        NA	        NA	        NA	        NA	                       NA	                       NA	
  27/08/1930	        NA	        NA	      21.3	    -157.9	alongside pier no 5 honolulu	                 honolulu	
  27/08/1930	        NA	        NA	        NA	        NA	                       NA	                       NA	
  28/08/1930	        NA	        NA	      21.3	    -157.9	alongside pier no 5 honolulu	                 honolulu	
  28/08/1930	        NA	        NA	        NA	        NA	                       NA	                       NA	
  29/08/1930	        NA	        NA	      21.3	    -157.9	alongside pier no 5 honolulu	                 honolulu	
  29/08/1930	        NA	        NA	        NA	        NA	                       NA	                       NA	
  30/08/1930	        NA	        NA	      21.3	    -157.9	alongside pier no 5 honolulu	                 honolulu	
  30/08/1930	        NA	        NA	        NA	        NA	                       NA	                       NA	
  31/08/1930	        NA	        NA	      21.3	    -157.9	alongside pier no 5 honolulu	                 honolulu	
  31/08/1930	        NA	        NA	        NA	        NA	                       NA	                       NA	
  01/09/1930	        NA	        NA	      21.3	    -157.9	alongside pier no 5 honolulu	                 honolulu	
  01/09/1930	        NA	        NA	        NA	        NA	                       NA	                       NA	
  02/09/1930	        NA	        NA	      21.3	    -157.9	alongside pier no 5 honolulu	                 honolulu	
  02/09/1930	        NA	        NA	        NA	        NA	                       NA	                       NA	
  03/09/1930	        NA	        NA	      21.3	    -157.9	alongside pier no 5 honolulu	                 honolulu	
  03/09/1930	        NA	        NA	        NA	        NA	                       NA	                       NA	
  04/09/1930	        NA	        NA	      21.3	    -157.9	alongside pier no 5 honolulu	                 honolulu	
  04/09/1930	        NA	        NA	        NA	        NA	                       NA	                       NA	
  05/09/1930	        NA	        NA	      21.3	    -157.9	alongside pier no 5 honolulu	                 honolulu	
  05/09/1930	        NA	        NA	        NA	        NA	                       NA	                       NA	
  06/09/1930	        NA	        NA	      21.3	    -157.9	alongside pier no 5 honolulu	                 honolulu	
  06/09/1930	        NA	        NA	        NA	        NA	                       NA	                       NA	
  07/09/1930	        NA	        NA	      21.3	    -157.9	alongside pier no 5 honolulu	                 honolulu	
  07/09/1930	        NA	        NA	        NA	        NA	                       NA	                       NA	
  08/09/1930	        NA	        NA	      21.3	    -157.9	alongside pier no 5 honolulu	                 honolulu	
  08/09/1930	        NA	        NA	        NA	        NA	                       NA	                       NA	
  09/09/1930	        NA	        NA	      21.3	    -157.9	       pier 5 honolulu th	                 honolulu	
  09/09/1930	        NA	        NA	        NA	        NA	                       NA	                       NA	
  14/09/1930	        NA	        NA	        NA	        NA	                       NA	                       NA	
  15/09/1930	        NA	        NA	      25.8	    -171.7	anchored off laysan id th	                   laysan	
  15/09/1930	        NA	        NA	        NA	        NA	                       NA	                       NA	
  16/09/1930	        NA	        NA	        NA	        NA	                       NA	                       NA	
  17/09/1930	        NA	        NA	      25.8	    -171.7	anchored off laysan island th	             sange island	
  17/09/1930	        NA	        NA	        NA	        NA	                       NA	                       NA	
  21/09/1930	        NA	        NA	        NA	        NA	                       NA	                       NA	
  22/09/1930	        NA	        NA	      21.3	    -157.9	alongside pier 15 honolulu th	                 honolulu	
  22/09/1930	        NA	        NA	        NA	        NA	                       NA	                       NA	
  23/09/1930	        NA	        NA	      21.3	    -157.9	alongside pier 15 honolulu th	                 honolulu	
  23/09/1930	        NA	        NA	        NA	        NA	                       NA	                       NA	
  24/09/1930	        NA	        NA	      21.3	    -157.9	alongside pier 15 honolulu th	                 honolulu	
  24/09/1930	        NA	        NA	        NA	        NA	                       NA	                       NA	
  27/09/1930	        NA	        NA	        NA	        NA	              dia head lh	                       NA	
  28/09/1930	        NA	        NA	      21.3	    -157.9	alongside pier 5 honolulu th	                 honolulu	
  28/09/1930	        NA	        NA	        NA	        NA	                       NA	                       NA	
  29/09/1930	        NA	        NA	      21.3	    -157.9	       pier 6 honolulu th	                 honolulu	
  29/09/1930	        NA	        NA	        NA	        NA	                       NA	                       NA	
  30/09/1930	        NA	        NA	      21.3	    -157.9	alongside pier 6 honolulu th	                 honolulu	
  30/09/1930	        NA	        NA	        NA	        NA	                       NA	                       NA	
  30/09/1930	        NA	        NA	        NA	        NA	                       NA	                       NA	
  30/09/1930	        NA	        NA	        NA	        NA	                       NA	                       NA	
  30/09/1930	        NA	        NA	        NA	        NA	                       NA	                       NA	
  30/09/1930	        NA	        NA	        NA	        NA	                       NA	                       NA	
  30/09/1930	        NA	        NA	        NA	        NA	                       NA	                       NA	
  30/09/1930	        NA	        NA	        NA	        NA	                       NA	                       NA	
  30/09/1930	        NA	        NA	        NA	        NA	                       NA	                       NA	
  30/09/1930	        NA	        NA	        NA	        NA	                       NA	                       NA	
  30/09/1930	        NA	        NA	        NA	        NA	                       NA	                       NA	
  30/09/1930	        NA	        NA	        NA	        NA	                       NA	                       NA	
  30/09/1930	        NA	        NA	        NA	        NA	                       NA	                       NA	
  30/09/1930	        NA	        NA	        NA	        NA	                       NA	                       NA	
  06/10/1930	        NA	        NA	        NA	        NA	                       NA	                       NA	
  07/10/1930	        NA	        NA	      25.4	    -170.6	anchored off maro reef th	               moaro reef	
  07/10/1930	        NA	        NA	        NA	        NA	                       NA	                       NA	
  08/10/1930	        NA	        NA	        NA	        NA	at anchor 3 miles south of dowsett reef th	                       NA	
  08/10/1930	        NA	        NA	        NA	        NA	                       NA	                       NA	
  09/10/1930	        NA	        NA	        NA	        NA	anchored off dowsett reef th	                       NA	
  09/10/1930	        NA	        NA	        NA	        NA	                       NA	                       NA	
  10/10/1930	        NA	        NA	        NA	        NA	at anchor 3 miles south of dawsett reef th	                       NA	
  10/10/1930	        NA	        NA	        NA	        NA	                       NA	                       NA	
  11/10/1930	        NA	        NA	      25.4	    -170.6	             maro reef th	               moaro reef	
  11/10/1930	        NA	        NA	        NA	        NA	                       NA	                       NA	
  12/10/1930	        NA	        NA	        NA	        NA	at anchor 3 miles s of dawsett reef th	                       NA	
  12/10/1930	        NA	        NA	        NA	        NA	                       NA	                       NA	
  13/10/1930	        NA	        NA	        NA	        NA	anchored off dawsett reef th	                       NA	
  13/10/1930	        NA	        NA	        NA	        NA	                       NA	                       NA	
  14/10/1930	        NA	        NA	        NA	        NA	                       NA	                       NA	
  15/10/1930	        NA	        NA	      25.4	    -170.6	anchored off maro reef th	               moaro reef	
  15/10/1930	        NA	        NA	        NA	        NA	                       NA	                       NA	
  16/10/1930	        NA	        NA	      25.4	    -170.6	   at anchor maro reef th	               moaro reef	
  16/10/1930	        NA	        NA	        NA	        NA	                       NA	                       NA	
  17/10/1930	        NA	        NA	        NA	        NA	anchored off dowsett reef	                       NA	
  17/10/1930	        NA	        NA	        NA	        NA	                       NA	                       NA	
  18/10/1930	        NA	        NA	      25.4	    -170.6	at anchor 14 mile west of buoy 4 5 west of maro reef th	               moaro reef	
  18/10/1930	        NA	        NA	        NA	        NA	                       NA	                       NA	
  19/10/1930	        NA	        NA	      25.4	    -170.6	anchored off maro reef th	               moaro reef	
  19/10/1930	        NA	        NA	        NA	        NA	                       NA	                       NA	
  20/10/1930	        NA	        NA	      25.4	    -170.6	   at anchor maro reef th	               moaro reef	
  20/10/1930	        NA	        NA	        NA	        NA	                       NA	                       NA	
  21/10/1930	        NA	        NA	      25.4	    -170.6	anchored off maro reef th	               moaro reef	
  21/10/1930	        NA	        NA	        NA	        NA	                       NA	                       NA	
  22/10/1930	        NA	        NA	      25.4	    -170.6	anchored off maro reef th	               moaro reef	
  22/10/1930	        NA	        NA	        NA	        NA	                       NA	                       NA	
  23/10/1930	        NA	        NA	      25.4	    -170.6	anchored off maro reef th	               moaro reef	
  23/10/1930	        NA	        NA	        NA	        NA	                       NA	                       NA	
  23/10/1930	        NA	        NA	        NA	        NA	                       NA	                       NA	
  23/10/1930	        NA	        NA	        NA	        NA	                       NA	                       NA	
  24/10/1930	        NA	        NA	      25.4	    -170.6	   at anchor maro reef th	               moaro reef	
  24/10/1930	        NA	        NA	        NA	        NA	                       NA	                       NA	
  29/10/1930	        NA	        NA	        NA	        NA	                       NA	                       NA	
  30/10/1930	        NA	        NA	      21.3	    -157.9	alongside pier 5 honolulu th	                 honolulu	
  30/10/1930	        NA	        NA	        NA	        NA	                       NA	                       NA	
  31/10/1930	        NA	        NA	      21.3	    -157.9	alongside pier 5 honolulu th	                 honolulu	
  31/10/1930	        NA	        NA	        NA	        NA	                       NA	                       NA	
  01/11/1930	        NA	        NA	      21.3	    -157.9	alongside pier 5 honolulu th	                 honolulu	
  01/11/1930	        NA	        NA	        NA	        NA	                       NA	                       NA	
  02/11/1930	        NA	        NA	      21.3	    -157.9	alongside pier 5 honolulu th	                 honolulu	
  02/11/1930	        NA	        NA	        NA	        NA	                       NA	                       NA	
  03/11/1930	        NA	        NA	      21.3	    -157.9	alongside pier 5 honolulu th	                 honolulu	
  03/11/1930	        NA	        NA	        NA	        NA	                       NA	                       NA	
  04/11/1930	        NA	        NA	      21.3	    -157.9	alongside pier 5 honolulu th	                 honolulu	
  04/11/1930	        NA	        NA	        NA	        NA	                       NA	                       NA	
  05/11/1930	        NA	        NA	      21.3	    -157.9	alongside pier 5 honolulu th	                 honolulu	
  05/11/1930	        NA	        NA	        NA	        NA	                       NA	                       NA	
  06/11/1930	        NA	        NA	      21.3	    -157.9	alongside pier 5 honolulu th	                 honolulu	
  06/11/1930	        NA	        NA	        NA	        NA	                       NA	                       NA	
  07/11/1930	        NA	        NA	      21.3	    -157.9	alongside pier 5 honolulu th	                 honolulu	
  07/11/1930	        NA	        NA	        NA	        NA	                       NA	                       NA	
  08/11/1930	        NA	        NA	      21.3	    -157.9	alongside pier 5 honolulu th	                 honolulu	
  08/11/1930	        NA	        NA	        NA	        NA	                       NA	                       NA	
  09/11/1930	        NA	        NA	      21.3	    -157.9	alongside pier 5 honolulu th	                 honolulu	
  09/11/1930	        NA	        NA	        NA	        NA	                       NA	                       NA	
  10/11/1930	        NA	        NA	      21.3	    -157.9	alongside pier 5 honolulu th	                 honolulu	
  10/11/1930	        NA	        NA	        NA	        NA	                       NA	                       NA	
  11/11/1930	        NA	        NA	      21.3	    -157.9	alongside pier 5 honolulu th	                 honolulu	
  11/11/1930	        NA	        NA	        NA	        NA	                       NA	                       NA	
  12/11/1930	        NA	        NA	      21.3	    -157.9	alongside pier 5 honolulu th	                 honolulu	
  12/11/1930	        NA	        NA	        NA	        NA	                       NA	                       NA	
  13/11/1930	        NA	        NA	      21.3	    -157.9	alongside pier 5 honolulu th	                 honolulu	
  13/11/1930	        NA	        NA	        NA	        NA	                       NA	                       NA	
  14/11/1930	        NA	        NA	        NA	        NA	                       NA	                       NA	
  15/11/1930	        NA	        NA	      21.3	    -157.9	  underway to honolulu th	                 honolulu	
  15/11/1930	        NA	        NA	        NA	        NA	                       NA	                       NA	
  16/11/1930	        NA	        NA	      21.3	    -157.9	  underway to honolulu th	                 honolulu	
  16/11/1930	        NA	        NA	        NA	        NA	                       NA	                       NA	
  17/11/1930	        NA	        NA	      21.3	    -157.9	alongside pier 6 honolulu th	                 honolulu	
  17/11/1930	        NA	        NA	        NA	        NA	                       NA	                       NA	
  18/11/1930	        NA	        NA	      21.1	    -157.0	at anchor off kaunakakei molokai th	                  molokai	
  18/11/1930	        NA	        NA	        NA	        NA	                       NA	                       NA	
  19/11/1930	        NA	        NA	      21.1	    -157.0	anchored off kaunakakei harbor molokai island th	                  molokai	
  19/11/1930	        NA	        NA	        NA	        NA	                       NA	                       NA	
  20/11/1930	        NA	        NA	      21.1	    -157.0	anchored 1 14 miles southwest of kaunakakai molokai island th	                  molokai	
  20/11/1930	        NA	        NA	        NA	        NA	                       NA	                       NA	
  21/11/1930	        NA	        NA	        NA	        NA	                       NA	                       NA	
  22/11/1930	        NA	        NA	      21.1	    -157.0	at anchor off kolo molokai th	                  molokai	
  22/11/1930	        NA	        NA	        NA	        NA	                       NA	                       NA	
  23/11/1930	        NA	        NA	      21.1	    -157.0	anchored off kaunakakei harbor molokai island th	                  molokai	
  23/11/1930	        NA	        NA	        NA	        NA	                       NA	                       NA	
  24/11/1930	        NA	        NA	      21.1	    -157.0	anchored off kaunakakei harbor molokai island th	                  molokai	
  24/11/1930	        NA	        NA	        NA	        NA	                       NA	                       NA	
  25/11/1930	        NA	        NA	      21.1	    -157.0	kaunakakai harbor molokai id th	                  molokai	
  25/11/1930	        NA	        NA	        NA	        NA	                       NA	                       NA	
  26/11/1930	        NA	        NA	      21.3	    -157.9	      pier 16 honolulu th	                 honolulu	
  26/11/1930	        NA	        NA	        NA	        NA	                       NA	                       NA	
  27/11/1930	        NA	        NA	      21.3	    -157.9	alongside pier 6 honolulu	                 honolulu	
  27/11/1930	        NA	        NA	        NA	        NA	                       NA	                       NA	
  28/11/1930	        NA	        NA	      21.3	    -157.9	alongside pier 6 honolulu th	                 honolulu	
  28/11/1930	        NA	        NA	        NA	        NA	                       NA	                       NA	
  29/11/1930	        NA	        NA	      21.3	    -157.9	alongside pier 6 honolulu th	                 honolulu	
  29/11/1930	        NA	        NA	        NA	        NA	                       NA	                       NA	
  30/11/1930	        NA	        NA	      21.3	    -157.9	alongside pier 6 honolulu th	                 honolulu	
  30/11/1930	        NA	        NA	        NA	        NA	                       NA	                       NA	
  01/12/1930	        NA	        NA	      21.3	    -157.9	alongside pier 6 honolulu th	                 honolulu	
  01/12/1930	        NA	        NA	        NA	        NA	                       NA	                       NA	
  02/12/1930	        NA	        NA	      21.1	    -157.0	anchored off kolo harbor molokai island th	             tolo harbour	
  02/12/1930	        NA	        NA	        NA	        NA	                       NA	                       NA	
  03/12/1930	        NA	        NA	      21.1	    -157.0	anchored off kolo harbor molokai island th	             tolo harbour	
  03/12/1930	        NA	        NA	        NA	        NA	                       NA	                       NA	
  04/12/1930	        NA	        NA	      21.1	    -157.0	at anchor off kaunakakai molokai island th	                  molokai	
  04/12/1930	        NA	        NA	        NA	        NA	                       NA	                       NA	
  05/12/1930	        NA	        NA	      21.1	    -157.0	at anchor off kaunakakai harbor molokai island th	                  molokai	
  05/12/1930	        NA	        NA	        NA	        NA	                       NA	                       NA	
  06/12/1930	        NA	        NA	      21.3	    -157.9	alongside pier 5 honolulu	                 honolulu	
  06/12/1930	        NA	        NA	        NA	        NA	                       NA	                       NA	
  07/12/1930	        NA	        NA	      21.3	    -157.9	alongside pier 3 honolulu	                 honolulu	
  07/12/1930	        NA	        NA	        NA	        NA	                       NA	                       NA	
  08/12/1930	        NA	        NA	      21.3	    -157.9	alongside pier 3 honolulu	                 honolulu	
  08/12/1930	        NA	        NA	        NA	        NA	                       NA	                       NA	
  09/12/1930	        NA	        NA	      21.1	    -157.0	anchored off kaunakakai molokai th	                  molokai	
  09/12/1930	        NA	        NA	        NA	        NA	                       NA	                       NA	
  10/12/1930	        NA	        NA	      21.1	    -157.0	anchored on side of kaunakakai molokai th	                  molokai	
  10/12/1930	        NA	        NA	        NA	        NA	                       NA	                       NA	
  11/12/1930	        NA	        NA	      21.1	    -157.0	kaunakakai molokai island th	                  molokai	
  11/12/1930	        NA	        NA	        NA	        NA	                       NA	                       NA	
  12/12/1930	        NA	        NA	      21.1	    -157.0	at anchor off kaunakakai molokai	                  molokai	
  12/12/1930	        NA	        NA	        NA	        NA	                       NA	                       NA	
  13/12/1930	        NA	        NA	      21.3	    -157.9	alongside pier 6 honolulu th	                 honolulu	
  13/12/1930	        NA	        NA	        NA	        NA	                       NA	                       NA	
  14/12/1930	        NA	        NA	      21.3	    -157.9	alongside pier 6 honolulu	                 honolulu	
  14/12/1930	        NA	        NA	        NA	        NA	                       NA	                       NA	
  15/12/1930	        NA	        NA	      21.3	    -157.9	alongside pier 6 honolulu th	                 honolulu	
  15/12/1930	        NA	        NA	        NA	        NA	                       NA	                       NA	
  16/12/1930	        NA	        NA	      21.1	    -157.0	at anchor off kannakakai molakai th	                  molokai	
  16/12/1930	        NA	        NA	        NA	        NA	                       NA	                       NA	
  17/12/1930	        NA	        NA	      21.1	    -157.0	at anchor off kaunakakai molokai th	                  molokai	
  17/12/1930	        NA	        NA	        NA	        NA	                       NA	                       NA	
  18/12/1930	        NA	        NA	      21.1	    -157.0	at anchor off kaunakakai harbor molokai th	                  molokai	
  18/12/1930	        NA	        NA	        NA	        NA	                       NA	                       NA	
  19/12/1930	        NA	        NA	      21.1	    -157.0	anchored off kaunakakai molokai th	                  molokai	
  19/12/1930	        NA	        NA	        NA	        NA	                       NA	                       NA	
  20/12/1930	        NA	        NA	      21.3	    -157.9	alongside pier 6 honolulu th	                 honolulu	
  20/12/1930	        NA	        NA	        NA	        NA	                       NA	                       NA	
  21/12/1930	        NA	        NA	      21.3	    -157.9	alongside pier 6 honolulu th	                 honolulu	
  21/12/1930	        NA	        NA	        NA	        NA	                       NA	                       NA	
  22/12/1930	        NA	        NA	      21.3	    -157.9	alongside pier 6 honolulu th	                 honolulu	
  22/12/1930	        NA	        NA	        NA	        NA	                       NA	                       NA	
  23/12/1930	        NA	        NA	      21.3	    -157.9	alongside pier 6 honolulu th	                 honolulu	
  23/12/1930	        NA	        NA	        NA	        NA	                       NA	                       NA	
  24/12/1930	        NA	        NA	      21.3	    -157.9	alongside pier 6 honolulu th	                 honolulu	
  24/12/1930	        NA	        NA	        NA	        NA	                       NA	                       NA	
  25/12/1930	        NA	        NA	      21.3	    -157.9	alongside pier 6 honolulu th	                 honolulu	
  25/12/1930	        NA	        NA	        NA	        NA	                       NA	                       NA	
  26/12/1930	        NA	        NA	      21.3	    -157.9	alongside pier 6 honolulu th	                 honolulu	
  26/12/1930	        NA	        NA	        NA	        NA	                       NA	                       NA	
  27/12/1930	        NA	        NA	      21.3	    -157.9	alongside pier 6 honolulu th	                 honolulu	
  27/12/1930	        NA	        NA	        NA	        NA	                       NA	                       NA	
  28/12/1930	        NA	        NA	      21.3	    -157.9	alongside pier 6 honolulu th	                 honolulu	
  28/12/1930	        NA	        NA	        NA	        NA	                       NA	                       NA	
  29/12/1930	        NA	        NA	      21.3	    -157.9	alongside pier 6 honolulu th	                 honolulu	
  29/12/1930	        NA	        NA	        NA	        NA	                       NA	                       NA	
  30/12/1930	        NA	        NA	        NA	        NA	                       NA	                       NA	
  31/12/1930	        NA	        NA	      21.3	    -157.9	alongside pier 16 honolulu hawaii	                 honolulu	
  31/12/1930	        NA	        NA	        NA	        NA	                       NA	                       NA	
  31/12/1930	        NA	        NA	        NA	        NA	                       NA	                       NA	
  31/12/1930	        NA	        NA	        NA	        NA	                       NA	                       NA	
  31/12/1930	        NA	        NA	        NA	        NA	                       NA	                       NA	
  31/12/1930	        NA	        NA	        NA	        NA	                       NA	                       NA	
  31/12/1930	        NA	        NA	        NA	        NA	                       NA	                       NA	
  31/12/1930	        NA	        NA	        NA	        NA	                       NA	                       NA	
  31/12/1930	        NA	        NA	        NA	        NA	                       NA	                       NA	
  31/12/1930	        NA	        NA	        NA	        NA	                       NA	                       NA	
  31/12/1930	        NA	        NA	        NA	        NA	                       NA	                       NA	
  31/12/1930	        NA	        NA	        NA	        NA	                       NA	                       NA	
  31/12/1930	        NA	        NA	        NA	        NA	                       NA	                       NA	
  31/12/1930	        NA	        NA	        NA	        NA	                       NA	                       NA	
