  01/01/1933	        NA	        NA	      33.8	    -118.2	alongside pier 1 long beach california	               long beach	
  01/01/1933	        NA	        NA	        NA	        NA	                       NA	                       NA	
  03/01/1933	        NA	        NA	      33.8	    -118.2	         long beach calif	               long beach	
  04/01/1933	     33 53	  120 07 W	        NA	        NA	johnsons lee santa rosa id	                       NA	
  04/01/1933	        NA	        NA	        NA	        NA	                       NA	                       NA	
  05/01/1933	     34 01	  120 27 W	      -8.7	     120.4	anchored off johnsons lee santa rosa island california	              rose island	
  05/01/1933	        NA	        NA	        NA	        NA	                       NA	                       NA	
  10/01/1933	        NA	        NA	        NA	        NA	                       NA	                       NA	
  11/01/1933	     33 24	  119 11 W	      22.6	      59.5	anchored 3 miles off beggs rock	                      sur	
  11/01/1933	        NA	        NA	        NA	        NA	                       NA	                       NA	
  12/01/1933	        NA	        NA	      33.8	    -118.2	alongside pier 1 long beach california	               long beach	
  12/01/1933	        NA	        NA	        NA	        NA	                       NA	                       NA	
  13/01/1933	        NA	        NA	      33.8	    -118.2	alongside pier 1 long beach california	               long beach	
  13/01/1933	        NA	        NA	        NA	        NA	                       NA	                       NA	
  14/01/1933	        NA	        NA	      33.8	    -118.2	         long beach calif	               long beach	
  14/01/1933	        NA	        NA	        NA	        NA	                       NA	                       NA	
  15/01/1933	        NA	        NA	      33.8	    -118.2	alongside municipal pier 1 long beach california	               long beach	
  15/01/1933	        NA	        NA	        NA	        NA	                       NA	                       NA	
  16/01/1933	        NA	        NA	      33.8	    -118.2	alongside municipal pier 1 long beach california	               long beach	
  16/01/1933	        NA	        NA	        NA	        NA	                       NA	                       NA	
  17/01/1933	        NA	        NA	      33.8	    -118.2	alongside pier 1 long beach california	               long beach	
  17/01/1933	        NA	        NA	        NA	        NA	                       NA	                       NA	
  18/01/1933	     33 50	  119 50 W	      -8.7	     120.4	anchored off johnsons lee santa rosa island california	              rose island	
  18/01/1933	        NA	        NA	        NA	        NA	                       NA	                       NA	
  19/01/1933	        NA	        NA	      33.8	    -118.2	alongside standard gypsum isdock long beach california	               long beach	
  19/01/1933	        NA	        NA	        NA	        NA	                       NA	                       NA	
  20/01/1933	        NA	        NA	      33.8	    -118.2	alongside standard gypsum co dock long beach fulay	               long beach	
  20/01/1933	        NA	        NA	        NA	        NA	                       NA	                       NA	
  21/01/1933	        NA	        NA	      33.8	    -118.2	alongside pier 1 long beach california	               long beach	
  21/01/1933	        NA	        NA	        NA	        NA	                       NA	                       NA	
  22/01/1933	        NA	        NA	      33.8	    -118.2	alongside pier 1 long beach california	               long beach	
  22/01/1933	        NA	        NA	        NA	        NA	                       NA	                       NA	
  23/01/1933	        NA	        NA	      33.8	    -118.2	         long beach calif	               long beach	
  23/01/1933	        NA	        NA	        NA	        NA	                       NA	                       NA	
  24/01/1933	        NA	        NA	      33.8	    -118.2	alongside pier 1 long beach california	               long beach	
  24/01/1933	        NA	        NA	        NA	        NA	                       NA	                       NA	
  27/01/1933	        NA	        NA	        NA	        NA	                       NA	                       NA	
  28/01/1933	        NA	        NA	      33.8	    -118.2	underway from san nicholas island to long beach california	               long beach	
  28/01/1933	        NA	        NA	        NA	        NA	                       NA	                       NA	
  29/01/1933	        NA	        NA	      33.8	    -118.2	alongside pier 1 long beach california	               long beach	
  29/01/1933	        NA	        NA	        NA	        NA	                       NA	                       NA	
  30/01/1933	        NA	        NA	      33.8	    -118.2	alongside pier 1 long beach california	               long beach	
  30/01/1933	        NA	        NA	        NA	        NA	                       NA	                       NA	
  03/02/1933	        NA	        NA	        NA	        NA	                       NA	                       NA	
  04/02/1933	        NA	        NA	      33.8	    -118.2	underway san miguel island to long beach california	               long beach	
  04/02/1933	        NA	        NA	        NA	        NA	                       NA	                       NA	
  05/02/1933	        NA	        NA	      33.8	    -118.2	alongside pier 1 long beach california	               long beach	
  05/02/1933	        NA	        NA	        NA	        NA	                       NA	                       NA	
  06/02/1933	        NA	        NA	      33.8	    -118.2	alongside municipal pier 1 long beach california	               long beach	
  06/02/1933	     33 25	  118 22 W	      12.5	      -4.3	911 stop and let go anchor in 11 fms water 45 fms chain off san nicolas id	                    govan	
  07/02/1933	   33 20 N	  119 07 W	      43.7	     116.2	anchored off se end san nicolas id	                     nice	
  07/02/1933	     33 48	  118 41 W	      30.5	      -1.5	246 abean w pt catalina id	                    basra	
  08/02/1933	   33 25 N	  119 46 W	      -8.7	     115.2	anchored off se end san nicolas id	                     nice	
  08/02/1933	     33 36	  119 70 W	      55.9	      -4.3	     stopt off beggs rock	                      sur	
  09/02/1933	   33 00 N	  120 15 W	      -8.7	     115.2	anchored 4 12 miles se off beggs rock	                      sur	
  10/02/1933	   33 01 N	  120 08 W	      29.8	     116.2	anchored 1 mile sxe off san nicolas island	               lay island	
  10/02/1933	        NA	        NA	        NA	        NA	                       NA	                       NA	
  11/02/1933	     33 49	  119 03 W	      29.9	      32.6	713 secure alongside pier no 1 long beach	                   port t	
  12/02/1933	        NA	        NA	      33.8	    -118.2	alongside municipal pier 1 long beach calif	               long beach	
  12/02/1933	        NA	        NA	        NA	        NA	                       NA	                       NA	
  13/02/1933	        NA	        NA	      33.8	    -118.2	alongside municipal pier 1 long beach california	               long beach	
  13/02/1933	     33 74	  118 42 W	      12.5	     -25.0	1040 abeam pt fermin lt to starbd	               st vincent	
  14/02/1933	   33 54 N	  118 28 W	      12.5	     122.3	at anchor inside san pedro breakwater	            san pedro bay	
  14/02/1933	     33 92	  118 42 W	      55.9	      -4.3	539 stopped  let go anchor in 11 fms water veered to 45 fms off el segundo in santa monica bay	                    govan	
  15/02/1933	   33 53 N	  118 26 W	      -8.7	     115.2	anchored off el segundo calif santa monica bay	                     bali	
  16/02/1933	   34 01 N	  120 25 W	        NA	        NA	            san miguel id	                       NA	
  16/02/1933	        NA	        NA	        NA	        NA	                       NA	                       NA	
  17/02/1933	   33 01 N	  120 19 W	      32.0	     -80.1	south point santa rosa island	              rose island	
  17/02/1933	        NA	        NA	        NA	        NA	                       NA	                       NA	
  18/02/1933	   33 18 N	  120 10 W	      29.8	     116.2	      san nicholas island	               lay island	
  18/02/1933	        NA	        NA	        NA	        NA	                       NA	                       NA	
  19/02/1933	   33 00 N	  120 08 W	      29.8	     116.2	      san nicholas island	               lay island	
  19/02/1933	        NA	        NA	        NA	        NA	                       NA	                       NA	
  20/02/1933	   33 14 N	  120 58 W	      29.8	     116.2	      san nicholas island	               lay island	
  20/02/1933	        NA	        NA	        NA	        NA	                       NA	                       NA	
  21/02/1933	   33 05 N	  119 35 W	      29.8	     116.2	      san nicholas island	               lay island	
  21/02/1933	        NA	        NA	        NA	        NA	                       NA	                       NA	
  22/02/1933	        NA	        NA	      33.8	    -118.2	alongside of municipal pier 1 long beach california	               long beach	
  22/02/1933	        NA	        NA	        NA	        NA	                       NA	                       NA	
  23/02/1933	        NA	        NA	      33.8	    -118.2	alongside pier 1 long beach california	               long beach	
  23/02/1933	        NA	        NA	        NA	        NA	                       NA	                       NA	
  24/02/1933	        NA	        NA	      33.8	    -118.2	alongside pier 1 long beach california	               long beach	
  24/02/1933	        NA	        NA	        NA	        NA	                       NA	                       NA	
  25/02/1933	        NA	        NA	      33.8	    -118.2	alongside pier 1 long beach california	               long beach	
  25/02/1933	        NA	        NA	        NA	        NA	                       NA	                       NA	
  26/02/1933	        NA	        NA	      33.8	    -118.2	alongside pier 1 long beach california	               long beach	
  26/02/1933	        NA	        NA	        NA	        NA	                       NA	                       NA	
  27/02/1933	        NA	        NA	      33.8	    -118.2	alongside pier 1 long beach california	               long beach	
  27/02/1933	        NA	        NA	        NA	        NA	                       NA	                       NA	
  28/02/1933	     33 12	  119 30 W	      29.8	     116.2	anchored off se end of san nicholas island	               lay island	
  28/02/1933	        NA	        NA	        NA	        NA	                       NA	                       NA	
  01/03/1933	   33 26 N	  119 58 W	      43.7	     116.2	      san nicholas island	                     nice	
  01/03/1933	        NA	        NA	        NA	        NA	                       NA	                       NA	
  02/03/1933	   34 11 N	  120 31 W	        NA	        NA	johnsons lee santa rosa id	                       NA	
  02/03/1933	        NA	        NA	        NA	        NA	                       NA	                       NA	
  03/03/1933	   33 28 N	  120 17 W	        NA	        NA	johnsons lee santa rosa id	                       NA	
  03/03/1933	        NA	        NA	        NA	        NA	                       NA	                       NA	
  04/03/1933	        NA	        NA	      33.8	    -118.2	alongside pier 1 long beach california	               long beach	
  04/03/1933	        NA	        NA	        NA	        NA	                       NA	                       NA	
  05/03/1933	        NA	        NA	      33.8	    -118.2	alongside pier 1 long beach california	               long beach	
  05/03/1933	        NA	        NA	        NA	        NA	                       NA	                       NA	
  06/03/1933	        NA	        NA	      33.8	    -118.2	alongside pier 1 long beach california	               long beach	
  06/03/1933	        NA	        NA	        NA	        NA	                       NA	                       NA	
  07/03/1933	        NA	        NA	      33.8	    -118.2	alongside pier 1 long beach california	               long beach	
  07/03/1933	        NA	        NA	        NA	        NA	                       NA	                       NA	
  08/03/1933	        NA	        NA	      33.8	    -118.2	alongside pier 1 long beach california	               long beach	
  08/03/1933	        NA	        NA	        NA	        NA	                       NA	                       NA	
  09/03/1933	        NA	        NA	      33.8	    -118.2	alongside pier 1 long beach california	               long beach	
  09/03/1933	        NA	        NA	        NA	        NA	                       NA	                       NA	
  10/03/1933	        NA	        NA	      33.8	    -118.2	alongside pier 1 long beach california	               long beach	
  10/03/1933	        NA	        NA	        NA	        NA	                       NA	                       NA	
  11/03/1933	        NA	        NA	      33.8	    -118.2	    long beach california	               long beach	
  11/03/1933	        NA	        NA	        NA	        NA	                       NA	                       NA	
  12/03/1933	        NA	        NA	      33.8	    -118.2	    long beach california	               long beach	
  12/03/1933	        NA	        NA	        NA	        NA	                       NA	                       NA	
  13/03/1933	        NA	        NA	      33.8	    -118.2	alongside pier 1 long beach california	               long beach	
  13/03/1933	        NA	        NA	        NA	        NA	                       NA	                       NA	
  14/03/1933	        NA	        NA	      33.8	    -118.2	         long beach calif	               long beach	
  14/03/1933	        NA	        NA	        NA	        NA	                       NA	                       NA	
  15/03/1933	        NA	        NA	      33.8	    -118.2	         long beach calif	               long beach	
  15/03/1933	        NA	        NA	        NA	        NA	                       NA	                       NA	
  16/03/1933	        NA	        NA	      33.8	    -118.2	alongside pier 1 long beach california	               long beach	
  16/03/1933	        NA	        NA	        NA	        NA	                       NA	                       NA	
  18/03/1933	        NA	        NA	      33.8	    -118.2	alongside lumber dock long beach california	               long beach	
  18/03/1933	        NA	        NA	        NA	        NA	                       NA	                       NA	
  19/03/1933	        NA	        NA	      33.8	    -118.2	alongside cadwaller gibson lumber dock long beach california	               long beach	
  19/03/1933	        NA	        NA	        NA	        NA	                       NA	                       NA	
  20/03/1933	        NA	        NA	      33.8	    -118.2	alongside cadwaller gibson lumber dock long beach california	               long beach	
  20/03/1933	        NA	        NA	        NA	        NA	                       NA	                       NA	
  21/03/1933	        NA	        NA	      33.8	    -118.2	alongside cadwaller gibson lumber dock long beach california	               long beach	
  21/03/1933	        NA	        NA	        NA	        NA	                       NA	                       NA	
  22/03/1933	        NA	        NA	      33.8	    -118.2	alongside cadwaller gibson lumber dock long beach california	               long beach	
  22/03/1933	        NA	        NA	        NA	        NA	                       NA	                       NA	
  23/03/1933	        NA	        NA	      33.8	    -118.2	alongside cadwaller gibson lumber dock long beach california	               long beach	
  23/03/1933	        NA	        NA	        NA	        NA	                       NA	                       NA	
  24/03/1933	        NA	        NA	      33.8	    -118.2	alongside wharf craig shipbuilding co long beach california	               long beach	
  24/03/1933	        NA	        NA	        NA	        NA	                       NA	                       NA	
  25/03/1933	        NA	        NA	      33.8	    -118.2	alongside craig shipbuilding corp long beach california	               long beach	
  25/03/1933	        NA	        NA	        NA	        NA	                       NA	                       NA	
  26/03/1933	        NA	        NA	      33.8	    -118.2	alongside craig shipyard dock long beach california	               long beach	
  26/03/1933	        NA	        NA	        NA	        NA	                       NA	                       NA	
  27/03/1933	        NA	        NA	      33.8	    -118.2	alongside craig shipyard dock long beach california	               long beach	
  27/03/1933	        NA	        NA	        NA	        NA	                       NA	                       NA	
  28/03/1933	        NA	        NA	      33.8	    -118.2	alongside wharf craig shipbuilding coo long beach california	               long beach	
  28/03/1933	        NA	        NA	        NA	        NA	                       NA	                       NA	
  29/03/1933	        NA	        NA	      33.8	    -118.2	alongside craig shipyard dock long beach california	               long beach	
  29/03/1933	        NA	        NA	        NA	        NA	                       NA	                       NA	
  30/03/1933	        NA	        NA	      33.8	    -118.2	alongside craig shipyard dock long beach california	               long beach	
  30/03/1933	        NA	        NA	        NA	        NA	                       NA	                       NA	
  31/03/1933	        NA	        NA	      33.8	    -118.2	craig shipyard long beach calif	               long beach	
  31/03/1933	        NA	        NA	        NA	        NA	                       NA	                       NA	
  31/03/1933	        NA	        NA	        NA	        NA	                       NA	                       NA	
  31/03/1933	        NA	        NA	        NA	        NA	                       NA	                       NA	
  31/03/1933	        NA	        NA	        NA	        NA	                       NA	                       NA	
  31/03/1933	        NA	        NA	        NA	        NA	                       NA	                       NA	
  31/03/1933	        NA	        NA	        NA	        NA	                       NA	                       NA	
  31/03/1933	        NA	        NA	        NA	        NA	                       NA	                       NA	
  31/03/1933	        NA	        NA	        NA	        NA	                       NA	                       NA	
  31/03/1933	        NA	        NA	        NA	        NA	                       NA	                       NA	
  31/03/1933	        NA	        NA	        NA	        NA	                       NA	                       NA	
  31/03/1933	        NA	        NA	        NA	        NA	                       NA	                       NA	
  31/03/1933	        NA	        NA	        NA	        NA	                       NA	                       NA	
  31/03/1933	        NA	        NA	        NA	        NA	                       NA	                       NA	
  01/04/1933	        NA	        NA	      33.8	    -118.2	alongside pier 1 long beach california	               long beach	
  01/04/1933	        NA	        NA	        NA	        NA	                       NA	                       NA	
  02/04/1933	        NA	        NA	      33.8	    -118.2	alongside pier 1 long beach california	               long beach	
  02/04/1933	        NA	        NA	        NA	        NA	                       NA	                       NA	
  03/04/1933	   33 54 N	  120 12 W	      32.0	     120.4	underway from long beach to santa rosa island calif	              rose island	
  03/04/1933	        NA	        NA	        NA	        NA	                       NA	                       NA	
  04/04/1933	   33 50 N	  120 40 W	      32.0	     120.4	at anchor in johnsons lee santa rosa island california	              rose island	
  04/04/1933	        NA	        NA	        NA	        NA	                       NA	                       NA	
  05/04/1933	   33 42 N	  120 47 W	      32.0	     120.4	at anchor johnsons lee santa rosa island california	              rose island	
  05/04/1933	        NA	        NA	        NA	        NA	                       NA	                       NA	
  06/04/1933	   33 33 N	  121 11 W	      -8.7	     115.2	laying to 3336 12100 california coast	                     bali	
  06/04/1933	        NA	        NA	        NA	        NA	                       NA	                       NA	
  07/04/1933	   33 22 N	  120 50 W	      -8.7	     115.2	laying to 55 mi sw of san miguel id calif coast	                     bali	
  07/04/1933	        NA	        NA	        NA	        NA	                       NA	                       NA	
  08/04/1933	   33 43 N	  120 35 W	      -8.7	     115.2	at anchor johnsons lee santa rosa id california	                     bali	
  08/04/1933	        NA	        NA	        NA	        NA	                       NA	                       NA	
  09/04/1933	   34 01 N	  120 17 W	        NA	        NA	anchored off johnsons lee santa rosa id	                       NA	
  09/04/1933	        NA	        NA	        NA	        NA	                       NA	                       NA	
  10/04/1933	   34 34 N	  120 40 W	      -8.7	     115.2	anchored off johnsons lee santa rosa id calif	                     bali	
  10/04/1933	        NA	        NA	        NA	        NA	                       NA	                       NA	
  11/04/1933	   34 34 N	  120 40 W	      -8.7	     115.2	at anchor 3 12 mi se of pt arguello lt california	                     bali	
  11/04/1933	     34 03	  120 41 W	      55.0	      -1.5	620 rang off engine room at anchor in tylers bight san miguel island california	                     tyne	
  12/04/1933	   33 33 N	  120 35 W	      55.0	      -1.5	at anchor tylers bight san miguel island calif	                     tyne	
  12/04/1933	        NA	        NA	        NA	        NA	                       NA	                       NA	
  13/04/1933	        NA	        NA	        NA	        NA	                       NA	                       NA	
  14/04/1933	        NA	        NA	      33.8	    -118.2	           long beach cal	               long beach	
  14/04/1933	        NA	        NA	        NA	        NA	                       NA	                       NA	
  15/04/1933	        NA	        NA	      33.8	    -118.2	alongside pier 1 long beach california	               long beach	
  15/04/1933	        NA	        NA	        NA	        NA	                       NA	                       NA	
  16/04/1933	        NA	        NA	      33.8	    -118.2	alongside pier 1 long beach california	               long beach	
  16/04/1933	        NA	        NA	        NA	        NA	                       NA	                       NA	
  17/04/1933	   33 40 N	  118 18 W	      33.8	    -118.2	alongside municipal pier 1 long beach cal	               long beach	
  18/04/1933	   33 52 N	  120 16 W	      41.1	      37.3	underway for santa rosa id	                     unye	
  19/04/1933	   33 58 N	  119 25 W	      55.0	      -1.5	tylers point san miguel id calif	                     tyne	
  19/04/1933	     34 01	  120 36 W	        NA	        NA	658  stopped and anchored in 14 fms of water off crooks pt san miguel id 75 fms of chain on deck	                       NA	
  20/04/1933	   33 50 N	  120 10 W	      31.5	     118.4	anchored off crook pt san miguel id	              rocky point	
  21/04/1933	   33 50 N	  121 10 W	      31.5	     118.4	anchored off crooks point san miguel id cal	              rocky point	
  21/04/1933	        NA	        NA	        NA	        NA	                       NA	                       NA	
  22/04/1933	        NA	        NA	      33.8	    -118.2	underway offshore to long beach calif	               long beach	
  22/04/1933	        NA	        NA	      33.8	    -118.2	805  rang engines off all secure alongside berth 50 pier 1 long beach calif	               long beach	
  23/04/1933	        NA	        NA	      33.8	    -118.2	alongside municipal pier 1 long beach california	               long beach	
  23/04/1933	        NA	        NA	        NA	        NA	                       NA	                       NA	
  24/04/1933	        NA	        NA	      33.8	    -118.2	alongside municipal pier 1 long beach california	               long beach	
  25/04/1933	   33 36 N	  120 38 W	      43.7	      37.3	underway for working grounds off shore	                     unye	
  26/04/1933	   33 33 N	  120 55 W	      31.5	     118.4	   crook pt san miguel id	              rocky point	
  26/04/1933	        NA	        NA	        NA	        NA	                       NA	                       NA	
  27/04/1933	   33 25 N	  121 21 W	        NA	        NA	                       NA	                       NA	
  27/04/1933	        NA	        NA	        NA	        NA	                       NA	                       NA	
  28/04/1933	   34 00 N	  121 28 W	      55.0	      -1.5	tylers bight san miguel id calif	                     tyne	
  28/04/1933	        NA	        NA	        NA	        NA	                       NA	                       NA	
  29/04/1933	        NA	        NA	      33.8	    -118.2	alongside municipal pier 1 long beach california	               long beach	
  29/04/1933	        NA	        NA	        NA	        NA	                       NA	                       NA	
  30/04/1933	        NA	        NA	      33.8	    -118.2	alongside municipal pier long beach california	               long beach	
  30/04/1933	        NA	        NA	        NA	        NA	                       NA	                       NA	
  01/05/1933	        NA	        NA	      33.8	    -118.2	alongside municipal pier 1 long beach california	               long beach	
  01/05/1933	        NA	        NA	        NA	        NA	                       NA	                       NA	
  02/05/1933	        NA	        NA	      33.8	    -118.2	alongside pier 1 long beach california	               long beach	
  02/05/1933	        NA	        NA	        NA	        NA	                       NA	                       NA	
  03/05/1933	        NA	        NA	      33.8	    -118.2	alongside pier 1 long beach california	               long beach	
  03/05/1933	        NA	        NA	        NA	        NA	                       NA	                       NA	
  04/05/1933	   33 43 N	  118 46 W	      33.8	    -118.2	         long beach calif	               long beach	
  04/05/1933	        NA	        NA	        NA	        NA	                       NA	                       NA	
  05/05/1933	   34 00 N	  120 19 W	      32.0	     120.4	        santa rosa island	              rose island	
  05/05/1933	        NA	        NA	        NA	        NA	                       NA	                       NA	
  06/05/1933	   34 01 N	  121 09 W	      55.0	      -1.5	tylers bight san miguel id calif	                     tyne	
  06/05/1933	        NA	        NA	        NA	        NA	                       NA	                       NA	
  07/05/1933	   34 02 N	  120 32 W	      55.0	      -1.5	tylers bight san miguel id calif	                     tyne	
  07/05/1933	        NA	        NA	        NA	        NA	                       NA	                       NA	
  08/05/1933	   34 07 N	  120 29 W	      55.0	      -1.5	anchored in tylers bight san miguel island calif	                     tyne	
  08/05/1933	        NA	        NA	        NA	        NA	                       NA	                       NA	
  09/05/1933	   34 09 N	  120 31 W	      55.0	      -1.5	anchored off tylers bight san miguel id cal	                     tyne	
  09/05/1933	        NA	        NA	        NA	        NA	                       NA	                       NA	
  10/05/1933	   33 51 N	  120 05 W	      32.0	     120.4	anchored off johnsons lee santa rosa island	              rose island	
  10/05/1933	        NA	        NA	        NA	        NA	                       NA	                       NA	
  11/05/1933	     33 50	  119 40 W	      32.0	     120.4	anchored off johnsons lee santa rosa island	              rose island	
  11/05/1933	        NA	        NA	        NA	        NA	                       NA	                       NA	
  12/05/1933	        NA	        NA	      33.8	    -118.2	alongside municipal pier 1 long beach california	               long beach	
  12/05/1933	        NA	        NA	        NA	        NA	                       NA	                       NA	
  13/05/1933	        NA	        NA	      33.8	    -118.2	alongside std gypsum co dock long beach california	               long beach	
  13/05/1933	        NA	        NA	        NA	        NA	                       NA	                       NA	
  14/05/1933	        NA	        NA	      33.8	    -118.2	         long beach calif	               long beach	
  14/05/1933	        NA	        NA	        NA	        NA	                       NA	                       NA	
  15/05/1933	   33 47 N	  118 27 W	      33.8	    -118.2	           long beach cal	               long beach	
  15/05/1933	        NA	        NA	        NA	        NA	                       NA	                       NA	
  16/05/1933	   33 58 N	  118 31 W	      -8.7	     115.2	anchored off santa monica calif	                     bali	
  16/05/1933	        NA	        NA	        NA	        NA	                       NA	                       NA	
  17/05/1933	     33 58	  118 31 W	      33.8	    -118.2	alongside pier 1 long beach california	               long beach	
  17/05/1933	        NA	        NA	        NA	        NA	                       NA	                       NA	
  18/05/1933	   33 50 N	  118 30 W	      33.8	    -118.2	   pier  1 long beach cal	               long beach	
  18/05/1933	        NA	        NA	        NA	        NA	                       NA	                       NA	
  19/05/1933	   34 01 N	  118 37 W	      -8.7	     115.2	malibu pt santa monica bay	                     bali	
  19/05/1933	        NA	        NA	        NA	        NA	                       NA	                       NA	
  20/05/1933	        NA	        NA	      33.8	    -118.2	alongside municipal pier 1 long beach california	               long beach	
  20/05/1933	        NA	        NA	        NA	        NA	                       NA	                       NA	
  21/05/1933	        NA	        NA	      33.8	    -118.2	alongside pier 1 long beach california	               long beach	
  21/05/1933	        NA	        NA	        NA	        NA	                       NA	                       NA	
  22/05/1933	        NA	        NA	      33.8	    -118.2	alongside municipal pier 1 long beach california	               long beach	
  22/05/1933	        NA	        NA	        NA	        NA	                       NA	                       NA	
  23/05/1933	   34 01 N	  120 24 W	      -8.7	     115.2	      san miguel id calif	                     bali	
  23/05/1933	        NA	        NA	        NA	        NA	                       NA	                       NA	
  24/05/1933	     34 39	  120 40 W	      55.0	      -1.5	tylers bight san miguel id calif	                     tyne	
  24/05/1933	        NA	        NA	        NA	        NA	                       NA	                       NA	
  25/05/1933	     35 15	  120 54 W	      -8.7	     115.2	       san luis bay calif	                     bali	
  25/05/1933	        NA	        NA	        NA	        NA	                       NA	                       NA	
  26/05/1933	        NA	        NA	        NA	        NA	                       NA	                       NA	
  27/05/1933	   34 01 N	  120 27 W	      55.0	      -1.5	tylers bight san miguel id calif	                     tyne	
  27/05/1933	        NA	        NA	        NA	        NA	                       NA	                       NA	
  28/05/1933	        NA	        NA	      33.8	    -118.2	alongside pier 1 long beach california	               long beach	
  28/05/1933	        NA	        NA	        NA	        NA	                       NA	                       NA	
  29/05/1933	        NA	        NA	      33.8	    -118.2	alongside municipal pier 1 long beach california	               long beach	
  29/05/1933	        NA	        NA	        NA	        NA	                       NA	                       NA	
  30/05/1933	        NA	        NA	      33.8	    -118.2	   pier  1 long beach cal	               long beach	
  30/05/1933	        NA	        NA	        NA	        NA	                       NA	                       NA	
  31/05/1933	        NA	        NA	      33.8	    -118.2	   pier  1 long beach cal	               long beach	
  31/05/1933	        NA	        NA	        NA	        NA	                       NA	                       NA	
  01/06/1933	   33 41 N	  118 22 W	      33.8	    -118.2	   pier  1 long beach cal	               long beach	
  01/06/1933	        NA	        NA	        NA	        NA	                       NA	                       NA	
  02/06/1933	     33 51	  118 34 W	      -8.7	     115.2	   santa monica bay calif	                     nice	
  02/06/1933	        NA	        NA	        NA	        NA	                       NA	                       NA	
  03/06/1933	        NA	        NA	      33.8	    -118.2	alongside pier 1 long beach california	               long beach	
  03/06/1933	        NA	        NA	        NA	        NA	                       NA	                       NA	
  04/06/1933	        NA	        NA	      33.8	    -118.2	alongside pier 1 long beach california	               long beach	
  04/06/1933	        NA	        NA	        NA	        NA	                       NA	                       NA	
  05/06/1933	        NA	        NA	      33.8	    -118.2	alongside pier 1 long beach california	               long beach	
  05/06/1933	        NA	        NA	        NA	        NA	                       NA	                       NA	
  06/06/1933	     34 08	  120 38 W	      33.8	    -118.2	en route from long beack calif to working grounds san miguel id	               long beach	
  06/06/1933	        NA	        NA	        NA	        NA	                       NA	                       NA	
  07/06/1933	   33 54 N	  121 29 W	        NA	        NA	         laying to at sea	                       NA	
  07/06/1933	        NA	        NA	        NA	        NA	                       NA	                       NA	
  08/06/1933	   33 57 N	  121 48 W	        NA	        NA	            laying to sea	                       NA	
  08/06/1933	        NA	        NA	        NA	        NA	                       NA	                       NA	
  09/06/1933	   34 18 N	  120 57 W	      55.0	      -1.5	at anchor tyler bight san miguel id calif	                     tyne	
  09/06/1933	        NA	        NA	        NA	        NA	                       NA	                       NA	
  10/06/1933	   34 13 N	  122 01 W	      59.9	      10.8	underway at slow spped at western limit of field work	                     unye	
  10/06/1933	        NA	        NA	        NA	        NA	                       NA	                       NA	
  11/06/1933	   34 16 N	  120 34 W	      43.7	       7.2	anchored 85 mi east of pt conception lt cal	                     nice	
  11/06/1933	        NA	        NA	        NA	        NA	                       NA	                       NA	
  12/06/1933	   34 12 N	  121 17 W	      -8.7	     115.2	anchored 8 12 mi east of pt conception lt calif	                     nice	
  12/06/1933	        NA	        NA	        NA	        NA	                       NA	                       NA	
  13/06/1933	     34 23	  121 27 W	      41.1	      37.3	                 underway	                     unye	
  13/06/1933	        NA	        NA	        NA	        NA	                       NA	                       NA	
  16/06/1933	   34 11 N	  120 37 W	      43.7	       7.2	  point conception lt cal	                     nice	
  16/06/1933	        NA	        NA	        NA	        NA	                       NA	                       NA	
  15/06/1933	        NA	        NA	      33.8	    -118.2	alongside pier 1 long beach california	               long beach	
  15/06/1933	        NA	        NA	        NA	        NA	                       NA	                       NA	
  16/06/1933	        NA	        NA	      33.8	    -118.2	alongside pier 1 long beach california	               long beach	
  16/06/1933	        NA	        NA	        NA	        NA	                       NA	                       NA	
  17/06/1933	        NA	        NA	      33.8	    -118.2	   pier  1 long beach cal	               long beach	
  17/06/1933	        NA	        NA	        NA	        NA	                       NA	                       NA	
  18/06/1933	        NA	        NA	      33.8	    -118.2	         long beach calif	               long beach	
  18/06/1933	        NA	        NA	        NA	        NA	                       NA	                       NA	
  19/06/1933	        NA	        NA	      33.8	    -118.2	gypsum plant dock long beach cal	               long beach	
  19/06/1933	        NA	        NA	        NA	        NA	                       NA	                       NA	
  20/06/1933	     33 43	  118 16 W	      33.8	    -118.2	gypsum plant dock long beach cal	               long beach	
  20/06/1933	        NA	        NA	        NA	        NA	                       NA	                       NA	
  21/06/1933	   33 53 N	  118 27 W	     -39.5	     176.9	anchored off manhattan pier santa monica bay calif	                   napier	
  21/06/1933	        NA	        NA	        NA	        NA	                       NA	                       NA	
  22/06/1933	     34 01	  118 38 W	      -8.7	     115.2	at anchor 1 mi se of malibu beach cal	                     bali	
  22/06/1933	        NA	        NA	        NA	        NA	                       NA	                       NA	
  23/06/1933	     34 01	  118 46 W	      -8.7	     115.2	at anchor 12 mile se malibu beach calif	                     bali	
  23/06/1933	        NA	        NA	        NA	        NA	                       NA	                       NA	
  24/06/1933	        NA	        NA	      33.8	    -118.2	alongside pier 1 long beach california	               long beach	
  24/06/1933	        NA	        NA	        NA	        NA	                       NA	                       NA	
  25/06/1933	        NA	        NA	      33.8	    -118.2	alongside pier 1 long beach california	               long beach	
  25/06/1933	        NA	        NA	        NA	        NA	                       NA	                       NA	
  26/06/1933	   33 44 N	  118 37 W	      43.7	       7.2	alongside municipal pier 1	                     nice	
  26/06/1933	        NA	        NA	        NA	        NA	                       NA	                       NA	
  27/06/1933	     34 12	  121 57 W	      41.1	      37.3	underway to working grounds at 34 04 122 08	                     unye	
  27/06/1933	        NA	        NA	        NA	        NA	                       NA	                       NA	
  28/06/1933	   34 30 N	  121 44 W	      59.9	      10.8	underway  slow speed  western limit of field work	                     unye	
  28/06/1933	        NA	        NA	        NA	        NA	                       NA	                       NA	
  29/06/1933	     33 58	  121 03 W	      55.0	      -1.5	anchored in tylers bight san miguel i	                     tyne	
  29/06/1933	        NA	        NA	        NA	        NA	                       NA	                       NA	
  30/06/1933	     33 51	  119 52 W	      55.0	      -1.5	tylers bight san miguel id calif	                     tyne	
  30/06/1933	        NA	        NA	        NA	        NA	                       NA	                       NA	
  30/06/1933	        NA	        NA	        NA	        NA	                       NA	                       NA	
  30/06/1933	        NA	        NA	        NA	        NA	                       NA	                       NA	
  30/06/1933	        NA	        NA	        NA	        NA	                       NA	                       NA	
  30/06/1933	        NA	        NA	        NA	        NA	                       NA	                       NA	
  30/06/1933	        NA	        NA	        NA	        NA	                       NA	                       NA	
  30/06/1933	        NA	        NA	        NA	        NA	                       NA	                       NA	
  30/06/1933	        NA	        NA	        NA	        NA	                       NA	                       NA	
  30/06/1933	        NA	        NA	        NA	        NA	                       NA	                       NA	
  30/06/1933	        NA	        NA	        NA	        NA	                       NA	                       NA	
  30/06/1933	        NA	        NA	        NA	        NA	                       NA	                       NA	
  30/06/1933	        NA	        NA	        NA	        NA	                       NA	                       NA	
  30/06/1933	        NA	        NA	        NA	        NA	                       NA	                       NA	
  30/06/1933	        NA	        NA	        NA	        NA	                       NA	                       NA	
  30/06/1933	        NA	        NA	        NA	        NA	                       NA	                       NA	
  01/07/1933	        NA	        NA	      33.8	    -118.2	alongside municipal pier 1 long beach california	               long beach	
  01/07/1933	        NA	        NA	        NA	        NA	                       NA	                       NA	
  02/07/1933	        NA	        NA	      33.8	    -118.2	alongside municipal pier 1 long beach california	               long beach	
  02/07/1933	        NA	        NA	        NA	        NA	                       NA	                       NA	
  03/07/1933	        NA	        NA	      33.8	    -118.2	alongside municipal pier 1 long beach california	               long beach	
  03/07/1933	        NA	        NA	        NA	        NA	                       NA	                       NA	
  04/07/1933	        NA	        NA	      33.8	    -118.2	alongside municipal pier 1 long beach california	               long beach	
  04/07/1933	        NA	        NA	        NA	        NA	                       NA	                       NA	
  05/07/1933	        NA	        NA	      33.8	    -118.2	alongside municipal pier 1 long beach california	               long beach	
  05/07/1933	        NA	        NA	        NA	        NA	                       NA	                       NA	
  06/07/1933	        NA	        NA	      33.8	    -118.2	alongside pier 1 long beach california	               long beach	
  06/07/1933	        NA	        NA	        NA	        NA	                       NA	                       NA	
  07/07/1933	        NA	        NA	      33.8	    -118.2	alongside pier 1 long beach california	               long beach	
  07/07/1933	        NA	        NA	        NA	        NA	                       NA	                       NA	
  08/07/1933	        NA	        NA	      33.8	    -118.2	alongside pier 1 long beach california	               long beach	
  08/07/1933	        NA	        NA	        NA	        NA	                       NA	                       NA	
  09/07/1933	        NA	        NA	      33.8	    -118.2	alongside pier 1 long beach california	               long beach	
  09/07/1933	        NA	        NA	        NA	        NA	                       NA	                       NA	
  10/07/1933	        NA	        NA	      33.8	    -118.2	alongside pier 1 long beach california	               long beach	
  10/07/1933	        NA	        NA	        NA	        NA	                       NA	                       NA	
  11/07/1933	     34 01	  120 28 W	      -8.7	     115.2	underway to san miguel island california	                     bali	
  11/07/1933	        NA	        NA	        NA	        NA	                       NA	                       NA	
  12/07/1933	     35 16	  120 57 W	      -8.7	     115.2	san luis obispo bay california	                     bali	
  12/07/1933	        NA	        NA	        NA	        NA	                       NA	                       NA	
  13/07/1933	     35 13	  121 03 W	        NA	        NA	           pt san luis lt	                       NA	
  13/07/1933	        NA	        NA	        NA	        NA	                       NA	                       NA	
  14/07/1933	   34 40 N	  121 35 W	      -8.7	     115.2	     pt san luis lt calif	                     bali	
  14/07/1933	        NA	        NA	        NA	        NA	                       NA	                       NA	
  15/07/1933	   34 44 N	  122 00 W	        NA	        NA	                   at sea	                       NA	
  15/07/1933	        NA	        NA	        NA	        NA	                       NA	                       NA	
  16/07/1933	     34 05	  122 39 W	      -8.7	     115.2	         california coast	                     bali	
  16/07/1933	        NA	        NA	        NA	        NA	                       NA	                       NA	
  17/07/1933	   34 37 N	  120 57 W	      35.4	      -4.9	       point arguello cal	              point targa	
  17/07/1933	        NA	        NA	        NA	        NA	                       NA	                       NA	
  18/07/1933	   34 34 N	  120 59 W	      -8.7	     115.2	         california coast	                     bali	
  18/07/1933	        NA	        NA	        NA	        NA	                       NA	                       NA	
  19/07/1933	     34 40	  120 50 W	        NA	        NA	           pt arguello lt	                       NA	
  19/07/1933	        NA	        NA	        NA	        NA	                       NA	                       NA	
  20/07/1933	        NA	        NA	      33.8	    -118.2	alongside municipal pier 1 long beach california	               long beach	
  20/07/1933	        NA	        NA	        NA	        NA	                       NA	                       NA	
  21/07/1933	        NA	        NA	      33.8	    -118.2	alongside pier 1 long beach california	               long beach	
  21/07/1933	        NA	        NA	        NA	        NA	                       NA	                       NA	
  22/07/1933	        NA	        NA	      33.8	    -118.2	alongside municipal pier 1 long beach california	               long beach	
  22/07/1933	        NA	        NA	        NA	        NA	                       NA	                       NA	
  23/07/1933	        NA	        NA	      33.8	    -118.2	   pier  1 long beach cal	               long beach	
  23/07/1933	        NA	        NA	        NA	        NA	                       NA	                       NA	
  24/07/1933	        NA	        NA	      33.8	    -118.2	alongside municipal pier 1 long beach california	               long beach	
  24/07/1933	        NA	        NA	        NA	        NA	                       NA	                       NA	
  25/07/1933	   34 01 N	  119 55 W	      -8.7	     115.2	     malibu pt california	                     bali	
  25/07/1933	        NA	        NA	        NA	        NA	                       NA	                       NA	
  26/07/1933	   34 05 N	  119 06 W	      43.7	       7.2	 pt dume santa monica bay	                     nice	
  26/07/1933	        NA	        NA	        NA	        NA	                       NA	                       NA	
  27/07/1933	     34 00	  118 44 W	      43.7	       7.2	 pt dume santa monica bay	                     nice	
  27/07/1933	        NA	        NA	        NA	        NA	                       NA	                       NA	
  28/07/1933	        NA	        NA	      33.8	    -118.2	alongside municipal pier 1 long beach california	               long beach	
  28/07/1933	        NA	        NA	        NA	        NA	                       NA	                       NA	
  29/07/1933	        NA	        NA	      33.8	    -118.2	alongside pier 1 long beach california	               long beach	
  29/07/1933	        NA	        NA	        NA	        NA	                       NA	                       NA	
  30/07/1933	        NA	        NA	      33.8	    -118.2	alongside pier 1 long beach california	               long beach	
  30/07/1933	        NA	        NA	        NA	        NA	                       NA	                       NA	
  31/07/1933	     33 46	  118 29 W	      33.8	    -118.2	   pier  1 long beach cal	               long beach	
  31/07/1933	        NA	        NA	        NA	        NA	                       NA	                       NA	
  01/08/1933	     34 12	  121 10 W	      35.4	      -4.9	       point arguello cal	              point targa	
  01/08/1933	        NA	        NA	        NA	        NA	                       NA	                       NA	
  02/08/1933	   34 40 N	  122 38 W	      35.4	      -4.9	       point arguello cal	              point targa	
  02/08/1933	        NA	        NA	        NA	        NA	                       NA	                       NA	
  03/08/1933	   34 50 N	  120 52 W	      -8.7	     115.2	layingto at sea 50 mi exs of pt sal calif coast	                     bali	
  03/08/1933	        NA	        NA	        NA	        NA	                       NA	                       NA	
  04/08/1933	     34 41	  120 46 W	      -8.7	     115.2	anchored 7 mi nw from pt conception calif coast	                     nice	
  04/08/1933	        NA	        NA	        NA	        NA	                       NA	                       NA	
  05/08/1933	        NA	        NA	        NA	        NA	                       NA	                       NA	
  06/08/1933	        NA	        NA	      33.8	    -118.2	alongside gypsum co wharf long beach california	               long beach	
  06/08/1933	        NA	        NA	        NA	        NA	                       NA	                       NA	
  07/08/1933	        NA	        NA	      33.8	    -118.2	alongside gypsum co dock long beach california	               long beach	
  07/08/1933	        NA	        NA	        NA	        NA	                       NA	                       NA	
  08/08/1933	        NA	        NA	      33.8	    -118.2	alongside standard gypsum co wharf long beach california	               long beach	
  08/08/1933	        NA	        NA	        NA	        NA	                       NA	                       NA	
  09/08/1933	        NA	        NA	      33.8	    -118.2	alongside municipal pier 1 long beach california	               long beach	
  09/08/1933	        NA	        NA	        NA	        NA	                       NA	                       NA	
  10/08/1933	     34 47	  121 35 W	      33.8	    -118.2	long beach calif to working grounds	               long beach	
  10/08/1933	        NA	        NA	        NA	        NA	                       NA	                       NA	
  11/08/1933	     35 52	  121 48 W	        NA	        NA	          working grounds	                       NA	
  11/08/1933	        NA	        NA	        NA	        NA	                       NA	                       NA	
  12/08/1933	   34 58 N	  122 33 W	        NA	        NA	          working grounds	                       NA	
  12/08/1933	        NA	        NA	        NA	        NA	                       NA	                       NA	
  13/08/1933	     34 50	  121 59 W	        NA	        NA	          working grounds	                       NA	
  13/08/1933	        NA	        NA	        NA	        NA	                       NA	                       NA	
  14/08/1933	   35 05 N	  121 35 W	        NA	        NA	          working grounds	                       NA	
  14/08/1933	        NA	        NA	        NA	        NA	                       NA	                       NA	
  15/08/1933	   35 14 N	  120 54 W	      -8.7	     115.2	san luis obispo bay california	                     bali	
  15/08/1933	        NA	        NA	        NA	        NA	                       NA	                       NA	
  16/08/1933	     35 02	  121 48 W	      -8.7	     115.2	san luis obispo bay california	                     bali	
  16/08/1933	        NA	        NA	        NA	        NA	                       NA	                       NA	
  17/08/1933	   34 48 N	  121 26 W	      -8.7	     115.2	  pt sal california coast	                     bali	
  17/08/1933	        NA	        NA	        NA	        NA	                       NA	                       NA	
  18/08/1933	        NA	        NA	      33.8	    -118.2	alongside pier 1 long beach california	               long beach	
  18/08/1933	        NA	        NA	        NA	        NA	                       NA	                       NA	
  19/08/1933	        NA	        NA	      33.8	    -118.2	alongside pier 1 long beach california	               long beach	
  19/08/1933	        NA	        NA	        NA	        NA	                       NA	                       NA	
  20/08/1933	        NA	        NA	      33.8	    -118.2	alongside pier 1 long beach california	               long beach	
  20/08/1933	        NA	        NA	        NA	        NA	                       NA	                       NA	
  21/08/1933	        NA	        NA	      33.8	    -118.2	alongside pier 1 long beach california	               long beach	
  21/08/1933	        NA	        NA	        NA	        NA	                       NA	                       NA	
  22/08/1933	        NA	        NA	      33.8	    -118.2	alongside pier 1 long beach california	               long beach	
  22/08/1933	        NA	        NA	        NA	        NA	                       NA	                       NA	
  23/08/1933	   33 45 N	  118 16 W	      33.8	    -118.2	   pier  1 long beach cal	               long beach	
  23/08/1933	        NA	        NA	        NA	        NA	                       NA	                       NA	
  23/08/1933	   33 45 N	  118 16 W	      33.8	    -118.2	   pier  1 long beach cal	               long beach	
  23/08/1933	        NA	        NA	        NA	        NA	                       NA	                       NA	
  24/08/1933	   34 53 N	  120 39 W	      33.8	    -118.2	   pier  1 long beach cal	               long beach	
  24/08/1933	        NA	        NA	        NA	        NA	                       NA	                       NA	
  25/08/1933	   34 53 N	  121 20 W	      -8.7	     115.2	        pt sal california	                     bali	
  25/08/1933	        NA	        NA	        NA	        NA	                       NA	                       NA	
  26/08/1933	     34 51	  121 27 W	      -8.7	     115.2	anchored off pt sal california	                     bali	
  26/08/1933	        NA	        NA	        NA	        NA	                       NA	                       NA	
  27/08/1933	   34 52 N	  121 20 W	      -8.7	     115.2	anchored off pt sal california	                     bali	
  27/08/1933	        NA	        NA	        NA	        NA	                       NA	                       NA	
  28/08/1933	   34 57 N	  121 28 W	      -8.7	     115.2	anchored 12 mi se pt sal california	                     bali	
  28/08/1933	        NA	        NA	        NA	        NA	                       NA	                       NA	
  29/08/1933	     34 53	  120 44 W	      -8.7	     115.2	        pt sal california	                     bali	
  29/08/1933	        NA	        NA	        NA	        NA	                       NA	                       NA	
  30/08/1933	     35 04	  121 29 W	      -8.7	     115.2	san luis obispo bay california	                     bali	
  30/08/1933	        NA	        NA	        NA	        NA	                       NA	                       NA	
  31/08/1933	     35 03	  121 31 W	      -8.7	     115.2	anchored in san luis obispo bay california	                     bali	
  31/08/1933	        NA	        NA	        NA	        NA	                       NA	                       NA	
  01/09/1933	        NA	        NA	      33.8	    -118.2	alongside standard gypsum co wharf long beach california	               long beach	
  01/09/1933	        NA	        NA	        NA	        NA	                       NA	                       NA	
  02/09/1933	        NA	        NA	      33.8	    -118.2	alongside standard gypsum co wharf long beach california	               long beach	
  02/09/1933	        NA	        NA	        NA	        NA	                       NA	                       NA	
  03/09/1933	        NA	        NA	      33.8	    -118.2	alongside pier 1 long beach california	               long beach	
  03/09/1933	        NA	        NA	        NA	        NA	                       NA	                       NA	
  04/09/1933	        NA	        NA	      33.8	    -118.2	alongside pier 1 long beach california	               long beach	
  04/09/1933	        NA	        NA	        NA	        NA	                       NA	                       NA	
  05/09/1933	        NA	        NA	      33.8	    -118.2	alongside municipal pier 1 long beach california	               long beach	
  05/09/1933	        NA	        NA	        NA	        NA	                       NA	                       NA	
  06/09/1933	        NA	        NA	      33.8	    -118.2	   pier  1 long beach cal	               long beach	
  06/09/1933	        NA	        NA	        NA	        NA	                       NA	                       NA	
  07/09/1933	        NA	        NA	      33.8	    -118.2	gypsum plant dock long beach cal	               long beach	
  07/09/1933	        NA	        NA	        NA	        NA	                       NA	                       NA	
  08/09/1933	        NA	        NA	      33.8	    -118.2	alongside pier 1 long beach california	               long beach	
  08/09/1933	        NA	        NA	        NA	        NA	                       NA	                       NA	
  09/09/1933	        NA	        NA	      33.8	    -118.2	alongside pier 1 long beach california	               long beach	
  09/09/1933	        NA	        NA	        NA	        NA	                       NA	                       NA	
  10/09/1933	        NA	        NA	      33.8	    -118.2	alongside municipal pier 1 long beach california	               long beach	
  10/09/1933	        NA	        NA	        NA	        NA	                       NA	                       NA	
  11/09/1933	        NA	        NA	      33.8	    -118.2	alongside municipal pier 1 long beach california	               long beach	
  11/09/1933	        NA	        NA	        NA	        NA	                       NA	                       NA	
  12/09/1933	   34 35 N	  120 40 W	      33.8	    -118.2	   pier  1 long beach cal	               long beach	
  12/09/1933	        NA	        NA	        NA	        NA	                       NA	                       NA	
  13/09/1933	   35 08 N	  121 07 W	      -8.7	     115.2	        pt sal california	                     bali	
  13/09/1933	        NA	        NA	        NA	        NA	                       NA	                       NA	
  14/09/1933	   35 09 N	  121 17 W	        NA	        NA	          working grounds	                       NA	
  14/09/1933	        NA	        NA	        NA	        NA	                       NA	                       NA	
  15/09/1933	   34 58 N	  120 53 W	        NA	        NA	        pt san luis light	                       NA	
  15/09/1933	        NA	        NA	        NA	        NA	                       NA	                       NA	
  16/09/1933	   34 54 N	  120 45 W	      -8.7	     115.2	        pt sal california	                     bali	
  16/09/1933	        NA	        NA	        NA	        NA	                       NA	                       NA	
  16/09/1933	   34 54 N	  120 45 W	      -8.7	     115.2	        pt sal california	                     bali	
  16/09/1933	        NA	        NA	        NA	        NA	                       NA	                       NA	
  17/09/1933	   35 09 N	  120 42 W	        NA	        NA	           pt san luis lt	                       NA	
  17/09/1933	        NA	        NA	        NA	        NA	                       NA	                       NA	
  18/09/1933	     34 49	  120 48 W	        NA	        NA	           pt san luis lt	                       NA	
  18/09/1933	        NA	        NA	        NA	        NA	                       NA	                       NA	
  19/09/1933	   34 44 N	  120 52 W	      -8.7	     115.2	        pt sal california	                     bali	
  19/09/1933	        NA	        NA	        NA	        NA	                       NA	                       NA	
  20/09/1933	        NA	        NA	        NA	        NA	                       NA	                       NA	
  21/09/1933	        NA	        NA	      33.8	    -118.2	in craig shipyard drydock long beach california	               long beach	
  21/09/1933	        NA	        NA	        NA	        NA	                       NA	                       NA	
  22/09/1933	        NA	        NA	      33.8	    -118.2	in craig shipyard drydock long beach california	               long beach	
  22/09/1933	        NA	        NA	        NA	        NA	                       NA	                       NA	
  23/09/1933	        NA	        NA	      33.8	    -118.2	in craig shipyard drydock long beach california	               long beach	
  23/09/1933	        NA	        NA	        NA	        NA	                       NA	                       NA	
  24/09/1933	        NA	        NA	      33.8	    -118.2	in craig shipyard drydock long beach california	               long beach	
  24/09/1933	        NA	        NA	        NA	        NA	                       NA	                       NA	
  25/09/1933	        NA	        NA	      33.8	    -118.2	alongside wharf craig shipbuilding co long beach california	               long beach	
  25/09/1933	        NA	        NA	        NA	        NA	                       NA	                       NA	
  26/09/1933	        NA	        NA	      33.8	    -118.2	   pier  1 long beach cal	               long beach	
  26/09/1933	        NA	        NA	        NA	        NA	                       NA	                       NA	
  27/09/1933	        NA	        NA	      33.8	    -118.2	alongside craig shipbuilding cos dock long beach california	               long beach	
  27/09/1933	        NA	        NA	        NA	        NA	                       NA	                       NA	
  28/09/1933	        NA	        NA	      33.8	    -118.2	alongside craig shipbuilding cos dock long beach california	               long beach	
  28/09/1933	        NA	        NA	        NA	        NA	                       NA	                       NA	
  29/09/1933	        NA	        NA	      33.8	    -118.2	alongside craig shipbuilding wharf long beach california	               long beach	
  29/09/1933	        NA	        NA	        NA	        NA	                       NA	                       NA	
  29/09/1933	        NA	        NA	      33.8	    -118.2	craig shipbuilding dry dock long beach calif	               long beach	
  29/09/1933	        NA	        NA	        NA	        NA	                       NA	                       NA	
  29/09/1933	        NA	        NA	        NA	        NA	                       NA	                       NA	
  29/09/1933	        NA	        NA	        NA	        NA	                       NA	                       NA	
  30/09/1933	        NA	        NA	      33.8	    -118.2	alongside dock at craig shipbuilding co long beach california	               long beach	
  30/09/1933	        NA	        NA	        NA	        NA	                       NA	                       NA	
  30/09/1933	        NA	        NA	        NA	        NA	                       NA	                       NA	
  30/09/1933	        NA	        NA	        NA	        NA	                       NA	                       NA	
  30/09/1933	        NA	        NA	        NA	        NA	                       NA	                       NA	
  30/09/1933	        NA	        NA	        NA	        NA	                       NA	                       NA	
  30/09/1933	        NA	        NA	        NA	        NA	                       NA	                       NA	
  30/09/1933	        NA	        NA	        NA	        NA	                       NA	                       NA	
  30/09/1933	        NA	        NA	        NA	        NA	                       NA	                       NA	
  30/09/1933	        NA	        NA	        NA	        NA	                       NA	                       NA	
  30/09/1933	        NA	        NA	        NA	        NA	                       NA	                       NA	
  30/09/1933	        NA	        NA	        NA	        NA	                       NA	                       NA	
  30/09/1933	        NA	        NA	        NA	        NA	                       NA	                       NA	
  30/09/1933	        NA	        NA	        NA	        NA	                       NA	                       NA	
  01/10/1933	        NA	        NA	      33.8	    -118.2	alongside muncipal pier 1 long beach california	               long beach	
  01/10/1933	        NA	        NA	        NA	        NA	                       NA	                       NA	
  02/10/1933	        NA	        NA	      33.8	    -118.2	alongside muncipal pier 1 long beach california	               long beach	
  02/10/1933	        NA	        NA	        NA	        NA	                       NA	                       NA	
  03/10/1933	        NA	        NA	      33.8	    -118.2	alongside pier 1 long beach california	               long beach	
  03/10/1933	        NA	        NA	        NA	        NA	                       NA	                       NA	
  04/10/1933	        NA	        NA	      33.8	    -118.2	alongside muncipal pier 1 long beach california	               long beach	
  04/10/1933	        NA	        NA	        NA	        NA	                       NA	                       NA	
  05/10/1933	        NA	        NA	      33.8	    -118.2	alongside muncipal pier 1 long beach california	               long beach	
  05/10/1933	        NA	        NA	        NA	        NA	                       NA	                       NA	
  06/10/1933	        NA	        NA	      33.8	    -118.2	   pier  1 long beach cal	               long beach	
  06/10/1933	        NA	        NA	        NA	        NA	                       NA	                       NA	
  07/10/1933	        NA	        NA	      33.8	    -118.2	alongside gypsum plant dock long beach california	               long beach	
  07/10/1933	        NA	        NA	        NA	        NA	                       NA	                       NA	
  08/10/1933	        NA	        NA	      33.8	    -118.2	alongside gypsum plant long beach california	               long beach	
  08/10/1933	        NA	        NA	        NA	        NA	                       NA	                       NA	
  09/10/1933	     33 53	  118 45 W	      33.8	    -118.2	gypsum plant dock long beach cal	               long beach	
  09/10/1933	        NA	        NA	        NA	        NA	                       NA	                       NA	
  10/10/1933	     34 34	  120 39 W	      38.5	     -28.6	anchored in cove anchorage california coast	                    horta	
  10/10/1933	        NA	        NA	        NA	        NA	                       NA	                       NA	
  11/10/1933	     34 31	  120 32 W	      -8.7	     115.2	at anchor 4mi se of pt arguello lt calif	                     bali	
  11/10/1933	        NA	        NA	        NA	        NA	                       NA	                       NA	
  12/10/1933	   34 31 N	  120 32 W	      -8.7	     115.2	     point conception cal	                     nice	
  12/10/1933	        NA	        NA	        NA	        NA	                       NA	                       NA	
  13/10/1933	   35 07 N	  121 05 W	      -8.7	     115.2	at anchor 5 mi nw of pt conception calif	                     nice	
  13/10/1933	        NA	        NA	        NA	        NA	                       NA	                       NA	
  14/10/1933	        NA	        NA	      33.8	    -118.2	underway from working grounds to long beach calif	               long beach	
  14/10/1933	        NA	        NA	        NA	        NA	                       NA	                       NA	
  15/10/1933	        NA	        NA	      33.8	    -118.2	         long beach calif	               long beach	
  15/10/1933	        NA	        NA	        NA	        NA	                       NA	                       NA	
  16/10/1933	        NA	        NA	      33.8	    -118.2	alongside cadwallader gibson dock long beach california	               long beach	
  16/10/1933	        NA	        NA	        NA	        NA	                       NA	                       NA	
  17/10/1933	   34 29 N	  120 32 W	      41.1	      37.3	underway to working grounds	                     unye	
  17/10/1933	        NA	        NA	        NA	        NA	                       NA	                       NA	
  18/10/1933	   34 26 N	  120 46 W	      43.7	       7.2	     point conception cal	                     nice	
  18/10/1933	        NA	        NA	        NA	        NA	                       NA	                       NA	
  19/10/1933	   34 26 N	  120 37 W	      43.7	       7.2	anchored 3 miles nw of pt conception	                     nice	
  19/10/1933	        NA	        NA	        NA	        NA	                       NA	                       NA	
  20/10/1933	   34 53 N	  120 39 W	      -8.7	     115.2	     point conception cal	                     nice	
  20/10/1933	        NA	        NA	        NA	        NA	                       NA	                       NA	
  21/10/1933	        NA	        NA	      33.8	    -118.2	alongside pier 1 long beach california	               long beach	
  21/10/1933	        NA	        NA	        NA	        NA	                       NA	                       NA	
  22/10/1933	        NA	        NA	      33.8	    -118.2	alongside pier 1 long beach california	               long beach	
  22/10/1933	        NA	        NA	        NA	        NA	                       NA	                       NA	
  23/10/1933	        NA	        NA	      33.8	    -118.2	alongside pier 1 long beach california	               long beach	
  23/10/1933	        NA	        NA	        NA	        NA	                       NA	                       NA	
  24/10/1933	   32 47 N	  118 25 W	      -8.7	     115.2	anchored in pyramid cove san clemente id calif	                     bali	
  24/10/1933	        NA	        NA	        NA	        NA	                       NA	                       NA	
  25/10/1933	   32 03 N	  118 34 W	      -8.7	     115.2	anchored pyramid cove san clemente id cal	                     bali	
  25/10/1933	        NA	        NA	        NA	        NA	                       NA	                       NA	
  26/10/1933	     32 59	  118 29 W	        NA	        NA	anchored in wilsons cove san clemente id	                       NA	
  26/10/1933	        NA	        NA	        NA	        NA	                       NA	                       NA	
  27/10/1933	   33 01 N	  118 30 W	        NA	        NA	anchored in wilsons cove san clemente id	                       NA	
  27/10/1933	        NA	        NA	        NA	        NA	                       NA	                       NA	
  28/10/1933	        NA	        NA	      33.8	    -118.2	alongside pier 1 long beach california	               long beach	
  28/10/1933	        NA	        NA	        NA	        NA	                       NA	                       NA	
  29/10/1933	        NA	        NA	      33.8	    -118.2	alongside wharf standard gypsum co long beach calif	               long beach	
  29/10/1933	        NA	        NA	        NA	        NA	                       NA	                       NA	
  30/10/1933	        NA	        NA	      33.8	    -118.2	alongside standard gypsum co dock long beach calif	               long beach	
  30/10/1933	        NA	        NA	        NA	        NA	                       NA	                       NA	
  31/10/1933	   33 05 N	  118 40 W	        NA	        NA	anchored in wilson cove san clemente id	                       NA	
  31/10/1933	        NA	        NA	        NA	        NA	                       NA	                       NA	
  01/11/1933	     32 53	  118 33 W	      -8.7	     115.2	anchored in pyramid cove san clemente id calif	                     bali	
  01/11/1933	        NA	        NA	        NA	        NA	                       NA	                       NA	
  01/11/1933	     32 53	  118 33 W	      -8.7	     115.2	pyramid cove san clemente id calif	                     bali	
  01/11/1933	        NA	        NA	        NA	        NA	                       NA	                       NA	
  02/11/1933	   33 03 N	  118 41 W	      54.2	      16.7	anchored in north west harbor san clemente island	              lost harbor	
  02/11/1933	        NA	        NA	        NA	        NA	                       NA	                       NA	
  03/11/1933	        NA	        NA	      33.8	    -118.2	alongside pier 1 long beach california	               long beach	
  03/11/1933	        NA	        NA	        NA	        NA	                       NA	                       NA	
  04/11/1933	        NA	        NA	      33.8	    -118.2	alongside pier 1 long beach california	               long beach	
  04/11/1933	        NA	        NA	        NA	        NA	                       NA	                       NA	
  05/11/1933	        NA	        NA	      33.8	    -118.2	alongside pier 1 long beach california	               long beach	
  05/11/1933	        NA	        NA	        NA	        NA	                       NA	                       NA	
  06/11/1933	        NA	        NA	      33.8	    -118.2	alongside standard gypsum dock long beach california	               long beach	
  06/11/1933	        NA	        NA	        NA	        NA	                       NA	                       NA	
  07/11/1933	        NA	        NA	      33.8	    -118.2	gypsum plant dock long beach cal	               long beach	
  07/11/1933	        NA	        NA	        NA	        NA	                       NA	                       NA	
  08/11/1933	     33 55	  120 00 W	      33.8	    -118.2	long beach to santa cruz id cal	               long beach	
  08/11/1933	        NA	        NA	        NA	        NA	                       NA	                       NA	
  09/11/1933	     34 01	  119 32 W	      38.5	      -1.5	valley anchorage santa cruz i calif	                    t i c	
  09/11/1933	        NA	        NA	        NA	        NA	                       NA	                       NA	
  10/11/1933	   33 29 N	  119 01 W	      38.5	      -1.5	valley anchorage santa cruz i calif	                    t i c	
  10/11/1933	        NA	        NA	        NA	        NA	                       NA	                       NA	
  11/11/1933	   33 51 N	  119 38 W	       6.5	       3.4	alamos anchorage santa cruz i calif	                    lagos	
  11/11/1933	        NA	        NA	        NA	        NA	                       NA	                       NA	
  12/11/1933	     33 50	  119 38 W	      -8.7	       3.4	alamos anchorage santa cruz il calif	                    lagos	
  12/11/1933	        NA	        NA	        NA	        NA	                       NA	                       NA	
  13/11/1933	   33 52 N	  119 40 W	      -8.7	     115.2	    san nicholas id calif	                     nice	
  13/11/1933	        NA	        NA	        NA	        NA	                       NA	                       NA	
  14/11/1933	   33 52 N	  119 40 W	      -8.7	     -28.6	4 mi e of valley anchorage santa cruz il	                     bali	
  14/11/1933	        NA	        NA	        NA	        NA	                       NA	                       NA	
  15/11/1933	   33 51 N	  119 39 W	      -8.7	     -28.6	      santa cruz id calif	                     bali	
  15/11/1933	        NA	        NA	        NA	        NA	                       NA	                       NA	
  16/11/1933	     33 58	  119 38 W	      -8.7	     -28.6	      santa cruz id calif	                     bali	
  16/11/1933	        NA	        NA	        NA	        NA	                       NA	                       NA	
  17/11/1933	   33 58 N	  119 32 W	      30.5	      47.9	santa barbara id lt calif	                    basra	
  17/11/1933	        NA	        NA	        NA	        NA	                       NA	                       NA	
  18/11/1933	        NA	        NA	      33.8	    -118.2	alongside gypsum dock long beach california	               long beach	
  18/11/1933	        NA	        NA	        NA	        NA	                       NA	                       NA	
  19/11/1933	        NA	        NA	      33.8	    -118.2	alongside gypsum dock long beach california	               long beach	
  19/11/1933	        NA	        NA	        NA	        NA	                       NA	                       NA	
  20/11/1933	        NA	        NA	      33.8	    -118.2	alongside gypsum dock long beach california	               long beach	
  20/11/1933	        NA	        NA	        NA	        NA	                       NA	                       NA	
  21/11/1933	   32 52 N	  118 33 W	      -8.7	     115.2	pyramid cove san clemente id calif	                     bali	
  21/11/1933	        NA	        NA	        NA	        NA	                       NA	                       NA	
  22/11/1933	     32 45	  118 24 W	      -8.7	     115.2	anchored in pyramid cove san clemente id cal	                     bali	
  22/11/1933	        NA	        NA	        NA	        NA	                       NA	                       NA	
  23/11/1933	   32 44 N	  118 23 W	      -8.7	     115.2	anchored in pyramid cove san clemente id cal	                     bali	
  23/11/1933	        NA	        NA	        NA	        NA	                       NA	                       NA	
  24/11/1933	     32 46	  118 28 W	      -8.7	     115.2	anchored in pyramid cove san clemente id cal	                     bali	
  24/11/1933	        NA	        NA	        NA	        NA	                       NA	                       NA	
  25/11/1933	        NA	        NA	      33.8	    -118.2	alongside gypsum co wharf long beach california	               long beach	
  25/11/1933	        NA	        NA	        NA	        NA	                       NA	                       NA	
  26/11/1933	        NA	        NA	      33.8	    -118.2	gypsum plant dock long beach cal	               long beach	
  26/11/1933	        NA	        NA	        NA	        NA	                       NA	                       NA	
  27/11/1933	        NA	        NA	      33.8	    -118.2	alongside standard gypsum co wharf long beach california	               long beach	
  27/11/1933	        NA	        NA	        NA	        NA	                       NA	                       NA	
  28/11/1933	        NA	        NA	      33.8	    -118.2	gypsum plant dock long beach cal	               long beach	
  28/11/1933	        NA	        NA	        NA	        NA	                       NA	                       NA	
  29/11/1933	        NA	        NA	      33.8	    -118.2	alongside standard gypsum co wharf long beach california	               long beach	
  29/11/1933	        NA	        NA	        NA	        NA	                       NA	                       NA	
  30/11/1933	        NA	        NA	      33.8	    -118.2	gypsum plant dock long beach cal	               long beach	
  30/11/1933	        NA	        NA	        NA	        NA	                       NA	                       NA	
  01/12/1933	        NA	        NA	      33.8	    -118.2	alongside standard gypsum co wharf long beach california	               long beach	
  01/12/1933	        NA	        NA	        NA	        NA	                       NA	                       NA	
  02/12/1933	        NA	        NA	      33.8	    -118.2	alongside standard gypsum co wharf long beach california	               long beach	
  02/12/1933	        NA	        NA	        NA	        NA	                       NA	                       NA	
  03/12/1933	        NA	        NA	      33.8	    -118.2	alongside standard gypsum co wharf long beach california	               long beach	
  03/12/1933	        NA	        NA	        NA	        NA	                       NA	                       NA	
  04/12/1933	        NA	        NA	      33.8	    -118.2	alongside standard gypsum co wharf long beach california	               long beach	
  04/12/1933	        NA	        NA	        NA	        NA	                       NA	                       NA	
  05/12/1933	   34 30 N	  120 46 W	      33.8	    -118.2	long beach for coxo anch calif	               long beach	
  05/12/1933	        NA	        NA	        NA	        NA	                       NA	                       NA	
  06/12/1933	   34 32 N	  120 40 W	      38.5	     -28.6	coxo anchorage pt conception calif	                    horta	
  06/12/1933	        NA	        NA	        NA	        NA	                       NA	                       NA	
  07/12/1933	        NA	        NA	      33.8	    -118.2	alongside pier 1 long beach california	               long beach	
  07/12/1933	        NA	        NA	        NA	        NA	                       NA	                       NA	
  08/12/1933	   33 38 N	  118 16 W	      33.8	    -118.2	alongside pier 1 long beach california	               long beach	
  08/12/1933	        NA	        NA	        NA	        NA	                       NA	                       NA	
  09/12/1933	        NA	        NA	      33.8	    -118.2	alongside pier 1 long beach california	               long beach	
  09/12/1933	        NA	        NA	        NA	        NA	                       NA	                       NA	
  10/12/1933	        NA	        NA	      33.8	    -118.2	gypsum plant dock long beach cal	               long beach	
  10/12/1933	        NA	        NA	        NA	        NA	                       NA	                       NA	
  11/12/1933	     33 44	  118 14 W	      33.8	    -118.2	gypsum plant dock long beach cal	               long beach	
  11/12/1933	        NA	        NA	        NA	        NA	                       NA	                       NA	
  12/12/1933	   34 29 N	  120 31 W	      43.7	       7.2	         pt conception lt	                     nice	
  12/12/1933	        NA	        NA	        NA	        NA	                       NA	                       NA	
  13/12/1933	     34 28	  120 35 W	      43.7	       7.2	     point conception cal	                     nice	
  13/12/1933	        NA	        NA	        NA	        NA	                       NA	                       NA	
  14/12/1933	   34 31 N	  120 39 W	      43.7	       7.2	     point conception cal	                     nice	
  14/12/1933	        NA	        NA	        NA	        NA	                       NA	                       NA	
  15/12/1933	   34 28 N	  120 30 W	      38.5	     -28.6	     coxo anchorage calif	                    horta	
  15/12/1933	        NA	        NA	        NA	        NA	                       NA	                       NA	
  16/12/1933	        NA	        NA	      33.8	    -118.2	point conception to long beach cal	               long beach	
  16/12/1933	        NA	        NA	        NA	        NA	                       NA	                       NA	
  17/12/1933	        NA	        NA	      33.8	    -118.2	alongside std gypsum co wharf long beach california	               long beach	
  17/12/1933	        NA	        NA	        NA	        NA	                       NA	                       NA	
  18/12/1933	        NA	        NA	      33.8	    -118.2	alongside std gypsum plant long beach california	               long beach	
  19/12/1933	   34 17 N	  120 32 W	      43.7	       7.2	underway to working grds n of pt conception cal	                     unye	
  20/12/1933	   34 29 N	  120 30 W	      -8.7	     115.2	6 mi nw of pt conception calif	                     bali	
  20/12/1933	        NA	        NA	        NA	        NA	                       NA	                       NA	
  21/12/1933	   34 31 N	  120 34 W	      43.7	       7.2	7mi nw pt conception lt cal coast	                     nice	
  21/12/1933	        NA	        NA	        NA	        NA	                       NA	                       NA	
  22/12/1933	        NA	        NA	      33.8	    -118.2	underway to long beach california	               long beach	
  23/12/1933	        NA	        NA	      33.8	    -118.2	alongside std gypsum co wharf long beach california	               long beach	
  23/12/1933	        NA	        NA	        NA	        NA	                       NA	                       NA	
  24/12/1933	        NA	        NA	      33.8	    -118.2	alongside std gypsum co wharf long beach california	               long beach	
  24/12/1933	        NA	        NA	        NA	        NA	                       NA	                       NA	
  25/12/1933	        NA	        NA	      33.8	    -118.2	alongside std gypsum co wharf long beach california	               long beach	
  25/12/1933	        NA	        NA	        NA	        NA	                       NA	                       NA	
  26/12/1933	        NA	        NA	      33.8	    -118.2	alongside std gypsum co wharf long beach california	               long beach	
  26/12/1933	        NA	        NA	        NA	        NA	                       NA	                       NA	
  27/12/1933	        NA	        NA	      33.8	    -118.2	alongside std gypsum co wharf long beach california	               long beach	
  27/12/1933	        NA	        NA	        NA	        NA	                       NA	                       NA	
  28/12/1933	        NA	        NA	      33.8	    -118.2	alongside std gypsum co wharf long beach california	               long beach	
  28/12/1933	        NA	        NA	        NA	        NA	                       NA	                       NA	
  29/12/1933	        NA	        NA	      33.8	    -118.2	alongside std gypsum co wharf long beach california	               long beach	
  29/12/1933	        NA	        NA	        NA	        NA	                       NA	                       NA	
  30/12/1933	        NA	        NA	      33.8	    -118.2	alongside std gypsum co wharf long beach california	               long beach	
  30/12/1933	        NA	        NA	        NA	        NA	                       NA	                       NA	
  31/12/1933	        NA	        NA	      33.8	    -118.2	alongside std gypsum co wharf long beach california	               long beach	
  31/12/1933	        NA	        NA	        NA	        NA	                       NA	                       NA	
  31/12/1933	        NA	        NA	        NA	        NA	                       NA	                       NA	
  31/12/1933	        NA	        NA	        NA	        NA	                       NA	                       NA	
  31/12/1933	        NA	        NA	        NA	        NA	                       NA	                       NA	
  31/12/1933	        NA	        NA	        NA	        NA	                       NA	                       NA	
  31/12/1933	        NA	        NA	        NA	        NA	                       NA	                       NA	
  31/12/1933	        NA	        NA	        NA	        NA	                       NA	                       NA	
  31/12/1933	        NA	        NA	        NA	        NA	                       NA	                       NA	
  31/12/1933	        NA	        NA	        NA	        NA	                       NA	                       NA	
  31/12/1933	        NA	        NA	        NA	        NA	                       NA	                       NA	
  31/12/1933	        NA	        NA	        NA	        NA	                       NA	                       NA	
  31/12/1933	        NA	        NA	        NA	        NA	                       NA	                       NA	
  31/12/1933	        NA	        NA	        NA	        NA	                       NA	                       NA	
