  01/01/1934	        NA	        NA	      33.8	    -118.2	alongside standard gypsum co wharf long beach california	               long beach	
  01/01/1934	        NA	        NA	        NA	        NA	                       NA	                       NA	
  02/01/1934	        NA	        NA	      33.8	    -118.2	alongside standard gypsum co wharf long beach california	               long beach	
  02/01/1934	        NA	        NA	        NA	        NA	                       NA	                       NA	
  03/01/1934	        NA	        NA	      33.8	    -118.2	alongside standard gypsum co wharf long beach california	               long beach	
  03/01/1934	        NA	        NA	        NA	        NA	                       NA	                       NA	
  04/01/1934	     32 46	  118 21 W	      21.5	     109.1	anchored 1 mi e of china pt san clemente id calif	                    china	
  04/01/1934	        NA	        NA	        NA	        NA	                       NA	                       NA	
  05/01/1934	   32 57 N	  118 26 W	      -8.7	     115.2	anchored in wilson cove san clemente id calif	                     bali	
  05/01/1934	        NA	        NA	        NA	        NA	                       NA	                       NA	
  06/01/1934	   32 57 N	  118 22 W	      33.8	    -118.2	gypsum plant dock long beach cal	               long beach	
  06/01/1934	        NA	        NA	        NA	        NA	                       NA	                       NA	
  07/01/1934	        NA	        NA	      33.8	    -118.2	alongside standard gypsum co wharf long beach california	               long beach	
  07/01/1934	        NA	        NA	        NA	        NA	                       NA	                       NA	
  08/01/1934	        NA	        NA	      33.8	    -118.2	alongside municipal pier 1 long beach california	               long beach	
  08/01/1934	        NA	        NA	        NA	        NA	                       NA	                       NA	
  09/01/1934	        NA	        NA	      33.8	    -118.2	alongside cadwallaha  gibson lumber dock long beach california	               long beach	
  09/01/1934	        NA	        NA	        NA	        NA	                       NA	                       NA	
  10/01/1934	        NA	        NA	      33.8	    -118.2	alongside pier 1 long beach california	               long beach	
  10/01/1934	        NA	        NA	        NA	        NA	                       NA	                       NA	
  11/01/1934	        NA	        NA	      33.8	    -118.2	alongside pier 1 no 1 berth 48 long beach california	               long beach	
  11/01/1934	        NA	        NA	        NA	        NA	                       NA	                       NA	
  12/01/1934	        NA	        NA	      33.8	    -118.2	alongside standard gypsum co dock long beach california	               long beach	
  12/01/1934	        NA	        NA	        NA	        NA	                       NA	                       NA	
  13/01/1934	        NA	        NA	      33.8	    -118.2	alongside standard gypsum co dock long beach california	               long beach	
  13/01/1934	        NA	        NA	        NA	        NA	                       NA	                       NA	
  14/01/1934	        NA	        NA	      33.8	    -118.2	gypsum plant dock long beach cal	               long beach	
  14/01/1934	        NA	        NA	        NA	        NA	                       NA	                       NA	
  15/01/1934	        NA	        NA	      33.8	    -118.2	alongside standard gypsum co wharf long beach california	               long beach	
  15/01/1934	        NA	        NA	        NA	        NA	                       NA	                       NA	
  16/01/1934	        NA	        NA	      33.8	    -118.2	alongside standard gypsum co wharf long beach california	               long beach	
  16/01/1934	        NA	        NA	        NA	        NA	                       NA	                       NA	
  17/01/1934	        NA	        NA	      33.8	    -118.2	gypsum plant dock long beach cal	               long beach	
  17/01/1934	        NA	        NA	        NA	        NA	                       NA	                       NA	
  18/01/1934	        NA	        NA	      33.8	    -118.2	alongside standard gypsum co wharf long beach california	               long beach	
  18/01/1934	        NA	        NA	        NA	        NA	                       NA	                       NA	
  19/01/1934	        NA	        NA	      33.8	    -118.2	alongside standard gypsum co wharf long beach california	               long beach	
  19/01/1934	        NA	        NA	        NA	        NA	                       NA	                       NA	
  19/01/1934	        NA	        NA	        NA	        NA	                       NA	                       NA	
  19/01/1934	        NA	        NA	        NA	        NA	                       NA	                       NA	
  20/01/1934	        NA	        NA	      33.8	    -118.2	alongside standard gypsum co wharf long beach california	               long beach	
  20/01/1934	        NA	        NA	        NA	        NA	                       NA	                       NA	
  21/01/1934	        NA	        NA	      33.8	    -118.2	gypsum plant dock long beach cal	               long beach	
  21/01/1934	        NA	        NA	        NA	        NA	                       NA	                       NA	
  22/01/1934	   33 54 N	  118 21 W	      33.8	    -118.2	    long beach california	               long beach	
  22/01/1934	        NA	        NA	        NA	        NA	                       NA	                       NA	
  23/01/1934	   34 32 N	  120 35 W	      41.1	      37.3	underway to working ground	                     unye	
  23/01/1934	        NA	        NA	        NA	        NA	                       NA	                       NA	
  24/01/1934	     34 31	  120 44 W	      35.4	      -4.9	       point arguello cal	              point targa	
  24/01/1934	        NA	        NA	        NA	        NA	                       NA	                       NA	
  25/01/1934	   34 32 N	  120 35 W	      35.4	      -4.9	       point arguello cal	              point targa	
  25/01/1934	        NA	        NA	        NA	        NA	                       NA	                       NA	
  26/01/1934	   34 48 N	  120 42 W	      35.4	      -4.9	           pt arguello lt	              point targa	
  26/01/1934	        NA	        NA	        NA	        NA	                       NA	                       NA	
  27/01/1934	     34 42	  120 43 W	      -8.7	      -4.9	at anchor 4 miles ese of pt arguello calif	              point targa	
  27/01/1934	        NA	        NA	        NA	        NA	                       NA	                       NA	
  28/01/1934	   34 38 N	  120 46 W	      35.4	      -4.9	       point arguello cal	              point targa	
  28/01/1934	        NA	        NA	        NA	        NA	                       NA	                       NA	
  29/01/1934	   34 33 N	  120 40 W	      -8.7	     115.2	anchored 1 mile w surf calif	                     bali	
  29/01/1934	        NA	        NA	        NA	        NA	                       NA	                       NA	
  30/01/1934	     34 40	  120 38 W	      -8.7	     115.2	55mi nw of pt conception calif	                     nice	
  30/01/1934	        NA	        NA	        NA	        NA	                       NA	                       NA	
  31/01/1934	   34 36 N	  120 40 W	      -8.7	      -4.9	4 mi ese of pt arguello calif	              point targa	
  31/01/1934	        NA	        NA	        NA	        NA	                       NA	                       NA	
  01/02/1934	        NA	        NA	      33.8	    -118.2	alongside standard gypsum co wharf long beach california	               long beach	
  02/02/1934	        NA	        NA	      33.8	    -118.2	alongside standard gypsum co wharf long beach california	               long beach	
  02/02/1934	        NA	        NA	        NA	        NA	                       NA	                       NA	
  03/02/1934	        NA	        NA	      33.8	    -118.2	alongside standard gypsum co wharf long beach california	               long beach	
  03/02/1934	        NA	        NA	        NA	        NA	                       NA	                       NA	
  04/02/1934	        NA	        NA	      33.8	    -118.2	alongside standard gypsum co wharf long beach california	               long beach	
  04/02/1934	        NA	        NA	        NA	        NA	                       NA	                       NA	
  05/02/1934	        NA	        NA	      33.8	    -118.2	gypsum plant dock long beach cal	               long beach	
  05/02/1934	        NA	        NA	        NA	        NA	                       NA	                       NA	
  06/02/1934	        NA	        NA	      33.8	    -118.2	alongside gypsum dock long beach california	               long beach	
  06/02/1934	        NA	        NA	        NA	        NA	                       NA	                       NA	
  07/02/1934	        NA	        NA	      33.8	    -118.2	gypsum plant dock long beach cal	               long beach	
  07/02/1934	        NA	        NA	        NA	        NA	                       NA	                       NA	
  08/02/1934	   36 01 N	  121 43 W	      33.8	    -118.2	underway long beach cal to seattle wash	               long beach	
  08/02/1934	        NA	        NA	        NA	        NA	                       NA	                       NA	
  09/02/1934	   39 49 N	  124 02 W	      33.8	    -118.2	underway long beach cal to seattle washington	               long beach	
  09/02/1934	        NA	        NA	        NA	        NA	                       NA	                       NA	
  10/02/1934	     44 10	  124 29 W	      33.8	    -118.2	underway long beach to seattle washington	               long beach	
  10/02/1934	        NA	        NA	        NA	        NA	                       NA	                       NA	
  11/02/1934	   48 25 N	  124 19 W	      33.8	    -118.2	underway long beach to seattle washington	               long beach	
  11/02/1934	        NA	        NA	        NA	        NA	                       NA	                       NA	
  12/02/1934	        NA	        NA	        NA	        NA	                       NA	                       NA	
  13/02/1934	        NA	        NA	      47.6	    -122.3	alongside bell street dock seattle washington	                  seattle	
  13/02/1934	        NA	        NA	        NA	        NA	                       NA	                       NA	
  14/02/1934	        NA	        NA	      47.6	    -122.3	alongside bell street dock seattle washington	                  seattle	
  14/02/1934	        NA	        NA	        NA	        NA	                       NA	                       NA	
  15/02/1934	        NA	        NA	      47.6	    -122.5	winslow shipyard winslow washington	                  winslow	
  15/02/1934	        NA	        NA	        NA	        NA	                       NA	                       NA	
  16/02/1934	        NA	        NA	      47.6	    -122.5	winslow shipyard bainbridge i washington	                  winslow	
  16/02/1934	        NA	        NA	        NA	        NA	                       NA	                       NA	
  17/02/1934	        NA	        NA	        NA	        NA	                       NA	                       NA	
  18/02/1934	        NA	        NA	      47.6	    -122.5	winslaw shipyard bainbridge island washington	                  winslow	
  18/02/1934	        NA	        NA	        NA	        NA	                       NA	                       NA	
  19/02/1934	        NA	        NA	      47.6	    -122.5	winslow shipyard wharf winslow wash	                  winslow	
  19/02/1934	        NA	        NA	        NA	        NA	                       NA	                       NA	
  21/02/1934	        NA	        NA	        NA	        NA	                       NA	                       NA	
  22/02/1934	        NA	        NA	      47.6	    -122.5	winslow shipyard wharf winslow wash	                  winslow	
  22/02/1934	        NA	        NA	        NA	        NA	                       NA	                       NA	
  23/02/1934	        NA	        NA	        NA	        NA	                       NA	                       NA	
  24/02/1934	        NA	        NA	      47.6	    -122.5	winslaw shipyard bainbridge island washington	                  winslow	
  24/02/1934	        NA	        NA	        NA	        NA	                       NA	                       NA	
  25/02/1934	        NA	        NA	      47.6	    -122.5	winslaw shipyard bainbridge island washington	                  winslow	
  25/02/1934	        NA	        NA	        NA	        NA	                       NA	                       NA	
  26/02/1934	        NA	        NA	        NA	        NA	                       NA	                       NA	
  27/02/1934	        NA	        NA	      47.6	    -122.5	winslaw shipyard bainbridge island washington	                  winslow	
  27/02/1934	        NA	        NA	        NA	        NA	                       NA	                       NA	
  28/02/1934	        NA	        NA	      47.6	    -122.5	       winslow washington	                  winslow	
  28/02/1934	        NA	        NA	        NA	        NA	                       NA	                       NA	
  01/03/1934	        NA	        NA	      47.6	    -122.5	       winslow washington	                  winslow	
  01/03/1934	        NA	        NA	        NA	        NA	                       NA	                       NA	
  02/03/1934	        NA	        NA	        NA	        NA	                       NA	                       NA	
  03/03/1934	        NA	        NA	      47.6	    -122.5	             winslow wash	                  winslow	
  03/03/1934	        NA	        NA	        NA	        NA	                       NA	                       NA	
  04/03/1934	        NA	        NA	      47.6	    -122.5	winslow ship building co dock winslow	                  winslow	
  04/03/1934	        NA	        NA	        NA	        NA	                       NA	                       NA	
  05/03/1934	        NA	        NA	      47.6	    -122.5	winslow shipyard wharf winslow	                  winslow	
  05/03/1934	        NA	        NA	        NA	        NA	                       NA	                       NA	
  06/03/1934	        NA	        NA	      47.6	    -122.5	winslow shipyard wharf bainbridge i	                  winslow	
  06/03/1934	        NA	        NA	        NA	        NA	                       NA	                       NA	
  07/03/1934	        NA	        NA	      47.6	    -122.5	winslow shipyard wharf winslow	                  winslow	
  07/03/1934	        NA	        NA	        NA	        NA	                       NA	                       NA	
  08/03/1934	        NA	        NA	      47.6	    -122.5	             winslow wash	                  winslow	
  08/03/1934	        NA	        NA	        NA	        NA	                       NA	                       NA	
  09/03/1934	        NA	        NA	      47.6	    -122.5	winslow shipyard wharf winslow	                  winslow	
  09/03/1934	        NA	        NA	        NA	        NA	                       NA	                       NA	
  10/03/1934	        NA	        NA	      47.6	    -122.5	winslow shipyard wharf bainbridge i	                  winslow	
  10/03/1934	        NA	        NA	        NA	        NA	                       NA	                       NA	
  11/03/1934	        NA	        NA	      47.6	    -122.5	winslow shipyard wharf winslow	                  winslow	
  11/03/1934	        NA	        NA	        NA	        NA	                       NA	                       NA	
  12/03/1934	        NA	        NA	      47.6	    -122.5	winslow shipyard dock winslow	                  winslow	
  12/03/1934	        NA	        NA	        NA	        NA	                       NA	                       NA	
  13/03/1934	        NA	        NA	      47.6	    -122.5	 winslow shipyard winslow	                  winslow	
  13/03/1934	        NA	        NA	        NA	        NA	                       NA	                       NA	
  14/03/1934	        NA	        NA	      47.6	    -122.5	winslow shipyard wharf bainbridge i	                  winslow	
  14/03/1934	        NA	        NA	        NA	        NA	                       NA	                       NA	
  15/03/1934	        NA	        NA	      47.6	    -122.5	winslow shipyard wharf winslow	                  winslow	
  15/03/1934	        NA	        NA	        NA	        NA	                       NA	                       NA	
  16/03/1934	        NA	        NA	      47.6	    -122.5	winslow ship building co dock winslow	                  winslow	
  16/03/1934	        NA	        NA	        NA	        NA	                       NA	                       NA	
  17/03/1934	        NA	        NA	      47.6	    -122.5	winslow shipyard wharf winslow	                  winslow	
  17/03/1934	        NA	        NA	        NA	        NA	                       NA	                       NA	
  18/03/1934	        NA	        NA	      47.6	    -122.5	winslow shipyard wharf bainbridge i	                  winslow	
  18/03/1934	        NA	        NA	        NA	        NA	                       NA	                       NA	
  19/03/1934	        NA	        NA	      47.6	    -122.5	 winslow shipyard winslow	                  winslow	
  19/03/1934	        NA	        NA	        NA	        NA	                       NA	                       NA	
  20/03/1934	        NA	        NA	      47.6	    -122.5	 winslow shipyard winslow	                  winslow	
  20/03/1934	        NA	        NA	        NA	        NA	                       NA	                       NA	
  21/03/1934	        NA	        NA	      47.6	    -122.5	winslow ship building co winslow	                  winslow	
  21/03/1934	        NA	        NA	        NA	        NA	                       NA	                       NA	
  22/03/1934	        NA	        NA	      47.6	    -122.5	winslow shipyard wharf winslow	                  winslow	
  22/03/1934	        NA	        NA	        NA	        NA	                       NA	                       NA	
  23/03/1934	        NA	        NA	      47.6	    -122.5	 winslow shipyard winslow	                  winslow	
  23/03/1934	        NA	        NA	        NA	        NA	                       NA	                       NA	
  24/03/1934	        NA	        NA	      47.6	    -122.5	winslow shipyard dock winslow	                  winslow	
  24/03/1934	        NA	        NA	        NA	        NA	                       NA	                       NA	
  25/03/1934	        NA	        NA	      47.6	    -122.5	wharf winslow shipyard winslow wash	                  winslow	
  25/03/1934	        NA	        NA	        NA	        NA	                       NA	                       NA	
  26/03/1934	        NA	        NA	      47.6	    -122.5	winslow shipyard wharf winslow washington	                  winslow	
  26/03/1934	        NA	        NA	        NA	        NA	                       NA	                       NA	
  27/03/1934	        NA	        NA	      47.6	    -122.5	alongside dock at winslow shipyard winslow wn	                  winslow	
  27/03/1934	        NA	        NA	        NA	        NA	                       NA	                       NA	
  28/03/1934	        NA	        NA	      47.6	    -122.5	             winslow wash	                  winslow	
  28/03/1934	        NA	        NA	        NA	        NA	                       NA	                       NA	
  29/03/1934	        NA	        NA	      47.6	    -122.3	       seattle washington	                  seattle	
  29/03/1934	        NA	        NA	        NA	        NA	                       NA	                       NA	
  30/03/1934	        NA	        NA	      47.6	    -122.3	       seattle washington	                  seattle	
  30/03/1934	        NA	        NA	        NA	        NA	                       NA	                       NA	
  31/03/1934	        NA	        NA	      47.6	    -122.3	alongside ables dock lake union seattle wn	                  seattle	
  31/03/1934	        NA	        NA	        NA	        NA	                       NA	                       NA	
  31/03/1934	        NA	        NA	        NA	        NA	                       NA	                       NA	
  31/03/1934	        NA	        NA	        NA	        NA	                       NA	                       NA	
  31/03/1934	        NA	        NA	        NA	        NA	                       NA	                       NA	
  31/03/1934	        NA	        NA	        NA	        NA	                       NA	                       NA	
  31/03/1934	        NA	        NA	        NA	        NA	                       NA	                       NA	
  31/03/1934	        NA	        NA	        NA	        NA	                       NA	                       NA	
  31/03/1934	        NA	        NA	        NA	        NA	                       NA	                       NA	
  31/03/1934	        NA	        NA	        NA	        NA	                       NA	                       NA	
  31/03/1934	        NA	        NA	        NA	        NA	                       NA	                       NA	
  31/03/1934	        NA	        NA	        NA	        NA	                       NA	                       NA	
  31/03/1934	        NA	        NA	        NA	        NA	                       NA	                       NA	
  31/03/1934	        NA	        NA	        NA	        NA	                       NA	                       NA	
  01/04/1934	        NA	        NA	      47.6	    -122.3	alongside abel dock lake union seattle wash	                  seattle	
  01/04/1934	        NA	        NA	        NA	        NA	                       NA	                       NA	
  02/04/1934	        NA	        NA	      47.6	    -122.3	alongside white wharf lake union seattle wash	                  seattle	
  02/04/1934	        NA	        NA	        NA	        NA	                       NA	                       NA	
  03/04/1934	        NA	        NA	      47.6	    -122.3	alongside abel wharf lake union seattle washington	                  seattle	
  03/04/1934	        NA	        NA	        NA	        NA	                       NA	                       NA	
  04/04/1934	        NA	        NA	      47.6	    -122.3	alongside wharf at lake union shipbuilding co lake union seattle wn	                  seattle	
  04/04/1934	        NA	        NA	        NA	        NA	                       NA	                       NA	
  05/04/1934	        NA	        NA	      47.6	    -122.3	       seattle washington	                  seattle	
  05/04/1934	        NA	        NA	        NA	        NA	                       NA	                       NA	
  06/04/1934	        NA	        NA	      47.6	    -122.3	       seattle washington	                  seattle	
  06/04/1934	        NA	        NA	        NA	        NA	                       NA	                       NA	
  07/04/1934	        NA	        NA	      47.6	    -122.3	       seattle washington	                  seattle	
  07/04/1934	        NA	        NA	        NA	        NA	                       NA	                       NA	
  08/04/1934	        NA	        NA	      47.6	    -122.3	       seattle washington	                  seattle	
  08/04/1934	        NA	        NA	        NA	        NA	                       NA	                       NA	
  09/04/1934	        NA	        NA	      47.6	    -122.3	    lake union seattle wn	                  seattle	
  09/04/1934	        NA	        NA	        NA	        NA	                       NA	                       NA	
  10/04/1934	        NA	        NA	      47.6	    -122.3	       seattle washington	                  seattle	
  10/04/1934	        NA	        NA	        NA	        NA	                       NA	                       NA	
  11/04/1934	        NA	        NA	      47.6	    -122.3	       seattle washington	                  seattle	
  11/04/1934	        NA	        NA	        NA	        NA	                       NA	                       NA	
  12/04/1934	        NA	        NA	      47.6	    -122.3	    lake union seattle wn	                  seattle	
  12/04/1934	        NA	        NA	        NA	        NA	                       NA	                       NA	
  13/04/1934	        NA	        NA	      47.6	    -122.3	    lake union seattle wn	                  seattle	
  13/04/1934	        NA	        NA	        NA	        NA	                       NA	                       NA	
  14/04/1934	        NA	        NA	      47.6	    -122.3	       seattle washington	                  seattle	
  14/04/1934	        NA	        NA	        NA	        NA	                       NA	                       NA	
  15/04/1934	        NA	        NA	      47.6	    -122.3	       seattle washington	                  seattle	
  15/04/1934	        NA	        NA	        NA	        NA	                       NA	                       NA	
  16/04/1934	        NA	        NA	      47.6	    -122.3	       seattle washington	                  seattle	
  16/04/1934	        NA	        NA	        NA	        NA	                       NA	                       NA	
  17/04/1934	        NA	        NA	      47.6	    -122.3	       seattle washington	                  seattle	
  17/04/1934	        NA	        NA	        NA	        NA	                       NA	                       NA	
  28/04/1934	        NA	        NA	        NA	        NA	                       NA	                       NA	
  29/04/1934	        NA	        NA	      47.6	    -122.3	lake union shipyard seattle washington	                  seattle	
  29/04/1934	        NA	        NA	        NA	        NA	                       NA	                       NA	
  30/04/1934	        NA	        NA	      47.6	    -122.3	    lake union seattle wn	                  seattle	
  30/04/1934	        NA	        NA	        NA	        NA	                       NA	                       NA	
  01/05/1934	        NA	        NA	      47.6	    -122.5	dock  winslow shipbuilding co winslow wn	                  winslow	
  01/05/1934	        NA	        NA	        NA	        NA	                       NA	                       NA	
  03/05/1934	   47 55 N	  122 30 W	      47.6	    -122.3	bell st terminal seattle wn	                  seattle	
  03/05/1934	        NA	        NA	        NA	        NA	                       NA	                       NA	
  02/05/1934	        NA	        NA	      47.6	    -122.5	       winslow washington	                  winslow	
  02/05/1934	        NA	        NA	        NA	        NA	                       NA	                       NA	
  04/05/1934	     47 24	  124 39 W	      37.8	    -122.4	 enroute to san francisco	            san francisco	
  04/05/1934	        NA	        NA	        NA	        NA	                       NA	                       NA	
  05/05/1934	   43 52 N	  124 33 W	      37.8	    -122.4	 seattle to san francisco	            san francisco	
  05/05/1934	        NA	        NA	        NA	        NA	                       NA	                       NA	
  06/05/1934	     40 19	  124 54 W	      37.8	    -122.4	 seattle to san francisco	            san francisco	
  06/05/1934	        NA	        NA	        NA	        NA	                       NA	                       NA	
  07/05/1934	        NA	        NA	      37.8	    -122.3	       oakland california	                  oakland	
  07/05/1934	        NA	        NA	        NA	        NA	                       NA	                       NA	
  08/05/1934	   37 40 N	  122 33 W	      37.8	    -122.3	 clay st pier oakland cal	                  oakland	
  08/05/1934	        NA	        NA	        NA	        NA	                       NA	                       NA	
  09/05/1934	     34 02	  119 17 W	      33.8	    -118.2	oakland to long beach cal	               long beach	
  09/05/1934	        NA	        NA	        NA	        NA	                       NA	                       NA	
  10/05/1934	        NA	        NA	      33.8	    -118.2	    long beach california	               long beach	
  10/05/1934	        NA	        NA	        NA	        NA	                       NA	                       NA	
  11/05/1934	        NA	        NA	      33.8	    -118.2	    long beach california	               long beach	
  11/05/1934	        NA	        NA	        NA	        NA	                       NA	                       NA	
  12/05/1934	        NA	        NA	      33.8	    -118.2	    long beach california	               long beach	
  12/05/1934	        NA	        NA	        NA	        NA	                       NA	                       NA	
  13/05/1934	        NA	        NA	      33.8	    -118.2	    long beach california	               long beach	
  13/05/1934	        NA	        NA	        NA	        NA	                       NA	                       NA	
  14/05/1934	        NA	        NA	      33.8	    -118.2	    long beach california	               long beach	
  14/05/1934	        NA	        NA	        NA	        NA	                       NA	                       NA	
  15/05/1934	     32 45	  118 18 W	      -8.7	     115.2	pyramid cove san clemente id calif	                     bali	
  15/05/1934	        NA	        NA	        NA	        NA	                       NA	                       NA	
  16/05/1934	     32 49	  118 19 W	      -8.7	     115.2	pyramid cove san clemente id calif	                     bali	
  16/05/1934	        NA	        NA	        NA	        NA	                       NA	                       NA	
  17/05/1934	     32 59	  118 29 W	      -8.7	     115.2	pyramid cove san clemente id calif	                     bali	
  17/05/1934	        NA	        NA	        NA	        NA	                       NA	                       NA	
  18/05/1934	   33 01 N	  118 39 W	        NA	        NA	wilson cove san clemente i	                       NA	
  18/05/1934	        NA	        NA	        NA	        NA	                       NA	                       NA	
  19/05/1934	        NA	        NA	      33.8	    -118.2	    long beach california	               long beach	
  19/05/1934	        NA	        NA	        NA	        NA	                       NA	                       NA	
  20/05/1934	        NA	        NA	      33.8	    -118.2	    long beach california	               long beach	
  20/05/1934	        NA	        NA	        NA	        NA	                       NA	                       NA	
  21/05/1934	        NA	        NA	      33.8	    -118.2	    long beach california	               long beach	
  21/05/1934	        NA	        NA	        NA	        NA	                       NA	                       NA	
  22/05/1934	   32 45 N	  118 29 W	      -8.7	     115.2	pyramid cove san clemente id calif	                     bali	
  22/05/1934	        NA	        NA	        NA	        NA	                       NA	                       NA	
  23/05/1934	   32 40 N	  118 37 W	      -8.7	     115.2	pyramid cove san clemente id calif	                     bali	
  23/05/1934	        NA	        NA	        NA	        NA	                       NA	                       NA	
  24/05/1934	     32 54	  118 39 W	      -8.7	     115.2	pyramid cove san clemente id calif	                     bali	
  24/05/1934	        NA	        NA	        NA	        NA	                       NA	                       NA	
  25/05/1934	   32 58 N	  118 52 W	      -8.7	     115.2	wilson cove san clemente id calif	                     bali	
  25/05/1934	        NA	        NA	        NA	        NA	                       NA	                       NA	
  26/05/1934	        NA	        NA	      33.8	    -118.2	    long beach california	               long beach	
  26/05/1934	        NA	        NA	        NA	        NA	                       NA	                       NA	
  27/05/1934	        NA	        NA	      33.8	    -118.2	    long beach california	               long beach	
  27/05/1934	        NA	        NA	        NA	        NA	                       NA	                       NA	
  28/05/1934	   33 29 N	  118 17 W	      33.8	    -118.2	    long beach california	               long beach	
  29/05/1934	   33 29 N	  118 31 W	      55.1	    -162.3	dakin cove catalina id calif	                king cove	
  29/05/1934	        NA	        NA	        NA	        NA	                       NA	                       NA	
  30/05/1934	        NA	        NA	      33.8	    -118.2	    long beach california	               long beach	
  30/05/1934	        NA	        NA	        NA	        NA	                       NA	                       NA	
  31/05/1934	        NA	        NA	      33.8	    -118.2	    long beach california	               long beach	
  31/05/1934	        NA	        NA	        NA	        NA	                       NA	                       NA	
  01/06/1934	        NA	        NA	      33.8	    -118.2	    long beach california	               long beach	
  01/06/1934	        NA	        NA	        NA	        NA	                       NA	                       NA	
  02/06/1934	        NA	        NA	      33.8	    -118.2	    long beach california	               long beach	
  02/06/1934	        NA	        NA	        NA	        NA	                       NA	                       NA	
  03/06/1934	        NA	        NA	      33.8	    -118.2	    long beach california	               long beach	
  03/06/1934	        NA	        NA	        NA	        NA	                       NA	                       NA	
  04/06/1934	   33 19 N	  118 12 W	      33.8	    -118.2	    long beach california	               long beach	
  04/06/1934	        NA	        NA	        NA	        NA	                       NA	                       NA	
  05/06/1934	     33 12	  118 14 W	      55.1	    -162.3	dakin cove catalina id calif	                king cove	
  05/06/1934	        NA	        NA	        NA	        NA	                       NA	                       NA	
  06/06/1934	   33 16 N	  118 10 W	      55.1	    -162.3	dakin cove catalina id calif	                king cove	
  06/06/1934	        NA	        NA	        NA	        NA	                       NA	                       NA	
  07/06/1934	   33 17 N	  118 15 W	      35.9	      -5.3	anchored off avalon catalina id calif	                   almina	
  07/06/1934	        NA	        NA	        NA	        NA	                       NA	                       NA	
  08/06/1934	     33 27	  118 27 W	      55.1	    -162.3	anchored in dakin cove catalina i	                king cove	
  08/06/1934	        NA	        NA	        NA	        NA	                       NA	                       NA	
  09/06/1934	        NA	        NA	      33.8	    -118.2	    long beach california	               long beach	
  09/06/1934	        NA	        NA	        NA	        NA	                       NA	                       NA	
  10/06/1934	        NA	        NA	      33.8	    -118.2	    long beach california	               long beach	
  10/06/1934	        NA	        NA	        NA	        NA	                       NA	                       NA	
  11/06/1934	        NA	        NA	      33.8	    -118.2	    long beach california	               long beach	
  11/06/1934	        NA	        NA	        NA	        NA	                       NA	                       NA	
  12/06/1934	        NA	        NA	      33.8	    -118.2	    long beach california	               long beach	
  12/06/1934	        NA	        NA	        NA	        NA	                       NA	                       NA	
  13/06/1934	   33 36 N	  118 31 W	      33.8	    -118.2	   pier  1 long beach cal	               long beach	
  13/06/1934	        NA	        NA	        NA	        NA	                       NA	                       NA	
  14/06/1934	   33 20 N	  118 34 W	      35.9	      -5.3	catalina harbor st catalina i cal	                   almina	
  14/06/1934	        NA	        NA	        NA	        NA	                       NA	                       NA	
  15/06/1934	   33 30 N	  118 32 W	      35.9	      -5.3	at anchor in catalina harbor st catalina id cal	                   almina	
  15/06/1934	        NA	        NA	        NA	        NA	                       NA	                       NA	
  16/06/1934	        NA	        NA	      33.8	    -118.2	    long beach california	               long beach	
  16/06/1934	        NA	        NA	        NA	        NA	                       NA	                       NA	
  17/06/1934	        NA	        NA	      33.8	    -118.2	    long beach california	               long beach	
  17/06/1934	        NA	        NA	        NA	        NA	                       NA	                       NA	
  18/06/1934	     33 27	  118 43 W	      33.8	    -118.2	    long beach california	               long beach	
  18/06/1934	        NA	        NA	        NA	        NA	                       NA	                       NA	
  19/06/1934	     33 16	  118 36 W	      35.9	      -5.3	at anchor catalina harbor santa catalina id calif	                   almina	
  19/06/1934	        NA	        NA	        NA	        NA	                       NA	                       NA	
  20/06/1934	   33 14 N	  118 35 W	      35.9	      -5.3	        catalina id calif	                   almina	
  20/06/1934	        NA	        NA	        NA	        NA	                       NA	                       NA	
  21/06/1934	   33 31 N	  118 44 W	      35.9	      -5.3	at anchor in catalina harbor sants catalina id calif	                   almina	
  21/06/1934	        NA	        NA	        NA	        NA	                       NA	                       NA	
  22/06/1934	        NA	        NA	      33.8	    -118.2	    long beach california	               long beach	
  22/06/1934	        NA	        NA	        NA	        NA	                       NA	                       NA	
  23/06/1934	        NA	        NA	      33.8	    -118.2	    long beach california	               long beach	
  23/06/1934	        NA	        NA	        NA	        NA	                       NA	                       NA	
  24/06/1934	        NA	        NA	      33.8	    -118.2	    long beach california	               long beach	
  24/06/1934	        NA	        NA	        NA	        NA	                       NA	                       NA	
  25/06/1934	   33 55 N	  118 50 W	      33.8	    -118.2	gypsum plant dock long beach cal	               long beach	
  25/06/1934	        NA	        NA	        NA	        NA	                       NA	                       NA	
  26/06/1934	   34 25 N	  120 30 W	      30.5	      47.9	santa barbara harbor california	                    basra	
  26/06/1934	        NA	        NA	        NA	        NA	                       NA	                       NA	
  27/06/1934	   34 22 N	  120 00 W	      -8.7	     115.2	     coxo cove california	                     bali	
  27/06/1934	        NA	        NA	        NA	        NA	                       NA	                       NA	
  28/06/1934	   34 22 N	  120 11 W	      30.5	      47.9	santa barbara  california	                    basra	
  28/06/1934	        NA	        NA	        NA	        NA	                       NA	                       NA	
  29/06/1934	   34 07 N	  119 16 W	      30.5	      47.9	santa barbara harbor california	                    basra	
  29/06/1934	        NA	        NA	        NA	        NA	                       NA	                       NA	
  30/06/1934	        NA	        NA	      33.8	    -118.2	    long beach california	               long beach	
  30/06/1934	        NA	        NA	        NA	        NA	                       NA	                       NA	
  30/06/1934	        NA	        NA	        NA	        NA	                       NA	                       NA	
  30/06/1934	        NA	        NA	        NA	        NA	                       NA	                       NA	
  30/06/1934	        NA	        NA	        NA	        NA	                       NA	                       NA	
  30/06/1934	        NA	        NA	        NA	        NA	                       NA	                       NA	
  30/06/1934	        NA	        NA	        NA	        NA	                       NA	                       NA	
  30/06/1934	        NA	        NA	        NA	        NA	                       NA	                       NA	
  30/06/1934	        NA	        NA	        NA	        NA	                       NA	                       NA	
  30/06/1934	        NA	        NA	        NA	        NA	                       NA	                       NA	
  30/06/1934	        NA	        NA	        NA	        NA	                       NA	                       NA	
  30/06/1934	        NA	        NA	        NA	        NA	                       NA	                       NA	
  30/06/1934	        NA	        NA	        NA	        NA	                       NA	                       NA	
  30/06/1934	        NA	        NA	        NA	        NA	                       NA	                       NA	
  01/07/1934	        NA	        NA	      33.8	    -118.2	    long beach california	               long beach	
  01/07/1934	        NA	        NA	        NA	        NA	                       NA	                       NA	
  02/07/1934	        NA	        NA	      33.8	    -118.2	    long beach california	               long beach	
  02/07/1934	        NA	        NA	        NA	        NA	                       NA	                       NA	
  03/07/1934	        NA	        NA	      33.8	    -118.2	    long beach california	               long beach	
  03/07/1934	        NA	        NA	        NA	        NA	                       NA	                       NA	
  04/07/1934	        NA	        NA	      33.8	    -118.2	    long beach california	               long beach	
  04/07/1934	        NA	        NA	        NA	        NA	                       NA	                       NA	
  05/07/1934	        NA	        NA	      33.8	    -118.2	    long beach california	               long beach	
  05/07/1934	        NA	        NA	        NA	        NA	                       NA	                       NA	
  06/07/1934	        NA	        NA	      33.8	    -118.2	standard gypsum wharf long beach california	               long beach	
  06/07/1934	        NA	        NA	        NA	        NA	                       NA	                       NA	
  07/07/1934	        NA	        NA	      33.8	    -118.2	    long beach california	               long beach	
  07/07/1934	        NA	        NA	        NA	        NA	                       NA	                       NA	
  08/07/1934	        NA	        NA	      33.8	    -118.2	    long beach california	               long beach	
  08/07/1934	        NA	        NA	        NA	        NA	                       NA	                       NA	
  09/07/1934	   33 41 N	  118 16 W	      33.8	    -118.2	    long beach california	               long beach	
  09/07/1934	        NA	        NA	        NA	        NA	                       NA	                       NA	
  10/07/1934	   34 22 N	  120 00 W	      -8.7	     115.2	long beach to working grounds n of pt arguello calif	                     bali	
  10/07/1934	        NA	        NA	        NA	        NA	                       NA	                       NA	
  11/07/1934	   35 58 N	  120 43 W	      42.2	      41.7	       puisuima point cal	                     poti	
  11/07/1934	        NA	        NA	        NA	        NA	                       NA	                       NA	
  12/07/1934	   35 58 N	  120 43 W	      -8.7	     115.2	at anchor off purisima pt calif	                     bali	
  12/07/1934	        NA	        NA	        NA	        NA	                       NA	                       NA	
  13/07/1934	   35 59 N	  120 42 W	      -8.7	     115.2	at anchor off purisima pt calif	                     bali	
  13/07/1934	        NA	        NA	        NA	        NA	                       NA	                       NA	
  14/07/1934	   34 46 N	  120 43 W	      -8.7	     115.2	        purisima pt calif	                     bali	
  14/07/1934	        NA	        NA	        NA	        NA	                       NA	                       NA	
  15/07/1934	   34 46 N	  121 47 W	      -8.7	      41.7	        pt sal california	                     poti	
  15/07/1934	        NA	        NA	        NA	        NA	                       NA	                       NA	
  16/07/1934	        NA	        NA	        NA	        NA	                       NA	                       NA	
  17/07/1934	     34 48	  120 39 W	      -8.7	     115.2	san luis obispo bay california	                     bali	
  17/07/1934	        NA	        NA	        NA	        NA	                       NA	                       NA	
  18/07/1934	   34 51 N	  120 38 W	      -8.7	     115.2	        pt sal california	                     bali	
  18/07/1934	        NA	        NA	        NA	        NA	                       NA	                       NA	
  19/07/1934	        NA	        NA	      33.8	    -118.2	    long beach california	               long beach	
  19/07/1934	        NA	        NA	        NA	        NA	                       NA	                       NA	
  20/07/1934	        NA	        NA	      33.8	    -118.2	    long beach california	               long beach	
  20/07/1934	        NA	        NA	        NA	        NA	                       NA	                       NA	
  21/07/1934	        NA	        NA	      33.8	    -118.2	    long beach california	               long beach	
  21/07/1934	        NA	        NA	        NA	        NA	                       NA	                       NA	
  22/07/1934	        NA	        NA	      33.8	    -118.2	    long beach california	               long beach	
  22/07/1934	        NA	        NA	        NA	        NA	                       NA	                       NA	
  23/07/1934	   33 52 N	  118 45 W	      33.8	    -118.2	gypsum plant dock long beach cal	               long beach	
  23/07/1934	        NA	        NA	        NA	        NA	                       NA	                       NA	
  24/07/1934	   34 22 N	  120 25 W	      30.5	      47.9	      santa barbara calif	                    basra	
  24/07/1934	        NA	        NA	        NA	        NA	                       NA	                       NA	
  25/07/1934	   33 18 N	  119 51 W	      -8.7	     115.2	           alcatraz calif	                     bali	
  25/07/1934	        NA	        NA	        NA	        NA	                       NA	                       NA	
  26/07/1934	   34 20 N	  120 03 W	      44.9	      37.3	canada de refugis river calif	                    anapa	
  26/07/1934	        NA	        NA	        NA	        NA	                       NA	                       NA	
  27/07/1934	   34 17 N	  120 25 W	      -8.7	     115.2	            capitau calif	                     bali	
  27/07/1934	        NA	        NA	        NA	        NA	                       NA	                       NA	
  28/07/1934	        NA	        NA	      33.8	      -3.1	         anacapa id calif	               long beach	
  28/07/1934	        NA	        NA	        NA	        NA	                       NA	                       NA	
  29/07/1934	        NA	        NA	      33.8	    -118.2	    long beach california	               long beach	
  29/07/1934	        NA	        NA	        NA	        NA	                       NA	                       NA	
  30/07/1934	   33 44 N	  118 33 W	      33.8	    -118.2	gypsum plant dock long beach cal	               long beach	
  30/07/1934	        NA	        NA	        NA	        NA	                       NA	                       NA	
  31/07/1934	   34 50 N	  120 42 W	      38.5	     -28.6	           coxo anchorage	                    horta	
  31/07/1934	        NA	        NA	        NA	        NA	                       NA	                       NA	
  01/08/1934	   34 50 N	  120 40 W	      -8.7	     115.2	          point sal calif	                     bali	
  01/08/1934	        NA	        NA	        NA	        NA	                       NA	                       NA	
  02/08/1934	   34 53 N	  120 39 W	      -8.7	     115.2	point sal california coast	                     bali	
  02/08/1934	        NA	        NA	        NA	        NA	                       NA	                       NA	
  03/08/1934	   34 52 N	  120 40 W	      -8.7	     115.2	san luis obispo bay california	                     bali	
  03/08/1934	        NA	        NA	        NA	        NA	                       NA	                       NA	
  04/08/1934	   34 50 N	  120 40 W	      -8.7	     115.2	          point sal calif	                     bali	
  04/08/1934	        NA	        NA	        NA	        NA	                       NA	                       NA	
  05/08/1934	   34 52 N	  120 39 W	      -8.7	     115.2	point sal california coast	                     bali	
  05/08/1934	        NA	        NA	        NA	        NA	                       NA	                       NA	
  06/08/1934	   34 52 N	  120 39 W	      -8.7	     115.2	  pt sal california coast	                     bali	
  06/08/1934	        NA	        NA	        NA	        NA	                       NA	                       NA	
  07/08/1934	   34 53 N	  120 39 W	      -8.7	     115.2	     point sal california	                     bali	
  07/08/1934	        NA	        NA	        NA	        NA	                       NA	                       NA	
  08/08/1934	   34 52 N	  120 41 W	      -8.7	     115.2	point sul california coast	                     bali	
  08/08/1934	        NA	        NA	        NA	        NA	                       NA	                       NA	
  09/08/1934	        NA	        NA	      33.8	    -118.2	at sea underway to long beach california	               long beach	
  09/08/1934	        NA	        NA	        NA	        NA	                       NA	                       NA	
  10/08/1934	        NA	        NA	      33.8	    -118.2	    long beach california	               long beach	
  10/08/1934	        NA	        NA	        NA	        NA	                       NA	                       NA	
  11/08/1934	        NA	        NA	      33.8	    -118.2	standard gypsum co wharf ling beach california	               long beach	
  11/08/1934	        NA	        NA	        NA	        NA	                       NA	                       NA	
  12/08/1934	        NA	        NA	      33.8	    -118.2	    long beach california	               long beach	
  12/08/1934	        NA	        NA	        NA	        NA	                       NA	                       NA	
  13/08/1934	        NA	        NA	      33.8	    -118.2	standard gypsum dock long beach cal	               long beach	
  13/08/1934	        NA	        NA	        NA	        NA	                       NA	                       NA	
  14/08/1934	        NA	        NA	      33.8	    -118.2	standard gypsum co wharf long beach california	               long beach	
  15/08/1934	   34 32 N	  120 50 W	      12.8	      45.0	at sea enroute to working grounds california coast	                     aden	
  15/08/1934	        NA	        NA	        NA	        NA	                       NA	                       NA	
  16/08/1934	   34 56 N	  120 41 W	      -8.7	     115.2	      point sal calfornia	                     oran	
  16/08/1934	        NA	        NA	        NA	        NA	                       NA	                       NA	
  17/08/1934	        NA	        NA	        NA	        NA	                       NA	                       NA	
  18/08/1934	   34 53 N	  120 39 W	      -8.7	     115.2	at anchor off pt sal so calif	                     bali	
  18/08/1934	        NA	        NA	        NA	        NA	                       NA	                       NA	
  19/08/1934	   34 57 N	  120 40 W	      -8.7	     115.2	anchored off point sal california	                     bali	
  19/08/1934	        NA	        NA	        NA	        NA	                       NA	                       NA	
  20/08/1934	        NA	        NA	        NA	        NA	                       NA	                       NA	
  21/08/1934	   34 57 N	  120 15 W	      -8.7	     115.2	at anchor off pt sal so calif	                     bali	
  21/08/1934	        NA	        NA	        NA	        NA	                       NA	                       NA	
  22/08/1934	   34 52 N	  120 44 W	      -8.7	     115.2	        pt sal california	                     bali	
  22/08/1934	        NA	        NA	        NA	        NA	                       NA	                       NA	
  23/08/1934	        NA	        NA	        NA	        NA	                       NA	                       NA	
  24/08/1934	        NA	        NA	      33.8	    -118.2	    long beach california	               long beach	
  24/08/1934	        NA	        NA	        NA	        NA	                       NA	                       NA	
  25/08/1934	        NA	        NA	      33.8	    -118.2	    long beach california	               long beach	
  25/08/1934	        NA	        NA	        NA	        NA	                       NA	                       NA	
  26/08/1934	        NA	        NA	      33.8	    -118.2	    long beach california	               long beach	
  26/08/1934	        NA	        NA	        NA	        NA	                       NA	                       NA	
  27/08/1934	   33 47 N	  118 57 W	      33.8	    -118.2	    long beach california	               long beach	
  27/08/1934	        NA	        NA	        NA	        NA	                       NA	                       NA	
  28/08/1934	   34 02 N	  119 20 W	      30.5	      47.9	santa barbara harbor california	                    basra	
  28/08/1934	        NA	        NA	        NA	        NA	                       NA	                       NA	
  29/08/1934	        NA	        NA	        NA	        NA	                       NA	                       NA	
  30/08/1934	   34 06 N	  119 09 W	      -8.7	     115.2	at anchor off pt hueneme calif	                     bali	
  30/08/1934	        NA	        NA	        NA	        NA	                       NA	                       NA	
  31/08/1934	   34 10 N	  119 14 W	      -8.7	     115.2	    pt hueneme california	                     bali	
  31/08/1934	        NA	        NA	        NA	        NA	                       NA	                       NA	
  01/09/1934	        NA	        NA	      33.8	    -118.2	    long beach california	               long beach	
  01/09/1934	        NA	        NA	        NA	        NA	                       NA	                       NA	
  02/09/1934	        NA	        NA	      33.8	    -118.2	    long beach california	               long beach	
  02/09/1934	        NA	        NA	        NA	        NA	                       NA	                       NA	
  03/09/1934	        NA	        NA	      33.8	    -118.2	    long beach california	               long beach	
  03/09/1934	        NA	        NA	        NA	        NA	                       NA	                       NA	
  04/09/1934	        NA	        NA	      33.8	    -118.2	    long beach california	               long beach	
  04/09/1934	        NA	        NA	        NA	        NA	                       NA	                       NA	
  05/09/1934	        NA	        NA	      33.8	    -118.2	    long beach california	               long beach	
  05/09/1934	        NA	        NA	        NA	        NA	                       NA	                       NA	
  06/09/1934	   33 56 N	  118 40 W	      33.8	    -118.2	gypsum plant dock long beach cal	               long beach	
  06/09/1934	        NA	        NA	        NA	        NA	                       NA	                       NA	
  07/09/1934	   35 04 N	  120 40 W	      -8.7	      -4.9	at anchor off pt arguello california coast	              point targa	
  07/09/1934	        NA	        NA	        NA	        NA	                       NA	                       NA	
  08/09/1934	   35 04 N	  120 40 W	      -8.7	     115.2	  san luis bay california	                     bali	
  08/09/1934	        NA	        NA	        NA	        NA	                       NA	                       NA	
  09/09/1934	   35 04 N	  120 39 W	      -8.7	     115.2	anchore din san luis obispo bay california	                     bali	
  09/09/1934	        NA	        NA	        NA	        NA	                       NA	                       NA	
  10/09/1934	   35 02 N	  120 45 W	      -8.7	     115.2	at anchor san luis obispo bay california coast	                     bali	
  10/09/1934	        NA	        NA	        NA	        NA	                       NA	                       NA	
  11/09/1934	   34 58 N	  120 46 W	      -8.7	     115.2	  san luis bay california	                     bali	
  11/09/1934	        NA	        NA	        NA	        NA	                       NA	                       NA	
  12/09/1934	   35 01 N	  120 44 W	      -8.7	     115.2	san luis obispo bay california	                     bali	
  12/09/1934	        NA	        NA	        NA	        NA	                       NA	                       NA	
  13/09/1934	   35 00 N	  120 44 W	      -8.7	     115.2	  pt sal california coast	                     bali	
  13/09/1934	        NA	        NA	        NA	        NA	                       NA	                       NA	
  14/09/1934	   35 57 N	  120 44 W	      -8.7	     115.2	        pt sal california	                     bali	
  14/09/1934	        NA	        NA	        NA	        NA	                       NA	                       NA	
  15/09/1934	        NA	        NA	      33.8	    -118.2	    long beach california	               long beach	
  15/09/1934	        NA	        NA	        NA	        NA	                       NA	                       NA	
  16/09/1934	        NA	        NA	      33.8	    -118.2	    long beach california	               long beach	
  16/09/1934	        NA	        NA	        NA	        NA	                       NA	                       NA	
  17/09/1934	        NA	        NA	      33.8	    -118.2	    long beach california	               long beach	
  17/09/1934	        NA	        NA	        NA	        NA	                       NA	                       NA	
  18/09/1934	        NA	        NA	      33.8	    -118.2	    long beach california	               long beach	
  18/09/1934	        NA	        NA	        NA	        NA	                       NA	                       NA	
  19/09/1934	        NA	        NA	      33.8	    -118.2	    long beach california	               long beach	
  19/09/1934	        NA	        NA	        NA	        NA	                       NA	                       NA	
  20/09/1934	   33 40 N	  118 17 W	      33.8	    -118.2	gypsum plant dock long beach cal	               long beach	
  20/09/1934	        NA	        NA	        NA	        NA	                       NA	                       NA	
  21/09/1934	   33 39 N	  118 06 W	      33.8	    -118.2	gypsum plant dock long beach cal	               long beach	
  21/09/1934	        NA	        NA	        NA	        NA	                       NA	                       NA	
  22/09/1934	        NA	        NA	      33.8	    -118.2	    long beach california	               long beach	
  22/09/1934	        NA	        NA	        NA	        NA	                       NA	                       NA	
  23/09/1934	        NA	        NA	      33.8	    -118.2	    long beach california	               long beach	
  23/09/1934	        NA	        NA	        NA	        NA	                       NA	                       NA	
  24/09/1934	   33 45 N	  118 38 W	      33.8	    -118.2	gypsum plant dock long beach cal	               long beach	
  24/09/1934	        NA	        NA	        NA	        NA	smugglers cove santa cruz id	                       NA	
  25/09/1934	   34 57 N	  119 02 W	      -8.7	     115.2	smugglers cove santa cruz id calif	                     bali	
  26/09/1934	   34 11 N	  119 23 W	      -8.7	     115.2	 1 mile off ventura calif	                     bali	
  26/09/1934	        NA	        NA	        NA	        NA	                       NA	                       NA	
  27/09/1934	   34 08 N	  119 29 W	      -8.7	     115.2	1 mile south of ventura california	                     bali	
  27/09/1934	        NA	        NA	        NA	        NA	                       NA	                       NA	
  28/09/1934	   33 59 N	  119 01 W	      -8.7	     115.2	    pt hueneme california	                     bali	
  28/09/1934	        NA	        NA	        NA	        NA	                       NA	                       NA	
  29/09/1934	        NA	        NA	      33.8	    -118.2	    long beach california	               long beach	
  29/09/1934	        NA	        NA	        NA	        NA	                       NA	                       NA	
  30/09/1934	        NA	        NA	      33.8	    -118.2	    long beach california	               long beach	
  30/09/1934	        NA	        NA	        NA	        NA	                       NA	                       NA	
  30/09/1934	        NA	        NA	        NA	        NA	                       NA	                       NA	
  30/09/1934	        NA	        NA	        NA	        NA	                       NA	                       NA	
  30/09/1934	        NA	        NA	        NA	        NA	                       NA	                       NA	
  30/09/1934	        NA	        NA	        NA	        NA	                       NA	                       NA	
  30/09/1934	        NA	        NA	        NA	        NA	                       NA	                       NA	
  30/09/1934	        NA	        NA	        NA	        NA	                       NA	                       NA	
  30/09/1934	        NA	        NA	        NA	        NA	                       NA	                       NA	
  30/09/1934	        NA	        NA	        NA	        NA	                       NA	                       NA	
  30/09/1934	        NA	        NA	        NA	        NA	                       NA	                       NA	
  30/09/1934	        NA	        NA	        NA	        NA	                       NA	                       NA	
  30/09/1934	        NA	        NA	        NA	        NA	                       NA	                       NA	
  30/09/1934	        NA	        NA	        NA	        NA	                       NA	                       NA	
  01/10/1934	   34 45 N	  119 42 W	      33.8	    -118.2	gypsum plant dock long beach cal	               long beach	
  02/10/1934	   34 16 N	  120 00 W	      -8.7	     115.2	santa barbara  california	                    basra	
  02/10/1934	        NA	        NA	        NA	        NA	                       NA	                       NA	
  03/10/1934	   34 15 N	  120 30 W	      30.5	     117.1	mores landing california coast	                   anking	
  03/10/1934	        NA	        NA	        NA	        NA	                       NA	                       NA	
  04/10/1934	   34 13 N	  120 17 W	      -8.7	     115.2	7 12 miles e of pt conception calif	                     bali	
  04/10/1934	        NA	        NA	        NA	        NA	                       NA	                       NA	
  05/10/1934	   34 10 N	  120 27 W	      -8.7	     115.2	     point conception cal	                     nice	
  05/10/1934	        NA	        NA	        NA	        NA	                       NA	                       NA	
  06/10/1934	        NA	        NA	      33.8	    -118.2	    long beach california	               long beach	
  06/10/1934	        NA	        NA	        NA	        NA	                       NA	                       NA	
  07/10/1934	        NA	        NA	      33.8	    -118.2	    long beach california	               long beach	
  07/10/1934	        NA	        NA	        NA	        NA	                       NA	                       NA	
  08/10/1934	   33 38 N	  118 14 W	      33.8	    -118.2	    long beach california	               long beach	
  08/10/1934	        NA	        NA	        NA	        NA	                       NA	                       NA	
  09/10/1934	   33 38 N	  118 14 W	      33.8	    -118.2	gypsum plant dock long beach cal	               long beach	
  09/10/1934	        NA	        NA	        NA	        NA	                       NA	                       NA	
  10/10/1934	   33 38 N	  118 14 W	      33.8	    -118.2	gypsum plant dock long beach cal	               long beach	
  10/10/1934	        NA	        NA	        NA	        NA	                       NA	                       NA	
  11/10/1934	        NA	        NA	      33.8	    -118.2	    long beach california	               long beach	
  11/10/1934	        NA	        NA	        NA	        NA	                       NA	                       NA	
  12/10/1934	   33 38 N	  118 19 W	      33.8	    -118.2	gypsum plant dock long beach cal	               long beach	
  12/10/1934	        NA	        NA	        NA	        NA	                       NA	                       NA	
  13/10/1934	        NA	        NA	      33.8	    -118.2	    long beach california	               long beach	
  13/10/1934	        NA	        NA	        NA	        NA	                       NA	                       NA	
  14/10/1934	        NA	        NA	      33.8	    -118.2	    long beach california	               long beach	
  14/10/1934	        NA	        NA	        NA	        NA	                       NA	                       NA	
  15/10/1934	   33 53 N	  118 45 W	      33.8	    -118.2	gypsum plant dock long beach cal	               long beach	
  15/10/1934	        NA	        NA	        NA	        NA	                       NA	                       NA	
  16/10/1934	   34 05 N	  119 30 W	      -8.7	     115.2	smugglers cove santa cruz island	                     bali	
  16/10/1934	        NA	        NA	        NA	        NA	                       NA	                       NA	
  17/10/1934	   34 05 N	  119 44 W	      -8.7	     115.2	      santa cruz id calif	                     bone	
  17/10/1934	        NA	        NA	        NA	        NA	                       NA	                       NA	
  18/10/1934	   34 10 N	  119 55 W	      55.0	      -1.5	         santa rosa i cal	                    t i c	
  18/10/1934	        NA	        NA	        NA	        NA	                       NA	                       NA	
  19/10/1934	   34 08 N	  119 52 W	      -8.7	     115.2	      santa rosa id calif	                     bali	
  19/10/1934	        NA	        NA	        NA	        NA	                       NA	                       NA	
  20/10/1934	        NA	        NA	      33.8	    -118.2	    long beach california	               long beach	
  20/10/1934	        NA	        NA	        NA	        NA	                       NA	                       NA	
  21/10/1934	        NA	        NA	      33.8	    -118.2	    long beach california	               long beach	
  21/10/1934	        NA	        NA	        NA	        NA	                       NA	                       NA	
  22/10/1934	   33 42 N	  118 24 W	      33.8	    -118.2	gypsum plant dock long beach cal	               long beach	
  22/10/1934	        NA	        NA	        NA	        NA	                       NA	                       NA	
  22/10/1934	        NA	        NA	        NA	        NA	                       NA	                       NA	
  22/10/1934	        NA	        NA	        NA	        NA	                       NA	                       NA	
  23/10/1934	   35 40 N	  121 50 W	      33.8	    -118.2	long beach calif to working grounds	               long beach	
  23/10/1934	        NA	        NA	        NA	        NA	                       NA	                       NA	
  24/10/1934	     35 42	  121 48 W	      -8.7	     115.2	          an simeon calif	                     bali	
  24/10/1934	        NA	        NA	        NA	        NA	                       NA	                       NA	
  25/10/1934	   35 10 N	  120 50 W	      -8.7	     115.2	san luis obispo bay california	                     bali	
  25/10/1934	        NA	        NA	        NA	        NA	                       NA	                       NA	
  26/10/1934	   35 10 N	  120 45 W	      -8.7	     115.2	san luis obispo bay california	                     bali	
  26/10/1934	        NA	        NA	        NA	        NA	                       NA	                       NA	
  27/10/1934	   35 09 N	  120 43 W	      -8.7	     115.2	              avila calif	                     bali	
  27/10/1934	        NA	        NA	        NA	        NA	                       NA	                       NA	
  28/10/1934	   35 09 N	  120 43 W	      -8.7	     115.2	san luis obispo bay california	                     bali	
  28/10/1934	        NA	        NA	        NA	        NA	                       NA	                       NA	
  29/10/1934	   35 09 N	  120 41 W	      -8.7	     115.2	san luis obispo bay california	                     bali	
  29/10/1934	        NA	        NA	        NA	        NA	                       NA	                       NA	
  30/10/1934	   35 09 N	  120 41 W	      -8.7	     115.2	              avila calif	                     bali	
  30/10/1934	        NA	        NA	        NA	        NA	                       NA	                       NA	
  31/10/1934	   35 09 N	  120 41 W	      -8.7	     115.2	san luis obispo bay california	                     bali	
  31/10/1934	        NA	        NA	        NA	        NA	                       NA	                       NA	
  01/11/1934	        NA	        NA	      33.8	    -118.2	underway working grounds to long beach california	               long beach	
  02/11/1934	        NA	        NA	      33.8	    -118.2	standard gypsum co dock long beach california	               long beach	
  02/11/1934	        NA	        NA	        NA	        NA	                       NA	                       NA	
  03/11/1934	        NA	        NA	      33.8	    -118.2	    long beach california	               long beach	
  03/11/1934	        NA	        NA	        NA	        NA	                       NA	                       NA	
  04/11/1934	        NA	        NA	      33.8	    -118.2	    long beach california	               long beach	
  04/11/1934	        NA	        NA	        NA	        NA	                       NA	                       NA	
  05/11/1934	        NA	        NA	      33.8	    -118.2	    long beach california	               long beach	
  05/11/1934	        NA	        NA	        NA	        NA	                       NA	                       NA	
  06/11/1934	   33 42 N	  118 15 W	      33.8	    -118.2	gypsum plant dock long beach cal	               long beach	
  06/11/1934	        NA	        NA	        NA	        NA	                       NA	                       NA	
  07/11/1934	   35 18 N	  120 55 W	      33.8	    -118.2	long beach calif to working gounds	               long beach	
  07/11/1934	        NA	        NA	        NA	        NA	                       NA	                       NA	
  08/11/1934	   35 11 N	  120 52 W	      19.6	     -70.2	14 mile se of pt buchon whistle buoy calif	                  el buoy	
  08/11/1934	        NA	        NA	        NA	        NA	                       NA	                       NA	
  09/11/1934	   35 12 N	  120 52 W	      -8.7	     115.2	san luis obispo bay california	                     bali	
  09/11/1934	        NA	        NA	        NA	        NA	                       NA	                       NA	
  10/11/1934	   35 18 N	  120 55 W	      -8.7	     115.2	san luis obispo bay california	                     bali	
  10/11/1934	        NA	        NA	        NA	        NA	                       NA	                       NA	
  11/11/1934	   35 10 N	  120 50 W	      -8.7	     115.2	san luis obispo bay california	                   laysan	
  11/11/1934	        NA	        NA	        NA	        NA	                       NA	                       NA	
  12/11/1934	   35 15 N	  120 55 W	      -8.7	     115.2	san luis obispo bay california	                     bali	
  12/11/1934	        NA	        NA	        NA	        NA	                       NA	                       NA	
  13/11/1934	   35 22 N	  120 55 W	      -8.7	     115.2	san luis obispo bay california	                     bali	
  13/11/1934	        NA	        NA	        NA	        NA	                       NA	                       NA	
  14/11/1934	   35 13 N	  120 57 W	      -8.7	     115.2	         estela bay calif	                     bali	
  14/11/1934	        NA	        NA	        NA	        NA	                       NA	                       NA	
  15/11/1934	     35 15	  120 55 W	     -34.2	      18.4	 san simon bay california	               simons bay	
  15/11/1934	        NA	        NA	        NA	        NA	                       NA	                       NA	
  16/11/1934	        NA	        NA	      33.8	    -118.2	    long beach california	               long beach	
  17/11/1934	        NA	        NA	      33.8	    -118.2	    long beach california	               long beach	
  17/11/1934	        NA	        NA	        NA	        NA	                       NA	                       NA	
  18/11/1934	        NA	        NA	      33.8	    -118.2	    long beach california	               long beach	
  18/11/1934	        NA	        NA	        NA	        NA	                       NA	                       NA	
  19/11/1934	        NA	        NA	      33.8	    -118.2	    long beach california	               long beach	
  19/11/1934	        NA	        NA	        NA	        NA	                       NA	                       NA	
  19/11/1934	        NA	        NA	        NA	        NA	                       NA	                       NA	
  19/11/1934	        NA	        NA	        NA	        NA	                       NA	                       NA	
  20/11/1934	   35 09 N	  120 40 W	      33.8	    -118.2	underway from long beach to working grounds	               long beach	
  20/11/1934	        NA	        NA	        NA	        NA	                       NA	                       NA	
  21/11/1934	   35 08 N	  120 46 W	      -8.7	     115.2	san luis obispo bay california	                     bali	
  21/11/1934	        NA	        NA	        NA	        NA	                       NA	                       NA	
  22/11/1934	   35 18 N	  120 57 W	      -8.7	     115.2	at anchor san luis obispo bay california coast	                     bali	
  22/11/1934	        NA	        NA	        NA	        NA	                       NA	                       NA	
  23/11/1934	   35 22 N	  120 55 W	    56.2  	      -3.0	at anchor in esters bay northern part calif	                    forth	
  23/11/1934	        NA	        NA	        NA	        NA	                       NA	                       NA	
  24/11/1934	   35 20 N	  120 57 W	      -8.7	     115.2	at anchor  estero bay california	                     bali	
  24/11/1934	        NA	        NA	        NA	        NA	                       NA	                       NA	
  25/11/1934	   35 22 N	  120 55 W	      -8.7	     115.2	anchored in estero bay california coast	                     bali	
  25/11/1934	        NA	        NA	        NA	        NA	                       NA	                       NA	
  26/11/1934	   35 12 N	  120 50 W	      -8.7	     115.2	san luis obispo bay california	                     bali	
  26/11/1934	        NA	        NA	        NA	        NA	                       NA	                       NA	
  27/11/1934	   35 12 N	  120 50 W	      -8.7	     115.2	san luis obispo bay california	                     bali	
  27/11/1934	        NA	        NA	        NA	        NA	                       NA	                       NA	
  28/11/1934	        NA	        NA	      33.8	    -118.2	underway working grounds to long beach california	               long beach	
  28/11/1934	        NA	        NA	        NA	        NA	                       NA	                       NA	
  29/11/1934	        NA	        NA	      33.8	    -118.2	    long beach california	               long beach	
  29/11/1934	        NA	        NA	        NA	        NA	                       NA	                       NA	
  30/11/1934	        NA	        NA	      33.8	    -118.2	    long beach california	               long beach	
  30/11/1934	        NA	        NA	        NA	        NA	                       NA	                       NA	
  01/12/1934	        NA	        NA	      33.8	    -118.2	    long beach california	               long beach	
  01/12/1934	        NA	        NA	        NA	        NA	                       NA	                       NA	
  02/12/1934	        NA	        NA	      33.8	    -118.2	    long beach california	               long beach	
  02/12/1934	        NA	        NA	        NA	        NA	                       NA	                       NA	
  03/12/1934	        NA	        NA	      33.8	    -118.2	    long beach california	               long beach	
  03/12/1934	        NA	        NA	        NA	        NA	                       NA	                       NA	
  04/12/1934	        NA	        NA	      33.8	    -118.2	    long beach california	               long beach	
  04/12/1934	        NA	        NA	        NA	        NA	                       NA	                       NA	
  05/12/1934	        NA	        NA	      33.8	    -118.2	    long beach california	               long beach	
  05/12/1934	        NA	        NA	        NA	        NA	                       NA	                       NA	
  06/12/1934	        NA	        NA	      33.8	    -118.2	    long beach california	               long beach	
  06/12/1934	        NA	        NA	        NA	        NA	                       NA	                       NA	
  07/12/1934	        NA	        NA	      33.8	    -118.2	    long beach california	               long beach	
  07/12/1934	        NA	        NA	        NA	        NA	                       NA	                       NA	
  08/12/1934	        NA	        NA	      33.8	    -118.2	    long beach california	               long beach	
  08/12/1934	        NA	        NA	        NA	        NA	                       NA	                       NA	
  09/12/1934	        NA	        NA	      33.8	    -118.2	    long beach california	               long beach	
  09/12/1934	        NA	        NA	        NA	        NA	                       NA	                       NA	
  10/12/1934	   33 30 N	  117 50 W	      33.8	    -118.2	gypsum plant dock long beach cal	               long beach	
  10/12/1934	        NA	        NA	        NA	        NA	                       NA	                       NA	
  11/12/1934	   33 29 N	  117 47 W	      -8.7	     115.2	2 mi south of laguna calif	                     bali	
  11/12/1934	        NA	        NA	        NA	        NA	                       NA	                       NA	
  12/12/1934	   33 28 N	  118 02 W	      -8.7	     115.2	2 miles south of laguna california	                     bali	
  12/12/1934	        NA	        NA	        NA	        NA	                       NA	                       NA	
  13/12/1934	   33 27 N	  118 12 W	      -8.7	     115.2	         off laguna calif	                     bali	
  13/12/1934	        NA	        NA	        NA	        NA	                       NA	                       NA	
  14/12/1934	   33 31 N	  117 42 W	      -8.7	     115.2	    off laguna california	                     bali	
  14/12/1934	        NA	        NA	        NA	        NA	                       NA	                       NA	
  15/12/1934	        NA	        NA	      33.8	    -118.2	    long beach california	               long beach	
  15/12/1934	        NA	        NA	        NA	        NA	                       NA	                       NA	
  16/12/1934	        NA	        NA	      33.8	    -118.2	    long beach california	               long beach	
  16/12/1934	        NA	        NA	        NA	        NA	                       NA	                       NA	
  17/12/1934	        NA	        NA	      33.8	    -118.2	    long beach california	               long beach	
  17/12/1934	        NA	        NA	        NA	        NA	                       NA	                       NA	
  18/12/1934	        NA	        NA	      33.8	    -118.2	    long beach california	               long beach	
  18/12/1934	        NA	        NA	        NA	        NA	                       NA	                       NA	
  19/12/1934	        NA	        NA	      33.8	    -118.2	    long beach california	               long beach	
  19/12/1934	        NA	        NA	        NA	        NA	                       NA	                       NA	
  19/12/1934	        NA	        NA	      33.8	    -118.2	         long beach calif	               long beach	
  19/12/1934	        NA	        NA	        NA	        NA	                       NA	                       NA	
  20/12/1934	        NA	        NA	      33.8	    -118.2	    long beach california	               long beach	
  20/12/1934	        NA	        NA	        NA	        NA	                       NA	                       NA	
  21/12/1934	        NA	        NA	      33.8	    -118.2	    long beach california	               long beach	
  21/12/1934	        NA	        NA	        NA	        NA	                       NA	                       NA	
  22/12/1934	        NA	        NA	      33.8	    -118.2	    long beach california	               long beach	
  22/12/1934	        NA	        NA	        NA	        NA	                       NA	                       NA	
  23/12/1934	        NA	        NA	      33.8	    -118.2	    long beach california	               long beach	
  23/12/1934	        NA	        NA	        NA	        NA	                       NA	                       NA	
  24/12/1934	        NA	        NA	      33.8	    -118.2	    long beach california	               long beach	
  24/12/1934	        NA	        NA	        NA	        NA	                       NA	                       NA	
  25/12/1934	        NA	        NA	      33.8	    -118.2	    long beach california	               long beach	
  25/12/1934	        NA	        NA	        NA	        NA	                       NA	                       NA	
  26/12/1934	        NA	        NA	      33.8	    -118.2	    long beach california	               long beach	
  26/12/1934	        NA	        NA	        NA	        NA	                       NA	                       NA	
  27/12/1934	        NA	        NA	      33.8	    -118.2	    long beach california	               long beach	
  27/12/1934	        NA	        NA	        NA	        NA	             laguna beach	                       NA	
  28/12/1934	        NA	        NA	      33.8	    -118.2	    long beach california	               long beach	
  28/12/1934	        NA	        NA	        NA	        NA	                       NA	                       NA	
  29/12/1934	        NA	        NA	      33.8	    -118.2	    long beach california	               long beach	
  29/12/1934	        NA	        NA	        NA	        NA	                       NA	                       NA	
  30/12/1934	        NA	        NA	      33.8	    -118.2	    long beach california	               long beach	
  30/12/1934	        NA	        NA	        NA	        NA	                       NA	                       NA	
  31/12/1934	        NA	        NA	      33.8	    -118.2	    long beach california	               long beach	
  31/12/1934	        NA	        NA	        NA	        NA	                       NA	                       NA	
  31/12/1934	        NA	        NA	        NA	        NA	                       NA	                       NA	
  31/12/1934	        NA	        NA	        NA	        NA	                       NA	                       NA	
  31/12/1934	        NA	        NA	        NA	        NA	                       NA	                       NA	
  31/12/1934	        NA	        NA	        NA	        NA	                       NA	                       NA	
  31/12/1934	        NA	        NA	        NA	        NA	                       NA	                       NA	
  31/12/1934	        NA	        NA	        NA	        NA	                       NA	                       NA	
  31/12/1934	        NA	        NA	        NA	        NA	                       NA	                       NA	
  31/12/1934	        NA	        NA	        NA	        NA	                       NA	                       NA	
  31/12/1934	        NA	        NA	        NA	        NA	                       NA	                       NA	
  31/12/1934	        NA	        NA	        NA	        NA	                       NA	                       NA	
  31/12/1934	        NA	        NA	        NA	        NA	                       NA	                       NA	
  31/12/1934	        NA	        NA	        NA	        NA	                       NA	                       NA	
