  01/01/1935	        NA	        NA	      33.8	    -118.2	    long beach california	               long beach	
  01/01/1935	        NA	        NA	        NA	        NA	                       NA	                       NA	
  02/01/1935	        NA	        NA	      33.8	    -118.2	    long beach california	               long beach	
  02/01/1935	        NA	        NA	        NA	        NA	                       NA	                       NA	
  03/01/1935	        NA	        NA	      33.8	    -118.2	    long beach california	               long beach	
  03/01/1935	        NA	        NA	        NA	        NA	                       NA	                       NA	
  04/01/1935	        NA	        NA	      33.8	    -118.2	    long beach california	               long beach	
  04/01/1935	        NA	        NA	        NA	        NA	                       NA	                       NA	
  04/01/1935	        NA	        NA	        NA	        NA	                       NA	                       NA	
  04/01/1935	        NA	        NA	        NA	        NA	                       NA	                       NA	
  05/01/1935	        NA	        NA	      33.8	    -118.2	    long beach california	               long beach	
  05/01/1935	        NA	        NA	        NA	        NA	                       NA	                       NA	
  06/01/1935	        NA	        NA	      33.8	    -118.2	    long beach california	               long beach	
  06/01/1935	        NA	        NA	        NA	        NA	                       NA	                       NA	
  07/01/1935	   33 44 N	  119 38 W	      33.8	    -118.2	    long beach california	               long beach	
  07/01/1935	        NA	        NA	        NA	        NA	                       NA	                       NA	
  08/01/1935	     33 48	  119 45 W	      32.0	     120.4	at anchor bechers bay santa rosa island california	              rose island	
  08/01/1935	        NA	        NA	        NA	        NA	                       NA	                       NA	
  09/01/1935	     33 55	  119 44 W	      -8.7	       3.4	      santa cruz id calif	                    lagos	
  09/01/1935	        NA	        NA	        NA	        NA	                       NA	                       NA	
  10/01/1935	   33 51 N	  119 39 W	      -8.7	       3.4	      santa cruz id calif	                    lagos	
  10/01/1935	        NA	        NA	        NA	        NA	                       NA	                       NA	
  11/01/1935	   33 43 N	  119 39 W	       6.5	       3.4	at anchor alamos anchorage santa cruz id calif	                    lagos	
  11/01/1935	        NA	        NA	        NA	        NA	                       NA	                       NA	
  12/01/1935	     33 55	  119 44 W	       6.5	       3.4	at anchor alamos anchorages	                    lagos	
  12/01/1935	        NA	        NA	        NA	        NA	                       NA	                       NA	
  13/01/1935	   33 40 N	  119 37 W	      -8.7	       3.4	at anchor alamos anchorage south side santa cruz	                    lagos	
  13/01/1935	        NA	        NA	        NA	        NA	                       NA	                       NA	
  14/01/1935	   33 48 N	  119 41 W	      -8.7	       3.4	at anchor alamos anchorage south side santa cruz id calif	                    lagos	
  14/01/1935	        NA	        NA	        NA	        NA	                       NA	                       NA	
  15/01/1935	     33 42	  119 30 W	      -8.7	     115.2	      santa cruz id calif	                     bone	
  15/01/1935	        NA	        NA	        NA	        NA	                       NA	                       NA	
  16/01/1935	   33 51 N	  118 38 W	      43.7	     116.2	at anchorage off se end of san micholas island california coast	                     nice	
  16/01/1935	        NA	        NA	        NA	        NA	                       NA	                       NA	
  17/01/1935	   33 50 N	  119 39 W	      -8.7	     -28.6	at anchor valley anchorage santa cruz island california	                     bali	
  17/01/1935	        NA	        NA	        NA	        NA	                       NA	                       NA	
  18/01/1935	     33 50	  119 38 W	      -8.7	     -28.6	at anchor valley anchorage santa cruz island california	                     bali	
  18/01/1935	        NA	        NA	        NA	        NA	                       NA	                       NA	
  19/01/1935	   33 57 N	  119 45 W	      -8.7	     115.2	      santa cruz id calif	                     bali	
  19/01/1935	        NA	        NA	        NA	        NA	                       NA	                       NA	
  20/01/1935	   33 50 N	  119 40 W	      -8.7	       3.4	at anchor alamos anchorage santa cruz id calif	                    lagos	
  20/01/1935	        NA	        NA	        NA	        NA	                       NA	                       NA	
  21/01/1935	     33 57	  119 39 W	      -8.7	     -28.6	at anchor valley anchorage santa cruz island california	                     bali	
  21/01/1935	        NA	        NA	        NA	        NA	                       NA	                       NA	
  22/01/1935	   33 57 N	  119 40 W	      -8.7	       3.4	      santa cruz id calif	                    lagos	
  22/01/1935	        NA	        NA	        NA	        NA	                       NA	                       NA	
  23/01/1935	        NA	        NA	      33.8	    -118.2	    long beach california	               long beach	
  23/01/1935	        NA	        NA	        NA	        NA	                       NA	                       NA	
  24/01/1935	        NA	        NA	      33.8	    -118.2	    long beach california	               long beach	
  24/01/1935	        NA	        NA	        NA	        NA	                       NA	                       NA	
  25/01/1935	        NA	        NA	      33.8	    -118.2	    long beach california	               long beach	
  25/01/1935	        NA	        NA	        NA	        NA	                       NA	                       NA	
  26/01/1935	        NA	        NA	      33.8	    -118.2	    long beach california	               long beach	
  26/01/1935	        NA	        NA	        NA	        NA	                       NA	                       NA	
  27/01/1935	        NA	        NA	      33.8	    -118.2	    long beach california	               long beach	
  27/01/1935	        NA	        NA	        NA	        NA	                       NA	                       NA	
  28/01/1935	        NA	        NA	      33.8	    -118.2	    long beach california	               long beach	
  28/01/1935	        NA	        NA	        NA	        NA	                       NA	                       NA	
  29/01/1935	        NA	        NA	      33.8	    -118.2	    long beach california	               long beach	
  29/01/1935	        NA	        NA	        NA	        NA	                       NA	                       NA	
  30/01/1935	        NA	        NA	      33.8	    -118.2	    long beach california	               long beach	
  30/01/1935	        NA	        NA	        NA	        NA	                       NA	                       NA	
  31/01/1935	        NA	        NA	      33.8	    -118.2	    long beach california	               long beach	
  31/01/1935	        NA	        NA	        NA	        NA	                       NA	                       NA	
  01/02/1935	   33 30 N	  118 18 W	      33.8	    -118.2	standard gypsum dock long beach california	               long beach	
  01/02/1935	        NA	        NA	        NA	        NA	                       NA	                       NA	
  02/02/1935	        NA	        NA	      33.8	    -118.2	    long beach california	               long beach	
  02/02/1935	        NA	        NA	        NA	        NA	                       NA	                       NA	
  03/02/1935	        NA	        NA	      33.8	    -118.2	    long beach california	               long beach	
  03/02/1935	        NA	        NA	        NA	        NA	                       NA	                       NA	
  04/02/1935	     33 43	  118 32 W	      33.8	    -118.2	standard gypsum company wharf long beach california	               long beach	
  05/02/1935	   34 04 N	  120 16 W	      32.0	     120.4	bechers bay santa rosa island california	              rose island	
  05/02/1935	        NA	        NA	        NA	        NA	                       NA	                       NA	
  06/02/1935	   34 07 N	  120 17 W	      -8.7	     120.4	bechers bay santa rosa id calif	              rose island	
  06/02/1935	        NA	        NA	        NA	        NA	                       NA	                       NA	
  07/02/1935	   34 11 N	  120 27 W	      32.0	     120.4	beechers bay santa rosa island california	              rose island	
  07/02/1935	        NA	        NA	        NA	        NA	off nw end santa cruz island	                       NA	
  08/02/1935	   34 06 N	  120 15 W	      -8.7	     115.2	bechers bay santa rosa id calif	                     bali	
  08/02/1935	        NA	        NA	        NA	        NA	                       NA	                       NA	
  09/02/1935	        NA	        NA	      33.8	    -118.2	    long beach california	               long beach	
  09/02/1935	        NA	        NA	        NA	        NA	                       NA	                       NA	
  10/02/1935	        NA	        NA	      33.8	    -118.2	    long beach california	               long beach	
  10/02/1935	        NA	        NA	        NA	        NA	                       NA	                       NA	
  11/02/1935	        NA	        NA	      33.8	    -118.2	standard gypsum co wharf long beach california	               long beach	
  11/02/1935	        NA	        NA	        NA	        NA	                       NA	                       NA	
  12/02/1935	        NA	        NA	      33.8	    -118.2	    long beach california	               long beach	
  12/02/1935	        NA	        NA	        NA	        NA	                       NA	                       NA	
  13/02/1935	        NA	        NA	      33.8	    -118.2	standard gypsum dock long beach calif	               long beach	
  13/02/1935	        NA	        NA	        NA	        NA	                       NA	                       NA	
  14/02/1935	        NA	        NA	      33.8	    -118.2	    long beach california	               long beach	
  14/02/1935	        NA	        NA	        NA	        NA	                       NA	                       NA	
  15/02/1935	        NA	        NA	      33.8	    -118.2	    long beach california	               long beach	
  15/02/1935	        NA	        NA	        NA	        NA	                       NA	                       NA	
  16/02/1935	        NA	        NA	      33.8	    -118.2	    long beach california	               long beach	
  16/02/1935	        NA	        NA	        NA	        NA	                       NA	                       NA	
  17/02/1935	        NA	        NA	      33.8	    -118.2	    long beach california	               long beach	
  17/02/1935	        NA	        NA	        NA	        NA	                       NA	                       NA	
  18/02/1935	   33 45 N	  119 28 W	      33.8	    -118.2	    long beach california	               long beach	
  18/02/1935	        NA	        NA	        NA	        NA	                       NA	                       NA	
  19/02/1935	        NA	        NA	      33.8	    -118.2	    long beach california	               long beach	
  19/02/1935	        NA	        NA	        NA	        NA	                       NA	                       NA	
  20/02/1935	        NA	        NA	      33.8	    -118.2	    long beach california	               long beach	
  20/02/1935	        NA	        NA	        NA	        NA	                       NA	                       NA	
  21/02/1935	   34 05 N	  120 20 W	      33.8	    -118.2	long beach calif to working gounds	               long beach	
  21/02/1935	        NA	        NA	        NA	        NA	                       NA	                       NA	
  22/02/1935	     34 04	  120 08 W	      -8.7	     115.2	bechers bay santa rosa i southern california	                     bali	
  22/02/1935	        NA	        NA	        NA	        NA	                       NA	                       NA	
  23/02/1935	   33 53 N	  120 04 W	      -8.7	     115.2	bechers bay santa rosa i southern california	                     bali	
  23/02/1935	        NA	        NA	        NA	        NA	                       NA	                       NA	
  24/02/1935	     33 52	  120 02 W	      -8.7	     115.2	bechers bay santa rosa i southern california	                     bali	
  24/02/1935	        NA	        NA	        NA	        NA	                       NA	                       NA	
  25/02/1935	   34 07 N	  120 23 W	      -8.7	     120.4	beechers bay santa rosa island calif	              rose island	
  25/02/1935	        NA	        NA	        NA	        NA	                       NA	                       NA	
  26/02/1935	     34 03	  120 05 W	      -8.7	     118.4	croak pt san miguel id calif	              rocky point	
  26/02/1935	        NA	        NA	        NA	        NA	                       NA	                       NA	
  27/02/1935	   34 05 N	  119 54 W	      -8.7	     120.4	bechers bay santa rosa i southern california	              rose island	
  27/02/1935	        NA	        NA	        NA	        NA	                       NA	                       NA	
  28/02/1935	   33 55 N	  119 56 W	      -8.7	     115.2	bechers bay santa rosa i southern california	                     bali	
  28/02/1935	        NA	        NA	        NA	        NA	                       NA	                       NA	
  01/03/1935	   33 55 N	  119 45 W	      -8.7	     115.2	bechers bay santa rosa i southern california	                     bali	
  01/03/1935	        NA	        NA	        NA	        NA	                       NA	                       NA	
  02/03/1935	        NA	        NA	      33.8	    -118.2	    long beach california	               long beach	
  02/03/1935	        NA	        NA	        NA	        NA	                       NA	                       NA	
  03/03/1935	        NA	        NA	      33.8	    -118.2	alongside standard gypsum co wharf long beach calif	               long beach	
  03/03/1935	        NA	        NA	        NA	        NA	                       NA	                       NA	
  04/03/1935	        NA	        NA	      33.8	    -118.2	alongside standard gypsum co wharf long beach calif	               long beach	
  04/03/1935	        NA	        NA	        NA	        NA	                       NA	                       NA	
  05/03/1935	   34 00 N	  119 32 W	      -8.7	      -1.5	at anchor smuggeins cove santa cruz i calif	                    t i c	
  05/03/1935	        NA	        NA	        NA	        NA	                       NA	                       NA	
  06/03/1935	        NA	        NA	        NA	        NA	                       NA	                       NA	
  07/03/1935	   33 59 N	  119 57 W	      -8.7	     114.0	anchoed at beechers bay santa pora i calif	                   tai po	
  07/03/1935	        NA	        NA	        NA	        NA	                       NA	                       NA	
  08/03/1935	        NA	        NA	        NA	        NA	                       NA	                       NA	
  09/03/1935	        NA	        NA	      33.8	    -118.2	en route to long beach california	               long beach	
  09/03/1935	        NA	        NA	        NA	        NA	                       NA	                       NA	
  10/03/1935	        NA	        NA	      33.8	    -118.2	    long beach california	               long beach	
  10/03/1935	        NA	        NA	        NA	        NA	                       NA	                       NA	
  11/03/1935	        NA	        NA	      33.8	    -118.2	alonside pier 1 bearth 48 long beach california	               long beach	
  11/03/1935	        NA	        NA	        NA	        NA	                       NA	                       NA	
  12/03/1935	        NA	        NA	      33.8	    -118.2	alongside pier 1 long beach california	               long beach	
  12/03/1935	        NA	        NA	        NA	        NA	                       NA	                       NA	
  13/03/1935	        NA	        NA	      33.8	    -118.2	    long beach california	               long beach	
  13/03/1935	        NA	        NA	        NA	        NA	                       NA	                       NA	
  14/03/1935	        NA	        NA	      33.8	    -118.2	alongside standard gypsum co wharf long beach calif	               long beach	
  14/03/1935	        NA	        NA	        NA	        NA	                       NA	                       NA	
  15/03/1935	        NA	        NA	      33.8	    -118.2	alongside standard gypsum co wharf long beach calif	               long beach	
  15/03/1935	        NA	        NA	        NA	        NA	                       NA	                       NA	
  16/03/1935	        NA	        NA	      33.8	    -118.2	alongside standard gypsum co wharf long beach calif	               long beach	
  16/03/1935	        NA	        NA	        NA	        NA	                       NA	                       NA	
  17/03/1935	        NA	        NA	      33.8	    -118.2	    long beach california	               long beach	
  17/03/1935	        NA	        NA	        NA	        NA	                       NA	                       NA	
  18/03/1935	        NA	        NA	      33.8	    -118.2	alongside standard gypsum company wharf long beach calif	               long beach	
  18/03/1935	        NA	        NA	        NA	        NA	                       NA	                       NA	
  19/03/1935	        NA	        NA	      33.8	    -118.2	alongside standard gypsum co wharf long beach calif	               long beach	
  19/03/1935	        NA	        NA	        NA	        NA	                       NA	                       NA	
  20/03/1935	        NA	        NA	      33.8	    -118.2	alongside standard gypsum co wharf long beach calif	               long beach	
  20/03/1935	        NA	        NA	        NA	        NA	                       NA	                       NA	
  21/03/1935	        NA	        NA	      33.8	    -118.2	    long beach california	               long beach	
  21/03/1935	        NA	        NA	        NA	        NA	                       NA	                       NA	
  22/03/1935	        NA	        NA	      33.8	    -118.2	    long beach california	               long beach	
  22/03/1935	        NA	        NA	        NA	        NA	                       NA	                       NA	
  23/03/1935	        NA	        NA	      33.8	    -118.2	alongside standard gypsum co wharf long beach calif	               long beach	
  23/03/1935	        NA	        NA	        NA	        NA	                       NA	                       NA	
  24/03/1935	        NA	        NA	      33.8	    -118.2	    long beach california	               long beach	
  24/03/1935	        NA	        NA	        NA	        NA	                       NA	                       NA	
  25/03/1935	        NA	        NA	      33.8	    -118.2	standard gypsum company wharf long beach cal	               long beach	
  25/03/1935	        NA	        NA	        NA	        NA	                       NA	                       NA	
  25/03/1935	        NA	        NA	      33.8	    -118.2	    long beach california	               long beach	
  25/03/1935	        NA	        NA	        NA	        NA	                       NA	                       NA	
  26/03/1935	        NA	        NA	      33.8	    -118.2	alongside pier 1 berth 48 long beach california	               long beach	
  26/03/1935	        NA	        NA	        NA	        NA	                       NA	                       NA	
  27/03/1935	        NA	        NA	      33.8	    -118.2	    long beach california	               long beach	
  27/03/1935	        NA	        NA	        NA	        NA	                       NA	                       NA	
  28/03/1935	        NA	        NA	      33.8	    -118.2	    long beach california	               long beach	
  28/03/1935	        NA	        NA	        NA	        NA	                       NA	                       NA	
  29/03/1935	        NA	        NA	      33.8	    -118.2	    long beach california	               long beach	
  29/03/1935	        NA	        NA	        NA	        NA	                       NA	                       NA	
  30/03/1935	        NA	        NA	      33.8	    -118.2	    long beach california	               long beach	
  30/03/1935	        NA	        NA	        NA	        NA	                       NA	                       NA	
  31/03/1935	        NA	        NA	      33.8	    -118.2	    long beach california	               long beach	
  31/03/1935	        NA	        NA	        NA	        NA	                       NA	                       NA	
  01/04/1935	        NA	        NA	      33.8	    -118.2	    long beach california	               long beach	
  01/04/1935	        NA	        NA	        NA	        NA	                       NA	                       NA	
  01/04/1935	        NA	        NA	        NA	        NA	                       NA	                       NA	
  01/04/1935	        NA	        NA	        NA	        NA	                       NA	                       NA	
  01/04/1935	        NA	        NA	        NA	        NA	                       NA	                       NA	
  01/04/1935	        NA	        NA	        NA	        NA	                       NA	                       NA	
  01/04/1935	        NA	        NA	        NA	        NA	                       NA	                       NA	
  01/04/1935	        NA	        NA	        NA	        NA	                       NA	                       NA	
  01/04/1935	        NA	        NA	        NA	        NA	                       NA	                       NA	
  01/04/1935	        NA	        NA	        NA	        NA	                       NA	                       NA	
  01/04/1935	        NA	        NA	        NA	        NA	                       NA	                       NA	
  01/04/1935	        NA	        NA	        NA	        NA	                       NA	                       NA	
  01/04/1935	        NA	        NA	        NA	        NA	                       NA	                       NA	
  01/04/1935	        NA	        NA	        NA	        NA	                       NA	                       NA	
  01/04/1935	        NA	        NA	      33.8	    -118.2	    long beach california	               long beach	
  01/04/1935	        NA	        NA	        NA	        NA	                       NA	                       NA	
  02/04/1935	        NA	        NA	      33.8	    -118.2	    long beach california	               long beach	
  02/04/1935	        NA	        NA	        NA	        NA	                       NA	                       NA	
  03/04/1935	        NA	        NA	      33.8	    -118.2	    long beach california	               long beach	
  03/04/1935	        NA	        NA	        NA	        NA	                       NA	                       NA	
  04/04/1935	        NA	        NA	      33.8	    -118.2	    long beach california	               long beach	
  04/04/1935	        NA	        NA	        NA	        NA	                       NA	                       NA	
  05/04/1935	        NA	        NA	      33.8	    -118.2	    long beach california	               long beach	
  05/04/1935	        NA	        NA	        NA	        NA	                       NA	                       NA	
  06/04/1935	        NA	        NA	      33.8	    -118.2	    long beach california	               long beach	
  06/04/1935	        NA	        NA	        NA	        NA	                       NA	                       NA	
  07/04/1935	        NA	        NA	      33.8	    -118.2	    long beach california	               long beach	
  07/04/1935	        NA	        NA	        NA	        NA	                       NA	                       NA	
  08/04/1935	        NA	        NA	      33.8	    -118.2	    long beach california	               long beach	
  08/04/1935	        NA	        NA	        NA	        NA	                       NA	                       NA	
  09/04/1935	        NA	        NA	      33.8	    -118.2	    long beach california	               long beach	
  09/04/1935	        NA	        NA	        NA	        NA	                       NA	                       NA	
  10/04/1935	        NA	        NA	      33.8	    -118.2	    long beach california	               long beach	
  10/04/1935	        NA	        NA	        NA	        NA	                       NA	                       NA	
  11/04/1935	        NA	        NA	      33.8	    -118.2	    long beach california	               long beach	
  11/04/1935	        NA	        NA	        NA	        NA	                       NA	                       NA	
  12/04/1935	        NA	        NA	      33.8	    -118.2	           long beach cal	               long beach	
  12/04/1935	        NA	        NA	        NA	        NA	                       NA	                       NA	
  13/04/1935	        NA	        NA	      33.8	    -118.2	    long beach california	               long beach	
  13/04/1935	        NA	        NA	        NA	        NA	                       NA	                       NA	
  14/04/1935	        NA	        NA	      33.8	    -118.2	    long beach california	               long beach	
  14/04/1935	        NA	        NA	        NA	        NA	                       NA	                       NA	
  15/04/1935	        NA	        NA	      33.8	    -118.2	    long beach california	               long beach	
  15/04/1935	        NA	        NA	        NA	        NA	                       NA	                       NA	
  16/04/1935	        NA	        NA	      33.8	    -118.2	alongside standard gypsum co wharf long beach calif	               long beach	
  16/04/1935	        NA	        NA	        NA	        NA	                       NA	                       NA	
  17/04/1935	        NA	        NA	      33.8	    -118.2	alongside standard gypsum co wharf long beach calif	               long beach	
  17/04/1935	        NA	        NA	        NA	        NA	                       NA	                       NA	
  19/04/1935	        NA	        NA	      33.8	    -118.2	alongside standard gypsum co wharf long beach calif	               long beach	
  19/04/1935	        NA	        NA	        NA	        NA	                       NA	                       NA	
  20/04/1935	        NA	        NA	      33.8	    -118.2	    long beach california	               long beach	
  20/04/1935	        NA	        NA	        NA	        NA	                       NA	                       NA	
  21/04/1935	        NA	        NA	      33.8	    -118.2	standard gypsum co wharf long beach calif	               long beach	
  21/04/1935	        NA	        NA	        NA	        NA	                       NA	                       NA	
  22/04/1935	        NA	        NA	      33.8	    -118.2	standard gypsum co wharf long beach calif	               long beach	
  23/04/1935	        NA	        NA	      33.7	    -118.3	drydock bethlehem shipyard east san pedro calif	          san pedro calif	
  23/04/1935	        NA	        NA	        NA	        NA	                       NA	                       NA	
  24/04/1935	        NA	        NA	      33.7	    -118.3	bethlehem shipyard dock east san pedro calif	          san pedro calif	
  24/04/1935	        NA	        NA	        NA	        NA	                       NA	                       NA	
  25/04/1935	        NA	        NA	      33.7	    -118.3	in drydock bethleham shipyard east san pedro calif	          san pedro calif	
  25/04/1935	        NA	        NA	        NA	        NA	                       NA	                       NA	
  26/04/1935	        NA	        NA	      33.7	    -118.3	in drydock bethleham shipyard east san pedro calif	          san pedro calif	
  26/04/1935	        NA	        NA	        NA	        NA	                       NA	                       NA	
  27/04/1935	        NA	        NA	      33.7	    -118.3	east san pedro california	          san pedro calif	
  27/04/1935	        NA	        NA	        NA	        NA	                       NA	                       NA	
  28/04/1935	        NA	        NA	      33.7	    -118.3	in drydock bethleham shipyard east san pedro calif	          san pedro calif	
  28/04/1935	        NA	        NA	        NA	        NA	                       NA	                       NA	
  29/04/1935	        NA	        NA	      33.7	    -118.3	in drydock bethleham shipyard east san pedro calif	          san pedro calif	
  29/04/1935	        NA	        NA	        NA	        NA	                       NA	                       NA	
  30/04/1935	        NA	        NA	      33.7	    -118.3	bethleham shipyard dock east san pedro calif	          san pedro calif	
  30/04/1935	        NA	        NA	        NA	        NA	                       NA	                       NA	
  01/05/1935	        NA	        NA	      33.7	    -118.3	bethleham shipyard dock east san pedro calif	          san pedro calif	
  01/05/1935	        NA	        NA	        NA	        NA	                       NA	                       NA	
  02/05/1935	        NA	        NA	      33.7	    -118.3	bethleham shipyard dock east san pedro calif	          san pedro calif	
  02/05/1935	        NA	        NA	        NA	        NA	                       NA	                       NA	
  03/05/1935	        NA	        NA	      33.7	    -118.3	bethleham shipyard dock east san pedro calif	          san pedro calif	
  03/05/1935	        NA	        NA	        NA	        NA	                       NA	                       NA	
  04/05/1935	        NA	        NA	      33.7	    -118.3	bethleham shipyard dock east san pedro calif	          san pedro calif	
  04/05/1935	        NA	        NA	        NA	        NA	                       NA	                       NA	
  05/05/1935	        NA	        NA	      33.8	    -118.2	         long beach calif	               long beach	
  05/05/1935	        NA	        NA	        NA	        NA	                       NA	                       NA	
  06/05/1935	        NA	        NA	      33.8	    -118.2	    long beach california	               long beach	
  06/05/1935	        NA	        NA	        NA	        NA	                       NA	                       NA	
  06/05/1935	        NA	        NA	      33.8	    -118.2	standard gypsum co wharf long beach california	               long beach	
  06/05/1935	        NA	        NA	        NA	        NA	                       NA	                       NA	
  07/05/1935	        NA	        NA	      33.8	    -118.2	standard gypsum co wharf long beach california	               long beach	
  07/05/1935	        NA	        NA	        NA	        NA	                       NA	                       NA	
  08/05/1935	        NA	        NA	      33.8	    -118.2	standard gypsum co wharf long beach california	               long beach	
  08/05/1935	        NA	        NA	        NA	        NA	                       NA	                       NA	
  09/05/1935	        NA	        NA	      33.8	    -118.2	standard gypsum co wharf long beach california	               long beach	
  09/05/1935	        NA	        NA	        NA	        NA	                       NA	                       NA	
  10/05/1935	        NA	        NA	      33.8	    -118.2	    long beach california	               long beach	
  10/05/1935	        NA	        NA	        NA	        NA	                       NA	                       NA	
  11/05/1935	        NA	        NA	      33.8	    -118.2	         long beach calif	               long beach	
  11/05/1935	        NA	        NA	        NA	        NA	                       NA	                       NA	
  12/05/1935	        NA	        NA	      33.8	    -118.2	         long beach calif	               long beach	
  12/05/1935	        NA	        NA	        NA	        NA	                       NA	                       NA	
  13/05/1935	        NA	        NA	      33.8	    -118.2	         long beach calif	               long beach	
  13/05/1935	        NA	        NA	        NA	        NA	                       NA	                       NA	
  14/05/1935	        NA	        NA	      33.8	    -118.2	    long beach california	               long beach	
  14/05/1935	        NA	        NA	        NA	        NA	                       NA	                       NA	
  15/05/1935	        NA	        NA	      33.8	    -118.2	standard gypsum co wharf long beach california	               long beach	
  15/05/1935	        NA	        NA	        NA	        NA	                       NA	                       NA	
  16/05/1935	        NA	        NA	      33.8	    -118.2	standard gypsum co wharf long beach california	               long beach	
  16/05/1935	        NA	        NA	        NA	        NA	                       NA	                       NA	
  17/05/1935	        NA	        NA	        NA	        NA	                       NA	                       NA	
  18/05/1935	        NA	        NA	      33.8	    -118.2	standard gypsum co wharf long beach california	               long beach	
  18/05/1935	        NA	        NA	        NA	        NA	                       NA	                       NA	
  19/05/1935	        NA	        NA	      33.8	    -118.2	    long beach california	               long beach	
  19/05/1935	        NA	        NA	        NA	        NA	                       NA	                       NA	
  20/05/1935	        NA	        NA	      33.8	    -118.2	    long beach california	               long beach	
  20/05/1935	        NA	        NA	        NA	        NA	                       NA	                       NA	
  21/05/1935	        NA	        NA	      33.8	    -118.2	    long beach california	               long beach	
  21/05/1935	        NA	        NA	        NA	        NA	                       NA	                       NA	
  22/05/1935	        NA	        NA	      33.8	    -118.2	standard gypsum co wharf long beach california	               long beach	
  22/05/1935	        NA	        NA	        NA	        NA	                       NA	                       NA	
  23/05/1935	        NA	        NA	      33.8	    -118.2	    long beach california	               long beach	
  23/05/1935	        NA	        NA	        NA	        NA	                       NA	                       NA	
  24/05/1935	        NA	        NA	      33.8	    -118.2	    long beach california	               long beach	
  24/05/1935	        NA	        NA	        NA	        NA	                       NA	                       NA	
  25/05/1935	        NA	        NA	      33.8	    -118.2	standard gypsum co wharf long beach california	               long beach	
  25/05/1935	        NA	        NA	        NA	        NA	                       NA	                       NA	
  26/05/1935	        NA	        NA	      33.8	    -118.2	    long beach california	               long beach	
  26/05/1935	        NA	        NA	        NA	        NA	                       NA	                       NA	
  27/05/1935	        NA	        NA	      33.8	    -118.2	standard gypsum co wharf long beach california	               long beach	
  27/05/1935	        NA	        NA	        NA	        NA	                       NA	                       NA	
  28/05/1935	        NA	        NA	      33.8	    -118.2	alongside pier 1 berth 48 long beach cal	               long beach	
  28/05/1935	        NA	        NA	        NA	        NA	                       NA	                       NA	
  29/05/1935	        NA	        NA	      33.8	    -118.2	municipal pier 1 berth 48 long beach california	               long beach	
  29/05/1935	        NA	        NA	        NA	        NA	                       NA	                       NA	
  30/05/1935	        NA	        NA	      33.8	    -118.2	municipal pier 1 berth 48 long beach california	               long beach	
  30/05/1935	        NA	        NA	        NA	        NA	                       NA	                       NA	
  31/05/1935	        NA	        NA	      33.8	    -118.2	municipal pier 1 berth 48 long beach california	               long beach	
  31/05/1935	        NA	        NA	        NA	        NA	                       NA	                       NA	
  01/06/1935	        NA	        NA	      33.8	    -118.2	    long beach california	               long beach	
  01/06/1935	        NA	        NA	        NA	        NA	                       NA	                       NA	
  02/06/1935	        NA	        NA	      33.8	    -118.2	    long beach california	               long beach	
  02/06/1935	        NA	        NA	        NA	        NA	                       NA	                       NA	
  03/06/1935	        NA	        NA	      33.8	    -118.2	    long beach california	               long beach	
  03/06/1935	        NA	        NA	        NA	        NA	                       NA	                       NA	
  07/06/1935	        NA	        NA	        NA	        NA	                       NA	                       NA	
  08/06/1935	        NA	        NA	      33.8	    -118.2	    long beach california	               long beach	
  08/06/1935	        NA	        NA	        NA	        NA	                       NA	                       NA	
  09/06/1935	        NA	        NA	      33.8	    -118.2	standard gypsum co wharf long beach california	               long beach	
  09/06/1935	        NA	        NA	        NA	        NA	                       NA	                       NA	
  10/06/1935	        NA	        NA	      33.8	    -118.2	standard gypsum co wharf long beach california	               long beach	
  10/06/1935	        NA	        NA	        NA	        NA	                       NA	                       NA	
  14/06/1935	        NA	        NA	        NA	        NA	                       NA	                       NA	
  15/06/1935	        NA	        NA	      33.8	    -118.2	standard gypsum co wharf long beach california	               long beach	
  15/06/1935	        NA	        NA	        NA	        NA	                       NA	                       NA	
  16/06/1935	        NA	        NA	      33.8	    -118.2	standard gypsum co wharf long beach california	               long beach	
  16/06/1935	        NA	        NA	        NA	        NA	                       NA	                       NA	
  17/06/1935	        NA	        NA	      33.8	    -118.2	standard gypsum co wharf long beach california	               long beach	
  17/06/1935	        NA	        NA	        NA	        NA	                       NA	                       NA	
  20/06/1935	        NA	        NA	        NA	        NA	                       NA	                       NA	
  21/06/1935	        NA	        NA	      32.7	    -117.2	     san diego california	            san diego usa	
  21/06/1935	        NA	        NA	        NA	        NA	                       NA	                       NA	
  22/06/1935	        NA	        NA	      33.8	    -118.2	    long beach california	               long beach	
  22/06/1935	        NA	        NA	        NA	        NA	                       NA	                       NA	
  23/06/1935	        NA	        NA	      33.8	    -118.2	    long beach california	               long beach	
  23/06/1935	        NA	        NA	        NA	        NA	                       NA	                       NA	
  24/06/1935	        NA	        NA	      33.8	    -118.2	standard gypsum co wharf long beach california	               long beach	
  24/06/1935	        NA	        NA	        NA	        NA	                       NA	                       NA	
  25/06/1935	        NA	        NA	        NA	        NA	                       NA	                       NA	
  26/06/1935	        NA	        NA	      32.7	    -117.2	     san diego california	            san diego usa	
  26/06/1935	        NA	        NA	        NA	        NA	                       NA	                       NA	
  27/06/1935	        NA	        NA	      32.7	    -117.2	     san diego california	            san diego usa	
  27/06/1935	        NA	        NA	        NA	        NA	                       NA	                       NA	
  28/06/1935	        NA	        NA	      33.8	    -118.2	    long beach california	               long beach	
  28/06/1935	        NA	        NA	        NA	        NA	                       NA	                       NA	
  29/06/1935	        NA	        NA	      33.8	    -118.2	    long beach california	               long beach	
  29/06/1935	        NA	        NA	        NA	        NA	                       NA	                       NA	
  30/06/1935	        NA	        NA	      33.8	    -118.2	    long beach california	               long beach	
  30/06/1935	        NA	        NA	        NA	        NA	                       NA	                       NA	
  30/06/1935	        NA	        NA	        NA	        NA	                       NA	                       NA	
  30/06/1935	        NA	        NA	        NA	        NA	                       NA	                       NA	
  30/06/1935	        NA	        NA	        NA	        NA	                       NA	                       NA	
  30/06/1935	        NA	        NA	        NA	        NA	                       NA	                       NA	
  30/06/1935	        NA	        NA	        NA	        NA	                       NA	                       NA	
  30/06/1935	        NA	        NA	        NA	        NA	                       NA	                       NA	
  30/06/1935	        NA	        NA	        NA	        NA	                       NA	                       NA	
  30/06/1935	        NA	        NA	        NA	        NA	                       NA	                       NA	
  30/06/1935	        NA	        NA	        NA	        NA	                       NA	                       NA	
  30/06/1935	        NA	        NA	        NA	        NA	                       NA	                       NA	
  30/06/1935	        NA	        NA	        NA	        NA	                       NA	                       NA	
  30/06/1935	        NA	        NA	        NA	        NA	                       NA	                       NA	
  01/07/1935	        NA	        NA	      33.8	    -118.2	standard gypsum co wharf long beach california	               long beach	
  01/07/1935	        NA	        NA	        NA	        NA	                       NA	                       NA	
  02/07/1935	        NA	        NA	      33.8	    -118.2	    long beach california	               long beach	
  02/07/1935	        NA	        NA	        NA	        NA	                       NA	                       NA	
  03/07/1935	        NA	        NA	      33.8	    -118.2	    long beach california	               long beach	
  03/07/1935	        NA	        NA	        NA	        NA	                       NA	                       NA	
  04/07/1935	        NA	        NA	      33.8	    -118.2	standard gypsum co wharf long beach california	               long beach	
  04/07/1935	        NA	        NA	        NA	        NA	                       NA	                       NA	
  05/07/1935	        NA	        NA	      33.8	    -118.2	    long beach california	               long beach	
  05/07/1935	        NA	        NA	        NA	        NA	                       NA	                       NA	
  06/07/1935	        NA	        NA	      33.8	    -118.2	    long beach california	               long beach	
  06/07/1935	        NA	        NA	        NA	        NA	                       NA	                       NA	
  07/07/1935	        NA	        NA	      33.8	    -118.2	standard gypsum co wharf long beach california	               long beach	
  07/07/1935	        NA	        NA	        NA	        NA	                       NA	                       NA	
  08/07/1935	        NA	        NA	      33.8	    -118.2	    long beach california	               long beach	
  08/07/1935	        NA	        NA	        NA	        NA	                       NA	                       NA	
  12/07/1935	        NA	        NA	        NA	        NA	                       NA	                       NA	
  13/07/1935	        NA	        NA	      33.8	    -118.2	standard gypsum co wharf long beach california	               long beach	
  13/07/1935	        NA	        NA	        NA	        NA	                       NA	                       NA	
  14/07/1935	        NA	        NA	      33.8	    -118.2	standard gypsum co wharf long beach california	               long beach	
  14/07/1935	        NA	        NA	        NA	        NA	                       NA	                       NA	
  15/07/1935	        NA	        NA	      33.8	    -118.2	standard gypsum co wharf long beach california	               long beach	
  15/07/1935	        NA	        NA	        NA	        NA	                       NA	                       NA	
  19/07/1935	        NA	        NA	        NA	        NA	                       NA	                       NA	
  20/07/1935	        NA	        NA	      33.8	    -118.2	    long beach california	               long beach	
  20/07/1935	        NA	        NA	        NA	        NA	                       NA	                       NA	
  21/07/1935	        NA	        NA	      33.8	    -118.2	    long beach california	               long beach	
  21/07/1935	        NA	        NA	        NA	        NA	                       NA	                       NA	
  22/07/1935	        NA	        NA	      33.8	    -118.2	    long beach california	               long beach	
  22/07/1935	        NA	        NA	        NA	        NA	                       NA	                       NA	
  26/07/1935	        NA	        NA	        NA	        NA	                       NA	                       NA	
  27/07/1935	        NA	        NA	      33.8	    -118.2	standard gypsum co wharf long beach california	               long beach	
  27/07/1935	        NA	        NA	        NA	        NA	                       NA	                       NA	
  28/07/1935	        NA	        NA	      33.8	    -118.2	    long beach california	               long beach	
  28/07/1935	        NA	        NA	        NA	        NA	                       NA	                       NA	
  29/07/1935	        NA	        NA	      33.8	    -118.2	standard gypsum co wharf long beach california	               long beach	
  29/07/1935	        NA	        NA	        NA	        NA	                       NA	                       NA	
  30/07/1935	        NA	        NA	      33.8	    -118.2	standard gypsum co wharf long beach california	               long beach	
  30/07/1935	        NA	        NA	        NA	        NA	                       NA	                       NA	
  31/07/1935	        NA	        NA	      33.8	    -118.2	standard gypsum co wharf long beach california	               long beach	
  31/07/1935	        NA	        NA	        NA	        NA	                       NA	                       NA	
  01/08/1935	        NA	        NA	      33.8	    -118.2	standard gypsum co wharf long beach california	               long beach	
  01/08/1935	        NA	        NA	        NA	        NA	                       NA	                       NA	
  02/08/1935	        NA	        NA	      33.8	    -118.2	underway from long beach to santa cruz island california	               long beach	
  02/08/1935	        NA	        NA	        NA	        NA	                       NA	                       NA	
  03/08/1935	        NA	        NA	      33.8	    -118.2	underway from santa cruz island to long beach california	               long beach	
  03/08/1935	        NA	        NA	        NA	        NA	                       NA	                       NA	
  04/08/1935	        NA	        NA	      33.8	    -118.2	standard gypsum co wharf long beach california	               long beach	
  04/08/1935	        NA	        NA	        NA	        NA	                       NA	                       NA	
  05/08/1935	        NA	        NA	      33.8	    -118.2	standard gypsum co wharf long beach california	               long beach	
  05/08/1935	        NA	        NA	        NA	        NA	                       NA	                       NA	
  09/08/1935	        NA	        NA	        NA	        NA	                       NA	                       NA	
  10/08/1935	        NA	        NA	      32.7	    -117.2	     san diego california	            san diego usa	
  10/08/1935	        NA	        NA	        NA	        NA	                       NA	                       NA	
  11/08/1935	        NA	        NA	      32.7	    -117.2	alongside pier 1 san diego california	            san diego usa	
  11/08/1935	        NA	        NA	        NA	        NA	                       NA	                       NA	
  12/08/1935	        NA	        NA	      32.7	    -117.2	alongside pier 1 san diego california	            san diego usa	
  12/08/1935	        NA	        NA	        NA	        NA	                       NA	                       NA	
  16/08/1935	        NA	        NA	        NA	        NA	                       NA	                       NA	
  17/08/1935	        NA	        NA	      33.8	    -118.2	standard gypsum co wharf long beach california	               long beach	
  17/08/1935	        NA	        NA	        NA	        NA	                       NA	                       NA	
  18/08/1935	        NA	        NA	      33.8	    -118.2	standard gypsum co wharf long beach california	               long beach	
  18/08/1935	        NA	        NA	        NA	        NA	                       NA	                       NA	
  19/08/1935	        NA	        NA	      33.8	    -118.2	standard gypsum co wharf long beach california	               long beach	
  19/08/1935	        NA	        NA	        NA	        NA	                       NA	                       NA	
  23/08/1935	        NA	        NA	        NA	        NA	                       NA	                       NA	
  24/08/1935	        NA	        NA	      33.8	    -118.2	standard gypsum co wharf long beach california	               long beach	
  24/08/1935	        NA	        NA	        NA	        NA	                       NA	                       NA	
  25/08/1935	        NA	        NA	      33.8	    -118.2	               long beach	               long beach	
  25/08/1935	        NA	        NA	        NA	        NA	                       NA	                       NA	
  26/08/1935	        NA	        NA	      33.8	    -118.2	standard gypsum co wharf long beach california	               long beach	
  26/08/1935	        NA	        NA	        NA	        NA	                       NA	                       NA	
  30/08/1935	        NA	        NA	        NA	        NA	                       NA	                       NA	
  31/08/1935	        NA	        NA	      33.8	    -118.2	    long beach california	               long beach	
  31/08/1935	        NA	        NA	        NA	        NA	                       NA	                       NA	
  01/09/1935	        NA	        NA	      33.8	    -118.2	    long beach california	               long beach	
  01/09/1935	        NA	        NA	        NA	        NA	                       NA	                       NA	
  02/09/1935	        NA	        NA	      33.8	    -118.2	    long beach california	               long beach	
  02/09/1935	        NA	        NA	        NA	        NA	                       NA	                       NA	
  03/09/1935	        NA	        NA	      33.8	    -118.2	    long beach california	               long beach	
  03/09/1935	        NA	        NA	        NA	        NA	                       NA	                       NA	
  04/09/1935	        NA	        NA	      33.8	    -118.2	    long beach california	               long beach	
  04/09/1935	        NA	        NA	        NA	        NA	                       NA	                       NA	
  05/09/1935	        NA	        NA	      33.8	    -118.2	    long beach california	               long beach	
  05/09/1935	        NA	        NA	        NA	        NA	                       NA	                       NA	
  06/09/1935	        NA	        NA	      33.8	    -118.2	standard gypsum co wharf long beach california	               long beach	
  06/09/1935	        NA	        NA	        NA	        NA	                       NA	                       NA	
  07/09/1935	        NA	        NA	      33.8	    -118.2	standard gypsum co wharf long beach california	               long beach	
  07/09/1935	        NA	        NA	        NA	        NA	                       NA	                       NA	
  08/09/1935	        NA	        NA	      33.8	    -118.2	standard gypsum co wharf long beach california	               long beach	
  08/09/1935	        NA	        NA	        NA	        NA	                       NA	                       NA	
  09/09/1935	        NA	        NA	      33.8	    -118.2	standard gypsum co wharf long beach california	               long beach	
  09/09/1935	        NA	        NA	        NA	        NA	                       NA	                       N
  10/09/1935	        NA	        NA	        NA	        NA	                       NA	                       NA	
  11/09/1935	        NA	        NA	      32.7	    -117.2	underway to san diego cal	            san diego usa	
  11/09/1935	        NA	        NA	        NA	        NA	                       NA	                       NA	
  15/09/1935	        NA	        NA	        NA	        NA	                       NA	                       NA	
  16/09/1935	        NA	        NA	      32.7	    -117.2	     san diego california	            san diego usa	
  16/09/1935	        NA	        NA	        NA	        NA	                       NA	                       NA	
  18/09/1935	        NA	        NA	        NA	        NA	                       NA	                       NA	
  19/09/1935	        NA	        NA	      33.8	    -118.2	standard gypsum co wharf long beach california	               long beach	
  19/09/1935	        NA	        NA	        NA	        NA	                       NA	                       NA	
  20/09/1935	        NA	        NA	      33.8	    -118.2	standard gypsum co wharf long beach california	               long beach	
  20/09/1935	        NA	        NA	        NA	        NA	                       NA	                       NA	
  21/09/1935	        NA	        NA	      33.8	    -118.2	standard gypsum co wharf long beach california	               long beach	
  21/09/1935	        NA	        NA	        NA	        NA	                       NA	                       NA	
  21/09/1935	        NA	        NA	        NA	        NA	                       NA	                       NA	
  21/09/1935	        NA	        NA	        NA	        NA	                       NA	                       NA	
  22/09/1935	        NA	        NA	      33.8	    -118.2	standard gypsum co wharf long beach california	               long beach	
  22/09/1935	        NA	        NA	        NA	        NA	                       NA	                       NA	
  23/09/1935	        NA	        NA	      33.8	    -118.2	standard gypsum co wharf long beach california	               long beach	
  23/09/1935	        NA	        NA	        NA	        NA	                       NA	                       NA	
  24/09/1935	        NA	        NA	      33.8	    -118.2	standard gypsum co wharf long beach california	               long beach	
  24/09/1935	        NA	        NA	        NA	        NA	                       NA	                       NA	
  25/09/1935	        NA	        NA	      33.8	    -118.2	standard gypsum co wharf long beach california	               long beach	
  25/09/1935	        NA	        NA	        NA	        NA	                       NA	                       NA	
  26/09/1935	        NA	        NA	      33.8	    -118.2	standard gypsum co wharf long beach california	               long beach	
  26/09/1935	        NA	        NA	        NA	        NA	                       NA	                       NA	
  30/09/1935	        NA	        NA	        NA	        NA	                       NA	                       NA	
  30/09/1935	        NA	        NA	        NA	        NA	                       NA	                       NA	
  30/09/1935	        NA	        NA	        NA	        NA	                       NA	                       NA	
  30/09/1935	        NA	        NA	        NA	        NA	                       NA	                       NA	
  30/09/1935	        NA	        NA	        NA	        NA	                       NA	                       NA	
  30/09/1935	        NA	        NA	        NA	        NA	                       NA	                       NA	
  30/09/1935	        NA	        NA	        NA	        NA	                       NA	                       NA	
  30/09/1935	        NA	        NA	        NA	        NA	                       NA	                       NA	
  30/09/1935	        NA	        NA	        NA	        NA	                       NA	                       NA	
  30/09/1935	        NA	        NA	        NA	        NA	                       NA	                       NA	
  30/09/1935	        NA	        NA	        NA	        NA	                       NA	                       NA	
  30/09/1935	        NA	        NA	        NA	        NA	                       NA	                       NA	
  30/09/1935	        NA	        NA	        NA	        NA	                       NA	                       NA	
  01/10/1935	   32 05 N	  118 15 W	        NA	        NA	                       NA	                       NA	
  01/10/1935	        NA	        NA	        NA	        NA	                       NA	                       NA	
  02/10/1935	   32 05 N	  118 15 W	        NA	        NA	                       NA	                       NA	
  02/10/1935	        NA	        NA	        NA	        NA	                       NA	                       NA	
  03/10/1935	        NA	        NA	      41.1	      37.3	underway 13 speed throughtout night c 238 whey	                     unye	
  03/10/1935	        NA	        NA	        NA	        NA	                       NA	                       NA	
  04/10/1935	        NA	        NA	      41.1	      37.3	underway 13 speed throughtout night c 178 whey	                     unye	
  04/10/1935	        NA	        NA	        NA	        NA	                       NA	                       NA	
  05/10/1935	        NA	        NA	      33.8	    -118.2	standard gypsum co wharf long beach california	               long beach	
  05/10/1935	        NA	        NA	        NA	        NA	                       NA	                       NA	
  06/10/1935	        NA	        NA	      33.8	    -118.2	standard gypsum co wharf long beach california	               long beach	
  06/10/1935	        NA	        NA	        NA	        NA	                       NA	                       NA	
  07/10/1935	        NA	        NA	      33.8	    -118.2	standard gypsum co wharf long beach california	               long beach	
  07/10/1935	        NA	        NA	        NA	        NA	                       NA	                       NA	
  08/10/1935	        NA	        NA	      33.8	    -118.2	standard gypsum co wharf long beach california	               long beach	
  08/10/1935	        NA	        NA	        NA	        NA	                       NA	                       NA	
  09/10/1935	        NA	        NA	      33.8	    -118.2	standard gypsum co wharf long beach california	               long beach	
  09/10/1935	        NA	        NA	        NA	        NA	                       NA	                       NA	
  10/10/1935	        NA	        NA	      33.8	    -118.2	standard gypsum co wharf long beach california	               long beach	
  10/10/1935	        NA	        NA	        NA	        NA	                       NA	                       NA	
  11/10/1935	        NA	        NA	      33.8	    -118.2	standard gypsum co wharf long beach california	               long beach	
  11/10/1935	        NA	        NA	        NA	        NA	                       NA	                       NA	
  12/10/1935	        NA	        NA	      33.8	    -118.2	standard gypsum co wharf long beach california	               long beach	
  12/10/1935	        NA	        NA	        NA	        NA	                       NA	                       NA	
  13/10/1935	        NA	        NA	      33.8	    -118.2	standard gypsum co wharf long beach california	               long beach	
  13/10/1935	        NA	        NA	        NA	        NA	                       NA	                       NA	
  14/10/1935	        NA	        NA	      33.8	    -118.2	standard gypsum co wharf long beach california	               long beach	
  14/10/1935	        NA	        NA	        NA	        NA	                       NA	                       NA	
  15/10/1935	        NA	        NA	        NA	        NA	                       NA	                       NA	
  16/10/1935	        NA	        NA	      32.5	    -119.2	 underway for cortes bank	              cortez bank	
  16/10/1935	        NA	        NA	        NA	        NA	                       NA	                       NA	
  18/10/1935	        NA	        NA	        NA	        NA	                       NA	                       NA	
  19/10/1935	   31 42 N	  118 18 W	        NA	        NA	laying to 31 42 n 118 18 w	                       NA	
  19/10/1935	        NA	        NA	        NA	        NA	                       NA	                       NA	
  20/10/1935	   31 40 N	  118 10 W	        NA	        NA	laying to 31 40 n 118 10 w	                       NA	
  20/10/1935	        NA	        NA	        NA	        NA	                       NA	                       NA	
  21/10/1935	   31 35 N	  118 16 W	        NA	        NA	laying to 31 355 n 118 165 w	                       NA	
  21/10/1935	        NA	        NA	        NA	        NA	                       NA	                       NA	
  22/10/1935	        NA	        NA	        NA	        NA	                       NA	                       NA	
  23/10/1935	        NA	        NA	      33.8	    -118.2	standard gypsum co wharf long beach california	               long beach	
  23/10/1935	        NA	        NA	        NA	        NA	                       NA	                       NA	
  24/10/1935	        NA	        NA	      33.8	    -118.2	standard gypsum co wharf long beach california	               long beach	
  24/10/1935	        NA	        NA	        NA	        NA	                       NA	                       NA	
  25/10/1935	        NA	        NA	      33.8	    -118.2	standard gypsum co wharf long beach california	               long beach	
  25/10/1935	        NA	        NA	        NA	        NA	                       NA	                       NA	
  26/10/1935	        NA	        NA	      33.8	    -118.2	standard gypsum co wharf long beach california	               long beach	
  26/10/1935	        NA	        NA	        NA	        NA	                       NA	                       NA	
  27/10/1935	        NA	        NA	      33.8	    -118.2	standard gypsum co wharf long beach california	               long beach	
  27/10/1935	        NA	        NA	        NA	        NA	                       NA	                       NA	
  28/10/1935	        NA	        NA	      33.8	    -118.2	standard gypsum co wharf long beach california	               long beach	
  28/10/1935	        NA	        NA	        NA	        NA	                       NA	                       NA	
  01/11/1935	        NA	        NA	        NA	        NA	                       NA	                       NA	
  02/11/1935	        NA	        NA	      33.8	    -118.2	standard gypsum co wharf long beach california	               long beach	
  02/11/1935	        NA	        NA	        NA	        NA	                       NA	                       NA	
  03/11/1935	        NA	        NA	      33.8	    -118.2	standard gypsum co wharf long beach california	               long beach	
  03/11/1935	        NA	        NA	        NA	        NA	                       NA	                       NA	
  04/11/1935	        NA	        NA	      33.8	    -118.2	standard gypsum co wharf long beach california	               long beach	
  05/11/1935	        NA	        NA	        NA	        NA	                       NA	                       NA	
  06/11/1935	     32 06	  118 21 W	      50.7	      -1.2	laying to at 32 36 and 118 21	                     ryde	
  06/11/1935	        NA	        NA	        NA	        NA	                       NA	                       NA	
  07/11/1935	   31 53 N	  118 48 W	        NA	        NA	                       NA	                       NA	
  08/11/1935	     32 09	  118 39 W	        NA	        NA	                       NA	                       NA	
  08/11/1935	        NA	        NA	      33.8	    -118.2	1025 san pedro light on port beam	               long beach	
  09/11/1935	        NA	        NA	      33.8	    -118.2	    long beach california	               long beach	
  09/11/1935	        NA	        NA	        NA	        NA	                       NA	                       NA	
  10/11/1935	        NA	        NA	      33.8	    -118.2	    long beach california	               long beach	
  10/11/1935	        NA	        NA	        NA	        NA	                       NA	                       NA	
  11/11/1935	        NA	        NA	      33.8	    -118.2	    long beach california	               long beach	
  11/11/1935	        NA	        NA	      33.8	    -118.2	pyramid cove san clemente id	               long beach	
  15/11/1935	        NA	        NA	        NA	        NA	                       NA	                       NA	
  16/11/1935	        NA	        NA	      33.8	    -118.2	    long beach california	               long beach	
  16/11/1935	        NA	        NA	        NA	        NA	                       NA	                       NA	
  17/11/1935	        NA	        NA	      33.8	    -118.2	standard gypsum co wharf long beach california	               long beach	
  17/11/1935	        NA	        NA	        NA	        NA	                       NA	                       NA	
  18/11/1935	        NA	        NA	      33.8	    -118.2	standard gypsum co wharf long beach california	               long beach	
  18/11/1935	        NA	        NA	        NA	        NA	                       NA	                       NA	
  19/11/1935	        NA	        NA	        NA	        NA	                       NA	                       NA	
  20/11/1935	   32 36 N	  118 32 W	        NA	        NA	                       NA	                       NA	
  20/11/1935	        NA	        NA	        NA	        NA	                       NA	                       NA	
  21/11/1935	        NA	        NA	      32.5	    -119.2	at anchor on cortey bank california coast	              cortez bank	
  21/11/1935	        NA	        NA	        NA	        NA	                       NA	                       NA	
  22/11/1935	        NA	        NA	      33.8	    -118.2	1133 standard aheadunderway for long beach on course 307 degrees puhc	               long beach	
  23/11/1935	        NA	        NA	      33.8	    -118.2	    long beach california	               long beach	
  23/11/1935	        NA	        NA	        NA	        NA	                       NA	                       NA	
  24/11/1935	        NA	        NA	      33.8	    -118.2	standard gypsum co wharf long beach california	               long beach	
  24/11/1935	        NA	        NA	        NA	        NA	                       NA	                       NA	
  25/11/1935	        NA	        NA	      33.8	    -118.2	    long beach california	               long beach	
  25/11/1935	        NA	        NA	        NA	        NA	                       NA	                       NA	
  26/11/1935	        NA	        NA	      33.8	    -118.2	         long beach calif	               long beach	
  26/11/1935	        NA	        NA	        NA	        NA	                       NA	                       NA	
  27/11/1935	        NA	        NA	      33.8	    -118.2	    long beach california	               long beach	
  27/11/1935	        NA	        NA	        NA	        NA	                       NA	                       NA	
  28/11/1935	        NA	        NA	      33.8	    -118.2	    long beach california	               long beach	
  28/11/1935	        NA	        NA	        NA	        NA	                       NA	                       NA	
  29/11/1935	        NA	        NA	      33.8	    -118.2	    long beach california	               long beach	
  29/11/1935	        NA	        NA	        NA	        NA	                       NA	                       NA	
  30/11/1935	        NA	        NA	      33.8	    -118.2	    long beach california	               long beach	
  30/11/1935	        NA	        NA	        NA	        NA	                       NA	                       NA	
  01/12/1935	        NA	        NA	      33.8	    -118.2	alongside pier 1 long beach california	               long beach	
  01/12/1935	        NA	        NA	        NA	        NA	                       NA	                       NA	
  02/12/1935	        NA	        NA	      33.8	    -118.2	alongside pier 1 long beach calif	               long beach	
  02/12/1935	        NA	        NA	        NA	        NA	                       NA	                       NA	
  03/12/1935	        NA	        NA	      33.8	    -118.2	    long beach california	               long beach	
  03/12/1935	        NA	        NA	        NA	        NA	                       NA	                       NA	
  04/12/1935	        NA	        NA	      33.8	    -118.2	alongside pier 1 berth 48 long beach california	               long beach	
  04/12/1935	        NA	        NA	        NA	        NA	                       NA	                       NA	
  05/12/1935	        NA	        NA	      33.8	    -118.2	    long beach california	               long beach	
  05/12/1935	        NA	        NA	        NA	        NA	                       NA	                       NA	
  06/12/1935	        NA	        NA	      33.8	    -118.2	    long beach california	               long beach	
  06/12/1935	        NA	        NA	        NA	        NA	                       NA	                       NA	
  07/12/1935	        NA	        NA	      33.8	    -118.2	    long beach california	               long beach	
  07/12/1935	        NA	        NA	        NA	        NA	                       NA	                       NA	
  08/12/1935	        NA	        NA	      33.8	    -118.2	    long beach california	               long beach	
  08/12/1935	        NA	        NA	        NA	        NA	                       NA	                       NA	
  09/12/1935	        NA	        NA	      33.8	    -118.2	    long beach california	               long beach	
  09/12/1935	        NA	        NA	        NA	        NA	                       NA	                       NA	
  10/12/1935	        NA	        NA	      33.8	    -118.2	    long beach california	               long beach	
  10/12/1935	        NA	        NA	        NA	        NA	                       NA	                       NA	
  11/12/1935	        NA	        NA	      33.8	    -118.2	    long beach california	               long beach	
  11/12/1935	        NA	        NA	        NA	        NA	                       NA	                       NA	
  12/12/1935	        NA	        NA	      33.8	    -118.2	alongside pier 1 berth 48 long beach calif	               long beach	
  12/12/1935	        NA	        NA	        NA	        NA	                       NA	                       NA	
  12/12/1935	        NA	        NA	      33.8	    -118.2	    long beach california	               long beach	
  12/12/1935	        NA	        NA	        NA	        NA	                       NA	                       NA	
  13/12/1935	        NA	        NA	      33.8	    -118.2	    long beach california	               long beach	
  13/12/1935	        NA	        NA	        NA	        NA	                       NA	                       NA	
  14/12/1935	        NA	        NA	      33.8	    -118.2	    long beach california	               long beach	
  14/12/1935	        NA	        NA	        NA	        NA	                       NA	                       NA	
  15/12/1935	        NA	        NA	      33.8	    -118.2	    long beach california	               long beach	
  15/12/1935	        NA	        NA	        NA	        NA	                       NA	                       NA	
  16/12/1935	        NA	        NA	      33.8	    -118.2	    long beach california	               long beach	
  16/12/1935	        NA	        NA	        NA	        NA	                       NA	                       NA	
  17/12/1935	        NA	        NA	      33.8	    -118.2	    long beach california	               long beach	
  17/12/1935	        NA	        NA	        NA	        NA	                       NA	                       NA	
  18/12/1935	        NA	        NA	      33.8	    -118.2	    long beach california	               long beach	
  18/12/1935	        NA	        NA	        NA	        NA	                       NA	                       NA	
  19/12/1935	        NA	        NA	      33.8	    -118.2	    long beach california	               long beach	
  19/12/1935	        NA	        NA	        NA	        NA	                       NA	                       NA	
  20/12/1935	        NA	        NA	      33.8	    -118.2	alongside pier 1 long beach calif	               long beach	
  20/12/1935	        NA	        NA	        NA	        NA	                       NA	                       NA	
  21/12/1935	        NA	        NA	      33.8	    -118.2	    long beach california	               long beach	
  21/12/1935	        NA	        NA	        NA	        NA	                       NA	                       NA	
  22/12/1935	        NA	        NA	      33.8	    -118.2	    long beach california	               long beach	
  22/12/1935	        NA	        NA	        NA	        NA	                       NA	                       NA	
  23/12/1935	        NA	        NA	      33.8	    -118.2	    long beach california	               long beach	
  23/12/1935	        NA	        NA	        NA	        NA	                       NA	                       NA	
  24/12/1935	        NA	        NA	      33.8	    -118.2	    long beach california	               long beach	
  24/12/1935	        NA	        NA	        NA	        NA	                       NA	                       NA	
  25/12/1935	        NA	        NA	      33.8	    -118.2	    long beach california	               long beach	
  25/12/1935	        NA	        NA	        NA	        NA	                       NA	                       NA	
  26/12/1935	        NA	        NA	      33.8	    -118.2	    long beach california	               long beach	
  26/12/1935	        NA	        NA	        NA	        NA	                       NA	                       NA	
  27/12/1935	        NA	        NA	      33.8	    -118.2	    long beach california	               long beach	
  27/12/1935	        NA	        NA	        NA	        NA	                       NA	                       NA	
  28/12/1935	        NA	        NA	      33.8	    -118.2	    long beach california	               long beach	
  28/12/1935	        NA	        NA	        NA	        NA	                       NA	                       NA	
  29/12/1935	        NA	        NA	      33.8	    -118.2	alongside pier 1 long beach calif	               long beach	
  29/12/1935	        NA	        NA	        NA	        NA	                       NA	                       NA	
  30/12/1935	        NA	        NA	      33.8	    -118.2	    long beach california	               long beach	
  30/12/1935	        NA	        NA	        NA	        NA	                       NA	                       NA	
  31/12/1935	        NA	        NA	      33.8	    -118.2	    long beach california	               long beach	
  31/12/1935	        NA	        NA	        NA	        NA	                       NA	                       NA	
  31/12/1935	        NA	        NA	        NA	        NA	                       NA	                       NA	
  31/12/1935	        NA	        NA	        NA	        NA	                       NA	                       NA	
  31/12/1935	        NA	        NA	        NA	        NA	                       NA	                       NA	
  31/12/1935	        NA	        NA	        NA	        NA	                       NA	                       NA	
